[2021-11-21 21:53:59,328] {taskinstance.py:1035} INFO - Dependencies all met for <TaskInstance: DWBI_HW2_dag.load manual__2021-11-21T20:53:45.312359+00:00 [queued]>
[2021-11-21 21:53:59,334] {taskinstance.py:1035} INFO - Dependencies all met for <TaskInstance: DWBI_HW2_dag.load manual__2021-11-21T20:53:45.312359+00:00 [queued]>
[2021-11-21 21:53:59,334] {taskinstance.py:1241} INFO - 
--------------------------------------------------------------------------------
[2021-11-21 21:53:59,334] {taskinstance.py:1242} INFO - Starting attempt 1 of 6
[2021-11-21 21:53:59,334] {taskinstance.py:1243} INFO - 
--------------------------------------------------------------------------------
[2021-11-21 21:53:59,343] {taskinstance.py:1262} INFO - Executing <Task(_PythonDecoratedOperator): load> on 2021-11-21 20:53:45.312359+00:00
[2021-11-21 21:53:59,347] {standard_task_runner.py:52} INFO - Started process 42306 to run task
[2021-11-21 21:53:59,349] {standard_task_runner.py:76} INFO - Running: ['airflow', 'tasks', 'run', 'DWBI_HW2_dag', 'load', 'manual__2021-11-21T20:53:45.312359+00:00', '--job-id', '162', '--raw', '--subdir', '/home/dante/DWBI/Apache/dags/DWBI_HW2_dag.py', '--cfg-path', '/tmp/tmpbd7_qktk', '--error-file', '/tmp/tmpeoihnmrq']
[2021-11-21 21:53:59,350] {standard_task_runner.py:77} INFO - Job 162: Subtask load
[2021-11-21 21:53:59,374] {logging_mixin.py:109} INFO - Running <TaskInstance: DWBI_HW2_dag.load manual__2021-11-21T20:53:45.312359+00:00 [running]> on host dj-XPS
[2021-11-21 21:53:59,401] {taskinstance.py:1427} INFO - Exporting the following env vars:
AIRFLOW_CTX_DAG_OWNER=dj
AIRFLOW_CTX_DAG_ID=DWBI_HW2_dag
AIRFLOW_CTX_TASK_ID=load
AIRFLOW_CTX_EXECUTION_DATE=2021-11-21T20:53:45.312359+00:00
AIRFLOW_CTX_DAG_RUN_ID=manual__2021-11-21T20:53:45.312359+00:00
[2021-11-21 21:53:59,407] {logging_mixin.py:109} INFO - Successfully fetched the data
[2021-11-21 21:53:59,414] {logging_mixin.py:109} INFO -    Unnamed: 0  Gasoline  Make   origin
0           0         9     9  Germany
[2021-11-21 21:53:59,415] {logging_mixin.py:109} INFO - Successfully made contact with the database.
[2021-11-21 21:53:59,415] {logging_mixin.py:109} INFO - Unnamed: 0          0
Gasoline            9
Make                9
origin        Germany
Name: 0, dtype: object
[2021-11-21 21:53:59,415] {python.py:152} INFO - Done. Returned value was: None
[2021-11-21 21:53:59,506] {taskinstance.py:1270} INFO - Marking task as SUCCESS. dag_id=DWBI_HW2_dag, task_id=load, execution_date=20211121T205345, start_date=20211121T205359, end_date=20211121T205359
[2021-11-21 21:53:59,561] {local_task_job.py:154} INFO - Task exited with return code 0
[2021-11-21 21:53:59,580] {local_task_job.py:264} INFO - 0 downstream tasks scheduled from follow-on schedule check
