[2021-11-21 19:52:11,752] {taskinstance.py:1035} INFO - Dependencies all met for <TaskInstance: DWBI_HW2_dag.get_name manual__2021-11-21T18:52:08.709119+00:00 [queued]>
[2021-11-21 19:52:11,760] {taskinstance.py:1035} INFO - Dependencies all met for <TaskInstance: DWBI_HW2_dag.get_name manual__2021-11-21T18:52:08.709119+00:00 [queued]>
[2021-11-21 19:52:11,761] {taskinstance.py:1241} INFO - 
--------------------------------------------------------------------------------
[2021-11-21 19:52:11,761] {taskinstance.py:1242} INFO - Starting attempt 1 of 6
[2021-11-21 19:52:11,761] {taskinstance.py:1243} INFO - 
--------------------------------------------------------------------------------
[2021-11-21 19:52:11,771] {taskinstance.py:1262} INFO - Executing <Task(_PythonDecoratedOperator): get_name> on 2021-11-21 18:52:08.709119+00:00
[2021-11-21 19:52:11,775] {standard_task_runner.py:52} INFO - Started process 11527 to run task
[2021-11-21 19:52:11,778] {standard_task_runner.py:76} INFO - Running: ['airflow', 'tasks', 'run', 'DWBI_HW2_dag', 'get_name', 'manual__2021-11-21T18:52:08.709119+00:00', '--job-id', '8', '--raw', '--subdir', '/home/dante/DWBI/Apache/dags/DWBI_HW2_dag.py', '--cfg-path', '/tmp/tmpc9dffy8z', '--error-file', '/tmp/tmpf2jpjes8']
[2021-11-21 19:52:11,779] {standard_task_runner.py:77} INFO - Job 8: Subtask get_name
[2021-11-21 19:52:11,805] {logging_mixin.py:109} INFO - Running <TaskInstance: DWBI_HW2_dag.get_name manual__2021-11-21T18:52:08.709119+00:00 [running]> on host dj-XPS
[2021-11-21 19:52:11,831] {taskinstance.py:1427} INFO - Exporting the following env vars:
AIRFLOW_CTX_DAG_OWNER=dj
AIRFLOW_CTX_DAG_ID=DWBI_HW2_dag
AIRFLOW_CTX_TASK_ID=get_name
AIRFLOW_CTX_EXECUTION_DATE=2021-11-21T18:52:08.709119+00:00
AIRFLOW_CTX_DAG_RUN_ID=manual__2021-11-21T18:52:08.709119+00:00
[2021-11-21 19:52:11,832] {python.py:152} INFO - Done. Returned value was: {'first_name': 'Jerry', 'last_name': 'Scissorhands'}
[2021-11-21 19:52:11,854] {taskinstance.py:1270} INFO - Marking task as SUCCESS. dag_id=DWBI_HW2_dag, task_id=get_name, execution_date=20211121T185208, start_date=20211121T185211, end_date=20211121T185211
[2021-11-21 19:52:11,910] {local_task_job.py:154} INFO - Task exited with return code 0
[2021-11-21 19:52:11,937] {local_task_job.py:264} INFO - 0 downstream tasks scheduled from follow-on schedule check
