[2021-11-21 21:16:42,713] {taskinstance.py:1035} INFO - Dependencies all met for <TaskInstance: DWBI_HW2_dag.fetch_origin manual__2021-11-21T20:12:32.177042+00:00 [queued]>
[2021-11-21 21:16:42,718] {taskinstance.py:1035} INFO - Dependencies all met for <TaskInstance: DWBI_HW2_dag.fetch_origin manual__2021-11-21T20:12:32.177042+00:00 [queued]>
[2021-11-21 21:16:42,718] {taskinstance.py:1241} INFO - 
--------------------------------------------------------------------------------
[2021-11-21 21:16:42,718] {taskinstance.py:1242} INFO - Starting attempt 3 of 6
[2021-11-21 21:16:42,718] {taskinstance.py:1243} INFO - 
--------------------------------------------------------------------------------
[2021-11-21 21:16:42,727] {taskinstance.py:1262} INFO - Executing <Task(_PythonDecoratedOperator): fetch_origin> on 2021-11-21 20:12:32.177042+00:00
[2021-11-21 21:16:42,730] {standard_task_runner.py:52} INFO - Started process 33127 to run task
[2021-11-21 21:16:42,732] {standard_task_runner.py:76} INFO - Running: ['airflow', 'tasks', 'run', 'DWBI_HW2_dag', 'fetch_origin', 'manual__2021-11-21T20:12:32.177042+00:00', '--job-id', '102', '--raw', '--subdir', '/home/dante/DWBI/Apache/dags/DWBI_HW2_dag.py', '--cfg-path', '/tmp/tmp00b1s8uf', '--error-file', '/tmp/tmpfg8mu1fd']
[2021-11-21 21:16:42,733] {standard_task_runner.py:77} INFO - Job 102: Subtask fetch_origin
[2021-11-21 21:16:42,754] {logging_mixin.py:109} INFO - Running <TaskInstance: DWBI_HW2_dag.fetch_origin manual__2021-11-21T20:12:32.177042+00:00 [running]> on host dj-XPS
[2021-11-21 21:16:42,775] {taskinstance.py:1427} INFO - Exporting the following env vars:
AIRFLOW_CTX_DAG_OWNER=dj
AIRFLOW_CTX_DAG_ID=DWBI_HW2_dag
AIRFLOW_CTX_TASK_ID=fetch_origin
AIRFLOW_CTX_EXECUTION_DATE=2021-11-21T20:12:32.177042+00:00
AIRFLOW_CTX_DAG_RUN_ID=manual__2021-11-21T20:12:32.177042+00:00
[2021-11-21 21:16:42,776] {python.py:152} INFO - Done. Returned value was: {'Porsche': 'Frankfurt', 'Audi': 'Ingolstadt'}
[2021-11-21 21:16:42,787] {taskinstance.py:1270} INFO - Marking task as SUCCESS. dag_id=DWBI_HW2_dag, task_id=fetch_origin, execution_date=20211121T201232, start_date=20211121T201642, end_date=20211121T201642
[2021-11-21 21:16:42,824] {local_task_job.py:154} INFO - Task exited with return code 0
[2021-11-21 21:16:42,848] {local_task_job.py:264} INFO - 1 downstream tasks scheduled from follow-on schedule check
