[2021-11-21 19:56:25,606] {taskinstance.py:1035} INFO - Dependencies all met for <TaskInstance: DWBI_HW2_dag.get_age manual__2021-11-21T18:56:20.769370+00:00 [queued]>
[2021-11-21 19:56:25,613] {taskinstance.py:1035} INFO - Dependencies all met for <TaskInstance: DWBI_HW2_dag.get_age manual__2021-11-21T18:56:20.769370+00:00 [queued]>
[2021-11-21 19:56:25,613] {taskinstance.py:1241} INFO - 
--------------------------------------------------------------------------------
[2021-11-21 19:56:25,613] {taskinstance.py:1242} INFO - Starting attempt 1 of 6
[2021-11-21 19:56:25,613] {taskinstance.py:1243} INFO - 
--------------------------------------------------------------------------------
[2021-11-21 19:56:25,628] {taskinstance.py:1262} INFO - Executing <Task(_PythonDecoratedOperator): get_age> on 2021-11-21 18:56:20.769370+00:00
[2021-11-21 19:56:25,631] {standard_task_runner.py:52} INFO - Started process 12799 to run task
[2021-11-21 19:56:25,634] {standard_task_runner.py:76} INFO - Running: ['airflow', 'tasks', 'run', 'DWBI_HW2_dag', 'get_age', 'manual__2021-11-21T18:56:20.769370+00:00', '--job-id', '12', '--raw', '--subdir', '/home/dante/DWBI/Apache/dags/DWBI_HW2_dag.py', '--cfg-path', '/tmp/tmp4ynqocq1', '--error-file', '/tmp/tmpfeup5wh1']
[2021-11-21 19:56:25,635] {standard_task_runner.py:77} INFO - Job 12: Subtask get_age
[2021-11-21 19:56:25,660] {logging_mixin.py:109} INFO - Running <TaskInstance: DWBI_HW2_dag.get_age manual__2021-11-21T18:56:20.769370+00:00 [running]> on host dj-XPS
[2021-11-21 19:56:25,683] {taskinstance.py:1427} INFO - Exporting the following env vars:
AIRFLOW_CTX_DAG_OWNER=dj
AIRFLOW_CTX_DAG_ID=DWBI_HW2_dag
AIRFLOW_CTX_TASK_ID=get_age
AIRFLOW_CTX_EXECUTION_DATE=2021-11-21T18:56:20.769370+00:00
AIRFLOW_CTX_DAG_RUN_ID=manual__2021-11-21T18:56:20.769370+00:00
[2021-11-21 19:56:25,684] {python.py:152} INFO - Done. Returned value was: 19
[2021-11-21 19:56:25,695] {taskinstance.py:1270} INFO - Marking task as SUCCESS. dag_id=DWBI_HW2_dag, task_id=get_age, execution_date=20211121T185620, start_date=20211121T185625, end_date=20211121T185625
[2021-11-21 19:56:25,726] {local_task_job.py:154} INFO - Task exited with return code 0
[2021-11-21 19:56:25,744] {local_task_job.py:264} INFO - 1 downstream tasks scheduled from follow-on schedule check
