[2021-11-21 20:55:09,756] {taskinstance.py:1035} INFO - Dependencies all met for <TaskInstance: DWBI_HW2_dag.transform manual__2021-11-21T19:50:50.071958+00:00 [queued]>
[2021-11-21 20:55:09,761] {taskinstance.py:1035} INFO - Dependencies all met for <TaskInstance: DWBI_HW2_dag.transform manual__2021-11-21T19:50:50.071958+00:00 [queued]>
[2021-11-21 20:55:09,762] {taskinstance.py:1241} INFO - 
--------------------------------------------------------------------------------
[2021-11-21 20:55:09,762] {taskinstance.py:1242} INFO - Starting attempt 1 of 6
[2021-11-21 20:55:09,762] {taskinstance.py:1243} INFO - 
--------------------------------------------------------------------------------
[2021-11-21 20:55:09,770] {taskinstance.py:1262} INFO - Executing <Task(_PythonDecoratedOperator): transform> on 2021-11-21 19:50:50.071958+00:00
[2021-11-21 20:55:09,774] {standard_task_runner.py:52} INFO - Started process 26945 to run task
[2021-11-21 20:55:09,776] {standard_task_runner.py:76} INFO - Running: ['airflow', 'tasks', 'run', 'DWBI_HW2_dag', 'transform', 'manual__2021-11-21T19:50:50.071958+00:00', '--job-id', '67', '--raw', '--subdir', '/home/dante/DWBI/Apache/dags/DWBI_HW2_dag.py', '--cfg-path', '/tmp/tmpis64yh2x', '--error-file', '/tmp/tmpvqdbvi4i']
[2021-11-21 20:55:09,777] {standard_task_runner.py:77} INFO - Job 67: Subtask transform
[2021-11-21 20:55:09,798] {logging_mixin.py:109} INFO - Running <TaskInstance: DWBI_HW2_dag.transform manual__2021-11-21T19:50:50.071958+00:00 [running]> on host dj-XPS
[2021-11-21 20:55:09,823] {taskinstance.py:1427} INFO - Exporting the following env vars:
AIRFLOW_CTX_DAG_OWNER=dj
AIRFLOW_CTX_DAG_ID=DWBI_HW2_dag
AIRFLOW_CTX_TASK_ID=transform
AIRFLOW_CTX_EXECUTION_DATE=2021-11-21T19:50:50.071958+00:00
AIRFLOW_CTX_DAG_RUN_ID=manual__2021-11-21T19:50:50.071958+00:00
[2021-11-21 20:55:09,829] {logging_mixin.py:109} INFO - Successfully fetched the data
[2021-11-21 20:55:09,847] {logging_mixin.py:109} INFO -    Unnamed: 0  Unnamed: 0.1  Unnamed: 0.1.1  Unnamed: 0.1.1.1  ...  Horsepower  EmissionCategory  FuelType           VIN
0           0             0               0                 0  ...       500.0                 E  Gasoline      10923857
1           1             1               1                 1  ...       350.0                 C  Gasoline     305982705
2           2             2               2                 2  ...       310.0                 B  Gasoline    2938579237
3           3             3               3                 3  ...       240.0                 C    Diesel    2035920398
4           4             4               4                 4  ...       272.0                 D    Diesel     239405067
5           5             5               5                 5  ...         NaN                 D    Diesel       2389547
6           6             6               6                 6  ...         NaN                 B  Gasoline       3409571
7           7             7               7                 7  ...         NaN                 C  Gasoline      20359802
8           8             8               8                 8  ...       330.0                 C    Diesel  209358023589

[9 rows x 15 columns]
[2021-11-21 20:55:09,847] {python.py:152} INFO - Done. Returned value was: None
[2021-11-21 20:55:09,933] {taskinstance.py:1270} INFO - Marking task as SUCCESS. dag_id=DWBI_HW2_dag, task_id=transform, execution_date=20211121T195050, start_date=20211121T195509, end_date=20211121T195509
[2021-11-21 20:55:09,988] {local_task_job.py:154} INFO - Task exited with return code 0
[2021-11-21 20:55:10,004] {local_task_job.py:264} INFO - 0 downstream tasks scheduled from follow-on schedule check
