[2021-11-21 21:30:56,117] {taskinstance.py:1035} INFO - Dependencies all met for <TaskInstance: DWBI_HW2_dag.transform manual__2021-11-21T20:26:40.694727+00:00 [queued]>
[2021-11-21 21:30:56,124] {taskinstance.py:1035} INFO - Dependencies all met for <TaskInstance: DWBI_HW2_dag.transform manual__2021-11-21T20:26:40.694727+00:00 [queued]>
[2021-11-21 21:30:56,124] {taskinstance.py:1241} INFO - 
--------------------------------------------------------------------------------
[2021-11-21 21:30:56,124] {taskinstance.py:1242} INFO - Starting attempt 3 of 6
[2021-11-21 21:30:56,124] {taskinstance.py:1243} INFO - 
--------------------------------------------------------------------------------
[2021-11-21 21:30:56,132] {taskinstance.py:1262} INFO - Executing <Task(_PythonDecoratedOperator): transform> on 2021-11-21 20:26:40.694727+00:00
[2021-11-21 21:30:56,135] {standard_task_runner.py:52} INFO - Started process 36807 to run task
[2021-11-21 21:30:56,138] {standard_task_runner.py:76} INFO - Running: ['airflow', 'tasks', 'run', 'DWBI_HW2_dag', 'transform', 'manual__2021-11-21T20:26:40.694727+00:00', '--job-id', '126', '--raw', '--subdir', '/home/dante/DWBI/Apache/dags/DWBI_HW2_dag.py', '--cfg-path', '/tmp/tmpt2hxq1tf', '--error-file', '/tmp/tmp0vh0q_mm']
[2021-11-21 21:30:56,139] {standard_task_runner.py:77} INFO - Job 126: Subtask transform
[2021-11-21 21:30:56,161] {logging_mixin.py:109} INFO - Running <TaskInstance: DWBI_HW2_dag.transform manual__2021-11-21T20:26:40.694727+00:00 [running]> on host dj-XPS
[2021-11-21 21:30:56,186] {taskinstance.py:1427} INFO - Exporting the following env vars:
AIRFLOW_CTX_DAG_OWNER=dj
AIRFLOW_CTX_DAG_ID=DWBI_HW2_dag
AIRFLOW_CTX_TASK_ID=transform
AIRFLOW_CTX_EXECUTION_DATE=2021-11-21T20:26:40.694727+00:00
AIRFLOW_CTX_DAG_RUN_ID=manual__2021-11-21T20:26:40.694727+00:00
[2021-11-21 21:30:56,191] {logging_mixin.py:109} INFO - Successfully fetched the data
[2021-11-21 21:30:56,292] {logging_mixin.py:109} INFO -          Gasoline  Make
origin                 
Germany         9     9
[2021-11-21 21:30:56,292] {python.py:152} INFO - Done. Returned value was: None
[2021-11-21 21:30:56,299] {taskinstance.py:1270} INFO - Marking task as SUCCESS. dag_id=DWBI_HW2_dag, task_id=transform, execution_date=20211121T202640, start_date=20211121T203056, end_date=20211121T203056
[2021-11-21 21:30:56,350] {local_task_job.py:154} INFO - Task exited with return code 0
[2021-11-21 21:30:56,362] {local_task_job.py:264} INFO - 0 downstream tasks scheduled from follow-on schedule check
