[2021-11-21 21:48:40,165] {taskinstance.py:1035} INFO - Dependencies all met for <TaskInstance: DWBI_HW2_dag.extract manual__2021-11-21T20:48:37.401435+00:00 [queued]>
[2021-11-21 21:48:40,170] {taskinstance.py:1035} INFO - Dependencies all met for <TaskInstance: DWBI_HW2_dag.extract manual__2021-11-21T20:48:37.401435+00:00 [queued]>
[2021-11-21 21:48:40,170] {taskinstance.py:1241} INFO - 
--------------------------------------------------------------------------------
[2021-11-21 21:48:40,170] {taskinstance.py:1242} INFO - Starting attempt 1 of 6
[2021-11-21 21:48:40,170] {taskinstance.py:1243} INFO - 
--------------------------------------------------------------------------------
[2021-11-21 21:48:40,179] {taskinstance.py:1262} INFO - Executing <Task(_PythonDecoratedOperator): extract> on 2021-11-21 20:48:37.401435+00:00
[2021-11-21 21:48:40,182] {standard_task_runner.py:52} INFO - Started process 41133 to run task
[2021-11-21 21:48:40,185] {standard_task_runner.py:76} INFO - Running: ['airflow', 'tasks', 'run', 'DWBI_HW2_dag', 'extract', 'manual__2021-11-21T20:48:37.401435+00:00', '--job-id', '153', '--raw', '--subdir', '/home/dante/DWBI/Apache/dags/DWBI_HW2_dag.py', '--cfg-path', '/tmp/tmpk91iptfx', '--error-file', '/tmp/tmpwslpzja3']
[2021-11-21 21:48:40,185] {standard_task_runner.py:77} INFO - Job 153: Subtask extract
[2021-11-21 21:48:40,206] {logging_mixin.py:109} INFO - Running <TaskInstance: DWBI_HW2_dag.extract manual__2021-11-21T20:48:37.401435+00:00 [running]> on host dj-XPS
[2021-11-21 21:48:40,232] {taskinstance.py:1427} INFO - Exporting the following env vars:
AIRFLOW_CTX_DAG_OWNER=dj
AIRFLOW_CTX_DAG_ID=DWBI_HW2_dag
AIRFLOW_CTX_TASK_ID=extract
AIRFLOW_CTX_EXECUTION_DATE=2021-11-21T20:48:37.401435+00:00
AIRFLOW_CTX_DAG_RUN_ID=manual__2021-11-21T20:48:37.401435+00:00
[2021-11-21 21:48:40,232] {logging_mixin.py:109} INFO - Successfully made contact with the database.
[2021-11-21 21:48:40,234] {logging_mixin.py:109} INFO - Successfully placed data in dataframe.
[2021-11-21 21:48:40,238] {logging_mixin.py:109} INFO - Saved file for future use to /home/dante/DWBI/Apache/2021-11-21
[2021-11-21 21:48:40,238] {python.py:152} INFO - Done. Returned value was: 2021-11-21
[2021-11-21 21:48:40,248] {taskinstance.py:1270} INFO - Marking task as SUCCESS. dag_id=DWBI_HW2_dag, task_id=extract, execution_date=20211121T204837, start_date=20211121T204840, end_date=20211121T204840
[2021-11-21 21:48:40,276] {local_task_job.py:154} INFO - Task exited with return code 0
[2021-11-21 21:48:40,301] {local_task_job.py:264} INFO - 1 downstream tasks scheduled from follow-on schedule check
