[2021-11-21 21:35:09,312] {taskinstance.py:1035} INFO - Dependencies all met for <TaskInstance: DWBI_HW2_dag.fetch_origin manual__2021-11-21T20:35:03.301463+00:00 [queued]>
[2021-11-21 21:35:09,319] {taskinstance.py:1035} INFO - Dependencies all met for <TaskInstance: DWBI_HW2_dag.fetch_origin manual__2021-11-21T20:35:03.301463+00:00 [queued]>
[2021-11-21 21:35:09,319] {taskinstance.py:1241} INFO - 
--------------------------------------------------------------------------------
[2021-11-21 21:35:09,319] {taskinstance.py:1242} INFO - Starting attempt 1 of 6
[2021-11-21 21:35:09,320] {taskinstance.py:1243} INFO - 
--------------------------------------------------------------------------------
[2021-11-21 21:35:09,332] {taskinstance.py:1262} INFO - Executing <Task(_PythonDecoratedOperator): fetch_origin> on 2021-11-21 20:35:03.301463+00:00
[2021-11-21 21:35:09,337] {standard_task_runner.py:52} INFO - Started process 37792 to run task
[2021-11-21 21:35:09,340] {standard_task_runner.py:76} INFO - Running: ['airflow', 'tasks', 'run', 'DWBI_HW2_dag', 'fetch_origin', 'manual__2021-11-21T20:35:03.301463+00:00', '--job-id', '133', '--raw', '--subdir', '/home/dante/DWBI/Apache/dags/DWBI_HW2_dag.py', '--cfg-path', '/tmp/tmp_5ehkint', '--error-file', '/tmp/tmppazcabfo']
[2021-11-21 21:35:09,340] {standard_task_runner.py:77} INFO - Job 133: Subtask fetch_origin
[2021-11-21 21:35:09,369] {logging_mixin.py:109} INFO - Running <TaskInstance: DWBI_HW2_dag.fetch_origin manual__2021-11-21T20:35:03.301463+00:00 [running]> on host dj-XPS
[2021-11-21 21:35:09,395] {taskinstance.py:1427} INFO - Exporting the following env vars:
AIRFLOW_CTX_DAG_OWNER=dj
AIRFLOW_CTX_DAG_ID=DWBI_HW2_dag
AIRFLOW_CTX_TASK_ID=fetch_origin
AIRFLOW_CTX_EXECUTION_DATE=2021-11-21T20:35:03.301463+00:00
AIRFLOW_CTX_DAG_RUN_ID=manual__2021-11-21T20:35:03.301463+00:00
[2021-11-21 21:35:09,396] {python.py:152} INFO - Done. Returned value was: {'Porsche': 'Germany', 'Audi': 'Germany', 'Toyota': 'Japan'}
[2021-11-21 21:35:09,410] {taskinstance.py:1270} INFO - Marking task as SUCCESS. dag_id=DWBI_HW2_dag, task_id=fetch_origin, execution_date=20211121T203503, start_date=20211121T203509, end_date=20211121T203509
[2021-11-21 21:35:09,432] {local_task_job.py:154} INFO - Task exited with return code 0
[2021-11-21 21:35:09,451] {local_task_job.py:264} INFO - 0 downstream tasks scheduled from follow-on schedule check
