[2021-11-21 20:06:36,420] {taskinstance.py:1035} INFO - Dependencies all met for <TaskInstance: DWBI_HW2_dag.get_age manual__2021-11-21T19:06:31.611378+00:00 [queued]>
[2021-11-21 20:06:36,428] {taskinstance.py:1035} INFO - Dependencies all met for <TaskInstance: DWBI_HW2_dag.get_age manual__2021-11-21T19:06:31.611378+00:00 [queued]>
[2021-11-21 20:06:36,428] {taskinstance.py:1241} INFO - 
--------------------------------------------------------------------------------
[2021-11-21 20:06:36,428] {taskinstance.py:1242} INFO - Starting attempt 1 of 6
[2021-11-21 20:06:36,428] {taskinstance.py:1243} INFO - 
--------------------------------------------------------------------------------
[2021-11-21 20:06:36,439] {taskinstance.py:1262} INFO - Executing <Task(_PythonDecoratedOperator): get_age> on 2021-11-21 19:06:31.611378+00:00
[2021-11-21 20:06:36,441] {standard_task_runner.py:52} INFO - Started process 14704 to run task
[2021-11-21 20:06:36,445] {standard_task_runner.py:76} INFO - Running: ['airflow', 'tasks', 'run', 'DWBI_HW2_dag', 'get_age', 'manual__2021-11-21T19:06:31.611378+00:00', '--job-id', '15', '--raw', '--subdir', '/home/dante/DWBI/Apache/dags/DWBI_HW2_dag.py', '--cfg-path', '/tmp/tmp36geoi4f', '--error-file', '/tmp/tmp4ep79wd8']
[2021-11-21 20:06:36,445] {standard_task_runner.py:77} INFO - Job 15: Subtask get_age
[2021-11-21 20:06:36,469] {logging_mixin.py:109} INFO - Running <TaskInstance: DWBI_HW2_dag.get_age manual__2021-11-21T19:06:31.611378+00:00 [running]> on host dj-XPS
[2021-11-21 20:06:36,490] {taskinstance.py:1427} INFO - Exporting the following env vars:
AIRFLOW_CTX_DAG_OWNER=dj
AIRFLOW_CTX_DAG_ID=DWBI_HW2_dag
AIRFLOW_CTX_TASK_ID=get_age
AIRFLOW_CTX_EXECUTION_DATE=2021-11-21T19:06:31.611378+00:00
AIRFLOW_CTX_DAG_RUN_ID=manual__2021-11-21T19:06:31.611378+00:00
[2021-11-21 20:06:36,491] {python.py:152} INFO - Done. Returned value was: 19
[2021-11-21 20:06:36,506] {taskinstance.py:1270} INFO - Marking task as SUCCESS. dag_id=DWBI_HW2_dag, task_id=get_age, execution_date=20211121T190631, start_date=20211121T190636, end_date=20211121T190636
[2021-11-21 20:06:36,536] {local_task_job.py:154} INFO - Task exited with return code 0
[2021-11-21 20:06:36,553] {local_task_job.py:264} INFO - 1 downstream tasks scheduled from follow-on schedule check
