[2021-11-21 21:42:28,830] {taskinstance.py:1035} INFO - Dependencies all met for <TaskInstance: DWBI_HW2_dag.transform manual__2021-11-21T20:40:15.364092+00:00 [queued]>
[2021-11-21 21:42:28,836] {taskinstance.py:1035} INFO - Dependencies all met for <TaskInstance: DWBI_HW2_dag.transform manual__2021-11-21T20:40:15.364092+00:00 [queued]>
[2021-11-21 21:42:28,836] {taskinstance.py:1241} INFO - 
--------------------------------------------------------------------------------
[2021-11-21 21:42:28,836] {taskinstance.py:1242} INFO - Starting attempt 2 of 6
[2021-11-21 21:42:28,836] {taskinstance.py:1243} INFO - 
--------------------------------------------------------------------------------
[2021-11-21 21:42:28,845] {taskinstance.py:1262} INFO - Executing <Task(_PythonDecoratedOperator): transform> on 2021-11-21 20:40:15.364092+00:00
[2021-11-21 21:42:28,848] {standard_task_runner.py:52} INFO - Started process 39371 to run task
[2021-11-21 21:42:28,850] {standard_task_runner.py:76} INFO - Running: ['airflow', 'tasks', 'run', 'DWBI_HW2_dag', 'transform', 'manual__2021-11-21T20:40:15.364092+00:00', '--job-id', '144', '--raw', '--subdir', '/home/dante/DWBI/Apache/dags/DWBI_HW2_dag.py', '--cfg-path', '/tmp/tmptcgh0y_u', '--error-file', '/tmp/tmp6l8mgt2h']
[2021-11-21 21:42:28,851] {standard_task_runner.py:77} INFO - Job 144: Subtask transform
[2021-11-21 21:42:28,874] {logging_mixin.py:109} INFO - Running <TaskInstance: DWBI_HW2_dag.transform manual__2021-11-21T20:40:15.364092+00:00 [running]> on host dj-XPS
[2021-11-21 21:42:28,899] {taskinstance.py:1427} INFO - Exporting the following env vars:
AIRFLOW_CTX_DAG_OWNER=dj
AIRFLOW_CTX_DAG_ID=DWBI_HW2_dag
AIRFLOW_CTX_TASK_ID=transform
AIRFLOW_CTX_EXECUTION_DATE=2021-11-21T20:40:15.364092+00:00
AIRFLOW_CTX_DAG_RUN_ID=manual__2021-11-21T20:40:15.364092+00:00
[2021-11-21 21:42:28,906] {logging_mixin.py:109} INFO - Successfully fetched the data
[2021-11-21 21:42:29,000] {logging_mixin.py:109} INFO -          Gasoline  Make
origin                 
Germany         9     9
Japan           2     2
[2021-11-21 21:42:29,003] {python.py:152} INFO - Done. Returned value was: final_output
[2021-11-21 21:42:29,018] {taskinstance.py:1270} INFO - Marking task as SUCCESS. dag_id=DWBI_HW2_dag, task_id=transform, execution_date=20211121T204015, start_date=20211121T204228, end_date=20211121T204229
[2021-11-21 21:42:29,062] {local_task_job.py:154} INFO - Task exited with return code 0
[2021-11-21 21:42:29,077] {local_task_job.py:264} INFO - 0 downstream tasks scheduled from follow-on schedule check
