[2021-11-21 21:30:42,125] {taskinstance.py:1035} INFO - Dependencies all met for <TaskInstance: DWBI_HW2_dag.transform manual__2021-11-21T20:30:29.204733+00:00 [queued]>
[2021-11-21 21:30:42,132] {taskinstance.py:1035} INFO - Dependencies all met for <TaskInstance: DWBI_HW2_dag.transform manual__2021-11-21T20:30:29.204733+00:00 [queued]>
[2021-11-21 21:30:42,133] {taskinstance.py:1241} INFO - 
--------------------------------------------------------------------------------
[2021-11-21 21:30:42,133] {taskinstance.py:1242} INFO - Starting attempt 1 of 6
[2021-11-21 21:30:42,133] {taskinstance.py:1243} INFO - 
--------------------------------------------------------------------------------
[2021-11-21 21:30:42,143] {taskinstance.py:1262} INFO - Executing <Task(_PythonDecoratedOperator): transform> on 2021-11-21 20:30:29.204733+00:00
[2021-11-21 21:30:42,147] {standard_task_runner.py:52} INFO - Started process 36663 to run task
[2021-11-21 21:30:42,150] {standard_task_runner.py:76} INFO - Running: ['airflow', 'tasks', 'run', 'DWBI_HW2_dag', 'transform', 'manual__2021-11-21T20:30:29.204733+00:00', '--job-id', '125', '--raw', '--subdir', '/home/dante/DWBI/Apache/dags/DWBI_HW2_dag.py', '--cfg-path', '/tmp/tmp0nzw0w9k', '--error-file', '/tmp/tmp0bd920wv']
[2021-11-21 21:30:42,151] {standard_task_runner.py:77} INFO - Job 125: Subtask transform
[2021-11-21 21:30:42,174] {logging_mixin.py:109} INFO - Running <TaskInstance: DWBI_HW2_dag.transform manual__2021-11-21T20:30:29.204733+00:00 [running]> on host dj-XPS
[2021-11-21 21:30:42,211] {taskinstance.py:1427} INFO - Exporting the following env vars:
AIRFLOW_CTX_DAG_OWNER=dj
AIRFLOW_CTX_DAG_ID=DWBI_HW2_dag
AIRFLOW_CTX_TASK_ID=transform
AIRFLOW_CTX_EXECUTION_DATE=2021-11-21T20:30:29.204733+00:00
AIRFLOW_CTX_DAG_RUN_ID=manual__2021-11-21T20:30:29.204733+00:00
[2021-11-21 21:30:42,220] {logging_mixin.py:109} INFO - Successfully fetched the data
[2021-11-21 21:30:42,324] {logging_mixin.py:109} INFO -          Gasoline  Make
origin                 
Germany         9     9
[2021-11-21 21:30:42,324] {python.py:152} INFO - Done. Returned value was: None
[2021-11-21 21:30:42,329] {taskinstance.py:1270} INFO - Marking task as SUCCESS. dag_id=DWBI_HW2_dag, task_id=transform, execution_date=20211121T203029, start_date=20211121T203042, end_date=20211121T203042
[2021-11-21 21:30:42,364] {local_task_job.py:154} INFO - Task exited with return code 0
[2021-11-21 21:30:42,377] {local_task_job.py:264} INFO - 0 downstream tasks scheduled from follow-on schedule check
