[2021-11-21 20:53:36,832] {taskinstance.py:1035} INFO - Dependencies all met for <TaskInstance: DWBI_HW2_dag.filter_rows manual__2021-11-21T19:51:31.021296+00:00 [queued]>
[2021-11-21 20:53:36,837] {taskinstance.py:1035} INFO - Dependencies all met for <TaskInstance: DWBI_HW2_dag.filter_rows manual__2021-11-21T19:51:31.021296+00:00 [queued]>
[2021-11-21 20:53:36,837] {taskinstance.py:1241} INFO - 
--------------------------------------------------------------------------------
[2021-11-21 20:53:36,837] {taskinstance.py:1242} INFO - Starting attempt 2 of 6
[2021-11-21 20:53:36,838] {taskinstance.py:1243} INFO - 
--------------------------------------------------------------------------------
[2021-11-21 20:53:36,847] {taskinstance.py:1262} INFO - Executing <Task(_PythonDecoratedOperator): filter_rows> on 2021-11-21 19:51:31.021296+00:00
[2021-11-21 20:53:36,850] {standard_task_runner.py:52} INFO - Started process 25928 to run task
[2021-11-21 20:53:36,853] {standard_task_runner.py:76} INFO - Running: ['airflow', 'tasks', 'run', 'DWBI_HW2_dag', 'filter_rows', 'manual__2021-11-21T19:51:31.021296+00:00', '--job-id', '59', '--raw', '--subdir', '/home/dante/DWBI/Apache/dags/DWBI_HW2_dag.py', '--cfg-path', '/tmp/tmpkj8xyasd', '--error-file', '/tmp/tmpidtshz0s']
[2021-11-21 20:53:36,854] {standard_task_runner.py:77} INFO - Job 59: Subtask filter_rows
[2021-11-21 20:53:36,875] {logging_mixin.py:109} INFO - Running <TaskInstance: DWBI_HW2_dag.filter_rows manual__2021-11-21T19:51:31.021296+00:00 [running]> on host dj-XPS
[2021-11-21 20:53:36,901] {taskinstance.py:1427} INFO - Exporting the following env vars:
AIRFLOW_CTX_DAG_OWNER=dj
AIRFLOW_CTX_DAG_ID=DWBI_HW2_dag
AIRFLOW_CTX_TASK_ID=filter_rows
AIRFLOW_CTX_EXECUTION_DATE=2021-11-21T19:51:31.021296+00:00
AIRFLOW_CTX_DAG_RUN_ID=manual__2021-11-21T19:51:31.021296+00:00
[2021-11-21 20:53:36,907] {logging_mixin.py:109} INFO - Successfully fetched the data
[2021-11-21 20:53:36,910] {python.py:152} INFO - Done. Returned value was: 2021-11-21
[2021-11-21 20:53:36,999] {taskinstance.py:1270} INFO - Marking task as SUCCESS. dag_id=DWBI_HW2_dag, task_id=filter_rows, execution_date=20211121T195131, start_date=20211121T195336, end_date=20211121T195336
[2021-11-21 20:53:37,025] {local_task_job.py:154} INFO - Task exited with return code 0
[2021-11-21 20:53:37,045] {local_task_job.py:264} INFO - 1 downstream tasks scheduled from follow-on schedule check
