[2021-11-21 20:06:34,091] {taskinstance.py:1035} INFO - Dependencies all met for <TaskInstance: DWBI_HW2_dag.get_name manual__2021-11-21T19:06:31.611378+00:00 [queued]>
[2021-11-21 20:06:34,097] {taskinstance.py:1035} INFO - Dependencies all met for <TaskInstance: DWBI_HW2_dag.get_name manual__2021-11-21T19:06:31.611378+00:00 [queued]>
[2021-11-21 20:06:34,097] {taskinstance.py:1241} INFO - 
--------------------------------------------------------------------------------
[2021-11-21 20:06:34,097] {taskinstance.py:1242} INFO - Starting attempt 1 of 6
[2021-11-21 20:06:34,097] {taskinstance.py:1243} INFO - 
--------------------------------------------------------------------------------
[2021-11-21 20:06:34,107] {taskinstance.py:1262} INFO - Executing <Task(_PythonDecoratedOperator): get_name> on 2021-11-21 19:06:31.611378+00:00
[2021-11-21 20:06:34,110] {standard_task_runner.py:52} INFO - Started process 14641 to run task
[2021-11-21 20:06:34,112] {standard_task_runner.py:76} INFO - Running: ['airflow', 'tasks', 'run', 'DWBI_HW2_dag', 'get_name', 'manual__2021-11-21T19:06:31.611378+00:00', '--job-id', '14', '--raw', '--subdir', '/home/dante/DWBI/Apache/dags/DWBI_HW2_dag.py', '--cfg-path', '/tmp/tmplmf7zbui', '--error-file', '/tmp/tmp6nmmp09h']
[2021-11-21 20:06:34,113] {standard_task_runner.py:77} INFO - Job 14: Subtask get_name
[2021-11-21 20:06:34,135] {logging_mixin.py:109} INFO - Running <TaskInstance: DWBI_HW2_dag.get_name manual__2021-11-21T19:06:31.611378+00:00 [running]> on host dj-XPS
[2021-11-21 20:06:34,158] {taskinstance.py:1427} INFO - Exporting the following env vars:
AIRFLOW_CTX_DAG_OWNER=dj
AIRFLOW_CTX_DAG_ID=DWBI_HW2_dag
AIRFLOW_CTX_TASK_ID=get_name
AIRFLOW_CTX_EXECUTION_DATE=2021-11-21T19:06:31.611378+00:00
AIRFLOW_CTX_DAG_RUN_ID=manual__2021-11-21T19:06:31.611378+00:00
[2021-11-21 20:06:34,158] {python.py:152} INFO - Done. Returned value was: {'first_name': 'Jerry', 'last_name': 'Scissorhands'}
[2021-11-21 20:06:34,178] {taskinstance.py:1270} INFO - Marking task as SUCCESS. dag_id=DWBI_HW2_dag, task_id=get_name, execution_date=20211121T190631, start_date=20211121T190634, end_date=20211121T190634
[2021-11-21 20:06:34,204] {local_task_job.py:154} INFO - Task exited with return code 0
[2021-11-21 20:06:34,220] {local_task_job.py:264} INFO - 0 downstream tasks scheduled from follow-on schedule check
