[2021-11-21 20:58:31,313] {taskinstance.py:1035} INFO - Dependencies all met for <TaskInstance: DWBI_HW2_dag.transform manual__2021-11-21T19:58:23.861526+00:00 [queued]>
[2021-11-21 20:58:31,320] {taskinstance.py:1035} INFO - Dependencies all met for <TaskInstance: DWBI_HW2_dag.transform manual__2021-11-21T19:58:23.861526+00:00 [queued]>
[2021-11-21 20:58:31,320] {taskinstance.py:1241} INFO - 
--------------------------------------------------------------------------------
[2021-11-21 20:58:31,320] {taskinstance.py:1242} INFO - Starting attempt 1 of 6
[2021-11-21 20:58:31,320] {taskinstance.py:1243} INFO - 
--------------------------------------------------------------------------------
[2021-11-21 20:58:31,331] {taskinstance.py:1262} INFO - Executing <Task(_PythonDecoratedOperator): transform> on 2021-11-21 19:58:23.861526+00:00
[2021-11-21 20:58:31,335] {standard_task_runner.py:52} INFO - Started process 27885 to run task
[2021-11-21 20:58:31,337] {standard_task_runner.py:76} INFO - Running: ['airflow', 'tasks', 'run', 'DWBI_HW2_dag', 'transform', 'manual__2021-11-21T19:58:23.861526+00:00', '--job-id', '74', '--raw', '--subdir', '/home/dante/DWBI/Apache/dags/DWBI_HW2_dag.py', '--cfg-path', '/tmp/tmpvv3fv72g', '--error-file', '/tmp/tmpsbd_gyw3']
[2021-11-21 20:58:31,338] {standard_task_runner.py:77} INFO - Job 74: Subtask transform
[2021-11-21 20:58:31,364] {logging_mixin.py:109} INFO - Running <TaskInstance: DWBI_HW2_dag.transform manual__2021-11-21T19:58:23.861526+00:00 [running]> on host dj-XPS
[2021-11-21 20:58:31,395] {taskinstance.py:1427} INFO - Exporting the following env vars:
AIRFLOW_CTX_DAG_OWNER=dj
AIRFLOW_CTX_DAG_ID=DWBI_HW2_dag
AIRFLOW_CTX_TASK_ID=transform
AIRFLOW_CTX_EXECUTION_DATE=2021-11-21T19:58:23.861526+00:00
AIRFLOW_CTX_DAG_RUN_ID=manual__2021-11-21T19:58:23.861526+00:00
[2021-11-21 20:58:31,404] {logging_mixin.py:109} INFO - Successfully fetched the data
[2021-11-21 20:58:31,421] {logging_mixin.py:109} INFO -    Unnamed: 0  Unnamed: 0.1     Make     Model  ManufacturingYear     Price  Horsepower EmissionCategory  FuelType         VIN
0           0             0  Porsche  Panamera               2021  200000.0       500.0                E  Gasoline    10923857
1           1             1  Porsche   Cayenne               2019  130000.0       350.0                C  Gasoline   305982705
2           3             3  Porsche     Macan               2018  110000.0       310.0                B  Gasoline  2938579237
3           4             4     Audi        Q7               2015   70000.0       240.0                C    Diesel  2035920398
4           5             5     Audi        A6               2012   50000.0       272.0                D    Diesel   239405067
[2021-11-21 20:58:31,421] {python.py:152} INFO - Done. Returned value was: None
[2021-11-21 20:58:31,536] {taskinstance.py:1270} INFO - Marking task as SUCCESS. dag_id=DWBI_HW2_dag, task_id=transform, execution_date=20211121T195823, start_date=20211121T195831, end_date=20211121T195831
[2021-11-21 20:58:31,590] {local_task_job.py:154} INFO - Task exited with return code 0
[2021-11-21 20:58:31,606] {local_task_job.py:264} INFO - 0 downstream tasks scheduled from follow-on schedule check
