[2021-11-24 13:04:36,684] {taskinstance.py:1035} INFO - Dependencies all met for <TaskInstance: DWBI_HW2_dag.extract scheduled__2021-11-21T00:00:00+00:00 [queued]>
[2021-11-24 13:04:36,689] {taskinstance.py:1035} INFO - Dependencies all met for <TaskInstance: DWBI_HW2_dag.extract scheduled__2021-11-21T00:00:00+00:00 [queued]>
[2021-11-24 13:04:36,689] {taskinstance.py:1241} INFO - 
--------------------------------------------------------------------------------
[2021-11-24 13:04:36,689] {taskinstance.py:1242} INFO - Starting attempt 1 of 6
[2021-11-24 13:04:36,689] {taskinstance.py:1243} INFO - 
--------------------------------------------------------------------------------
[2021-11-24 13:04:36,698] {taskinstance.py:1262} INFO - Executing <Task(_PythonDecoratedOperator): extract> on 2021-11-21 00:00:00+00:00
[2021-11-24 13:04:36,700] {standard_task_runner.py:52} INFO - Started process 43031 to run task
[2021-11-24 13:04:36,702] {standard_task_runner.py:76} INFO - Running: ['airflow', 'tasks', 'run', 'DWBI_HW2_dag', 'extract', 'scheduled__2021-11-21T00:00:00+00:00', '--job-id', '176', '--raw', '--subdir', '/home/dante/DWBI/Apache/dags/DWBI_HW2_dag.py', '--cfg-path', '/tmp/tmpowm8x0j6', '--error-file', '/tmp/tmpwm7r2rwa']
[2021-11-24 13:04:36,703] {standard_task_runner.py:77} INFO - Job 176: Subtask extract
[2021-11-24 13:04:36,722] {logging_mixin.py:109} INFO - Running <TaskInstance: DWBI_HW2_dag.extract scheduled__2021-11-21T00:00:00+00:00 [running]> on host dj-XPS
[2021-11-24 13:04:36,745] {taskinstance.py:1427} INFO - Exporting the following env vars:
AIRFLOW_CTX_DAG_OWNER=dj
AIRFLOW_CTX_DAG_ID=DWBI_HW2_dag
AIRFLOW_CTX_TASK_ID=extract
AIRFLOW_CTX_EXECUTION_DATE=2021-11-21T00:00:00+00:00
AIRFLOW_CTX_DAG_RUN_ID=scheduled__2021-11-21T00:00:00+00:00
[2021-11-24 13:04:36,746] {logging_mixin.py:109} INFO - Successfully made contact with the database.
[2021-11-24 13:04:36,748] {logging_mixin.py:109} INFO - Successfully placed data in dataframe.
[2021-11-24 13:04:36,751] {logging_mixin.py:109} INFO - Saved file for future use to /home/dante/DWBI/Apache/2021-11-24
[2021-11-24 13:04:36,751] {python.py:152} INFO - Done. Returned value was: 2021-11-24
[2021-11-24 13:04:36,760] {taskinstance.py:1270} INFO - Marking task as SUCCESS. dag_id=DWBI_HW2_dag, task_id=extract, execution_date=20211121T000000, start_date=20211124T120436, end_date=20211124T120436
[2021-11-24 13:04:36,794] {local_task_job.py:154} INFO - Task exited with return code 0
[2021-11-24 13:04:36,814] {local_task_job.py:264} INFO - 1 downstream tasks scheduled from follow-on schedule check
