[2021-11-21 21:47:58,005] {taskinstance.py:1035} INFO - Dependencies all met for <TaskInstance: DWBI_HW2_dag.fetch_origin manual__2021-11-21T20:47:52.932298+00:00 [queued]>
[2021-11-21 21:47:58,012] {taskinstance.py:1035} INFO - Dependencies all met for <TaskInstance: DWBI_HW2_dag.fetch_origin manual__2021-11-21T20:47:52.932298+00:00 [queued]>
[2021-11-21 21:47:58,013] {taskinstance.py:1241} INFO - 
--------------------------------------------------------------------------------
[2021-11-21 21:47:58,013] {taskinstance.py:1242} INFO - Starting attempt 1 of 6
[2021-11-21 21:47:58,013] {taskinstance.py:1243} INFO - 
--------------------------------------------------------------------------------
[2021-11-21 21:47:58,024] {taskinstance.py:1262} INFO - Executing <Task(_PythonDecoratedOperator): fetch_origin> on 2021-11-21 20:47:52.932298+00:00
[2021-11-21 21:47:58,027] {standard_task_runner.py:52} INFO - Started process 40756 to run task
[2021-11-21 21:47:58,030] {standard_task_runner.py:76} INFO - Running: ['airflow', 'tasks', 'run', 'DWBI_HW2_dag', 'fetch_origin', 'manual__2021-11-21T20:47:52.932298+00:00', '--job-id', '150', '--raw', '--subdir', '/home/dante/DWBI/Apache/dags/DWBI_HW2_dag.py', '--cfg-path', '/tmp/tmp20k4fxpv', '--error-file', '/tmp/tmpve0pb6fx']
[2021-11-21 21:47:58,031] {standard_task_runner.py:77} INFO - Job 150: Subtask fetch_origin
[2021-11-21 21:47:58,060] {logging_mixin.py:109} INFO - Running <TaskInstance: DWBI_HW2_dag.fetch_origin manual__2021-11-21T20:47:52.932298+00:00 [running]> on host dj-XPS
[2021-11-21 21:47:58,089] {taskinstance.py:1427} INFO - Exporting the following env vars:
AIRFLOW_CTX_DAG_OWNER=dj
AIRFLOW_CTX_DAG_ID=DWBI_HW2_dag
AIRFLOW_CTX_TASK_ID=fetch_origin
AIRFLOW_CTX_EXECUTION_DATE=2021-11-21T20:47:52.932298+00:00
AIRFLOW_CTX_DAG_RUN_ID=manual__2021-11-21T20:47:52.932298+00:00
[2021-11-21 21:47:58,090] {python.py:152} INFO - Done. Returned value was: {'Porsche': 'Germany', 'Audi': 'Germany', 'Toyota': 'Japan'}
[2021-11-21 21:47:58,102] {taskinstance.py:1270} INFO - Marking task as SUCCESS. dag_id=DWBI_HW2_dag, task_id=fetch_origin, execution_date=20211121T204752, start_date=20211121T204758, end_date=20211121T204758
[2021-11-21 21:47:58,122] {local_task_job.py:154} INFO - Task exited with return code 0
[2021-11-21 21:47:58,144] {local_task_job.py:264} INFO - 0 downstream tasks scheduled from follow-on schedule check
