[2021-11-21 22:04:22,062] {taskinstance.py:1035} INFO - Dependencies all met for <TaskInstance: DWBI_HW2_dag.load manual__2021-11-21T21:00:03.772413+00:00 [queued]>
[2021-11-21 22:04:22,069] {taskinstance.py:1035} INFO - Dependencies all met for <TaskInstance: DWBI_HW2_dag.load manual__2021-11-21T21:00:03.772413+00:00 [queued]>
[2021-11-21 22:04:22,069] {taskinstance.py:1241} INFO - 
--------------------------------------------------------------------------------
[2021-11-21 22:04:22,069] {taskinstance.py:1242} INFO - Starting attempt 3 of 6
[2021-11-21 22:04:22,069] {taskinstance.py:1243} INFO - 
--------------------------------------------------------------------------------
[2021-11-21 22:04:22,077] {taskinstance.py:1262} INFO - Executing <Task(_PythonDecoratedOperator): load> on 2021-11-21 21:00:03.772413+00:00
[2021-11-21 22:04:22,080] {standard_task_runner.py:52} INFO - Started process 45900 to run task
[2021-11-21 22:04:22,082] {standard_task_runner.py:76} INFO - Running: ['airflow', 'tasks', 'run', 'DWBI_HW2_dag', 'load', 'manual__2021-11-21T21:00:03.772413+00:00', '--job-id', '174', '--raw', '--subdir', '/home/dante/DWBI/Apache/dags/DWBI_HW2_dag.py', '--cfg-path', '/tmp/tmpqnw2iosz', '--error-file', '/tmp/tmp__lz150j']
[2021-11-21 22:04:22,083] {standard_task_runner.py:77} INFO - Job 174: Subtask load
[2021-11-21 22:04:22,104] {logging_mixin.py:109} INFO - Running <TaskInstance: DWBI_HW2_dag.load manual__2021-11-21T21:00:03.772413+00:00 [running]> on host dj-XPS
[2021-11-21 22:04:22,126] {taskinstance.py:1427} INFO - Exporting the following env vars:
AIRFLOW_CTX_DAG_OWNER=dj
AIRFLOW_CTX_DAG_ID=DWBI_HW2_dag
AIRFLOW_CTX_TASK_ID=load
AIRFLOW_CTX_EXECUTION_DATE=2021-11-21T21:00:03.772413+00:00
AIRFLOW_CTX_DAG_RUN_ID=manual__2021-11-21T21:00:03.772413+00:00
[2021-11-21 22:04:22,132] {logging_mixin.py:109} INFO - Successfully fetched the data
[2021-11-21 22:04:22,140] {logging_mixin.py:109} INFO -    Unnamed: 0  Gasoline  Make   origin
0           0         9     9  Germany
[2021-11-21 22:04:22,141] {logging_mixin.py:109} INFO - Successfully made contact with the database.
[2021-11-21 22:04:22,142] {python.py:152} INFO - Done. Returned value was: None
[2021-11-21 22:04:22,224] {taskinstance.py:1270} INFO - Marking task as SUCCESS. dag_id=DWBI_HW2_dag, task_id=load, execution_date=20211121T210003, start_date=20211121T210422, end_date=20211121T210422
[2021-11-21 22:04:22,254] {local_task_job.py:154} INFO - Task exited with return code 0
[2021-11-21 22:04:22,275] {local_task_job.py:264} INFO - 0 downstream tasks scheduled from follow-on schedule check
