[2021-11-24 13:01:33,304] {processor.py:163} INFO - Started process (PID=42565) to work on /home/dante/DWBI/Apache/dags/DWBI_HW2_dag.py
[2021-11-24 13:01:33,305] {processor.py:620} INFO - Processing file /home/dante/DWBI/Apache/dags/DWBI_HW2_dag.py for tasks to queue
[2021-11-24 13:01:33,305] {logging_mixin.py:109} INFO - [2021-11-24 13:01:33,305] {dagbag.py:500} INFO - Filling up the DagBag from /home/dante/DWBI/Apache/dags/DWBI_HW2_dag.py
[2021-11-24 13:01:33,622] {processor.py:632} INFO - DAG(s) dict_keys(['DWBI_HW2_dag']) retrieved from /home/dante/DWBI/Apache/dags/DWBI_HW2_dag.py
[2021-11-24 13:01:33,839] {logging_mixin.py:109} INFO - [2021-11-24 13:01:33,839] {dag.py:2389} INFO - Sync 1 DAGs
[2021-11-24 13:01:33,848] {logging_mixin.py:109} INFO - [2021-11-24 13:01:33,847] {dag.py:2921} INFO - Setting next_dagrun for DWBI_HW2_dag to 2021-11-21 00:00:00+00:00
[2021-11-24 13:01:33,858] {processor.py:171} INFO - Processing /home/dante/DWBI/Apache/dags/DWBI_HW2_dag.py took 0.556 seconds
[2021-11-24 13:02:11,530] {processor.py:163} INFO - Started process (PID=42716) to work on /home/dante/DWBI/Apache/dags/DWBI_HW2_dag.py
[2021-11-24 13:02:11,539] {processor.py:620} INFO - Processing file /home/dante/DWBI/Apache/dags/DWBI_HW2_dag.py for tasks to queue
[2021-11-24 13:02:11,540] {logging_mixin.py:109} INFO - [2021-11-24 13:02:11,540] {dagbag.py:500} INFO - Filling up the DagBag from /home/dante/DWBI/Apache/dags/DWBI_HW2_dag.py
[2021-11-24 13:02:11,806] {processor.py:632} INFO - DAG(s) dict_keys(['DWBI_HW2_dag']) retrieved from /home/dante/DWBI/Apache/dags/DWBI_HW2_dag.py
[2021-11-24 13:02:12,031] {logging_mixin.py:109} INFO - [2021-11-24 13:02:12,031] {dag.py:2389} INFO - Sync 1 DAGs
[2021-11-24 13:02:12,039] {logging_mixin.py:109} INFO - [2021-11-24 13:02:12,039] {dag.py:2921} INFO - Setting next_dagrun for DWBI_HW2_dag to 2021-11-21 00:00:00+00:00
[2021-11-24 13:02:12,048] {processor.py:171} INFO - Processing /home/dante/DWBI/Apache/dags/DWBI_HW2_dag.py took 0.520 seconds
[2021-11-24 13:02:42,759] {processor.py:163} INFO - Started process (PID=42758) to work on /home/dante/DWBI/Apache/dags/DWBI_HW2_dag.py
[2021-11-24 13:02:42,769] {processor.py:620} INFO - Processing file /home/dante/DWBI/Apache/dags/DWBI_HW2_dag.py for tasks to queue
[2021-11-24 13:02:42,770] {logging_mixin.py:109} INFO - [2021-11-24 13:02:42,769] {dagbag.py:500} INFO - Filling up the DagBag from /home/dante/DWBI/Apache/dags/DWBI_HW2_dag.py
[2021-11-24 13:02:43,056] {processor.py:632} INFO - DAG(s) dict_keys(['DWBI_HW2_dag']) retrieved from /home/dante/DWBI/Apache/dags/DWBI_HW2_dag.py
[2021-11-24 13:02:43,288] {logging_mixin.py:109} INFO - [2021-11-24 13:02:43,288] {dag.py:2389} INFO - Sync 1 DAGs
[2021-11-24 13:02:43,296] {logging_mixin.py:109} INFO - [2021-11-24 13:02:43,296] {dag.py:2921} INFO - Setting next_dagrun for DWBI_HW2_dag to 2021-11-21 00:00:00+00:00
[2021-11-24 13:02:43,304] {processor.py:171} INFO - Processing /home/dante/DWBI/Apache/dags/DWBI_HW2_dag.py took 0.550 seconds
[2021-11-24 13:03:18,542] {processor.py:163} INFO - Started process (PID=42874) to work on /home/dante/DWBI/Apache/dags/DWBI_HW2_dag.py
[2021-11-24 13:03:18,546] {processor.py:620} INFO - Processing file /home/dante/DWBI/Apache/dags/DWBI_HW2_dag.py for tasks to queue
[2021-11-24 13:03:18,547] {logging_mixin.py:109} INFO - [2021-11-24 13:03:18,547] {dagbag.py:500} INFO - Filling up the DagBag from /home/dante/DWBI/Apache/dags/DWBI_HW2_dag.py
[2021-11-24 13:03:18,822] {processor.py:632} INFO - DAG(s) dict_keys(['DWBI_HW2_dag']) retrieved from /home/dante/DWBI/Apache/dags/DWBI_HW2_dag.py
[2021-11-24 13:03:19,046] {logging_mixin.py:109} INFO - [2021-11-24 13:03:19,046] {dag.py:2389} INFO - Sync 1 DAGs
[2021-11-24 13:03:19,055] {logging_mixin.py:109} INFO - [2021-11-24 13:03:19,054] {dag.py:2921} INFO - Setting next_dagrun for DWBI_HW2_dag to 2021-11-21 00:00:00+00:00
[2021-11-24 13:03:19,063] {processor.py:171} INFO - Processing /home/dante/DWBI/Apache/dags/DWBI_HW2_dag.py took 0.527 seconds
[2021-11-24 13:03:50,598] {processor.py:163} INFO - Started process (PID=42925) to work on /home/dante/DWBI/Apache/dags/DWBI_HW2_dag.py
[2021-11-24 13:03:50,608] {processor.py:620} INFO - Processing file /home/dante/DWBI/Apache/dags/DWBI_HW2_dag.py for tasks to queue
[2021-11-24 13:03:50,608] {logging_mixin.py:109} INFO - [2021-11-24 13:03:50,608] {dagbag.py:500} INFO - Filling up the DagBag from /home/dante/DWBI/Apache/dags/DWBI_HW2_dag.py
[2021-11-24 13:03:50,883] {processor.py:632} INFO - DAG(s) dict_keys(['DWBI_HW2_dag']) retrieved from /home/dante/DWBI/Apache/dags/DWBI_HW2_dag.py
[2021-11-24 13:03:51,106] {logging_mixin.py:109} INFO - [2021-11-24 13:03:51,105] {dag.py:2389} INFO - Sync 1 DAGs
[2021-11-24 13:03:51,114] {logging_mixin.py:109} INFO - [2021-11-24 13:03:51,114] {dag.py:2921} INFO - Setting next_dagrun for DWBI_HW2_dag to 2021-11-21 00:00:00+00:00
[2021-11-24 13:03:51,125] {processor.py:171} INFO - Processing /home/dante/DWBI/Apache/dags/DWBI_HW2_dag.py took 0.529 seconds
[2021-11-24 13:04:22,009] {processor.py:163} INFO - Started process (PID=42966) to work on /home/dante/DWBI/Apache/dags/DWBI_HW2_dag.py
[2021-11-24 13:04:22,018] {processor.py:620} INFO - Processing file /home/dante/DWBI/Apache/dags/DWBI_HW2_dag.py for tasks to queue
[2021-11-24 13:04:22,018] {logging_mixin.py:109} INFO - [2021-11-24 13:04:22,018] {dagbag.py:500} INFO - Filling up the DagBag from /home/dante/DWBI/Apache/dags/DWBI_HW2_dag.py
[2021-11-24 13:04:22,328] {processor.py:632} INFO - DAG(s) dict_keys(['DWBI_HW2_dag']) retrieved from /home/dante/DWBI/Apache/dags/DWBI_HW2_dag.py
[2021-11-24 13:04:22,557] {logging_mixin.py:109} INFO - [2021-11-24 13:04:22,557] {dag.py:2389} INFO - Sync 1 DAGs
[2021-11-24 13:04:22,566] {logging_mixin.py:109} INFO - [2021-11-24 13:04:22,565] {dag.py:2921} INFO - Setting next_dagrun for DWBI_HW2_dag to 2021-11-21 00:00:00+00:00
[2021-11-24 13:04:22,574] {processor.py:171} INFO - Processing /home/dante/DWBI/Apache/dags/DWBI_HW2_dag.py took 0.567 seconds
[2021-11-24 13:04:54,051] {processor.py:163} INFO - Started process (PID=43154) to work on /home/dante/DWBI/Apache/dags/DWBI_HW2_dag.py
[2021-11-24 13:04:54,053] {processor.py:620} INFO - Processing file /home/dante/DWBI/Apache/dags/DWBI_HW2_dag.py for tasks to queue
[2021-11-24 13:04:54,053] {logging_mixin.py:109} INFO - [2021-11-24 13:04:54,053] {dagbag.py:500} INFO - Filling up the DagBag from /home/dante/DWBI/Apache/dags/DWBI_HW2_dag.py
[2021-11-24 13:04:54,420] {processor.py:632} INFO - DAG(s) dict_keys(['DWBI_HW2_dag']) retrieved from /home/dante/DWBI/Apache/dags/DWBI_HW2_dag.py
[2021-11-24 13:04:54,639] {logging_mixin.py:109} INFO - [2021-11-24 13:04:54,639] {dag.py:2389} INFO - Sync 1 DAGs
[2021-11-24 13:04:54,647] {logging_mixin.py:109} INFO - [2021-11-24 13:04:54,647] {dag.py:2921} INFO - Setting next_dagrun for DWBI_HW2_dag to 2021-11-22T00:00:00+00:00
[2021-11-24 13:04:54,664] {processor.py:171} INFO - Processing /home/dante/DWBI/Apache/dags/DWBI_HW2_dag.py took 0.616 seconds
[2021-11-24 13:05:24,861] {processor.py:163} INFO - Started process (PID=43221) to work on /home/dante/DWBI/Apache/dags/DWBI_HW2_dag.py
[2021-11-24 13:05:24,863] {processor.py:620} INFO - Processing file /home/dante/DWBI/Apache/dags/DWBI_HW2_dag.py for tasks to queue
[2021-11-24 13:05:24,863] {logging_mixin.py:109} INFO - [2021-11-24 13:05:24,863] {dagbag.py:500} INFO - Filling up the DagBag from /home/dante/DWBI/Apache/dags/DWBI_HW2_dag.py
[2021-11-24 13:05:25,182] {processor.py:632} INFO - DAG(s) dict_keys(['DWBI_HW2_dag']) retrieved from /home/dante/DWBI/Apache/dags/DWBI_HW2_dag.py
[2021-11-24 13:05:25,408] {logging_mixin.py:109} INFO - [2021-11-24 13:05:25,408] {dag.py:2389} INFO - Sync 1 DAGs
[2021-11-24 13:05:25,416] {logging_mixin.py:109} INFO - [2021-11-24 13:05:25,416] {dag.py:2921} INFO - Setting next_dagrun for DWBI_HW2_dag to 2021-11-22T00:00:00+00:00
[2021-11-24 13:05:25,424] {processor.py:171} INFO - Processing /home/dante/DWBI/Apache/dags/DWBI_HW2_dag.py took 0.565 seconds
[2021-11-24 13:05:58,204] {processor.py:163} INFO - Started process (PID=43277) to work on /home/dante/DWBI/Apache/dags/DWBI_HW2_dag.py
[2021-11-24 13:05:58,215] {processor.py:620} INFO - Processing file /home/dante/DWBI/Apache/dags/DWBI_HW2_dag.py for tasks to queue
[2021-11-24 13:05:58,216] {logging_mixin.py:109} INFO - [2021-11-24 13:05:58,216] {dagbag.py:500} INFO - Filling up the DagBag from /home/dante/DWBI/Apache/dags/DWBI_HW2_dag.py
[2021-11-24 13:05:58,503] {processor.py:632} INFO - DAG(s) dict_keys(['DWBI_HW2_dag']) retrieved from /home/dante/DWBI/Apache/dags/DWBI_HW2_dag.py
[2021-11-24 13:05:58,721] {logging_mixin.py:109} INFO - [2021-11-24 13:05:58,720] {dag.py:2389} INFO - Sync 1 DAGs
[2021-11-24 13:05:58,729] {logging_mixin.py:109} INFO - [2021-11-24 13:05:58,729] {dag.py:2921} INFO - Setting next_dagrun for DWBI_HW2_dag to 2021-11-22T00:00:00+00:00
[2021-11-24 13:05:58,737] {processor.py:171} INFO - Processing /home/dante/DWBI/Apache/dags/DWBI_HW2_dag.py took 0.536 seconds
[2021-11-24 13:06:28,983] {processor.py:163} INFO - Started process (PID=43318) to work on /home/dante/DWBI/Apache/dags/DWBI_HW2_dag.py
[2021-11-24 13:06:28,994] {processor.py:620} INFO - Processing file /home/dante/DWBI/Apache/dags/DWBI_HW2_dag.py for tasks to queue
[2021-11-24 13:06:28,995] {logging_mixin.py:109} INFO - [2021-11-24 13:06:28,995] {dagbag.py:500} INFO - Filling up the DagBag from /home/dante/DWBI/Apache/dags/DWBI_HW2_dag.py
[2021-11-24 13:06:29,270] {processor.py:632} INFO - DAG(s) dict_keys(['DWBI_HW2_dag']) retrieved from /home/dante/DWBI/Apache/dags/DWBI_HW2_dag.py
[2021-11-24 13:06:29,478] {logging_mixin.py:109} INFO - [2021-11-24 13:06:29,477] {dag.py:2389} INFO - Sync 1 DAGs
[2021-11-24 13:06:29,486] {logging_mixin.py:109} INFO - [2021-11-24 13:06:29,486] {dag.py:2921} INFO - Setting next_dagrun for DWBI_HW2_dag to 2021-11-22T00:00:00+00:00
[2021-11-24 13:06:29,494] {processor.py:171} INFO - Processing /home/dante/DWBI/Apache/dags/DWBI_HW2_dag.py took 0.517 seconds
[2021-11-24 13:07:02,237] {processor.py:163} INFO - Started process (PID=43394) to work on /home/dante/DWBI/Apache/dags/DWBI_HW2_dag.py
[2021-11-24 13:07:02,240] {processor.py:620} INFO - Processing file /home/dante/DWBI/Apache/dags/DWBI_HW2_dag.py for tasks to queue
[2021-11-24 13:07:02,241] {logging_mixin.py:109} INFO - [2021-11-24 13:07:02,240] {dagbag.py:500} INFO - Filling up the DagBag from /home/dante/DWBI/Apache/dags/DWBI_HW2_dag.py
[2021-11-24 13:07:02,508] {processor.py:632} INFO - DAG(s) dict_keys(['DWBI_HW2_dag']) retrieved from /home/dante/DWBI/Apache/dags/DWBI_HW2_dag.py
[2021-11-24 13:07:02,727] {logging_mixin.py:109} INFO - [2021-11-24 13:07:02,727] {dag.py:2389} INFO - Sync 1 DAGs
[2021-11-24 13:07:02,735] {logging_mixin.py:109} INFO - [2021-11-24 13:07:02,735] {dag.py:2921} INFO - Setting next_dagrun for DWBI_HW2_dag to 2021-11-22T00:00:00+00:00
[2021-11-24 13:07:02,743] {processor.py:171} INFO - Processing /home/dante/DWBI/Apache/dags/DWBI_HW2_dag.py took 0.509 seconds
[2021-11-24 13:07:39,670] {processor.py:163} INFO - Started process (PID=43442) to work on /home/dante/DWBI/Apache/dags/DWBI_HW2_dag.py
[2021-11-24 13:07:39,673] {processor.py:620} INFO - Processing file /home/dante/DWBI/Apache/dags/DWBI_HW2_dag.py for tasks to queue
[2021-11-24 13:07:39,674] {logging_mixin.py:109} INFO - [2021-11-24 13:07:39,674] {dagbag.py:500} INFO - Filling up the DagBag from /home/dante/DWBI/Apache/dags/DWBI_HW2_dag.py
[2021-11-24 13:07:39,959] {processor.py:632} INFO - DAG(s) dict_keys(['DWBI_HW2_dag']) retrieved from /home/dante/DWBI/Apache/dags/DWBI_HW2_dag.py
[2021-11-24 13:07:40,173] {logging_mixin.py:109} INFO - [2021-11-24 13:07:40,173] {dag.py:2389} INFO - Sync 1 DAGs
[2021-11-24 13:07:40,182] {logging_mixin.py:109} INFO - [2021-11-24 13:07:40,182] {dag.py:2921} INFO - Setting next_dagrun for DWBI_HW2_dag to 2021-11-22T00:00:00+00:00
[2021-11-24 13:07:40,190] {processor.py:171} INFO - Processing /home/dante/DWBI/Apache/dags/DWBI_HW2_dag.py took 0.522 seconds
[2021-11-24 13:08:11,333] {processor.py:163} INFO - Started process (PID=43505) to work on /home/dante/DWBI/Apache/dags/DWBI_HW2_dag.py
[2021-11-24 13:08:11,335] {processor.py:620} INFO - Processing file /home/dante/DWBI/Apache/dags/DWBI_HW2_dag.py for tasks to queue
[2021-11-24 13:08:11,336] {logging_mixin.py:109} INFO - [2021-11-24 13:08:11,336] {dagbag.py:500} INFO - Filling up the DagBag from /home/dante/DWBI/Apache/dags/DWBI_HW2_dag.py
[2021-11-24 13:08:11,651] {processor.py:632} INFO - DAG(s) dict_keys(['DWBI_HW2_dag']) retrieved from /home/dante/DWBI/Apache/dags/DWBI_HW2_dag.py
[2021-11-24 13:08:11,880] {logging_mixin.py:109} INFO - [2021-11-24 13:08:11,880] {dag.py:2389} INFO - Sync 1 DAGs
[2021-11-24 13:08:11,890] {logging_mixin.py:109} INFO - [2021-11-24 13:08:11,890] {dag.py:2921} INFO - Setting next_dagrun for DWBI_HW2_dag to 2021-11-22T00:00:00+00:00
[2021-11-24 13:08:11,900] {processor.py:171} INFO - Processing /home/dante/DWBI/Apache/dags/DWBI_HW2_dag.py took 0.568 seconds
[2021-11-24 13:08:42,496] {processor.py:163} INFO - Started process (PID=43553) to work on /home/dante/DWBI/Apache/dags/DWBI_HW2_dag.py
[2021-11-24 13:08:42,506] {processor.py:620} INFO - Processing file /home/dante/DWBI/Apache/dags/DWBI_HW2_dag.py for tasks to queue
[2021-11-24 13:08:42,507] {logging_mixin.py:109} INFO - [2021-11-24 13:08:42,507] {dagbag.py:500} INFO - Filling up the DagBag from /home/dante/DWBI/Apache/dags/DWBI_HW2_dag.py
[2021-11-24 13:08:42,784] {processor.py:632} INFO - DAG(s) dict_keys(['DWBI_HW2_dag']) retrieved from /home/dante/DWBI/Apache/dags/DWBI_HW2_dag.py
[2021-11-24 13:08:43,004] {logging_mixin.py:109} INFO - [2021-11-24 13:08:43,003] {dag.py:2389} INFO - Sync 1 DAGs
[2021-11-24 13:08:43,012] {logging_mixin.py:109} INFO - [2021-11-24 13:08:43,012] {dag.py:2921} INFO - Setting next_dagrun for DWBI_HW2_dag to 2021-11-22T00:00:00+00:00
[2021-11-24 13:08:43,021] {processor.py:171} INFO - Processing /home/dante/DWBI/Apache/dags/DWBI_HW2_dag.py took 0.529 seconds
[2021-11-24 13:09:17,864] {processor.py:163} INFO - Started process (PID=43615) to work on /home/dante/DWBI/Apache/dags/DWBI_HW2_dag.py
[2021-11-24 13:09:17,875] {processor.py:620} INFO - Processing file /home/dante/DWBI/Apache/dags/DWBI_HW2_dag.py for tasks to queue
[2021-11-24 13:09:17,877] {logging_mixin.py:109} INFO - [2021-11-24 13:09:17,876] {dagbag.py:500} INFO - Filling up the DagBag from /home/dante/DWBI/Apache/dags/DWBI_HW2_dag.py
[2021-11-24 13:09:18,166] {processor.py:632} INFO - DAG(s) dict_keys(['DWBI_HW2_dag']) retrieved from /home/dante/DWBI/Apache/dags/DWBI_HW2_dag.py
[2021-11-24 13:09:18,427] {logging_mixin.py:109} INFO - [2021-11-24 13:09:18,427] {dag.py:2389} INFO - Sync 1 DAGs
[2021-11-24 13:09:18,437] {logging_mixin.py:109} INFO - [2021-11-24 13:09:18,437] {dag.py:2921} INFO - Setting next_dagrun for DWBI_HW2_dag to 2021-11-22T00:00:00+00:00
[2021-11-24 13:09:18,461] {processor.py:171} INFO - Processing /home/dante/DWBI/Apache/dags/DWBI_HW2_dag.py took 0.604 seconds
[2021-11-24 13:09:51,307] {processor.py:163} INFO - Started process (PID=43782) to work on /home/dante/DWBI/Apache/dags/DWBI_HW2_dag.py
[2021-11-24 13:09:51,311] {processor.py:620} INFO - Processing file /home/dante/DWBI/Apache/dags/DWBI_HW2_dag.py for tasks to queue
[2021-11-24 13:09:51,312] {logging_mixin.py:109} INFO - [2021-11-24 13:09:51,312] {dagbag.py:500} INFO - Filling up the DagBag from /home/dante/DWBI/Apache/dags/DWBI_HW2_dag.py
[2021-11-24 13:09:51,634] {processor.py:632} INFO - DAG(s) dict_keys(['DWBI_HW2_dag']) retrieved from /home/dante/DWBI/Apache/dags/DWBI_HW2_dag.py
[2021-11-24 13:09:51,852] {logging_mixin.py:109} INFO - [2021-11-24 13:09:51,852] {dag.py:2389} INFO - Sync 1 DAGs
[2021-11-24 13:09:51,862] {logging_mixin.py:109} INFO - [2021-11-24 13:09:51,861] {dag.py:2921} INFO - Setting next_dagrun for DWBI_HW2_dag to 2021-11-22T00:00:00+00:00
[2021-11-24 13:09:51,870] {processor.py:171} INFO - Processing /home/dante/DWBI/Apache/dags/DWBI_HW2_dag.py took 0.569 seconds
[2021-11-24 13:10:27,258] {processor.py:163} INFO - Started process (PID=43982) to work on /home/dante/DWBI/Apache/dags/DWBI_HW2_dag.py
[2021-11-24 13:10:27,268] {processor.py:620} INFO - Processing file /home/dante/DWBI/Apache/dags/DWBI_HW2_dag.py for tasks to queue
[2021-11-24 13:10:27,269] {logging_mixin.py:109} INFO - [2021-11-24 13:10:27,268] {dagbag.py:500} INFO - Filling up the DagBag from /home/dante/DWBI/Apache/dags/DWBI_HW2_dag.py
[2021-11-24 13:10:27,529] {processor.py:632} INFO - DAG(s) dict_keys(['DWBI_HW2_dag']) retrieved from /home/dante/DWBI/Apache/dags/DWBI_HW2_dag.py
[2021-11-24 13:10:27,736] {logging_mixin.py:109} INFO - [2021-11-24 13:10:27,736] {dag.py:2389} INFO - Sync 1 DAGs
[2021-11-24 13:10:27,745] {logging_mixin.py:109} INFO - [2021-11-24 13:10:27,745] {dag.py:2921} INFO - Setting next_dagrun for DWBI_HW2_dag to 2021-11-22T00:00:00+00:00
[2021-11-24 13:10:27,764] {processor.py:171} INFO - Processing /home/dante/DWBI/Apache/dags/DWBI_HW2_dag.py took 0.509 seconds
[2021-11-24 13:10:58,459] {processor.py:163} INFO - Started process (PID=44115) to work on /home/dante/DWBI/Apache/dags/DWBI_HW2_dag.py
[2021-11-24 13:10:58,470] {processor.py:620} INFO - Processing file /home/dante/DWBI/Apache/dags/DWBI_HW2_dag.py for tasks to queue
[2021-11-24 13:10:58,471] {logging_mixin.py:109} INFO - [2021-11-24 13:10:58,471] {dagbag.py:500} INFO - Filling up the DagBag from /home/dante/DWBI/Apache/dags/DWBI_HW2_dag.py
[2021-11-24 13:10:58,770] {processor.py:632} INFO - DAG(s) dict_keys(['DWBI_HW2_dag']) retrieved from /home/dante/DWBI/Apache/dags/DWBI_HW2_dag.py
[2021-11-24 13:10:58,989] {logging_mixin.py:109} INFO - [2021-11-24 13:10:58,989] {dag.py:2389} INFO - Sync 1 DAGs
[2021-11-24 13:10:58,999] {logging_mixin.py:109} INFO - [2021-11-24 13:10:58,999] {dag.py:2921} INFO - Setting next_dagrun for DWBI_HW2_dag to 2021-11-22T00:00:00+00:00
[2021-11-24 13:10:59,032] {processor.py:171} INFO - Processing /home/dante/DWBI/Apache/dags/DWBI_HW2_dag.py took 0.580 seconds
[2021-11-24 13:11:30,928] {processor.py:163} INFO - Started process (PID=44187) to work on /home/dante/DWBI/Apache/dags/DWBI_HW2_dag.py
[2021-11-24 13:11:30,939] {processor.py:620} INFO - Processing file /home/dante/DWBI/Apache/dags/DWBI_HW2_dag.py for tasks to queue
[2021-11-24 13:11:30,940] {logging_mixin.py:109} INFO - [2021-11-24 13:11:30,940] {dagbag.py:500} INFO - Filling up the DagBag from /home/dante/DWBI/Apache/dags/DWBI_HW2_dag.py
[2021-11-24 13:11:31,334] {processor.py:632} INFO - DAG(s) dict_keys(['DWBI_HW2_dag']) retrieved from /home/dante/DWBI/Apache/dags/DWBI_HW2_dag.py
[2021-11-24 13:11:31,671] {logging_mixin.py:109} INFO - [2021-11-24 13:11:31,671] {dag.py:2389} INFO - Sync 1 DAGs
[2021-11-24 13:11:31,681] {logging_mixin.py:109} INFO - [2021-11-24 13:11:31,681] {dag.py:2921} INFO - Setting next_dagrun for DWBI_HW2_dag to 2021-11-22T00:00:00+00:00
[2021-11-24 13:11:31,697] {processor.py:171} INFO - Processing /home/dante/DWBI/Apache/dags/DWBI_HW2_dag.py took 0.772 seconds
[2021-11-24 13:12:03,541] {processor.py:163} INFO - Started process (PID=44276) to work on /home/dante/DWBI/Apache/dags/DWBI_HW2_dag.py
[2021-11-24 13:12:03,552] {processor.py:620} INFO - Processing file /home/dante/DWBI/Apache/dags/DWBI_HW2_dag.py for tasks to queue
[2021-11-24 13:12:03,553] {logging_mixin.py:109} INFO - [2021-11-24 13:12:03,553] {dagbag.py:500} INFO - Filling up the DagBag from /home/dante/DWBI/Apache/dags/DWBI_HW2_dag.py
[2021-11-24 13:12:03,821] {processor.py:632} INFO - DAG(s) dict_keys(['DWBI_HW2_dag']) retrieved from /home/dante/DWBI/Apache/dags/DWBI_HW2_dag.py
[2021-11-24 13:12:04,040] {logging_mixin.py:109} INFO - [2021-11-24 13:12:04,040] {dag.py:2389} INFO - Sync 1 DAGs
[2021-11-24 13:12:04,048] {logging_mixin.py:109} INFO - [2021-11-24 13:12:04,048] {dag.py:2921} INFO - Setting next_dagrun for DWBI_HW2_dag to 2021-11-22T00:00:00+00:00
[2021-11-24 13:12:04,070] {processor.py:171} INFO - Processing /home/dante/DWBI/Apache/dags/DWBI_HW2_dag.py took 0.538 seconds
[2021-11-24 13:12:34,463] {processor.py:163} INFO - Started process (PID=44320) to work on /home/dante/DWBI/Apache/dags/DWBI_HW2_dag.py
[2021-11-24 13:12:34,472] {processor.py:620} INFO - Processing file /home/dante/DWBI/Apache/dags/DWBI_HW2_dag.py for tasks to queue
[2021-11-24 13:12:34,473] {logging_mixin.py:109} INFO - [2021-11-24 13:12:34,473] {dagbag.py:500} INFO - Filling up the DagBag from /home/dante/DWBI/Apache/dags/DWBI_HW2_dag.py
[2021-11-24 13:12:34,742] {processor.py:632} INFO - DAG(s) dict_keys(['DWBI_HW2_dag']) retrieved from /home/dante/DWBI/Apache/dags/DWBI_HW2_dag.py
[2021-11-24 13:12:34,960] {logging_mixin.py:109} INFO - [2021-11-24 13:12:34,960] {dag.py:2389} INFO - Sync 1 DAGs
[2021-11-24 13:12:34,968] {logging_mixin.py:109} INFO - [2021-11-24 13:12:34,968] {dag.py:2921} INFO - Setting next_dagrun for DWBI_HW2_dag to 2021-11-22T00:00:00+00:00
[2021-11-24 13:12:34,976] {processor.py:171} INFO - Processing /home/dante/DWBI/Apache/dags/DWBI_HW2_dag.py took 0.516 seconds
[2021-11-24 13:13:12,169] {processor.py:163} INFO - Started process (PID=44470) to work on /home/dante/DWBI/Apache/dags/DWBI_HW2_dag.py
[2021-11-24 13:13:12,178] {processor.py:620} INFO - Processing file /home/dante/DWBI/Apache/dags/DWBI_HW2_dag.py for tasks to queue
[2021-11-24 13:13:12,179] {logging_mixin.py:109} INFO - [2021-11-24 13:13:12,179] {dagbag.py:500} INFO - Filling up the DagBag from /home/dante/DWBI/Apache/dags/DWBI_HW2_dag.py
[2021-11-24 13:13:12,452] {processor.py:632} INFO - DAG(s) dict_keys(['DWBI_HW2_dag']) retrieved from /home/dante/DWBI/Apache/dags/DWBI_HW2_dag.py
[2021-11-24 13:13:12,673] {logging_mixin.py:109} INFO - [2021-11-24 13:13:12,673] {dag.py:2389} INFO - Sync 1 DAGs
[2021-11-24 13:13:12,681] {logging_mixin.py:109} INFO - [2021-11-24 13:13:12,681] {dag.py:2921} INFO - Setting next_dagrun for DWBI_HW2_dag to 2021-11-22T00:00:00+00:00
[2021-11-24 13:13:12,689] {processor.py:171} INFO - Processing /home/dante/DWBI/Apache/dags/DWBI_HW2_dag.py took 0.523 seconds
[2021-11-24 13:13:45,243] {processor.py:163} INFO - Started process (PID=44528) to work on /home/dante/DWBI/Apache/dags/DWBI_HW2_dag.py
[2021-11-24 13:13:45,245] {processor.py:620} INFO - Processing file /home/dante/DWBI/Apache/dags/DWBI_HW2_dag.py for tasks to queue
[2021-11-24 13:13:45,246] {logging_mixin.py:109} INFO - [2021-11-24 13:13:45,246] {dagbag.py:500} INFO - Filling up the DagBag from /home/dante/DWBI/Apache/dags/DWBI_HW2_dag.py
[2021-11-24 13:13:45,533] {processor.py:632} INFO - DAG(s) dict_keys(['DWBI_HW2_dag']) retrieved from /home/dante/DWBI/Apache/dags/DWBI_HW2_dag.py
[2021-11-24 13:13:45,771] {logging_mixin.py:109} INFO - [2021-11-24 13:13:45,771] {dag.py:2389} INFO - Sync 1 DAGs
[2021-11-24 13:13:45,780] {logging_mixin.py:109} INFO - [2021-11-24 13:13:45,780] {dag.py:2921} INFO - Setting next_dagrun for DWBI_HW2_dag to 2021-11-22T00:00:00+00:00
[2021-11-24 13:13:45,792] {processor.py:171} INFO - Processing /home/dante/DWBI/Apache/dags/DWBI_HW2_dag.py took 0.552 seconds
[2021-11-24 13:14:22,909] {processor.py:163} INFO - Started process (PID=44588) to work on /home/dante/DWBI/Apache/dags/DWBI_HW2_dag.py
[2021-11-24 13:14:22,919] {processor.py:620} INFO - Processing file /home/dante/DWBI/Apache/dags/DWBI_HW2_dag.py for tasks to queue
[2021-11-24 13:14:22,921] {logging_mixin.py:109} INFO - [2021-11-24 13:14:22,921] {dagbag.py:500} INFO - Filling up the DagBag from /home/dante/DWBI/Apache/dags/DWBI_HW2_dag.py
[2021-11-24 13:14:23,310] {processor.py:632} INFO - DAG(s) dict_keys(['DWBI_HW2_dag']) retrieved from /home/dante/DWBI/Apache/dags/DWBI_HW2_dag.py
[2021-11-24 13:14:23,543] {logging_mixin.py:109} INFO - [2021-11-24 13:14:23,543] {dag.py:2389} INFO - Sync 1 DAGs
[2021-11-24 13:14:23,552] {logging_mixin.py:109} INFO - [2021-11-24 13:14:23,552] {dag.py:2921} INFO - Setting next_dagrun for DWBI_HW2_dag to 2021-11-22T00:00:00+00:00
[2021-11-24 13:14:23,562] {processor.py:171} INFO - Processing /home/dante/DWBI/Apache/dags/DWBI_HW2_dag.py took 0.657 seconds
[2021-11-24 13:14:54,375] {processor.py:163} INFO - Started process (PID=44721) to work on /home/dante/DWBI/Apache/dags/DWBI_HW2_dag.py
[2021-11-24 13:14:54,386] {processor.py:620} INFO - Processing file /home/dante/DWBI/Apache/dags/DWBI_HW2_dag.py for tasks to queue
[2021-11-24 13:14:54,387] {logging_mixin.py:109} INFO - [2021-11-24 13:14:54,387] {dagbag.py:500} INFO - Filling up the DagBag from /home/dante/DWBI/Apache/dags/DWBI_HW2_dag.py
[2021-11-24 13:14:54,674] {processor.py:632} INFO - DAG(s) dict_keys(['DWBI_HW2_dag']) retrieved from /home/dante/DWBI/Apache/dags/DWBI_HW2_dag.py
[2021-11-24 13:14:54,903] {logging_mixin.py:109} INFO - [2021-11-24 13:14:54,902] {dag.py:2389} INFO - Sync 1 DAGs
[2021-11-24 13:14:54,915] {logging_mixin.py:109} INFO - [2021-11-24 13:14:54,915] {dag.py:2921} INFO - Setting next_dagrun for DWBI_HW2_dag to 2021-11-22T00:00:00+00:00
[2021-11-24 13:14:54,925] {processor.py:171} INFO - Processing /home/dante/DWBI/Apache/dags/DWBI_HW2_dag.py took 0.553 seconds
[2021-11-24 13:15:25,440] {processor.py:163} INFO - Started process (PID=44793) to work on /home/dante/DWBI/Apache/dags/DWBI_HW2_dag.py
[2021-11-24 13:15:25,449] {processor.py:620} INFO - Processing file /home/dante/DWBI/Apache/dags/DWBI_HW2_dag.py for tasks to queue
[2021-11-24 13:15:25,450] {logging_mixin.py:109} INFO - [2021-11-24 13:15:25,450] {dagbag.py:500} INFO - Filling up the DagBag from /home/dante/DWBI/Apache/dags/DWBI_HW2_dag.py
[2021-11-24 13:15:25,713] {processor.py:632} INFO - DAG(s) dict_keys(['DWBI_HW2_dag']) retrieved from /home/dante/DWBI/Apache/dags/DWBI_HW2_dag.py
[2021-11-24 13:15:25,930] {logging_mixin.py:109} INFO - [2021-11-24 13:15:25,930] {dag.py:2389} INFO - Sync 1 DAGs
[2021-11-24 13:15:25,938] {logging_mixin.py:109} INFO - [2021-11-24 13:15:25,938] {dag.py:2921} INFO - Setting next_dagrun for DWBI_HW2_dag to 2021-11-22T00:00:00+00:00
[2021-11-24 13:15:25,970] {processor.py:171} INFO - Processing /home/dante/DWBI/Apache/dags/DWBI_HW2_dag.py took 0.532 seconds
[2021-11-24 13:15:57,949] {processor.py:163} INFO - Started process (PID=45249) to work on /home/dante/DWBI/Apache/dags/DWBI_HW2_dag.py
[2021-11-24 13:15:57,950] {processor.py:620} INFO - Processing file /home/dante/DWBI/Apache/dags/DWBI_HW2_dag.py for tasks to queue
[2021-11-24 13:15:57,951] {logging_mixin.py:109} INFO - [2021-11-24 13:15:57,951] {dagbag.py:500} INFO - Filling up the DagBag from /home/dante/DWBI/Apache/dags/DWBI_HW2_dag.py
[2021-11-24 13:15:58,214] {processor.py:632} INFO - DAG(s) dict_keys(['DWBI_HW2_dag']) retrieved from /home/dante/DWBI/Apache/dags/DWBI_HW2_dag.py
[2021-11-24 13:15:58,418] {logging_mixin.py:109} INFO - [2021-11-24 13:15:58,418] {dag.py:2389} INFO - Sync 1 DAGs
[2021-11-24 13:15:58,426] {logging_mixin.py:109} INFO - [2021-11-24 13:15:58,426] {dag.py:2921} INFO - Setting next_dagrun for DWBI_HW2_dag to 2021-11-22T00:00:00+00:00
[2021-11-24 13:15:58,433] {processor.py:171} INFO - Processing /home/dante/DWBI/Apache/dags/DWBI_HW2_dag.py took 0.486 seconds
[2021-11-24 13:16:31,792] {processor.py:163} INFO - Started process (PID=45361) to work on /home/dante/DWBI/Apache/dags/DWBI_HW2_dag.py
[2021-11-24 13:16:31,792] {processor.py:620} INFO - Processing file /home/dante/DWBI/Apache/dags/DWBI_HW2_dag.py for tasks to queue
[2021-11-24 13:16:31,793] {logging_mixin.py:109} INFO - [2021-11-24 13:16:31,793] {dagbag.py:500} INFO - Filling up the DagBag from /home/dante/DWBI/Apache/dags/DWBI_HW2_dag.py
[2021-11-24 13:16:32,054] {processor.py:632} INFO - DAG(s) dict_keys(['DWBI_HW2_dag']) retrieved from /home/dante/DWBI/Apache/dags/DWBI_HW2_dag.py
[2021-11-24 13:16:32,266] {logging_mixin.py:109} INFO - [2021-11-24 13:16:32,266] {dag.py:2389} INFO - Sync 1 DAGs
[2021-11-24 13:16:32,274] {logging_mixin.py:109} INFO - [2021-11-24 13:16:32,274] {dag.py:2921} INFO - Setting next_dagrun for DWBI_HW2_dag to 2021-11-22T00:00:00+00:00
[2021-11-24 13:16:32,282] {processor.py:171} INFO - Processing /home/dante/DWBI/Apache/dags/DWBI_HW2_dag.py took 0.493 seconds
[2021-11-24 13:17:06,761] {processor.py:163} INFO - Started process (PID=45494) to work on /home/dante/DWBI/Apache/dags/DWBI_HW2_dag.py
[2021-11-24 13:17:06,762] {processor.py:620} INFO - Processing file /home/dante/DWBI/Apache/dags/DWBI_HW2_dag.py for tasks to queue
[2021-11-24 13:17:06,762] {logging_mixin.py:109} INFO - [2021-11-24 13:17:06,762] {dagbag.py:500} INFO - Filling up the DagBag from /home/dante/DWBI/Apache/dags/DWBI_HW2_dag.py
[2021-11-24 13:17:07,053] {processor.py:632} INFO - DAG(s) dict_keys(['DWBI_HW2_dag']) retrieved from /home/dante/DWBI/Apache/dags/DWBI_HW2_dag.py
[2021-11-24 13:17:07,286] {logging_mixin.py:109} INFO - [2021-11-24 13:17:07,286] {dag.py:2389} INFO - Sync 1 DAGs
[2021-11-24 13:17:07,294] {logging_mixin.py:109} INFO - [2021-11-24 13:17:07,294] {dag.py:2921} INFO - Setting next_dagrun for DWBI_HW2_dag to 2021-11-22T00:00:00+00:00
[2021-11-24 13:17:07,302] {processor.py:171} INFO - Processing /home/dante/DWBI/Apache/dags/DWBI_HW2_dag.py took 0.544 seconds
[2021-11-24 13:17:43,635] {processor.py:163} INFO - Started process (PID=45579) to work on /home/dante/DWBI/Apache/dags/DWBI_HW2_dag.py
[2021-11-24 13:17:43,638] {processor.py:620} INFO - Processing file /home/dante/DWBI/Apache/dags/DWBI_HW2_dag.py for tasks to queue
[2021-11-24 13:17:43,639] {logging_mixin.py:109} INFO - [2021-11-24 13:17:43,639] {dagbag.py:500} INFO - Filling up the DagBag from /home/dante/DWBI/Apache/dags/DWBI_HW2_dag.py
[2021-11-24 13:17:43,957] {processor.py:632} INFO - DAG(s) dict_keys(['DWBI_HW2_dag']) retrieved from /home/dante/DWBI/Apache/dags/DWBI_HW2_dag.py
[2021-11-24 13:17:44,182] {logging_mixin.py:109} INFO - [2021-11-24 13:17:44,182] {dag.py:2389} INFO - Sync 1 DAGs
[2021-11-24 13:17:44,191] {logging_mixin.py:109} INFO - [2021-11-24 13:17:44,191] {dag.py:2921} INFO - Setting next_dagrun for DWBI_HW2_dag to 2021-11-22T00:00:00+00:00
[2021-11-24 13:17:44,199] {processor.py:171} INFO - Processing /home/dante/DWBI/Apache/dags/DWBI_HW2_dag.py took 0.566 seconds
[2021-11-24 13:18:15,029] {processor.py:163} INFO - Started process (PID=45628) to work on /home/dante/DWBI/Apache/dags/DWBI_HW2_dag.py
[2021-11-24 13:18:15,040] {processor.py:620} INFO - Processing file /home/dante/DWBI/Apache/dags/DWBI_HW2_dag.py for tasks to queue
[2021-11-24 13:18:15,041] {logging_mixin.py:109} INFO - [2021-11-24 13:18:15,040] {dagbag.py:500} INFO - Filling up the DagBag from /home/dante/DWBI/Apache/dags/DWBI_HW2_dag.py
[2021-11-24 13:18:15,308] {processor.py:632} INFO - DAG(s) dict_keys(['DWBI_HW2_dag']) retrieved from /home/dante/DWBI/Apache/dags/DWBI_HW2_dag.py
[2021-11-24 13:18:15,525] {logging_mixin.py:109} INFO - [2021-11-24 13:18:15,525] {dag.py:2389} INFO - Sync 1 DAGs
[2021-11-24 13:18:15,532] {logging_mixin.py:109} INFO - [2021-11-24 13:18:15,532] {dag.py:2921} INFO - Setting next_dagrun for DWBI_HW2_dag to 2021-11-22T00:00:00+00:00
[2021-11-24 13:18:15,540] {processor.py:171} INFO - Processing /home/dante/DWBI/Apache/dags/DWBI_HW2_dag.py took 0.515 seconds
[2021-11-24 13:18:47,705] {processor.py:163} INFO - Started process (PID=45693) to work on /home/dante/DWBI/Apache/dags/DWBI_HW2_dag.py
[2021-11-24 13:18:47,714] {processor.py:620} INFO - Processing file /home/dante/DWBI/Apache/dags/DWBI_HW2_dag.py for tasks to queue
[2021-11-24 13:18:47,714] {logging_mixin.py:109} INFO - [2021-11-24 13:18:47,714] {dagbag.py:500} INFO - Filling up the DagBag from /home/dante/DWBI/Apache/dags/DWBI_HW2_dag.py
[2021-11-24 13:18:48,027] {processor.py:632} INFO - DAG(s) dict_keys(['DWBI_HW2_dag']) retrieved from /home/dante/DWBI/Apache/dags/DWBI_HW2_dag.py
[2021-11-24 13:18:48,245] {logging_mixin.py:109} INFO - [2021-11-24 13:18:48,245] {dag.py:2389} INFO - Sync 1 DAGs
[2021-11-24 13:18:48,254] {logging_mixin.py:109} INFO - [2021-11-24 13:18:48,254] {dag.py:2921} INFO - Setting next_dagrun for DWBI_HW2_dag to 2021-11-22T00:00:00+00:00
[2021-11-24 13:18:48,265] {processor.py:171} INFO - Processing /home/dante/DWBI/Apache/dags/DWBI_HW2_dag.py took 0.562 seconds
[2021-11-24 13:19:25,269] {processor.py:163} INFO - Started process (PID=45746) to work on /home/dante/DWBI/Apache/dags/DWBI_HW2_dag.py
[2021-11-24 13:19:25,278] {processor.py:620} INFO - Processing file /home/dante/DWBI/Apache/dags/DWBI_HW2_dag.py for tasks to queue
[2021-11-24 13:19:25,279] {logging_mixin.py:109} INFO - [2021-11-24 13:19:25,278] {dagbag.py:500} INFO - Filling up the DagBag from /home/dante/DWBI/Apache/dags/DWBI_HW2_dag.py
[2021-11-24 13:19:25,537] {processor.py:632} INFO - DAG(s) dict_keys(['DWBI_HW2_dag']) retrieved from /home/dante/DWBI/Apache/dags/DWBI_HW2_dag.py
[2021-11-24 13:19:25,744] {logging_mixin.py:109} INFO - [2021-11-24 13:19:25,744] {dag.py:2389} INFO - Sync 1 DAGs
[2021-11-24 13:19:25,752] {logging_mixin.py:109} INFO - [2021-11-24 13:19:25,752] {dag.py:2921} INFO - Setting next_dagrun for DWBI_HW2_dag to 2021-11-22T00:00:00+00:00
[2021-11-24 13:19:25,767] {processor.py:171} INFO - Processing /home/dante/DWBI/Apache/dags/DWBI_HW2_dag.py took 0.500 seconds
[2021-11-24 13:19:58,290] {processor.py:163} INFO - Started process (PID=45788) to work on /home/dante/DWBI/Apache/dags/DWBI_HW2_dag.py
[2021-11-24 13:19:58,299] {processor.py:620} INFO - Processing file /home/dante/DWBI/Apache/dags/DWBI_HW2_dag.py for tasks to queue
[2021-11-24 13:19:58,300] {logging_mixin.py:109} INFO - [2021-11-24 13:19:58,299] {dagbag.py:500} INFO - Filling up the DagBag from /home/dante/DWBI/Apache/dags/DWBI_HW2_dag.py
[2021-11-24 13:19:58,611] {processor.py:632} INFO - DAG(s) dict_keys(['DWBI_HW2_dag']) retrieved from /home/dante/DWBI/Apache/dags/DWBI_HW2_dag.py
[2021-11-24 13:19:58,824] {logging_mixin.py:109} INFO - [2021-11-24 13:19:58,824] {dag.py:2389} INFO - Sync 1 DAGs
[2021-11-24 13:19:58,832] {logging_mixin.py:109} INFO - [2021-11-24 13:19:58,832] {dag.py:2921} INFO - Setting next_dagrun for DWBI_HW2_dag to 2021-11-22T00:00:00+00:00
[2021-11-24 13:19:58,841] {processor.py:171} INFO - Processing /home/dante/DWBI/Apache/dags/DWBI_HW2_dag.py took 0.553 seconds
[2021-11-24 13:20:33,308] {processor.py:163} INFO - Started process (PID=45836) to work on /home/dante/DWBI/Apache/dags/DWBI_HW2_dag.py
[2021-11-24 13:20:33,317] {processor.py:620} INFO - Processing file /home/dante/DWBI/Apache/dags/DWBI_HW2_dag.py for tasks to queue
[2021-11-24 13:20:33,318] {logging_mixin.py:109} INFO - [2021-11-24 13:20:33,318] {dagbag.py:500} INFO - Filling up the DagBag from /home/dante/DWBI/Apache/dags/DWBI_HW2_dag.py
[2021-11-24 13:20:33,635] {processor.py:632} INFO - DAG(s) dict_keys(['DWBI_HW2_dag']) retrieved from /home/dante/DWBI/Apache/dags/DWBI_HW2_dag.py
[2021-11-24 13:20:33,855] {logging_mixin.py:109} INFO - [2021-11-24 13:20:33,855] {dag.py:2389} INFO - Sync 1 DAGs
[2021-11-24 13:20:33,863] {logging_mixin.py:109} INFO - [2021-11-24 13:20:33,863] {dag.py:2921} INFO - Setting next_dagrun for DWBI_HW2_dag to 2021-11-22T00:00:00+00:00
[2021-11-24 13:20:33,876] {processor.py:171} INFO - Processing /home/dante/DWBI/Apache/dags/DWBI_HW2_dag.py took 0.569 seconds
[2021-11-24 13:21:06,743] {processor.py:163} INFO - Started process (PID=45889) to work on /home/dante/DWBI/Apache/dags/DWBI_HW2_dag.py
[2021-11-24 13:21:06,745] {processor.py:620} INFO - Processing file /home/dante/DWBI/Apache/dags/DWBI_HW2_dag.py for tasks to queue
[2021-11-24 13:21:06,745] {logging_mixin.py:109} INFO - [2021-11-24 13:21:06,745] {dagbag.py:500} INFO - Filling up the DagBag from /home/dante/DWBI/Apache/dags/DWBI_HW2_dag.py
[2021-11-24 13:21:07,028] {processor.py:632} INFO - DAG(s) dict_keys(['DWBI_HW2_dag']) retrieved from /home/dante/DWBI/Apache/dags/DWBI_HW2_dag.py
[2021-11-24 13:21:07,248] {logging_mixin.py:109} INFO - [2021-11-24 13:21:07,248] {dag.py:2389} INFO - Sync 1 DAGs
[2021-11-24 13:21:07,256] {logging_mixin.py:109} INFO - [2021-11-24 13:21:07,255] {dag.py:2921} INFO - Setting next_dagrun for DWBI_HW2_dag to 2021-11-22T00:00:00+00:00
[2021-11-24 13:21:07,264] {processor.py:171} INFO - Processing /home/dante/DWBI/Apache/dags/DWBI_HW2_dag.py took 0.524 seconds
[2021-11-24 13:21:39,693] {processor.py:163} INFO - Started process (PID=45971) to work on /home/dante/DWBI/Apache/dags/DWBI_HW2_dag.py
[2021-11-24 13:21:39,702] {processor.py:620} INFO - Processing file /home/dante/DWBI/Apache/dags/DWBI_HW2_dag.py for tasks to queue
[2021-11-24 13:21:39,703] {logging_mixin.py:109} INFO - [2021-11-24 13:21:39,703] {dagbag.py:500} INFO - Filling up the DagBag from /home/dante/DWBI/Apache/dags/DWBI_HW2_dag.py
[2021-11-24 13:21:40,005] {processor.py:632} INFO - DAG(s) dict_keys(['DWBI_HW2_dag']) retrieved from /home/dante/DWBI/Apache/dags/DWBI_HW2_dag.py
[2021-11-24 13:21:40,207] {logging_mixin.py:109} INFO - [2021-11-24 13:21:40,207] {dag.py:2389} INFO - Sync 1 DAGs
[2021-11-24 13:21:40,214] {logging_mixin.py:109} INFO - [2021-11-24 13:21:40,214] {dag.py:2921} INFO - Setting next_dagrun for DWBI_HW2_dag to 2021-11-22T00:00:00+00:00
[2021-11-24 13:21:40,232] {processor.py:171} INFO - Processing /home/dante/DWBI/Apache/dags/DWBI_HW2_dag.py took 0.541 seconds
[2021-11-24 13:22:11,046] {processor.py:163} INFO - Started process (PID=46029) to work on /home/dante/DWBI/Apache/dags/DWBI_HW2_dag.py
[2021-11-24 13:22:11,057] {processor.py:620} INFO - Processing file /home/dante/DWBI/Apache/dags/DWBI_HW2_dag.py for tasks to queue
[2021-11-24 13:22:11,059] {logging_mixin.py:109} INFO - [2021-11-24 13:22:11,058] {dagbag.py:500} INFO - Filling up the DagBag from /home/dante/DWBI/Apache/dags/DWBI_HW2_dag.py
[2021-11-24 13:22:11,351] {processor.py:632} INFO - DAG(s) dict_keys(['DWBI_HW2_dag']) retrieved from /home/dante/DWBI/Apache/dags/DWBI_HW2_dag.py
[2021-11-24 13:22:11,578] {logging_mixin.py:109} INFO - [2021-11-24 13:22:11,577] {dag.py:2389} INFO - Sync 1 DAGs
[2021-11-24 13:22:11,586] {logging_mixin.py:109} INFO - [2021-11-24 13:22:11,586] {dag.py:2921} INFO - Setting next_dagrun for DWBI_HW2_dag to 2021-11-22T00:00:00+00:00
[2021-11-24 13:22:11,603] {processor.py:171} INFO - Processing /home/dante/DWBI/Apache/dags/DWBI_HW2_dag.py took 0.564 seconds
[2021-11-24 13:22:42,336] {processor.py:163} INFO - Started process (PID=46081) to work on /home/dante/DWBI/Apache/dags/DWBI_HW2_dag.py
[2021-11-24 13:22:42,339] {processor.py:620} INFO - Processing file /home/dante/DWBI/Apache/dags/DWBI_HW2_dag.py for tasks to queue
[2021-11-24 13:22:42,339] {logging_mixin.py:109} INFO - [2021-11-24 13:22:42,339] {dagbag.py:500} INFO - Filling up the DagBag from /home/dante/DWBI/Apache/dags/DWBI_HW2_dag.py
[2021-11-24 13:22:42,671] {processor.py:632} INFO - DAG(s) dict_keys(['DWBI_HW2_dag']) retrieved from /home/dante/DWBI/Apache/dags/DWBI_HW2_dag.py
[2021-11-24 13:22:42,896] {logging_mixin.py:109} INFO - [2021-11-24 13:22:42,896] {dag.py:2389} INFO - Sync 1 DAGs
[2021-11-24 13:22:42,905] {logging_mixin.py:109} INFO - [2021-11-24 13:22:42,904] {dag.py:2921} INFO - Setting next_dagrun for DWBI_HW2_dag to 2021-11-22T00:00:00+00:00
[2021-11-24 13:22:42,915] {processor.py:171} INFO - Processing /home/dante/DWBI/Apache/dags/DWBI_HW2_dag.py took 0.582 seconds
[2021-11-24 13:23:17,437] {processor.py:163} INFO - Started process (PID=46467) to work on /home/dante/DWBI/Apache/dags/DWBI_HW2_dag.py
[2021-11-24 13:23:17,448] {processor.py:620} INFO - Processing file /home/dante/DWBI/Apache/dags/DWBI_HW2_dag.py for tasks to queue
[2021-11-24 13:23:17,450] {logging_mixin.py:109} INFO - [2021-11-24 13:23:17,450] {dagbag.py:500} INFO - Filling up the DagBag from /home/dante/DWBI/Apache/dags/DWBI_HW2_dag.py
[2021-11-24 13:23:17,856] {processor.py:632} INFO - DAG(s) dict_keys(['DWBI_HW2_dag']) retrieved from /home/dante/DWBI/Apache/dags/DWBI_HW2_dag.py
[2021-11-24 13:23:18,091] {logging_mixin.py:109} INFO - [2021-11-24 13:23:18,090] {dag.py:2389} INFO - Sync 1 DAGs
[2021-11-24 13:23:18,099] {logging_mixin.py:109} INFO - [2021-11-24 13:23:18,099] {dag.py:2921} INFO - Setting next_dagrun for DWBI_HW2_dag to 2021-11-22T00:00:00+00:00
[2021-11-24 13:23:18,117] {processor.py:171} INFO - Processing /home/dante/DWBI/Apache/dags/DWBI_HW2_dag.py took 0.686 seconds
[2021-11-24 13:23:48,559] {processor.py:163} INFO - Started process (PID=46511) to work on /home/dante/DWBI/Apache/dags/DWBI_HW2_dag.py
[2021-11-24 13:23:48,570] {processor.py:620} INFO - Processing file /home/dante/DWBI/Apache/dags/DWBI_HW2_dag.py for tasks to queue
[2021-11-24 13:23:48,571] {logging_mixin.py:109} INFO - [2021-11-24 13:23:48,571] {dagbag.py:500} INFO - Filling up the DagBag from /home/dante/DWBI/Apache/dags/DWBI_HW2_dag.py
[2021-11-24 13:23:48,849] {processor.py:632} INFO - DAG(s) dict_keys(['DWBI_HW2_dag']) retrieved from /home/dante/DWBI/Apache/dags/DWBI_HW2_dag.py
[2021-11-24 13:23:49,083] {logging_mixin.py:109} INFO - [2021-11-24 13:23:49,083] {dag.py:2389} INFO - Sync 1 DAGs
[2021-11-24 13:23:49,091] {logging_mixin.py:109} INFO - [2021-11-24 13:23:49,091] {dag.py:2921} INFO - Setting next_dagrun for DWBI_HW2_dag to 2021-11-22T00:00:00+00:00
[2021-11-24 13:23:49,114] {processor.py:171} INFO - Processing /home/dante/DWBI/Apache/dags/DWBI_HW2_dag.py took 0.562 seconds
[2021-11-24 13:24:24,659] {processor.py:163} INFO - Started process (PID=46578) to work on /home/dante/DWBI/Apache/dags/DWBI_HW2_dag.py
[2021-11-24 13:24:24,668] {processor.py:620} INFO - Processing file /home/dante/DWBI/Apache/dags/DWBI_HW2_dag.py for tasks to queue
[2021-11-24 13:24:24,668] {logging_mixin.py:109} INFO - [2021-11-24 13:24:24,668] {dagbag.py:500} INFO - Filling up the DagBag from /home/dante/DWBI/Apache/dags/DWBI_HW2_dag.py
[2021-11-24 13:24:24,957] {processor.py:632} INFO - DAG(s) dict_keys(['DWBI_HW2_dag']) retrieved from /home/dante/DWBI/Apache/dags/DWBI_HW2_dag.py
[2021-11-24 13:24:25,204] {logging_mixin.py:109} INFO - [2021-11-24 13:24:25,204] {dag.py:2389} INFO - Sync 1 DAGs
[2021-11-24 13:24:25,214] {logging_mixin.py:109} INFO - [2021-11-24 13:24:25,214] {dag.py:2921} INFO - Setting next_dagrun for DWBI_HW2_dag to 2021-11-22T00:00:00+00:00
[2021-11-24 13:24:25,223] {processor.py:171} INFO - Processing /home/dante/DWBI/Apache/dags/DWBI_HW2_dag.py took 0.567 seconds
[2021-11-24 13:24:59,761] {processor.py:163} INFO - Started process (PID=46749) to work on /home/dante/DWBI/Apache/dags/DWBI_HW2_dag.py
[2021-11-24 13:24:59,771] {processor.py:620} INFO - Processing file /home/dante/DWBI/Apache/dags/DWBI_HW2_dag.py for tasks to queue
[2021-11-24 13:24:59,771] {logging_mixin.py:109} INFO - [2021-11-24 13:24:59,771] {dagbag.py:500} INFO - Filling up the DagBag from /home/dante/DWBI/Apache/dags/DWBI_HW2_dag.py
[2021-11-24 13:25:00,316] {processor.py:632} INFO - DAG(s) dict_keys(['DWBI_HW2_dag']) retrieved from /home/dante/DWBI/Apache/dags/DWBI_HW2_dag.py
[2021-11-24 13:25:00,557] {logging_mixin.py:109} INFO - [2021-11-24 13:25:00,557] {dag.py:2389} INFO - Sync 1 DAGs
[2021-11-24 13:25:00,566] {logging_mixin.py:109} INFO - [2021-11-24 13:25:00,566] {dag.py:2921} INFO - Setting next_dagrun for DWBI_HW2_dag to 2021-11-22T00:00:00+00:00
[2021-11-24 13:25:00,581] {processor.py:171} INFO - Processing /home/dante/DWBI/Apache/dags/DWBI_HW2_dag.py took 0.823 seconds
[2021-11-24 13:25:36,704] {processor.py:163} INFO - Started process (PID=46825) to work on /home/dante/DWBI/Apache/dags/DWBI_HW2_dag.py
[2021-11-24 13:25:36,705] {processor.py:620} INFO - Processing file /home/dante/DWBI/Apache/dags/DWBI_HW2_dag.py for tasks to queue
[2021-11-24 13:25:36,706] {logging_mixin.py:109} INFO - [2021-11-24 13:25:36,706] {dagbag.py:500} INFO - Filling up the DagBag from /home/dante/DWBI/Apache/dags/DWBI_HW2_dag.py
[2021-11-24 13:25:37,033] {processor.py:632} INFO - DAG(s) dict_keys(['DWBI_HW2_dag']) retrieved from /home/dante/DWBI/Apache/dags/DWBI_HW2_dag.py
[2021-11-24 13:25:37,291] {logging_mixin.py:109} INFO - [2021-11-24 13:25:37,291] {dag.py:2389} INFO - Sync 1 DAGs
[2021-11-24 13:25:37,302] {logging_mixin.py:109} INFO - [2021-11-24 13:25:37,302] {dag.py:2921} INFO - Setting next_dagrun for DWBI_HW2_dag to 2021-11-22T00:00:00+00:00
[2021-11-24 13:25:37,311] {processor.py:171} INFO - Processing /home/dante/DWBI/Apache/dags/DWBI_HW2_dag.py took 0.609 seconds
[2021-11-24 13:26:12,404] {processor.py:163} INFO - Started process (PID=46900) to work on /home/dante/DWBI/Apache/dags/DWBI_HW2_dag.py
[2021-11-24 13:26:12,414] {processor.py:620} INFO - Processing file /home/dante/DWBI/Apache/dags/DWBI_HW2_dag.py for tasks to queue
[2021-11-24 13:26:12,415] {logging_mixin.py:109} INFO - [2021-11-24 13:26:12,415] {dagbag.py:500} INFO - Filling up the DagBag from /home/dante/DWBI/Apache/dags/DWBI_HW2_dag.py
[2021-11-24 13:26:12,694] {processor.py:632} INFO - DAG(s) dict_keys(['DWBI_HW2_dag']) retrieved from /home/dante/DWBI/Apache/dags/DWBI_HW2_dag.py
[2021-11-24 13:26:12,910] {logging_mixin.py:109} INFO - [2021-11-24 13:26:12,910] {dag.py:2389} INFO - Sync 1 DAGs
[2021-11-24 13:26:12,918] {logging_mixin.py:109} INFO - [2021-11-24 13:26:12,918] {dag.py:2921} INFO - Setting next_dagrun for DWBI_HW2_dag to 2021-11-22T00:00:00+00:00
[2021-11-24 13:26:12,938] {processor.py:171} INFO - Processing /home/dante/DWBI/Apache/dags/DWBI_HW2_dag.py took 0.537 seconds
[2021-11-24 13:26:50,326] {processor.py:163} INFO - Started process (PID=47033) to work on /home/dante/DWBI/Apache/dags/DWBI_HW2_dag.py
[2021-11-24 13:26:50,327] {processor.py:620} INFO - Processing file /home/dante/DWBI/Apache/dags/DWBI_HW2_dag.py for tasks to queue
[2021-11-24 13:26:50,329] {logging_mixin.py:109} INFO - [2021-11-24 13:26:50,328] {dagbag.py:500} INFO - Filling up the DagBag from /home/dante/DWBI/Apache/dags/DWBI_HW2_dag.py
[2021-11-24 13:26:50,714] {processor.py:632} INFO - DAG(s) dict_keys(['DWBI_HW2_dag']) retrieved from /home/dante/DWBI/Apache/dags/DWBI_HW2_dag.py
[2021-11-24 13:26:50,721] {logging_mixin.py:109} INFO - [2021-11-24 13:26:50,720] {dag.py:2389} INFO - Sync 1 DAGs
[2021-11-24 13:26:50,731] {logging_mixin.py:109} INFO - [2021-11-24 13:26:50,730] {dag.py:2921} INFO - Setting next_dagrun for DWBI_HW2_dag to 2021-11-22T00:00:00+00:00
[2021-11-24 13:26:50,740] {processor.py:171} INFO - Processing /home/dante/DWBI/Apache/dags/DWBI_HW2_dag.py took 0.417 seconds
[2021-11-24 13:27:21,260] {processor.py:163} INFO - Started process (PID=47083) to work on /home/dante/DWBI/Apache/dags/DWBI_HW2_dag.py
[2021-11-24 13:27:21,271] {processor.py:620} INFO - Processing file /home/dante/DWBI/Apache/dags/DWBI_HW2_dag.py for tasks to queue
[2021-11-24 13:27:21,272] {logging_mixin.py:109} INFO - [2021-11-24 13:27:21,272] {dagbag.py:500} INFO - Filling up the DagBag from /home/dante/DWBI/Apache/dags/DWBI_HW2_dag.py
[2021-11-24 13:27:21,549] {processor.py:632} INFO - DAG(s) dict_keys(['DWBI_HW2_dag']) retrieved from /home/dante/DWBI/Apache/dags/DWBI_HW2_dag.py
[2021-11-24 13:27:21,758] {logging_mixin.py:109} INFO - [2021-11-24 13:27:21,757] {dag.py:2389} INFO - Sync 1 DAGs
[2021-11-24 13:27:21,765] {logging_mixin.py:109} INFO - [2021-11-24 13:27:21,765] {dag.py:2921} INFO - Setting next_dagrun for DWBI_HW2_dag to 2021-11-22T00:00:00+00:00
[2021-11-24 13:27:21,773] {processor.py:171} INFO - Processing /home/dante/DWBI/Apache/dags/DWBI_HW2_dag.py took 0.519 seconds
[2021-11-24 13:27:52,886] {processor.py:163} INFO - Started process (PID=47138) to work on /home/dante/DWBI/Apache/dags/DWBI_HW2_dag.py
[2021-11-24 13:27:52,890] {processor.py:620} INFO - Processing file /home/dante/DWBI/Apache/dags/DWBI_HW2_dag.py for tasks to queue
[2021-11-24 13:27:52,892] {logging_mixin.py:109} INFO - [2021-11-24 13:27:52,892] {dagbag.py:500} INFO - Filling up the DagBag from /home/dante/DWBI/Apache/dags/DWBI_HW2_dag.py
[2021-11-24 13:27:53,195] {processor.py:632} INFO - DAG(s) dict_keys(['DWBI_HW2_dag']) retrieved from /home/dante/DWBI/Apache/dags/DWBI_HW2_dag.py
[2021-11-24 13:27:53,431] {logging_mixin.py:109} INFO - [2021-11-24 13:27:53,431] {dag.py:2389} INFO - Sync 1 DAGs
[2021-11-24 13:27:53,439] {logging_mixin.py:109} INFO - [2021-11-24 13:27:53,439] {dag.py:2921} INFO - Setting next_dagrun for DWBI_HW2_dag to 2021-11-22T00:00:00+00:00
[2021-11-24 13:27:53,449] {processor.py:171} INFO - Processing /home/dante/DWBI/Apache/dags/DWBI_HW2_dag.py took 0.569 seconds
[2021-11-24 13:28:24,391] {processor.py:163} INFO - Started process (PID=47291) to work on /home/dante/DWBI/Apache/dags/DWBI_HW2_dag.py
[2021-11-24 13:28:24,393] {processor.py:620} INFO - Processing file /home/dante/DWBI/Apache/dags/DWBI_HW2_dag.py for tasks to queue
[2021-11-24 13:28:24,394] {logging_mixin.py:109} INFO - [2021-11-24 13:28:24,394] {dagbag.py:500} INFO - Filling up the DagBag from /home/dante/DWBI/Apache/dags/DWBI_HW2_dag.py
[2021-11-24 13:28:24,706] {processor.py:632} INFO - DAG(s) dict_keys(['DWBI_HW2_dag']) retrieved from /home/dante/DWBI/Apache/dags/DWBI_HW2_dag.py
[2021-11-24 13:28:24,930] {logging_mixin.py:109} INFO - [2021-11-24 13:28:24,930] {dag.py:2389} INFO - Sync 1 DAGs
[2021-11-24 13:28:24,938] {logging_mixin.py:109} INFO - [2021-11-24 13:28:24,938] {dag.py:2921} INFO - Setting next_dagrun for DWBI_HW2_dag to 2021-11-22T00:00:00+00:00
[2021-11-24 13:28:24,947] {processor.py:171} INFO - Processing /home/dante/DWBI/Apache/dags/DWBI_HW2_dag.py took 0.557 seconds
[2021-11-24 13:29:01,278] {processor.py:163} INFO - Started process (PID=47378) to work on /home/dante/DWBI/Apache/dags/DWBI_HW2_dag.py
[2021-11-24 13:29:01,286] {processor.py:620} INFO - Processing file /home/dante/DWBI/Apache/dags/DWBI_HW2_dag.py for tasks to queue
[2021-11-24 13:29:01,287] {logging_mixin.py:109} INFO - [2021-11-24 13:29:01,287] {dagbag.py:500} INFO - Filling up the DagBag from /home/dante/DWBI/Apache/dags/DWBI_HW2_dag.py
[2021-11-24 13:29:01,603] {processor.py:632} INFO - DAG(s) dict_keys(['DWBI_HW2_dag']) retrieved from /home/dante/DWBI/Apache/dags/DWBI_HW2_dag.py
[2021-11-24 13:29:01,817] {logging_mixin.py:109} INFO - [2021-11-24 13:29:01,817] {dag.py:2389} INFO - Sync 1 DAGs
[2021-11-24 13:29:01,825] {logging_mixin.py:109} INFO - [2021-11-24 13:29:01,825] {dag.py:2921} INFO - Setting next_dagrun for DWBI_HW2_dag to 2021-11-22T00:00:00+00:00
[2021-11-24 13:29:01,836] {processor.py:171} INFO - Processing /home/dante/DWBI/Apache/dags/DWBI_HW2_dag.py took 0.560 seconds
[2021-11-24 13:29:38,123] {processor.py:163} INFO - Started process (PID=47443) to work on /home/dante/DWBI/Apache/dags/DWBI_HW2_dag.py
[2021-11-24 13:29:38,125] {processor.py:620} INFO - Processing file /home/dante/DWBI/Apache/dags/DWBI_HW2_dag.py for tasks to queue
[2021-11-24 13:29:38,125] {logging_mixin.py:109} INFO - [2021-11-24 13:29:38,125] {dagbag.py:500} INFO - Filling up the DagBag from /home/dante/DWBI/Apache/dags/DWBI_HW2_dag.py
[2021-11-24 13:29:38,440] {processor.py:632} INFO - DAG(s) dict_keys(['DWBI_HW2_dag']) retrieved from /home/dante/DWBI/Apache/dags/DWBI_HW2_dag.py
[2021-11-24 13:29:38,659] {logging_mixin.py:109} INFO - [2021-11-24 13:29:38,659] {dag.py:2389} INFO - Sync 1 DAGs
[2021-11-24 13:29:38,667] {logging_mixin.py:109} INFO - [2021-11-24 13:29:38,667] {dag.py:2921} INFO - Setting next_dagrun for DWBI_HW2_dag to 2021-11-22T00:00:00+00:00
[2021-11-24 13:29:38,676] {processor.py:171} INFO - Processing /home/dante/DWBI/Apache/dags/DWBI_HW2_dag.py took 0.555 seconds
[2021-11-24 13:30:14,897] {processor.py:163} INFO - Started process (PID=47526) to work on /home/dante/DWBI/Apache/dags/DWBI_HW2_dag.py
[2021-11-24 13:30:14,907] {processor.py:620} INFO - Processing file /home/dante/DWBI/Apache/dags/DWBI_HW2_dag.py for tasks to queue
[2021-11-24 13:30:14,908] {logging_mixin.py:109} INFO - [2021-11-24 13:30:14,908] {dagbag.py:500} INFO - Filling up the DagBag from /home/dante/DWBI/Apache/dags/DWBI_HW2_dag.py
[2021-11-24 13:30:15,184] {processor.py:632} INFO - DAG(s) dict_keys(['DWBI_HW2_dag']) retrieved from /home/dante/DWBI/Apache/dags/DWBI_HW2_dag.py
[2021-11-24 13:30:15,396] {logging_mixin.py:109} INFO - [2021-11-24 13:30:15,396] {dag.py:2389} INFO - Sync 1 DAGs
[2021-11-24 13:30:15,403] {logging_mixin.py:109} INFO - [2021-11-24 13:30:15,403] {dag.py:2921} INFO - Setting next_dagrun for DWBI_HW2_dag to 2021-11-22T00:00:00+00:00
[2021-11-24 13:30:15,411] {processor.py:171} INFO - Processing /home/dante/DWBI/Apache/dags/DWBI_HW2_dag.py took 0.521 seconds
[2021-11-24 13:30:50,926] {processor.py:163} INFO - Started process (PID=47580) to work on /home/dante/DWBI/Apache/dags/DWBI_HW2_dag.py
[2021-11-24 13:30:50,936] {processor.py:620} INFO - Processing file /home/dante/DWBI/Apache/dags/DWBI_HW2_dag.py for tasks to queue
[2021-11-24 13:30:50,937] {logging_mixin.py:109} INFO - [2021-11-24 13:30:50,937] {dagbag.py:500} INFO - Filling up the DagBag from /home/dante/DWBI/Apache/dags/DWBI_HW2_dag.py
[2021-11-24 13:30:51,210] {processor.py:632} INFO - DAG(s) dict_keys(['DWBI_HW2_dag']) retrieved from /home/dante/DWBI/Apache/dags/DWBI_HW2_dag.py
[2021-11-24 13:30:51,433] {logging_mixin.py:109} INFO - [2021-11-24 13:30:51,433] {dag.py:2389} INFO - Sync 1 DAGs
[2021-11-24 13:30:51,441] {logging_mixin.py:109} INFO - [2021-11-24 13:30:51,441] {dag.py:2921} INFO - Setting next_dagrun for DWBI_HW2_dag to 2021-11-22T00:00:00+00:00
[2021-11-24 13:30:51,460] {processor.py:171} INFO - Processing /home/dante/DWBI/Apache/dags/DWBI_HW2_dag.py took 0.536 seconds
[2021-11-24 13:31:24,895] {processor.py:163} INFO - Started process (PID=47632) to work on /home/dante/DWBI/Apache/dags/DWBI_HW2_dag.py
[2021-11-24 13:31:24,905] {processor.py:620} INFO - Processing file /home/dante/DWBI/Apache/dags/DWBI_HW2_dag.py for tasks to queue
[2021-11-24 13:31:24,905] {logging_mixin.py:109} INFO - [2021-11-24 13:31:24,905] {dagbag.py:500} INFO - Filling up the DagBag from /home/dante/DWBI/Apache/dags/DWBI_HW2_dag.py
[2021-11-24 13:31:25,196] {processor.py:632} INFO - DAG(s) dict_keys(['DWBI_HW2_dag']) retrieved from /home/dante/DWBI/Apache/dags/DWBI_HW2_dag.py
[2021-11-24 13:31:25,413] {logging_mixin.py:109} INFO - [2021-11-24 13:31:25,413] {dag.py:2389} INFO - Sync 1 DAGs
[2021-11-24 13:31:25,421] {logging_mixin.py:109} INFO - [2021-11-24 13:31:25,421] {dag.py:2921} INFO - Setting next_dagrun for DWBI_HW2_dag to 2021-11-22T00:00:00+00:00
[2021-11-24 13:31:25,437] {processor.py:171} INFO - Processing /home/dante/DWBI/Apache/dags/DWBI_HW2_dag.py took 0.544 seconds
[2021-11-24 13:32:00,786] {processor.py:163} INFO - Started process (PID=47778) to work on /home/dante/DWBI/Apache/dags/DWBI_HW2_dag.py
[2021-11-24 13:32:00,796] {processor.py:620} INFO - Processing file /home/dante/DWBI/Apache/dags/DWBI_HW2_dag.py for tasks to queue
[2021-11-24 13:32:00,798] {logging_mixin.py:109} INFO - [2021-11-24 13:32:00,798] {dagbag.py:500} INFO - Filling up the DagBag from /home/dante/DWBI/Apache/dags/DWBI_HW2_dag.py
[2021-11-24 13:32:01,112] {processor.py:632} INFO - DAG(s) dict_keys(['DWBI_HW2_dag']) retrieved from /home/dante/DWBI/Apache/dags/DWBI_HW2_dag.py
[2021-11-24 13:32:01,357] {logging_mixin.py:109} INFO - [2021-11-24 13:32:01,357] {dag.py:2389} INFO - Sync 1 DAGs
[2021-11-24 13:32:01,366] {logging_mixin.py:109} INFO - [2021-11-24 13:32:01,366] {dag.py:2921} INFO - Setting next_dagrun for DWBI_HW2_dag to 2021-11-22T00:00:00+00:00
[2021-11-24 13:32:01,384] {processor.py:171} INFO - Processing /home/dante/DWBI/Apache/dags/DWBI_HW2_dag.py took 0.600 seconds
[2021-11-24 13:32:32,412] {processor.py:163} INFO - Started process (PID=48268) to work on /home/dante/DWBI/Apache/dags/DWBI_HW2_dag.py
[2021-11-24 13:32:32,423] {processor.py:620} INFO - Processing file /home/dante/DWBI/Apache/dags/DWBI_HW2_dag.py for tasks to queue
[2021-11-24 13:32:32,424] {logging_mixin.py:109} INFO - [2021-11-24 13:32:32,424] {dagbag.py:500} INFO - Filling up the DagBag from /home/dante/DWBI/Apache/dags/DWBI_HW2_dag.py
[2021-11-24 13:32:32,704] {processor.py:632} INFO - DAG(s) dict_keys(['DWBI_HW2_dag']) retrieved from /home/dante/DWBI/Apache/dags/DWBI_HW2_dag.py
[2021-11-24 13:32:32,921] {logging_mixin.py:109} INFO - [2021-11-24 13:32:32,920] {dag.py:2389} INFO - Sync 1 DAGs
[2021-11-24 13:32:32,928] {logging_mixin.py:109} INFO - [2021-11-24 13:32:32,928] {dag.py:2921} INFO - Setting next_dagrun for DWBI_HW2_dag to 2021-11-22T00:00:00+00:00
[2021-11-24 13:32:32,936] {processor.py:171} INFO - Processing /home/dante/DWBI/Apache/dags/DWBI_HW2_dag.py took 0.530 seconds
[2021-11-24 13:33:07,464] {processor.py:163} INFO - Started process (PID=48427) to work on /home/dante/DWBI/Apache/dags/DWBI_HW2_dag.py
[2021-11-24 13:33:07,468] {processor.py:620} INFO - Processing file /home/dante/DWBI/Apache/dags/DWBI_HW2_dag.py for tasks to queue
[2021-11-24 13:33:07,470] {logging_mixin.py:109} INFO - [2021-11-24 13:33:07,469] {dagbag.py:500} INFO - Filling up the DagBag from /home/dante/DWBI/Apache/dags/DWBI_HW2_dag.py
[2021-11-24 13:33:07,743] {processor.py:632} INFO - DAG(s) dict_keys(['DWBI_HW2_dag']) retrieved from /home/dante/DWBI/Apache/dags/DWBI_HW2_dag.py
[2021-11-24 13:33:07,960] {logging_mixin.py:109} INFO - [2021-11-24 13:33:07,960] {dag.py:2389} INFO - Sync 1 DAGs
[2021-11-24 13:33:07,968] {logging_mixin.py:109} INFO - [2021-11-24 13:33:07,967] {dag.py:2921} INFO - Setting next_dagrun for DWBI_HW2_dag to 2021-11-22T00:00:00+00:00
[2021-11-24 13:33:07,976] {processor.py:171} INFO - Processing /home/dante/DWBI/Apache/dags/DWBI_HW2_dag.py took 0.514 seconds
[2021-11-24 13:33:42,206] {processor.py:163} INFO - Started process (PID=48575) to work on /home/dante/DWBI/Apache/dags/DWBI_HW2_dag.py
[2021-11-24 13:33:42,208] {processor.py:620} INFO - Processing file /home/dante/DWBI/Apache/dags/DWBI_HW2_dag.py for tasks to queue
[2021-11-24 13:33:42,209] {logging_mixin.py:109} INFO - [2021-11-24 13:33:42,209] {dagbag.py:500} INFO - Filling up the DagBag from /home/dante/DWBI/Apache/dags/DWBI_HW2_dag.py
[2021-11-24 13:33:42,488] {processor.py:632} INFO - DAG(s) dict_keys(['DWBI_HW2_dag']) retrieved from /home/dante/DWBI/Apache/dags/DWBI_HW2_dag.py
[2021-11-24 13:33:42,699] {logging_mixin.py:109} INFO - [2021-11-24 13:33:42,699] {dag.py:2389} INFO - Sync 1 DAGs
[2021-11-24 13:33:42,706] {logging_mixin.py:109} INFO - [2021-11-24 13:33:42,706] {dag.py:2921} INFO - Setting next_dagrun for DWBI_HW2_dag to 2021-11-22T00:00:00+00:00
[2021-11-24 13:33:42,714] {processor.py:171} INFO - Processing /home/dante/DWBI/Apache/dags/DWBI_HW2_dag.py took 0.512 seconds
[2021-11-24 13:34:13,655] {processor.py:163} INFO - Started process (PID=48696) to work on /home/dante/DWBI/Apache/dags/DWBI_HW2_dag.py
[2021-11-24 13:34:13,657] {processor.py:620} INFO - Processing file /home/dante/DWBI/Apache/dags/DWBI_HW2_dag.py for tasks to queue
[2021-11-24 13:34:13,658] {logging_mixin.py:109} INFO - [2021-11-24 13:34:13,658] {dagbag.py:500} INFO - Filling up the DagBag from /home/dante/DWBI/Apache/dags/DWBI_HW2_dag.py
[2021-11-24 13:34:13,918] {processor.py:632} INFO - DAG(s) dict_keys(['DWBI_HW2_dag']) retrieved from /home/dante/DWBI/Apache/dags/DWBI_HW2_dag.py
[2021-11-24 13:34:14,127] {logging_mixin.py:109} INFO - [2021-11-24 13:34:14,126] {dag.py:2389} INFO - Sync 1 DAGs
[2021-11-24 13:34:14,134] {logging_mixin.py:109} INFO - [2021-11-24 13:34:14,134] {dag.py:2921} INFO - Setting next_dagrun for DWBI_HW2_dag to 2021-11-22T00:00:00+00:00
[2021-11-24 13:34:14,142] {processor.py:171} INFO - Processing /home/dante/DWBI/Apache/dags/DWBI_HW2_dag.py took 0.488 seconds
[2021-11-24 13:34:44,958] {processor.py:163} INFO - Started process (PID=48781) to work on /home/dante/DWBI/Apache/dags/DWBI_HW2_dag.py
[2021-11-24 13:34:44,962] {processor.py:620} INFO - Processing file /home/dante/DWBI/Apache/dags/DWBI_HW2_dag.py for tasks to queue
[2021-11-24 13:34:44,965] {logging_mixin.py:109} INFO - [2021-11-24 13:34:44,964] {dagbag.py:500} INFO - Filling up the DagBag from /home/dante/DWBI/Apache/dags/DWBI_HW2_dag.py
[2021-11-24 13:34:45,573] {processor.py:632} INFO - DAG(s) dict_keys(['DWBI_HW2_dag']) retrieved from /home/dante/DWBI/Apache/dags/DWBI_HW2_dag.py
[2021-11-24 13:34:45,835] {logging_mixin.py:109} INFO - [2021-11-24 13:34:45,835] {dag.py:2389} INFO - Sync 1 DAGs
[2021-11-24 13:34:45,856] {logging_mixin.py:109} INFO - [2021-11-24 13:34:45,856] {dag.py:2921} INFO - Setting next_dagrun for DWBI_HW2_dag to 2021-11-22T00:00:00+00:00
[2021-11-24 13:34:45,882] {processor.py:171} INFO - Processing /home/dante/DWBI/Apache/dags/DWBI_HW2_dag.py took 0.932 seconds
[2021-11-24 13:35:17,186] {processor.py:163} INFO - Started process (PID=48866) to work on /home/dante/DWBI/Apache/dags/DWBI_HW2_dag.py
[2021-11-24 13:35:17,191] {processor.py:620} INFO - Processing file /home/dante/DWBI/Apache/dags/DWBI_HW2_dag.py for tasks to queue
[2021-11-24 13:35:17,192] {logging_mixin.py:109} INFO - [2021-11-24 13:35:17,192] {dagbag.py:500} INFO - Filling up the DagBag from /home/dante/DWBI/Apache/dags/DWBI_HW2_dag.py
[2021-11-24 13:35:17,501] {processor.py:632} INFO - DAG(s) dict_keys(['DWBI_HW2_dag']) retrieved from /home/dante/DWBI/Apache/dags/DWBI_HW2_dag.py
[2021-11-24 13:35:17,816] {logging_mixin.py:109} INFO - [2021-11-24 13:35:17,815] {dag.py:2389} INFO - Sync 1 DAGs
[2021-11-24 13:35:17,834] {logging_mixin.py:109} INFO - [2021-11-24 13:35:17,834] {dag.py:2921} INFO - Setting next_dagrun for DWBI_HW2_dag to 2021-11-22T00:00:00+00:00
[2021-11-24 13:35:17,844] {processor.py:171} INFO - Processing /home/dante/DWBI/Apache/dags/DWBI_HW2_dag.py took 0.665 seconds
[2021-11-24 13:35:56,070] {processor.py:163} INFO - Started process (PID=48958) to work on /home/dante/DWBI/Apache/dags/DWBI_HW2_dag.py
[2021-11-24 13:35:56,080] {processor.py:620} INFO - Processing file /home/dante/DWBI/Apache/dags/DWBI_HW2_dag.py for tasks to queue
[2021-11-24 13:35:56,082] {logging_mixin.py:109} INFO - [2021-11-24 13:35:56,082] {dagbag.py:500} INFO - Filling up the DagBag from /home/dante/DWBI/Apache/dags/DWBI_HW2_dag.py
[2021-11-24 13:35:56,443] {processor.py:632} INFO - DAG(s) dict_keys(['DWBI_HW2_dag']) retrieved from /home/dante/DWBI/Apache/dags/DWBI_HW2_dag.py
[2021-11-24 13:35:56,596] {logging_mixin.py:109} INFO - [2021-11-24 13:35:56,596] {dag.py:2389} INFO - Sync 1 DAGs
[2021-11-24 13:35:56,605] {logging_mixin.py:109} INFO - [2021-11-24 13:35:56,605] {dag.py:2921} INFO - Setting next_dagrun for DWBI_HW2_dag to 2021-11-22T00:00:00+00:00
[2021-11-24 13:35:56,613] {processor.py:171} INFO - Processing /home/dante/DWBI/Apache/dags/DWBI_HW2_dag.py took 0.550 seconds
[2021-11-24 13:36:27,271] {processor.py:163} INFO - Started process (PID=49043) to work on /home/dante/DWBI/Apache/dags/DWBI_HW2_dag.py
[2021-11-24 13:36:27,275] {processor.py:620} INFO - Processing file /home/dante/DWBI/Apache/dags/DWBI_HW2_dag.py for tasks to queue
[2021-11-24 13:36:27,276] {logging_mixin.py:109} INFO - [2021-11-24 13:36:27,276] {dagbag.py:500} INFO - Filling up the DagBag from /home/dante/DWBI/Apache/dags/DWBI_HW2_dag.py
[2021-11-24 13:36:27,740] {processor.py:632} INFO - DAG(s) dict_keys(['DWBI_HW2_dag']) retrieved from /home/dante/DWBI/Apache/dags/DWBI_HW2_dag.py
[2021-11-24 13:36:27,898] {logging_mixin.py:109} INFO - [2021-11-24 13:36:27,898] {dag.py:2389} INFO - Sync 1 DAGs
[2021-11-24 13:36:27,905] {logging_mixin.py:109} INFO - [2021-11-24 13:36:27,905] {dag.py:2921} INFO - Setting next_dagrun for DWBI_HW2_dag to 2021-11-22T00:00:00+00:00
[2021-11-24 13:36:27,928] {processor.py:171} INFO - Processing /home/dante/DWBI/Apache/dags/DWBI_HW2_dag.py took 0.659 seconds
[2021-11-24 13:37:00,361] {processor.py:163} INFO - Started process (PID=49149) to work on /home/dante/DWBI/Apache/dags/DWBI_HW2_dag.py
[2021-11-24 13:37:00,370] {processor.py:620} INFO - Processing file /home/dante/DWBI/Apache/dags/DWBI_HW2_dag.py for tasks to queue
[2021-11-24 13:37:00,371] {logging_mixin.py:109} INFO - [2021-11-24 13:37:00,371] {dagbag.py:500} INFO - Filling up the DagBag from /home/dante/DWBI/Apache/dags/DWBI_HW2_dag.py
[2021-11-24 13:37:00,708] {processor.py:632} INFO - DAG(s) dict_keys(['DWBI_HW2_dag']) retrieved from /home/dante/DWBI/Apache/dags/DWBI_HW2_dag.py
[2021-11-24 13:37:00,844] {logging_mixin.py:109} INFO - [2021-11-24 13:37:00,844] {dag.py:2389} INFO - Sync 1 DAGs
[2021-11-24 13:37:00,852] {logging_mixin.py:109} INFO - [2021-11-24 13:37:00,852] {dag.py:2921} INFO - Setting next_dagrun for DWBI_HW2_dag to 2021-11-22T00:00:00+00:00
[2021-11-24 13:37:00,873] {processor.py:171} INFO - Processing /home/dante/DWBI/Apache/dags/DWBI_HW2_dag.py took 0.515 seconds
[2021-11-24 13:37:32,010] {processor.py:163} INFO - Started process (PID=49276) to work on /home/dante/DWBI/Apache/dags/DWBI_HW2_dag.py
[2021-11-24 13:37:32,012] {processor.py:620} INFO - Processing file /home/dante/DWBI/Apache/dags/DWBI_HW2_dag.py for tasks to queue
[2021-11-24 13:37:32,013] {logging_mixin.py:109} INFO - [2021-11-24 13:37:32,013] {dagbag.py:500} INFO - Filling up the DagBag from /home/dante/DWBI/Apache/dags/DWBI_HW2_dag.py
[2021-11-24 13:37:32,348] {processor.py:632} INFO - DAG(s) dict_keys(['DWBI_HW2_dag']) retrieved from /home/dante/DWBI/Apache/dags/DWBI_HW2_dag.py
[2021-11-24 13:37:32,513] {logging_mixin.py:109} INFO - [2021-11-24 13:37:32,512] {dag.py:2389} INFO - Sync 1 DAGs
[2021-11-24 13:37:32,526] {logging_mixin.py:109} INFO - [2021-11-24 13:37:32,526] {dag.py:2921} INFO - Setting next_dagrun for DWBI_HW2_dag to 2021-11-22T00:00:00+00:00
[2021-11-24 13:37:32,537] {processor.py:171} INFO - Processing /home/dante/DWBI/Apache/dags/DWBI_HW2_dag.py took 0.529 seconds
[2021-11-24 13:38:09,372] {processor.py:163} INFO - Started process (PID=49358) to work on /home/dante/DWBI/Apache/dags/DWBI_HW2_dag.py
[2021-11-24 13:38:09,375] {processor.py:620} INFO - Processing file /home/dante/DWBI/Apache/dags/DWBI_HW2_dag.py for tasks to queue
[2021-11-24 13:38:09,376] {logging_mixin.py:109} INFO - [2021-11-24 13:38:09,376] {dagbag.py:500} INFO - Filling up the DagBag from /home/dante/DWBI/Apache/dags/DWBI_HW2_dag.py
[2021-11-24 13:38:09,906] {processor.py:632} INFO - DAG(s) dict_keys(['DWBI_HW2_dag']) retrieved from /home/dante/DWBI/Apache/dags/DWBI_HW2_dag.py
[2021-11-24 13:38:10,056] {logging_mixin.py:109} INFO - [2021-11-24 13:38:10,056] {dag.py:2389} INFO - Sync 1 DAGs
[2021-11-24 13:38:10,065] {logging_mixin.py:109} INFO - [2021-11-24 13:38:10,065] {dag.py:2921} INFO - Setting next_dagrun for DWBI_HW2_dag to 2021-11-22T00:00:00+00:00
[2021-11-24 13:38:10,077] {processor.py:171} INFO - Processing /home/dante/DWBI/Apache/dags/DWBI_HW2_dag.py took 0.708 seconds
[2021-11-24 13:38:45,688] {processor.py:163} INFO - Started process (PID=49425) to work on /home/dante/DWBI/Apache/dags/DWBI_HW2_dag.py
[2021-11-24 13:38:45,697] {processor.py:620} INFO - Processing file /home/dante/DWBI/Apache/dags/DWBI_HW2_dag.py for tasks to queue
[2021-11-24 13:38:45,698] {logging_mixin.py:109} INFO - [2021-11-24 13:38:45,698] {dagbag.py:500} INFO - Filling up the DagBag from /home/dante/DWBI/Apache/dags/DWBI_HW2_dag.py
[2021-11-24 13:38:46,152] {processor.py:632} INFO - DAG(s) dict_keys(['DWBI_HW2_dag']) retrieved from /home/dante/DWBI/Apache/dags/DWBI_HW2_dag.py
[2021-11-24 13:38:46,314] {logging_mixin.py:109} INFO - [2021-11-24 13:38:46,314] {dag.py:2389} INFO - Sync 1 DAGs
[2021-11-24 13:38:46,328] {logging_mixin.py:109} INFO - [2021-11-24 13:38:46,328] {dag.py:2921} INFO - Setting next_dagrun for DWBI_HW2_dag to 2021-11-22T00:00:00+00:00
[2021-11-24 13:38:46,349] {processor.py:171} INFO - Processing /home/dante/DWBI/Apache/dags/DWBI_HW2_dag.py took 0.665 seconds
[2021-11-24 13:39:21,743] {processor.py:163} INFO - Started process (PID=49559) to work on /home/dante/DWBI/Apache/dags/DWBI_HW2_dag.py
[2021-11-24 13:39:21,753] {processor.py:620} INFO - Processing file /home/dante/DWBI/Apache/dags/DWBI_HW2_dag.py for tasks to queue
[2021-11-24 13:39:21,753] {logging_mixin.py:109} INFO - [2021-11-24 13:39:21,753] {dagbag.py:500} INFO - Filling up the DagBag from /home/dante/DWBI/Apache/dags/DWBI_HW2_dag.py
[2021-11-24 13:39:22,094] {processor.py:632} INFO - DAG(s) dict_keys(['DWBI_HW2_dag']) retrieved from /home/dante/DWBI/Apache/dags/DWBI_HW2_dag.py
[2021-11-24 13:39:22,236] {logging_mixin.py:109} INFO - [2021-11-24 13:39:22,235] {dag.py:2389} INFO - Sync 1 DAGs
[2021-11-24 13:39:22,244] {logging_mixin.py:109} INFO - [2021-11-24 13:39:22,244] {dag.py:2921} INFO - Setting next_dagrun for DWBI_HW2_dag to 2021-11-22T00:00:00+00:00
[2021-11-24 13:39:22,252] {processor.py:171} INFO - Processing /home/dante/DWBI/Apache/dags/DWBI_HW2_dag.py took 0.515 seconds
[2021-11-24 13:39:57,314] {processor.py:163} INFO - Started process (PID=49644) to work on /home/dante/DWBI/Apache/dags/DWBI_HW2_dag.py
[2021-11-24 13:39:57,323] {processor.py:620} INFO - Processing file /home/dante/DWBI/Apache/dags/DWBI_HW2_dag.py for tasks to queue
[2021-11-24 13:39:57,324] {logging_mixin.py:109} INFO - [2021-11-24 13:39:57,324] {dagbag.py:500} INFO - Filling up the DagBag from /home/dante/DWBI/Apache/dags/DWBI_HW2_dag.py
[2021-11-24 13:39:57,820] {processor.py:632} INFO - DAG(s) dict_keys(['DWBI_HW2_dag']) retrieved from /home/dante/DWBI/Apache/dags/DWBI_HW2_dag.py
[2021-11-24 13:39:58,068] {logging_mixin.py:109} INFO - [2021-11-24 13:39:58,068] {dag.py:2389} INFO - Sync 1 DAGs
[2021-11-24 13:39:58,080] {logging_mixin.py:109} INFO - [2021-11-24 13:39:58,080] {dag.py:2921} INFO - Setting next_dagrun for DWBI_HW2_dag to 2021-11-22T00:00:00+00:00
[2021-11-24 13:39:58,121] {processor.py:171} INFO - Processing /home/dante/DWBI/Apache/dags/DWBI_HW2_dag.py took 0.813 seconds
[2021-11-24 13:40:29,855] {processor.py:163} INFO - Started process (PID=49722) to work on /home/dante/DWBI/Apache/dags/DWBI_HW2_dag.py
[2021-11-24 13:40:29,863] {processor.py:620} INFO - Processing file /home/dante/DWBI/Apache/dags/DWBI_HW2_dag.py for tasks to queue
[2021-11-24 13:40:29,865] {logging_mixin.py:109} INFO - [2021-11-24 13:40:29,865] {dagbag.py:500} INFO - Filling up the DagBag from /home/dante/DWBI/Apache/dags/DWBI_HW2_dag.py
[2021-11-24 13:40:30,236] {processor.py:632} INFO - DAG(s) dict_keys(['DWBI_HW2_dag']) retrieved from /home/dante/DWBI/Apache/dags/DWBI_HW2_dag.py
[2021-11-24 13:40:30,374] {logging_mixin.py:109} INFO - [2021-11-24 13:40:30,374] {dag.py:2389} INFO - Sync 1 DAGs
[2021-11-24 13:40:30,383] {logging_mixin.py:109} INFO - [2021-11-24 13:40:30,383] {dag.py:2921} INFO - Setting next_dagrun for DWBI_HW2_dag to 2021-11-22T00:00:00+00:00
[2021-11-24 13:40:30,392] {processor.py:171} INFO - Processing /home/dante/DWBI/Apache/dags/DWBI_HW2_dag.py took 0.544 seconds
[2021-11-24 13:41:01,368] {processor.py:163} INFO - Started process (PID=49775) to work on /home/dante/DWBI/Apache/dags/DWBI_HW2_dag.py
[2021-11-24 13:41:01,370] {processor.py:620} INFO - Processing file /home/dante/DWBI/Apache/dags/DWBI_HW2_dag.py for tasks to queue
[2021-11-24 13:41:01,371] {logging_mixin.py:109} INFO - [2021-11-24 13:41:01,371] {dagbag.py:500} INFO - Filling up the DagBag from /home/dante/DWBI/Apache/dags/DWBI_HW2_dag.py
[2021-11-24 13:41:01,757] {processor.py:632} INFO - DAG(s) dict_keys(['DWBI_HW2_dag']) retrieved from /home/dante/DWBI/Apache/dags/DWBI_HW2_dag.py
[2021-11-24 13:41:01,904] {logging_mixin.py:109} INFO - [2021-11-24 13:41:01,903] {dag.py:2389} INFO - Sync 1 DAGs
[2021-11-24 13:41:01,912] {logging_mixin.py:109} INFO - [2021-11-24 13:41:01,912] {dag.py:2921} INFO - Setting next_dagrun for DWBI_HW2_dag to 2021-11-22T00:00:00+00:00
[2021-11-24 13:41:01,920] {processor.py:171} INFO - Processing /home/dante/DWBI/Apache/dags/DWBI_HW2_dag.py took 0.554 seconds
[2021-11-24 13:41:37,250] {processor.py:163} INFO - Started process (PID=49857) to work on /home/dante/DWBI/Apache/dags/DWBI_HW2_dag.py
[2021-11-24 13:41:37,261] {processor.py:620} INFO - Processing file /home/dante/DWBI/Apache/dags/DWBI_HW2_dag.py for tasks to queue
[2021-11-24 13:41:37,262] {logging_mixin.py:109} INFO - [2021-11-24 13:41:37,262] {dagbag.py:500} INFO - Filling up the DagBag from /home/dante/DWBI/Apache/dags/DWBI_HW2_dag.py
[2021-11-24 13:41:37,635] {processor.py:632} INFO - DAG(s) dict_keys(['DWBI_HW2_dag']) retrieved from /home/dante/DWBI/Apache/dags/DWBI_HW2_dag.py
[2021-11-24 13:41:37,785] {logging_mixin.py:109} INFO - [2021-11-24 13:41:37,784] {dag.py:2389} INFO - Sync 1 DAGs
[2021-11-24 13:41:37,792] {logging_mixin.py:109} INFO - [2021-11-24 13:41:37,792] {dag.py:2921} INFO - Setting next_dagrun for DWBI_HW2_dag to 2021-11-22T00:00:00+00:00
[2021-11-24 13:41:37,800] {processor.py:171} INFO - Processing /home/dante/DWBI/Apache/dags/DWBI_HW2_dag.py took 0.558 seconds
[2021-11-24 13:42:13,753] {processor.py:163} INFO - Started process (PID=49980) to work on /home/dante/DWBI/Apache/dags/DWBI_HW2_dag.py
[2021-11-24 13:42:13,763] {processor.py:620} INFO - Processing file /home/dante/DWBI/Apache/dags/DWBI_HW2_dag.py for tasks to queue
[2021-11-24 13:42:13,764] {logging_mixin.py:109} INFO - [2021-11-24 13:42:13,763] {dagbag.py:500} INFO - Filling up the DagBag from /home/dante/DWBI/Apache/dags/DWBI_HW2_dag.py
[2021-11-24 13:42:14,113] {processor.py:632} INFO - DAG(s) dict_keys(['DWBI_HW2_dag']) retrieved from /home/dante/DWBI/Apache/dags/DWBI_HW2_dag.py
[2021-11-24 13:42:14,252] {logging_mixin.py:109} INFO - [2021-11-24 13:42:14,252] {dag.py:2389} INFO - Sync 1 DAGs
[2021-11-24 13:42:14,259] {logging_mixin.py:109} INFO - [2021-11-24 13:42:14,259] {dag.py:2921} INFO - Setting next_dagrun for DWBI_HW2_dag to 2021-11-22T00:00:00+00:00
[2021-11-24 13:42:14,267] {processor.py:171} INFO - Processing /home/dante/DWBI/Apache/dags/DWBI_HW2_dag.py took 0.516 seconds
