[2021-11-21 21:29:57,792] {taskinstance.py:1035} INFO - Dependencies all met for <TaskInstance: DWBI_HW2_dag.fetch_origin manual__2021-11-21T20:29:51.939485+00:00 [queued]>
[2021-11-21 21:29:57,800] {taskinstance.py:1035} INFO - Dependencies all met for <TaskInstance: DWBI_HW2_dag.fetch_origin manual__2021-11-21T20:29:51.939485+00:00 [queued]>
[2021-11-21 21:29:57,800] {taskinstance.py:1241} INFO - 
--------------------------------------------------------------------------------
[2021-11-21 21:29:57,800] {taskinstance.py:1242} INFO - Starting attempt 1 of 6
[2021-11-21 21:29:57,800] {taskinstance.py:1243} INFO - 
--------------------------------------------------------------------------------
[2021-11-21 21:29:57,812] {taskinstance.py:1262} INFO - Executing <Task(_PythonDecoratedOperator): fetch_origin> on 2021-11-21 20:29:51.939485+00:00
[2021-11-21 21:29:57,816] {standard_task_runner.py:52} INFO - Started process 36201 to run task
[2021-11-21 21:29:57,819] {standard_task_runner.py:76} INFO - Running: ['airflow', 'tasks', 'run', 'DWBI_HW2_dag', 'fetch_origin', 'manual__2021-11-21T20:29:51.939485+00:00', '--job-id', '119', '--raw', '--subdir', '/home/dante/DWBI/Apache/dags/DWBI_HW2_dag.py', '--cfg-path', '/tmp/tmp2hh1hfy5', '--error-file', '/tmp/tmpwcnii_w6']
[2021-11-21 21:29:57,819] {standard_task_runner.py:77} INFO - Job 119: Subtask fetch_origin
[2021-11-21 21:29:57,844] {logging_mixin.py:109} INFO - Running <TaskInstance: DWBI_HW2_dag.fetch_origin manual__2021-11-21T20:29:51.939485+00:00 [running]> on host dj-XPS
[2021-11-21 21:29:57,871] {taskinstance.py:1427} INFO - Exporting the following env vars:
AIRFLOW_CTX_DAG_OWNER=dj
AIRFLOW_CTX_DAG_ID=DWBI_HW2_dag
AIRFLOW_CTX_TASK_ID=fetch_origin
AIRFLOW_CTX_EXECUTION_DATE=2021-11-21T20:29:51.939485+00:00
AIRFLOW_CTX_DAG_RUN_ID=manual__2021-11-21T20:29:51.939485+00:00
[2021-11-21 21:29:57,872] {python.py:152} INFO - Done. Returned value was: {'Porsche': 'Germany', 'Audi': 'Germany'}
[2021-11-21 21:29:57,884] {taskinstance.py:1270} INFO - Marking task as SUCCESS. dag_id=DWBI_HW2_dag, task_id=fetch_origin, execution_date=20211121T202951, start_date=20211121T202957, end_date=20211121T202957
[2021-11-21 21:29:57,910] {local_task_job.py:154} INFO - Task exited with return code 0
[2021-11-21 21:29:57,932] {local_task_job.py:264} INFO - 0 downstream tasks scheduled from follow-on schedule check
