[2021-11-21 21:35:06,818] {taskinstance.py:1035} INFO - Dependencies all met for <TaskInstance: DWBI_HW2_dag.extract manual__2021-11-21T20:35:03.301463+00:00 [queued]>
[2021-11-21 21:35:06,826] {taskinstance.py:1035} INFO - Dependencies all met for <TaskInstance: DWBI_HW2_dag.extract manual__2021-11-21T20:35:03.301463+00:00 [queued]>
[2021-11-21 21:35:06,826] {taskinstance.py:1241} INFO - 
--------------------------------------------------------------------------------
[2021-11-21 21:35:06,826] {taskinstance.py:1242} INFO - Starting attempt 1 of 6
[2021-11-21 21:35:06,826] {taskinstance.py:1243} INFO - 
--------------------------------------------------------------------------------
[2021-11-21 21:35:06,839] {taskinstance.py:1262} INFO - Executing <Task(_PythonDecoratedOperator): extract> on 2021-11-21 20:35:03.301463+00:00
[2021-11-21 21:35:06,843] {standard_task_runner.py:52} INFO - Started process 37774 to run task
[2021-11-21 21:35:06,846] {standard_task_runner.py:76} INFO - Running: ['airflow', 'tasks', 'run', 'DWBI_HW2_dag', 'extract', 'manual__2021-11-21T20:35:03.301463+00:00', '--job-id', '132', '--raw', '--subdir', '/home/dante/DWBI/Apache/dags/DWBI_HW2_dag.py', '--cfg-path', '/tmp/tmp3mg2fxae', '--error-file', '/tmp/tmppc07pues']
[2021-11-21 21:35:06,847] {standard_task_runner.py:77} INFO - Job 132: Subtask extract
[2021-11-21 21:35:06,874] {logging_mixin.py:109} INFO - Running <TaskInstance: DWBI_HW2_dag.extract manual__2021-11-21T20:35:03.301463+00:00 [running]> on host dj-XPS
[2021-11-21 21:35:06,900] {taskinstance.py:1427} INFO - Exporting the following env vars:
AIRFLOW_CTX_DAG_OWNER=dj
AIRFLOW_CTX_DAG_ID=DWBI_HW2_dag
AIRFLOW_CTX_TASK_ID=extract
AIRFLOW_CTX_EXECUTION_DATE=2021-11-21T20:35:03.301463+00:00
AIRFLOW_CTX_DAG_RUN_ID=manual__2021-11-21T20:35:03.301463+00:00
[2021-11-21 21:35:06,901] {logging_mixin.py:109} INFO - Successfully made contact with the database.
[2021-11-21 21:35:06,903] {logging_mixin.py:109} INFO - Successfully placed data in dataframe.
[2021-11-21 21:35:06,908] {logging_mixin.py:109} INFO - Saved file for future use to /home/dante/DWBI/Apache/2021-11-21
[2021-11-21 21:35:06,908] {python.py:152} INFO - Done. Returned value was: 2021-11-21
[2021-11-21 21:35:06,919] {taskinstance.py:1270} INFO - Marking task as SUCCESS. dag_id=DWBI_HW2_dag, task_id=extract, execution_date=20211121T203503, start_date=20211121T203506, end_date=20211121T203506
[2021-11-21 21:35:06,937] {local_task_job.py:154} INFO - Task exited with return code 0
[2021-11-21 21:35:06,959] {local_task_job.py:264} INFO - 1 downstream tasks scheduled from follow-on schedule check
