[2021-11-21 21:34:23,819] {taskinstance.py:1035} INFO - Dependencies all met for <TaskInstance: DWBI_HW2_dag.transform manual__2021-11-21T20:34:13.132116+00:00 [queued]>
[2021-11-21 21:34:23,824] {taskinstance.py:1035} INFO - Dependencies all met for <TaskInstance: DWBI_HW2_dag.transform manual__2021-11-21T20:34:13.132116+00:00 [queued]>
[2021-11-21 21:34:23,824] {taskinstance.py:1241} INFO - 
--------------------------------------------------------------------------------
[2021-11-21 21:34:23,825] {taskinstance.py:1242} INFO - Starting attempt 1 of 6
[2021-11-21 21:34:23,825] {taskinstance.py:1243} INFO - 
--------------------------------------------------------------------------------
[2021-11-21 21:34:23,833] {taskinstance.py:1262} INFO - Executing <Task(_PythonDecoratedOperator): transform> on 2021-11-21 20:34:13.132116+00:00
[2021-11-21 21:34:23,836] {standard_task_runner.py:52} INFO - Started process 37479 to run task
[2021-11-21 21:34:23,838] {standard_task_runner.py:76} INFO - Running: ['airflow', 'tasks', 'run', 'DWBI_HW2_dag', 'transform', 'manual__2021-11-21T20:34:13.132116+00:00', '--job-id', '131', '--raw', '--subdir', '/home/dante/DWBI/Apache/dags/DWBI_HW2_dag.py', '--cfg-path', '/tmp/tmpu76zummi', '--error-file', '/tmp/tmpoqfmj_8l']
[2021-11-21 21:34:23,839] {standard_task_runner.py:77} INFO - Job 131: Subtask transform
[2021-11-21 21:34:23,861] {logging_mixin.py:109} INFO - Running <TaskInstance: DWBI_HW2_dag.transform manual__2021-11-21T20:34:13.132116+00:00 [running]> on host dj-XPS
[2021-11-21 21:34:23,890] {taskinstance.py:1427} INFO - Exporting the following env vars:
AIRFLOW_CTX_DAG_OWNER=dj
AIRFLOW_CTX_DAG_ID=DWBI_HW2_dag
AIRFLOW_CTX_TASK_ID=transform
AIRFLOW_CTX_EXECUTION_DATE=2021-11-21T20:34:13.132116+00:00
AIRFLOW_CTX_DAG_RUN_ID=manual__2021-11-21T20:34:13.132116+00:00
[2021-11-21 21:34:23,896] {logging_mixin.py:109} INFO - Successfully fetched the data
[2021-11-21 21:34:23,991] {logging_mixin.py:109} INFO -          Gasoline  Make
origin                 
Germany         9     9
[2021-11-21 21:34:23,991] {python.py:152} INFO - Done. Returned value was: None
[2021-11-21 21:34:23,999] {taskinstance.py:1270} INFO - Marking task as SUCCESS. dag_id=DWBI_HW2_dag, task_id=transform, execution_date=20211121T203413, start_date=20211121T203423, end_date=20211121T203423
[2021-11-21 21:34:24,050] {local_task_job.py:154} INFO - Task exited with return code 0
[2021-11-21 21:34:24,066] {local_task_job.py:264} INFO - 0 downstream tasks scheduled from follow-on schedule check
