[2021-11-21 20:53:39,434] {taskinstance.py:1035} INFO - Dependencies all met for <TaskInstance: DWBI_HW2_dag.transform manual__2021-11-21T19:51:31.021296+00:00 [queued]>
[2021-11-21 20:53:39,440] {taskinstance.py:1035} INFO - Dependencies all met for <TaskInstance: DWBI_HW2_dag.transform manual__2021-11-21T19:51:31.021296+00:00 [queued]>
[2021-11-21 20:53:39,440] {taskinstance.py:1241} INFO - 
--------------------------------------------------------------------------------
[2021-11-21 20:53:39,440] {taskinstance.py:1242} INFO - Starting attempt 1 of 6
[2021-11-21 20:53:39,440] {taskinstance.py:1243} INFO - 
--------------------------------------------------------------------------------
[2021-11-21 20:53:39,450] {taskinstance.py:1262} INFO - Executing <Task(_PythonDecoratedOperator): transform> on 2021-11-21 19:51:31.021296+00:00
[2021-11-21 20:53:39,454] {standard_task_runner.py:52} INFO - Started process 26002 to run task
[2021-11-21 20:53:39,457] {standard_task_runner.py:76} INFO - Running: ['airflow', 'tasks', 'run', 'DWBI_HW2_dag', 'transform', 'manual__2021-11-21T19:51:31.021296+00:00', '--job-id', '60', '--raw', '--subdir', '/home/dante/DWBI/Apache/dags/DWBI_HW2_dag.py', '--cfg-path', '/tmp/tmpe24olgyf', '--error-file', '/tmp/tmp3gpd04iu']
[2021-11-21 20:53:39,458] {standard_task_runner.py:77} INFO - Job 60: Subtask transform
[2021-11-21 20:53:39,479] {logging_mixin.py:109} INFO - Running <TaskInstance: DWBI_HW2_dag.transform manual__2021-11-21T19:51:31.021296+00:00 [running]> on host dj-XPS
[2021-11-21 20:53:39,508] {taskinstance.py:1427} INFO - Exporting the following env vars:
AIRFLOW_CTX_DAG_OWNER=dj
AIRFLOW_CTX_DAG_ID=DWBI_HW2_dag
AIRFLOW_CTX_TASK_ID=transform
AIRFLOW_CTX_EXECUTION_DATE=2021-11-21T19:51:31.021296+00:00
AIRFLOW_CTX_DAG_RUN_ID=manual__2021-11-21T19:51:31.021296+00:00
[2021-11-21 20:53:39,516] {logging_mixin.py:109} INFO - Successfully fetched the data
[2021-11-21 20:53:39,540] {logging_mixin.py:109} INFO -    Unnamed: 0  Unnamed: 0.1  Unnamed: 0.1.1     Make     Model  ...     Price  Horsepower  EmissionCategory  FuelType           VIN
0           0             0               0  Porsche  Panamera  ...  200000.0       500.0                 E  Gasoline      10923857
1           1             1               1  Porsche   Cayenne  ...  130000.0       350.0                 C  Gasoline     305982705
2           2             3               3  Porsche     Macan  ...  110000.0       310.0                 B  Gasoline    2938579237
3           3             4               4     Audi        Q7  ...   70000.0       240.0                 C    Diesel    2035920398
4           4             5               5     Audi        A6  ...   50000.0       272.0                 D    Diesel     239405067
5           5             6               6     Audi        A6  ...   60000.0         NaN                 D    Diesel       2389547
6           6             7               7  Porsche  Panamera  ...  170000.0         NaN                 B  Gasoline       3409571
7           7             8               8  Porsche     Macan  ...   90000.0         NaN                 C  Gasoline      20359802
8           8            11              11  Porsche   Cayenne  ...       NaN       330.0                 C    Diesel  209358023589

[9 rows x 11 columns]
[2021-11-21 20:53:39,540] {python.py:152} INFO - Done. Returned value was: None
[2021-11-21 20:53:39,628] {taskinstance.py:1270} INFO - Marking task as SUCCESS. dag_id=DWBI_HW2_dag, task_id=transform, execution_date=20211121T195131, start_date=20211121T195339, end_date=20211121T195339
[2021-11-21 20:53:39,669] {local_task_job.py:154} INFO - Task exited with return code 0
[2021-11-21 20:53:39,683] {local_task_job.py:264} INFO - 0 downstream tasks scheduled from follow-on schedule check
