[2021-11-21 21:29:55,145] {taskinstance.py:1035} INFO - Dependencies all met for <TaskInstance: DWBI_HW2_dag.extract manual__2021-11-21T20:29:51.939485+00:00 [queued]>
[2021-11-21 21:29:55,155] {taskinstance.py:1035} INFO - Dependencies all met for <TaskInstance: DWBI_HW2_dag.extract manual__2021-11-21T20:29:51.939485+00:00 [queued]>
[2021-11-21 21:29:55,156] {taskinstance.py:1241} INFO - 
--------------------------------------------------------------------------------
[2021-11-21 21:29:55,156] {taskinstance.py:1242} INFO - Starting attempt 1 of 6
[2021-11-21 21:29:55,156] {taskinstance.py:1243} INFO - 
--------------------------------------------------------------------------------
[2021-11-21 21:29:55,169] {taskinstance.py:1262} INFO - Executing <Task(_PythonDecoratedOperator): extract> on 2021-11-21 20:29:51.939485+00:00
[2021-11-21 21:29:55,173] {standard_task_runner.py:52} INFO - Started process 36162 to run task
[2021-11-21 21:29:55,176] {standard_task_runner.py:76} INFO - Running: ['airflow', 'tasks', 'run', 'DWBI_HW2_dag', 'extract', 'manual__2021-11-21T20:29:51.939485+00:00', '--job-id', '118', '--raw', '--subdir', '/home/dante/DWBI/Apache/dags/DWBI_HW2_dag.py', '--cfg-path', '/tmp/tmpa4srtkrr', '--error-file', '/tmp/tmp75f152k4']
[2021-11-21 21:29:55,177] {standard_task_runner.py:77} INFO - Job 118: Subtask extract
[2021-11-21 21:29:55,209] {logging_mixin.py:109} INFO - Running <TaskInstance: DWBI_HW2_dag.extract manual__2021-11-21T20:29:51.939485+00:00 [running]> on host dj-XPS
[2021-11-21 21:29:55,244] {taskinstance.py:1427} INFO - Exporting the following env vars:
AIRFLOW_CTX_DAG_OWNER=dj
AIRFLOW_CTX_DAG_ID=DWBI_HW2_dag
AIRFLOW_CTX_TASK_ID=extract
AIRFLOW_CTX_EXECUTION_DATE=2021-11-21T20:29:51.939485+00:00
AIRFLOW_CTX_DAG_RUN_ID=manual__2021-11-21T20:29:51.939485+00:00
[2021-11-21 21:29:55,245] {logging_mixin.py:109} INFO - Successfully made contact with the database.
[2021-11-21 21:29:55,247] {logging_mixin.py:109} INFO - Successfully placed data in dataframe.
[2021-11-21 21:29:55,252] {logging_mixin.py:109} INFO - Saved file for future use to /home/dante/DWBI/Apache/2021-11-21
[2021-11-21 21:29:55,252] {python.py:152} INFO - Done. Returned value was: 2021-11-21
[2021-11-21 21:29:55,263] {taskinstance.py:1270} INFO - Marking task as SUCCESS. dag_id=DWBI_HW2_dag, task_id=extract, execution_date=20211121T202951, start_date=20211121T202955, end_date=20211121T202955
[2021-11-21 21:29:55,307] {local_task_job.py:154} INFO - Task exited with return code 0
[2021-11-21 21:29:55,332] {local_task_job.py:264} INFO - 1 downstream tasks scheduled from follow-on schedule check
