[2021-11-21 21:30:03,320] {taskinstance.py:1035} INFO - Dependencies all met for <TaskInstance: DWBI_HW2_dag.transform manual__2021-11-21T20:29:51.939485+00:00 [queued]>
[2021-11-21 21:30:03,325] {taskinstance.py:1035} INFO - Dependencies all met for <TaskInstance: DWBI_HW2_dag.transform manual__2021-11-21T20:29:51.939485+00:00 [queued]>
[2021-11-21 21:30:03,325] {taskinstance.py:1241} INFO - 
--------------------------------------------------------------------------------
[2021-11-21 21:30:03,325] {taskinstance.py:1242} INFO - Starting attempt 1 of 6
[2021-11-21 21:30:03,325] {taskinstance.py:1243} INFO - 
--------------------------------------------------------------------------------
[2021-11-21 21:30:03,335] {taskinstance.py:1262} INFO - Executing <Task(_PythonDecoratedOperator): transform> on 2021-11-21 20:29:51.939485+00:00
[2021-11-21 21:30:03,338] {standard_task_runner.py:52} INFO - Started process 36288 to run task
[2021-11-21 21:30:03,340] {standard_task_runner.py:76} INFO - Running: ['airflow', 'tasks', 'run', 'DWBI_HW2_dag', 'transform', 'manual__2021-11-21T20:29:51.939485+00:00', '--job-id', '121', '--raw', '--subdir', '/home/dante/DWBI/Apache/dags/DWBI_HW2_dag.py', '--cfg-path', '/tmp/tmp4k1kt1wq', '--error-file', '/tmp/tmpi5mmogx9']
[2021-11-21 21:30:03,341] {standard_task_runner.py:77} INFO - Job 121: Subtask transform
[2021-11-21 21:30:03,362] {logging_mixin.py:109} INFO - Running <TaskInstance: DWBI_HW2_dag.transform manual__2021-11-21T20:29:51.939485+00:00 [running]> on host dj-XPS
[2021-11-21 21:30:03,389] {taskinstance.py:1427} INFO - Exporting the following env vars:
AIRFLOW_CTX_DAG_OWNER=dj
AIRFLOW_CTX_DAG_ID=DWBI_HW2_dag
AIRFLOW_CTX_TASK_ID=transform
AIRFLOW_CTX_EXECUTION_DATE=2021-11-21T20:29:51.939485+00:00
AIRFLOW_CTX_DAG_RUN_ID=manual__2021-11-21T20:29:51.939485+00:00
[2021-11-21 21:30:03,396] {logging_mixin.py:109} INFO - Successfully fetched the data
[2021-11-21 21:30:03,493] {logging_mixin.py:109} INFO -    Unnamed: 0  Unnamed: 0.1     Make     Model  ManufacturingYear     Price  Horsepower EmissionCategory         VIN   origin  Gasoline
0           0             0  Porsche  Panamera               2021  200000.0       500.0                E    10923857  Germany         1
1           1             1  Porsche   Cayenne               2019  130000.0       350.0                C   305982705  Germany         1
2           3             3  Porsche     Macan               2018  110000.0       310.0                B  2938579237  Germany         1
3           4             4     Audi        Q7               2015   70000.0       240.0                C  2035920398  Germany         0
4           5             5     Audi        A6               2012   50000.0       272.0                D   239405067  Germany         0
[2021-11-21 21:30:03,497] {python.py:152} INFO - Done. Returned value was: None
[2021-11-21 21:30:03,502] {taskinstance.py:1270} INFO - Marking task as SUCCESS. dag_id=DWBI_HW2_dag, task_id=transform, execution_date=20211121T202951, start_date=20211121T203003, end_date=20211121T203003
[2021-11-21 21:30:03,552] {local_task_job.py:154} INFO - Task exited with return code 0
[2021-11-21 21:30:03,564] {local_task_job.py:264} INFO - 0 downstream tasks scheduled from follow-on schedule check
