[2021-11-21 21:17:48,048] {taskinstance.py:1035} INFO - Dependencies all met for <TaskInstance: DWBI_HW2_dag.transform manual__2021-11-21T20:17:37.162277+00:00 [queued]>
[2021-11-21 21:17:48,055] {taskinstance.py:1035} INFO - Dependencies all met for <TaskInstance: DWBI_HW2_dag.transform manual__2021-11-21T20:17:37.162277+00:00 [queued]>
[2021-11-21 21:17:48,055] {taskinstance.py:1241} INFO - 
--------------------------------------------------------------------------------
[2021-11-21 21:17:48,055] {taskinstance.py:1242} INFO - Starting attempt 1 of 6
[2021-11-21 21:17:48,055] {taskinstance.py:1243} INFO - 
--------------------------------------------------------------------------------
[2021-11-21 21:17:48,068] {taskinstance.py:1262} INFO - Executing <Task(_PythonDecoratedOperator): transform> on 2021-11-21 20:17:37.162277+00:00
[2021-11-21 21:17:48,071] {standard_task_runner.py:52} INFO - Started process 33490 to run task
[2021-11-21 21:17:48,074] {standard_task_runner.py:76} INFO - Running: ['airflow', 'tasks', 'run', 'DWBI_HW2_dag', 'transform', 'manual__2021-11-21T20:17:37.162277+00:00', '--job-id', '107', '--raw', '--subdir', '/home/dante/DWBI/Apache/dags/DWBI_HW2_dag.py', '--cfg-path', '/tmp/tmpx2zo8pr9', '--error-file', '/tmp/tmpk6_ua4ow']
[2021-11-21 21:17:48,075] {standard_task_runner.py:77} INFO - Job 107: Subtask transform
[2021-11-21 21:17:48,100] {logging_mixin.py:109} INFO - Running <TaskInstance: DWBI_HW2_dag.transform manual__2021-11-21T20:17:37.162277+00:00 [running]> on host dj-XPS
[2021-11-21 21:17:48,135] {taskinstance.py:1427} INFO - Exporting the following env vars:
AIRFLOW_CTX_DAG_OWNER=dj
AIRFLOW_CTX_DAG_ID=DWBI_HW2_dag
AIRFLOW_CTX_TASK_ID=transform
AIRFLOW_CTX_EXECUTION_DATE=2021-11-21T20:17:37.162277+00:00
AIRFLOW_CTX_DAG_RUN_ID=manual__2021-11-21T20:17:37.162277+00:00
[2021-11-21 21:17:48,143] {logging_mixin.py:109} INFO - Successfully fetched the data
[2021-11-21 21:17:48,252] {logging_mixin.py:109} INFO -    Unnamed: 0  Unnamed: 0.1     Make     Model  ManufacturingYear     Price  Horsepower EmissionCategory  FuelType           VIN   origin
0           0             0  Porsche  Panamera               2021  200000.0       500.0                E  Gasoline      10923857  Germany
1           1             1  Porsche   Cayenne               2019  130000.0       350.0                C  Gasoline     305982705  Germany
2           3             3  Porsche     Macan               2018  110000.0       310.0                B  Gasoline    2938579237  Germany
3           4             4     Audi        Q7               2015   70000.0       240.0                C    Diesel    2035920398  Germany
4           5             5     Audi        A6               2012   50000.0       272.0                D    Diesel     239405067  Germany
5           6             6     Audi        A6               2014   60000.0         NaN                D    Diesel       2389547  Germany
6           7             7  Porsche  Panamera               2020  170000.0         NaN                B  Gasoline       3409571  Germany
7           8             8  Porsche     Macan               2018   90000.0         NaN                C  Gasoline      20359802  Germany
8          11            11  Porsche   Cayenne               2012       NaN       330.0                C    Diesel  209358023589  Germany
[2021-11-21 21:17:48,253] {logging_mixin.py:109} INFO - True
[2021-11-21 21:17:48,253] {python.py:152} INFO - Done. Returned value was: None
[2021-11-21 21:17:48,261] {taskinstance.py:1270} INFO - Marking task as SUCCESS. dag_id=DWBI_HW2_dag, task_id=transform, execution_date=20211121T201737, start_date=20211121T201748, end_date=20211121T201748
[2021-11-21 21:17:48,286] {local_task_job.py:154} INFO - Task exited with return code 0
[2021-11-21 21:17:48,307] {local_task_job.py:264} INFO - 0 downstream tasks scheduled from follow-on schedule check
