[2021-11-21 21:34:16,571] {taskinstance.py:1035} INFO - Dependencies all met for <TaskInstance: DWBI_HW2_dag.extract manual__2021-11-21T20:34:13.132116+00:00 [queued]>
[2021-11-21 21:34:16,578] {taskinstance.py:1035} INFO - Dependencies all met for <TaskInstance: DWBI_HW2_dag.extract manual__2021-11-21T20:34:13.132116+00:00 [queued]>
[2021-11-21 21:34:16,578] {taskinstance.py:1241} INFO - 
--------------------------------------------------------------------------------
[2021-11-21 21:34:16,578] {taskinstance.py:1242} INFO - Starting attempt 1 of 6
[2021-11-21 21:34:16,578] {taskinstance.py:1243} INFO - 
--------------------------------------------------------------------------------
[2021-11-21 21:34:16,589] {taskinstance.py:1262} INFO - Executing <Task(_PythonDecoratedOperator): extract> on 2021-11-21 20:34:13.132116+00:00
[2021-11-21 21:34:16,592] {standard_task_runner.py:52} INFO - Started process 37373 to run task
[2021-11-21 21:34:16,595] {standard_task_runner.py:76} INFO - Running: ['airflow', 'tasks', 'run', 'DWBI_HW2_dag', 'extract', 'manual__2021-11-21T20:34:13.132116+00:00', '--job-id', '128', '--raw', '--subdir', '/home/dante/DWBI/Apache/dags/DWBI_HW2_dag.py', '--cfg-path', '/tmp/tmpxpkt1py_', '--error-file', '/tmp/tmp8ec55oup']
[2021-11-21 21:34:16,596] {standard_task_runner.py:77} INFO - Job 128: Subtask extract
[2021-11-21 21:34:16,620] {logging_mixin.py:109} INFO - Running <TaskInstance: DWBI_HW2_dag.extract manual__2021-11-21T20:34:13.132116+00:00 [running]> on host dj-XPS
[2021-11-21 21:34:16,647] {taskinstance.py:1427} INFO - Exporting the following env vars:
AIRFLOW_CTX_DAG_OWNER=dj
AIRFLOW_CTX_DAG_ID=DWBI_HW2_dag
AIRFLOW_CTX_TASK_ID=extract
AIRFLOW_CTX_EXECUTION_DATE=2021-11-21T20:34:13.132116+00:00
AIRFLOW_CTX_DAG_RUN_ID=manual__2021-11-21T20:34:13.132116+00:00
[2021-11-21 21:34:16,648] {logging_mixin.py:109} INFO - Successfully made contact with the database.
[2021-11-21 21:34:16,650] {logging_mixin.py:109} INFO - Successfully placed data in dataframe.
[2021-11-21 21:34:16,655] {logging_mixin.py:109} INFO - Saved file for future use to /home/dante/DWBI/Apache/2021-11-21
[2021-11-21 21:34:16,655] {python.py:152} INFO - Done. Returned value was: 2021-11-21
[2021-11-21 21:34:16,667] {taskinstance.py:1270} INFO - Marking task as SUCCESS. dag_id=DWBI_HW2_dag, task_id=extract, execution_date=20211121T203413, start_date=20211121T203416, end_date=20211121T203416
[2021-11-21 21:34:16,687] {local_task_job.py:154} INFO - Task exited with return code 0
[2021-11-21 21:34:16,712] {local_task_job.py:264} INFO - 1 downstream tasks scheduled from follow-on schedule check
