[2021-11-21 21:40:18,090] {taskinstance.py:1035} INFO - Dependencies all met for <TaskInstance: DWBI_HW2_dag.extract manual__2021-11-21T20:40:15.364092+00:00 [queued]>
[2021-11-21 21:40:18,097] {taskinstance.py:1035} INFO - Dependencies all met for <TaskInstance: DWBI_HW2_dag.extract manual__2021-11-21T20:40:15.364092+00:00 [queued]>
[2021-11-21 21:40:18,097] {taskinstance.py:1241} INFO - 
--------------------------------------------------------------------------------
[2021-11-21 21:40:18,098] {taskinstance.py:1242} INFO - Starting attempt 1 of 6
[2021-11-21 21:40:18,098] {taskinstance.py:1243} INFO - 
--------------------------------------------------------------------------------
[2021-11-21 21:40:18,108] {taskinstance.py:1262} INFO - Executing <Task(_PythonDecoratedOperator): extract> on 2021-11-21 20:40:15.364092+00:00
[2021-11-21 21:40:18,112] {standard_task_runner.py:52} INFO - Started process 38631 to run task
[2021-11-21 21:40:18,115] {standard_task_runner.py:76} INFO - Running: ['airflow', 'tasks', 'run', 'DWBI_HW2_dag', 'extract', 'manual__2021-11-21T20:40:15.364092+00:00', '--job-id', '136', '--raw', '--subdir', '/home/dante/DWBI/Apache/dags/DWBI_HW2_dag.py', '--cfg-path', '/tmp/tmp3umg2_77', '--error-file', '/tmp/tmpmdoqf1ms']
[2021-11-21 21:40:18,116] {standard_task_runner.py:77} INFO - Job 136: Subtask extract
[2021-11-21 21:40:18,143] {logging_mixin.py:109} INFO - Running <TaskInstance: DWBI_HW2_dag.extract manual__2021-11-21T20:40:15.364092+00:00 [running]> on host dj-XPS
[2021-11-21 21:40:18,170] {taskinstance.py:1427} INFO - Exporting the following env vars:
AIRFLOW_CTX_DAG_OWNER=dj
AIRFLOW_CTX_DAG_ID=DWBI_HW2_dag
AIRFLOW_CTX_TASK_ID=extract
AIRFLOW_CTX_EXECUTION_DATE=2021-11-21T20:40:15.364092+00:00
AIRFLOW_CTX_DAG_RUN_ID=manual__2021-11-21T20:40:15.364092+00:00
[2021-11-21 21:40:18,170] {logging_mixin.py:109} INFO - Successfully made contact with the database.
[2021-11-21 21:40:18,173] {logging_mixin.py:109} INFO - Successfully placed data in dataframe.
[2021-11-21 21:40:18,177] {logging_mixin.py:109} INFO - Saved file for future use to /home/dante/DWBI/Apache/2021-11-21
[2021-11-21 21:40:18,177] {python.py:152} INFO - Done. Returned value was: 2021-11-21
[2021-11-21 21:40:18,191] {taskinstance.py:1270} INFO - Marking task as SUCCESS. dag_id=DWBI_HW2_dag, task_id=extract, execution_date=20211121T204015, start_date=20211121T204018, end_date=20211121T204018
[2021-11-21 21:40:18,206] {local_task_job.py:154} INFO - Task exited with return code 0
[2021-11-21 21:40:18,229] {local_task_job.py:264} INFO - 1 downstream tasks scheduled from follow-on schedule check
