[2021-11-21 21:48:50,249] {taskinstance.py:1035} INFO - Dependencies all met for <TaskInstance: DWBI_HW2_dag.load manual__2021-11-21T20:48:37.401435+00:00 [queued]>
[2021-11-21 21:48:50,255] {taskinstance.py:1035} INFO - Dependencies all met for <TaskInstance: DWBI_HW2_dag.load manual__2021-11-21T20:48:37.401435+00:00 [queued]>
[2021-11-21 21:48:50,255] {taskinstance.py:1241} INFO - 
--------------------------------------------------------------------------------
[2021-11-21 21:48:50,255] {taskinstance.py:1242} INFO - Starting attempt 1 of 6
[2021-11-21 21:48:50,255] {taskinstance.py:1243} INFO - 
--------------------------------------------------------------------------------
[2021-11-21 21:48:50,264] {taskinstance.py:1262} INFO - Executing <Task(_PythonDecoratedOperator): load> on 2021-11-21 20:48:37.401435+00:00
[2021-11-21 21:48:50,268] {standard_task_runner.py:52} INFO - Started process 41293 to run task
[2021-11-21 21:48:50,270] {standard_task_runner.py:76} INFO - Running: ['airflow', 'tasks', 'run', 'DWBI_HW2_dag', 'load', 'manual__2021-11-21T20:48:37.401435+00:00', '--job-id', '157', '--raw', '--subdir', '/home/dante/DWBI/Apache/dags/DWBI_HW2_dag.py', '--cfg-path', '/tmp/tmpkp494842', '--error-file', '/tmp/tmpli9ao8m6']
[2021-11-21 21:48:50,271] {standard_task_runner.py:77} INFO - Job 157: Subtask load
[2021-11-21 21:48:50,296] {logging_mixin.py:109} INFO - Running <TaskInstance: DWBI_HW2_dag.load manual__2021-11-21T20:48:37.401435+00:00 [running]> on host dj-XPS
[2021-11-21 21:48:50,326] {taskinstance.py:1427} INFO - Exporting the following env vars:
AIRFLOW_CTX_DAG_OWNER=dj
AIRFLOW_CTX_DAG_ID=DWBI_HW2_dag
AIRFLOW_CTX_TASK_ID=load
AIRFLOW_CTX_EXECUTION_DATE=2021-11-21T20:48:37.401435+00:00
AIRFLOW_CTX_DAG_RUN_ID=manual__2021-11-21T20:48:37.401435+00:00
[2021-11-21 21:48:50,334] {logging_mixin.py:109} INFO - Successfully fetched the data
[2021-11-21 21:48:50,342] {logging_mixin.py:109} INFO -    Unnamed: 0  Gasoline  Make   origin
0           0         9     9  Germany
[2021-11-21 21:48:50,342] {logging_mixin.py:109} INFO - Successfully made contact with the database.
[2021-11-21 21:48:50,343] {python.py:152} INFO - Done. Returned value was: None
[2021-11-21 21:48:50,435] {taskinstance.py:1270} INFO - Marking task as SUCCESS. dag_id=DWBI_HW2_dag, task_id=load, execution_date=20211121T204837, start_date=20211121T204850, end_date=20211121T204850
[2021-11-21 21:48:50,482] {local_task_job.py:154} INFO - Task exited with return code 0
[2021-11-21 21:48:50,497] {local_task_job.py:264} INFO - 0 downstream tasks scheduled from follow-on schedule check
