[2021-11-21 20:54:57,847] {taskinstance.py:1035} INFO - Dependencies all met for <TaskInstance: DWBI_HW2_dag.transform manual__2021-11-21T19:52:38.492668+00:00 [queued]>
[2021-11-21 20:54:57,852] {taskinstance.py:1035} INFO - Dependencies all met for <TaskInstance: DWBI_HW2_dag.transform manual__2021-11-21T19:52:38.492668+00:00 [queued]>
[2021-11-21 20:54:57,852] {taskinstance.py:1241} INFO - 
--------------------------------------------------------------------------------
[2021-11-21 20:54:57,852] {taskinstance.py:1242} INFO - Starting attempt 1 of 6
[2021-11-21 20:54:57,852] {taskinstance.py:1243} INFO - 
--------------------------------------------------------------------------------
[2021-11-21 20:54:57,860] {taskinstance.py:1262} INFO - Executing <Task(_PythonDecoratedOperator): transform> on 2021-11-21 19:52:38.492668+00:00
[2021-11-21 20:54:57,863] {standard_task_runner.py:52} INFO - Started process 26711 to run task
[2021-11-21 20:54:57,865] {standard_task_runner.py:76} INFO - Running: ['airflow', 'tasks', 'run', 'DWBI_HW2_dag', 'transform', 'manual__2021-11-21T19:52:38.492668+00:00', '--job-id', '62', '--raw', '--subdir', '/home/dante/DWBI/Apache/dags/DWBI_HW2_dag.py', '--cfg-path', '/tmp/tmphxn9rxl_', '--error-file', '/tmp/tmpf18kxnn7']
[2021-11-21 20:54:57,866] {standard_task_runner.py:77} INFO - Job 62: Subtask transform
[2021-11-21 20:54:57,887] {logging_mixin.py:109} INFO - Running <TaskInstance: DWBI_HW2_dag.transform manual__2021-11-21T19:52:38.492668+00:00 [running]> on host dj-XPS
[2021-11-21 20:54:57,912] {taskinstance.py:1427} INFO - Exporting the following env vars:
AIRFLOW_CTX_DAG_OWNER=dj
AIRFLOW_CTX_DAG_ID=DWBI_HW2_dag
AIRFLOW_CTX_TASK_ID=transform
AIRFLOW_CTX_EXECUTION_DATE=2021-11-21T19:52:38.492668+00:00
AIRFLOW_CTX_DAG_RUN_ID=manual__2021-11-21T19:52:38.492668+00:00
[2021-11-21 20:54:57,919] {logging_mixin.py:109} INFO - Successfully fetched the data
[2021-11-21 20:54:57,935] {logging_mixin.py:109} INFO -    Unnamed: 0  Unnamed: 0.1  Unnamed: 0.1.1  Unnamed: 0.1.1.1     Make  ...     Price  Horsepower  EmissionCategory  FuelType           VIN
0           0             0               0                 0  Porsche  ...  200000.0       500.0                 E  Gasoline      10923857
1           1             1               1                 1  Porsche  ...  130000.0       350.0                 C  Gasoline     305982705
2           2             2               3                 3  Porsche  ...  110000.0       310.0                 B  Gasoline    2938579237
3           3             3               4                 4     Audi  ...   70000.0       240.0                 C    Diesel    2035920398
4           4             4               5                 5     Audi  ...   50000.0       272.0                 D    Diesel     239405067
5           5             5               6                 6     Audi  ...   60000.0         NaN                 D    Diesel       2389547
6           6             6               7                 7  Porsche  ...  170000.0         NaN                 B  Gasoline       3409571
7           7             7               8                 8  Porsche  ...   90000.0         NaN                 C  Gasoline      20359802
8           8             8              11                11  Porsche  ...       NaN       330.0                 C    Diesel  209358023589

[9 rows x 12 columns]
[2021-11-21 20:54:57,935] {python.py:152} INFO - Done. Returned value was: None
[2021-11-21 20:54:58,016] {taskinstance.py:1270} INFO - Marking task as SUCCESS. dag_id=DWBI_HW2_dag, task_id=transform, execution_date=20211121T195238, start_date=20211121T195457, end_date=20211121T195458
[2021-11-21 20:54:58,037] {local_task_job.py:154} INFO - Task exited with return code 0
[2021-11-21 20:54:58,051] {local_task_job.py:264} INFO - 0 downstream tasks scheduled from follow-on schedule check
