[2021-11-21 21:00:20,083] {taskinstance.py:1035} INFO - Dependencies all met for <TaskInstance: DWBI_HW2_dag.extract manual__2021-11-21T20:00:16.490234+00:00 [queued]>
[2021-11-21 21:00:20,088] {taskinstance.py:1035} INFO - Dependencies all met for <TaskInstance: DWBI_HW2_dag.extract manual__2021-11-21T20:00:16.490234+00:00 [queued]>
[2021-11-21 21:00:20,088] {taskinstance.py:1241} INFO - 
--------------------------------------------------------------------------------
[2021-11-21 21:00:20,088] {taskinstance.py:1242} INFO - Starting attempt 1 of 6
[2021-11-21 21:00:20,089] {taskinstance.py:1243} INFO - 
--------------------------------------------------------------------------------
[2021-11-21 21:00:20,097] {taskinstance.py:1262} INFO - Executing <Task(_PythonDecoratedOperator): extract> on 2021-11-21 20:00:16.490234+00:00
[2021-11-21 21:00:20,101] {standard_task_runner.py:52} INFO - Started process 28281 to run task
[2021-11-21 21:00:20,103] {standard_task_runner.py:76} INFO - Running: ['airflow', 'tasks', 'run', 'DWBI_HW2_dag', 'extract', 'manual__2021-11-21T20:00:16.490234+00:00', '--job-id', '75', '--raw', '--subdir', '/home/dante/DWBI/Apache/dags/DWBI_HW2_dag.py', '--cfg-path', '/tmp/tmpka6oukry', '--error-file', '/tmp/tmpxvxsx6b4']
[2021-11-21 21:00:20,104] {standard_task_runner.py:77} INFO - Job 75: Subtask extract
[2021-11-21 21:00:20,126] {logging_mixin.py:109} INFO - Running <TaskInstance: DWBI_HW2_dag.extract manual__2021-11-21T20:00:16.490234+00:00 [running]> on host dj-XPS
[2021-11-21 21:00:20,150] {taskinstance.py:1427} INFO - Exporting the following env vars:
AIRFLOW_CTX_DAG_OWNER=dj
AIRFLOW_CTX_DAG_ID=DWBI_HW2_dag
AIRFLOW_CTX_TASK_ID=extract
AIRFLOW_CTX_EXECUTION_DATE=2021-11-21T20:00:16.490234+00:00
AIRFLOW_CTX_DAG_RUN_ID=manual__2021-11-21T20:00:16.490234+00:00
[2021-11-21 21:00:20,151] {logging_mixin.py:109} INFO - Successfully made contact with the database.
[2021-11-21 21:00:20,153] {logging_mixin.py:109} INFO - Successfully placed data in dataframe.
[2021-11-21 21:00:20,157] {logging_mixin.py:109} INFO - Saved file for future use to /home/dante/DWBI/Apache/2021-11-21
[2021-11-21 21:00:20,157] {python.py:152} INFO - Done. Returned value was: 2021-11-21
[2021-11-21 21:00:20,168] {taskinstance.py:1270} INFO - Marking task as SUCCESS. dag_id=DWBI_HW2_dag, task_id=extract, execution_date=20211121T200016, start_date=20211121T200020, end_date=20211121T200020
[2021-11-21 21:00:20,195] {local_task_job.py:154} INFO - Task exited with return code 0
[2021-11-21 21:00:20,216] {local_task_job.py:264} INFO - 1 downstream tasks scheduled from follow-on schedule check
