[2021-11-21 19:28:51,552] {taskinstance.py:1035} INFO - Dependencies all met for <TaskInstance: dag_with_taskflow_api_v01.greet scheduled__2021-11-20T00:00:00+00:00 [queued]>
[2021-11-21 19:28:51,561] {taskinstance.py:1035} INFO - Dependencies all met for <TaskInstance: dag_with_taskflow_api_v01.greet scheduled__2021-11-20T00:00:00+00:00 [queued]>
[2021-11-21 19:28:51,561] {taskinstance.py:1241} INFO - 
--------------------------------------------------------------------------------
[2021-11-21 19:28:51,561] {taskinstance.py:1242} INFO - Starting attempt 1 of 6
[2021-11-21 19:28:51,561] {taskinstance.py:1243} INFO - 
--------------------------------------------------------------------------------
[2021-11-21 19:28:51,573] {taskinstance.py:1262} INFO - Executing <Task(_PythonDecoratedOperator): greet> on 2021-11-20 00:00:00+00:00
[2021-11-21 19:28:51,577] {standard_task_runner.py:52} INFO - Started process 6592 to run task
[2021-11-21 19:28:51,580] {standard_task_runner.py:76} INFO - Running: ['airflow', 'tasks', 'run', 'dag_with_taskflow_api_v01', 'greet', 'scheduled__2021-11-20T00:00:00+00:00', '--job-id', '7', '--raw', '--subdir', '/home/dante/DWBI/Apache/dags/DAG_w_taskflowapi.py', '--cfg-path', '/tmp/tmps182li8k', '--error-file', '/tmp/tmp3mmzrl7f']
[2021-11-21 19:28:51,580] {standard_task_runner.py:77} INFO - Job 7: Subtask greet
[2021-11-21 19:28:51,605] {logging_mixin.py:109} INFO - Running <TaskInstance: dag_with_taskflow_api_v01.greet scheduled__2021-11-20T00:00:00+00:00 [running]> on host dj-XPS
[2021-11-21 19:28:51,646] {taskinstance.py:1427} INFO - Exporting the following env vars:
AIRFLOW_CTX_DAG_OWNER=dj
AIRFLOW_CTX_DAG_ID=dag_with_taskflow_api_v01
AIRFLOW_CTX_TASK_ID=greet
AIRFLOW_CTX_EXECUTION_DATE=2021-11-20T00:00:00+00:00
AIRFLOW_CTX_DAG_RUN_ID=scheduled__2021-11-20T00:00:00+00:00
[2021-11-21 19:28:51,647] {logging_mixin.py:109} INFO - Hello world, my name is Jerry Scissorhands and I am 19 years old
[2021-11-21 19:28:51,647] {python.py:152} INFO - Done. Returned value was: None
[2021-11-21 19:28:51,656] {taskinstance.py:1270} INFO - Marking task as SUCCESS. dag_id=dag_with_taskflow_api_v01, task_id=greet, execution_date=20211120T000000, start_date=20211121T182851, end_date=20211121T182851
[2021-11-21 19:28:51,678] {local_task_job.py:154} INFO - Task exited with return code 0
[2021-11-21 19:28:51,693] {local_task_job.py:264} INFO - 0 downstream tasks scheduled from follow-on schedule check
