[2021-11-21 21:15:21,078] {taskinstance.py:1035} INFO - Dependencies all met for <TaskInstance: DWBI_HW2_dag.fetch_origin manual__2021-11-21T20:11:09.805646+00:00 [queued]>
[2021-11-21 21:15:21,085] {taskinstance.py:1035} INFO - Dependencies all met for <TaskInstance: DWBI_HW2_dag.fetch_origin manual__2021-11-21T20:11:09.805646+00:00 [queued]>
[2021-11-21 21:15:21,085] {taskinstance.py:1241} INFO - 
--------------------------------------------------------------------------------
[2021-11-21 21:15:21,085] {taskinstance.py:1242} INFO - Starting attempt 3 of 6
[2021-11-21 21:15:21,085] {taskinstance.py:1243} INFO - 
--------------------------------------------------------------------------------
[2021-11-21 21:15:21,093] {taskinstance.py:1262} INFO - Executing <Task(_PythonDecoratedOperator): fetch_origin> on 2021-11-21 20:11:09.805646+00:00
[2021-11-21 21:15:21,097] {standard_task_runner.py:52} INFO - Started process 32534 to run task
[2021-11-21 21:15:21,100] {standard_task_runner.py:76} INFO - Running: ['airflow', 'tasks', 'run', 'DWBI_HW2_dag', 'fetch_origin', 'manual__2021-11-21T20:11:09.805646+00:00', '--job-id', '96', '--raw', '--subdir', '/home/dante/DWBI/Apache/dags/DWBI_HW2_dag.py', '--cfg-path', '/tmp/tmpdnodoxsv', '--error-file', '/tmp/tmpayawue09']
[2021-11-21 21:15:21,100] {standard_task_runner.py:77} INFO - Job 96: Subtask fetch_origin
[2021-11-21 21:15:21,122] {logging_mixin.py:109} INFO - Running <TaskInstance: DWBI_HW2_dag.fetch_origin manual__2021-11-21T20:11:09.805646+00:00 [running]> on host dj-XPS
[2021-11-21 21:15:21,142] {taskinstance.py:1427} INFO - Exporting the following env vars:
AIRFLOW_CTX_DAG_OWNER=dj
AIRFLOW_CTX_DAG_ID=DWBI_HW2_dag
AIRFLOW_CTX_TASK_ID=fetch_origin
AIRFLOW_CTX_EXECUTION_DATE=2021-11-21T20:11:09.805646+00:00
AIRFLOW_CTX_DAG_RUN_ID=manual__2021-11-21T20:11:09.805646+00:00
[2021-11-21 21:15:21,143] {python.py:152} INFO - Done. Returned value was: {'Porsche': 'Frankfurt', 'Audi': 'Ingolstadt'}
[2021-11-21 21:15:21,153] {taskinstance.py:1270} INFO - Marking task as SUCCESS. dag_id=DWBI_HW2_dag, task_id=fetch_origin, execution_date=20211121T201109, start_date=20211121T201521, end_date=20211121T201521
[2021-11-21 21:15:21,191] {local_task_job.py:154} INFO - Task exited with return code 0
[2021-11-21 21:15:21,210] {local_task_job.py:264} INFO - 1 downstream tasks scheduled from follow-on schedule check
