[2021-11-21 19:52:16,820] {taskinstance.py:1035} INFO - Dependencies all met for <TaskInstance: DWBI_HW2_dag.greet manual__2021-11-21T18:52:08.709119+00:00 [queued]>
[2021-11-21 19:52:16,826] {taskinstance.py:1035} INFO - Dependencies all met for <TaskInstance: DWBI_HW2_dag.greet manual__2021-11-21T18:52:08.709119+00:00 [queued]>
[2021-11-21 19:52:16,827] {taskinstance.py:1241} INFO - 
--------------------------------------------------------------------------------
[2021-11-21 19:52:16,827] {taskinstance.py:1242} INFO - Starting attempt 1 of 6
[2021-11-21 19:52:16,827] {taskinstance.py:1243} INFO - 
--------------------------------------------------------------------------------
[2021-11-21 19:52:16,837] {taskinstance.py:1262} INFO - Executing <Task(_PythonDecoratedOperator): greet> on 2021-11-21 18:52:08.709119+00:00
[2021-11-21 19:52:16,842] {standard_task_runner.py:52} INFO - Started process 11608 to run task
[2021-11-21 19:52:16,844] {standard_task_runner.py:76} INFO - Running: ['airflow', 'tasks', 'run', 'DWBI_HW2_dag', 'greet', 'manual__2021-11-21T18:52:08.709119+00:00', '--job-id', '10', '--raw', '--subdir', '/home/dante/DWBI/Apache/dags/DWBI_HW2_dag.py', '--cfg-path', '/tmp/tmp8dcklqty', '--error-file', '/tmp/tmpx99ykolq']
[2021-11-21 19:52:16,845] {standard_task_runner.py:77} INFO - Job 10: Subtask greet
[2021-11-21 19:52:16,867] {logging_mixin.py:109} INFO - Running <TaskInstance: DWBI_HW2_dag.greet manual__2021-11-21T18:52:08.709119+00:00 [running]> on host dj-XPS
[2021-11-21 19:52:16,908] {taskinstance.py:1427} INFO - Exporting the following env vars:
AIRFLOW_CTX_DAG_OWNER=dj
AIRFLOW_CTX_DAG_ID=DWBI_HW2_dag
AIRFLOW_CTX_TASK_ID=greet
AIRFLOW_CTX_EXECUTION_DATE=2021-11-21T18:52:08.709119+00:00
AIRFLOW_CTX_DAG_RUN_ID=manual__2021-11-21T18:52:08.709119+00:00
[2021-11-21 19:52:16,909] {logging_mixin.py:109} INFO - Hello world, my name is Jerry Scissorhands and I am 19 years old
[2021-11-21 19:52:16,909] {logging_mixin.py:109} INFO - Succesfully made contact with the database..
[2021-11-21 19:52:16,909] {python.py:152} INFO - Done. Returned value was: True
[2021-11-21 19:52:16,920] {taskinstance.py:1270} INFO - Marking task as SUCCESS. dag_id=DWBI_HW2_dag, task_id=greet, execution_date=20211121T185208, start_date=20211121T185216, end_date=20211121T185216
[2021-11-21 19:52:16,936] {local_task_job.py:154} INFO - Task exited with return code 0
[2021-11-21 19:52:16,950] {local_task_job.py:264} INFO - 0 downstream tasks scheduled from follow-on schedule check
