[2021-11-21 19:56:28,107] {taskinstance.py:1035} INFO - Dependencies all met for <TaskInstance: DWBI_HW2_dag.greet manual__2021-11-21T18:56:20.769370+00:00 [queued]>
[2021-11-21 19:56:28,113] {taskinstance.py:1035} INFO - Dependencies all met for <TaskInstance: DWBI_HW2_dag.greet manual__2021-11-21T18:56:20.769370+00:00 [queued]>
[2021-11-21 19:56:28,113] {taskinstance.py:1241} INFO - 
--------------------------------------------------------------------------------
[2021-11-21 19:56:28,113] {taskinstance.py:1242} INFO - Starting attempt 1 of 6
[2021-11-21 19:56:28,113] {taskinstance.py:1243} INFO - 
--------------------------------------------------------------------------------
[2021-11-21 19:56:28,122] {taskinstance.py:1262} INFO - Executing <Task(_PythonDecoratedOperator): greet> on 2021-11-21 18:56:20.769370+00:00
[2021-11-21 19:56:28,126] {standard_task_runner.py:52} INFO - Started process 12839 to run task
[2021-11-21 19:56:28,128] {standard_task_runner.py:76} INFO - Running: ['airflow', 'tasks', 'run', 'DWBI_HW2_dag', 'greet', 'manual__2021-11-21T18:56:20.769370+00:00', '--job-id', '13', '--raw', '--subdir', '/home/dante/DWBI/Apache/dags/DWBI_HW2_dag.py', '--cfg-path', '/tmp/tmp4avq8_5r', '--error-file', '/tmp/tmpl0g58zzw']
[2021-11-21 19:56:28,129] {standard_task_runner.py:77} INFO - Job 13: Subtask greet
[2021-11-21 19:56:28,151] {logging_mixin.py:109} INFO - Running <TaskInstance: DWBI_HW2_dag.greet manual__2021-11-21T18:56:20.769370+00:00 [running]> on host dj-XPS
[2021-11-21 19:56:28,180] {taskinstance.py:1427} INFO - Exporting the following env vars:
AIRFLOW_CTX_DAG_OWNER=dj
AIRFLOW_CTX_DAG_ID=DWBI_HW2_dag
AIRFLOW_CTX_TASK_ID=greet
AIRFLOW_CTX_EXECUTION_DATE=2021-11-21T18:56:20.769370+00:00
AIRFLOW_CTX_DAG_RUN_ID=manual__2021-11-21T18:56:20.769370+00:00
[2021-11-21 19:56:28,181] {logging_mixin.py:109} INFO - Hello world, my name is Jerry Scissorhands and I am 19 years old
[2021-11-21 19:56:28,181] {logging_mixin.py:109} INFO - Succesfully made contact with the database..
[2021-11-21 19:56:28,182] {logging_mixin.py:109} INFO - [('Porsche', 'Panamera', 2021, 200000, 500, 'E', None, None), ('Porsche', 'Cayenne', 2019, 130000, 350, 'C', None, None), ('BMW', '530d', 2007, 40000, 313, 'B', None, None), ('Porsche', 'Macan', 2018, 110000, 310, 'B', None, None), ('Audi', 'Q7', 2015, 70000, 240, 'C', None, None), ('Audi', 'A6', 2012, 50000, 272, 'D', None, None), ('Audi', 'A6', 2014, 60000, '', 'D', None, None), ('Porsche', 'Panamera', 2020, 170000, '', 'B', None, None), ('Porsche', 'Macan', 2018, 90000, '', 'C', None, None), ('BMW', '530d', 2015, 80000, '', 'D', None, None), ('BMW', '530d', 2015, '', 313, 'D', None, None), ('Porsche', 'Cayenne', 2012, '', 330, 'C', None, None)]
[2021-11-21 19:56:28,182] {python.py:152} INFO - Done. Returned value was: True
[2021-11-21 19:56:28,195] {taskinstance.py:1270} INFO - Marking task as SUCCESS. dag_id=DWBI_HW2_dag, task_id=greet, execution_date=20211121T185620, start_date=20211121T185628, end_date=20211121T185628
[2021-11-21 19:56:28,220] {local_task_job.py:154} INFO - Task exited with return code 0
[2021-11-21 19:56:28,231] {local_task_job.py:264} INFO - 0 downstream tasks scheduled from follow-on schedule check
