[2021-11-21 19:28:45,688] {taskinstance.py:1035} INFO - Dependencies all met for <TaskInstance: dag_with_taskflow_api_v01.get_name scheduled__2021-11-20T00:00:00+00:00 [queued]>
[2021-11-21 19:28:45,694] {taskinstance.py:1035} INFO - Dependencies all met for <TaskInstance: dag_with_taskflow_api_v01.get_name scheduled__2021-11-20T00:00:00+00:00 [queued]>
[2021-11-21 19:28:45,694] {taskinstance.py:1241} INFO - 
--------------------------------------------------------------------------------
[2021-11-21 19:28:45,694] {taskinstance.py:1242} INFO - Starting attempt 1 of 6
[2021-11-21 19:28:45,694] {taskinstance.py:1243} INFO - 
--------------------------------------------------------------------------------
[2021-11-21 19:28:45,703] {taskinstance.py:1262} INFO - Executing <Task(_PythonDecoratedOperator): get_name> on 2021-11-20 00:00:00+00:00
[2021-11-21 19:28:45,705] {standard_task_runner.py:52} INFO - Started process 6487 to run task
[2021-11-21 19:28:45,708] {standard_task_runner.py:76} INFO - Running: ['airflow', 'tasks', 'run', 'dag_with_taskflow_api_v01', 'get_name', 'scheduled__2021-11-20T00:00:00+00:00', '--job-id', '4', '--raw', '--subdir', '/home/dante/DWBI/Apache/dags/DAG_w_taskflowapi.py', '--cfg-path', '/tmp/tmppa2kr80j', '--error-file', '/tmp/tmp2y_8rj04']
[2021-11-21 19:28:45,708] {standard_task_runner.py:77} INFO - Job 4: Subtask get_name
[2021-11-21 19:28:45,730] {logging_mixin.py:109} INFO - Running <TaskInstance: dag_with_taskflow_api_v01.get_name scheduled__2021-11-20T00:00:00+00:00 [running]> on host dj-XPS
[2021-11-21 19:28:45,754] {taskinstance.py:1427} INFO - Exporting the following env vars:
AIRFLOW_CTX_DAG_OWNER=dj
AIRFLOW_CTX_DAG_ID=dag_with_taskflow_api_v01
AIRFLOW_CTX_TASK_ID=get_name
AIRFLOW_CTX_EXECUTION_DATE=2021-11-20T00:00:00+00:00
AIRFLOW_CTX_DAG_RUN_ID=scheduled__2021-11-20T00:00:00+00:00
[2021-11-21 19:28:45,754] {python.py:152} INFO - Done. Returned value was: {'first_name': 'Jerry', 'last_name': 'Scissorhands'}
[2021-11-21 19:28:45,774] {taskinstance.py:1270} INFO - Marking task as SUCCESS. dag_id=dag_with_taskflow_api_v01, task_id=get_name, execution_date=20211120T000000, start_date=20211121T182845, end_date=20211121T182845
[2021-11-21 19:28:45,799] {local_task_job.py:154} INFO - Task exited with return code 0
[2021-11-21 19:28:45,815] {local_task_job.py:264} INFO - 0 downstream tasks scheduled from follow-on schedule check
