[2021-11-21 19:56:23,134] {taskinstance.py:1035} INFO - Dependencies all met for <TaskInstance: DWBI_HW2_dag.get_name manual__2021-11-21T18:56:20.769370+00:00 [queued]>
[2021-11-21 19:56:23,144] {taskinstance.py:1035} INFO - Dependencies all met for <TaskInstance: DWBI_HW2_dag.get_name manual__2021-11-21T18:56:20.769370+00:00 [queued]>
[2021-11-21 19:56:23,145] {taskinstance.py:1241} INFO - 
--------------------------------------------------------------------------------
[2021-11-21 19:56:23,145] {taskinstance.py:1242} INFO - Starting attempt 1 of 6
[2021-11-21 19:56:23,145] {taskinstance.py:1243} INFO - 
--------------------------------------------------------------------------------
[2021-11-21 19:56:23,158] {taskinstance.py:1262} INFO - Executing <Task(_PythonDecoratedOperator): get_name> on 2021-11-21 18:56:20.769370+00:00
[2021-11-21 19:56:23,162] {standard_task_runner.py:52} INFO - Started process 12758 to run task
[2021-11-21 19:56:23,165] {standard_task_runner.py:76} INFO - Running: ['airflow', 'tasks', 'run', 'DWBI_HW2_dag', 'get_name', 'manual__2021-11-21T18:56:20.769370+00:00', '--job-id', '11', '--raw', '--subdir', '/home/dante/DWBI/Apache/dags/DWBI_HW2_dag.py', '--cfg-path', '/tmp/tmpihg9ystf', '--error-file', '/tmp/tmp9huc2a22']
[2021-11-21 19:56:23,166] {standard_task_runner.py:77} INFO - Job 11: Subtask get_name
[2021-11-21 19:56:23,192] {logging_mixin.py:109} INFO - Running <TaskInstance: DWBI_HW2_dag.get_name manual__2021-11-21T18:56:20.769370+00:00 [running]> on host dj-XPS
[2021-11-21 19:56:23,217] {taskinstance.py:1427} INFO - Exporting the following env vars:
AIRFLOW_CTX_DAG_OWNER=dj
AIRFLOW_CTX_DAG_ID=DWBI_HW2_dag
AIRFLOW_CTX_TASK_ID=get_name
AIRFLOW_CTX_EXECUTION_DATE=2021-11-21T18:56:20.769370+00:00
AIRFLOW_CTX_DAG_RUN_ID=manual__2021-11-21T18:56:20.769370+00:00
[2021-11-21 19:56:23,218] {python.py:152} INFO - Done. Returned value was: {'first_name': 'Jerry', 'last_name': 'Scissorhands'}
[2021-11-21 19:56:23,245] {taskinstance.py:1270} INFO - Marking task as SUCCESS. dag_id=DWBI_HW2_dag, task_id=get_name, execution_date=20211121T185620, start_date=20211121T185623, end_date=20211121T185623
[2021-11-21 19:56:23,297] {local_task_job.py:154} INFO - Task exited with return code 0
[2021-11-21 19:56:23,316] {local_task_job.py:264} INFO - 0 downstream tasks scheduled from follow-on schedule check
