[2021-11-21 21:35:15,213] {taskinstance.py:1035} INFO - Dependencies all met for <TaskInstance: DWBI_HW2_dag.transform manual__2021-11-21T20:35:03.301463+00:00 [queued]>
[2021-11-21 21:35:15,223] {taskinstance.py:1035} INFO - Dependencies all met for <TaskInstance: DWBI_HW2_dag.transform manual__2021-11-21T20:35:03.301463+00:00 [queued]>
[2021-11-21 21:35:15,223] {taskinstance.py:1241} INFO - 
--------------------------------------------------------------------------------
[2021-11-21 21:35:15,223] {taskinstance.py:1242} INFO - Starting attempt 1 of 6
[2021-11-21 21:35:15,223] {taskinstance.py:1243} INFO - 
--------------------------------------------------------------------------------
[2021-11-21 21:35:15,241] {taskinstance.py:1262} INFO - Executing <Task(_PythonDecoratedOperator): transform> on 2021-11-21 20:35:03.301463+00:00
[2021-11-21 21:35:15,245] {standard_task_runner.py:52} INFO - Started process 37889 to run task
[2021-11-21 21:35:15,249] {standard_task_runner.py:76} INFO - Running: ['airflow', 'tasks', 'run', 'DWBI_HW2_dag', 'transform', 'manual__2021-11-21T20:35:03.301463+00:00', '--job-id', '135', '--raw', '--subdir', '/home/dante/DWBI/Apache/dags/DWBI_HW2_dag.py', '--cfg-path', '/tmp/tmpob_p_foz', '--error-file', '/tmp/tmpyg0yclb9']
[2021-11-21 21:35:15,249] {standard_task_runner.py:77} INFO - Job 135: Subtask transform
[2021-11-21 21:35:15,280] {logging_mixin.py:109} INFO - Running <TaskInstance: DWBI_HW2_dag.transform manual__2021-11-21T20:35:03.301463+00:00 [running]> on host dj-XPS
[2021-11-21 21:35:15,318] {taskinstance.py:1427} INFO - Exporting the following env vars:
AIRFLOW_CTX_DAG_OWNER=dj
AIRFLOW_CTX_DAG_ID=DWBI_HW2_dag
AIRFLOW_CTX_TASK_ID=transform
AIRFLOW_CTX_EXECUTION_DATE=2021-11-21T20:35:03.301463+00:00
AIRFLOW_CTX_DAG_RUN_ID=manual__2021-11-21T20:35:03.301463+00:00
[2021-11-21 21:35:15,329] {logging_mixin.py:109} INFO - Successfully fetched the data
[2021-11-21 21:35:15,447] {logging_mixin.py:109} INFO -          Gasoline  Make
origin                 
Germany         9     9
Japan           2     2
[2021-11-21 21:35:15,447] {python.py:152} INFO - Done. Returned value was: None
[2021-11-21 21:35:15,454] {taskinstance.py:1270} INFO - Marking task as SUCCESS. dag_id=DWBI_HW2_dag, task_id=transform, execution_date=20211121T203503, start_date=20211121T203515, end_date=20211121T203515
[2021-11-21 21:35:15,501] {local_task_job.py:154} INFO - Task exited with return code 0
[2021-11-21 21:35:15,522] {local_task_job.py:264} INFO - 0 downstream tasks scheduled from follow-on schedule check
