[2021-11-21 20:55:07,548] {taskinstance.py:1035} INFO - Dependencies all met for <TaskInstance: DWBI_HW2_dag.filter_rows manual__2021-11-21T19:50:59.715028+00:00 [queued]>
[2021-11-21 20:55:07,553] {taskinstance.py:1035} INFO - Dependencies all met for <TaskInstance: DWBI_HW2_dag.filter_rows manual__2021-11-21T19:50:59.715028+00:00 [queued]>
[2021-11-21 20:55:07,553] {taskinstance.py:1241} INFO - 
--------------------------------------------------------------------------------
[2021-11-21 20:55:07,553] {taskinstance.py:1242} INFO - Starting attempt 3 of 6
[2021-11-21 20:55:07,553] {taskinstance.py:1243} INFO - 
--------------------------------------------------------------------------------
[2021-11-21 20:55:07,563] {taskinstance.py:1262} INFO - Executing <Task(_PythonDecoratedOperator): filter_rows> on 2021-11-21 19:50:59.715028+00:00
[2021-11-21 20:55:07,567] {standard_task_runner.py:52} INFO - Started process 26887 to run task
[2021-11-21 20:55:07,569] {standard_task_runner.py:76} INFO - Running: ['airflow', 'tasks', 'run', 'DWBI_HW2_dag', 'filter_rows', 'manual__2021-11-21T19:50:59.715028+00:00', '--job-id', '66', '--raw', '--subdir', '/home/dante/DWBI/Apache/dags/DWBI_HW2_dag.py', '--cfg-path', '/tmp/tmpqid66hmn', '--error-file', '/tmp/tmpdht0_dyw']
[2021-11-21 20:55:07,570] {standard_task_runner.py:77} INFO - Job 66: Subtask filter_rows
[2021-11-21 20:55:07,594] {logging_mixin.py:109} INFO - Running <TaskInstance: DWBI_HW2_dag.filter_rows manual__2021-11-21T19:50:59.715028+00:00 [running]> on host dj-XPS
[2021-11-21 20:55:07,617] {taskinstance.py:1427} INFO - Exporting the following env vars:
AIRFLOW_CTX_DAG_OWNER=dj
AIRFLOW_CTX_DAG_ID=DWBI_HW2_dag
AIRFLOW_CTX_TASK_ID=filter_rows
AIRFLOW_CTX_EXECUTION_DATE=2021-11-21T19:50:59.715028+00:00
AIRFLOW_CTX_DAG_RUN_ID=manual__2021-11-21T19:50:59.715028+00:00
[2021-11-21 20:55:07,624] {logging_mixin.py:109} INFO - Successfully fetched the data
[2021-11-21 20:55:07,627] {python.py:152} INFO - Done. Returned value was: 2021-11-21
[2021-11-21 20:55:07,716] {taskinstance.py:1270} INFO - Marking task as SUCCESS. dag_id=DWBI_HW2_dag, task_id=filter_rows, execution_date=20211121T195059, start_date=20211121T195507, end_date=20211121T195507
[2021-11-21 20:55:07,741] {local_task_job.py:154} INFO - Task exited with return code 0
[2021-11-21 20:55:07,762] {local_task_job.py:264} INFO - 1 downstream tasks scheduled from follow-on schedule check
