[2021-11-21 20:55:02,666] {taskinstance.py:1035} INFO - Dependencies all met for <TaskInstance: DWBI_HW2_dag.filter_rows manual__2021-11-21T19:50:50.071958+00:00 [queued]>
[2021-11-21 20:55:02,672] {taskinstance.py:1035} INFO - Dependencies all met for <TaskInstance: DWBI_HW2_dag.filter_rows manual__2021-11-21T19:50:50.071958+00:00 [queued]>
[2021-11-21 20:55:02,672] {taskinstance.py:1241} INFO - 
--------------------------------------------------------------------------------
[2021-11-21 20:55:02,672] {taskinstance.py:1242} INFO - Starting attempt 3 of 6
[2021-11-21 20:55:02,672] {taskinstance.py:1243} INFO - 
--------------------------------------------------------------------------------
[2021-11-21 20:55:02,681] {taskinstance.py:1262} INFO - Executing <Task(_PythonDecoratedOperator): filter_rows> on 2021-11-21 19:50:50.071958+00:00
[2021-11-21 20:55:02,684] {standard_task_runner.py:52} INFO - Started process 26794 to run task
[2021-11-21 20:55:02,687] {standard_task_runner.py:76} INFO - Running: ['airflow', 'tasks', 'run', 'DWBI_HW2_dag', 'filter_rows', 'manual__2021-11-21T19:50:50.071958+00:00', '--job-id', '64', '--raw', '--subdir', '/home/dante/DWBI/Apache/dags/DWBI_HW2_dag.py', '--cfg-path', '/tmp/tmp7xxh4rm0', '--error-file', '/tmp/tmpaubsd80j']
[2021-11-21 20:55:02,687] {standard_task_runner.py:77} INFO - Job 64: Subtask filter_rows
[2021-11-21 20:55:02,709] {logging_mixin.py:109} INFO - Running <TaskInstance: DWBI_HW2_dag.filter_rows manual__2021-11-21T19:50:50.071958+00:00 [running]> on host dj-XPS
[2021-11-21 20:55:02,732] {taskinstance.py:1427} INFO - Exporting the following env vars:
AIRFLOW_CTX_DAG_OWNER=dj
AIRFLOW_CTX_DAG_ID=DWBI_HW2_dag
AIRFLOW_CTX_TASK_ID=filter_rows
AIRFLOW_CTX_EXECUTION_DATE=2021-11-21T19:50:50.071958+00:00
AIRFLOW_CTX_DAG_RUN_ID=manual__2021-11-21T19:50:50.071958+00:00
[2021-11-21 20:55:02,738] {logging_mixin.py:109} INFO - Successfully fetched the data
[2021-11-21 20:55:02,742] {python.py:152} INFO - Done. Returned value was: 2021-11-21
[2021-11-21 20:55:02,835] {taskinstance.py:1270} INFO - Marking task as SUCCESS. dag_id=DWBI_HW2_dag, task_id=filter_rows, execution_date=20211121T195050, start_date=20211121T195502, end_date=20211121T195502
[2021-11-21 20:55:02,859] {local_task_job.py:154} INFO - Task exited with return code 0
[2021-11-21 20:55:02,885] {local_task_job.py:264} INFO - 1 downstream tasks scheduled from follow-on schedule check
