[2021-11-21 20:44:57,632] {taskinstance.py:1035} INFO - Dependencies all met for <TaskInstance: DWBI_HW2_dag.transform manual__2021-11-21T19:44:52.088119+00:00 [queued]>
[2021-11-21 20:44:57,642] {taskinstance.py:1035} INFO - Dependencies all met for <TaskInstance: DWBI_HW2_dag.transform manual__2021-11-21T19:44:52.088119+00:00 [queued]>
[2021-11-21 20:44:57,642] {taskinstance.py:1241} INFO - 
--------------------------------------------------------------------------------
[2021-11-21 20:44:57,642] {taskinstance.py:1242} INFO - Starting attempt 1 of 6
[2021-11-21 20:44:57,642] {taskinstance.py:1243} INFO - 
--------------------------------------------------------------------------------
[2021-11-21 20:44:57,653] {taskinstance.py:1262} INFO - Executing <Task(_PythonDecoratedOperator): transform> on 2021-11-21 19:44:52.088119+00:00
[2021-11-21 20:44:57,658] {standard_task_runner.py:52} INFO - Started process 22849 to run task
[2021-11-21 20:44:57,661] {standard_task_runner.py:76} INFO - Running: ['airflow', 'tasks', 'run', 'DWBI_HW2_dag', 'transform', 'manual__2021-11-21T19:44:52.088119+00:00', '--job-id', '41', '--raw', '--subdir', '/home/dante/DWBI/Apache/dags/DWBI_HW2_dag.py', '--cfg-path', '/tmp/tmpi8a52rl4', '--error-file', '/tmp/tmpfzkwolny']
[2021-11-21 20:44:57,662] {standard_task_runner.py:77} INFO - Job 41: Subtask transform
[2021-11-21 20:44:57,689] {logging_mixin.py:109} INFO - Running <TaskInstance: DWBI_HW2_dag.transform manual__2021-11-21T19:44:52.088119+00:00 [running]> on host dj-XPS
[2021-11-21 20:44:57,719] {taskinstance.py:1427} INFO - Exporting the following env vars:
AIRFLOW_CTX_DAG_OWNER=dj
AIRFLOW_CTX_DAG_ID=DWBI_HW2_dag
AIRFLOW_CTX_TASK_ID=transform
AIRFLOW_CTX_EXECUTION_DATE=2021-11-21T19:44:52.088119+00:00
AIRFLOW_CTX_DAG_RUN_ID=manual__2021-11-21T19:44:52.088119+00:00
[2021-11-21 20:44:57,727] {logging_mixin.py:109} INFO - Successfully fetched the data
[2021-11-21 20:44:57,744] {logging_mixin.py:109} INFO -     Unnamed: 0     Make     Model  ManufacturingYear     Price  Horsepower EmissionCategory  FuelType           VIN
0            0  Porsche  Panamera               2021  200000.0       500.0                E  Gasoline      10923857
1            1  Porsche   Cayenne               2019  130000.0       350.0                C  Gasoline     305982705
2            2      BMW      530d               2007   40000.0       313.0                B    Diesel      23490185
3            3  Porsche     Macan               2018  110000.0       310.0                B  Gasoline    2938579237
4            4     Audi        Q7               2015   70000.0       240.0                C    Diesel    2035920398
5            5     Audi        A6               2012   50000.0       272.0                D    Diesel     239405067
6            6     Audi        A6               2014   60000.0         NaN                D    Diesel       2389547
7            7  Porsche  Panamera               2020  170000.0         NaN                B  Gasoline       3409571
8            8  Porsche     Macan               2018   90000.0         NaN                C  Gasoline      20359802
9            9      BMW      530d               2015   80000.0         NaN                D    Diesel     109585097
10          10      BMW      530d               2015       NaN       313.0                D    Diesel  239487234987
11          11  Porsche   Cayenne               2012       NaN       330.0                C    Diesel  209358023589
[2021-11-21 20:44:57,744] {python.py:152} INFO - Done. Returned value was: None
[2021-11-21 20:44:57,837] {taskinstance.py:1270} INFO - Marking task as SUCCESS. dag_id=DWBI_HW2_dag, task_id=transform, execution_date=20211121T194452, start_date=20211121T194457, end_date=20211121T194457
[2021-11-21 20:44:57,873] {local_task_job.py:154} INFO - Task exited with return code 0
[2021-11-21 20:44:57,888] {local_task_job.py:264} INFO - 0 downstream tasks scheduled from follow-on schedule check
