[2021-11-24 13:01:48,211] {processor.py:163} INFO - Started process (PID=42687) to work on /home/dante/DWBI/Apache/py_env/lib/python3.8/site-packages/airflow/example_dags/example_branch_labels.py
[2021-11-24 13:01:48,214] {processor.py:620} INFO - Processing file /home/dante/DWBI/Apache/py_env/lib/python3.8/site-packages/airflow/example_dags/example_branch_labels.py for tasks to queue
[2021-11-24 13:01:48,215] {logging_mixin.py:109} INFO - [2021-11-24 13:01:48,215] {dagbag.py:500} INFO - Filling up the DagBag from /home/dante/DWBI/Apache/py_env/lib/python3.8/site-packages/airflow/example_dags/example_branch_labels.py
[2021-11-24 13:01:48,242] {processor.py:632} INFO - DAG(s) dict_keys(['example_branch_labels']) retrieved from /home/dante/DWBI/Apache/py_env/lib/python3.8/site-packages/airflow/example_dags/example_branch_labels.py
[2021-11-24 13:01:48,249] {logging_mixin.py:109} INFO - [2021-11-24 13:01:48,249] {dag.py:2389} INFO - Sync 1 DAGs
[2021-11-24 13:01:48,260] {logging_mixin.py:109} INFO - [2021-11-24 13:01:48,260] {dag.py:2921} INFO - Setting next_dagrun for example_branch_labels to 2021-11-23 00:00:00+00:00
[2021-11-24 13:01:48,269] {processor.py:171} INFO - Processing /home/dante/DWBI/Apache/py_env/lib/python3.8/site-packages/airflow/example_dags/example_branch_labels.py took 0.064 seconds
[2021-11-24 13:02:25,938] {processor.py:163} INFO - Started process (PID=42737) to work on /home/dante/DWBI/Apache/py_env/lib/python3.8/site-packages/airflow/example_dags/example_branch_labels.py
[2021-11-24 13:02:25,942] {processor.py:620} INFO - Processing file /home/dante/DWBI/Apache/py_env/lib/python3.8/site-packages/airflow/example_dags/example_branch_labels.py for tasks to queue
[2021-11-24 13:02:25,943] {logging_mixin.py:109} INFO - [2021-11-24 13:02:25,943] {dagbag.py:500} INFO - Filling up the DagBag from /home/dante/DWBI/Apache/py_env/lib/python3.8/site-packages/airflow/example_dags/example_branch_labels.py
[2021-11-24 13:02:25,969] {processor.py:632} INFO - DAG(s) dict_keys(['example_branch_labels']) retrieved from /home/dante/DWBI/Apache/py_env/lib/python3.8/site-packages/airflow/example_dags/example_branch_labels.py
[2021-11-24 13:02:25,976] {logging_mixin.py:109} INFO - [2021-11-24 13:02:25,976] {dag.py:2389} INFO - Sync 1 DAGs
[2021-11-24 13:02:25,987] {logging_mixin.py:109} INFO - [2021-11-24 13:02:25,987] {dag.py:2921} INFO - Setting next_dagrun for example_branch_labels to 2021-11-23 00:00:00+00:00
[2021-11-24 13:02:25,994] {processor.py:171} INFO - Processing /home/dante/DWBI/Apache/py_env/lib/python3.8/site-packages/airflow/example_dags/example_branch_labels.py took 0.062 seconds
[2021-11-24 13:03:05,075] {processor.py:163} INFO - Started process (PID=42847) to work on /home/dante/DWBI/Apache/py_env/lib/python3.8/site-packages/airflow/example_dags/example_branch_labels.py
[2021-11-24 13:03:05,086] {processor.py:620} INFO - Processing file /home/dante/DWBI/Apache/py_env/lib/python3.8/site-packages/airflow/example_dags/example_branch_labels.py for tasks to queue
[2021-11-24 13:03:05,088] {logging_mixin.py:109} INFO - [2021-11-24 13:03:05,087] {dagbag.py:500} INFO - Filling up the DagBag from /home/dante/DWBI/Apache/py_env/lib/python3.8/site-packages/airflow/example_dags/example_branch_labels.py
[2021-11-24 13:03:05,119] {processor.py:632} INFO - DAG(s) dict_keys(['example_branch_labels']) retrieved from /home/dante/DWBI/Apache/py_env/lib/python3.8/site-packages/airflow/example_dags/example_branch_labels.py
[2021-11-24 13:03:05,127] {logging_mixin.py:109} INFO - [2021-11-24 13:03:05,126] {dag.py:2389} INFO - Sync 1 DAGs
[2021-11-24 13:03:05,138] {logging_mixin.py:109} INFO - [2021-11-24 13:03:05,138] {dag.py:2921} INFO - Setting next_dagrun for example_branch_labels to 2021-11-23 00:00:00+00:00
[2021-11-24 13:03:05,159] {processor.py:171} INFO - Processing /home/dante/DWBI/Apache/py_env/lib/python3.8/site-packages/airflow/example_dags/example_branch_labels.py took 0.091 seconds
[2021-11-24 13:03:42,532] {processor.py:163} INFO - Started process (PID=42910) to work on /home/dante/DWBI/Apache/py_env/lib/python3.8/site-packages/airflow/example_dags/example_branch_labels.py
[2021-11-24 13:03:42,541] {processor.py:620} INFO - Processing file /home/dante/DWBI/Apache/py_env/lib/python3.8/site-packages/airflow/example_dags/example_branch_labels.py for tasks to queue
[2021-11-24 13:03:42,542] {logging_mixin.py:109} INFO - [2021-11-24 13:03:42,542] {dagbag.py:500} INFO - Filling up the DagBag from /home/dante/DWBI/Apache/py_env/lib/python3.8/site-packages/airflow/example_dags/example_branch_labels.py
[2021-11-24 13:03:42,555] {processor.py:632} INFO - DAG(s) dict_keys(['example_branch_labels']) retrieved from /home/dante/DWBI/Apache/py_env/lib/python3.8/site-packages/airflow/example_dags/example_branch_labels.py
[2021-11-24 13:03:42,564] {logging_mixin.py:109} INFO - [2021-11-24 13:03:42,564] {dag.py:2389} INFO - Sync 1 DAGs
[2021-11-24 13:03:42,574] {logging_mixin.py:109} INFO - [2021-11-24 13:03:42,573] {dag.py:2921} INFO - Setting next_dagrun for example_branch_labels to 2021-11-23 00:00:00+00:00
[2021-11-24 13:03:42,581] {processor.py:171} INFO - Processing /home/dante/DWBI/Apache/py_env/lib/python3.8/site-packages/airflow/example_dags/example_branch_labels.py took 0.051 seconds
[2021-11-24 13:04:19,703] {processor.py:163} INFO - Started process (PID=42964) to work on /home/dante/DWBI/Apache/py_env/lib/python3.8/site-packages/airflow/example_dags/example_branch_labels.py
[2021-11-24 13:04:19,706] {processor.py:620} INFO - Processing file /home/dante/DWBI/Apache/py_env/lib/python3.8/site-packages/airflow/example_dags/example_branch_labels.py for tasks to queue
[2021-11-24 13:04:19,707] {logging_mixin.py:109} INFO - [2021-11-24 13:04:19,707] {dagbag.py:500} INFO - Filling up the DagBag from /home/dante/DWBI/Apache/py_env/lib/python3.8/site-packages/airflow/example_dags/example_branch_labels.py
[2021-11-24 13:04:19,724] {processor.py:632} INFO - DAG(s) dict_keys(['example_branch_labels']) retrieved from /home/dante/DWBI/Apache/py_env/lib/python3.8/site-packages/airflow/example_dags/example_branch_labels.py
[2021-11-24 13:04:19,736] {logging_mixin.py:109} INFO - [2021-11-24 13:04:19,736] {dag.py:2389} INFO - Sync 1 DAGs
[2021-11-24 13:04:19,754] {logging_mixin.py:109} INFO - [2021-11-24 13:04:19,754] {dag.py:2921} INFO - Setting next_dagrun for example_branch_labels to 2021-11-23 00:00:00+00:00
[2021-11-24 13:04:19,766] {processor.py:171} INFO - Processing /home/dante/DWBI/Apache/py_env/lib/python3.8/site-packages/airflow/example_dags/example_branch_labels.py took 0.065 seconds
[2021-11-24 13:05:02,100] {processor.py:163} INFO - Started process (PID=43180) to work on /home/dante/DWBI/Apache/py_env/lib/python3.8/site-packages/airflow/example_dags/example_branch_labels.py
[2021-11-24 13:05:02,111] {processor.py:620} INFO - Processing file /home/dante/DWBI/Apache/py_env/lib/python3.8/site-packages/airflow/example_dags/example_branch_labels.py for tasks to queue
[2021-11-24 13:05:02,112] {logging_mixin.py:109} INFO - [2021-11-24 13:05:02,112] {dagbag.py:500} INFO - Filling up the DagBag from /home/dante/DWBI/Apache/py_env/lib/python3.8/site-packages/airflow/example_dags/example_branch_labels.py
[2021-11-24 13:05:02,149] {processor.py:632} INFO - DAG(s) dict_keys(['example_branch_labels']) retrieved from /home/dante/DWBI/Apache/py_env/lib/python3.8/site-packages/airflow/example_dags/example_branch_labels.py
[2021-11-24 13:05:02,157] {logging_mixin.py:109} INFO - [2021-11-24 13:05:02,157] {dag.py:2389} INFO - Sync 1 DAGs
[2021-11-24 13:05:02,167] {logging_mixin.py:109} INFO - [2021-11-24 13:05:02,167] {dag.py:2921} INFO - Setting next_dagrun for example_branch_labels to 2021-11-23 00:00:00+00:00
[2021-11-24 13:05:02,189] {processor.py:171} INFO - Processing /home/dante/DWBI/Apache/py_env/lib/python3.8/site-packages/airflow/example_dags/example_branch_labels.py took 0.091 seconds
[2021-11-24 13:05:39,730] {processor.py:163} INFO - Started process (PID=43251) to work on /home/dante/DWBI/Apache/py_env/lib/python3.8/site-packages/airflow/example_dags/example_branch_labels.py
[2021-11-24 13:05:39,732] {processor.py:620} INFO - Processing file /home/dante/DWBI/Apache/py_env/lib/python3.8/site-packages/airflow/example_dags/example_branch_labels.py for tasks to queue
[2021-11-24 13:05:39,732] {logging_mixin.py:109} INFO - [2021-11-24 13:05:39,732] {dagbag.py:500} INFO - Filling up the DagBag from /home/dante/DWBI/Apache/py_env/lib/python3.8/site-packages/airflow/example_dags/example_branch_labels.py
[2021-11-24 13:05:39,747] {processor.py:632} INFO - DAG(s) dict_keys(['example_branch_labels']) retrieved from /home/dante/DWBI/Apache/py_env/lib/python3.8/site-packages/airflow/example_dags/example_branch_labels.py
[2021-11-24 13:05:39,755] {logging_mixin.py:109} INFO - [2021-11-24 13:05:39,755] {dag.py:2389} INFO - Sync 1 DAGs
[2021-11-24 13:05:39,765] {logging_mixin.py:109} INFO - [2021-11-24 13:05:39,765] {dag.py:2921} INFO - Setting next_dagrun for example_branch_labels to 2021-11-23 00:00:00+00:00
[2021-11-24 13:05:39,772] {processor.py:171} INFO - Processing /home/dante/DWBI/Apache/py_env/lib/python3.8/site-packages/airflow/example_dags/example_branch_labels.py took 0.044 seconds
[2021-11-24 13:06:17,338] {processor.py:163} INFO - Started process (PID=43306) to work on /home/dante/DWBI/Apache/py_env/lib/python3.8/site-packages/airflow/example_dags/example_branch_labels.py
[2021-11-24 13:06:17,350] {processor.py:620} INFO - Processing file /home/dante/DWBI/Apache/py_env/lib/python3.8/site-packages/airflow/example_dags/example_branch_labels.py for tasks to queue
[2021-11-24 13:06:17,352] {logging_mixin.py:109} INFO - [2021-11-24 13:06:17,352] {dagbag.py:500} INFO - Filling up the DagBag from /home/dante/DWBI/Apache/py_env/lib/python3.8/site-packages/airflow/example_dags/example_branch_labels.py
[2021-11-24 13:06:17,383] {processor.py:632} INFO - DAG(s) dict_keys(['example_branch_labels']) retrieved from /home/dante/DWBI/Apache/py_env/lib/python3.8/site-packages/airflow/example_dags/example_branch_labels.py
[2021-11-24 13:06:17,391] {logging_mixin.py:109} INFO - [2021-11-24 13:06:17,391] {dag.py:2389} INFO - Sync 1 DAGs
[2021-11-24 13:06:17,401] {logging_mixin.py:109} INFO - [2021-11-24 13:06:17,401] {dag.py:2921} INFO - Setting next_dagrun for example_branch_labels to 2021-11-23 00:00:00+00:00
[2021-11-24 13:06:17,412] {processor.py:171} INFO - Processing /home/dante/DWBI/Apache/py_env/lib/python3.8/site-packages/airflow/example_dags/example_branch_labels.py took 0.080 seconds
[2021-11-24 13:06:54,733] {processor.py:163} INFO - Started process (PID=43386) to work on /home/dante/DWBI/Apache/py_env/lib/python3.8/site-packages/airflow/example_dags/example_branch_labels.py
[2021-11-24 13:06:54,743] {processor.py:620} INFO - Processing file /home/dante/DWBI/Apache/py_env/lib/python3.8/site-packages/airflow/example_dags/example_branch_labels.py for tasks to queue
[2021-11-24 13:06:54,744] {logging_mixin.py:109} INFO - [2021-11-24 13:06:54,744] {dagbag.py:500} INFO - Filling up the DagBag from /home/dante/DWBI/Apache/py_env/lib/python3.8/site-packages/airflow/example_dags/example_branch_labels.py
[2021-11-24 13:06:54,774] {processor.py:632} INFO - DAG(s) dict_keys(['example_branch_labels']) retrieved from /home/dante/DWBI/Apache/py_env/lib/python3.8/site-packages/airflow/example_dags/example_branch_labels.py
[2021-11-24 13:06:54,782] {logging_mixin.py:109} INFO - [2021-11-24 13:06:54,782] {dag.py:2389} INFO - Sync 1 DAGs
[2021-11-24 13:06:54,792] {logging_mixin.py:109} INFO - [2021-11-24 13:06:54,792] {dag.py:2921} INFO - Setting next_dagrun for example_branch_labels to 2021-11-23 00:00:00+00:00
[2021-11-24 13:06:54,817] {processor.py:171} INFO - Processing /home/dante/DWBI/Apache/py_env/lib/python3.8/site-packages/airflow/example_dags/example_branch_labels.py took 0.086 seconds
[2021-11-24 13:07:32,027] {processor.py:163} INFO - Started process (PID=43435) to work on /home/dante/DWBI/Apache/py_env/lib/python3.8/site-packages/airflow/example_dags/example_branch_labels.py
[2021-11-24 13:07:32,029] {processor.py:620} INFO - Processing file /home/dante/DWBI/Apache/py_env/lib/python3.8/site-packages/airflow/example_dags/example_branch_labels.py for tasks to queue
[2021-11-24 13:07:32,029] {logging_mixin.py:109} INFO - [2021-11-24 13:07:32,029] {dagbag.py:500} INFO - Filling up the DagBag from /home/dante/DWBI/Apache/py_env/lib/python3.8/site-packages/airflow/example_dags/example_branch_labels.py
[2021-11-24 13:07:32,045] {processor.py:632} INFO - DAG(s) dict_keys(['example_branch_labels']) retrieved from /home/dante/DWBI/Apache/py_env/lib/python3.8/site-packages/airflow/example_dags/example_branch_labels.py
[2021-11-24 13:07:32,052] {logging_mixin.py:109} INFO - [2021-11-24 13:07:32,052] {dag.py:2389} INFO - Sync 1 DAGs
[2021-11-24 13:07:32,063] {logging_mixin.py:109} INFO - [2021-11-24 13:07:32,063] {dag.py:2921} INFO - Setting next_dagrun for example_branch_labels to 2021-11-23 00:00:00+00:00
[2021-11-24 13:07:32,070] {processor.py:171} INFO - Processing /home/dante/DWBI/Apache/py_env/lib/python3.8/site-packages/airflow/example_dags/example_branch_labels.py took 0.046 seconds
[2021-11-24 13:08:05,745] {processor.py:163} INFO - Started process (PID=43487) to work on /home/dante/DWBI/Apache/py_env/lib/python3.8/site-packages/airflow/example_dags/example_branch_labels.py
[2021-11-24 13:08:05,756] {processor.py:620} INFO - Processing file /home/dante/DWBI/Apache/py_env/lib/python3.8/site-packages/airflow/example_dags/example_branch_labels.py for tasks to queue
[2021-11-24 13:08:05,758] {logging_mixin.py:109} INFO - [2021-11-24 13:08:05,758] {dagbag.py:500} INFO - Filling up the DagBag from /home/dante/DWBI/Apache/py_env/lib/python3.8/site-packages/airflow/example_dags/example_branch_labels.py
[2021-11-24 13:08:05,789] {processor.py:632} INFO - DAG(s) dict_keys(['example_branch_labels']) retrieved from /home/dante/DWBI/Apache/py_env/lib/python3.8/site-packages/airflow/example_dags/example_branch_labels.py
[2021-11-24 13:08:05,797] {logging_mixin.py:109} INFO - [2021-11-24 13:08:05,797] {dag.py:2389} INFO - Sync 1 DAGs
[2021-11-24 13:08:05,807] {logging_mixin.py:109} INFO - [2021-11-24 13:08:05,807] {dag.py:2921} INFO - Setting next_dagrun for example_branch_labels to 2021-11-23 00:00:00+00:00
[2021-11-24 13:08:05,817] {processor.py:171} INFO - Processing /home/dante/DWBI/Apache/py_env/lib/python3.8/site-packages/airflow/example_dags/example_branch_labels.py took 0.078 seconds
[2021-11-24 13:08:45,353] {processor.py:163} INFO - Started process (PID=43563) to work on /home/dante/DWBI/Apache/py_env/lib/python3.8/site-packages/airflow/example_dags/example_branch_labels.py
[2021-11-24 13:08:45,363] {processor.py:620} INFO - Processing file /home/dante/DWBI/Apache/py_env/lib/python3.8/site-packages/airflow/example_dags/example_branch_labels.py for tasks to queue
[2021-11-24 13:08:45,364] {logging_mixin.py:109} INFO - [2021-11-24 13:08:45,364] {dagbag.py:500} INFO - Filling up the DagBag from /home/dante/DWBI/Apache/py_env/lib/python3.8/site-packages/airflow/example_dags/example_branch_labels.py
[2021-11-24 13:08:45,384] {processor.py:632} INFO - DAG(s) dict_keys(['example_branch_labels']) retrieved from /home/dante/DWBI/Apache/py_env/lib/python3.8/site-packages/airflow/example_dags/example_branch_labels.py
[2021-11-24 13:08:45,394] {logging_mixin.py:109} INFO - [2021-11-24 13:08:45,394] {dag.py:2389} INFO - Sync 1 DAGs
[2021-11-24 13:08:45,405] {logging_mixin.py:109} INFO - [2021-11-24 13:08:45,405] {dag.py:2921} INFO - Setting next_dagrun for example_branch_labels to 2021-11-23 00:00:00+00:00
[2021-11-24 13:08:45,414] {processor.py:171} INFO - Processing /home/dante/DWBI/Apache/py_env/lib/python3.8/site-packages/airflow/example_dags/example_branch_labels.py took 0.063 seconds
[2021-11-24 13:09:20,612] {processor.py:163} INFO - Started process (PID=43624) to work on /home/dante/DWBI/Apache/py_env/lib/python3.8/site-packages/airflow/example_dags/example_branch_labels.py
[2021-11-24 13:09:20,621] {processor.py:620} INFO - Processing file /home/dante/DWBI/Apache/py_env/lib/python3.8/site-packages/airflow/example_dags/example_branch_labels.py for tasks to queue
[2021-11-24 13:09:20,622] {logging_mixin.py:109} INFO - [2021-11-24 13:09:20,622] {dagbag.py:500} INFO - Filling up the DagBag from /home/dante/DWBI/Apache/py_env/lib/python3.8/site-packages/airflow/example_dags/example_branch_labels.py
[2021-11-24 13:09:20,637] {processor.py:632} INFO - DAG(s) dict_keys(['example_branch_labels']) retrieved from /home/dante/DWBI/Apache/py_env/lib/python3.8/site-packages/airflow/example_dags/example_branch_labels.py
[2021-11-24 13:09:20,645] {logging_mixin.py:109} INFO - [2021-11-24 13:09:20,645] {dag.py:2389} INFO - Sync 1 DAGs
[2021-11-24 13:09:20,655] {logging_mixin.py:109} INFO - [2021-11-24 13:09:20,655] {dag.py:2921} INFO - Setting next_dagrun for example_branch_labels to 2021-11-23 00:00:00+00:00
[2021-11-24 13:09:20,662] {processor.py:171} INFO - Processing /home/dante/DWBI/Apache/py_env/lib/python3.8/site-packages/airflow/example_dags/example_branch_labels.py took 0.052 seconds
[2021-11-24 13:09:56,390] {processor.py:163} INFO - Started process (PID=43809) to work on /home/dante/DWBI/Apache/py_env/lib/python3.8/site-packages/airflow/example_dags/example_branch_labels.py
[2021-11-24 13:09:56,399] {processor.py:620} INFO - Processing file /home/dante/DWBI/Apache/py_env/lib/python3.8/site-packages/airflow/example_dags/example_branch_labels.py for tasks to queue
[2021-11-24 13:09:56,400] {logging_mixin.py:109} INFO - [2021-11-24 13:09:56,400] {dagbag.py:500} INFO - Filling up the DagBag from /home/dante/DWBI/Apache/py_env/lib/python3.8/site-packages/airflow/example_dags/example_branch_labels.py
[2021-11-24 13:09:56,421] {processor.py:632} INFO - DAG(s) dict_keys(['example_branch_labels']) retrieved from /home/dante/DWBI/Apache/py_env/lib/python3.8/site-packages/airflow/example_dags/example_branch_labels.py
[2021-11-24 13:09:56,430] {logging_mixin.py:109} INFO - [2021-11-24 13:09:56,430] {dag.py:2389} INFO - Sync 1 DAGs
[2021-11-24 13:09:56,441] {logging_mixin.py:109} INFO - [2021-11-24 13:09:56,441] {dag.py:2921} INFO - Setting next_dagrun for example_branch_labels to 2021-11-23 00:00:00+00:00
[2021-11-24 13:09:56,448] {processor.py:171} INFO - Processing /home/dante/DWBI/Apache/py_env/lib/python3.8/site-packages/airflow/example_dags/example_branch_labels.py took 0.060 seconds
[2021-11-24 13:10:31,261] {processor.py:163} INFO - Started process (PID=43995) to work on /home/dante/DWBI/Apache/py_env/lib/python3.8/site-packages/airflow/example_dags/example_branch_labels.py
[2021-11-24 13:10:31,270] {processor.py:620} INFO - Processing file /home/dante/DWBI/Apache/py_env/lib/python3.8/site-packages/airflow/example_dags/example_branch_labels.py for tasks to queue
[2021-11-24 13:10:31,271] {logging_mixin.py:109} INFO - [2021-11-24 13:10:31,271] {dagbag.py:500} INFO - Filling up the DagBag from /home/dante/DWBI/Apache/py_env/lib/python3.8/site-packages/airflow/example_dags/example_branch_labels.py
[2021-11-24 13:10:31,285] {processor.py:632} INFO - DAG(s) dict_keys(['example_branch_labels']) retrieved from /home/dante/DWBI/Apache/py_env/lib/python3.8/site-packages/airflow/example_dags/example_branch_labels.py
[2021-11-24 13:10:31,293] {logging_mixin.py:109} INFO - [2021-11-24 13:10:31,293] {dag.py:2389} INFO - Sync 1 DAGs
[2021-11-24 13:10:31,303] {logging_mixin.py:109} INFO - [2021-11-24 13:10:31,303] {dag.py:2921} INFO - Setting next_dagrun for example_branch_labels to 2021-11-23 00:00:00+00:00
[2021-11-24 13:10:31,346] {processor.py:171} INFO - Processing /home/dante/DWBI/Apache/py_env/lib/python3.8/site-packages/airflow/example_dags/example_branch_labels.py took 0.087 seconds
[2021-11-24 13:11:12,539] {processor.py:163} INFO - Started process (PID=44143) to work on /home/dante/DWBI/Apache/py_env/lib/python3.8/site-packages/airflow/example_dags/example_branch_labels.py
[2021-11-24 13:11:12,541] {processor.py:620} INFO - Processing file /home/dante/DWBI/Apache/py_env/lib/python3.8/site-packages/airflow/example_dags/example_branch_labels.py for tasks to queue
[2021-11-24 13:11:12,542] {logging_mixin.py:109} INFO - [2021-11-24 13:11:12,542] {dagbag.py:500} INFO - Filling up the DagBag from /home/dante/DWBI/Apache/py_env/lib/python3.8/site-packages/airflow/example_dags/example_branch_labels.py
[2021-11-24 13:11:12,557] {processor.py:632} INFO - DAG(s) dict_keys(['example_branch_labels']) retrieved from /home/dante/DWBI/Apache/py_env/lib/python3.8/site-packages/airflow/example_dags/example_branch_labels.py
[2021-11-24 13:11:12,564] {logging_mixin.py:109} INFO - [2021-11-24 13:11:12,564] {dag.py:2389} INFO - Sync 1 DAGs
[2021-11-24 13:11:12,574] {logging_mixin.py:109} INFO - [2021-11-24 13:11:12,574] {dag.py:2921} INFO - Setting next_dagrun for example_branch_labels to 2021-11-23 00:00:00+00:00
[2021-11-24 13:11:12,581] {processor.py:171} INFO - Processing /home/dante/DWBI/Apache/py_env/lib/python3.8/site-packages/airflow/example_dags/example_branch_labels.py took 0.044 seconds
[2021-11-24 13:11:48,403] {processor.py:163} INFO - Started process (PID=44249) to work on /home/dante/DWBI/Apache/py_env/lib/python3.8/site-packages/airflow/example_dags/example_branch_labels.py
[2021-11-24 13:11:48,416] {processor.py:620} INFO - Processing file /home/dante/DWBI/Apache/py_env/lib/python3.8/site-packages/airflow/example_dags/example_branch_labels.py for tasks to queue
[2021-11-24 13:11:48,418] {logging_mixin.py:109} INFO - [2021-11-24 13:11:48,418] {dagbag.py:500} INFO - Filling up the DagBag from /home/dante/DWBI/Apache/py_env/lib/python3.8/site-packages/airflow/example_dags/example_branch_labels.py
[2021-11-24 13:11:48,447] {processor.py:632} INFO - DAG(s) dict_keys(['example_branch_labels']) retrieved from /home/dante/DWBI/Apache/py_env/lib/python3.8/site-packages/airflow/example_dags/example_branch_labels.py
[2021-11-24 13:11:48,455] {logging_mixin.py:109} INFO - [2021-11-24 13:11:48,455] {dag.py:2389} INFO - Sync 1 DAGs
[2021-11-24 13:11:48,465] {logging_mixin.py:109} INFO - [2021-11-24 13:11:48,465] {dag.py:2921} INFO - Setting next_dagrun for example_branch_labels to 2021-11-23 00:00:00+00:00
[2021-11-24 13:11:48,484] {processor.py:171} INFO - Processing /home/dante/DWBI/Apache/py_env/lib/python3.8/site-packages/airflow/example_dags/example_branch_labels.py took 0.087 seconds
[2021-11-24 13:12:28,173] {processor.py:163} INFO - Started process (PID=44313) to work on /home/dante/DWBI/Apache/py_env/lib/python3.8/site-packages/airflow/example_dags/example_branch_labels.py
[2021-11-24 13:12:28,182] {processor.py:620} INFO - Processing file /home/dante/DWBI/Apache/py_env/lib/python3.8/site-packages/airflow/example_dags/example_branch_labels.py for tasks to queue
[2021-11-24 13:12:28,182] {logging_mixin.py:109} INFO - [2021-11-24 13:12:28,182] {dagbag.py:500} INFO - Filling up the DagBag from /home/dante/DWBI/Apache/py_env/lib/python3.8/site-packages/airflow/example_dags/example_branch_labels.py
[2021-11-24 13:12:28,198] {processor.py:632} INFO - DAG(s) dict_keys(['example_branch_labels']) retrieved from /home/dante/DWBI/Apache/py_env/lib/python3.8/site-packages/airflow/example_dags/example_branch_labels.py
[2021-11-24 13:12:28,206] {logging_mixin.py:109} INFO - [2021-11-24 13:12:28,206] {dag.py:2389} INFO - Sync 1 DAGs
[2021-11-24 13:12:28,217] {logging_mixin.py:109} INFO - [2021-11-24 13:12:28,217] {dag.py:2921} INFO - Setting next_dagrun for example_branch_labels to 2021-11-23 00:00:00+00:00
[2021-11-24 13:12:28,243] {processor.py:171} INFO - Processing /home/dante/DWBI/Apache/py_env/lib/python3.8/site-packages/airflow/example_dags/example_branch_labels.py took 0.072 seconds
[2021-11-24 13:13:05,725] {processor.py:163} INFO - Started process (PID=44460) to work on /home/dante/DWBI/Apache/py_env/lib/python3.8/site-packages/airflow/example_dags/example_branch_labels.py
[2021-11-24 13:13:05,736] {processor.py:620} INFO - Processing file /home/dante/DWBI/Apache/py_env/lib/python3.8/site-packages/airflow/example_dags/example_branch_labels.py for tasks to queue
[2021-11-24 13:13:05,737] {logging_mixin.py:109} INFO - [2021-11-24 13:13:05,737] {dagbag.py:500} INFO - Filling up the DagBag from /home/dante/DWBI/Apache/py_env/lib/python3.8/site-packages/airflow/example_dags/example_branch_labels.py
[2021-11-24 13:13:05,768] {processor.py:632} INFO - DAG(s) dict_keys(['example_branch_labels']) retrieved from /home/dante/DWBI/Apache/py_env/lib/python3.8/site-packages/airflow/example_dags/example_branch_labels.py
[2021-11-24 13:13:05,775] {logging_mixin.py:109} INFO - [2021-11-24 13:13:05,775] {dag.py:2389} INFO - Sync 1 DAGs
[2021-11-24 13:13:05,786] {logging_mixin.py:109} INFO - [2021-11-24 13:13:05,785] {dag.py:2921} INFO - Setting next_dagrun for example_branch_labels to 2021-11-23 00:00:00+00:00
[2021-11-24 13:13:05,800] {processor.py:171} INFO - Processing /home/dante/DWBI/Apache/py_env/lib/python3.8/site-packages/airflow/example_dags/example_branch_labels.py took 0.081 seconds
[2021-11-24 13:13:40,092] {processor.py:163} INFO - Started process (PID=44520) to work on /home/dante/DWBI/Apache/py_env/lib/python3.8/site-packages/airflow/example_dags/example_branch_labels.py
[2021-11-24 13:13:40,103] {processor.py:620} INFO - Processing file /home/dante/DWBI/Apache/py_env/lib/python3.8/site-packages/airflow/example_dags/example_branch_labels.py for tasks to queue
[2021-11-24 13:13:40,104] {logging_mixin.py:109} INFO - [2021-11-24 13:13:40,104] {dagbag.py:500} INFO - Filling up the DagBag from /home/dante/DWBI/Apache/py_env/lib/python3.8/site-packages/airflow/example_dags/example_branch_labels.py
[2021-11-24 13:13:40,141] {processor.py:632} INFO - DAG(s) dict_keys(['example_branch_labels']) retrieved from /home/dante/DWBI/Apache/py_env/lib/python3.8/site-packages/airflow/example_dags/example_branch_labels.py
[2021-11-24 13:13:40,150] {logging_mixin.py:109} INFO - [2021-11-24 13:13:40,149] {dag.py:2389} INFO - Sync 1 DAGs
[2021-11-24 13:13:40,160] {logging_mixin.py:109} INFO - [2021-11-24 13:13:40,160] {dag.py:2921} INFO - Setting next_dagrun for example_branch_labels to 2021-11-23 00:00:00+00:00
[2021-11-24 13:13:40,167] {processor.py:171} INFO - Processing /home/dante/DWBI/Apache/py_env/lib/python3.8/site-packages/airflow/example_dags/example_branch_labels.py took 0.079 seconds
[2021-11-24 13:14:17,184] {processor.py:163} INFO - Started process (PID=44577) to work on /home/dante/DWBI/Apache/py_env/lib/python3.8/site-packages/airflow/example_dags/example_branch_labels.py
[2021-11-24 13:14:17,186] {processor.py:620} INFO - Processing file /home/dante/DWBI/Apache/py_env/lib/python3.8/site-packages/airflow/example_dags/example_branch_labels.py for tasks to queue
[2021-11-24 13:14:17,186] {logging_mixin.py:109} INFO - [2021-11-24 13:14:17,186] {dagbag.py:500} INFO - Filling up the DagBag from /home/dante/DWBI/Apache/py_env/lib/python3.8/site-packages/airflow/example_dags/example_branch_labels.py
[2021-11-24 13:14:17,200] {processor.py:632} INFO - DAG(s) dict_keys(['example_branch_labels']) retrieved from /home/dante/DWBI/Apache/py_env/lib/python3.8/site-packages/airflow/example_dags/example_branch_labels.py
[2021-11-24 13:14:17,207] {logging_mixin.py:109} INFO - [2021-11-24 13:14:17,207] {dag.py:2389} INFO - Sync 1 DAGs
[2021-11-24 13:14:17,217] {logging_mixin.py:109} INFO - [2021-11-24 13:14:17,217] {dag.py:2921} INFO - Setting next_dagrun for example_branch_labels to 2021-11-23 00:00:00+00:00
[2021-11-24 13:14:17,225] {processor.py:171} INFO - Processing /home/dante/DWBI/Apache/py_env/lib/python3.8/site-packages/airflow/example_dags/example_branch_labels.py took 0.043 seconds
[2021-11-24 13:14:57,139] {processor.py:163} INFO - Started process (PID=44730) to work on /home/dante/DWBI/Apache/py_env/lib/python3.8/site-packages/airflow/example_dags/example_branch_labels.py
[2021-11-24 13:14:57,150] {processor.py:620} INFO - Processing file /home/dante/DWBI/Apache/py_env/lib/python3.8/site-packages/airflow/example_dags/example_branch_labels.py for tasks to queue
[2021-11-24 13:14:57,151] {logging_mixin.py:109} INFO - [2021-11-24 13:14:57,150] {dagbag.py:500} INFO - Filling up the DagBag from /home/dante/DWBI/Apache/py_env/lib/python3.8/site-packages/airflow/example_dags/example_branch_labels.py
[2021-11-24 13:14:57,178] {processor.py:632} INFO - DAG(s) dict_keys(['example_branch_labels']) retrieved from /home/dante/DWBI/Apache/py_env/lib/python3.8/site-packages/airflow/example_dags/example_branch_labels.py
[2021-11-24 13:14:57,186] {logging_mixin.py:109} INFO - [2021-11-24 13:14:57,185] {dag.py:2389} INFO - Sync 1 DAGs
[2021-11-24 13:14:57,195] {logging_mixin.py:109} INFO - [2021-11-24 13:14:57,195] {dag.py:2921} INFO - Setting next_dagrun for example_branch_labels to 2021-11-23 00:00:00+00:00
[2021-11-24 13:14:57,221] {processor.py:171} INFO - Processing /home/dante/DWBI/Apache/py_env/lib/python3.8/site-packages/airflow/example_dags/example_branch_labels.py took 0.085 seconds
[2021-11-24 13:15:36,842] {processor.py:163} INFO - Started process (PID=44815) to work on /home/dante/DWBI/Apache/py_env/lib/python3.8/site-packages/airflow/example_dags/example_branch_labels.py
[2021-11-24 13:15:36,851] {processor.py:620} INFO - Processing file /home/dante/DWBI/Apache/py_env/lib/python3.8/site-packages/airflow/example_dags/example_branch_labels.py for tasks to queue
[2021-11-24 13:15:36,852] {logging_mixin.py:109} INFO - [2021-11-24 13:15:36,852] {dagbag.py:500} INFO - Filling up the DagBag from /home/dante/DWBI/Apache/py_env/lib/python3.8/site-packages/airflow/example_dags/example_branch_labels.py
[2021-11-24 13:15:36,873] {processor.py:632} INFO - DAG(s) dict_keys(['example_branch_labels']) retrieved from /home/dante/DWBI/Apache/py_env/lib/python3.8/site-packages/airflow/example_dags/example_branch_labels.py
[2021-11-24 13:15:36,882] {logging_mixin.py:109} INFO - [2021-11-24 13:15:36,882] {dag.py:2389} INFO - Sync 1 DAGs
[2021-11-24 13:15:36,892] {logging_mixin.py:109} INFO - [2021-11-24 13:15:36,892] {dag.py:2921} INFO - Setting next_dagrun for example_branch_labels to 2021-11-23 00:00:00+00:00
[2021-11-24 13:15:36,907] {processor.py:171} INFO - Processing /home/dante/DWBI/Apache/py_env/lib/python3.8/site-packages/airflow/example_dags/example_branch_labels.py took 0.067 seconds
[2021-11-24 13:16:18,592] {processor.py:163} INFO - Started process (PID=45343) to work on /home/dante/DWBI/Apache/py_env/lib/python3.8/site-packages/airflow/example_dags/example_branch_labels.py
[2021-11-24 13:16:18,602] {processor.py:620} INFO - Processing file /home/dante/DWBI/Apache/py_env/lib/python3.8/site-packages/airflow/example_dags/example_branch_labels.py for tasks to queue
[2021-11-24 13:16:18,603] {logging_mixin.py:109} INFO - [2021-11-24 13:16:18,603] {dagbag.py:500} INFO - Filling up the DagBag from /home/dante/DWBI/Apache/py_env/lib/python3.8/site-packages/airflow/example_dags/example_branch_labels.py
[2021-11-24 13:16:18,632] {processor.py:632} INFO - DAG(s) dict_keys(['example_branch_labels']) retrieved from /home/dante/DWBI/Apache/py_env/lib/python3.8/site-packages/airflow/example_dags/example_branch_labels.py
[2021-11-24 13:16:18,640] {logging_mixin.py:109} INFO - [2021-11-24 13:16:18,640] {dag.py:2389} INFO - Sync 1 DAGs
[2021-11-24 13:16:18,651] {logging_mixin.py:109} INFO - [2021-11-24 13:16:18,651] {dag.py:2921} INFO - Setting next_dagrun for example_branch_labels to 2021-11-23 00:00:00+00:00
[2021-11-24 13:16:18,660] {processor.py:171} INFO - Processing /home/dante/DWBI/Apache/py_env/lib/python3.8/site-packages/airflow/example_dags/example_branch_labels.py took 0.071 seconds
[2021-11-24 13:16:53,865] {processor.py:163} INFO - Started process (PID=45429) to work on /home/dante/DWBI/Apache/py_env/lib/python3.8/site-packages/airflow/example_dags/example_branch_labels.py
[2021-11-24 13:16:53,869] {processor.py:620} INFO - Processing file /home/dante/DWBI/Apache/py_env/lib/python3.8/site-packages/airflow/example_dags/example_branch_labels.py for tasks to queue
[2021-11-24 13:16:53,871] {logging_mixin.py:109} INFO - [2021-11-24 13:16:53,870] {dagbag.py:500} INFO - Filling up the DagBag from /home/dante/DWBI/Apache/py_env/lib/python3.8/site-packages/airflow/example_dags/example_branch_labels.py
[2021-11-24 13:16:53,903] {processor.py:632} INFO - DAG(s) dict_keys(['example_branch_labels']) retrieved from /home/dante/DWBI/Apache/py_env/lib/python3.8/site-packages/airflow/example_dags/example_branch_labels.py
[2021-11-24 13:16:53,911] {logging_mixin.py:109} INFO - [2021-11-24 13:16:53,911] {dag.py:2389} INFO - Sync 1 DAGs
[2021-11-24 13:16:53,922] {logging_mixin.py:109} INFO - [2021-11-24 13:16:53,922] {dag.py:2921} INFO - Setting next_dagrun for example_branch_labels to 2021-11-23 00:00:00+00:00
[2021-11-24 13:16:53,929] {processor.py:171} INFO - Processing /home/dante/DWBI/Apache/py_env/lib/python3.8/site-packages/airflow/example_dags/example_branch_labels.py took 0.068 seconds
[2021-11-24 13:17:31,771] {processor.py:163} INFO - Started process (PID=45567) to work on /home/dante/DWBI/Apache/py_env/lib/python3.8/site-packages/airflow/example_dags/example_branch_labels.py
[2021-11-24 13:17:31,773] {processor.py:620} INFO - Processing file /home/dante/DWBI/Apache/py_env/lib/python3.8/site-packages/airflow/example_dags/example_branch_labels.py for tasks to queue
[2021-11-24 13:17:31,774] {logging_mixin.py:109} INFO - [2021-11-24 13:17:31,773] {dagbag.py:500} INFO - Filling up the DagBag from /home/dante/DWBI/Apache/py_env/lib/python3.8/site-packages/airflow/example_dags/example_branch_labels.py
[2021-11-24 13:17:31,796] {processor.py:632} INFO - DAG(s) dict_keys(['example_branch_labels']) retrieved from /home/dante/DWBI/Apache/py_env/lib/python3.8/site-packages/airflow/example_dags/example_branch_labels.py
[2021-11-24 13:17:31,808] {logging_mixin.py:109} INFO - [2021-11-24 13:17:31,808] {dag.py:2389} INFO - Sync 1 DAGs
[2021-11-24 13:17:31,824] {logging_mixin.py:109} INFO - [2021-11-24 13:17:31,823] {dag.py:2921} INFO - Setting next_dagrun for example_branch_labels to 2021-11-23 00:00:00+00:00
[2021-11-24 13:17:31,835] {processor.py:171} INFO - Processing /home/dante/DWBI/Apache/py_env/lib/python3.8/site-packages/airflow/example_dags/example_branch_labels.py took 0.068 seconds
[2021-11-24 13:18:10,007] {processor.py:163} INFO - Started process (PID=45616) to work on /home/dante/DWBI/Apache/py_env/lib/python3.8/site-packages/airflow/example_dags/example_branch_labels.py
[2021-11-24 13:18:10,009] {processor.py:620} INFO - Processing file /home/dante/DWBI/Apache/py_env/lib/python3.8/site-packages/airflow/example_dags/example_branch_labels.py for tasks to queue
[2021-11-24 13:18:10,009] {logging_mixin.py:109} INFO - [2021-11-24 13:18:10,009] {dagbag.py:500} INFO - Filling up the DagBag from /home/dante/DWBI/Apache/py_env/lib/python3.8/site-packages/airflow/example_dags/example_branch_labels.py
[2021-11-24 13:18:10,023] {processor.py:632} INFO - DAG(s) dict_keys(['example_branch_labels']) retrieved from /home/dante/DWBI/Apache/py_env/lib/python3.8/site-packages/airflow/example_dags/example_branch_labels.py
[2021-11-24 13:18:10,031] {logging_mixin.py:109} INFO - [2021-11-24 13:18:10,031] {dag.py:2389} INFO - Sync 1 DAGs
[2021-11-24 13:18:10,041] {logging_mixin.py:109} INFO - [2021-11-24 13:18:10,041] {dag.py:2921} INFO - Setting next_dagrun for example_branch_labels to 2021-11-23 00:00:00+00:00
[2021-11-24 13:18:10,048] {processor.py:171} INFO - Processing /home/dante/DWBI/Apache/py_env/lib/python3.8/site-packages/airflow/example_dags/example_branch_labels.py took 0.043 seconds
[2021-11-24 13:18:49,337] {processor.py:163} INFO - Started process (PID=45701) to work on /home/dante/DWBI/Apache/py_env/lib/python3.8/site-packages/airflow/example_dags/example_branch_labels.py
[2021-11-24 13:18:49,346] {processor.py:620} INFO - Processing file /home/dante/DWBI/Apache/py_env/lib/python3.8/site-packages/airflow/example_dags/example_branch_labels.py for tasks to queue
[2021-11-24 13:18:49,346] {logging_mixin.py:109} INFO - [2021-11-24 13:18:49,346] {dagbag.py:500} INFO - Filling up the DagBag from /home/dante/DWBI/Apache/py_env/lib/python3.8/site-packages/airflow/example_dags/example_branch_labels.py
[2021-11-24 13:18:49,360] {processor.py:632} INFO - DAG(s) dict_keys(['example_branch_labels']) retrieved from /home/dante/DWBI/Apache/py_env/lib/python3.8/site-packages/airflow/example_dags/example_branch_labels.py
[2021-11-24 13:18:49,368] {logging_mixin.py:109} INFO - [2021-11-24 13:18:49,368] {dag.py:2389} INFO - Sync 1 DAGs
[2021-11-24 13:18:49,378] {logging_mixin.py:109} INFO - [2021-11-24 13:18:49,378] {dag.py:2921} INFO - Setting next_dagrun for example_branch_labels to 2021-11-23 00:00:00+00:00
[2021-11-24 13:18:49,391] {processor.py:171} INFO - Processing /home/dante/DWBI/Apache/py_env/lib/python3.8/site-packages/airflow/example_dags/example_branch_labels.py took 0.056 seconds
[2021-11-24 13:19:26,920] {processor.py:163} INFO - Started process (PID=45754) to work on /home/dante/DWBI/Apache/py_env/lib/python3.8/site-packages/airflow/example_dags/example_branch_labels.py
[2021-11-24 13:19:26,922] {processor.py:620} INFO - Processing file /home/dante/DWBI/Apache/py_env/lib/python3.8/site-packages/airflow/example_dags/example_branch_labels.py for tasks to queue
[2021-11-24 13:19:26,922] {logging_mixin.py:109} INFO - [2021-11-24 13:19:26,922] {dagbag.py:500} INFO - Filling up the DagBag from /home/dante/DWBI/Apache/py_env/lib/python3.8/site-packages/airflow/example_dags/example_branch_labels.py
[2021-11-24 13:19:26,938] {processor.py:632} INFO - DAG(s) dict_keys(['example_branch_labels']) retrieved from /home/dante/DWBI/Apache/py_env/lib/python3.8/site-packages/airflow/example_dags/example_branch_labels.py
[2021-11-24 13:19:26,946] {logging_mixin.py:109} INFO - [2021-11-24 13:19:26,946] {dag.py:2389} INFO - Sync 1 DAGs
[2021-11-24 13:19:26,956] {logging_mixin.py:109} INFO - [2021-11-24 13:19:26,956] {dag.py:2921} INFO - Setting next_dagrun for example_branch_labels to 2021-11-23 00:00:00+00:00
[2021-11-24 13:19:26,963] {processor.py:171} INFO - Processing /home/dante/DWBI/Apache/py_env/lib/python3.8/site-packages/airflow/example_dags/example_branch_labels.py took 0.046 seconds
[2021-11-24 13:20:01,082] {processor.py:163} INFO - Started process (PID=45798) to work on /home/dante/DWBI/Apache/py_env/lib/python3.8/site-packages/airflow/example_dags/example_branch_labels.py
[2021-11-24 13:20:01,093] {processor.py:620} INFO - Processing file /home/dante/DWBI/Apache/py_env/lib/python3.8/site-packages/airflow/example_dags/example_branch_labels.py for tasks to queue
[2021-11-24 13:20:01,095] {logging_mixin.py:109} INFO - [2021-11-24 13:20:01,094] {dagbag.py:500} INFO - Filling up the DagBag from /home/dante/DWBI/Apache/py_env/lib/python3.8/site-packages/airflow/example_dags/example_branch_labels.py
[2021-11-24 13:20:01,111] {processor.py:632} INFO - DAG(s) dict_keys(['example_branch_labels']) retrieved from /home/dante/DWBI/Apache/py_env/lib/python3.8/site-packages/airflow/example_dags/example_branch_labels.py
[2021-11-24 13:20:01,119] {logging_mixin.py:109} INFO - [2021-11-24 13:20:01,118] {dag.py:2389} INFO - Sync 1 DAGs
[2021-11-24 13:20:01,129] {logging_mixin.py:109} INFO - [2021-11-24 13:20:01,129] {dag.py:2921} INFO - Setting next_dagrun for example_branch_labels to 2021-11-23 00:00:00+00:00
[2021-11-24 13:20:01,136] {processor.py:171} INFO - Processing /home/dante/DWBI/Apache/py_env/lib/python3.8/site-packages/airflow/example_dags/example_branch_labels.py took 0.057 seconds
[2021-11-24 13:20:36,124] {processor.py:163} INFO - Started process (PID=45845) to work on /home/dante/DWBI/Apache/py_env/lib/python3.8/site-packages/airflow/example_dags/example_branch_labels.py
[2021-11-24 13:20:36,134] {processor.py:620} INFO - Processing file /home/dante/DWBI/Apache/py_env/lib/python3.8/site-packages/airflow/example_dags/example_branch_labels.py for tasks to queue
[2021-11-24 13:20:36,135] {logging_mixin.py:109} INFO - [2021-11-24 13:20:36,134] {dagbag.py:500} INFO - Filling up the DagBag from /home/dante/DWBI/Apache/py_env/lib/python3.8/site-packages/airflow/example_dags/example_branch_labels.py
[2021-11-24 13:20:36,151] {processor.py:632} INFO - DAG(s) dict_keys(['example_branch_labels']) retrieved from /home/dante/DWBI/Apache/py_env/lib/python3.8/site-packages/airflow/example_dags/example_branch_labels.py
[2021-11-24 13:20:36,159] {logging_mixin.py:109} INFO - [2021-11-24 13:20:36,159] {dag.py:2389} INFO - Sync 1 DAGs
[2021-11-24 13:20:36,170] {logging_mixin.py:109} INFO - [2021-11-24 13:20:36,170] {dag.py:2921} INFO - Setting next_dagrun for example_branch_labels to 2021-11-23 00:00:00+00:00
[2021-11-24 13:20:36,177] {processor.py:171} INFO - Processing /home/dante/DWBI/Apache/py_env/lib/python3.8/site-packages/airflow/example_dags/example_branch_labels.py took 0.056 seconds
[2021-11-24 13:21:09,572] {processor.py:163} INFO - Started process (PID=45903) to work on /home/dante/DWBI/Apache/py_env/lib/python3.8/site-packages/airflow/example_dags/example_branch_labels.py
[2021-11-24 13:21:09,576] {processor.py:620} INFO - Processing file /home/dante/DWBI/Apache/py_env/lib/python3.8/site-packages/airflow/example_dags/example_branch_labels.py for tasks to queue
[2021-11-24 13:21:09,577] {logging_mixin.py:109} INFO - [2021-11-24 13:21:09,577] {dagbag.py:500} INFO - Filling up the DagBag from /home/dante/DWBI/Apache/py_env/lib/python3.8/site-packages/airflow/example_dags/example_branch_labels.py
[2021-11-24 13:21:09,604] {processor.py:632} INFO - DAG(s) dict_keys(['example_branch_labels']) retrieved from /home/dante/DWBI/Apache/py_env/lib/python3.8/site-packages/airflow/example_dags/example_branch_labels.py
[2021-11-24 13:21:09,611] {logging_mixin.py:109} INFO - [2021-11-24 13:21:09,611] {dag.py:2389} INFO - Sync 1 DAGs
[2021-11-24 13:21:09,621] {logging_mixin.py:109} INFO - [2021-11-24 13:21:09,621] {dag.py:2921} INFO - Setting next_dagrun for example_branch_labels to 2021-11-23 00:00:00+00:00
[2021-11-24 13:21:09,628] {processor.py:171} INFO - Processing /home/dante/DWBI/Apache/py_env/lib/python3.8/site-packages/airflow/example_dags/example_branch_labels.py took 0.062 seconds
[2021-11-24 13:21:43,679] {processor.py:163} INFO - Started process (PID=45988) to work on /home/dante/DWBI/Apache/py_env/lib/python3.8/site-packages/airflow/example_dags/example_branch_labels.py
[2021-11-24 13:21:43,683] {processor.py:620} INFO - Processing file /home/dante/DWBI/Apache/py_env/lib/python3.8/site-packages/airflow/example_dags/example_branch_labels.py for tasks to queue
[2021-11-24 13:21:43,685] {logging_mixin.py:109} INFO - [2021-11-24 13:21:43,684] {dagbag.py:500} INFO - Filling up the DagBag from /home/dante/DWBI/Apache/py_env/lib/python3.8/site-packages/airflow/example_dags/example_branch_labels.py
[2021-11-24 13:21:43,715] {processor.py:632} INFO - DAG(s) dict_keys(['example_branch_labels']) retrieved from /home/dante/DWBI/Apache/py_env/lib/python3.8/site-packages/airflow/example_dags/example_branch_labels.py
[2021-11-24 13:21:43,723] {logging_mixin.py:109} INFO - [2021-11-24 13:21:43,723] {dag.py:2389} INFO - Sync 1 DAGs
[2021-11-24 13:21:43,733] {logging_mixin.py:109} INFO - [2021-11-24 13:21:43,733] {dag.py:2921} INFO - Setting next_dagrun for example_branch_labels to 2021-11-23 00:00:00+00:00
[2021-11-24 13:21:43,740] {processor.py:171} INFO - Processing /home/dante/DWBI/Apache/py_env/lib/python3.8/site-packages/airflow/example_dags/example_branch_labels.py took 0.067 seconds
[2021-11-24 13:22:22,474] {processor.py:163} INFO - Started process (PID=46057) to work on /home/dante/DWBI/Apache/py_env/lib/python3.8/site-packages/airflow/example_dags/example_branch_labels.py
[2021-11-24 13:22:22,485] {processor.py:620} INFO - Processing file /home/dante/DWBI/Apache/py_env/lib/python3.8/site-packages/airflow/example_dags/example_branch_labels.py for tasks to queue
[2021-11-24 13:22:22,486] {logging_mixin.py:109} INFO - [2021-11-24 13:22:22,486] {dagbag.py:500} INFO - Filling up the DagBag from /home/dante/DWBI/Apache/py_env/lib/python3.8/site-packages/airflow/example_dags/example_branch_labels.py
[2021-11-24 13:22:22,517] {processor.py:632} INFO - DAG(s) dict_keys(['example_branch_labels']) retrieved from /home/dante/DWBI/Apache/py_env/lib/python3.8/site-packages/airflow/example_dags/example_branch_labels.py
[2021-11-24 13:22:22,524] {logging_mixin.py:109} INFO - [2021-11-24 13:22:22,524] {dag.py:2389} INFO - Sync 1 DAGs
[2021-11-24 13:22:22,536] {logging_mixin.py:109} INFO - [2021-11-24 13:22:22,536] {dag.py:2921} INFO - Setting next_dagrun for example_branch_labels to 2021-11-23 00:00:00+00:00
[2021-11-24 13:22:22,552] {processor.py:171} INFO - Processing /home/dante/DWBI/Apache/py_env/lib/python3.8/site-packages/airflow/example_dags/example_branch_labels.py took 0.085 seconds
[2021-11-24 13:23:04,348] {processor.py:163} INFO - Started process (PID=46440) to work on /home/dante/DWBI/Apache/py_env/lib/python3.8/site-packages/airflow/example_dags/example_branch_labels.py
[2021-11-24 13:23:04,358] {processor.py:620} INFO - Processing file /home/dante/DWBI/Apache/py_env/lib/python3.8/site-packages/airflow/example_dags/example_branch_labels.py for tasks to queue
[2021-11-24 13:23:04,359] {logging_mixin.py:109} INFO - [2021-11-24 13:23:04,359] {dagbag.py:500} INFO - Filling up the DagBag from /home/dante/DWBI/Apache/py_env/lib/python3.8/site-packages/airflow/example_dags/example_branch_labels.py
[2021-11-24 13:23:04,380] {processor.py:632} INFO - DAG(s) dict_keys(['example_branch_labels']) retrieved from /home/dante/DWBI/Apache/py_env/lib/python3.8/site-packages/airflow/example_dags/example_branch_labels.py
[2021-11-24 13:23:04,389] {logging_mixin.py:109} INFO - [2021-11-24 13:23:04,389] {dag.py:2389} INFO - Sync 1 DAGs
[2021-11-24 13:23:04,400] {logging_mixin.py:109} INFO - [2021-11-24 13:23:04,400] {dag.py:2921} INFO - Setting next_dagrun for example_branch_labels to 2021-11-23 00:00:00+00:00
[2021-11-24 13:23:04,407] {processor.py:171} INFO - Processing /home/dante/DWBI/Apache/py_env/lib/python3.8/site-packages/airflow/example_dags/example_branch_labels.py took 0.062 seconds
[2021-11-24 13:23:42,232] {processor.py:163} INFO - Started process (PID=46503) to work on /home/dante/DWBI/Apache/py_env/lib/python3.8/site-packages/airflow/example_dags/example_branch_labels.py
[2021-11-24 13:23:42,241] {processor.py:620} INFO - Processing file /home/dante/DWBI/Apache/py_env/lib/python3.8/site-packages/airflow/example_dags/example_branch_labels.py for tasks to queue
[2021-11-24 13:23:42,242] {logging_mixin.py:109} INFO - [2021-11-24 13:23:42,242] {dagbag.py:500} INFO - Filling up the DagBag from /home/dante/DWBI/Apache/py_env/lib/python3.8/site-packages/airflow/example_dags/example_branch_labels.py
[2021-11-24 13:23:42,261] {processor.py:632} INFO - DAG(s) dict_keys(['example_branch_labels']) retrieved from /home/dante/DWBI/Apache/py_env/lib/python3.8/site-packages/airflow/example_dags/example_branch_labels.py
[2021-11-24 13:23:42,273] {logging_mixin.py:109} INFO - [2021-11-24 13:23:42,272] {dag.py:2389} INFO - Sync 1 DAGs
[2021-11-24 13:23:42,295] {logging_mixin.py:109} INFO - [2021-11-24 13:23:42,295] {dag.py:2921} INFO - Setting next_dagrun for example_branch_labels to 2021-11-23 00:00:00+00:00
[2021-11-24 13:23:42,314] {processor.py:171} INFO - Processing /home/dante/DWBI/Apache/py_env/lib/python3.8/site-packages/airflow/example_dags/example_branch_labels.py took 0.084 seconds
[2021-11-24 13:24:18,407] {processor.py:163} INFO - Started process (PID=46570) to work on /home/dante/DWBI/Apache/py_env/lib/python3.8/site-packages/airflow/example_dags/example_branch_labels.py
[2021-11-24 13:24:18,409] {processor.py:620} INFO - Processing file /home/dante/DWBI/Apache/py_env/lib/python3.8/site-packages/airflow/example_dags/example_branch_labels.py for tasks to queue
[2021-11-24 13:24:18,410] {logging_mixin.py:109} INFO - [2021-11-24 13:24:18,409] {dagbag.py:500} INFO - Filling up the DagBag from /home/dante/DWBI/Apache/py_env/lib/python3.8/site-packages/airflow/example_dags/example_branch_labels.py
[2021-11-24 13:24:18,423] {processor.py:632} INFO - DAG(s) dict_keys(['example_branch_labels']) retrieved from /home/dante/DWBI/Apache/py_env/lib/python3.8/site-packages/airflow/example_dags/example_branch_labels.py
[2021-11-24 13:24:18,430] {logging_mixin.py:109} INFO - [2021-11-24 13:24:18,430] {dag.py:2389} INFO - Sync 1 DAGs
[2021-11-24 13:24:18,440] {logging_mixin.py:109} INFO - [2021-11-24 13:24:18,440] {dag.py:2921} INFO - Setting next_dagrun for example_branch_labels to 2021-11-23 00:00:00+00:00
[2021-11-24 13:24:18,448] {processor.py:171} INFO - Processing /home/dante/DWBI/Apache/py_env/lib/python3.8/site-packages/airflow/example_dags/example_branch_labels.py took 0.043 seconds
[2021-11-24 13:24:54,115] {processor.py:163} INFO - Started process (PID=46736) to work on /home/dante/DWBI/Apache/py_env/lib/python3.8/site-packages/airflow/example_dags/example_branch_labels.py
[2021-11-24 13:24:54,117] {processor.py:620} INFO - Processing file /home/dante/DWBI/Apache/py_env/lib/python3.8/site-packages/airflow/example_dags/example_branch_labels.py for tasks to queue
[2021-11-24 13:24:54,118] {logging_mixin.py:109} INFO - [2021-11-24 13:24:54,117] {dagbag.py:500} INFO - Filling up the DagBag from /home/dante/DWBI/Apache/py_env/lib/python3.8/site-packages/airflow/example_dags/example_branch_labels.py
[2021-11-24 13:24:54,131] {processor.py:632} INFO - DAG(s) dict_keys(['example_branch_labels']) retrieved from /home/dante/DWBI/Apache/py_env/lib/python3.8/site-packages/airflow/example_dags/example_branch_labels.py
[2021-11-24 13:24:54,139] {logging_mixin.py:109} INFO - [2021-11-24 13:24:54,139] {dag.py:2389} INFO - Sync 1 DAGs
[2021-11-24 13:24:54,150] {logging_mixin.py:109} INFO - [2021-11-24 13:24:54,149] {dag.py:2921} INFO - Setting next_dagrun for example_branch_labels to 2021-11-23 00:00:00+00:00
[2021-11-24 13:24:54,158] {processor.py:171} INFO - Processing /home/dante/DWBI/Apache/py_env/lib/python3.8/site-packages/airflow/example_dags/example_branch_labels.py took 0.045 seconds
[2021-11-24 13:25:31,356] {processor.py:163} INFO - Started process (PID=46817) to work on /home/dante/DWBI/Apache/py_env/lib/python3.8/site-packages/airflow/example_dags/example_branch_labels.py
[2021-11-24 13:25:31,364] {processor.py:620} INFO - Processing file /home/dante/DWBI/Apache/py_env/lib/python3.8/site-packages/airflow/example_dags/example_branch_labels.py for tasks to queue
[2021-11-24 13:25:31,365] {logging_mixin.py:109} INFO - [2021-11-24 13:25:31,365] {dagbag.py:500} INFO - Filling up the DagBag from /home/dante/DWBI/Apache/py_env/lib/python3.8/site-packages/airflow/example_dags/example_branch_labels.py
[2021-11-24 13:25:31,382] {processor.py:632} INFO - DAG(s) dict_keys(['example_branch_labels']) retrieved from /home/dante/DWBI/Apache/py_env/lib/python3.8/site-packages/airflow/example_dags/example_branch_labels.py
[2021-11-24 13:25:31,391] {logging_mixin.py:109} INFO - [2021-11-24 13:25:31,391] {dag.py:2389} INFO - Sync 1 DAGs
[2021-11-24 13:25:31,401] {logging_mixin.py:109} INFO - [2021-11-24 13:25:31,401] {dag.py:2921} INFO - Setting next_dagrun for example_branch_labels to 2021-11-23 00:00:00+00:00
[2021-11-24 13:25:31,413] {processor.py:171} INFO - Processing /home/dante/DWBI/Apache/py_env/lib/python3.8/site-packages/airflow/example_dags/example_branch_labels.py took 0.059 seconds
[2021-11-24 13:26:06,913] {processor.py:163} INFO - Started process (PID=46877) to work on /home/dante/DWBI/Apache/py_env/lib/python3.8/site-packages/airflow/example_dags/example_branch_labels.py
[2021-11-24 13:26:06,915] {processor.py:620} INFO - Processing file /home/dante/DWBI/Apache/py_env/lib/python3.8/site-packages/airflow/example_dags/example_branch_labels.py for tasks to queue
[2021-11-24 13:26:06,916] {logging_mixin.py:109} INFO - [2021-11-24 13:26:06,916] {dagbag.py:500} INFO - Filling up the DagBag from /home/dante/DWBI/Apache/py_env/lib/python3.8/site-packages/airflow/example_dags/example_branch_labels.py
[2021-11-24 13:26:06,937] {processor.py:632} INFO - DAG(s) dict_keys(['example_branch_labels']) retrieved from /home/dante/DWBI/Apache/py_env/lib/python3.8/site-packages/airflow/example_dags/example_branch_labels.py
[2021-11-24 13:26:06,944] {logging_mixin.py:109} INFO - [2021-11-24 13:26:06,944] {dag.py:2389} INFO - Sync 1 DAGs
[2021-11-24 13:26:06,956] {logging_mixin.py:109} INFO - [2021-11-24 13:26:06,956] {dag.py:2921} INFO - Setting next_dagrun for example_branch_labels to 2021-11-23 00:00:00+00:00
[2021-11-24 13:26:06,964] {processor.py:171} INFO - Processing /home/dante/DWBI/Apache/py_env/lib/python3.8/site-packages/airflow/example_dags/example_branch_labels.py took 0.054 seconds
[2021-11-24 13:26:42,696] {processor.py:163} INFO - Started process (PID=46980) to work on /home/dante/DWBI/Apache/py_env/lib/python3.8/site-packages/airflow/example_dags/example_branch_labels.py
[2021-11-24 13:26:42,706] {processor.py:620} INFO - Processing file /home/dante/DWBI/Apache/py_env/lib/python3.8/site-packages/airflow/example_dags/example_branch_labels.py for tasks to queue
[2021-11-24 13:26:42,706] {logging_mixin.py:109} INFO - [2021-11-24 13:26:42,706] {dagbag.py:500} INFO - Filling up the DagBag from /home/dante/DWBI/Apache/py_env/lib/python3.8/site-packages/airflow/example_dags/example_branch_labels.py
[2021-11-24 13:26:42,724] {processor.py:632} INFO - DAG(s) dict_keys(['example_branch_labels']) retrieved from /home/dante/DWBI/Apache/py_env/lib/python3.8/site-packages/airflow/example_dags/example_branch_labels.py
[2021-11-24 13:26:42,730] {logging_mixin.py:109} INFO - [2021-11-24 13:26:42,730] {dag.py:2389} INFO - Sync 1 DAGs
[2021-11-24 13:26:42,740] {logging_mixin.py:109} INFO - [2021-11-24 13:26:42,740] {dag.py:2921} INFO - Setting next_dagrun for example_branch_labels to 2021-11-23 00:00:00+00:00
[2021-11-24 13:26:42,747] {processor.py:171} INFO - Processing /home/dante/DWBI/Apache/py_env/lib/python3.8/site-packages/airflow/example_dags/example_branch_labels.py took 0.059 seconds
[2021-11-24 13:27:16,381] {processor.py:163} INFO - Started process (PID=47079) to work on /home/dante/DWBI/Apache/py_env/lib/python3.8/site-packages/airflow/example_dags/example_branch_labels.py
[2021-11-24 13:27:16,383] {processor.py:620} INFO - Processing file /home/dante/DWBI/Apache/py_env/lib/python3.8/site-packages/airflow/example_dags/example_branch_labels.py for tasks to queue
[2021-11-24 13:27:16,383] {logging_mixin.py:109} INFO - [2021-11-24 13:27:16,383] {dagbag.py:500} INFO - Filling up the DagBag from /home/dante/DWBI/Apache/py_env/lib/python3.8/site-packages/airflow/example_dags/example_branch_labels.py
[2021-11-24 13:27:16,398] {processor.py:632} INFO - DAG(s) dict_keys(['example_branch_labels']) retrieved from /home/dante/DWBI/Apache/py_env/lib/python3.8/site-packages/airflow/example_dags/example_branch_labels.py
[2021-11-24 13:27:16,405] {logging_mixin.py:109} INFO - [2021-11-24 13:27:16,405] {dag.py:2389} INFO - Sync 1 DAGs
[2021-11-24 13:27:16,415] {logging_mixin.py:109} INFO - [2021-11-24 13:27:16,415] {dag.py:2921} INFO - Setting next_dagrun for example_branch_labels to 2021-11-23 00:00:00+00:00
[2021-11-24 13:27:16,423] {processor.py:171} INFO - Processing /home/dante/DWBI/Apache/py_env/lib/python3.8/site-packages/airflow/example_dags/example_branch_labels.py took 0.044 seconds
[2021-11-24 13:27:55,679] {processor.py:163} INFO - Started process (PID=47148) to work on /home/dante/DWBI/Apache/py_env/lib/python3.8/site-packages/airflow/example_dags/example_branch_labels.py
[2021-11-24 13:27:55,682] {processor.py:620} INFO - Processing file /home/dante/DWBI/Apache/py_env/lib/python3.8/site-packages/airflow/example_dags/example_branch_labels.py for tasks to queue
[2021-11-24 13:27:55,684] {logging_mixin.py:109} INFO - [2021-11-24 13:27:55,683] {dagbag.py:500} INFO - Filling up the DagBag from /home/dante/DWBI/Apache/py_env/lib/python3.8/site-packages/airflow/example_dags/example_branch_labels.py
[2021-11-24 13:27:55,707] {processor.py:632} INFO - DAG(s) dict_keys(['example_branch_labels']) retrieved from /home/dante/DWBI/Apache/py_env/lib/python3.8/site-packages/airflow/example_dags/example_branch_labels.py
[2021-11-24 13:27:55,716] {logging_mixin.py:109} INFO - [2021-11-24 13:27:55,716] {dag.py:2389} INFO - Sync 1 DAGs
[2021-11-24 13:27:55,728] {logging_mixin.py:109} INFO - [2021-11-24 13:27:55,728] {dag.py:2921} INFO - Setting next_dagrun for example_branch_labels to 2021-11-23 00:00:00+00:00
[2021-11-24 13:27:55,737] {processor.py:171} INFO - Processing /home/dante/DWBI/Apache/py_env/lib/python3.8/site-packages/airflow/example_dags/example_branch_labels.py took 0.065 seconds
[2021-11-24 13:28:34,757] {processor.py:163} INFO - Started process (PID=47314) to work on /home/dante/DWBI/Apache/py_env/lib/python3.8/site-packages/airflow/example_dags/example_branch_labels.py
[2021-11-24 13:28:34,767] {processor.py:620} INFO - Processing file /home/dante/DWBI/Apache/py_env/lib/python3.8/site-packages/airflow/example_dags/example_branch_labels.py for tasks to queue
[2021-11-24 13:28:34,768] {logging_mixin.py:109} INFO - [2021-11-24 13:28:34,767] {dagbag.py:500} INFO - Filling up the DagBag from /home/dante/DWBI/Apache/py_env/lib/python3.8/site-packages/airflow/example_dags/example_branch_labels.py
[2021-11-24 13:28:34,789] {processor.py:632} INFO - DAG(s) dict_keys(['example_branch_labels']) retrieved from /home/dante/DWBI/Apache/py_env/lib/python3.8/site-packages/airflow/example_dags/example_branch_labels.py
[2021-11-24 13:28:34,799] {logging_mixin.py:109} INFO - [2021-11-24 13:28:34,799] {dag.py:2389} INFO - Sync 1 DAGs
[2021-11-24 13:28:34,809] {logging_mixin.py:109} INFO - [2021-11-24 13:28:34,809] {dag.py:2921} INFO - Setting next_dagrun for example_branch_labels to 2021-11-23 00:00:00+00:00
[2021-11-24 13:28:34,816] {processor.py:171} INFO - Processing /home/dante/DWBI/Apache/py_env/lib/python3.8/site-packages/airflow/example_dags/example_branch_labels.py took 0.062 seconds
[2021-11-24 13:29:11,777] {processor.py:163} INFO - Started process (PID=47410) to work on /home/dante/DWBI/Apache/py_env/lib/python3.8/site-packages/airflow/example_dags/example_branch_labels.py
[2021-11-24 13:29:11,781] {processor.py:620} INFO - Processing file /home/dante/DWBI/Apache/py_env/lib/python3.8/site-packages/airflow/example_dags/example_branch_labels.py for tasks to queue
[2021-11-24 13:29:11,782] {logging_mixin.py:109} INFO - [2021-11-24 13:29:11,782] {dagbag.py:500} INFO - Filling up the DagBag from /home/dante/DWBI/Apache/py_env/lib/python3.8/site-packages/airflow/example_dags/example_branch_labels.py
[2021-11-24 13:29:11,810] {processor.py:632} INFO - DAG(s) dict_keys(['example_branch_labels']) retrieved from /home/dante/DWBI/Apache/py_env/lib/python3.8/site-packages/airflow/example_dags/example_branch_labels.py
[2021-11-24 13:29:11,817] {logging_mixin.py:109} INFO - [2021-11-24 13:29:11,817] {dag.py:2389} INFO - Sync 1 DAGs
[2021-11-24 13:29:11,827] {logging_mixin.py:109} INFO - [2021-11-24 13:29:11,826] {dag.py:2921} INFO - Setting next_dagrun for example_branch_labels to 2021-11-23 00:00:00+00:00
[2021-11-24 13:29:11,833] {processor.py:171} INFO - Processing /home/dante/DWBI/Apache/py_env/lib/python3.8/site-packages/airflow/example_dags/example_branch_labels.py took 0.063 seconds
[2021-11-24 13:29:47,437] {processor.py:163} INFO - Started process (PID=47463) to work on /home/dante/DWBI/Apache/py_env/lib/python3.8/site-packages/airflow/example_dags/example_branch_labels.py
[2021-11-24 13:29:47,440] {processor.py:620} INFO - Processing file /home/dante/DWBI/Apache/py_env/lib/python3.8/site-packages/airflow/example_dags/example_branch_labels.py for tasks to queue
[2021-11-24 13:29:47,441] {logging_mixin.py:109} INFO - [2021-11-24 13:29:47,441] {dagbag.py:500} INFO - Filling up the DagBag from /home/dante/DWBI/Apache/py_env/lib/python3.8/site-packages/airflow/example_dags/example_branch_labels.py
[2021-11-24 13:29:47,466] {processor.py:632} INFO - DAG(s) dict_keys(['example_branch_labels']) retrieved from /home/dante/DWBI/Apache/py_env/lib/python3.8/site-packages/airflow/example_dags/example_branch_labels.py
[2021-11-24 13:29:47,473] {logging_mixin.py:109} INFO - [2021-11-24 13:29:47,473] {dag.py:2389} INFO - Sync 1 DAGs
[2021-11-24 13:29:47,483] {logging_mixin.py:109} INFO - [2021-11-24 13:29:47,483] {dag.py:2921} INFO - Setting next_dagrun for example_branch_labels to 2021-11-23 00:00:00+00:00
[2021-11-24 13:29:47,490] {processor.py:171} INFO - Processing /home/dante/DWBI/Apache/py_env/lib/python3.8/site-packages/airflow/example_dags/example_branch_labels.py took 0.058 seconds
[2021-11-24 13:30:24,129] {processor.py:163} INFO - Started process (PID=47545) to work on /home/dante/DWBI/Apache/py_env/lib/python3.8/site-packages/airflow/example_dags/example_branch_labels.py
[2021-11-24 13:30:24,140] {processor.py:620} INFO - Processing file /home/dante/DWBI/Apache/py_env/lib/python3.8/site-packages/airflow/example_dags/example_branch_labels.py for tasks to queue
[2021-11-24 13:30:24,141] {logging_mixin.py:109} INFO - [2021-11-24 13:30:24,141] {dagbag.py:500} INFO - Filling up the DagBag from /home/dante/DWBI/Apache/py_env/lib/python3.8/site-packages/airflow/example_dags/example_branch_labels.py
[2021-11-24 13:30:24,174] {processor.py:632} INFO - DAG(s) dict_keys(['example_branch_labels']) retrieved from /home/dante/DWBI/Apache/py_env/lib/python3.8/site-packages/airflow/example_dags/example_branch_labels.py
[2021-11-24 13:30:24,181] {logging_mixin.py:109} INFO - [2021-11-24 13:30:24,181] {dag.py:2389} INFO - Sync 1 DAGs
[2021-11-24 13:30:24,191] {logging_mixin.py:109} INFO - [2021-11-24 13:30:24,191] {dag.py:2921} INFO - Setting next_dagrun for example_branch_labels to 2021-11-23 00:00:00+00:00
[2021-11-24 13:30:24,204] {processor.py:171} INFO - Processing /home/dante/DWBI/Apache/py_env/lib/python3.8/site-packages/airflow/example_dags/example_branch_labels.py took 0.082 seconds
[2021-11-24 13:31:00,334] {processor.py:163} INFO - Started process (PID=47597) to work on /home/dante/DWBI/Apache/py_env/lib/python3.8/site-packages/airflow/example_dags/example_branch_labels.py
[2021-11-24 13:31:00,345] {processor.py:620} INFO - Processing file /home/dante/DWBI/Apache/py_env/lib/python3.8/site-packages/airflow/example_dags/example_branch_labels.py for tasks to queue
[2021-11-24 13:31:00,346] {logging_mixin.py:109} INFO - [2021-11-24 13:31:00,346] {dagbag.py:500} INFO - Filling up the DagBag from /home/dante/DWBI/Apache/py_env/lib/python3.8/site-packages/airflow/example_dags/example_branch_labels.py
[2021-11-24 13:31:00,382] {processor.py:632} INFO - DAG(s) dict_keys(['example_branch_labels']) retrieved from /home/dante/DWBI/Apache/py_env/lib/python3.8/site-packages/airflow/example_dags/example_branch_labels.py
[2021-11-24 13:31:00,391] {logging_mixin.py:109} INFO - [2021-11-24 13:31:00,391] {dag.py:2389} INFO - Sync 1 DAGs
[2021-11-24 13:31:00,401] {logging_mixin.py:109} INFO - [2021-11-24 13:31:00,401] {dag.py:2921} INFO - Setting next_dagrun for example_branch_labels to 2021-11-23 00:00:00+00:00
[2021-11-24 13:31:00,409] {processor.py:171} INFO - Processing /home/dante/DWBI/Apache/py_env/lib/python3.8/site-packages/airflow/example_dags/example_branch_labels.py took 0.078 seconds
[2021-11-24 13:31:34,065] {processor.py:163} INFO - Started process (PID=47661) to work on /home/dante/DWBI/Apache/py_env/lib/python3.8/site-packages/airflow/example_dags/example_branch_labels.py
[2021-11-24 13:31:34,075] {processor.py:620} INFO - Processing file /home/dante/DWBI/Apache/py_env/lib/python3.8/site-packages/airflow/example_dags/example_branch_labels.py for tasks to queue
[2021-11-24 13:31:34,076] {logging_mixin.py:109} INFO - [2021-11-24 13:31:34,076] {dagbag.py:500} INFO - Filling up the DagBag from /home/dante/DWBI/Apache/py_env/lib/python3.8/site-packages/airflow/example_dags/example_branch_labels.py
[2021-11-24 13:31:34,090] {processor.py:632} INFO - DAG(s) dict_keys(['example_branch_labels']) retrieved from /home/dante/DWBI/Apache/py_env/lib/python3.8/site-packages/airflow/example_dags/example_branch_labels.py
[2021-11-24 13:31:34,098] {logging_mixin.py:109} INFO - [2021-11-24 13:31:34,098] {dag.py:2389} INFO - Sync 1 DAGs
[2021-11-24 13:31:34,108] {logging_mixin.py:109} INFO - [2021-11-24 13:31:34,107] {dag.py:2921} INFO - Setting next_dagrun for example_branch_labels to 2021-11-23 00:00:00+00:00
[2021-11-24 13:31:34,122] {processor.py:171} INFO - Processing /home/dante/DWBI/Apache/py_env/lib/python3.8/site-packages/airflow/example_dags/example_branch_labels.py took 0.059 seconds
[2021-11-24 13:32:10,236] {processor.py:163} INFO - Started process (PID=47795) to work on /home/dante/DWBI/Apache/py_env/lib/python3.8/site-packages/airflow/example_dags/example_branch_labels.py
[2021-11-24 13:32:10,248] {processor.py:620} INFO - Processing file /home/dante/DWBI/Apache/py_env/lib/python3.8/site-packages/airflow/example_dags/example_branch_labels.py for tasks to queue
[2021-11-24 13:32:10,250] {logging_mixin.py:109} INFO - [2021-11-24 13:32:10,250] {dagbag.py:500} INFO - Filling up the DagBag from /home/dante/DWBI/Apache/py_env/lib/python3.8/site-packages/airflow/example_dags/example_branch_labels.py
[2021-11-24 13:32:10,280] {processor.py:632} INFO - DAG(s) dict_keys(['example_branch_labels']) retrieved from /home/dante/DWBI/Apache/py_env/lib/python3.8/site-packages/airflow/example_dags/example_branch_labels.py
[2021-11-24 13:32:10,288] {logging_mixin.py:109} INFO - [2021-11-24 13:32:10,288] {dag.py:2389} INFO - Sync 1 DAGs
[2021-11-24 13:32:10,299] {logging_mixin.py:109} INFO - [2021-11-24 13:32:10,299] {dag.py:2921} INFO - Setting next_dagrun for example_branch_labels to 2021-11-23 00:00:00+00:00
[2021-11-24 13:32:10,307] {processor.py:171} INFO - Processing /home/dante/DWBI/Apache/py_env/lib/python3.8/site-packages/airflow/example_dags/example_branch_labels.py took 0.077 seconds
[2021-11-24 13:32:46,553] {processor.py:163} INFO - Started process (PID=48292) to work on /home/dante/DWBI/Apache/py_env/lib/python3.8/site-packages/airflow/example_dags/example_branch_labels.py
[2021-11-24 13:32:46,563] {processor.py:620} INFO - Processing file /home/dante/DWBI/Apache/py_env/lib/python3.8/site-packages/airflow/example_dags/example_branch_labels.py for tasks to queue
[2021-11-24 13:32:46,564] {logging_mixin.py:109} INFO - [2021-11-24 13:32:46,564] {dagbag.py:500} INFO - Filling up the DagBag from /home/dante/DWBI/Apache/py_env/lib/python3.8/site-packages/airflow/example_dags/example_branch_labels.py
[2021-11-24 13:32:46,585] {processor.py:632} INFO - DAG(s) dict_keys(['example_branch_labels']) retrieved from /home/dante/DWBI/Apache/py_env/lib/python3.8/site-packages/airflow/example_dags/example_branch_labels.py
[2021-11-24 13:32:46,594] {logging_mixin.py:109} INFO - [2021-11-24 13:32:46,594] {dag.py:2389} INFO - Sync 1 DAGs
[2021-11-24 13:32:46,605] {logging_mixin.py:109} INFO - [2021-11-24 13:32:46,605] {dag.py:2921} INFO - Setting next_dagrun for example_branch_labels to 2021-11-23 00:00:00+00:00
[2021-11-24 13:32:46,612] {processor.py:171} INFO - Processing /home/dante/DWBI/Apache/py_env/lib/python3.8/site-packages/airflow/example_dags/example_branch_labels.py took 0.061 seconds
[2021-11-24 13:33:22,892] {processor.py:163} INFO - Started process (PID=48509) to work on /home/dante/DWBI/Apache/py_env/lib/python3.8/site-packages/airflow/example_dags/example_branch_labels.py
[2021-11-24 13:33:22,900] {processor.py:620} INFO - Processing file /home/dante/DWBI/Apache/py_env/lib/python3.8/site-packages/airflow/example_dags/example_branch_labels.py for tasks to queue
[2021-11-24 13:33:22,902] {logging_mixin.py:109} INFO - [2021-11-24 13:33:22,902] {dagbag.py:500} INFO - Filling up the DagBag from /home/dante/DWBI/Apache/py_env/lib/python3.8/site-packages/airflow/example_dags/example_branch_labels.py
[2021-11-24 13:33:22,917] {processor.py:632} INFO - DAG(s) dict_keys(['example_branch_labels']) retrieved from /home/dante/DWBI/Apache/py_env/lib/python3.8/site-packages/airflow/example_dags/example_branch_labels.py
[2021-11-24 13:33:22,924] {logging_mixin.py:109} INFO - [2021-11-24 13:33:22,924] {dag.py:2389} INFO - Sync 1 DAGs
[2021-11-24 13:33:22,934] {logging_mixin.py:109} INFO - [2021-11-24 13:33:22,934] {dag.py:2921} INFO - Setting next_dagrun for example_branch_labels to 2021-11-23 00:00:00+00:00
[2021-11-24 13:33:22,940] {processor.py:171} INFO - Processing /home/dante/DWBI/Apache/py_env/lib/python3.8/site-packages/airflow/example_dags/example_branch_labels.py took 0.050 seconds
[2021-11-24 13:34:00,963] {processor.py:163} INFO - Started process (PID=48642) to work on /home/dante/DWBI/Apache/py_env/lib/python3.8/site-packages/airflow/example_dags/example_branch_labels.py
[2021-11-24 13:34:00,965] {processor.py:620} INFO - Processing file /home/dante/DWBI/Apache/py_env/lib/python3.8/site-packages/airflow/example_dags/example_branch_labels.py for tasks to queue
[2021-11-24 13:34:00,966] {logging_mixin.py:109} INFO - [2021-11-24 13:34:00,966] {dagbag.py:500} INFO - Filling up the DagBag from /home/dante/DWBI/Apache/py_env/lib/python3.8/site-packages/airflow/example_dags/example_branch_labels.py
[2021-11-24 13:34:00,985] {processor.py:632} INFO - DAG(s) dict_keys(['example_branch_labels']) retrieved from /home/dante/DWBI/Apache/py_env/lib/python3.8/site-packages/airflow/example_dags/example_branch_labels.py
[2021-11-24 13:34:00,995] {logging_mixin.py:109} INFO - [2021-11-24 13:34:00,995] {dag.py:2389} INFO - Sync 1 DAGs
[2021-11-24 13:34:01,005] {logging_mixin.py:109} INFO - [2021-11-24 13:34:01,005] {dag.py:2921} INFO - Setting next_dagrun for example_branch_labels to 2021-11-23 00:00:00+00:00
[2021-11-24 13:34:01,012] {processor.py:171} INFO - Processing /home/dante/DWBI/Apache/py_env/lib/python3.8/site-packages/airflow/example_dags/example_branch_labels.py took 0.051 seconds
[2021-11-24 13:34:39,866] {processor.py:163} INFO - Started process (PID=48759) to work on /home/dante/DWBI/Apache/py_env/lib/python3.8/site-packages/airflow/example_dags/example_branch_labels.py
[2021-11-24 13:34:39,869] {processor.py:620} INFO - Processing file /home/dante/DWBI/Apache/py_env/lib/python3.8/site-packages/airflow/example_dags/example_branch_labels.py for tasks to queue
[2021-11-24 13:34:39,871] {logging_mixin.py:109} INFO - [2021-11-24 13:34:39,870] {dagbag.py:500} INFO - Filling up the DagBag from /home/dante/DWBI/Apache/py_env/lib/python3.8/site-packages/airflow/example_dags/example_branch_labels.py
[2021-11-24 13:34:39,899] {processor.py:632} INFO - DAG(s) dict_keys(['example_branch_labels']) retrieved from /home/dante/DWBI/Apache/py_env/lib/python3.8/site-packages/airflow/example_dags/example_branch_labels.py
[2021-11-24 13:34:39,915] {logging_mixin.py:109} INFO - [2021-11-24 13:34:39,915] {dag.py:2389} INFO - Sync 1 DAGs
[2021-11-24 13:34:39,936] {logging_mixin.py:109} INFO - [2021-11-24 13:34:39,936] {dag.py:2921} INFO - Setting next_dagrun for example_branch_labels to 2021-11-23 00:00:00+00:00
[2021-11-24 13:34:39,952] {processor.py:171} INFO - Processing /home/dante/DWBI/Apache/py_env/lib/python3.8/site-packages/airflow/example_dags/example_branch_labels.py took 0.091 seconds
[2021-11-24 13:35:13,178] {processor.py:163} INFO - Started process (PID=48860) to work on /home/dante/DWBI/Apache/py_env/lib/python3.8/site-packages/airflow/example_dags/example_branch_labels.py
[2021-11-24 13:35:13,186] {processor.py:620} INFO - Processing file /home/dante/DWBI/Apache/py_env/lib/python3.8/site-packages/airflow/example_dags/example_branch_labels.py for tasks to queue
[2021-11-24 13:35:13,187] {logging_mixin.py:109} INFO - [2021-11-24 13:35:13,187] {dagbag.py:500} INFO - Filling up the DagBag from /home/dante/DWBI/Apache/py_env/lib/python3.8/site-packages/airflow/example_dags/example_branch_labels.py
[2021-11-24 13:35:13,201] {processor.py:632} INFO - DAG(s) dict_keys(['example_branch_labels']) retrieved from /home/dante/DWBI/Apache/py_env/lib/python3.8/site-packages/airflow/example_dags/example_branch_labels.py
[2021-11-24 13:35:13,208] {logging_mixin.py:109} INFO - [2021-11-24 13:35:13,208] {dag.py:2389} INFO - Sync 1 DAGs
[2021-11-24 13:35:13,218] {logging_mixin.py:109} INFO - [2021-11-24 13:35:13,218] {dag.py:2921} INFO - Setting next_dagrun for example_branch_labels to 2021-11-23 00:00:00+00:00
[2021-11-24 13:35:13,226] {processor.py:171} INFO - Processing /home/dante/DWBI/Apache/py_env/lib/python3.8/site-packages/airflow/example_dags/example_branch_labels.py took 0.050 seconds
[2021-11-24 13:35:50,886] {processor.py:163} INFO - Started process (PID=48951) to work on /home/dante/DWBI/Apache/py_env/lib/python3.8/site-packages/airflow/example_dags/example_branch_labels.py
[2021-11-24 13:35:50,897] {processor.py:620} INFO - Processing file /home/dante/DWBI/Apache/py_env/lib/python3.8/site-packages/airflow/example_dags/example_branch_labels.py for tasks to queue
[2021-11-24 13:35:50,898] {logging_mixin.py:109} INFO - [2021-11-24 13:35:50,898] {dagbag.py:500} INFO - Filling up the DagBag from /home/dante/DWBI/Apache/py_env/lib/python3.8/site-packages/airflow/example_dags/example_branch_labels.py
[2021-11-24 13:35:50,934] {processor.py:632} INFO - DAG(s) dict_keys(['example_branch_labels']) retrieved from /home/dante/DWBI/Apache/py_env/lib/python3.8/site-packages/airflow/example_dags/example_branch_labels.py
[2021-11-24 13:35:50,942] {logging_mixin.py:109} INFO - [2021-11-24 13:35:50,942] {dag.py:2389} INFO - Sync 1 DAGs
[2021-11-24 13:35:50,953] {logging_mixin.py:109} INFO - [2021-11-24 13:35:50,953] {dag.py:2921} INFO - Setting next_dagrun for example_branch_labels to 2021-11-23 00:00:00+00:00
[2021-11-24 13:35:50,960] {processor.py:171} INFO - Processing /home/dante/DWBI/Apache/py_env/lib/python3.8/site-packages/airflow/example_dags/example_branch_labels.py took 0.077 seconds
[2021-11-24 13:36:30,168] {processor.py:163} INFO - Started process (PID=49052) to work on /home/dante/DWBI/Apache/py_env/lib/python3.8/site-packages/airflow/example_dags/example_branch_labels.py
[2021-11-24 13:36:30,179] {processor.py:620} INFO - Processing file /home/dante/DWBI/Apache/py_env/lib/python3.8/site-packages/airflow/example_dags/example_branch_labels.py for tasks to queue
[2021-11-24 13:36:30,180] {logging_mixin.py:109} INFO - [2021-11-24 13:36:30,180] {dagbag.py:500} INFO - Filling up the DagBag from /home/dante/DWBI/Apache/py_env/lib/python3.8/site-packages/airflow/example_dags/example_branch_labels.py
[2021-11-24 13:36:30,207] {processor.py:632} INFO - DAG(s) dict_keys(['example_branch_labels']) retrieved from /home/dante/DWBI/Apache/py_env/lib/python3.8/site-packages/airflow/example_dags/example_branch_labels.py
[2021-11-24 13:36:30,216] {logging_mixin.py:109} INFO - [2021-11-24 13:36:30,216] {dag.py:2389} INFO - Sync 1 DAGs
[2021-11-24 13:36:30,228] {logging_mixin.py:109} INFO - [2021-11-24 13:36:30,228] {dag.py:2921} INFO - Setting next_dagrun for example_branch_labels to 2021-11-23 00:00:00+00:00
[2021-11-24 13:36:30,236] {processor.py:171} INFO - Processing /home/dante/DWBI/Apache/py_env/lib/python3.8/site-packages/airflow/example_dags/example_branch_labels.py took 0.072 seconds
[2021-11-24 13:37:02,945] {processor.py:163} INFO - Started process (PID=49158) to work on /home/dante/DWBI/Apache/py_env/lib/python3.8/site-packages/airflow/example_dags/example_branch_labels.py
[2021-11-24 13:37:02,947] {processor.py:620} INFO - Processing file /home/dante/DWBI/Apache/py_env/lib/python3.8/site-packages/airflow/example_dags/example_branch_labels.py for tasks to queue
[2021-11-24 13:37:02,947] {logging_mixin.py:109} INFO - [2021-11-24 13:37:02,947] {dagbag.py:500} INFO - Filling up the DagBag from /home/dante/DWBI/Apache/py_env/lib/python3.8/site-packages/airflow/example_dags/example_branch_labels.py
[2021-11-24 13:37:02,962] {processor.py:632} INFO - DAG(s) dict_keys(['example_branch_labels']) retrieved from /home/dante/DWBI/Apache/py_env/lib/python3.8/site-packages/airflow/example_dags/example_branch_labels.py
[2021-11-24 13:37:02,970] {logging_mixin.py:109} INFO - [2021-11-24 13:37:02,970] {dag.py:2389} INFO - Sync 1 DAGs
[2021-11-24 13:37:02,981] {logging_mixin.py:109} INFO - [2021-11-24 13:37:02,981] {dag.py:2921} INFO - Setting next_dagrun for example_branch_labels to 2021-11-23 00:00:00+00:00
[2021-11-24 13:37:02,988] {processor.py:171} INFO - Processing /home/dante/DWBI/Apache/py_env/lib/python3.8/site-packages/airflow/example_dags/example_branch_labels.py took 0.045 seconds
[2021-11-24 13:37:40,006] {processor.py:163} INFO - Started process (PID=49296) to work on /home/dante/DWBI/Apache/py_env/lib/python3.8/site-packages/airflow/example_dags/example_branch_labels.py
[2021-11-24 13:37:40,017] {processor.py:620} INFO - Processing file /home/dante/DWBI/Apache/py_env/lib/python3.8/site-packages/airflow/example_dags/example_branch_labels.py for tasks to queue
[2021-11-24 13:37:40,019] {logging_mixin.py:109} INFO - [2021-11-24 13:37:40,019] {dagbag.py:500} INFO - Filling up the DagBag from /home/dante/DWBI/Apache/py_env/lib/python3.8/site-packages/airflow/example_dags/example_branch_labels.py
[2021-11-24 13:37:40,050] {processor.py:632} INFO - DAG(s) dict_keys(['example_branch_labels']) retrieved from /home/dante/DWBI/Apache/py_env/lib/python3.8/site-packages/airflow/example_dags/example_branch_labels.py
[2021-11-24 13:37:40,057] {logging_mixin.py:109} INFO - [2021-11-24 13:37:40,057] {dag.py:2389} INFO - Sync 1 DAGs
[2021-11-24 13:37:40,067] {logging_mixin.py:109} INFO - [2021-11-24 13:37:40,067] {dag.py:2921} INFO - Setting next_dagrun for example_branch_labels to 2021-11-23 00:00:00+00:00
[2021-11-24 13:37:40,080] {processor.py:171} INFO - Processing /home/dante/DWBI/Apache/py_env/lib/python3.8/site-packages/airflow/example_dags/example_branch_labels.py took 0.081 seconds
[2021-11-24 13:38:21,633] {processor.py:163} INFO - Started process (PID=49399) to work on /home/dante/DWBI/Apache/py_env/lib/python3.8/site-packages/airflow/example_dags/example_branch_labels.py
[2021-11-24 13:38:21,635] {processor.py:620} INFO - Processing file /home/dante/DWBI/Apache/py_env/lib/python3.8/site-packages/airflow/example_dags/example_branch_labels.py for tasks to queue
[2021-11-24 13:38:21,636] {logging_mixin.py:109} INFO - [2021-11-24 13:38:21,636] {dagbag.py:500} INFO - Filling up the DagBag from /home/dante/DWBI/Apache/py_env/lib/python3.8/site-packages/airflow/example_dags/example_branch_labels.py
[2021-11-24 13:38:21,665] {processor.py:632} INFO - DAG(s) dict_keys(['example_branch_labels']) retrieved from /home/dante/DWBI/Apache/py_env/lib/python3.8/site-packages/airflow/example_dags/example_branch_labels.py
[2021-11-24 13:38:21,675] {logging_mixin.py:109} INFO - [2021-11-24 13:38:21,675] {dag.py:2389} INFO - Sync 1 DAGs
[2021-11-24 13:38:21,685] {logging_mixin.py:109} INFO - [2021-11-24 13:38:21,685] {dag.py:2921} INFO - Setting next_dagrun for example_branch_labels to 2021-11-23 00:00:00+00:00
[2021-11-24 13:38:21,692] {processor.py:171} INFO - Processing /home/dante/DWBI/Apache/py_env/lib/python3.8/site-packages/airflow/example_dags/example_branch_labels.py took 0.062 seconds
[2021-11-24 13:38:59,037] {processor.py:163} INFO - Started process (PID=49456) to work on /home/dante/DWBI/Apache/py_env/lib/python3.8/site-packages/airflow/example_dags/example_branch_labels.py
[2021-11-24 13:38:59,048] {processor.py:620} INFO - Processing file /home/dante/DWBI/Apache/py_env/lib/python3.8/site-packages/airflow/example_dags/example_branch_labels.py for tasks to queue
[2021-11-24 13:38:59,050] {logging_mixin.py:109} INFO - [2021-11-24 13:38:59,049] {dagbag.py:500} INFO - Filling up the DagBag from /home/dante/DWBI/Apache/py_env/lib/python3.8/site-packages/airflow/example_dags/example_branch_labels.py
[2021-11-24 13:38:59,080] {processor.py:632} INFO - DAG(s) dict_keys(['example_branch_labels']) retrieved from /home/dante/DWBI/Apache/py_env/lib/python3.8/site-packages/airflow/example_dags/example_branch_labels.py
[2021-11-24 13:38:59,088] {logging_mixin.py:109} INFO - [2021-11-24 13:38:59,088] {dag.py:2389} INFO - Sync 1 DAGs
[2021-11-24 13:38:59,099] {logging_mixin.py:109} INFO - [2021-11-24 13:38:59,099] {dag.py:2921} INFO - Setting next_dagrun for example_branch_labels to 2021-11-23 00:00:00+00:00
[2021-11-24 13:38:59,123] {processor.py:171} INFO - Processing /home/dante/DWBI/Apache/py_env/lib/python3.8/site-packages/airflow/example_dags/example_branch_labels.py took 0.093 seconds
[2021-11-24 13:39:32,898] {processor.py:163} INFO - Started process (PID=49600) to work on /home/dante/DWBI/Apache/py_env/lib/python3.8/site-packages/airflow/example_dags/example_branch_labels.py
[2021-11-24 13:39:32,900] {processor.py:620} INFO - Processing file /home/dante/DWBI/Apache/py_env/lib/python3.8/site-packages/airflow/example_dags/example_branch_labels.py for tasks to queue
[2021-11-24 13:39:32,901] {logging_mixin.py:109} INFO - [2021-11-24 13:39:32,901] {dagbag.py:500} INFO - Filling up the DagBag from /home/dante/DWBI/Apache/py_env/lib/python3.8/site-packages/airflow/example_dags/example_branch_labels.py
[2021-11-24 13:39:32,922] {processor.py:632} INFO - DAG(s) dict_keys(['example_branch_labels']) retrieved from /home/dante/DWBI/Apache/py_env/lib/python3.8/site-packages/airflow/example_dags/example_branch_labels.py
[2021-11-24 13:39:32,931] {logging_mixin.py:109} INFO - [2021-11-24 13:39:32,931] {dag.py:2389} INFO - Sync 1 DAGs
[2021-11-24 13:39:32,941] {logging_mixin.py:109} INFO - [2021-11-24 13:39:32,941] {dag.py:2921} INFO - Setting next_dagrun for example_branch_labels to 2021-11-23 00:00:00+00:00
[2021-11-24 13:39:32,948] {processor.py:171} INFO - Processing /home/dante/DWBI/Apache/py_env/lib/python3.8/site-packages/airflow/example_dags/example_branch_labels.py took 0.052 seconds
[2021-11-24 13:40:08,726] {processor.py:163} INFO - Started process (PID=49662) to work on /home/dante/DWBI/Apache/py_env/lib/python3.8/site-packages/airflow/example_dags/example_branch_labels.py
[2021-11-24 13:40:08,736] {processor.py:620} INFO - Processing file /home/dante/DWBI/Apache/py_env/lib/python3.8/site-packages/airflow/example_dags/example_branch_labels.py for tasks to queue
[2021-11-24 13:40:08,737] {logging_mixin.py:109} INFO - [2021-11-24 13:40:08,737] {dagbag.py:500} INFO - Filling up the DagBag from /home/dante/DWBI/Apache/py_env/lib/python3.8/site-packages/airflow/example_dags/example_branch_labels.py
[2021-11-24 13:40:08,775] {processor.py:632} INFO - DAG(s) dict_keys(['example_branch_labels']) retrieved from /home/dante/DWBI/Apache/py_env/lib/python3.8/site-packages/airflow/example_dags/example_branch_labels.py
[2021-11-24 13:40:08,791] {logging_mixin.py:109} INFO - [2021-11-24 13:40:08,791] {dag.py:2389} INFO - Sync 1 DAGs
[2021-11-24 13:40:08,816] {logging_mixin.py:109} INFO - [2021-11-24 13:40:08,816] {dag.py:2921} INFO - Setting next_dagrun for example_branch_labels to 2021-11-23 00:00:00+00:00
[2021-11-24 13:40:08,852] {processor.py:171} INFO - Processing /home/dante/DWBI/Apache/py_env/lib/python3.8/site-packages/airflow/example_dags/example_branch_labels.py took 0.129 seconds
[2021-11-24 13:40:48,211] {processor.py:163} INFO - Started process (PID=49762) to work on /home/dante/DWBI/Apache/py_env/lib/python3.8/site-packages/airflow/example_dags/example_branch_labels.py
[2021-11-24 13:40:48,214] {processor.py:620} INFO - Processing file /home/dante/DWBI/Apache/py_env/lib/python3.8/site-packages/airflow/example_dags/example_branch_labels.py for tasks to queue
[2021-11-24 13:40:48,216] {logging_mixin.py:109} INFO - [2021-11-24 13:40:48,216] {dagbag.py:500} INFO - Filling up the DagBag from /home/dante/DWBI/Apache/py_env/lib/python3.8/site-packages/airflow/example_dags/example_branch_labels.py
[2021-11-24 13:40:48,239] {processor.py:632} INFO - DAG(s) dict_keys(['example_branch_labels']) retrieved from /home/dante/DWBI/Apache/py_env/lib/python3.8/site-packages/airflow/example_dags/example_branch_labels.py
[2021-11-24 13:40:48,246] {logging_mixin.py:109} INFO - [2021-11-24 13:40:48,245] {dag.py:2389} INFO - Sync 1 DAGs
[2021-11-24 13:40:48,255] {logging_mixin.py:109} INFO - [2021-11-24 13:40:48,255] {dag.py:2921} INFO - Setting next_dagrun for example_branch_labels to 2021-11-23 00:00:00+00:00
[2021-11-24 13:40:48,263] {processor.py:171} INFO - Processing /home/dante/DWBI/Apache/py_env/lib/python3.8/site-packages/airflow/example_dags/example_branch_labels.py took 0.059 seconds
[2021-11-24 13:41:25,884] {processor.py:163} INFO - Started process (PID=49817) to work on /home/dante/DWBI/Apache/py_env/lib/python3.8/site-packages/airflow/example_dags/example_branch_labels.py
[2021-11-24 13:41:25,885] {processor.py:620} INFO - Processing file /home/dante/DWBI/Apache/py_env/lib/python3.8/site-packages/airflow/example_dags/example_branch_labels.py for tasks to queue
[2021-11-24 13:41:25,886] {logging_mixin.py:109} INFO - [2021-11-24 13:41:25,886] {dagbag.py:500} INFO - Filling up the DagBag from /home/dante/DWBI/Apache/py_env/lib/python3.8/site-packages/airflow/example_dags/example_branch_labels.py
[2021-11-24 13:41:25,911] {processor.py:632} INFO - DAG(s) dict_keys(['example_branch_labels']) retrieved from /home/dante/DWBI/Apache/py_env/lib/python3.8/site-packages/airflow/example_dags/example_branch_labels.py
[2021-11-24 13:41:25,920] {logging_mixin.py:109} INFO - [2021-11-24 13:41:25,920] {dag.py:2389} INFO - Sync 1 DAGs
[2021-11-24 13:41:25,931] {logging_mixin.py:109} INFO - [2021-11-24 13:41:25,930] {dag.py:2921} INFO - Setting next_dagrun for example_branch_labels to 2021-11-23 00:00:00+00:00
[2021-11-24 13:41:25,940] {processor.py:171} INFO - Processing /home/dante/DWBI/Apache/py_env/lib/python3.8/site-packages/airflow/example_dags/example_branch_labels.py took 0.059 seconds
[2021-11-24 13:42:03,197] {processor.py:163} INFO - Started process (PID=49953) to work on /home/dante/DWBI/Apache/py_env/lib/python3.8/site-packages/airflow/example_dags/example_branch_labels.py
[2021-11-24 13:42:03,208] {processor.py:620} INFO - Processing file /home/dante/DWBI/Apache/py_env/lib/python3.8/site-packages/airflow/example_dags/example_branch_labels.py for tasks to queue
[2021-11-24 13:42:03,210] {logging_mixin.py:109} INFO - [2021-11-24 13:42:03,210] {dagbag.py:500} INFO - Filling up the DagBag from /home/dante/DWBI/Apache/py_env/lib/python3.8/site-packages/airflow/example_dags/example_branch_labels.py
[2021-11-24 13:42:03,226] {processor.py:632} INFO - DAG(s) dict_keys(['example_branch_labels']) retrieved from /home/dante/DWBI/Apache/py_env/lib/python3.8/site-packages/airflow/example_dags/example_branch_labels.py
[2021-11-24 13:42:03,233] {logging_mixin.py:109} INFO - [2021-11-24 13:42:03,233] {dag.py:2389} INFO - Sync 1 DAGs
[2021-11-24 13:42:03,244] {logging_mixin.py:109} INFO - [2021-11-24 13:42:03,244] {dag.py:2921} INFO - Setting next_dagrun for example_branch_labels to 2021-11-23 00:00:00+00:00
[2021-11-24 13:42:03,251] {processor.py:171} INFO - Processing /home/dante/DWBI/Apache/py_env/lib/python3.8/site-packages/airflow/example_dags/example_branch_labels.py took 0.062 seconds
