[2021-11-24 13:01:52,393] {processor.py:163} INFO - Started process (PID=42694) to work on /home/dante/DWBI/Apache/py_env/lib/python3.8/site-packages/airflow/example_dags/example_dag_decorator.py
[2021-11-24 13:01:52,395] {processor.py:620} INFO - Processing file /home/dante/DWBI/Apache/py_env/lib/python3.8/site-packages/airflow/example_dags/example_dag_decorator.py for tasks to queue
[2021-11-24 13:01:52,396] {logging_mixin.py:109} INFO - [2021-11-24 13:01:52,396] {dagbag.py:500} INFO - Filling up the DagBag from /home/dante/DWBI/Apache/py_env/lib/python3.8/site-packages/airflow/example_dags/example_dag_decorator.py
[2021-11-24 13:01:52,447] {processor.py:632} INFO - DAG(s) dict_keys(['example_dag_decorator']) retrieved from /home/dante/DWBI/Apache/py_env/lib/python3.8/site-packages/airflow/example_dags/example_dag_decorator.py
[2021-11-24 13:01:52,579] {logging_mixin.py:109} INFO - [2021-11-24 13:01:52,579] {dag.py:2389} INFO - Sync 1 DAGs
[2021-11-24 13:01:52,586] {logging_mixin.py:109} INFO - [2021-11-24 13:01:52,586] {dag.py:2921} INFO - Setting next_dagrun for example_dag_decorator to None
[2021-11-24 13:01:52,596] {processor.py:171} INFO - Processing /home/dante/DWBI/Apache/py_env/lib/python3.8/site-packages/airflow/example_dags/example_dag_decorator.py took 0.210 seconds
[2021-11-24 13:02:29,937] {processor.py:163} INFO - Started process (PID=42744) to work on /home/dante/DWBI/Apache/py_env/lib/python3.8/site-packages/airflow/example_dags/example_dag_decorator.py
[2021-11-24 13:02:29,941] {processor.py:620} INFO - Processing file /home/dante/DWBI/Apache/py_env/lib/python3.8/site-packages/airflow/example_dags/example_dag_decorator.py for tasks to queue
[2021-11-24 13:02:29,942] {logging_mixin.py:109} INFO - [2021-11-24 13:02:29,942] {dagbag.py:500} INFO - Filling up the DagBag from /home/dante/DWBI/Apache/py_env/lib/python3.8/site-packages/airflow/example_dags/example_dag_decorator.py
[2021-11-24 13:02:29,977] {processor.py:632} INFO - DAG(s) dict_keys(['example_dag_decorator']) retrieved from /home/dante/DWBI/Apache/py_env/lib/python3.8/site-packages/airflow/example_dags/example_dag_decorator.py
[2021-11-24 13:02:30,116] {logging_mixin.py:109} INFO - [2021-11-24 13:02:30,115] {dag.py:2389} INFO - Sync 1 DAGs
[2021-11-24 13:02:30,122] {logging_mixin.py:109} INFO - [2021-11-24 13:02:30,122] {dag.py:2921} INFO - Setting next_dagrun for example_dag_decorator to None
[2021-11-24 13:02:30,131] {processor.py:171} INFO - Processing /home/dante/DWBI/Apache/py_env/lib/python3.8/site-packages/airflow/example_dags/example_dag_decorator.py took 0.200 seconds
[2021-11-24 13:03:09,269] {processor.py:163} INFO - Started process (PID=42854) to work on /home/dante/DWBI/Apache/py_env/lib/python3.8/site-packages/airflow/example_dags/example_dag_decorator.py
[2021-11-24 13:03:09,281] {processor.py:620} INFO - Processing file /home/dante/DWBI/Apache/py_env/lib/python3.8/site-packages/airflow/example_dags/example_dag_decorator.py for tasks to queue
[2021-11-24 13:03:09,282] {logging_mixin.py:109} INFO - [2021-11-24 13:03:09,282] {dagbag.py:500} INFO - Filling up the DagBag from /home/dante/DWBI/Apache/py_env/lib/python3.8/site-packages/airflow/example_dags/example_dag_decorator.py
[2021-11-24 13:03:09,322] {processor.py:632} INFO - DAG(s) dict_keys(['example_dag_decorator']) retrieved from /home/dante/DWBI/Apache/py_env/lib/python3.8/site-packages/airflow/example_dags/example_dag_decorator.py
[2021-11-24 13:03:09,466] {logging_mixin.py:109} INFO - [2021-11-24 13:03:09,466] {dag.py:2389} INFO - Sync 1 DAGs
[2021-11-24 13:03:09,473] {logging_mixin.py:109} INFO - [2021-11-24 13:03:09,473] {dag.py:2921} INFO - Setting next_dagrun for example_dag_decorator to None
[2021-11-24 13:03:09,481] {processor.py:171} INFO - Processing /home/dante/DWBI/Apache/py_env/lib/python3.8/site-packages/airflow/example_dags/example_dag_decorator.py took 0.219 seconds
[2021-11-24 13:03:46,635] {processor.py:163} INFO - Started process (PID=42921) to work on /home/dante/DWBI/Apache/py_env/lib/python3.8/site-packages/airflow/example_dags/example_dag_decorator.py
[2021-11-24 13:03:46,647] {processor.py:620} INFO - Processing file /home/dante/DWBI/Apache/py_env/lib/python3.8/site-packages/airflow/example_dags/example_dag_decorator.py for tasks to queue
[2021-11-24 13:03:46,648] {logging_mixin.py:109} INFO - [2021-11-24 13:03:46,648] {dagbag.py:500} INFO - Filling up the DagBag from /home/dante/DWBI/Apache/py_env/lib/python3.8/site-packages/airflow/example_dags/example_dag_decorator.py
[2021-11-24 13:03:46,686] {processor.py:632} INFO - DAG(s) dict_keys(['example_dag_decorator']) retrieved from /home/dante/DWBI/Apache/py_env/lib/python3.8/site-packages/airflow/example_dags/example_dag_decorator.py
[2021-11-24 13:03:46,820] {logging_mixin.py:109} INFO - [2021-11-24 13:03:46,820] {dag.py:2389} INFO - Sync 1 DAGs
[2021-11-24 13:03:46,827] {logging_mixin.py:109} INFO - [2021-11-24 13:03:46,827] {dag.py:2921} INFO - Setting next_dagrun for example_dag_decorator to None
[2021-11-24 13:03:46,837] {processor.py:171} INFO - Processing /home/dante/DWBI/Apache/py_env/lib/python3.8/site-packages/airflow/example_dags/example_dag_decorator.py took 0.209 seconds
[2021-11-24 13:04:26,019] {processor.py:163} INFO - Started process (PID=42976) to work on /home/dante/DWBI/Apache/py_env/lib/python3.8/site-packages/airflow/example_dags/example_dag_decorator.py
[2021-11-24 13:04:26,030] {processor.py:620} INFO - Processing file /home/dante/DWBI/Apache/py_env/lib/python3.8/site-packages/airflow/example_dags/example_dag_decorator.py for tasks to queue
[2021-11-24 13:04:26,032] {logging_mixin.py:109} INFO - [2021-11-24 13:04:26,031] {dagbag.py:500} INFO - Filling up the DagBag from /home/dante/DWBI/Apache/py_env/lib/python3.8/site-packages/airflow/example_dags/example_dag_decorator.py
[2021-11-24 13:04:26,076] {processor.py:632} INFO - DAG(s) dict_keys(['example_dag_decorator']) retrieved from /home/dante/DWBI/Apache/py_env/lib/python3.8/site-packages/airflow/example_dags/example_dag_decorator.py
[2021-11-24 13:04:26,206] {logging_mixin.py:109} INFO - [2021-11-24 13:04:26,206] {dag.py:2389} INFO - Sync 1 DAGs
[2021-11-24 13:04:26,213] {logging_mixin.py:109} INFO - [2021-11-24 13:04:26,213] {dag.py:2921} INFO - Setting next_dagrun for example_dag_decorator to None
[2021-11-24 13:04:26,225] {processor.py:171} INFO - Processing /home/dante/DWBI/Apache/py_env/lib/python3.8/site-packages/airflow/example_dags/example_dag_decorator.py took 0.210 seconds
[2021-11-24 13:05:09,634] {processor.py:163} INFO - Started process (PID=43195) to work on /home/dante/DWBI/Apache/py_env/lib/python3.8/site-packages/airflow/example_dags/example_dag_decorator.py
[2021-11-24 13:05:09,638] {processor.py:620} INFO - Processing file /home/dante/DWBI/Apache/py_env/lib/python3.8/site-packages/airflow/example_dags/example_dag_decorator.py for tasks to queue
[2021-11-24 13:05:09,639] {logging_mixin.py:109} INFO - [2021-11-24 13:05:09,639] {dagbag.py:500} INFO - Filling up the DagBag from /home/dante/DWBI/Apache/py_env/lib/python3.8/site-packages/airflow/example_dags/example_dag_decorator.py
[2021-11-24 13:05:09,663] {processor.py:632} INFO - DAG(s) dict_keys(['example_dag_decorator']) retrieved from /home/dante/DWBI/Apache/py_env/lib/python3.8/site-packages/airflow/example_dags/example_dag_decorator.py
[2021-11-24 13:05:09,800] {logging_mixin.py:109} INFO - [2021-11-24 13:05:09,800] {dag.py:2389} INFO - Sync 1 DAGs
[2021-11-24 13:05:09,806] {logging_mixin.py:109} INFO - [2021-11-24 13:05:09,806] {dag.py:2921} INFO - Setting next_dagrun for example_dag_decorator to None
[2021-11-24 13:05:09,815] {processor.py:171} INFO - Processing /home/dante/DWBI/Apache/py_env/lib/python3.8/site-packages/airflow/example_dags/example_dag_decorator.py took 0.188 seconds
[2021-11-24 13:05:46,100] {processor.py:163} INFO - Started process (PID=43263) to work on /home/dante/DWBI/Apache/py_env/lib/python3.8/site-packages/airflow/example_dags/example_dag_decorator.py
[2021-11-24 13:05:46,110] {processor.py:620} INFO - Processing file /home/dante/DWBI/Apache/py_env/lib/python3.8/site-packages/airflow/example_dags/example_dag_decorator.py for tasks to queue
[2021-11-24 13:05:46,111] {logging_mixin.py:109} INFO - [2021-11-24 13:05:46,111] {dagbag.py:500} INFO - Filling up the DagBag from /home/dante/DWBI/Apache/py_env/lib/python3.8/site-packages/airflow/example_dags/example_dag_decorator.py
[2021-11-24 13:05:46,143] {processor.py:632} INFO - DAG(s) dict_keys(['example_dag_decorator']) retrieved from /home/dante/DWBI/Apache/py_env/lib/python3.8/site-packages/airflow/example_dags/example_dag_decorator.py
[2021-11-24 13:05:46,276] {logging_mixin.py:109} INFO - [2021-11-24 13:05:46,276] {dag.py:2389} INFO - Sync 1 DAGs
[2021-11-24 13:05:46,284] {logging_mixin.py:109} INFO - [2021-11-24 13:05:46,283] {dag.py:2921} INFO - Setting next_dagrun for example_dag_decorator to None
[2021-11-24 13:05:46,292] {processor.py:171} INFO - Processing /home/dante/DWBI/Apache/py_env/lib/python3.8/site-packages/airflow/example_dags/example_dag_decorator.py took 0.194 seconds
[2021-11-24 13:06:22,460] {processor.py:163} INFO - Started process (PID=43311) to work on /home/dante/DWBI/Apache/py_env/lib/python3.8/site-packages/airflow/example_dags/example_dag_decorator.py
[2021-11-24 13:06:22,469] {processor.py:620} INFO - Processing file /home/dante/DWBI/Apache/py_env/lib/python3.8/site-packages/airflow/example_dags/example_dag_decorator.py for tasks to queue
[2021-11-24 13:06:22,470] {logging_mixin.py:109} INFO - [2021-11-24 13:06:22,470] {dagbag.py:500} INFO - Filling up the DagBag from /home/dante/DWBI/Apache/py_env/lib/python3.8/site-packages/airflow/example_dags/example_dag_decorator.py
[2021-11-24 13:06:22,491] {processor.py:632} INFO - DAG(s) dict_keys(['example_dag_decorator']) retrieved from /home/dante/DWBI/Apache/py_env/lib/python3.8/site-packages/airflow/example_dags/example_dag_decorator.py
[2021-11-24 13:06:22,638] {logging_mixin.py:109} INFO - [2021-11-24 13:06:22,638] {dag.py:2389} INFO - Sync 1 DAGs
[2021-11-24 13:06:22,647] {logging_mixin.py:109} INFO - [2021-11-24 13:06:22,647] {dag.py:2921} INFO - Setting next_dagrun for example_dag_decorator to None
[2021-11-24 13:06:22,657] {processor.py:171} INFO - Processing /home/dante/DWBI/Apache/py_env/lib/python3.8/site-packages/airflow/example_dags/example_dag_decorator.py took 0.203 seconds
[2021-11-24 13:06:58,583] {processor.py:163} INFO - Started process (PID=43390) to work on /home/dante/DWBI/Apache/py_env/lib/python3.8/site-packages/airflow/example_dags/example_dag_decorator.py
[2021-11-24 13:06:58,594] {processor.py:620} INFO - Processing file /home/dante/DWBI/Apache/py_env/lib/python3.8/site-packages/airflow/example_dags/example_dag_decorator.py for tasks to queue
[2021-11-24 13:06:58,594] {logging_mixin.py:109} INFO - [2021-11-24 13:06:58,594] {dagbag.py:500} INFO - Filling up the DagBag from /home/dante/DWBI/Apache/py_env/lib/python3.8/site-packages/airflow/example_dags/example_dag_decorator.py
[2021-11-24 13:06:58,622] {processor.py:632} INFO - DAG(s) dict_keys(['example_dag_decorator']) retrieved from /home/dante/DWBI/Apache/py_env/lib/python3.8/site-packages/airflow/example_dags/example_dag_decorator.py
[2021-11-24 13:06:58,761] {logging_mixin.py:109} INFO - [2021-11-24 13:06:58,761] {dag.py:2389} INFO - Sync 1 DAGs
[2021-11-24 13:06:58,769] {logging_mixin.py:109} INFO - [2021-11-24 13:06:58,769] {dag.py:2921} INFO - Setting next_dagrun for example_dag_decorator to None
[2021-11-24 13:06:58,780] {processor.py:171} INFO - Processing /home/dante/DWBI/Apache/py_env/lib/python3.8/site-packages/airflow/example_dags/example_dag_decorator.py took 0.199 seconds
[2021-11-24 13:07:36,025] {processor.py:163} INFO - Started process (PID=43439) to work on /home/dante/DWBI/Apache/py_env/lib/python3.8/site-packages/airflow/example_dags/example_dag_decorator.py
[2021-11-24 13:07:36,035] {processor.py:620} INFO - Processing file /home/dante/DWBI/Apache/py_env/lib/python3.8/site-packages/airflow/example_dags/example_dag_decorator.py for tasks to queue
[2021-11-24 13:07:36,035] {logging_mixin.py:109} INFO - [2021-11-24 13:07:36,035] {dagbag.py:500} INFO - Filling up the DagBag from /home/dante/DWBI/Apache/py_env/lib/python3.8/site-packages/airflow/example_dags/example_dag_decorator.py
[2021-11-24 13:07:36,075] {processor.py:632} INFO - DAG(s) dict_keys(['example_dag_decorator']) retrieved from /home/dante/DWBI/Apache/py_env/lib/python3.8/site-packages/airflow/example_dags/example_dag_decorator.py
[2021-11-24 13:07:36,212] {logging_mixin.py:109} INFO - [2021-11-24 13:07:36,212] {dag.py:2389} INFO - Sync 1 DAGs
[2021-11-24 13:07:36,218] {logging_mixin.py:109} INFO - [2021-11-24 13:07:36,218] {dag.py:2921} INFO - Setting next_dagrun for example_dag_decorator to None
[2021-11-24 13:07:36,228] {processor.py:171} INFO - Processing /home/dante/DWBI/Apache/py_env/lib/python3.8/site-packages/airflow/example_dags/example_dag_decorator.py took 0.206 seconds
[2021-11-24 13:08:14,712] {processor.py:163} INFO - Started process (PID=43515) to work on /home/dante/DWBI/Apache/py_env/lib/python3.8/site-packages/airflow/example_dags/example_dag_decorator.py
[2021-11-24 13:08:14,723] {processor.py:620} INFO - Processing file /home/dante/DWBI/Apache/py_env/lib/python3.8/site-packages/airflow/example_dags/example_dag_decorator.py for tasks to queue
[2021-11-24 13:08:14,724] {logging_mixin.py:109} INFO - [2021-11-24 13:08:14,724] {dagbag.py:500} INFO - Filling up the DagBag from /home/dante/DWBI/Apache/py_env/lib/python3.8/site-packages/airflow/example_dags/example_dag_decorator.py
[2021-11-24 13:08:14,757] {processor.py:632} INFO - DAG(s) dict_keys(['example_dag_decorator']) retrieved from /home/dante/DWBI/Apache/py_env/lib/python3.8/site-packages/airflow/example_dags/example_dag_decorator.py
[2021-11-24 13:08:14,915] {logging_mixin.py:109} INFO - [2021-11-24 13:08:14,915] {dag.py:2389} INFO - Sync 1 DAGs
[2021-11-24 13:08:14,923] {logging_mixin.py:109} INFO - [2021-11-24 13:08:14,923] {dag.py:2921} INFO - Setting next_dagrun for example_dag_decorator to None
[2021-11-24 13:08:14,932] {processor.py:171} INFO - Processing /home/dante/DWBI/Apache/py_env/lib/python3.8/site-packages/airflow/example_dags/example_dag_decorator.py took 0.227 seconds
[2021-11-24 13:08:57,036] {processor.py:163} INFO - Started process (PID=43583) to work on /home/dante/DWBI/Apache/py_env/lib/python3.8/site-packages/airflow/example_dags/example_dag_decorator.py
[2021-11-24 13:08:57,046] {processor.py:620} INFO - Processing file /home/dante/DWBI/Apache/py_env/lib/python3.8/site-packages/airflow/example_dags/example_dag_decorator.py for tasks to queue
[2021-11-24 13:08:57,046] {logging_mixin.py:109} INFO - [2021-11-24 13:08:57,046] {dagbag.py:500} INFO - Filling up the DagBag from /home/dante/DWBI/Apache/py_env/lib/python3.8/site-packages/airflow/example_dags/example_dag_decorator.py
[2021-11-24 13:08:57,068] {processor.py:632} INFO - DAG(s) dict_keys(['example_dag_decorator']) retrieved from /home/dante/DWBI/Apache/py_env/lib/python3.8/site-packages/airflow/example_dags/example_dag_decorator.py
[2021-11-24 13:08:57,210] {logging_mixin.py:109} INFO - [2021-11-24 13:08:57,210] {dag.py:2389} INFO - Sync 1 DAGs
[2021-11-24 13:08:57,217] {logging_mixin.py:109} INFO - [2021-11-24 13:08:57,217] {dag.py:2921} INFO - Setting next_dagrun for example_dag_decorator to None
[2021-11-24 13:08:57,252] {processor.py:171} INFO - Processing /home/dante/DWBI/Apache/py_env/lib/python3.8/site-packages/airflow/example_dags/example_dag_decorator.py took 0.218 seconds
[2021-11-24 13:09:35,989] {processor.py:163} INFO - Started process (PID=43710) to work on /home/dante/DWBI/Apache/py_env/lib/python3.8/site-packages/airflow/example_dags/example_dag_decorator.py
[2021-11-24 13:09:35,993] {processor.py:620} INFO - Processing file /home/dante/DWBI/Apache/py_env/lib/python3.8/site-packages/airflow/example_dags/example_dag_decorator.py for tasks to queue
[2021-11-24 13:09:35,995] {logging_mixin.py:109} INFO - [2021-11-24 13:09:35,995] {dagbag.py:500} INFO - Filling up the DagBag from /home/dante/DWBI/Apache/py_env/lib/python3.8/site-packages/airflow/example_dags/example_dag_decorator.py
[2021-11-24 13:09:36,029] {processor.py:632} INFO - DAG(s) dict_keys(['example_dag_decorator']) retrieved from /home/dante/DWBI/Apache/py_env/lib/python3.8/site-packages/airflow/example_dags/example_dag_decorator.py
[2021-11-24 13:09:36,169] {logging_mixin.py:109} INFO - [2021-11-24 13:09:36,169] {dag.py:2389} INFO - Sync 1 DAGs
[2021-11-24 13:09:36,177] {logging_mixin.py:109} INFO - [2021-11-24 13:09:36,177] {dag.py:2921} INFO - Setting next_dagrun for example_dag_decorator to None
[2021-11-24 13:09:36,188] {processor.py:171} INFO - Processing /home/dante/DWBI/Apache/py_env/lib/python3.8/site-packages/airflow/example_dags/example_dag_decorator.py took 0.206 seconds
[2021-11-24 13:10:12,935] {processor.py:163} INFO - Started process (PID=43866) to work on /home/dante/DWBI/Apache/py_env/lib/python3.8/site-packages/airflow/example_dags/example_dag_decorator.py
[2021-11-24 13:10:12,944] {processor.py:620} INFO - Processing file /home/dante/DWBI/Apache/py_env/lib/python3.8/site-packages/airflow/example_dags/example_dag_decorator.py for tasks to queue
[2021-11-24 13:10:12,944] {logging_mixin.py:109} INFO - [2021-11-24 13:10:12,944] {dagbag.py:500} INFO - Filling up the DagBag from /home/dante/DWBI/Apache/py_env/lib/python3.8/site-packages/airflow/example_dags/example_dag_decorator.py
[2021-11-24 13:10:12,967] {processor.py:632} INFO - DAG(s) dict_keys(['example_dag_decorator']) retrieved from /home/dante/DWBI/Apache/py_env/lib/python3.8/site-packages/airflow/example_dags/example_dag_decorator.py
[2021-11-24 13:10:13,109] {logging_mixin.py:109} INFO - [2021-11-24 13:10:13,109] {dag.py:2389} INFO - Sync 1 DAGs
[2021-11-24 13:10:13,116] {logging_mixin.py:109} INFO - [2021-11-24 13:10:13,116] {dag.py:2921} INFO - Setting next_dagrun for example_dag_decorator to None
[2021-11-24 13:10:13,125] {processor.py:171} INFO - Processing /home/dante/DWBI/Apache/py_env/lib/python3.8/site-packages/airflow/example_dags/example_dag_decorator.py took 0.193 seconds
[2021-11-24 13:10:51,954] {processor.py:163} INFO - Started process (PID=44094) to work on /home/dante/DWBI/Apache/py_env/lib/python3.8/site-packages/airflow/example_dags/example_dag_decorator.py
[2021-11-24 13:10:51,964] {processor.py:620} INFO - Processing file /home/dante/DWBI/Apache/py_env/lib/python3.8/site-packages/airflow/example_dags/example_dag_decorator.py for tasks to queue
[2021-11-24 13:10:51,965] {logging_mixin.py:109} INFO - [2021-11-24 13:10:51,965] {dagbag.py:500} INFO - Filling up the DagBag from /home/dante/DWBI/Apache/py_env/lib/python3.8/site-packages/airflow/example_dags/example_dag_decorator.py
[2021-11-24 13:10:51,998] {processor.py:632} INFO - DAG(s) dict_keys(['example_dag_decorator']) retrieved from /home/dante/DWBI/Apache/py_env/lib/python3.8/site-packages/airflow/example_dags/example_dag_decorator.py
[2021-11-24 13:10:52,147] {logging_mixin.py:109} INFO - [2021-11-24 13:10:52,147] {dag.py:2389} INFO - Sync 1 DAGs
[2021-11-24 13:10:52,154] {logging_mixin.py:109} INFO - [2021-11-24 13:10:52,154] {dag.py:2921} INFO - Setting next_dagrun for example_dag_decorator to None
[2021-11-24 13:10:52,189] {processor.py:171} INFO - Processing /home/dante/DWBI/Apache/py_env/lib/python3.8/site-packages/airflow/example_dags/example_dag_decorator.py took 0.239 seconds
[2021-11-24 13:11:24,886] {processor.py:163} INFO - Started process (PID=44172) to work on /home/dante/DWBI/Apache/py_env/lib/python3.8/site-packages/airflow/example_dags/example_dag_decorator.py
[2021-11-24 13:11:24,890] {processor.py:620} INFO - Processing file /home/dante/DWBI/Apache/py_env/lib/python3.8/site-packages/airflow/example_dags/example_dag_decorator.py for tasks to queue
[2021-11-24 13:11:24,890] {logging_mixin.py:109} INFO - [2021-11-24 13:11:24,890] {dagbag.py:500} INFO - Filling up the DagBag from /home/dante/DWBI/Apache/py_env/lib/python3.8/site-packages/airflow/example_dags/example_dag_decorator.py
[2021-11-24 13:11:24,916] {processor.py:632} INFO - DAG(s) dict_keys(['example_dag_decorator']) retrieved from /home/dante/DWBI/Apache/py_env/lib/python3.8/site-packages/airflow/example_dags/example_dag_decorator.py
[2021-11-24 13:11:25,053] {logging_mixin.py:109} INFO - [2021-11-24 13:11:25,053] {dag.py:2389} INFO - Sync 1 DAGs
[2021-11-24 13:11:25,059] {logging_mixin.py:109} INFO - [2021-11-24 13:11:25,059] {dag.py:2921} INFO - Setting next_dagrun for example_dag_decorator to None
[2021-11-24 13:11:25,067] {processor.py:171} INFO - Processing /home/dante/DWBI/Apache/py_env/lib/python3.8/site-packages/airflow/example_dags/example_dag_decorator.py took 0.184 seconds
[2021-11-24 13:11:58,576] {processor.py:163} INFO - Started process (PID=44267) to work on /home/dante/DWBI/Apache/py_env/lib/python3.8/site-packages/airflow/example_dags/example_dag_decorator.py
[2021-11-24 13:11:58,587] {processor.py:620} INFO - Processing file /home/dante/DWBI/Apache/py_env/lib/python3.8/site-packages/airflow/example_dags/example_dag_decorator.py for tasks to queue
[2021-11-24 13:11:58,588] {logging_mixin.py:109} INFO - [2021-11-24 13:11:58,588] {dagbag.py:500} INFO - Filling up the DagBag from /home/dante/DWBI/Apache/py_env/lib/python3.8/site-packages/airflow/example_dags/example_dag_decorator.py
[2021-11-24 13:11:58,631] {processor.py:632} INFO - DAG(s) dict_keys(['example_dag_decorator']) retrieved from /home/dante/DWBI/Apache/py_env/lib/python3.8/site-packages/airflow/example_dags/example_dag_decorator.py
[2021-11-24 13:11:58,769] {logging_mixin.py:109} INFO - [2021-11-24 13:11:58,769] {dag.py:2389} INFO - Sync 1 DAGs
[2021-11-24 13:11:58,775] {logging_mixin.py:109} INFO - [2021-11-24 13:11:58,775] {dag.py:2921} INFO - Setting next_dagrun for example_dag_decorator to None
[2021-11-24 13:11:58,784] {processor.py:171} INFO - Processing /home/dante/DWBI/Apache/py_env/lib/python3.8/site-packages/airflow/example_dags/example_dag_decorator.py took 0.210 seconds
[2021-11-24 13:12:37,402] {processor.py:163} INFO - Started process (PID=44329) to work on /home/dante/DWBI/Apache/py_env/lib/python3.8/site-packages/airflow/example_dags/example_dag_decorator.py
[2021-11-24 13:12:37,411] {processor.py:620} INFO - Processing file /home/dante/DWBI/Apache/py_env/lib/python3.8/site-packages/airflow/example_dags/example_dag_decorator.py for tasks to queue
[2021-11-24 13:12:37,412] {logging_mixin.py:109} INFO - [2021-11-24 13:12:37,412] {dagbag.py:500} INFO - Filling up the DagBag from /home/dante/DWBI/Apache/py_env/lib/python3.8/site-packages/airflow/example_dags/example_dag_decorator.py
[2021-11-24 13:12:37,436] {processor.py:632} INFO - DAG(s) dict_keys(['example_dag_decorator']) retrieved from /home/dante/DWBI/Apache/py_env/lib/python3.8/site-packages/airflow/example_dags/example_dag_decorator.py
[2021-11-24 13:12:37,578] {logging_mixin.py:109} INFO - [2021-11-24 13:12:37,578] {dag.py:2389} INFO - Sync 1 DAGs
[2021-11-24 13:12:37,585] {logging_mixin.py:109} INFO - [2021-11-24 13:12:37,585] {dag.py:2921} INFO - Setting next_dagrun for example_dag_decorator to None
[2021-11-24 13:12:37,595] {processor.py:171} INFO - Processing /home/dante/DWBI/Apache/py_env/lib/python3.8/site-packages/airflow/example_dags/example_dag_decorator.py took 0.195 seconds
[2021-11-24 13:13:15,201] {processor.py:163} INFO - Started process (PID=44480) to work on /home/dante/DWBI/Apache/py_env/lib/python3.8/site-packages/airflow/example_dags/example_dag_decorator.py
[2021-11-24 13:13:15,205] {processor.py:620} INFO - Processing file /home/dante/DWBI/Apache/py_env/lib/python3.8/site-packages/airflow/example_dags/example_dag_decorator.py for tasks to queue
[2021-11-24 13:13:15,207] {logging_mixin.py:109} INFO - [2021-11-24 13:13:15,206] {dagbag.py:500} INFO - Filling up the DagBag from /home/dante/DWBI/Apache/py_env/lib/python3.8/site-packages/airflow/example_dags/example_dag_decorator.py
[2021-11-24 13:13:15,246] {processor.py:632} INFO - DAG(s) dict_keys(['example_dag_decorator']) retrieved from /home/dante/DWBI/Apache/py_env/lib/python3.8/site-packages/airflow/example_dags/example_dag_decorator.py
[2021-11-24 13:13:15,379] {logging_mixin.py:109} INFO - [2021-11-24 13:13:15,379] {dag.py:2389} INFO - Sync 1 DAGs
[2021-11-24 13:13:15,385] {logging_mixin.py:109} INFO - [2021-11-24 13:13:15,385] {dag.py:2921} INFO - Setting next_dagrun for example_dag_decorator to None
[2021-11-24 13:13:15,394] {processor.py:171} INFO - Processing /home/dante/DWBI/Apache/py_env/lib/python3.8/site-packages/airflow/example_dags/example_dag_decorator.py took 0.198 seconds
[2021-11-24 13:13:54,416] {processor.py:163} INFO - Started process (PID=44549) to work on /home/dante/DWBI/Apache/py_env/lib/python3.8/site-packages/airflow/example_dags/example_dag_decorator.py
[2021-11-24 13:13:54,418] {processor.py:620} INFO - Processing file /home/dante/DWBI/Apache/py_env/lib/python3.8/site-packages/airflow/example_dags/example_dag_decorator.py for tasks to queue
[2021-11-24 13:13:54,419] {logging_mixin.py:109} INFO - [2021-11-24 13:13:54,419] {dagbag.py:500} INFO - Filling up the DagBag from /home/dante/DWBI/Apache/py_env/lib/python3.8/site-packages/airflow/example_dags/example_dag_decorator.py
[2021-11-24 13:13:54,444] {processor.py:632} INFO - DAG(s) dict_keys(['example_dag_decorator']) retrieved from /home/dante/DWBI/Apache/py_env/lib/python3.8/site-packages/airflow/example_dags/example_dag_decorator.py
[2021-11-24 13:13:54,603] {logging_mixin.py:109} INFO - [2021-11-24 13:13:54,603] {dag.py:2389} INFO - Sync 1 DAGs
[2021-11-24 13:13:54,611] {logging_mixin.py:109} INFO - [2021-11-24 13:13:54,611] {dag.py:2921} INFO - Setting next_dagrun for example_dag_decorator to None
[2021-11-24 13:13:54,622] {processor.py:171} INFO - Processing /home/dante/DWBI/Apache/py_env/lib/python3.8/site-packages/airflow/example_dags/example_dag_decorator.py took 0.208 seconds
[2021-11-24 13:14:33,709] {processor.py:163} INFO - Started process (PID=44684) to work on /home/dante/DWBI/Apache/py_env/lib/python3.8/site-packages/airflow/example_dags/example_dag_decorator.py
[2021-11-24 13:14:33,720] {processor.py:620} INFO - Processing file /home/dante/DWBI/Apache/py_env/lib/python3.8/site-packages/airflow/example_dags/example_dag_decorator.py for tasks to queue
[2021-11-24 13:14:33,721] {logging_mixin.py:109} INFO - [2021-11-24 13:14:33,721] {dagbag.py:500} INFO - Filling up the DagBag from /home/dante/DWBI/Apache/py_env/lib/python3.8/site-packages/airflow/example_dags/example_dag_decorator.py
[2021-11-24 13:14:33,761] {processor.py:632} INFO - DAG(s) dict_keys(['example_dag_decorator']) retrieved from /home/dante/DWBI/Apache/py_env/lib/python3.8/site-packages/airflow/example_dags/example_dag_decorator.py
[2021-11-24 13:14:33,899] {logging_mixin.py:109} INFO - [2021-11-24 13:14:33,899] {dag.py:2389} INFO - Sync 1 DAGs
[2021-11-24 13:14:33,906] {logging_mixin.py:109} INFO - [2021-11-24 13:14:33,905] {dag.py:2921} INFO - Setting next_dagrun for example_dag_decorator to None
[2021-11-24 13:14:33,914] {processor.py:171} INFO - Processing /home/dante/DWBI/Apache/py_env/lib/python3.8/site-packages/airflow/example_dags/example_dag_decorator.py took 0.211 seconds
[2021-11-24 13:15:12,370] {processor.py:163} INFO - Started process (PID=44776) to work on /home/dante/DWBI/Apache/py_env/lib/python3.8/site-packages/airflow/example_dags/example_dag_decorator.py
[2021-11-24 13:15:12,380] {processor.py:620} INFO - Processing file /home/dante/DWBI/Apache/py_env/lib/python3.8/site-packages/airflow/example_dags/example_dag_decorator.py for tasks to queue
[2021-11-24 13:15:12,381] {logging_mixin.py:109} INFO - [2021-11-24 13:15:12,381] {dagbag.py:500} INFO - Filling up the DagBag from /home/dante/DWBI/Apache/py_env/lib/python3.8/site-packages/airflow/example_dags/example_dag_decorator.py
[2021-11-24 13:15:12,421] {processor.py:632} INFO - DAG(s) dict_keys(['example_dag_decorator']) retrieved from /home/dante/DWBI/Apache/py_env/lib/python3.8/site-packages/airflow/example_dags/example_dag_decorator.py
[2021-11-24 13:15:12,562] {logging_mixin.py:109} INFO - [2021-11-24 13:15:12,562] {dag.py:2389} INFO - Sync 1 DAGs
[2021-11-24 13:15:12,569] {logging_mixin.py:109} INFO - [2021-11-24 13:15:12,569] {dag.py:2921} INFO - Setting next_dagrun for example_dag_decorator to None
[2021-11-24 13:15:12,578] {processor.py:171} INFO - Processing /home/dante/DWBI/Apache/py_env/lib/python3.8/site-packages/airflow/example_dags/example_dag_decorator.py took 0.210 seconds
[2021-11-24 13:15:51,468] {processor.py:163} INFO - Started process (PID=44921) to work on /home/dante/DWBI/Apache/py_env/lib/python3.8/site-packages/airflow/example_dags/example_dag_decorator.py
[2021-11-24 13:15:51,472] {processor.py:620} INFO - Processing file /home/dante/DWBI/Apache/py_env/lib/python3.8/site-packages/airflow/example_dags/example_dag_decorator.py for tasks to queue
[2021-11-24 13:15:51,474] {logging_mixin.py:109} INFO - [2021-11-24 13:15:51,473] {dagbag.py:500} INFO - Filling up the DagBag from /home/dante/DWBI/Apache/py_env/lib/python3.8/site-packages/airflow/example_dags/example_dag_decorator.py
[2021-11-24 13:15:51,540] {processor.py:632} INFO - DAG(s) dict_keys(['example_dag_decorator']) retrieved from /home/dante/DWBI/Apache/py_env/lib/python3.8/site-packages/airflow/example_dags/example_dag_decorator.py
[2021-11-24 13:15:51,803] {logging_mixin.py:109} INFO - [2021-11-24 13:15:51,803] {dag.py:2389} INFO - Sync 1 DAGs
[2021-11-24 13:15:51,817] {logging_mixin.py:109} INFO - [2021-11-24 13:15:51,817] {dag.py:2921} INFO - Setting next_dagrun for example_dag_decorator to None
[2021-11-24 13:15:51,831] {processor.py:171} INFO - Processing /home/dante/DWBI/Apache/py_env/lib/python3.8/site-packages/airflow/example_dags/example_dag_decorator.py took 0.370 seconds
[2021-11-24 13:16:27,794] {processor.py:163} INFO - Started process (PID=45356) to work on /home/dante/DWBI/Apache/py_env/lib/python3.8/site-packages/airflow/example_dags/example_dag_decorator.py
[2021-11-24 13:16:27,804] {processor.py:620} INFO - Processing file /home/dante/DWBI/Apache/py_env/lib/python3.8/site-packages/airflow/example_dags/example_dag_decorator.py for tasks to queue
[2021-11-24 13:16:27,804] {logging_mixin.py:109} INFO - [2021-11-24 13:16:27,804] {dagbag.py:500} INFO - Filling up the DagBag from /home/dante/DWBI/Apache/py_env/lib/python3.8/site-packages/airflow/example_dags/example_dag_decorator.py
[2021-11-24 13:16:27,833] {processor.py:632} INFO - DAG(s) dict_keys(['example_dag_decorator']) retrieved from /home/dante/DWBI/Apache/py_env/lib/python3.8/site-packages/airflow/example_dags/example_dag_decorator.py
[2021-11-24 13:16:27,968] {logging_mixin.py:109} INFO - [2021-11-24 13:16:27,967] {dag.py:2389} INFO - Sync 1 DAGs
[2021-11-24 13:16:27,974] {logging_mixin.py:109} INFO - [2021-11-24 13:16:27,974] {dag.py:2921} INFO - Setting next_dagrun for example_dag_decorator to None
[2021-11-24 13:16:27,982] {processor.py:171} INFO - Processing /home/dante/DWBI/Apache/py_env/lib/python3.8/site-packages/airflow/example_dags/example_dag_decorator.py took 0.190 seconds
[2021-11-24 13:17:02,917] {processor.py:163} INFO - Started process (PID=45451) to work on /home/dante/DWBI/Apache/py_env/lib/python3.8/site-packages/airflow/example_dags/example_dag_decorator.py
[2021-11-24 13:17:02,923] {processor.py:620} INFO - Processing file /home/dante/DWBI/Apache/py_env/lib/python3.8/site-packages/airflow/example_dags/example_dag_decorator.py for tasks to queue
[2021-11-24 13:17:02,923] {logging_mixin.py:109} INFO - [2021-11-24 13:17:02,923] {dagbag.py:500} INFO - Filling up the DagBag from /home/dante/DWBI/Apache/py_env/lib/python3.8/site-packages/airflow/example_dags/example_dag_decorator.py
[2021-11-24 13:17:02,941] {processor.py:632} INFO - DAG(s) dict_keys(['example_dag_decorator']) retrieved from /home/dante/DWBI/Apache/py_env/lib/python3.8/site-packages/airflow/example_dags/example_dag_decorator.py
[2021-11-24 13:17:03,085] {logging_mixin.py:109} INFO - [2021-11-24 13:17:03,085] {dag.py:2389} INFO - Sync 1 DAGs
[2021-11-24 13:17:03,093] {logging_mixin.py:109} INFO - [2021-11-24 13:17:03,093] {dag.py:2921} INFO - Setting next_dagrun for example_dag_decorator to None
[2021-11-24 13:17:03,102] {processor.py:171} INFO - Processing /home/dante/DWBI/Apache/py_env/lib/python3.8/site-packages/airflow/example_dags/example_dag_decorator.py took 0.188 seconds
[2021-11-24 13:17:38,273] {processor.py:163} INFO - Started process (PID=45573) to work on /home/dante/DWBI/Apache/py_env/lib/python3.8/site-packages/airflow/example_dags/example_dag_decorator.py
[2021-11-24 13:17:38,283] {processor.py:620} INFO - Processing file /home/dante/DWBI/Apache/py_env/lib/python3.8/site-packages/airflow/example_dags/example_dag_decorator.py for tasks to queue
[2021-11-24 13:17:38,284] {logging_mixin.py:109} INFO - [2021-11-24 13:17:38,284] {dagbag.py:500} INFO - Filling up the DagBag from /home/dante/DWBI/Apache/py_env/lib/python3.8/site-packages/airflow/example_dags/example_dag_decorator.py
[2021-11-24 13:17:38,317] {processor.py:632} INFO - DAG(s) dict_keys(['example_dag_decorator']) retrieved from /home/dante/DWBI/Apache/py_env/lib/python3.8/site-packages/airflow/example_dags/example_dag_decorator.py
[2021-11-24 13:17:38,451] {logging_mixin.py:109} INFO - [2021-11-24 13:17:38,451] {dag.py:2389} INFO - Sync 1 DAGs
[2021-11-24 13:17:38,458] {logging_mixin.py:109} INFO - [2021-11-24 13:17:38,458] {dag.py:2921} INFO - Setting next_dagrun for example_dag_decorator to None
[2021-11-24 13:17:38,473] {processor.py:171} INFO - Processing /home/dante/DWBI/Apache/py_env/lib/python3.8/site-packages/airflow/example_dags/example_dag_decorator.py took 0.203 seconds
[2021-11-24 13:18:17,856] {processor.py:163} INFO - Started process (PID=45638) to work on /home/dante/DWBI/Apache/py_env/lib/python3.8/site-packages/airflow/example_dags/example_dag_decorator.py
[2021-11-24 13:18:17,867] {processor.py:620} INFO - Processing file /home/dante/DWBI/Apache/py_env/lib/python3.8/site-packages/airflow/example_dags/example_dag_decorator.py for tasks to queue
[2021-11-24 13:18:17,869] {logging_mixin.py:109} INFO - [2021-11-24 13:18:17,868] {dagbag.py:500} INFO - Filling up the DagBag from /home/dante/DWBI/Apache/py_env/lib/python3.8/site-packages/airflow/example_dags/example_dag_decorator.py
[2021-11-24 13:18:17,912] {processor.py:632} INFO - DAG(s) dict_keys(['example_dag_decorator']) retrieved from /home/dante/DWBI/Apache/py_env/lib/python3.8/site-packages/airflow/example_dags/example_dag_decorator.py
[2021-11-24 13:18:18,042] {logging_mixin.py:109} INFO - [2021-11-24 13:18:18,042] {dag.py:2389} INFO - Sync 1 DAGs
[2021-11-24 13:18:18,049] {logging_mixin.py:109} INFO - [2021-11-24 13:18:18,048] {dag.py:2921} INFO - Setting next_dagrun for example_dag_decorator to None
[2021-11-24 13:18:18,057] {processor.py:171} INFO - Processing /home/dante/DWBI/Apache/py_env/lib/python3.8/site-packages/airflow/example_dags/example_dag_decorator.py took 0.204 seconds
[2021-11-24 13:18:56,731] {processor.py:163} INFO - Started process (PID=45708) to work on /home/dante/DWBI/Apache/py_env/lib/python3.8/site-packages/airflow/example_dags/example_dag_decorator.py
[2021-11-24 13:18:56,736] {processor.py:620} INFO - Processing file /home/dante/DWBI/Apache/py_env/lib/python3.8/site-packages/airflow/example_dags/example_dag_decorator.py for tasks to queue
[2021-11-24 13:18:56,737] {logging_mixin.py:109} INFO - [2021-11-24 13:18:56,737] {dagbag.py:500} INFO - Filling up the DagBag from /home/dante/DWBI/Apache/py_env/lib/python3.8/site-packages/airflow/example_dags/example_dag_decorator.py
[2021-11-24 13:18:56,774] {processor.py:632} INFO - DAG(s) dict_keys(['example_dag_decorator']) retrieved from /home/dante/DWBI/Apache/py_env/lib/python3.8/site-packages/airflow/example_dags/example_dag_decorator.py
[2021-11-24 13:18:56,906] {logging_mixin.py:109} INFO - [2021-11-24 13:18:56,906] {dag.py:2389} INFO - Sync 1 DAGs
[2021-11-24 13:18:56,912] {logging_mixin.py:109} INFO - [2021-11-24 13:18:56,912] {dag.py:2921} INFO - Setting next_dagrun for example_dag_decorator to None
[2021-11-24 13:18:56,920] {processor.py:171} INFO - Processing /home/dante/DWBI/Apache/py_env/lib/python3.8/site-packages/airflow/example_dags/example_dag_decorator.py took 0.194 seconds
[2021-11-24 13:19:35,770] {processor.py:163} INFO - Started process (PID=45763) to work on /home/dante/DWBI/Apache/py_env/lib/python3.8/site-packages/airflow/example_dags/example_dag_decorator.py
[2021-11-24 13:19:35,772] {processor.py:620} INFO - Processing file /home/dante/DWBI/Apache/py_env/lib/python3.8/site-packages/airflow/example_dags/example_dag_decorator.py for tasks to queue
[2021-11-24 13:19:35,773] {logging_mixin.py:109} INFO - [2021-11-24 13:19:35,773] {dagbag.py:500} INFO - Filling up the DagBag from /home/dante/DWBI/Apache/py_env/lib/python3.8/site-packages/airflow/example_dags/example_dag_decorator.py
[2021-11-24 13:19:35,802] {processor.py:632} INFO - DAG(s) dict_keys(['example_dag_decorator']) retrieved from /home/dante/DWBI/Apache/py_env/lib/python3.8/site-packages/airflow/example_dags/example_dag_decorator.py
[2021-11-24 13:19:35,931] {logging_mixin.py:109} INFO - [2021-11-24 13:19:35,931] {dag.py:2389} INFO - Sync 1 DAGs
[2021-11-24 13:19:35,938] {logging_mixin.py:109} INFO - [2021-11-24 13:19:35,938] {dag.py:2921} INFO - Setting next_dagrun for example_dag_decorator to None
[2021-11-24 13:19:35,946] {processor.py:171} INFO - Processing /home/dante/DWBI/Apache/py_env/lib/python3.8/site-packages/airflow/example_dags/example_dag_decorator.py took 0.179 seconds
[2021-11-24 13:20:12,853] {processor.py:163} INFO - Started process (PID=45815) to work on /home/dante/DWBI/Apache/py_env/lib/python3.8/site-packages/airflow/example_dags/example_dag_decorator.py
[2021-11-24 13:20:12,862] {processor.py:620} INFO - Processing file /home/dante/DWBI/Apache/py_env/lib/python3.8/site-packages/airflow/example_dags/example_dag_decorator.py for tasks to queue
[2021-11-24 13:20:12,863] {logging_mixin.py:109} INFO - [2021-11-24 13:20:12,863] {dagbag.py:500} INFO - Filling up the DagBag from /home/dante/DWBI/Apache/py_env/lib/python3.8/site-packages/airflow/example_dags/example_dag_decorator.py
[2021-11-24 13:20:12,897] {processor.py:632} INFO - DAG(s) dict_keys(['example_dag_decorator']) retrieved from /home/dante/DWBI/Apache/py_env/lib/python3.8/site-packages/airflow/example_dags/example_dag_decorator.py
[2021-11-24 13:20:13,033] {logging_mixin.py:109} INFO - [2021-11-24 13:20:13,033] {dag.py:2389} INFO - Sync 1 DAGs
[2021-11-24 13:20:13,041] {logging_mixin.py:109} INFO - [2021-11-24 13:20:13,041] {dag.py:2921} INFO - Setting next_dagrun for example_dag_decorator to None
[2021-11-24 13:20:13,049] {processor.py:171} INFO - Processing /home/dante/DWBI/Apache/py_env/lib/python3.8/site-packages/airflow/example_dags/example_dag_decorator.py took 0.199 seconds
[2021-11-24 13:20:50,543] {processor.py:163} INFO - Started process (PID=45867) to work on /home/dante/DWBI/Apache/py_env/lib/python3.8/site-packages/airflow/example_dags/example_dag_decorator.py
[2021-11-24 13:20:50,547] {processor.py:620} INFO - Processing file /home/dante/DWBI/Apache/py_env/lib/python3.8/site-packages/airflow/example_dags/example_dag_decorator.py for tasks to queue
[2021-11-24 13:20:50,547] {logging_mixin.py:109} INFO - [2021-11-24 13:20:50,547] {dagbag.py:500} INFO - Filling up the DagBag from /home/dante/DWBI/Apache/py_env/lib/python3.8/site-packages/airflow/example_dags/example_dag_decorator.py
[2021-11-24 13:20:50,571] {processor.py:632} INFO - DAG(s) dict_keys(['example_dag_decorator']) retrieved from /home/dante/DWBI/Apache/py_env/lib/python3.8/site-packages/airflow/example_dags/example_dag_decorator.py
[2021-11-24 13:20:50,702] {logging_mixin.py:109} INFO - [2021-11-24 13:20:50,702] {dag.py:2389} INFO - Sync 1 DAGs
[2021-11-24 13:20:50,709] {logging_mixin.py:109} INFO - [2021-11-24 13:20:50,709] {dag.py:2921} INFO - Setting next_dagrun for example_dag_decorator to None
[2021-11-24 13:20:50,717] {processor.py:171} INFO - Processing /home/dante/DWBI/Apache/py_env/lib/python3.8/site-packages/airflow/example_dags/example_dag_decorator.py took 0.176 seconds
[2021-11-24 13:21:30,303] {processor.py:163} INFO - Started process (PID=45932) to work on /home/dante/DWBI/Apache/py_env/lib/python3.8/site-packages/airflow/example_dags/example_dag_decorator.py
[2021-11-24 13:21:30,311] {processor.py:620} INFO - Processing file /home/dante/DWBI/Apache/py_env/lib/python3.8/site-packages/airflow/example_dags/example_dag_decorator.py for tasks to queue
[2021-11-24 13:21:30,312] {logging_mixin.py:109} INFO - [2021-11-24 13:21:30,312] {dagbag.py:500} INFO - Filling up the DagBag from /home/dante/DWBI/Apache/py_env/lib/python3.8/site-packages/airflow/example_dags/example_dag_decorator.py
[2021-11-24 13:21:30,340] {processor.py:632} INFO - DAG(s) dict_keys(['example_dag_decorator']) retrieved from /home/dante/DWBI/Apache/py_env/lib/python3.8/site-packages/airflow/example_dags/example_dag_decorator.py
[2021-11-24 13:21:30,476] {logging_mixin.py:109} INFO - [2021-11-24 13:21:30,476] {dag.py:2389} INFO - Sync 1 DAGs
[2021-11-24 13:21:30,484] {logging_mixin.py:109} INFO - [2021-11-24 13:21:30,484] {dag.py:2921} INFO - Setting next_dagrun for example_dag_decorator to None
[2021-11-24 13:21:30,492] {processor.py:171} INFO - Processing /home/dante/DWBI/Apache/py_env/lib/python3.8/site-packages/airflow/example_dags/example_dag_decorator.py took 0.191 seconds
[2021-11-24 13:22:07,723] {processor.py:163} INFO - Started process (PID=46024) to work on /home/dante/DWBI/Apache/py_env/lib/python3.8/site-packages/airflow/example_dags/example_dag_decorator.py
[2021-11-24 13:22:07,732] {processor.py:620} INFO - Processing file /home/dante/DWBI/Apache/py_env/lib/python3.8/site-packages/airflow/example_dags/example_dag_decorator.py for tasks to queue
[2021-11-24 13:22:07,733] {logging_mixin.py:109} INFO - [2021-11-24 13:22:07,733] {dagbag.py:500} INFO - Filling up the DagBag from /home/dante/DWBI/Apache/py_env/lib/python3.8/site-packages/airflow/example_dags/example_dag_decorator.py
[2021-11-24 13:22:07,753] {processor.py:632} INFO - DAG(s) dict_keys(['example_dag_decorator']) retrieved from /home/dante/DWBI/Apache/py_env/lib/python3.8/site-packages/airflow/example_dags/example_dag_decorator.py
[2021-11-24 13:22:07,901] {logging_mixin.py:109} INFO - [2021-11-24 13:22:07,901] {dag.py:2389} INFO - Sync 1 DAGs
[2021-11-24 13:22:07,910] {logging_mixin.py:109} INFO - [2021-11-24 13:22:07,910] {dag.py:2921} INFO - Setting next_dagrun for example_dag_decorator to None
[2021-11-24 13:22:07,926] {processor.py:171} INFO - Processing /home/dante/DWBI/Apache/py_env/lib/python3.8/site-packages/airflow/example_dags/example_dag_decorator.py took 0.205 seconds
[2021-11-24 13:22:47,426] {processor.py:163} INFO - Started process (PID=46092) to work on /home/dante/DWBI/Apache/py_env/lib/python3.8/site-packages/airflow/example_dags/example_dag_decorator.py
[2021-11-24 13:22:47,435] {processor.py:620} INFO - Processing file /home/dante/DWBI/Apache/py_env/lib/python3.8/site-packages/airflow/example_dags/example_dag_decorator.py for tasks to queue
[2021-11-24 13:22:47,436] {logging_mixin.py:109} INFO - [2021-11-24 13:22:47,435] {dagbag.py:500} INFO - Filling up the DagBag from /home/dante/DWBI/Apache/py_env/lib/python3.8/site-packages/airflow/example_dags/example_dag_decorator.py
[2021-11-24 13:22:47,456] {processor.py:632} INFO - DAG(s) dict_keys(['example_dag_decorator']) retrieved from /home/dante/DWBI/Apache/py_env/lib/python3.8/site-packages/airflow/example_dags/example_dag_decorator.py
[2021-11-24 13:22:47,601] {logging_mixin.py:109} INFO - [2021-11-24 13:22:47,601] {dag.py:2389} INFO - Sync 1 DAGs
[2021-11-24 13:22:47,609] {logging_mixin.py:109} INFO - [2021-11-24 13:22:47,609] {dag.py:2921} INFO - Setting next_dagrun for example_dag_decorator to None
[2021-11-24 13:22:47,617] {processor.py:171} INFO - Processing /home/dante/DWBI/Apache/py_env/lib/python3.8/site-packages/airflow/example_dags/example_dag_decorator.py took 0.196 seconds
[2021-11-24 13:23:30,005] {processor.py:163} INFO - Started process (PID=46489) to work on /home/dante/DWBI/Apache/py_env/lib/python3.8/site-packages/airflow/example_dags/example_dag_decorator.py
[2021-11-24 13:23:30,014] {processor.py:620} INFO - Processing file /home/dante/DWBI/Apache/py_env/lib/python3.8/site-packages/airflow/example_dags/example_dag_decorator.py for tasks to queue
[2021-11-24 13:23:30,015] {logging_mixin.py:109} INFO - [2021-11-24 13:23:30,015] {dagbag.py:500} INFO - Filling up the DagBag from /home/dante/DWBI/Apache/py_env/lib/python3.8/site-packages/airflow/example_dags/example_dag_decorator.py
[2021-11-24 13:23:30,048] {processor.py:632} INFO - DAG(s) dict_keys(['example_dag_decorator']) retrieved from /home/dante/DWBI/Apache/py_env/lib/python3.8/site-packages/airflow/example_dags/example_dag_decorator.py
[2021-11-24 13:23:30,179] {logging_mixin.py:109} INFO - [2021-11-24 13:23:30,179] {dag.py:2389} INFO - Sync 1 DAGs
[2021-11-24 13:23:30,186] {logging_mixin.py:109} INFO - [2021-11-24 13:23:30,186] {dag.py:2921} INFO - Setting next_dagrun for example_dag_decorator to None
[2021-11-24 13:23:30,194] {processor.py:171} INFO - Processing /home/dante/DWBI/Apache/py_env/lib/python3.8/site-packages/airflow/example_dags/example_dag_decorator.py took 0.191 seconds
[2021-11-24 13:24:07,998] {processor.py:163} INFO - Started process (PID=46557) to work on /home/dante/DWBI/Apache/py_env/lib/python3.8/site-packages/airflow/example_dags/example_dag_decorator.py
[2021-11-24 13:24:08,013] {processor.py:620} INFO - Processing file /home/dante/DWBI/Apache/py_env/lib/python3.8/site-packages/airflow/example_dags/example_dag_decorator.py for tasks to queue
[2021-11-24 13:24:08,014] {logging_mixin.py:109} INFO - [2021-11-24 13:24:08,014] {dagbag.py:500} INFO - Filling up the DagBag from /home/dante/DWBI/Apache/py_env/lib/python3.8/site-packages/airflow/example_dags/example_dag_decorator.py
[2021-11-24 13:24:08,036] {processor.py:632} INFO - DAG(s) dict_keys(['example_dag_decorator']) retrieved from /home/dante/DWBI/Apache/py_env/lib/python3.8/site-packages/airflow/example_dags/example_dag_decorator.py
[2021-11-24 13:24:08,175] {logging_mixin.py:109} INFO - [2021-11-24 13:24:08,175] {dag.py:2389} INFO - Sync 1 DAGs
[2021-11-24 13:24:08,181] {logging_mixin.py:109} INFO - [2021-11-24 13:24:08,181] {dag.py:2921} INFO - Setting next_dagrun for example_dag_decorator to None
[2021-11-24 13:24:08,190] {processor.py:171} INFO - Processing /home/dante/DWBI/Apache/py_env/lib/python3.8/site-packages/airflow/example_dags/example_dag_decorator.py took 0.195 seconds
[2021-11-24 13:24:42,558] {processor.py:163} INFO - Started process (PID=46725) to work on /home/dante/DWBI/Apache/py_env/lib/python3.8/site-packages/airflow/example_dags/example_dag_decorator.py
[2021-11-24 13:24:42,567] {processor.py:620} INFO - Processing file /home/dante/DWBI/Apache/py_env/lib/python3.8/site-packages/airflow/example_dags/example_dag_decorator.py for tasks to queue
[2021-11-24 13:24:42,568] {logging_mixin.py:109} INFO - [2021-11-24 13:24:42,568] {dagbag.py:500} INFO - Filling up the DagBag from /home/dante/DWBI/Apache/py_env/lib/python3.8/site-packages/airflow/example_dags/example_dag_decorator.py
[2021-11-24 13:24:42,593] {processor.py:632} INFO - DAG(s) dict_keys(['example_dag_decorator']) retrieved from /home/dante/DWBI/Apache/py_env/lib/python3.8/site-packages/airflow/example_dags/example_dag_decorator.py
[2021-11-24 13:24:42,730] {logging_mixin.py:109} INFO - [2021-11-24 13:24:42,730] {dag.py:2389} INFO - Sync 1 DAGs
[2021-11-24 13:24:42,737] {logging_mixin.py:109} INFO - [2021-11-24 13:24:42,737] {dag.py:2921} INFO - Setting next_dagrun for example_dag_decorator to None
[2021-11-24 13:24:42,745] {processor.py:171} INFO - Processing /home/dante/DWBI/Apache/py_env/lib/python3.8/site-packages/airflow/example_dags/example_dag_decorator.py took 0.190 seconds
[2021-11-24 13:25:18,421] {processor.py:163} INFO - Started process (PID=46801) to work on /home/dante/DWBI/Apache/py_env/lib/python3.8/site-packages/airflow/example_dags/example_dag_decorator.py
[2021-11-24 13:25:18,432] {processor.py:620} INFO - Processing file /home/dante/DWBI/Apache/py_env/lib/python3.8/site-packages/airflow/example_dags/example_dag_decorator.py for tasks to queue
[2021-11-24 13:25:18,434] {logging_mixin.py:109} INFO - [2021-11-24 13:25:18,434] {dagbag.py:500} INFO - Filling up the DagBag from /home/dante/DWBI/Apache/py_env/lib/python3.8/site-packages/airflow/example_dags/example_dag_decorator.py
[2021-11-24 13:25:18,472] {processor.py:632} INFO - DAG(s) dict_keys(['example_dag_decorator']) retrieved from /home/dante/DWBI/Apache/py_env/lib/python3.8/site-packages/airflow/example_dags/example_dag_decorator.py
[2021-11-24 13:25:18,616] {logging_mixin.py:109} INFO - [2021-11-24 13:25:18,616] {dag.py:2389} INFO - Sync 1 DAGs
[2021-11-24 13:25:18,625] {logging_mixin.py:109} INFO - [2021-11-24 13:25:18,624] {dag.py:2921} INFO - Setting next_dagrun for example_dag_decorator to None
[2021-11-24 13:25:18,634] {processor.py:171} INFO - Processing /home/dante/DWBI/Apache/py_env/lib/python3.8/site-packages/airflow/example_dags/example_dag_decorator.py took 0.219 seconds
[2021-11-24 13:25:55,080] {processor.py:163} INFO - Started process (PID=46853) to work on /home/dante/DWBI/Apache/py_env/lib/python3.8/site-packages/airflow/example_dags/example_dag_decorator.py
[2021-11-24 13:25:55,089] {processor.py:620} INFO - Processing file /home/dante/DWBI/Apache/py_env/lib/python3.8/site-packages/airflow/example_dags/example_dag_decorator.py for tasks to queue
[2021-11-24 13:25:55,089] {logging_mixin.py:109} INFO - [2021-11-24 13:25:55,089] {dagbag.py:500} INFO - Filling up the DagBag from /home/dante/DWBI/Apache/py_env/lib/python3.8/site-packages/airflow/example_dags/example_dag_decorator.py
[2021-11-24 13:25:55,107] {processor.py:632} INFO - DAG(s) dict_keys(['example_dag_decorator']) retrieved from /home/dante/DWBI/Apache/py_env/lib/python3.8/site-packages/airflow/example_dags/example_dag_decorator.py
[2021-11-24 13:25:55,248] {logging_mixin.py:109} INFO - [2021-11-24 13:25:55,248] {dag.py:2389} INFO - Sync 1 DAGs
[2021-11-24 13:25:55,256] {logging_mixin.py:109} INFO - [2021-11-24 13:25:55,256] {dag.py:2921} INFO - Setting next_dagrun for example_dag_decorator to None
[2021-11-24 13:25:55,266] {processor.py:171} INFO - Processing /home/dante/DWBI/Apache/py_env/lib/python3.8/site-packages/airflow/example_dags/example_dag_decorator.py took 0.189 seconds
[2021-11-24 13:26:30,774] {processor.py:163} INFO - Started process (PID=46931) to work on /home/dante/DWBI/Apache/py_env/lib/python3.8/site-packages/airflow/example_dags/example_dag_decorator.py
[2021-11-24 13:26:30,785] {processor.py:620} INFO - Processing file /home/dante/DWBI/Apache/py_env/lib/python3.8/site-packages/airflow/example_dags/example_dag_decorator.py for tasks to queue
[2021-11-24 13:26:30,786] {logging_mixin.py:109} INFO - [2021-11-24 13:26:30,786] {dagbag.py:500} INFO - Filling up the DagBag from /home/dante/DWBI/Apache/py_env/lib/python3.8/site-packages/airflow/example_dags/example_dag_decorator.py
[2021-11-24 13:26:30,823] {processor.py:632} INFO - DAG(s) dict_keys(['example_dag_decorator']) retrieved from /home/dante/DWBI/Apache/py_env/lib/python3.8/site-packages/airflow/example_dags/example_dag_decorator.py
[2021-11-24 13:26:30,960] {logging_mixin.py:109} INFO - [2021-11-24 13:26:30,959] {dag.py:2389} INFO - Sync 1 DAGs
[2021-11-24 13:26:30,967] {logging_mixin.py:109} INFO - [2021-11-24 13:26:30,966] {dag.py:2921} INFO - Setting next_dagrun for example_dag_decorator to None
[2021-11-24 13:26:30,984] {processor.py:171} INFO - Processing /home/dante/DWBI/Apache/py_env/lib/python3.8/site-packages/airflow/example_dags/example_dag_decorator.py took 0.217 seconds
[2021-11-24 13:27:11,019] {processor.py:163} INFO - Started process (PID=47069) to work on /home/dante/DWBI/Apache/py_env/lib/python3.8/site-packages/airflow/example_dags/example_dag_decorator.py
[2021-11-24 13:27:11,029] {processor.py:620} INFO - Processing file /home/dante/DWBI/Apache/py_env/lib/python3.8/site-packages/airflow/example_dags/example_dag_decorator.py for tasks to queue
[2021-11-24 13:27:11,031] {logging_mixin.py:109} INFO - [2021-11-24 13:27:11,030] {dagbag.py:500} INFO - Filling up the DagBag from /home/dante/DWBI/Apache/py_env/lib/python3.8/site-packages/airflow/example_dags/example_dag_decorator.py
[2021-11-24 13:27:11,052] {processor.py:632} INFO - DAG(s) dict_keys(['example_dag_decorator']) retrieved from /home/dante/DWBI/Apache/py_env/lib/python3.8/site-packages/airflow/example_dags/example_dag_decorator.py
[2021-11-24 13:27:11,185] {logging_mixin.py:109} INFO - [2021-11-24 13:27:11,185] {dag.py:2389} INFO - Sync 1 DAGs
[2021-11-24 13:27:11,192] {logging_mixin.py:109} INFO - [2021-11-24 13:27:11,192] {dag.py:2921} INFO - Setting next_dagrun for example_dag_decorator to None
[2021-11-24 13:27:11,200] {processor.py:171} INFO - Processing /home/dante/DWBI/Apache/py_env/lib/python3.8/site-packages/airflow/example_dags/example_dag_decorator.py took 0.183 seconds
[2021-11-24 13:27:50,013] {processor.py:163} INFO - Started process (PID=47134) to work on /home/dante/DWBI/Apache/py_env/lib/python3.8/site-packages/airflow/example_dags/example_dag_decorator.py
[2021-11-24 13:27:50,016] {processor.py:620} INFO - Processing file /home/dante/DWBI/Apache/py_env/lib/python3.8/site-packages/airflow/example_dags/example_dag_decorator.py for tasks to queue
[2021-11-24 13:27:50,017] {logging_mixin.py:109} INFO - [2021-11-24 13:27:50,017] {dagbag.py:500} INFO - Filling up the DagBag from /home/dante/DWBI/Apache/py_env/lib/python3.8/site-packages/airflow/example_dags/example_dag_decorator.py
[2021-11-24 13:27:50,043] {processor.py:632} INFO - DAG(s) dict_keys(['example_dag_decorator']) retrieved from /home/dante/DWBI/Apache/py_env/lib/python3.8/site-packages/airflow/example_dags/example_dag_decorator.py
[2021-11-24 13:27:50,195] {logging_mixin.py:109} INFO - [2021-11-24 13:27:50,194] {dag.py:2389} INFO - Sync 1 DAGs
[2021-11-24 13:27:50,202] {logging_mixin.py:109} INFO - [2021-11-24 13:27:50,202] {dag.py:2921} INFO - Setting next_dagrun for example_dag_decorator to None
[2021-11-24 13:27:50,211] {processor.py:171} INFO - Processing /home/dante/DWBI/Apache/py_env/lib/python3.8/site-packages/airflow/example_dags/example_dag_decorator.py took 0.200 seconds
[2021-11-24 13:28:28,706] {processor.py:163} INFO - Started process (PID=47303) to work on /home/dante/DWBI/Apache/py_env/lib/python3.8/site-packages/airflow/example_dags/example_dag_decorator.py
[2021-11-24 13:28:28,715] {processor.py:620} INFO - Processing file /home/dante/DWBI/Apache/py_env/lib/python3.8/site-packages/airflow/example_dags/example_dag_decorator.py for tasks to queue
[2021-11-24 13:28:28,716] {logging_mixin.py:109} INFO - [2021-11-24 13:28:28,716] {dagbag.py:500} INFO - Filling up the DagBag from /home/dante/DWBI/Apache/py_env/lib/python3.8/site-packages/airflow/example_dags/example_dag_decorator.py
[2021-11-24 13:28:28,750] {processor.py:632} INFO - DAG(s) dict_keys(['example_dag_decorator']) retrieved from /home/dante/DWBI/Apache/py_env/lib/python3.8/site-packages/airflow/example_dags/example_dag_decorator.py
[2021-11-24 13:28:28,883] {logging_mixin.py:109} INFO - [2021-11-24 13:28:28,882] {dag.py:2389} INFO - Sync 1 DAGs
[2021-11-24 13:28:28,889] {logging_mixin.py:109} INFO - [2021-11-24 13:28:28,889] {dag.py:2921} INFO - Setting next_dagrun for example_dag_decorator to None
[2021-11-24 13:28:28,898] {processor.py:171} INFO - Processing /home/dante/DWBI/Apache/py_env/lib/python3.8/site-packages/airflow/example_dags/example_dag_decorator.py took 0.195 seconds
[2021-11-24 13:29:06,370] {processor.py:163} INFO - Started process (PID=47396) to work on /home/dante/DWBI/Apache/py_env/lib/python3.8/site-packages/airflow/example_dags/example_dag_decorator.py
[2021-11-24 13:29:06,379] {processor.py:620} INFO - Processing file /home/dante/DWBI/Apache/py_env/lib/python3.8/site-packages/airflow/example_dags/example_dag_decorator.py for tasks to queue
[2021-11-24 13:29:06,379] {logging_mixin.py:109} INFO - [2021-11-24 13:29:06,379] {dagbag.py:500} INFO - Filling up the DagBag from /home/dante/DWBI/Apache/py_env/lib/python3.8/site-packages/airflow/example_dags/example_dag_decorator.py
[2021-11-24 13:29:06,402] {processor.py:632} INFO - DAG(s) dict_keys(['example_dag_decorator']) retrieved from /home/dante/DWBI/Apache/py_env/lib/python3.8/site-packages/airflow/example_dags/example_dag_decorator.py
[2021-11-24 13:29:06,539] {logging_mixin.py:109} INFO - [2021-11-24 13:29:06,539] {dag.py:2389} INFO - Sync 1 DAGs
[2021-11-24 13:29:06,546] {logging_mixin.py:109} INFO - [2021-11-24 13:29:06,546] {dag.py:2921} INFO - Setting next_dagrun for example_dag_decorator to None
[2021-11-24 13:29:06,573] {processor.py:171} INFO - Processing /home/dante/DWBI/Apache/py_env/lib/python3.8/site-packages/airflow/example_dags/example_dag_decorator.py took 0.205 seconds
[2021-11-24 13:29:43,245] {processor.py:163} INFO - Started process (PID=47456) to work on /home/dante/DWBI/Apache/py_env/lib/python3.8/site-packages/airflow/example_dags/example_dag_decorator.py
[2021-11-24 13:29:43,256] {processor.py:620} INFO - Processing file /home/dante/DWBI/Apache/py_env/lib/python3.8/site-packages/airflow/example_dags/example_dag_decorator.py for tasks to queue
[2021-11-24 13:29:43,257] {logging_mixin.py:109} INFO - [2021-11-24 13:29:43,257] {dagbag.py:500} INFO - Filling up the DagBag from /home/dante/DWBI/Apache/py_env/lib/python3.8/site-packages/airflow/example_dags/example_dag_decorator.py
[2021-11-24 13:29:43,294] {processor.py:632} INFO - DAG(s) dict_keys(['example_dag_decorator']) retrieved from /home/dante/DWBI/Apache/py_env/lib/python3.8/site-packages/airflow/example_dags/example_dag_decorator.py
[2021-11-24 13:29:43,423] {logging_mixin.py:109} INFO - [2021-11-24 13:29:43,423] {dag.py:2389} INFO - Sync 1 DAGs
[2021-11-24 13:29:43,429] {logging_mixin.py:109} INFO - [2021-11-24 13:29:43,429] {dag.py:2921} INFO - Setting next_dagrun for example_dag_decorator to None
[2021-11-24 13:29:43,452] {processor.py:171} INFO - Processing /home/dante/DWBI/Apache/py_env/lib/python3.8/site-packages/airflow/example_dags/example_dag_decorator.py took 0.212 seconds
[2021-11-24 13:30:20,030] {processor.py:163} INFO - Started process (PID=47541) to work on /home/dante/DWBI/Apache/py_env/lib/python3.8/site-packages/airflow/example_dags/example_dag_decorator.py
[2021-11-24 13:30:20,039] {processor.py:620} INFO - Processing file /home/dante/DWBI/Apache/py_env/lib/python3.8/site-packages/airflow/example_dags/example_dag_decorator.py for tasks to queue
[2021-11-24 13:30:20,039] {logging_mixin.py:109} INFO - [2021-11-24 13:30:20,039] {dagbag.py:500} INFO - Filling up the DagBag from /home/dante/DWBI/Apache/py_env/lib/python3.8/site-packages/airflow/example_dags/example_dag_decorator.py
[2021-11-24 13:30:20,057] {processor.py:632} INFO - DAG(s) dict_keys(['example_dag_decorator']) retrieved from /home/dante/DWBI/Apache/py_env/lib/python3.8/site-packages/airflow/example_dags/example_dag_decorator.py
[2021-11-24 13:30:20,213] {logging_mixin.py:109} INFO - [2021-11-24 13:30:20,213] {dag.py:2389} INFO - Sync 1 DAGs
[2021-11-24 13:30:20,221] {logging_mixin.py:109} INFO - [2021-11-24 13:30:20,220] {dag.py:2921} INFO - Setting next_dagrun for example_dag_decorator to None
[2021-11-24 13:30:20,231] {processor.py:171} INFO - Processing /home/dante/DWBI/Apache/py_env/lib/python3.8/site-packages/airflow/example_dags/example_dag_decorator.py took 0.203 seconds
[2021-11-24 13:30:56,078] {processor.py:163} INFO - Started process (PID=47592) to work on /home/dante/DWBI/Apache/py_env/lib/python3.8/site-packages/airflow/example_dags/example_dag_decorator.py
[2021-11-24 13:30:56,088] {processor.py:620} INFO - Processing file /home/dante/DWBI/Apache/py_env/lib/python3.8/site-packages/airflow/example_dags/example_dag_decorator.py for tasks to queue
[2021-11-24 13:30:56,089] {logging_mixin.py:109} INFO - [2021-11-24 13:30:56,088] {dagbag.py:500} INFO - Filling up the DagBag from /home/dante/DWBI/Apache/py_env/lib/python3.8/site-packages/airflow/example_dags/example_dag_decorator.py
[2021-11-24 13:30:56,122] {processor.py:632} INFO - DAG(s) dict_keys(['example_dag_decorator']) retrieved from /home/dante/DWBI/Apache/py_env/lib/python3.8/site-packages/airflow/example_dags/example_dag_decorator.py
[2021-11-24 13:30:56,253] {logging_mixin.py:109} INFO - [2021-11-24 13:30:56,253] {dag.py:2389} INFO - Sync 1 DAGs
[2021-11-24 13:30:56,259] {logging_mixin.py:109} INFO - [2021-11-24 13:30:56,259] {dag.py:2921} INFO - Setting next_dagrun for example_dag_decorator to None
[2021-11-24 13:30:56,267] {processor.py:171} INFO - Processing /home/dante/DWBI/Apache/py_env/lib/python3.8/site-packages/airflow/example_dags/example_dag_decorator.py took 0.191 seconds
[2021-11-24 13:31:34,537] {processor.py:163} INFO - Started process (PID=47664) to work on /home/dante/DWBI/Apache/py_env/lib/python3.8/site-packages/airflow/example_dags/example_dag_decorator.py
[2021-11-24 13:31:34,538] {processor.py:620} INFO - Processing file /home/dante/DWBI/Apache/py_env/lib/python3.8/site-packages/airflow/example_dags/example_dag_decorator.py for tasks to queue
[2021-11-24 13:31:34,539] {logging_mixin.py:109} INFO - [2021-11-24 13:31:34,538] {dagbag.py:500} INFO - Filling up the DagBag from /home/dante/DWBI/Apache/py_env/lib/python3.8/site-packages/airflow/example_dags/example_dag_decorator.py
[2021-11-24 13:31:34,558] {processor.py:632} INFO - DAG(s) dict_keys(['example_dag_decorator']) retrieved from /home/dante/DWBI/Apache/py_env/lib/python3.8/site-packages/airflow/example_dags/example_dag_decorator.py
[2021-11-24 13:31:34,729] {logging_mixin.py:109} INFO - [2021-11-24 13:31:34,729] {dag.py:2389} INFO - Sync 1 DAGs
[2021-11-24 13:31:34,738] {logging_mixin.py:109} INFO - [2021-11-24 13:31:34,738] {dag.py:2921} INFO - Setting next_dagrun for example_dag_decorator to None
[2021-11-24 13:31:34,750] {processor.py:171} INFO - Processing /home/dante/DWBI/Apache/py_env/lib/python3.8/site-packages/airflow/example_dags/example_dag_decorator.py took 0.215 seconds
[2021-11-24 13:32:11,398] {processor.py:163} INFO - Started process (PID=47926) to work on /home/dante/DWBI/Apache/py_env/lib/python3.8/site-packages/airflow/example_dags/example_dag_decorator.py
[2021-11-24 13:32:11,401] {processor.py:620} INFO - Processing file /home/dante/DWBI/Apache/py_env/lib/python3.8/site-packages/airflow/example_dags/example_dag_decorator.py for tasks to queue
[2021-11-24 13:32:11,402] {logging_mixin.py:109} INFO - [2021-11-24 13:32:11,402] {dagbag.py:500} INFO - Filling up the DagBag from /home/dante/DWBI/Apache/py_env/lib/python3.8/site-packages/airflow/example_dags/example_dag_decorator.py
[2021-11-24 13:32:11,450] {processor.py:632} INFO - DAG(s) dict_keys(['example_dag_decorator']) retrieved from /home/dante/DWBI/Apache/py_env/lib/python3.8/site-packages/airflow/example_dags/example_dag_decorator.py
[2021-11-24 13:32:11,598] {logging_mixin.py:109} INFO - [2021-11-24 13:32:11,598] {dag.py:2389} INFO - Sync 1 DAGs
[2021-11-24 13:32:11,606] {logging_mixin.py:109} INFO - [2021-11-24 13:32:11,606] {dag.py:2921} INFO - Setting next_dagrun for example_dag_decorator to None
[2021-11-24 13:32:11,615] {processor.py:171} INFO - Processing /home/dante/DWBI/Apache/py_env/lib/python3.8/site-packages/airflow/example_dags/example_dag_decorator.py took 0.226 seconds
[2021-11-24 13:32:47,700] {processor.py:163} INFO - Started process (PID=48293) to work on /home/dante/DWBI/Apache/py_env/lib/python3.8/site-packages/airflow/example_dags/example_dag_decorator.py
[2021-11-24 13:32:47,711] {processor.py:620} INFO - Processing file /home/dante/DWBI/Apache/py_env/lib/python3.8/site-packages/airflow/example_dags/example_dag_decorator.py for tasks to queue
[2021-11-24 13:32:47,712] {logging_mixin.py:109} INFO - [2021-11-24 13:32:47,712] {dagbag.py:500} INFO - Filling up the DagBag from /home/dante/DWBI/Apache/py_env/lib/python3.8/site-packages/airflow/example_dags/example_dag_decorator.py
[2021-11-24 13:32:47,733] {processor.py:632} INFO - DAG(s) dict_keys(['example_dag_decorator']) retrieved from /home/dante/DWBI/Apache/py_env/lib/python3.8/site-packages/airflow/example_dags/example_dag_decorator.py
[2021-11-24 13:32:47,865] {logging_mixin.py:109} INFO - [2021-11-24 13:32:47,865] {dag.py:2389} INFO - Sync 1 DAGs
[2021-11-24 13:32:47,872] {logging_mixin.py:109} INFO - [2021-11-24 13:32:47,872] {dag.py:2921} INFO - Setting next_dagrun for example_dag_decorator to None
[2021-11-24 13:32:47,900] {processor.py:171} INFO - Processing /home/dante/DWBI/Apache/py_env/lib/python3.8/site-packages/airflow/example_dags/example_dag_decorator.py took 0.202 seconds
[2021-11-24 13:33:24,029] {processor.py:163} INFO - Started process (PID=48510) to work on /home/dante/DWBI/Apache/py_env/lib/python3.8/site-packages/airflow/example_dags/example_dag_decorator.py
[2021-11-24 13:33:24,030] {processor.py:620} INFO - Processing file /home/dante/DWBI/Apache/py_env/lib/python3.8/site-packages/airflow/example_dags/example_dag_decorator.py for tasks to queue
[2021-11-24 13:33:24,031] {logging_mixin.py:109} INFO - [2021-11-24 13:33:24,031] {dagbag.py:500} INFO - Filling up the DagBag from /home/dante/DWBI/Apache/py_env/lib/python3.8/site-packages/airflow/example_dags/example_dag_decorator.py
[2021-11-24 13:33:24,063] {processor.py:632} INFO - DAG(s) dict_keys(['example_dag_decorator']) retrieved from /home/dante/DWBI/Apache/py_env/lib/python3.8/site-packages/airflow/example_dags/example_dag_decorator.py
[2021-11-24 13:33:24,197] {logging_mixin.py:109} INFO - [2021-11-24 13:33:24,197] {dag.py:2389} INFO - Sync 1 DAGs
[2021-11-24 13:33:24,203] {logging_mixin.py:109} INFO - [2021-11-24 13:33:24,203] {dag.py:2921} INFO - Setting next_dagrun for example_dag_decorator to None
[2021-11-24 13:33:24,211] {processor.py:171} INFO - Processing /home/dante/DWBI/Apache/py_env/lib/python3.8/site-packages/airflow/example_dags/example_dag_decorator.py took 0.186 seconds
[2021-11-24 13:34:02,157] {processor.py:163} INFO - Started process (PID=48643) to work on /home/dante/DWBI/Apache/py_env/lib/python3.8/site-packages/airflow/example_dags/example_dag_decorator.py
[2021-11-24 13:34:02,167] {processor.py:620} INFO - Processing file /home/dante/DWBI/Apache/py_env/lib/python3.8/site-packages/airflow/example_dags/example_dag_decorator.py for tasks to queue
[2021-11-24 13:34:02,168] {logging_mixin.py:109} INFO - [2021-11-24 13:34:02,168] {dagbag.py:500} INFO - Filling up the DagBag from /home/dante/DWBI/Apache/py_env/lib/python3.8/site-packages/airflow/example_dags/example_dag_decorator.py
[2021-11-24 13:34:02,202] {processor.py:632} INFO - DAG(s) dict_keys(['example_dag_decorator']) retrieved from /home/dante/DWBI/Apache/py_env/lib/python3.8/site-packages/airflow/example_dags/example_dag_decorator.py
[2021-11-24 13:34:02,342] {logging_mixin.py:109} INFO - [2021-11-24 13:34:02,342] {dag.py:2389} INFO - Sync 1 DAGs
[2021-11-24 13:34:02,350] {logging_mixin.py:109} INFO - [2021-11-24 13:34:02,350] {dag.py:2921} INFO - Setting next_dagrun for example_dag_decorator to None
[2021-11-24 13:34:02,376] {processor.py:171} INFO - Processing /home/dante/DWBI/Apache/py_env/lib/python3.8/site-packages/airflow/example_dags/example_dag_decorator.py took 0.223 seconds
[2021-11-24 13:34:41,046] {processor.py:163} INFO - Started process (PID=48761) to work on /home/dante/DWBI/Apache/py_env/lib/python3.8/site-packages/airflow/example_dags/example_dag_decorator.py
[2021-11-24 13:34:41,050] {processor.py:620} INFO - Processing file /home/dante/DWBI/Apache/py_env/lib/python3.8/site-packages/airflow/example_dags/example_dag_decorator.py for tasks to queue
[2021-11-24 13:34:41,051] {logging_mixin.py:109} INFO - [2021-11-24 13:34:41,051] {dagbag.py:500} INFO - Filling up the DagBag from /home/dante/DWBI/Apache/py_env/lib/python3.8/site-packages/airflow/example_dags/example_dag_decorator.py
[2021-11-24 13:34:41,076] {processor.py:632} INFO - DAG(s) dict_keys(['example_dag_decorator']) retrieved from /home/dante/DWBI/Apache/py_env/lib/python3.8/site-packages/airflow/example_dags/example_dag_decorator.py
[2021-11-24 13:34:41,234] {logging_mixin.py:109} INFO - [2021-11-24 13:34:41,234] {dag.py:2389} INFO - Sync 1 DAGs
[2021-11-24 13:34:41,242] {logging_mixin.py:109} INFO - [2021-11-24 13:34:41,242] {dag.py:2921} INFO - Setting next_dagrun for example_dag_decorator to None
[2021-11-24 13:34:41,253] {processor.py:171} INFO - Processing /home/dante/DWBI/Apache/py_env/lib/python3.8/site-packages/airflow/example_dags/example_dag_decorator.py took 0.214 seconds
[2021-11-24 13:35:20,291] {processor.py:163} INFO - Started process (PID=48875) to work on /home/dante/DWBI/Apache/py_env/lib/python3.8/site-packages/airflow/example_dags/example_dag_decorator.py
[2021-11-24 13:35:20,302] {processor.py:620} INFO - Processing file /home/dante/DWBI/Apache/py_env/lib/python3.8/site-packages/airflow/example_dags/example_dag_decorator.py for tasks to queue
[2021-11-24 13:35:20,303] {logging_mixin.py:109} INFO - [2021-11-24 13:35:20,303] {dagbag.py:500} INFO - Filling up the DagBag from /home/dante/DWBI/Apache/py_env/lib/python3.8/site-packages/airflow/example_dags/example_dag_decorator.py
[2021-11-24 13:35:20,342] {processor.py:632} INFO - DAG(s) dict_keys(['example_dag_decorator']) retrieved from /home/dante/DWBI/Apache/py_env/lib/python3.8/site-packages/airflow/example_dags/example_dag_decorator.py
[2021-11-24 13:35:20,488] {logging_mixin.py:109} INFO - [2021-11-24 13:35:20,488] {dag.py:2389} INFO - Sync 1 DAGs
[2021-11-24 13:35:20,495] {logging_mixin.py:109} INFO - [2021-11-24 13:35:20,495] {dag.py:2921} INFO - Setting next_dagrun for example_dag_decorator to None
[2021-11-24 13:35:20,503] {processor.py:171} INFO - Processing /home/dante/DWBI/Apache/py_env/lib/python3.8/site-packages/airflow/example_dags/example_dag_decorator.py took 0.216 seconds
[2021-11-24 13:36:01,288] {processor.py:163} INFO - Started process (PID=48969) to work on /home/dante/DWBI/Apache/py_env/lib/python3.8/site-packages/airflow/example_dags/example_dag_decorator.py
[2021-11-24 13:36:01,300] {processor.py:620} INFO - Processing file /home/dante/DWBI/Apache/py_env/lib/python3.8/site-packages/airflow/example_dags/example_dag_decorator.py for tasks to queue
[2021-11-24 13:36:01,301] {logging_mixin.py:109} INFO - [2021-11-24 13:36:01,301] {dagbag.py:500} INFO - Filling up the DagBag from /home/dante/DWBI/Apache/py_env/lib/python3.8/site-packages/airflow/example_dags/example_dag_decorator.py
[2021-11-24 13:36:01,333] {processor.py:632} INFO - DAG(s) dict_keys(['example_dag_decorator']) retrieved from /home/dante/DWBI/Apache/py_env/lib/python3.8/site-packages/airflow/example_dags/example_dag_decorator.py
[2021-11-24 13:36:01,491] {logging_mixin.py:109} INFO - [2021-11-24 13:36:01,491] {dag.py:2389} INFO - Sync 1 DAGs
[2021-11-24 13:36:01,500] {logging_mixin.py:109} INFO - [2021-11-24 13:36:01,500] {dag.py:2921} INFO - Setting next_dagrun for example_dag_decorator to None
[2021-11-24 13:36:01,510] {processor.py:171} INFO - Processing /home/dante/DWBI/Apache/py_env/lib/python3.8/site-packages/airflow/example_dags/example_dag_decorator.py took 0.230 seconds
[2021-11-24 13:36:40,090] {processor.py:163} INFO - Started process (PID=49092) to work on /home/dante/DWBI/Apache/py_env/lib/python3.8/site-packages/airflow/example_dags/example_dag_decorator.py
[2021-11-24 13:36:40,100] {processor.py:620} INFO - Processing file /home/dante/DWBI/Apache/py_env/lib/python3.8/site-packages/airflow/example_dags/example_dag_decorator.py for tasks to queue
[2021-11-24 13:36:40,101] {logging_mixin.py:109} INFO - [2021-11-24 13:36:40,101] {dagbag.py:500} INFO - Filling up the DagBag from /home/dante/DWBI/Apache/py_env/lib/python3.8/site-packages/airflow/example_dags/example_dag_decorator.py
[2021-11-24 13:36:40,133] {processor.py:632} INFO - DAG(s) dict_keys(['example_dag_decorator']) retrieved from /home/dante/DWBI/Apache/py_env/lib/python3.8/site-packages/airflow/example_dags/example_dag_decorator.py
[2021-11-24 13:36:40,277] {logging_mixin.py:109} INFO - [2021-11-24 13:36:40,277] {dag.py:2389} INFO - Sync 1 DAGs
[2021-11-24 13:36:40,285] {logging_mixin.py:109} INFO - [2021-11-24 13:36:40,285] {dag.py:2921} INFO - Setting next_dagrun for example_dag_decorator to None
[2021-11-24 13:36:40,294] {processor.py:171} INFO - Processing /home/dante/DWBI/Apache/py_env/lib/python3.8/site-packages/airflow/example_dags/example_dag_decorator.py took 0.207 seconds
[2021-11-24 13:37:21,586] {processor.py:163} INFO - Started process (PID=49264) to work on /home/dante/DWBI/Apache/py_env/lib/python3.8/site-packages/airflow/example_dags/example_dag_decorator.py
[2021-11-24 13:37:21,597] {processor.py:620} INFO - Processing file /home/dante/DWBI/Apache/py_env/lib/python3.8/site-packages/airflow/example_dags/example_dag_decorator.py for tasks to queue
[2021-11-24 13:37:21,598] {logging_mixin.py:109} INFO - [2021-11-24 13:37:21,598] {dagbag.py:500} INFO - Filling up the DagBag from /home/dante/DWBI/Apache/py_env/lib/python3.8/site-packages/airflow/example_dags/example_dag_decorator.py
[2021-11-24 13:37:21,621] {processor.py:632} INFO - DAG(s) dict_keys(['example_dag_decorator']) retrieved from /home/dante/DWBI/Apache/py_env/lib/python3.8/site-packages/airflow/example_dags/example_dag_decorator.py
[2021-11-24 13:37:21,753] {logging_mixin.py:109} INFO - [2021-11-24 13:37:21,753] {dag.py:2389} INFO - Sync 1 DAGs
[2021-11-24 13:37:21,760] {logging_mixin.py:109} INFO - [2021-11-24 13:37:21,760] {dag.py:2921} INFO - Setting next_dagrun for example_dag_decorator to None
[2021-11-24 13:37:21,768] {processor.py:171} INFO - Processing /home/dante/DWBI/Apache/py_env/lib/python3.8/site-packages/airflow/example_dags/example_dag_decorator.py took 0.189 seconds
[2021-11-24 13:37:58,351] {processor.py:163} INFO - Started process (PID=49332) to work on /home/dante/DWBI/Apache/py_env/lib/python3.8/site-packages/airflow/example_dags/example_dag_decorator.py
[2021-11-24 13:37:58,360] {processor.py:620} INFO - Processing file /home/dante/DWBI/Apache/py_env/lib/python3.8/site-packages/airflow/example_dags/example_dag_decorator.py for tasks to queue
[2021-11-24 13:37:58,360] {logging_mixin.py:109} INFO - [2021-11-24 13:37:58,360] {dagbag.py:500} INFO - Filling up the DagBag from /home/dante/DWBI/Apache/py_env/lib/python3.8/site-packages/airflow/example_dags/example_dag_decorator.py
[2021-11-24 13:37:58,380] {processor.py:632} INFO - DAG(s) dict_keys(['example_dag_decorator']) retrieved from /home/dante/DWBI/Apache/py_env/lib/python3.8/site-packages/airflow/example_dags/example_dag_decorator.py
[2021-11-24 13:37:58,568] {logging_mixin.py:109} INFO - [2021-11-24 13:37:58,568] {dag.py:2389} INFO - Sync 1 DAGs
[2021-11-24 13:37:58,576] {logging_mixin.py:109} INFO - [2021-11-24 13:37:58,576] {dag.py:2921} INFO - Setting next_dagrun for example_dag_decorator to None
[2021-11-24 13:37:58,597] {processor.py:171} INFO - Processing /home/dante/DWBI/Apache/py_env/lib/python3.8/site-packages/airflow/example_dags/example_dag_decorator.py took 0.248 seconds
[2021-11-24 13:38:40,747] {processor.py:163} INFO - Started process (PID=49420) to work on /home/dante/DWBI/Apache/py_env/lib/python3.8/site-packages/airflow/example_dags/example_dag_decorator.py
[2021-11-24 13:38:40,759] {processor.py:620} INFO - Processing file /home/dante/DWBI/Apache/py_env/lib/python3.8/site-packages/airflow/example_dags/example_dag_decorator.py for tasks to queue
[2021-11-24 13:38:40,761] {logging_mixin.py:109} INFO - [2021-11-24 13:38:40,760] {dagbag.py:500} INFO - Filling up the DagBag from /home/dante/DWBI/Apache/py_env/lib/python3.8/site-packages/airflow/example_dags/example_dag_decorator.py
[2021-11-24 13:38:40,782] {processor.py:632} INFO - DAG(s) dict_keys(['example_dag_decorator']) retrieved from /home/dante/DWBI/Apache/py_env/lib/python3.8/site-packages/airflow/example_dags/example_dag_decorator.py
[2021-11-24 13:38:40,930] {logging_mixin.py:109} INFO - [2021-11-24 13:38:40,930] {dag.py:2389} INFO - Sync 1 DAGs
[2021-11-24 13:38:40,939] {logging_mixin.py:109} INFO - [2021-11-24 13:38:40,939] {dag.py:2921} INFO - Setting next_dagrun for example_dag_decorator to None
[2021-11-24 13:38:40,949] {processor.py:171} INFO - Processing /home/dante/DWBI/Apache/py_env/lib/python3.8/site-packages/airflow/example_dags/example_dag_decorator.py took 0.208 seconds
[2021-11-24 13:39:17,229] {processor.py:163} INFO - Started process (PID=49553) to work on /home/dante/DWBI/Apache/py_env/lib/python3.8/site-packages/airflow/example_dags/example_dag_decorator.py
[2021-11-24 13:39:17,232] {processor.py:620} INFO - Processing file /home/dante/DWBI/Apache/py_env/lib/python3.8/site-packages/airflow/example_dags/example_dag_decorator.py for tasks to queue
[2021-11-24 13:39:17,234] {logging_mixin.py:109} INFO - [2021-11-24 13:39:17,234] {dagbag.py:500} INFO - Filling up the DagBag from /home/dante/DWBI/Apache/py_env/lib/python3.8/site-packages/airflow/example_dags/example_dag_decorator.py
[2021-11-24 13:39:17,274] {processor.py:632} INFO - DAG(s) dict_keys(['example_dag_decorator']) retrieved from /home/dante/DWBI/Apache/py_env/lib/python3.8/site-packages/airflow/example_dags/example_dag_decorator.py
[2021-11-24 13:39:17,425] {logging_mixin.py:109} INFO - [2021-11-24 13:39:17,425] {dag.py:2389} INFO - Sync 1 DAGs
[2021-11-24 13:39:17,433] {logging_mixin.py:109} INFO - [2021-11-24 13:39:17,432] {dag.py:2921} INFO - Setting next_dagrun for example_dag_decorator to None
[2021-11-24 13:39:17,441] {processor.py:171} INFO - Processing /home/dante/DWBI/Apache/py_env/lib/python3.8/site-packages/airflow/example_dags/example_dag_decorator.py took 0.214 seconds
[2021-11-24 13:39:53,521] {processor.py:163} INFO - Started process (PID=49637) to work on /home/dante/DWBI/Apache/py_env/lib/python3.8/site-packages/airflow/example_dags/example_dag_decorator.py
[2021-11-24 13:39:53,532] {processor.py:620} INFO - Processing file /home/dante/DWBI/Apache/py_env/lib/python3.8/site-packages/airflow/example_dags/example_dag_decorator.py for tasks to queue
[2021-11-24 13:39:53,534] {logging_mixin.py:109} INFO - [2021-11-24 13:39:53,533] {dagbag.py:500} INFO - Filling up the DagBag from /home/dante/DWBI/Apache/py_env/lib/python3.8/site-packages/airflow/example_dags/example_dag_decorator.py
[2021-11-24 13:39:53,571] {processor.py:632} INFO - DAG(s) dict_keys(['example_dag_decorator']) retrieved from /home/dante/DWBI/Apache/py_env/lib/python3.8/site-packages/airflow/example_dags/example_dag_decorator.py
[2021-11-24 13:39:53,713] {logging_mixin.py:109} INFO - [2021-11-24 13:39:53,713] {dag.py:2389} INFO - Sync 1 DAGs
[2021-11-24 13:39:53,720] {logging_mixin.py:109} INFO - [2021-11-24 13:39:53,720] {dag.py:2921} INFO - Setting next_dagrun for example_dag_decorator to None
[2021-11-24 13:39:53,729] {processor.py:171} INFO - Processing /home/dante/DWBI/Apache/py_env/lib/python3.8/site-packages/airflow/example_dags/example_dag_decorator.py took 0.214 seconds
[2021-11-24 13:40:33,926] {processor.py:163} INFO - Started process (PID=49738) to work on /home/dante/DWBI/Apache/py_env/lib/python3.8/site-packages/airflow/example_dags/example_dag_decorator.py
[2021-11-24 13:40:33,928] {processor.py:620} INFO - Processing file /home/dante/DWBI/Apache/py_env/lib/python3.8/site-packages/airflow/example_dags/example_dag_decorator.py for tasks to queue
[2021-11-24 13:40:33,928] {logging_mixin.py:109} INFO - [2021-11-24 13:40:33,928] {dagbag.py:500} INFO - Filling up the DagBag from /home/dante/DWBI/Apache/py_env/lib/python3.8/site-packages/airflow/example_dags/example_dag_decorator.py
[2021-11-24 13:40:33,952] {processor.py:632} INFO - DAG(s) dict_keys(['example_dag_decorator']) retrieved from /home/dante/DWBI/Apache/py_env/lib/python3.8/site-packages/airflow/example_dags/example_dag_decorator.py
[2021-11-24 13:40:34,096] {logging_mixin.py:109} INFO - [2021-11-24 13:40:34,096] {dag.py:2389} INFO - Sync 1 DAGs
[2021-11-24 13:40:34,103] {logging_mixin.py:109} INFO - [2021-11-24 13:40:34,103] {dag.py:2921} INFO - Setting next_dagrun for example_dag_decorator to None
[2021-11-24 13:40:34,112] {processor.py:171} INFO - Processing /home/dante/DWBI/Apache/py_env/lib/python3.8/site-packages/airflow/example_dags/example_dag_decorator.py took 0.189 seconds
[2021-11-24 13:41:13,393] {processor.py:163} INFO - Started process (PID=49803) to work on /home/dante/DWBI/Apache/py_env/lib/python3.8/site-packages/airflow/example_dags/example_dag_decorator.py
[2021-11-24 13:41:13,403] {processor.py:620} INFO - Processing file /home/dante/DWBI/Apache/py_env/lib/python3.8/site-packages/airflow/example_dags/example_dag_decorator.py for tasks to queue
[2021-11-24 13:41:13,404] {logging_mixin.py:109} INFO - [2021-11-24 13:41:13,404] {dagbag.py:500} INFO - Filling up the DagBag from /home/dante/DWBI/Apache/py_env/lib/python3.8/site-packages/airflow/example_dags/example_dag_decorator.py
[2021-11-24 13:41:13,430] {processor.py:632} INFO - DAG(s) dict_keys(['example_dag_decorator']) retrieved from /home/dante/DWBI/Apache/py_env/lib/python3.8/site-packages/airflow/example_dags/example_dag_decorator.py
[2021-11-24 13:41:13,565] {logging_mixin.py:109} INFO - [2021-11-24 13:41:13,565] {dag.py:2389} INFO - Sync 1 DAGs
[2021-11-24 13:41:13,572] {logging_mixin.py:109} INFO - [2021-11-24 13:41:13,572] {dag.py:2921} INFO - Setting next_dagrun for example_dag_decorator to None
[2021-11-24 13:41:13,608] {processor.py:171} INFO - Processing /home/dante/DWBI/Apache/py_env/lib/python3.8/site-packages/airflow/example_dags/example_dag_decorator.py took 0.218 seconds
[2021-11-24 13:41:48,085] {processor.py:163} INFO - Started process (PID=49919) to work on /home/dante/DWBI/Apache/py_env/lib/python3.8/site-packages/airflow/example_dags/example_dag_decorator.py
[2021-11-24 13:41:48,090] {processor.py:620} INFO - Processing file /home/dante/DWBI/Apache/py_env/lib/python3.8/site-packages/airflow/example_dags/example_dag_decorator.py for tasks to queue
[2021-11-24 13:41:48,092] {logging_mixin.py:109} INFO - [2021-11-24 13:41:48,092] {dagbag.py:500} INFO - Filling up the DagBag from /home/dante/DWBI/Apache/py_env/lib/python3.8/site-packages/airflow/example_dags/example_dag_decorator.py
[2021-11-24 13:41:48,123] {processor.py:632} INFO - DAG(s) dict_keys(['example_dag_decorator']) retrieved from /home/dante/DWBI/Apache/py_env/lib/python3.8/site-packages/airflow/example_dags/example_dag_decorator.py
[2021-11-24 13:41:48,268] {logging_mixin.py:109} INFO - [2021-11-24 13:41:48,268] {dag.py:2389} INFO - Sync 1 DAGs
[2021-11-24 13:41:48,276] {logging_mixin.py:109} INFO - [2021-11-24 13:41:48,276] {dag.py:2921} INFO - Setting next_dagrun for example_dag_decorator to None
[2021-11-24 13:41:48,285] {processor.py:171} INFO - Processing /home/dante/DWBI/Apache/py_env/lib/python3.8/site-packages/airflow/example_dags/example_dag_decorator.py took 0.207 seconds
[2021-11-24 13:42:24,589] {processor.py:163} INFO - Started process (PID=50000) to work on /home/dante/DWBI/Apache/py_env/lib/python3.8/site-packages/airflow/example_dags/example_dag_decorator.py
[2021-11-24 13:42:24,591] {processor.py:620} INFO - Processing file /home/dante/DWBI/Apache/py_env/lib/python3.8/site-packages/airflow/example_dags/example_dag_decorator.py for tasks to queue
[2021-11-24 13:42:24,591] {logging_mixin.py:109} INFO - [2021-11-24 13:42:24,591] {dagbag.py:500} INFO - Filling up the DagBag from /home/dante/DWBI/Apache/py_env/lib/python3.8/site-packages/airflow/example_dags/example_dag_decorator.py
[2021-11-24 13:42:24,615] {processor.py:632} INFO - DAG(s) dict_keys(['example_dag_decorator']) retrieved from /home/dante/DWBI/Apache/py_env/lib/python3.8/site-packages/airflow/example_dags/example_dag_decorator.py
[2021-11-24 13:42:24,765] {logging_mixin.py:109} INFO - [2021-11-24 13:42:24,765] {dag.py:2389} INFO - Sync 1 DAGs
[2021-11-24 13:42:24,773] {logging_mixin.py:109} INFO - [2021-11-24 13:42:24,773] {dag.py:2921} INFO - Setting next_dagrun for example_dag_decorator to None
[2021-11-24 13:42:24,783] {processor.py:171} INFO - Processing /home/dante/DWBI/Apache/py_env/lib/python3.8/site-packages/airflow/example_dags/example_dag_decorator.py took 0.197 seconds
