[2021-11-24 13:02:10,378] {processor.py:163} INFO - Started process (PID=42714) to work on /home/dante/DWBI/Apache/py_env/lib/python3.8/site-packages/airflow/example_dags/example_bash_operator.py
[2021-11-24 13:02:10,379] {processor.py:620} INFO - Processing file /home/dante/DWBI/Apache/py_env/lib/python3.8/site-packages/airflow/example_dags/example_bash_operator.py for tasks to queue
[2021-11-24 13:02:10,379] {logging_mixin.py:109} INFO - [2021-11-24 13:02:10,379] {dagbag.py:500} INFO - Filling up the DagBag from /home/dante/DWBI/Apache/py_env/lib/python3.8/site-packages/airflow/example_dags/example_bash_operator.py
[2021-11-24 13:02:10,397] {processor.py:632} INFO - DAG(s) dict_keys(['example_bash_operator']) retrieved from /home/dante/DWBI/Apache/py_env/lib/python3.8/site-packages/airflow/example_dags/example_bash_operator.py
[2021-11-24 13:02:10,405] {logging_mixin.py:109} INFO - [2021-11-24 13:02:10,405] {dag.py:2389} INFO - Sync 1 DAGs
[2021-11-24 13:02:10,417] {logging_mixin.py:109} INFO - [2021-11-24 13:02:10,416] {dag.py:2921} INFO - Setting next_dagrun for example_bash_operator to 2021-11-23 00:00:00+00:00
[2021-11-24 13:02:10,433] {processor.py:171} INFO - Processing /home/dante/DWBI/Apache/py_env/lib/python3.8/site-packages/airflow/example_dags/example_bash_operator.py took 0.057 seconds
[2021-11-24 13:02:49,962] {processor.py:163} INFO - Started process (PID=42771) to work on /home/dante/DWBI/Apache/py_env/lib/python3.8/site-packages/airflow/example_dags/example_bash_operator.py
[2021-11-24 13:02:49,972] {processor.py:620} INFO - Processing file /home/dante/DWBI/Apache/py_env/lib/python3.8/site-packages/airflow/example_dags/example_bash_operator.py for tasks to queue
[2021-11-24 13:02:49,972] {logging_mixin.py:109} INFO - [2021-11-24 13:02:49,972] {dagbag.py:500} INFO - Filling up the DagBag from /home/dante/DWBI/Apache/py_env/lib/python3.8/site-packages/airflow/example_dags/example_bash_operator.py
[2021-11-24 13:02:49,991] {processor.py:632} INFO - DAG(s) dict_keys(['example_bash_operator']) retrieved from /home/dante/DWBI/Apache/py_env/lib/python3.8/site-packages/airflow/example_dags/example_bash_operator.py
[2021-11-24 13:02:49,998] {logging_mixin.py:109} INFO - [2021-11-24 13:02:49,998] {dag.py:2389} INFO - Sync 1 DAGs
[2021-11-24 13:02:50,010] {logging_mixin.py:109} INFO - [2021-11-24 13:02:50,010] {dag.py:2921} INFO - Setting next_dagrun for example_bash_operator to 2021-11-23 00:00:00+00:00
[2021-11-24 13:02:50,020] {processor.py:171} INFO - Processing /home/dante/DWBI/Apache/py_env/lib/python3.8/site-packages/airflow/example_dags/example_bash_operator.py took 0.060 seconds
[2021-11-24 13:03:34,180] {processor.py:163} INFO - Started process (PID=42897) to work on /home/dante/DWBI/Apache/py_env/lib/python3.8/site-packages/airflow/example_dags/example_bash_operator.py
[2021-11-24 13:03:34,182] {processor.py:620} INFO - Processing file /home/dante/DWBI/Apache/py_env/lib/python3.8/site-packages/airflow/example_dags/example_bash_operator.py for tasks to queue
[2021-11-24 13:03:34,183] {logging_mixin.py:109} INFO - [2021-11-24 13:03:34,183] {dagbag.py:500} INFO - Filling up the DagBag from /home/dante/DWBI/Apache/py_env/lib/python3.8/site-packages/airflow/example_dags/example_bash_operator.py
[2021-11-24 13:03:34,210] {processor.py:632} INFO - DAG(s) dict_keys(['example_bash_operator']) retrieved from /home/dante/DWBI/Apache/py_env/lib/python3.8/site-packages/airflow/example_dags/example_bash_operator.py
[2021-11-24 13:03:34,217] {logging_mixin.py:109} INFO - [2021-11-24 13:03:34,217] {dag.py:2389} INFO - Sync 1 DAGs
[2021-11-24 13:03:34,227] {logging_mixin.py:109} INFO - [2021-11-24 13:03:34,227] {dag.py:2921} INFO - Setting next_dagrun for example_bash_operator to 2021-11-23 00:00:00+00:00
[2021-11-24 13:03:34,235] {processor.py:171} INFO - Processing /home/dante/DWBI/Apache/py_env/lib/python3.8/site-packages/airflow/example_dags/example_bash_operator.py took 0.058 seconds
[2021-11-24 13:04:12,798] {processor.py:163} INFO - Started process (PID=42957) to work on /home/dante/DWBI/Apache/py_env/lib/python3.8/site-packages/airflow/example_dags/example_bash_operator.py
[2021-11-24 13:04:12,809] {processor.py:620} INFO - Processing file /home/dante/DWBI/Apache/py_env/lib/python3.8/site-packages/airflow/example_dags/example_bash_operator.py for tasks to queue
[2021-11-24 13:04:12,811] {logging_mixin.py:109} INFO - [2021-11-24 13:04:12,811] {dagbag.py:500} INFO - Filling up the DagBag from /home/dante/DWBI/Apache/py_env/lib/python3.8/site-packages/airflow/example_dags/example_bash_operator.py
[2021-11-24 13:04:12,847] {processor.py:632} INFO - DAG(s) dict_keys(['example_bash_operator']) retrieved from /home/dante/DWBI/Apache/py_env/lib/python3.8/site-packages/airflow/example_dags/example_bash_operator.py
[2021-11-24 13:04:12,855] {logging_mixin.py:109} INFO - [2021-11-24 13:04:12,855] {dag.py:2389} INFO - Sync 1 DAGs
[2021-11-24 13:04:12,866] {logging_mixin.py:109} INFO - [2021-11-24 13:04:12,866] {dag.py:2921} INFO - Setting next_dagrun for example_bash_operator to 2021-11-23 00:00:00+00:00
[2021-11-24 13:04:12,874] {processor.py:171} INFO - Processing /home/dante/DWBI/Apache/py_env/lib/python3.8/site-packages/airflow/example_dags/example_bash_operator.py took 0.083 seconds
[2021-11-24 13:05:06,113] {processor.py:163} INFO - Started process (PID=43185) to work on /home/dante/DWBI/Apache/py_env/lib/python3.8/site-packages/airflow/example_dags/example_bash_operator.py
[2021-11-24 13:05:06,123] {processor.py:620} INFO - Processing file /home/dante/DWBI/Apache/py_env/lib/python3.8/site-packages/airflow/example_dags/example_bash_operator.py for tasks to queue
[2021-11-24 13:05:06,123] {logging_mixin.py:109} INFO - [2021-11-24 13:05:06,123] {dagbag.py:500} INFO - Filling up the DagBag from /home/dante/DWBI/Apache/py_env/lib/python3.8/site-packages/airflow/example_dags/example_bash_operator.py
[2021-11-24 13:05:06,150] {processor.py:632} INFO - DAG(s) dict_keys(['example_bash_operator']) retrieved from /home/dante/DWBI/Apache/py_env/lib/python3.8/site-packages/airflow/example_dags/example_bash_operator.py
[2021-11-24 13:05:06,158] {logging_mixin.py:109} INFO - [2021-11-24 13:05:06,158] {dag.py:2389} INFO - Sync 1 DAGs
[2021-11-24 13:05:06,168] {logging_mixin.py:109} INFO - [2021-11-24 13:05:06,168] {dag.py:2921} INFO - Setting next_dagrun for example_bash_operator to 2021-11-23 00:00:00+00:00
[2021-11-24 13:05:06,190] {processor.py:171} INFO - Processing /home/dante/DWBI/Apache/py_env/lib/python3.8/site-packages/airflow/example_dags/example_bash_operator.py took 0.080 seconds
[2021-11-24 13:05:43,786] {processor.py:163} INFO - Started process (PID=43261) to work on /home/dante/DWBI/Apache/py_env/lib/python3.8/site-packages/airflow/example_dags/example_bash_operator.py
[2021-11-24 13:05:43,795] {processor.py:620} INFO - Processing file /home/dante/DWBI/Apache/py_env/lib/python3.8/site-packages/airflow/example_dags/example_bash_operator.py for tasks to queue
[2021-11-24 13:05:43,796] {logging_mixin.py:109} INFO - [2021-11-24 13:05:43,796] {dagbag.py:500} INFO - Filling up the DagBag from /home/dante/DWBI/Apache/py_env/lib/python3.8/site-packages/airflow/example_dags/example_bash_operator.py
[2021-11-24 13:05:43,819] {processor.py:632} INFO - DAG(s) dict_keys(['example_bash_operator']) retrieved from /home/dante/DWBI/Apache/py_env/lib/python3.8/site-packages/airflow/example_dags/example_bash_operator.py
[2021-11-24 13:05:43,826] {logging_mixin.py:109} INFO - [2021-11-24 13:05:43,826] {dag.py:2389} INFO - Sync 1 DAGs
[2021-11-24 13:05:43,836] {logging_mixin.py:109} INFO - [2021-11-24 13:05:43,836] {dag.py:2921} INFO - Setting next_dagrun for example_bash_operator to 2021-11-23 00:00:00+00:00
[2021-11-24 13:05:43,846] {processor.py:171} INFO - Processing /home/dante/DWBI/Apache/py_env/lib/python3.8/site-packages/airflow/example_dags/example_bash_operator.py took 0.063 seconds
[2021-11-24 13:06:27,823] {processor.py:163} INFO - Started process (PID=43317) to work on /home/dante/DWBI/Apache/py_env/lib/python3.8/site-packages/airflow/example_dags/example_bash_operator.py
[2021-11-24 13:06:27,832] {processor.py:620} INFO - Processing file /home/dante/DWBI/Apache/py_env/lib/python3.8/site-packages/airflow/example_dags/example_bash_operator.py for tasks to queue
[2021-11-24 13:06:27,833] {logging_mixin.py:109} INFO - [2021-11-24 13:06:27,833] {dagbag.py:500} INFO - Filling up the DagBag from /home/dante/DWBI/Apache/py_env/lib/python3.8/site-packages/airflow/example_dags/example_bash_operator.py
[2021-11-24 13:06:27,848] {processor.py:632} INFO - DAG(s) dict_keys(['example_bash_operator']) retrieved from /home/dante/DWBI/Apache/py_env/lib/python3.8/site-packages/airflow/example_dags/example_bash_operator.py
[2021-11-24 13:06:27,856] {logging_mixin.py:109} INFO - [2021-11-24 13:06:27,856] {dag.py:2389} INFO - Sync 1 DAGs
[2021-11-24 13:06:27,867] {logging_mixin.py:109} INFO - [2021-11-24 13:06:27,867] {dag.py:2921} INFO - Setting next_dagrun for example_bash_operator to 2021-11-23 00:00:00+00:00
[2021-11-24 13:06:27,876] {processor.py:171} INFO - Processing /home/dante/DWBI/Apache/py_env/lib/python3.8/site-packages/airflow/example_dags/example_bash_operator.py took 0.055 seconds
[2021-11-24 13:07:09,072] {processor.py:163} INFO - Started process (PID=43407) to work on /home/dante/DWBI/Apache/py_env/lib/python3.8/site-packages/airflow/example_dags/example_bash_operator.py
[2021-11-24 13:07:09,074] {processor.py:620} INFO - Processing file /home/dante/DWBI/Apache/py_env/lib/python3.8/site-packages/airflow/example_dags/example_bash_operator.py for tasks to queue
[2021-11-24 13:07:09,074] {logging_mixin.py:109} INFO - [2021-11-24 13:07:09,074] {dagbag.py:500} INFO - Filling up the DagBag from /home/dante/DWBI/Apache/py_env/lib/python3.8/site-packages/airflow/example_dags/example_bash_operator.py
[2021-11-24 13:07:09,095] {processor.py:632} INFO - DAG(s) dict_keys(['example_bash_operator']) retrieved from /home/dante/DWBI/Apache/py_env/lib/python3.8/site-packages/airflow/example_dags/example_bash_operator.py
[2021-11-24 13:07:09,103] {logging_mixin.py:109} INFO - [2021-11-24 13:07:09,103] {dag.py:2389} INFO - Sync 1 DAGs
[2021-11-24 13:07:09,113] {logging_mixin.py:109} INFO - [2021-11-24 13:07:09,113] {dag.py:2921} INFO - Setting next_dagrun for example_bash_operator to 2021-11-23 00:00:00+00:00
[2021-11-24 13:07:09,120] {processor.py:171} INFO - Processing /home/dante/DWBI/Apache/py_env/lib/python3.8/site-packages/airflow/example_dags/example_bash_operator.py took 0.051 seconds
[2021-11-24 13:07:46,715] {processor.py:163} INFO - Started process (PID=43460) to work on /home/dante/DWBI/Apache/py_env/lib/python3.8/site-packages/airflow/example_dags/example_bash_operator.py
[2021-11-24 13:07:46,727] {processor.py:620} INFO - Processing file /home/dante/DWBI/Apache/py_env/lib/python3.8/site-packages/airflow/example_dags/example_bash_operator.py for tasks to queue
[2021-11-24 13:07:46,728] {logging_mixin.py:109} INFO - [2021-11-24 13:07:46,728] {dagbag.py:500} INFO - Filling up the DagBag from /home/dante/DWBI/Apache/py_env/lib/python3.8/site-packages/airflow/example_dags/example_bash_operator.py
[2021-11-24 13:07:46,767] {processor.py:632} INFO - DAG(s) dict_keys(['example_bash_operator']) retrieved from /home/dante/DWBI/Apache/py_env/lib/python3.8/site-packages/airflow/example_dags/example_bash_operator.py
[2021-11-24 13:07:46,775] {logging_mixin.py:109} INFO - [2021-11-24 13:07:46,775] {dag.py:2389} INFO - Sync 1 DAGs
[2021-11-24 13:07:46,785] {logging_mixin.py:109} INFO - [2021-11-24 13:07:46,785] {dag.py:2921} INFO - Setting next_dagrun for example_bash_operator to 2021-11-23 00:00:00+00:00
[2021-11-24 13:07:46,797] {processor.py:171} INFO - Processing /home/dante/DWBI/Apache/py_env/lib/python3.8/site-packages/airflow/example_dags/example_bash_operator.py took 0.085 seconds
[2021-11-24 13:08:24,657] {processor.py:163} INFO - Started process (PID=43526) to work on /home/dante/DWBI/Apache/py_env/lib/python3.8/site-packages/airflow/example_dags/example_bash_operator.py
[2021-11-24 13:08:24,658] {processor.py:620} INFO - Processing file /home/dante/DWBI/Apache/py_env/lib/python3.8/site-packages/airflow/example_dags/example_bash_operator.py for tasks to queue
[2021-11-24 13:08:24,659] {logging_mixin.py:109} INFO - [2021-11-24 13:08:24,659] {dagbag.py:500} INFO - Filling up the DagBag from /home/dante/DWBI/Apache/py_env/lib/python3.8/site-packages/airflow/example_dags/example_bash_operator.py
[2021-11-24 13:08:24,676] {processor.py:632} INFO - DAG(s) dict_keys(['example_bash_operator']) retrieved from /home/dante/DWBI/Apache/py_env/lib/python3.8/site-packages/airflow/example_dags/example_bash_operator.py
[2021-11-24 13:08:24,684] {logging_mixin.py:109} INFO - [2021-11-24 13:08:24,683] {dag.py:2389} INFO - Sync 1 DAGs
[2021-11-24 13:08:24,693] {logging_mixin.py:109} INFO - [2021-11-24 13:08:24,693] {dag.py:2921} INFO - Setting next_dagrun for example_bash_operator to 2021-11-23 00:00:00+00:00
[2021-11-24 13:08:24,700] {processor.py:171} INFO - Processing /home/dante/DWBI/Apache/py_env/lib/python3.8/site-packages/airflow/example_dags/example_bash_operator.py took 0.045 seconds
[2021-11-24 13:09:09,040] {processor.py:163} INFO - Started process (PID=43598) to work on /home/dante/DWBI/Apache/py_env/lib/python3.8/site-packages/airflow/example_dags/example_bash_operator.py
[2021-11-24 13:09:09,043] {processor.py:620} INFO - Processing file /home/dante/DWBI/Apache/py_env/lib/python3.8/site-packages/airflow/example_dags/example_bash_operator.py for tasks to queue
[2021-11-24 13:09:09,044] {logging_mixin.py:109} INFO - [2021-11-24 13:09:09,044] {dagbag.py:500} INFO - Filling up the DagBag from /home/dante/DWBI/Apache/py_env/lib/python3.8/site-packages/airflow/example_dags/example_bash_operator.py
[2021-11-24 13:09:09,070] {processor.py:632} INFO - DAG(s) dict_keys(['example_bash_operator']) retrieved from /home/dante/DWBI/Apache/py_env/lib/python3.8/site-packages/airflow/example_dags/example_bash_operator.py
[2021-11-24 13:09:09,078] {logging_mixin.py:109} INFO - [2021-11-24 13:09:09,078] {dag.py:2389} INFO - Sync 1 DAGs
[2021-11-24 13:09:09,092] {logging_mixin.py:109} INFO - [2021-11-24 13:09:09,092] {dag.py:2921} INFO - Setting next_dagrun for example_bash_operator to 2021-11-23 00:00:00+00:00
[2021-11-24 13:09:09,102] {processor.py:171} INFO - Processing /home/dante/DWBI/Apache/py_env/lib/python3.8/site-packages/airflow/example_dags/example_bash_operator.py took 0.069 seconds
[2021-11-24 13:09:50,153] {processor.py:163} INFO - Started process (PID=43765) to work on /home/dante/DWBI/Apache/py_env/lib/python3.8/site-packages/airflow/example_dags/example_bash_operator.py
[2021-11-24 13:09:50,155] {processor.py:620} INFO - Processing file /home/dante/DWBI/Apache/py_env/lib/python3.8/site-packages/airflow/example_dags/example_bash_operator.py for tasks to queue
[2021-11-24 13:09:50,156] {logging_mixin.py:109} INFO - [2021-11-24 13:09:50,156] {dagbag.py:500} INFO - Filling up the DagBag from /home/dante/DWBI/Apache/py_env/lib/python3.8/site-packages/airflow/example_dags/example_bash_operator.py
[2021-11-24 13:09:50,192] {processor.py:632} INFO - DAG(s) dict_keys(['example_bash_operator']) retrieved from /home/dante/DWBI/Apache/py_env/lib/python3.8/site-packages/airflow/example_dags/example_bash_operator.py
[2021-11-24 13:09:50,200] {logging_mixin.py:109} INFO - [2021-11-24 13:09:50,200] {dag.py:2389} INFO - Sync 1 DAGs
[2021-11-24 13:09:50,210] {logging_mixin.py:109} INFO - [2021-11-24 13:09:50,210] {dag.py:2921} INFO - Setting next_dagrun for example_bash_operator to 2021-11-23 00:00:00+00:00
[2021-11-24 13:09:50,219] {processor.py:171} INFO - Processing /home/dante/DWBI/Apache/py_env/lib/python3.8/site-packages/airflow/example_dags/example_bash_operator.py took 0.070 seconds
[2021-11-24 13:10:33,580] {processor.py:163} INFO - Started process (PID=43997) to work on /home/dante/DWBI/Apache/py_env/lib/python3.8/site-packages/airflow/example_dags/example_bash_operator.py
[2021-11-24 13:10:33,591] {processor.py:620} INFO - Processing file /home/dante/DWBI/Apache/py_env/lib/python3.8/site-packages/airflow/example_dags/example_bash_operator.py for tasks to queue
[2021-11-24 13:10:33,592] {logging_mixin.py:109} INFO - [2021-11-24 13:10:33,592] {dagbag.py:500} INFO - Filling up the DagBag from /home/dante/DWBI/Apache/py_env/lib/python3.8/site-packages/airflow/example_dags/example_bash_operator.py
[2021-11-24 13:10:33,625] {processor.py:632} INFO - DAG(s) dict_keys(['example_bash_operator']) retrieved from /home/dante/DWBI/Apache/py_env/lib/python3.8/site-packages/airflow/example_dags/example_bash_operator.py
[2021-11-24 13:10:33,632] {logging_mixin.py:109} INFO - [2021-11-24 13:10:33,632] {dag.py:2389} INFO - Sync 1 DAGs
[2021-11-24 13:10:33,641] {logging_mixin.py:109} INFO - [2021-11-24 13:10:33,641] {dag.py:2921} INFO - Setting next_dagrun for example_bash_operator to 2021-11-23 00:00:00+00:00
[2021-11-24 13:10:33,681] {processor.py:171} INFO - Processing /home/dante/DWBI/Apache/py_env/lib/python3.8/site-packages/airflow/example_dags/example_bash_operator.py took 0.107 seconds
[2021-11-24 13:11:14,640] {processor.py:163} INFO - Started process (PID=44148) to work on /home/dante/DWBI/Apache/py_env/lib/python3.8/site-packages/airflow/example_dags/example_bash_operator.py
[2021-11-24 13:11:14,644] {processor.py:620} INFO - Processing file /home/dante/DWBI/Apache/py_env/lib/python3.8/site-packages/airflow/example_dags/example_bash_operator.py for tasks to queue
[2021-11-24 13:11:14,645] {logging_mixin.py:109} INFO - [2021-11-24 13:11:14,645] {dagbag.py:500} INFO - Filling up the DagBag from /home/dante/DWBI/Apache/py_env/lib/python3.8/site-packages/airflow/example_dags/example_bash_operator.py
[2021-11-24 13:11:14,676] {processor.py:632} INFO - DAG(s) dict_keys(['example_bash_operator']) retrieved from /home/dante/DWBI/Apache/py_env/lib/python3.8/site-packages/airflow/example_dags/example_bash_operator.py
[2021-11-24 13:11:14,682] {logging_mixin.py:109} INFO - [2021-11-24 13:11:14,682] {dag.py:2389} INFO - Sync 1 DAGs
[2021-11-24 13:11:14,692] {logging_mixin.py:109} INFO - [2021-11-24 13:11:14,692] {dag.py:2921} INFO - Setting next_dagrun for example_bash_operator to 2021-11-23 00:00:00+00:00
[2021-11-24 13:11:14,699] {processor.py:171} INFO - Processing /home/dante/DWBI/Apache/py_env/lib/python3.8/site-packages/airflow/example_dags/example_bash_operator.py took 0.066 seconds
[2021-11-24 13:11:50,889] {processor.py:163} INFO - Started process (PID=44252) to work on /home/dante/DWBI/Apache/py_env/lib/python3.8/site-packages/airflow/example_dags/example_bash_operator.py
[2021-11-24 13:11:50,899] {processor.py:620} INFO - Processing file /home/dante/DWBI/Apache/py_env/lib/python3.8/site-packages/airflow/example_dags/example_bash_operator.py for tasks to queue
[2021-11-24 13:11:50,901] {logging_mixin.py:109} INFO - [2021-11-24 13:11:50,900] {dagbag.py:500} INFO - Filling up the DagBag from /home/dante/DWBI/Apache/py_env/lib/python3.8/site-packages/airflow/example_dags/example_bash_operator.py
[2021-11-24 13:11:50,941] {processor.py:632} INFO - DAG(s) dict_keys(['example_bash_operator']) retrieved from /home/dante/DWBI/Apache/py_env/lib/python3.8/site-packages/airflow/example_dags/example_bash_operator.py
[2021-11-24 13:11:50,949] {logging_mixin.py:109} INFO - [2021-11-24 13:11:50,949] {dag.py:2389} INFO - Sync 1 DAGs
[2021-11-24 13:11:50,959] {logging_mixin.py:109} INFO - [2021-11-24 13:11:50,959] {dag.py:2921} INFO - Setting next_dagrun for example_bash_operator to 2021-11-23 00:00:00+00:00
[2021-11-24 13:11:50,980] {processor.py:171} INFO - Processing /home/dante/DWBI/Apache/py_env/lib/python3.8/site-packages/airflow/example_dags/example_bash_operator.py took 0.094 seconds
[2021-11-24 13:12:33,322] {processor.py:163} INFO - Started process (PID=44319) to work on /home/dante/DWBI/Apache/py_env/lib/python3.8/site-packages/airflow/example_dags/example_bash_operator.py
[2021-11-24 13:12:33,331] {processor.py:620} INFO - Processing file /home/dante/DWBI/Apache/py_env/lib/python3.8/site-packages/airflow/example_dags/example_bash_operator.py for tasks to queue
[2021-11-24 13:12:33,332] {logging_mixin.py:109} INFO - [2021-11-24 13:12:33,332] {dagbag.py:500} INFO - Filling up the DagBag from /home/dante/DWBI/Apache/py_env/lib/python3.8/site-packages/airflow/example_dags/example_bash_operator.py
[2021-11-24 13:12:33,355] {processor.py:632} INFO - DAG(s) dict_keys(['example_bash_operator']) retrieved from /home/dante/DWBI/Apache/py_env/lib/python3.8/site-packages/airflow/example_dags/example_bash_operator.py
[2021-11-24 13:12:33,364] {logging_mixin.py:109} INFO - [2021-11-24 13:12:33,364] {dag.py:2389} INFO - Sync 1 DAGs
[2021-11-24 13:12:33,374] {logging_mixin.py:109} INFO - [2021-11-24 13:12:33,374] {dag.py:2921} INFO - Setting next_dagrun for example_bash_operator to 2021-11-23 00:00:00+00:00
[2021-11-24 13:12:33,393] {processor.py:171} INFO - Processing /home/dante/DWBI/Apache/py_env/lib/python3.8/site-packages/airflow/example_dags/example_bash_operator.py took 0.073 seconds
[2021-11-24 13:13:11,033] {processor.py:163} INFO - Started process (PID=44469) to work on /home/dante/DWBI/Apache/py_env/lib/python3.8/site-packages/airflow/example_dags/example_bash_operator.py
[2021-11-24 13:13:11,042] {processor.py:620} INFO - Processing file /home/dante/DWBI/Apache/py_env/lib/python3.8/site-packages/airflow/example_dags/example_bash_operator.py for tasks to queue
[2021-11-24 13:13:11,043] {logging_mixin.py:109} INFO - [2021-11-24 13:13:11,043] {dagbag.py:500} INFO - Filling up the DagBag from /home/dante/DWBI/Apache/py_env/lib/python3.8/site-packages/airflow/example_dags/example_bash_operator.py
[2021-11-24 13:13:11,058] {processor.py:632} INFO - DAG(s) dict_keys(['example_bash_operator']) retrieved from /home/dante/DWBI/Apache/py_env/lib/python3.8/site-packages/airflow/example_dags/example_bash_operator.py
[2021-11-24 13:13:11,065] {logging_mixin.py:109} INFO - [2021-11-24 13:13:11,065] {dag.py:2389} INFO - Sync 1 DAGs
[2021-11-24 13:13:11,075] {logging_mixin.py:109} INFO - [2021-11-24 13:13:11,074] {dag.py:2921} INFO - Setting next_dagrun for example_bash_operator to 2021-11-23 00:00:00+00:00
[2021-11-24 13:13:11,084] {processor.py:171} INFO - Processing /home/dante/DWBI/Apache/py_env/lib/python3.8/site-packages/airflow/example_dags/example_bash_operator.py took 0.052 seconds
[2021-11-24 13:13:51,564] {processor.py:163} INFO - Started process (PID=44546) to work on /home/dante/DWBI/Apache/py_env/lib/python3.8/site-packages/airflow/example_dags/example_bash_operator.py
[2021-11-24 13:13:51,575] {processor.py:620} INFO - Processing file /home/dante/DWBI/Apache/py_env/lib/python3.8/site-packages/airflow/example_dags/example_bash_operator.py for tasks to queue
[2021-11-24 13:13:51,576] {logging_mixin.py:109} INFO - [2021-11-24 13:13:51,576] {dagbag.py:500} INFO - Filling up the DagBag from /home/dante/DWBI/Apache/py_env/lib/python3.8/site-packages/airflow/example_dags/example_bash_operator.py
[2021-11-24 13:13:51,609] {processor.py:632} INFO - DAG(s) dict_keys(['example_bash_operator']) retrieved from /home/dante/DWBI/Apache/py_env/lib/python3.8/site-packages/airflow/example_dags/example_bash_operator.py
[2021-11-24 13:13:51,616] {logging_mixin.py:109} INFO - [2021-11-24 13:13:51,616] {dag.py:2389} INFO - Sync 1 DAGs
[2021-11-24 13:13:51,626] {logging_mixin.py:109} INFO - [2021-11-24 13:13:51,626] {dag.py:2921} INFO - Setting next_dagrun for example_bash_operator to 2021-11-23 00:00:00+00:00
[2021-11-24 13:13:51,635] {processor.py:171} INFO - Processing /home/dante/DWBI/Apache/py_env/lib/python3.8/site-packages/airflow/example_dags/example_bash_operator.py took 0.077 seconds
[2021-11-24 13:14:30,672] {processor.py:163} INFO - Started process (PID=44656) to work on /home/dante/DWBI/Apache/py_env/lib/python3.8/site-packages/airflow/example_dags/example_bash_operator.py
[2021-11-24 13:14:30,673] {processor.py:620} INFO - Processing file /home/dante/DWBI/Apache/py_env/lib/python3.8/site-packages/airflow/example_dags/example_bash_operator.py for tasks to queue
[2021-11-24 13:14:30,674] {logging_mixin.py:109} INFO - [2021-11-24 13:14:30,674] {dagbag.py:500} INFO - Filling up the DagBag from /home/dante/DWBI/Apache/py_env/lib/python3.8/site-packages/airflow/example_dags/example_bash_operator.py
[2021-11-24 13:14:30,693] {processor.py:632} INFO - DAG(s) dict_keys(['example_bash_operator']) retrieved from /home/dante/DWBI/Apache/py_env/lib/python3.8/site-packages/airflow/example_dags/example_bash_operator.py
[2021-11-24 13:14:30,704] {logging_mixin.py:109} INFO - [2021-11-24 13:14:30,704] {dag.py:2389} INFO - Sync 1 DAGs
[2021-11-24 13:14:30,720] {logging_mixin.py:109} INFO - [2021-11-24 13:14:30,720] {dag.py:2921} INFO - Setting next_dagrun for example_bash_operator to 2021-11-23 00:00:00+00:00
[2021-11-24 13:14:30,730] {processor.py:171} INFO - Processing /home/dante/DWBI/Apache/py_env/lib/python3.8/site-packages/airflow/example_dags/example_bash_operator.py took 0.059 seconds
[2021-11-24 13:15:08,818] {processor.py:163} INFO - Started process (PID=44763) to work on /home/dante/DWBI/Apache/py_env/lib/python3.8/site-packages/airflow/example_dags/example_bash_operator.py
[2021-11-24 13:15:08,827] {processor.py:620} INFO - Processing file /home/dante/DWBI/Apache/py_env/lib/python3.8/site-packages/airflow/example_dags/example_bash_operator.py for tasks to queue
[2021-11-24 13:15:08,827] {logging_mixin.py:109} INFO - [2021-11-24 13:15:08,827] {dagbag.py:500} INFO - Filling up the DagBag from /home/dante/DWBI/Apache/py_env/lib/python3.8/site-packages/airflow/example_dags/example_bash_operator.py
[2021-11-24 13:15:08,842] {processor.py:632} INFO - DAG(s) dict_keys(['example_bash_operator']) retrieved from /home/dante/DWBI/Apache/py_env/lib/python3.8/site-packages/airflow/example_dags/example_bash_operator.py
[2021-11-24 13:15:08,849] {logging_mixin.py:109} INFO - [2021-11-24 13:15:08,849] {dag.py:2389} INFO - Sync 1 DAGs
[2021-11-24 13:15:08,859] {logging_mixin.py:109} INFO - [2021-11-24 13:15:08,859] {dag.py:2921} INFO - Setting next_dagrun for example_bash_operator to 2021-11-23 00:00:00+00:00
[2021-11-24 13:15:08,889] {processor.py:171} INFO - Processing /home/dante/DWBI/Apache/py_env/lib/python3.8/site-packages/airflow/example_dags/example_bash_operator.py took 0.073 seconds
[2021-11-24 13:15:48,554] {processor.py:163} INFO - Started process (PID=44884) to work on /home/dante/DWBI/Apache/py_env/lib/python3.8/site-packages/airflow/example_dags/example_bash_operator.py
[2021-11-24 13:15:48,559] {processor.py:620} INFO - Processing file /home/dante/DWBI/Apache/py_env/lib/python3.8/site-packages/airflow/example_dags/example_bash_operator.py for tasks to queue
[2021-11-24 13:15:48,561] {logging_mixin.py:109} INFO - [2021-11-24 13:15:48,561] {dagbag.py:500} INFO - Filling up the DagBag from /home/dante/DWBI/Apache/py_env/lib/python3.8/site-packages/airflow/example_dags/example_bash_operator.py
[2021-11-24 13:15:48,610] {processor.py:632} INFO - DAG(s) dict_keys(['example_bash_operator']) retrieved from /home/dante/DWBI/Apache/py_env/lib/python3.8/site-packages/airflow/example_dags/example_bash_operator.py
[2021-11-24 13:15:48,625] {logging_mixin.py:109} INFO - [2021-11-24 13:15:48,625] {dag.py:2389} INFO - Sync 1 DAGs
[2021-11-24 13:15:48,662] {logging_mixin.py:109} INFO - [2021-11-24 13:15:48,661] {dag.py:2921} INFO - Setting next_dagrun for example_bash_operator to 2021-11-23 00:00:00+00:00
[2021-11-24 13:15:48,689] {processor.py:171} INFO - Processing /home/dante/DWBI/Apache/py_env/lib/python3.8/site-packages/airflow/example_dags/example_bash_operator.py took 0.139 seconds
[2021-11-24 13:16:30,638] {processor.py:163} INFO - Started process (PID=45359) to work on /home/dante/DWBI/Apache/py_env/lib/python3.8/site-packages/airflow/example_dags/example_bash_operator.py
[2021-11-24 13:16:30,642] {processor.py:620} INFO - Processing file /home/dante/DWBI/Apache/py_env/lib/python3.8/site-packages/airflow/example_dags/example_bash_operator.py for tasks to queue
[2021-11-24 13:16:30,642] {logging_mixin.py:109} INFO - [2021-11-24 13:16:30,642] {dagbag.py:500} INFO - Filling up the DagBag from /home/dante/DWBI/Apache/py_env/lib/python3.8/site-packages/airflow/example_dags/example_bash_operator.py
[2021-11-24 13:16:30,665] {processor.py:632} INFO - DAG(s) dict_keys(['example_bash_operator']) retrieved from /home/dante/DWBI/Apache/py_env/lib/python3.8/site-packages/airflow/example_dags/example_bash_operator.py
[2021-11-24 13:16:30,674] {logging_mixin.py:109} INFO - [2021-11-24 13:16:30,674] {dag.py:2389} INFO - Sync 1 DAGs
[2021-11-24 13:16:30,685] {logging_mixin.py:109} INFO - [2021-11-24 13:16:30,685] {dag.py:2921} INFO - Setting next_dagrun for example_bash_operator to 2021-11-23 00:00:00+00:00
[2021-11-24 13:16:30,692] {processor.py:171} INFO - Processing /home/dante/DWBI/Apache/py_env/lib/python3.8/site-packages/airflow/example_dags/example_bash_operator.py took 0.056 seconds
[2021-11-24 13:17:05,606] {processor.py:163} INFO - Started process (PID=45465) to work on /home/dante/DWBI/Apache/py_env/lib/python3.8/site-packages/airflow/example_dags/example_bash_operator.py
[2021-11-24 13:17:05,608] {processor.py:620} INFO - Processing file /home/dante/DWBI/Apache/py_env/lib/python3.8/site-packages/airflow/example_dags/example_bash_operator.py for tasks to queue
[2021-11-24 13:17:05,608] {logging_mixin.py:109} INFO - [2021-11-24 13:17:05,608] {dagbag.py:500} INFO - Filling up the DagBag from /home/dante/DWBI/Apache/py_env/lib/python3.8/site-packages/airflow/example_dags/example_bash_operator.py
[2021-11-24 13:17:05,627] {processor.py:632} INFO - DAG(s) dict_keys(['example_bash_operator']) retrieved from /home/dante/DWBI/Apache/py_env/lib/python3.8/site-packages/airflow/example_dags/example_bash_operator.py
[2021-11-24 13:17:05,635] {logging_mixin.py:109} INFO - [2021-11-24 13:17:05,635] {dag.py:2389} INFO - Sync 1 DAGs
[2021-11-24 13:17:05,649] {logging_mixin.py:109} INFO - [2021-11-24 13:17:05,649] {dag.py:2921} INFO - Setting next_dagrun for example_bash_operator to 2021-11-23 00:00:00+00:00
[2021-11-24 13:17:05,657] {processor.py:171} INFO - Processing /home/dante/DWBI/Apache/py_env/lib/python3.8/site-packages/airflow/example_dags/example_bash_operator.py took 0.053 seconds
[2021-11-24 13:17:49,769] {processor.py:163} INFO - Started process (PID=45593) to work on /home/dante/DWBI/Apache/py_env/lib/python3.8/site-packages/airflow/example_dags/example_bash_operator.py
[2021-11-24 13:17:49,774] {processor.py:620} INFO - Processing file /home/dante/DWBI/Apache/py_env/lib/python3.8/site-packages/airflow/example_dags/example_bash_operator.py for tasks to queue
[2021-11-24 13:17:49,775] {logging_mixin.py:109} INFO - [2021-11-24 13:17:49,775] {dagbag.py:500} INFO - Filling up the DagBag from /home/dante/DWBI/Apache/py_env/lib/python3.8/site-packages/airflow/example_dags/example_bash_operator.py
[2021-11-24 13:17:49,807] {processor.py:632} INFO - DAG(s) dict_keys(['example_bash_operator']) retrieved from /home/dante/DWBI/Apache/py_env/lib/python3.8/site-packages/airflow/example_dags/example_bash_operator.py
[2021-11-24 13:17:49,813] {logging_mixin.py:109} INFO - [2021-11-24 13:17:49,813] {dag.py:2389} INFO - Sync 1 DAGs
[2021-11-24 13:17:49,823] {logging_mixin.py:109} INFO - [2021-11-24 13:17:49,823] {dag.py:2921} INFO - Setting next_dagrun for example_bash_operator to 2021-11-23 00:00:00+00:00
[2021-11-24 13:17:49,830] {processor.py:171} INFO - Processing /home/dante/DWBI/Apache/py_env/lib/python3.8/site-packages/airflow/example_dags/example_bash_operator.py took 0.068 seconds
[2021-11-24 13:18:30,681] {processor.py:163} INFO - Started process (PID=45668) to work on /home/dante/DWBI/Apache/py_env/lib/python3.8/site-packages/airflow/example_dags/example_bash_operator.py
[2021-11-24 13:18:30,682] {processor.py:620} INFO - Processing file /home/dante/DWBI/Apache/py_env/lib/python3.8/site-packages/airflow/example_dags/example_bash_operator.py for tasks to queue
[2021-11-24 13:18:30,683] {logging_mixin.py:109} INFO - [2021-11-24 13:18:30,683] {dagbag.py:500} INFO - Filling up the DagBag from /home/dante/DWBI/Apache/py_env/lib/python3.8/site-packages/airflow/example_dags/example_bash_operator.py
[2021-11-24 13:18:30,706] {processor.py:632} INFO - DAG(s) dict_keys(['example_bash_operator']) retrieved from /home/dante/DWBI/Apache/py_env/lib/python3.8/site-packages/airflow/example_dags/example_bash_operator.py
[2021-11-24 13:18:30,712] {logging_mixin.py:109} INFO - [2021-11-24 13:18:30,712] {dag.py:2389} INFO - Sync 1 DAGs
[2021-11-24 13:18:30,722] {logging_mixin.py:109} INFO - [2021-11-24 13:18:30,722] {dag.py:2921} INFO - Setting next_dagrun for example_bash_operator to 2021-11-23 00:00:00+00:00
[2021-11-24 13:18:30,729] {processor.py:171} INFO - Processing /home/dante/DWBI/Apache/py_env/lib/python3.8/site-packages/airflow/example_dags/example_bash_operator.py took 0.050 seconds
[2021-11-24 13:19:08,580] {processor.py:163} INFO - Started process (PID=45723) to work on /home/dante/DWBI/Apache/py_env/lib/python3.8/site-packages/airflow/example_dags/example_bash_operator.py
[2021-11-24 13:19:08,590] {processor.py:620} INFO - Processing file /home/dante/DWBI/Apache/py_env/lib/python3.8/site-packages/airflow/example_dags/example_bash_operator.py for tasks to queue
[2021-11-24 13:19:08,591] {logging_mixin.py:109} INFO - [2021-11-24 13:19:08,591] {dagbag.py:500} INFO - Filling up the DagBag from /home/dante/DWBI/Apache/py_env/lib/python3.8/site-packages/airflow/example_dags/example_bash_operator.py
[2021-11-24 13:19:08,619] {processor.py:632} INFO - DAG(s) dict_keys(['example_bash_operator']) retrieved from /home/dante/DWBI/Apache/py_env/lib/python3.8/site-packages/airflow/example_dags/example_bash_operator.py
[2021-11-24 13:19:08,627] {logging_mixin.py:109} INFO - [2021-11-24 13:19:08,627] {dag.py:2389} INFO - Sync 1 DAGs
[2021-11-24 13:19:08,637] {logging_mixin.py:109} INFO - [2021-11-24 13:19:08,637] {dag.py:2921} INFO - Setting next_dagrun for example_bash_operator to 2021-11-23 00:00:00+00:00
[2021-11-24 13:19:08,646] {processor.py:171} INFO - Processing /home/dante/DWBI/Apache/py_env/lib/python3.8/site-packages/airflow/example_dags/example_bash_operator.py took 0.069 seconds
[2021-11-24 13:19:48,486] {processor.py:163} INFO - Started process (PID=45776) to work on /home/dante/DWBI/Apache/py_env/lib/python3.8/site-packages/airflow/example_dags/example_bash_operator.py
[2021-11-24 13:19:48,488] {processor.py:620} INFO - Processing file /home/dante/DWBI/Apache/py_env/lib/python3.8/site-packages/airflow/example_dags/example_bash_operator.py for tasks to queue
[2021-11-24 13:19:48,488] {logging_mixin.py:109} INFO - [2021-11-24 13:19:48,488] {dagbag.py:500} INFO - Filling up the DagBag from /home/dante/DWBI/Apache/py_env/lib/python3.8/site-packages/airflow/example_dags/example_bash_operator.py
[2021-11-24 13:19:48,513] {processor.py:632} INFO - DAG(s) dict_keys(['example_bash_operator']) retrieved from /home/dante/DWBI/Apache/py_env/lib/python3.8/site-packages/airflow/example_dags/example_bash_operator.py
[2021-11-24 13:19:48,526] {logging_mixin.py:109} INFO - [2021-11-24 13:19:48,526] {dag.py:2389} INFO - Sync 1 DAGs
[2021-11-24 13:19:48,540] {logging_mixin.py:109} INFO - [2021-11-24 13:19:48,540] {dag.py:2921} INFO - Setting next_dagrun for example_bash_operator to 2021-11-23 00:00:00+00:00
[2021-11-24 13:19:48,548] {processor.py:171} INFO - Processing /home/dante/DWBI/Apache/py_env/lib/python3.8/site-packages/airflow/example_dags/example_bash_operator.py took 0.065 seconds
[2021-11-24 13:20:32,178] {processor.py:163} INFO - Started process (PID=45835) to work on /home/dante/DWBI/Apache/py_env/lib/python3.8/site-packages/airflow/example_dags/example_bash_operator.py
[2021-11-24 13:20:32,187] {processor.py:620} INFO - Processing file /home/dante/DWBI/Apache/py_env/lib/python3.8/site-packages/airflow/example_dags/example_bash_operator.py for tasks to queue
[2021-11-24 13:20:32,188] {logging_mixin.py:109} INFO - [2021-11-24 13:20:32,188] {dagbag.py:500} INFO - Filling up the DagBag from /home/dante/DWBI/Apache/py_env/lib/python3.8/site-packages/airflow/example_dags/example_bash_operator.py
[2021-11-24 13:20:32,208] {processor.py:632} INFO - DAG(s) dict_keys(['example_bash_operator']) retrieved from /home/dante/DWBI/Apache/py_env/lib/python3.8/site-packages/airflow/example_dags/example_bash_operator.py
[2021-11-24 13:20:32,216] {logging_mixin.py:109} INFO - [2021-11-24 13:20:32,216] {dag.py:2389} INFO - Sync 1 DAGs
[2021-11-24 13:20:32,225] {logging_mixin.py:109} INFO - [2021-11-24 13:20:32,225] {dag.py:2921} INFO - Setting next_dagrun for example_bash_operator to 2021-11-23 00:00:00+00:00
[2021-11-24 13:20:32,232] {processor.py:171} INFO - Processing /home/dante/DWBI/Apache/py_env/lib/python3.8/site-packages/airflow/example_dags/example_bash_operator.py took 0.057 seconds
[2021-11-24 13:21:12,482] {processor.py:163} INFO - Started process (PID=45907) to work on /home/dante/DWBI/Apache/py_env/lib/python3.8/site-packages/airflow/example_dags/example_bash_operator.py
[2021-11-24 13:21:12,493] {processor.py:620} INFO - Processing file /home/dante/DWBI/Apache/py_env/lib/python3.8/site-packages/airflow/example_dags/example_bash_operator.py for tasks to queue
[2021-11-24 13:21:12,495] {logging_mixin.py:109} INFO - [2021-11-24 13:21:12,495] {dagbag.py:500} INFO - Filling up the DagBag from /home/dante/DWBI/Apache/py_env/lib/python3.8/site-packages/airflow/example_dags/example_bash_operator.py
[2021-11-24 13:21:12,514] {processor.py:632} INFO - DAG(s) dict_keys(['example_bash_operator']) retrieved from /home/dante/DWBI/Apache/py_env/lib/python3.8/site-packages/airflow/example_dags/example_bash_operator.py
[2021-11-24 13:21:12,521] {logging_mixin.py:109} INFO - [2021-11-24 13:21:12,521] {dag.py:2389} INFO - Sync 1 DAGs
[2021-11-24 13:21:12,532] {logging_mixin.py:109} INFO - [2021-11-24 13:21:12,532] {dag.py:2921} INFO - Setting next_dagrun for example_bash_operator to 2021-11-23 00:00:00+00:00
[2021-11-24 13:21:12,539] {processor.py:171} INFO - Processing /home/dante/DWBI/Apache/py_env/lib/python3.8/site-packages/airflow/example_dags/example_bash_operator.py took 0.059 seconds
[2021-11-24 13:21:54,202] {processor.py:163} INFO - Started process (PID=46006) to work on /home/dante/DWBI/Apache/py_env/lib/python3.8/site-packages/airflow/example_dags/example_bash_operator.py
[2021-11-24 13:21:54,214] {processor.py:620} INFO - Processing file /home/dante/DWBI/Apache/py_env/lib/python3.8/site-packages/airflow/example_dags/example_bash_operator.py for tasks to queue
[2021-11-24 13:21:54,216] {logging_mixin.py:109} INFO - [2021-11-24 13:21:54,215] {dagbag.py:500} INFO - Filling up the DagBag from /home/dante/DWBI/Apache/py_env/lib/python3.8/site-packages/airflow/example_dags/example_bash_operator.py
[2021-11-24 13:21:54,247] {processor.py:632} INFO - DAG(s) dict_keys(['example_bash_operator']) retrieved from /home/dante/DWBI/Apache/py_env/lib/python3.8/site-packages/airflow/example_dags/example_bash_operator.py
[2021-11-24 13:21:54,255] {logging_mixin.py:109} INFO - [2021-11-24 13:21:54,255] {dag.py:2389} INFO - Sync 1 DAGs
[2021-11-24 13:21:54,266] {logging_mixin.py:109} INFO - [2021-11-24 13:21:54,266] {dag.py:2921} INFO - Setting next_dagrun for example_bash_operator to 2021-11-23 00:00:00+00:00
[2021-11-24 13:21:54,273] {processor.py:171} INFO - Processing /home/dante/DWBI/Apache/py_env/lib/python3.8/site-packages/airflow/example_dags/example_bash_operator.py took 0.078 seconds
[2021-11-24 13:22:32,978] {processor.py:163} INFO - Started process (PID=46070) to work on /home/dante/DWBI/Apache/py_env/lib/python3.8/site-packages/airflow/example_dags/example_bash_operator.py
[2021-11-24 13:22:32,987] {processor.py:620} INFO - Processing file /home/dante/DWBI/Apache/py_env/lib/python3.8/site-packages/airflow/example_dags/example_bash_operator.py for tasks to queue
[2021-11-24 13:22:32,988] {logging_mixin.py:109} INFO - [2021-11-24 13:22:32,988] {dagbag.py:500} INFO - Filling up the DagBag from /home/dante/DWBI/Apache/py_env/lib/python3.8/site-packages/airflow/example_dags/example_bash_operator.py
[2021-11-24 13:22:33,006] {processor.py:632} INFO - DAG(s) dict_keys(['example_bash_operator']) retrieved from /home/dante/DWBI/Apache/py_env/lib/python3.8/site-packages/airflow/example_dags/example_bash_operator.py
[2021-11-24 13:22:33,014] {logging_mixin.py:109} INFO - [2021-11-24 13:22:33,014] {dag.py:2389} INFO - Sync 1 DAGs
[2021-11-24 13:22:33,025] {logging_mixin.py:109} INFO - [2021-11-24 13:22:33,025] {dag.py:2921} INFO - Setting next_dagrun for example_bash_operator to 2021-11-23 00:00:00+00:00
[2021-11-24 13:22:33,052] {processor.py:171} INFO - Processing /home/dante/DWBI/Apache/py_env/lib/python3.8/site-packages/airflow/example_dags/example_bash_operator.py took 0.076 seconds
[2021-11-24 13:23:16,284] {processor.py:163} INFO - Started process (PID=46466) to work on /home/dante/DWBI/Apache/py_env/lib/python3.8/site-packages/airflow/example_dags/example_bash_operator.py
[2021-11-24 13:23:16,287] {processor.py:620} INFO - Processing file /home/dante/DWBI/Apache/py_env/lib/python3.8/site-packages/airflow/example_dags/example_bash_operator.py for tasks to queue
[2021-11-24 13:23:16,288] {logging_mixin.py:109} INFO - [2021-11-24 13:23:16,288] {dagbag.py:500} INFO - Filling up the DagBag from /home/dante/DWBI/Apache/py_env/lib/python3.8/site-packages/airflow/example_dags/example_bash_operator.py
[2021-11-24 13:23:16,307] {processor.py:632} INFO - DAG(s) dict_keys(['example_bash_operator']) retrieved from /home/dante/DWBI/Apache/py_env/lib/python3.8/site-packages/airflow/example_dags/example_bash_operator.py
[2021-11-24 13:23:16,314] {logging_mixin.py:109} INFO - [2021-11-24 13:23:16,314] {dag.py:2389} INFO - Sync 1 DAGs
[2021-11-24 13:23:16,324] {logging_mixin.py:109} INFO - [2021-11-24 13:23:16,324] {dag.py:2921} INFO - Setting next_dagrun for example_bash_operator to 2021-11-23 00:00:00+00:00
[2021-11-24 13:23:16,334] {processor.py:171} INFO - Processing /home/dante/DWBI/Apache/py_env/lib/python3.8/site-packages/airflow/example_dags/example_bash_operator.py took 0.054 seconds
[2021-11-24 13:23:55,408] {processor.py:163} INFO - Started process (PID=46532) to work on /home/dante/DWBI/Apache/py_env/lib/python3.8/site-packages/airflow/example_dags/example_bash_operator.py
[2021-11-24 13:23:55,410] {processor.py:620} INFO - Processing file /home/dante/DWBI/Apache/py_env/lib/python3.8/site-packages/airflow/example_dags/example_bash_operator.py for tasks to queue
[2021-11-24 13:23:55,411] {logging_mixin.py:109} INFO - [2021-11-24 13:23:55,411] {dagbag.py:500} INFO - Filling up the DagBag from /home/dante/DWBI/Apache/py_env/lib/python3.8/site-packages/airflow/example_dags/example_bash_operator.py
[2021-11-24 13:23:55,435] {processor.py:632} INFO - DAG(s) dict_keys(['example_bash_operator']) retrieved from /home/dante/DWBI/Apache/py_env/lib/python3.8/site-packages/airflow/example_dags/example_bash_operator.py
[2021-11-24 13:23:55,442] {logging_mixin.py:109} INFO - [2021-11-24 13:23:55,442] {dag.py:2389} INFO - Sync 1 DAGs
[2021-11-24 13:23:55,452] {logging_mixin.py:109} INFO - [2021-11-24 13:23:55,452] {dag.py:2921} INFO - Setting next_dagrun for example_bash_operator to 2021-11-23 00:00:00+00:00
[2021-11-24 13:23:55,459] {processor.py:171} INFO - Processing /home/dante/DWBI/Apache/py_env/lib/python3.8/site-packages/airflow/example_dags/example_bash_operator.py took 0.054 seconds
[2021-11-24 13:24:37,184] {processor.py:163} INFO - Started process (PID=46713) to work on /home/dante/DWBI/Apache/py_env/lib/python3.8/site-packages/airflow/example_dags/example_bash_operator.py
[2021-11-24 13:24:37,193] {processor.py:620} INFO - Processing file /home/dante/DWBI/Apache/py_env/lib/python3.8/site-packages/airflow/example_dags/example_bash_operator.py for tasks to queue
[2021-11-24 13:24:37,194] {logging_mixin.py:109} INFO - [2021-11-24 13:24:37,194] {dagbag.py:500} INFO - Filling up the DagBag from /home/dante/DWBI/Apache/py_env/lib/python3.8/site-packages/airflow/example_dags/example_bash_operator.py
[2021-11-24 13:24:37,219] {processor.py:632} INFO - DAG(s) dict_keys(['example_bash_operator']) retrieved from /home/dante/DWBI/Apache/py_env/lib/python3.8/site-packages/airflow/example_dags/example_bash_operator.py
[2021-11-24 13:24:37,227] {logging_mixin.py:109} INFO - [2021-11-24 13:24:37,227] {dag.py:2389} INFO - Sync 1 DAGs
[2021-11-24 13:24:37,239] {logging_mixin.py:109} INFO - [2021-11-24 13:24:37,239] {dag.py:2921} INFO - Setting next_dagrun for example_bash_operator to 2021-11-23 00:00:00+00:00
[2021-11-24 13:24:37,247] {processor.py:171} INFO - Processing /home/dante/DWBI/Apache/py_env/lib/python3.8/site-packages/airflow/example_dags/example_bash_operator.py took 0.065 seconds
[2021-11-24 13:25:21,258] {processor.py:163} INFO - Started process (PID=46806) to work on /home/dante/DWBI/Apache/py_env/lib/python3.8/site-packages/airflow/example_dags/example_bash_operator.py
[2021-11-24 13:25:21,262] {processor.py:620} INFO - Processing file /home/dante/DWBI/Apache/py_env/lib/python3.8/site-packages/airflow/example_dags/example_bash_operator.py for tasks to queue
[2021-11-24 13:25:21,264] {logging_mixin.py:109} INFO - [2021-11-24 13:25:21,264] {dagbag.py:500} INFO - Filling up the DagBag from /home/dante/DWBI/Apache/py_env/lib/python3.8/site-packages/airflow/example_dags/example_bash_operator.py
[2021-11-24 13:25:21,290] {processor.py:632} INFO - DAG(s) dict_keys(['example_bash_operator']) retrieved from /home/dante/DWBI/Apache/py_env/lib/python3.8/site-packages/airflow/example_dags/example_bash_operator.py
[2021-11-24 13:25:21,298] {logging_mixin.py:109} INFO - [2021-11-24 13:25:21,298] {dag.py:2389} INFO - Sync 1 DAGs
[2021-11-24 13:25:21,308] {logging_mixin.py:109} INFO - [2021-11-24 13:25:21,308] {dag.py:2921} INFO - Setting next_dagrun for example_bash_operator to 2021-11-23 00:00:00+00:00
[2021-11-24 13:25:21,316] {processor.py:171} INFO - Processing /home/dante/DWBI/Apache/py_env/lib/python3.8/site-packages/airflow/example_dags/example_bash_operator.py took 0.066 seconds
[2021-11-24 13:26:04,632] {processor.py:163} INFO - Started process (PID=46875) to work on /home/dante/DWBI/Apache/py_env/lib/python3.8/site-packages/airflow/example_dags/example_bash_operator.py
[2021-11-24 13:26:04,643] {processor.py:620} INFO - Processing file /home/dante/DWBI/Apache/py_env/lib/python3.8/site-packages/airflow/example_dags/example_bash_operator.py for tasks to queue
[2021-11-24 13:26:04,644] {logging_mixin.py:109} INFO - [2021-11-24 13:26:04,644] {dagbag.py:500} INFO - Filling up the DagBag from /home/dante/DWBI/Apache/py_env/lib/python3.8/site-packages/airflow/example_dags/example_bash_operator.py
[2021-11-24 13:26:04,681] {processor.py:632} INFO - DAG(s) dict_keys(['example_bash_operator']) retrieved from /home/dante/DWBI/Apache/py_env/lib/python3.8/site-packages/airflow/example_dags/example_bash_operator.py
[2021-11-24 13:26:04,689] {logging_mixin.py:109} INFO - [2021-11-24 13:26:04,689] {dag.py:2389} INFO - Sync 1 DAGs
[2021-11-24 13:26:04,699] {logging_mixin.py:109} INFO - [2021-11-24 13:26:04,699] {dag.py:2921} INFO - Setting next_dagrun for example_bash_operator to 2021-11-23 00:00:00+00:00
[2021-11-24 13:26:04,713] {processor.py:171} INFO - Processing /home/dante/DWBI/Apache/py_env/lib/python3.8/site-packages/airflow/example_dags/example_bash_operator.py took 0.084 seconds
[2021-11-24 13:26:49,781] {processor.py:163} INFO - Started process (PID=47022) to work on /home/dante/DWBI/Apache/py_env/lib/python3.8/site-packages/airflow/example_dags/example_bash_operator.py
[2021-11-24 13:26:49,790] {processor.py:620} INFO - Processing file /home/dante/DWBI/Apache/py_env/lib/python3.8/site-packages/airflow/example_dags/example_bash_operator.py for tasks to queue
[2021-11-24 13:26:49,791] {logging_mixin.py:109} INFO - [2021-11-24 13:26:49,791] {dagbag.py:500} INFO - Filling up the DagBag from /home/dante/DWBI/Apache/py_env/lib/python3.8/site-packages/airflow/example_dags/example_bash_operator.py
[2021-11-24 13:26:49,807] {processor.py:632} INFO - DAG(s) dict_keys(['example_bash_operator']) retrieved from /home/dante/DWBI/Apache/py_env/lib/python3.8/site-packages/airflow/example_dags/example_bash_operator.py
[2021-11-24 13:26:49,814] {logging_mixin.py:109} INFO - [2021-11-24 13:26:49,814] {dag.py:2389} INFO - Sync 1 DAGs
[2021-11-24 13:26:49,825] {logging_mixin.py:109} INFO - [2021-11-24 13:26:49,825] {dag.py:2921} INFO - Setting next_dagrun for example_bash_operator to 2021-11-23 00:00:00+00:00
[2021-11-24 13:26:49,837] {processor.py:171} INFO - Processing /home/dante/DWBI/Apache/py_env/lib/python3.8/site-packages/airflow/example_dags/example_bash_operator.py took 0.058 seconds
[2021-11-24 13:27:28,076] {processor.py:163} INFO - Started process (PID=47096) to work on /home/dante/DWBI/Apache/py_env/lib/python3.8/site-packages/airflow/example_dags/example_bash_operator.py
[2021-11-24 13:27:28,088] {processor.py:620} INFO - Processing file /home/dante/DWBI/Apache/py_env/lib/python3.8/site-packages/airflow/example_dags/example_bash_operator.py for tasks to queue
[2021-11-24 13:27:28,090] {logging_mixin.py:109} INFO - [2021-11-24 13:27:28,090] {dagbag.py:500} INFO - Filling up the DagBag from /home/dante/DWBI/Apache/py_env/lib/python3.8/site-packages/airflow/example_dags/example_bash_operator.py
[2021-11-24 13:27:28,128] {processor.py:632} INFO - DAG(s) dict_keys(['example_bash_operator']) retrieved from /home/dante/DWBI/Apache/py_env/lib/python3.8/site-packages/airflow/example_dags/example_bash_operator.py
[2021-11-24 13:27:28,135] {logging_mixin.py:109} INFO - [2021-11-24 13:27:28,135] {dag.py:2389} INFO - Sync 1 DAGs
[2021-11-24 13:27:28,145] {logging_mixin.py:109} INFO - [2021-11-24 13:27:28,145] {dag.py:2921} INFO - Setting next_dagrun for example_bash_operator to 2021-11-23 00:00:00+00:00
[2021-11-24 13:27:28,155] {processor.py:171} INFO - Processing /home/dante/DWBI/Apache/py_env/lib/python3.8/site-packages/airflow/example_dags/example_bash_operator.py took 0.082 seconds
[2021-11-24 13:28:07,043] {processor.py:163} INFO - Started process (PID=47225) to work on /home/dante/DWBI/Apache/py_env/lib/python3.8/site-packages/airflow/example_dags/example_bash_operator.py
[2021-11-24 13:28:07,054] {processor.py:620} INFO - Processing file /home/dante/DWBI/Apache/py_env/lib/python3.8/site-packages/airflow/example_dags/example_bash_operator.py for tasks to queue
[2021-11-24 13:28:07,055] {logging_mixin.py:109} INFO - [2021-11-24 13:28:07,055] {dagbag.py:500} INFO - Filling up the DagBag from /home/dante/DWBI/Apache/py_env/lib/python3.8/site-packages/airflow/example_dags/example_bash_operator.py
[2021-11-24 13:28:07,086] {processor.py:632} INFO - DAG(s) dict_keys(['example_bash_operator']) retrieved from /home/dante/DWBI/Apache/py_env/lib/python3.8/site-packages/airflow/example_dags/example_bash_operator.py
[2021-11-24 13:28:07,094] {logging_mixin.py:109} INFO - [2021-11-24 13:28:07,094] {dag.py:2389} INFO - Sync 1 DAGs
[2021-11-24 13:28:07,105] {logging_mixin.py:109} INFO - [2021-11-24 13:28:07,105] {dag.py:2921} INFO - Setting next_dagrun for example_bash_operator to 2021-11-23 00:00:00+00:00
[2021-11-24 13:28:07,112] {processor.py:171} INFO - Processing /home/dante/DWBI/Apache/py_env/lib/python3.8/site-packages/airflow/example_dags/example_bash_operator.py took 0.072 seconds
[2021-11-24 13:28:45,730] {processor.py:163} INFO - Started process (PID=47362) to work on /home/dante/DWBI/Apache/py_env/lib/python3.8/site-packages/airflow/example_dags/example_bash_operator.py
[2021-11-24 13:28:45,739] {processor.py:620} INFO - Processing file /home/dante/DWBI/Apache/py_env/lib/python3.8/site-packages/airflow/example_dags/example_bash_operator.py for tasks to queue
[2021-11-24 13:28:45,740] {logging_mixin.py:109} INFO - [2021-11-24 13:28:45,740] {dagbag.py:500} INFO - Filling up the DagBag from /home/dante/DWBI/Apache/py_env/lib/python3.8/site-packages/airflow/example_dags/example_bash_operator.py
[2021-11-24 13:28:45,757] {processor.py:632} INFO - DAG(s) dict_keys(['example_bash_operator']) retrieved from /home/dante/DWBI/Apache/py_env/lib/python3.8/site-packages/airflow/example_dags/example_bash_operator.py
[2021-11-24 13:28:45,764] {logging_mixin.py:109} INFO - [2021-11-24 13:28:45,764] {dag.py:2389} INFO - Sync 1 DAGs
[2021-11-24 13:28:45,774] {logging_mixin.py:109} INFO - [2021-11-24 13:28:45,774] {dag.py:2921} INFO - Setting next_dagrun for example_bash_operator to 2021-11-23 00:00:00+00:00
[2021-11-24 13:28:45,781] {processor.py:171} INFO - Processing /home/dante/DWBI/Apache/py_env/lib/python3.8/site-packages/airflow/example_dags/example_bash_operator.py took 0.053 seconds
[2021-11-24 13:29:22,577] {processor.py:163} INFO - Started process (PID=47425) to work on /home/dante/DWBI/Apache/py_env/lib/python3.8/site-packages/airflow/example_dags/example_bash_operator.py
[2021-11-24 13:29:22,579] {processor.py:620} INFO - Processing file /home/dante/DWBI/Apache/py_env/lib/python3.8/site-packages/airflow/example_dags/example_bash_operator.py for tasks to queue
[2021-11-24 13:29:22,579] {logging_mixin.py:109} INFO - [2021-11-24 13:29:22,579] {dagbag.py:500} INFO - Filling up the DagBag from /home/dante/DWBI/Apache/py_env/lib/python3.8/site-packages/airflow/example_dags/example_bash_operator.py
[2021-11-24 13:29:22,599] {processor.py:632} INFO - DAG(s) dict_keys(['example_bash_operator']) retrieved from /home/dante/DWBI/Apache/py_env/lib/python3.8/site-packages/airflow/example_dags/example_bash_operator.py
[2021-11-24 13:29:22,608] {logging_mixin.py:109} INFO - [2021-11-24 13:29:22,608] {dag.py:2389} INFO - Sync 1 DAGs
[2021-11-24 13:29:22,625] {logging_mixin.py:109} INFO - [2021-11-24 13:29:22,625] {dag.py:2921} INFO - Setting next_dagrun for example_bash_operator to 2021-11-23 00:00:00+00:00
[2021-11-24 13:29:22,635] {processor.py:171} INFO - Processing /home/dante/DWBI/Apache/py_env/lib/python3.8/site-packages/airflow/example_dags/example_bash_operator.py took 0.061 seconds
[2021-11-24 13:30:06,935] {processor.py:163} INFO - Started process (PID=47500) to work on /home/dante/DWBI/Apache/py_env/lib/python3.8/site-packages/airflow/example_dags/example_bash_operator.py
[2021-11-24 13:30:06,946] {processor.py:620} INFO - Processing file /home/dante/DWBI/Apache/py_env/lib/python3.8/site-packages/airflow/example_dags/example_bash_operator.py for tasks to queue
[2021-11-24 13:30:06,947] {logging_mixin.py:109} INFO - [2021-11-24 13:30:06,947] {dagbag.py:500} INFO - Filling up the DagBag from /home/dante/DWBI/Apache/py_env/lib/python3.8/site-packages/airflow/example_dags/example_bash_operator.py
[2021-11-24 13:30:06,966] {processor.py:632} INFO - DAG(s) dict_keys(['example_bash_operator']) retrieved from /home/dante/DWBI/Apache/py_env/lib/python3.8/site-packages/airflow/example_dags/example_bash_operator.py
[2021-11-24 13:30:06,974] {logging_mixin.py:109} INFO - [2021-11-24 13:30:06,974] {dag.py:2389} INFO - Sync 1 DAGs
[2021-11-24 13:30:06,984] {logging_mixin.py:109} INFO - [2021-11-24 13:30:06,984] {dag.py:2921} INFO - Setting next_dagrun for example_bash_operator to 2021-11-23 00:00:00+00:00
[2021-11-24 13:30:07,005] {processor.py:171} INFO - Processing /home/dante/DWBI/Apache/py_env/lib/python3.8/site-packages/airflow/example_dags/example_bash_operator.py took 0.073 seconds
[2021-11-24 13:30:49,756] {processor.py:163} INFO - Started process (PID=47579) to work on /home/dante/DWBI/Apache/py_env/lib/python3.8/site-packages/airflow/example_dags/example_bash_operator.py
[2021-11-24 13:30:49,765] {processor.py:620} INFO - Processing file /home/dante/DWBI/Apache/py_env/lib/python3.8/site-packages/airflow/example_dags/example_bash_operator.py for tasks to queue
[2021-11-24 13:30:49,766] {logging_mixin.py:109} INFO - [2021-11-24 13:30:49,766] {dagbag.py:500} INFO - Filling up the DagBag from /home/dante/DWBI/Apache/py_env/lib/python3.8/site-packages/airflow/example_dags/example_bash_operator.py
[2021-11-24 13:30:49,789] {processor.py:632} INFO - DAG(s) dict_keys(['example_bash_operator']) retrieved from /home/dante/DWBI/Apache/py_env/lib/python3.8/site-packages/airflow/example_dags/example_bash_operator.py
[2021-11-24 13:30:49,798] {logging_mixin.py:109} INFO - [2021-11-24 13:30:49,798] {dag.py:2389} INFO - Sync 1 DAGs
[2021-11-24 13:30:49,808] {logging_mixin.py:109} INFO - [2021-11-24 13:30:49,808] {dag.py:2921} INFO - Setting next_dagrun for example_bash_operator to 2021-11-23 00:00:00+00:00
[2021-11-24 13:30:49,825] {processor.py:171} INFO - Processing /home/dante/DWBI/Apache/py_env/lib/python3.8/site-packages/airflow/example_dags/example_bash_operator.py took 0.071 seconds
[2021-11-24 13:31:29,486] {processor.py:163} INFO - Started process (PID=47646) to work on /home/dante/DWBI/Apache/py_env/lib/python3.8/site-packages/airflow/example_dags/example_bash_operator.py
[2021-11-24 13:31:29,488] {processor.py:620} INFO - Processing file /home/dante/DWBI/Apache/py_env/lib/python3.8/site-packages/airflow/example_dags/example_bash_operator.py for tasks to queue
[2021-11-24 13:31:29,488] {logging_mixin.py:109} INFO - [2021-11-24 13:31:29,488] {dagbag.py:500} INFO - Filling up the DagBag from /home/dante/DWBI/Apache/py_env/lib/python3.8/site-packages/airflow/example_dags/example_bash_operator.py
[2021-11-24 13:31:29,505] {processor.py:632} INFO - DAG(s) dict_keys(['example_bash_operator']) retrieved from /home/dante/DWBI/Apache/py_env/lib/python3.8/site-packages/airflow/example_dags/example_bash_operator.py
[2021-11-24 13:31:29,512] {logging_mixin.py:109} INFO - [2021-11-24 13:31:29,512] {dag.py:2389} INFO - Sync 1 DAGs
[2021-11-24 13:31:29,522] {logging_mixin.py:109} INFO - [2021-11-24 13:31:29,522] {dag.py:2921} INFO - Setting next_dagrun for example_bash_operator to 2021-11-23 00:00:00+00:00
[2021-11-24 13:31:29,533] {processor.py:171} INFO - Processing /home/dante/DWBI/Apache/py_env/lib/python3.8/site-packages/airflow/example_dags/example_bash_operator.py took 0.049 seconds
[2021-11-24 13:32:06,225] {processor.py:163} INFO - Started process (PID=47791) to work on /home/dante/DWBI/Apache/py_env/lib/python3.8/site-packages/airflow/example_dags/example_bash_operator.py
[2021-11-24 13:32:06,228] {processor.py:620} INFO - Processing file /home/dante/DWBI/Apache/py_env/lib/python3.8/site-packages/airflow/example_dags/example_bash_operator.py for tasks to queue
[2021-11-24 13:32:06,229] {logging_mixin.py:109} INFO - [2021-11-24 13:32:06,229] {dagbag.py:500} INFO - Filling up the DagBag from /home/dante/DWBI/Apache/py_env/lib/python3.8/site-packages/airflow/example_dags/example_bash_operator.py
[2021-11-24 13:32:06,261] {processor.py:632} INFO - DAG(s) dict_keys(['example_bash_operator']) retrieved from /home/dante/DWBI/Apache/py_env/lib/python3.8/site-packages/airflow/example_dags/example_bash_operator.py
[2021-11-24 13:32:06,268] {logging_mixin.py:109} INFO - [2021-11-24 13:32:06,268] {dag.py:2389} INFO - Sync 1 DAGs
[2021-11-24 13:32:06,278] {logging_mixin.py:109} INFO - [2021-11-24 13:32:06,278] {dag.py:2921} INFO - Setting next_dagrun for example_bash_operator to 2021-11-23 00:00:00+00:00
[2021-11-24 13:32:06,288] {processor.py:171} INFO - Processing /home/dante/DWBI/Apache/py_env/lib/python3.8/site-packages/airflow/example_dags/example_bash_operator.py took 0.070 seconds
[2021-11-24 13:32:43,717] {processor.py:163} INFO - Started process (PID=48288) to work on /home/dante/DWBI/Apache/py_env/lib/python3.8/site-packages/airflow/example_dags/example_bash_operator.py
[2021-11-24 13:32:43,728] {processor.py:620} INFO - Processing file /home/dante/DWBI/Apache/py_env/lib/python3.8/site-packages/airflow/example_dags/example_bash_operator.py for tasks to queue
[2021-11-24 13:32:43,729] {logging_mixin.py:109} INFO - [2021-11-24 13:32:43,729] {dagbag.py:500} INFO - Filling up the DagBag from /home/dante/DWBI/Apache/py_env/lib/python3.8/site-packages/airflow/example_dags/example_bash_operator.py
[2021-11-24 13:32:43,764] {processor.py:632} INFO - DAG(s) dict_keys(['example_bash_operator']) retrieved from /home/dante/DWBI/Apache/py_env/lib/python3.8/site-packages/airflow/example_dags/example_bash_operator.py
[2021-11-24 13:32:43,771] {logging_mixin.py:109} INFO - [2021-11-24 13:32:43,771] {dag.py:2389} INFO - Sync 1 DAGs
[2021-11-24 13:32:43,781] {logging_mixin.py:109} INFO - [2021-11-24 13:32:43,781] {dag.py:2921} INFO - Setting next_dagrun for example_bash_operator to 2021-11-23 00:00:00+00:00
[2021-11-24 13:32:43,789] {processor.py:171} INFO - Processing /home/dante/DWBI/Apache/py_env/lib/python3.8/site-packages/airflow/example_dags/example_bash_operator.py took 0.078 seconds
[2021-11-24 13:33:26,448] {processor.py:163} INFO - Started process (PID=48512) to work on /home/dante/DWBI/Apache/py_env/lib/python3.8/site-packages/airflow/example_dags/example_bash_operator.py
[2021-11-24 13:33:26,459] {processor.py:620} INFO - Processing file /home/dante/DWBI/Apache/py_env/lib/python3.8/site-packages/airflow/example_dags/example_bash_operator.py for tasks to queue
[2021-11-24 13:33:26,461] {logging_mixin.py:109} INFO - [2021-11-24 13:33:26,461] {dagbag.py:500} INFO - Filling up the DagBag from /home/dante/DWBI/Apache/py_env/lib/python3.8/site-packages/airflow/example_dags/example_bash_operator.py
[2021-11-24 13:33:26,494] {processor.py:632} INFO - DAG(s) dict_keys(['example_bash_operator']) retrieved from /home/dante/DWBI/Apache/py_env/lib/python3.8/site-packages/airflow/example_dags/example_bash_operator.py
[2021-11-24 13:33:26,501] {logging_mixin.py:109} INFO - [2021-11-24 13:33:26,501] {dag.py:2389} INFO - Sync 1 DAGs
[2021-11-24 13:33:26,511] {logging_mixin.py:109} INFO - [2021-11-24 13:33:26,511] {dag.py:2921} INFO - Setting next_dagrun for example_bash_operator to 2021-11-23 00:00:00+00:00
[2021-11-24 13:33:26,538] {processor.py:171} INFO - Processing /home/dante/DWBI/Apache/py_env/lib/python3.8/site-packages/airflow/example_dags/example_bash_operator.py took 0.096 seconds
[2021-11-24 13:34:04,664] {processor.py:163} INFO - Started process (PID=48645) to work on /home/dante/DWBI/Apache/py_env/lib/python3.8/site-packages/airflow/example_dags/example_bash_operator.py
[2021-11-24 13:34:04,672] {processor.py:620} INFO - Processing file /home/dante/DWBI/Apache/py_env/lib/python3.8/site-packages/airflow/example_dags/example_bash_operator.py for tasks to queue
[2021-11-24 13:34:04,673] {logging_mixin.py:109} INFO - [2021-11-24 13:34:04,673] {dagbag.py:500} INFO - Filling up the DagBag from /home/dante/DWBI/Apache/py_env/lib/python3.8/site-packages/airflow/example_dags/example_bash_operator.py
[2021-11-24 13:34:04,692] {processor.py:632} INFO - DAG(s) dict_keys(['example_bash_operator']) retrieved from /home/dante/DWBI/Apache/py_env/lib/python3.8/site-packages/airflow/example_dags/example_bash_operator.py
[2021-11-24 13:34:04,701] {logging_mixin.py:109} INFO - [2021-11-24 13:34:04,701] {dag.py:2389} INFO - Sync 1 DAGs
[2021-11-24 13:34:04,711] {logging_mixin.py:109} INFO - [2021-11-24 13:34:04,711] {dag.py:2921} INFO - Setting next_dagrun for example_bash_operator to 2021-11-23 00:00:00+00:00
[2021-11-24 13:34:04,725] {processor.py:171} INFO - Processing /home/dante/DWBI/Apache/py_env/lib/python3.8/site-packages/airflow/example_dags/example_bash_operator.py took 0.063 seconds
[2021-11-24 13:34:43,692] {processor.py:163} INFO - Started process (PID=48777) to work on /home/dante/DWBI/Apache/py_env/lib/python3.8/site-packages/airflow/example_dags/example_bash_operator.py
[2021-11-24 13:34:43,695] {processor.py:620} INFO - Processing file /home/dante/DWBI/Apache/py_env/lib/python3.8/site-packages/airflow/example_dags/example_bash_operator.py for tasks to queue
[2021-11-24 13:34:43,697] {logging_mixin.py:109} INFO - [2021-11-24 13:34:43,696] {dagbag.py:500} INFO - Filling up the DagBag from /home/dante/DWBI/Apache/py_env/lib/python3.8/site-packages/airflow/example_dags/example_bash_operator.py
[2021-11-24 13:34:43,732] {processor.py:632} INFO - DAG(s) dict_keys(['example_bash_operator']) retrieved from /home/dante/DWBI/Apache/py_env/lib/python3.8/site-packages/airflow/example_dags/example_bash_operator.py
[2021-11-24 13:34:43,748] {logging_mixin.py:109} INFO - [2021-11-24 13:34:43,748] {dag.py:2389} INFO - Sync 1 DAGs
[2021-11-24 13:34:43,768] {logging_mixin.py:109} INFO - [2021-11-24 13:34:43,768] {dag.py:2921} INFO - Setting next_dagrun for example_bash_operator to 2021-11-23 00:00:00+00:00
[2021-11-24 13:34:43,786] {processor.py:171} INFO - Processing /home/dante/DWBI/Apache/py_env/lib/python3.8/site-packages/airflow/example_dags/example_bash_operator.py took 0.098 seconds
[2021-11-24 13:35:22,795] {processor.py:163} INFO - Started process (PID=48879) to work on /home/dante/DWBI/Apache/py_env/lib/python3.8/site-packages/airflow/example_dags/example_bash_operator.py
[2021-11-24 13:35:22,806] {processor.py:620} INFO - Processing file /home/dante/DWBI/Apache/py_env/lib/python3.8/site-packages/airflow/example_dags/example_bash_operator.py for tasks to queue
[2021-11-24 13:35:22,808] {logging_mixin.py:109} INFO - [2021-11-24 13:35:22,808] {dagbag.py:500} INFO - Filling up the DagBag from /home/dante/DWBI/Apache/py_env/lib/python3.8/site-packages/airflow/example_dags/example_bash_operator.py
[2021-11-24 13:35:22,842] {processor.py:632} INFO - DAG(s) dict_keys(['example_bash_operator']) retrieved from /home/dante/DWBI/Apache/py_env/lib/python3.8/site-packages/airflow/example_dags/example_bash_operator.py
[2021-11-24 13:35:22,849] {logging_mixin.py:109} INFO - [2021-11-24 13:35:22,849] {dag.py:2389} INFO - Sync 1 DAGs
[2021-11-24 13:35:22,859] {logging_mixin.py:109} INFO - [2021-11-24 13:35:22,859] {dag.py:2921} INFO - Setting next_dagrun for example_bash_operator to 2021-11-23 00:00:00+00:00
[2021-11-24 13:35:22,867] {processor.py:171} INFO - Processing /home/dante/DWBI/Apache/py_env/lib/python3.8/site-packages/airflow/example_dags/example_bash_operator.py took 0.076 seconds
[2021-11-24 13:36:03,620] {processor.py:163} INFO - Started process (PID=48971) to work on /home/dante/DWBI/Apache/py_env/lib/python3.8/site-packages/airflow/example_dags/example_bash_operator.py
[2021-11-24 13:36:03,632] {processor.py:620} INFO - Processing file /home/dante/DWBI/Apache/py_env/lib/python3.8/site-packages/airflow/example_dags/example_bash_operator.py for tasks to queue
[2021-11-24 13:36:03,633] {logging_mixin.py:109} INFO - [2021-11-24 13:36:03,633] {dagbag.py:500} INFO - Filling up the DagBag from /home/dante/DWBI/Apache/py_env/lib/python3.8/site-packages/airflow/example_dags/example_bash_operator.py
[2021-11-24 13:36:03,650] {processor.py:632} INFO - DAG(s) dict_keys(['example_bash_operator']) retrieved from /home/dante/DWBI/Apache/py_env/lib/python3.8/site-packages/airflow/example_dags/example_bash_operator.py
[2021-11-24 13:36:03,657] {logging_mixin.py:109} INFO - [2021-11-24 13:36:03,657] {dag.py:2389} INFO - Sync 1 DAGs
[2021-11-24 13:36:03,667] {logging_mixin.py:109} INFO - [2021-11-24 13:36:03,666] {dag.py:2921} INFO - Setting next_dagrun for example_bash_operator to 2021-11-23 00:00:00+00:00
[2021-11-24 13:36:03,673] {processor.py:171} INFO - Processing /home/dante/DWBI/Apache/py_env/lib/python3.8/site-packages/airflow/example_dags/example_bash_operator.py took 0.061 seconds
[2021-11-24 13:36:42,623] {processor.py:163} INFO - Started process (PID=49098) to work on /home/dante/DWBI/Apache/py_env/lib/python3.8/site-packages/airflow/example_dags/example_bash_operator.py
[2021-11-24 13:36:42,625] {processor.py:620} INFO - Processing file /home/dante/DWBI/Apache/py_env/lib/python3.8/site-packages/airflow/example_dags/example_bash_operator.py for tasks to queue
[2021-11-24 13:36:42,626] {logging_mixin.py:109} INFO - [2021-11-24 13:36:42,626] {dagbag.py:500} INFO - Filling up the DagBag from /home/dante/DWBI/Apache/py_env/lib/python3.8/site-packages/airflow/example_dags/example_bash_operator.py
[2021-11-24 13:36:42,641] {processor.py:632} INFO - DAG(s) dict_keys(['example_bash_operator']) retrieved from /home/dante/DWBI/Apache/py_env/lib/python3.8/site-packages/airflow/example_dags/example_bash_operator.py
[2021-11-24 13:36:42,648] {logging_mixin.py:109} INFO - [2021-11-24 13:36:42,648] {dag.py:2389} INFO - Sync 1 DAGs
[2021-11-24 13:36:42,658] {logging_mixin.py:109} INFO - [2021-11-24 13:36:42,658] {dag.py:2921} INFO - Setting next_dagrun for example_bash_operator to 2021-11-23 00:00:00+00:00
[2021-11-24 13:36:42,665] {processor.py:171} INFO - Processing /home/dante/DWBI/Apache/py_env/lib/python3.8/site-packages/airflow/example_dags/example_bash_operator.py took 0.044 seconds
[2021-11-24 13:37:24,023] {processor.py:163} INFO - Started process (PID=49266) to work on /home/dante/DWBI/Apache/py_env/lib/python3.8/site-packages/airflow/example_dags/example_bash_operator.py
[2021-11-24 13:37:24,033] {processor.py:620} INFO - Processing file /home/dante/DWBI/Apache/py_env/lib/python3.8/site-packages/airflow/example_dags/example_bash_operator.py for tasks to queue
[2021-11-24 13:37:24,033] {logging_mixin.py:109} INFO - [2021-11-24 13:37:24,033] {dagbag.py:500} INFO - Filling up the DagBag from /home/dante/DWBI/Apache/py_env/lib/python3.8/site-packages/airflow/example_dags/example_bash_operator.py
[2021-11-24 13:37:24,058] {processor.py:632} INFO - DAG(s) dict_keys(['example_bash_operator']) retrieved from /home/dante/DWBI/Apache/py_env/lib/python3.8/site-packages/airflow/example_dags/example_bash_operator.py
[2021-11-24 13:37:24,066] {logging_mixin.py:109} INFO - [2021-11-24 13:37:24,066] {dag.py:2389} INFO - Sync 1 DAGs
[2021-11-24 13:37:24,076] {logging_mixin.py:109} INFO - [2021-11-24 13:37:24,076] {dag.py:2921} INFO - Setting next_dagrun for example_bash_operator to 2021-11-23 00:00:00+00:00
[2021-11-24 13:37:24,101] {processor.py:171} INFO - Processing /home/dante/DWBI/Apache/py_env/lib/python3.8/site-packages/airflow/example_dags/example_bash_operator.py took 0.080 seconds
[2021-11-24 13:38:08,227] {processor.py:163} INFO - Started process (PID=49355) to work on /home/dante/DWBI/Apache/py_env/lib/python3.8/site-packages/airflow/example_dags/example_bash_operator.py
[2021-11-24 13:38:08,235] {processor.py:620} INFO - Processing file /home/dante/DWBI/Apache/py_env/lib/python3.8/site-packages/airflow/example_dags/example_bash_operator.py for tasks to queue
[2021-11-24 13:38:08,236] {logging_mixin.py:109} INFO - [2021-11-24 13:38:08,236] {dagbag.py:500} INFO - Filling up the DagBag from /home/dante/DWBI/Apache/py_env/lib/python3.8/site-packages/airflow/example_dags/example_bash_operator.py
[2021-11-24 13:38:08,253] {processor.py:632} INFO - DAG(s) dict_keys(['example_bash_operator']) retrieved from /home/dante/DWBI/Apache/py_env/lib/python3.8/site-packages/airflow/example_dags/example_bash_operator.py
[2021-11-24 13:38:08,259] {logging_mixin.py:109} INFO - [2021-11-24 13:38:08,259] {dag.py:2389} INFO - Sync 1 DAGs
[2021-11-24 13:38:08,270] {logging_mixin.py:109} INFO - [2021-11-24 13:38:08,270] {dag.py:2921} INFO - Setting next_dagrun for example_bash_operator to 2021-11-23 00:00:00+00:00
[2021-11-24 13:38:08,277] {processor.py:171} INFO - Processing /home/dante/DWBI/Apache/py_env/lib/python3.8/site-packages/airflow/example_dags/example_bash_operator.py took 0.053 seconds
[2021-11-24 13:38:54,080] {processor.py:163} INFO - Started process (PID=49448) to work on /home/dante/DWBI/Apache/py_env/lib/python3.8/site-packages/airflow/example_dags/example_bash_operator.py
[2021-11-24 13:38:54,089] {processor.py:620} INFO - Processing file /home/dante/DWBI/Apache/py_env/lib/python3.8/site-packages/airflow/example_dags/example_bash_operator.py for tasks to queue
[2021-11-24 13:38:54,090] {logging_mixin.py:109} INFO - [2021-11-24 13:38:54,089] {dagbag.py:500} INFO - Filling up the DagBag from /home/dante/DWBI/Apache/py_env/lib/python3.8/site-packages/airflow/example_dags/example_bash_operator.py
[2021-11-24 13:38:54,111] {processor.py:632} INFO - DAG(s) dict_keys(['example_bash_operator']) retrieved from /home/dante/DWBI/Apache/py_env/lib/python3.8/site-packages/airflow/example_dags/example_bash_operator.py
[2021-11-24 13:38:54,119] {logging_mixin.py:109} INFO - [2021-11-24 13:38:54,119] {dag.py:2389} INFO - Sync 1 DAGs
[2021-11-24 13:38:54,129] {logging_mixin.py:109} INFO - [2021-11-24 13:38:54,129] {dag.py:2921} INFO - Setting next_dagrun for example_bash_operator to 2021-11-23 00:00:00+00:00
[2021-11-24 13:38:54,141] {processor.py:171} INFO - Processing /home/dante/DWBI/Apache/py_env/lib/python3.8/site-packages/airflow/example_dags/example_bash_operator.py took 0.064 seconds
[2021-11-24 13:39:34,567] {processor.py:163} INFO - Started process (PID=49602) to work on /home/dante/DWBI/Apache/py_env/lib/python3.8/site-packages/airflow/example_dags/example_bash_operator.py
[2021-11-24 13:39:34,570] {processor.py:620} INFO - Processing file /home/dante/DWBI/Apache/py_env/lib/python3.8/site-packages/airflow/example_dags/example_bash_operator.py for tasks to queue
[2021-11-24 13:39:34,571] {logging_mixin.py:109} INFO - [2021-11-24 13:39:34,571] {dagbag.py:500} INFO - Filling up the DagBag from /home/dante/DWBI/Apache/py_env/lib/python3.8/site-packages/airflow/example_dags/example_bash_operator.py
[2021-11-24 13:39:34,594] {processor.py:632} INFO - DAG(s) dict_keys(['example_bash_operator']) retrieved from /home/dante/DWBI/Apache/py_env/lib/python3.8/site-packages/airflow/example_dags/example_bash_operator.py
[2021-11-24 13:39:34,604] {logging_mixin.py:109} INFO - [2021-11-24 13:39:34,604] {dag.py:2389} INFO - Sync 1 DAGs
[2021-11-24 13:39:34,615] {logging_mixin.py:109} INFO - [2021-11-24 13:39:34,615] {dag.py:2921} INFO - Setting next_dagrun for example_bash_operator to 2021-11-23 00:00:00+00:00
[2021-11-24 13:39:34,623] {processor.py:171} INFO - Processing /home/dante/DWBI/Apache/py_env/lib/python3.8/site-packages/airflow/example_dags/example_bash_operator.py took 0.059 seconds
[2021-11-24 13:40:13,190] {processor.py:163} INFO - Started process (PID=49669) to work on /home/dante/DWBI/Apache/py_env/lib/python3.8/site-packages/airflow/example_dags/example_bash_operator.py
[2021-11-24 13:40:13,202] {processor.py:620} INFO - Processing file /home/dante/DWBI/Apache/py_env/lib/python3.8/site-packages/airflow/example_dags/example_bash_operator.py for tasks to queue
[2021-11-24 13:40:13,204] {logging_mixin.py:109} INFO - [2021-11-24 13:40:13,204] {dagbag.py:500} INFO - Filling up the DagBag from /home/dante/DWBI/Apache/py_env/lib/python3.8/site-packages/airflow/example_dags/example_bash_operator.py
[2021-11-24 13:40:13,232] {processor.py:632} INFO - DAG(s) dict_keys(['example_bash_operator']) retrieved from /home/dante/DWBI/Apache/py_env/lib/python3.8/site-packages/airflow/example_dags/example_bash_operator.py
[2021-11-24 13:40:13,239] {logging_mixin.py:109} INFO - [2021-11-24 13:40:13,239] {dag.py:2389} INFO - Sync 1 DAGs
[2021-11-24 13:40:13,249] {logging_mixin.py:109} INFO - [2021-11-24 13:40:13,249] {dag.py:2921} INFO - Setting next_dagrun for example_bash_operator to 2021-11-23 00:00:00+00:00
[2021-11-24 13:40:13,265] {processor.py:171} INFO - Processing /home/dante/DWBI/Apache/py_env/lib/python3.8/site-packages/airflow/example_dags/example_bash_operator.py took 0.083 seconds
[2021-11-24 13:40:52,231] {processor.py:163} INFO - Started process (PID=49766) to work on /home/dante/DWBI/Apache/py_env/lib/python3.8/site-packages/airflow/example_dags/example_bash_operator.py
[2021-11-24 13:40:52,242] {processor.py:620} INFO - Processing file /home/dante/DWBI/Apache/py_env/lib/python3.8/site-packages/airflow/example_dags/example_bash_operator.py for tasks to queue
[2021-11-24 13:40:52,242] {logging_mixin.py:109} INFO - [2021-11-24 13:40:52,242] {dagbag.py:500} INFO - Filling up the DagBag from /home/dante/DWBI/Apache/py_env/lib/python3.8/site-packages/airflow/example_dags/example_bash_operator.py
[2021-11-24 13:40:52,267] {processor.py:632} INFO - DAG(s) dict_keys(['example_bash_operator']) retrieved from /home/dante/DWBI/Apache/py_env/lib/python3.8/site-packages/airflow/example_dags/example_bash_operator.py
[2021-11-24 13:40:52,275] {logging_mixin.py:109} INFO - [2021-11-24 13:40:52,275] {dag.py:2389} INFO - Sync 1 DAGs
[2021-11-24 13:40:52,285] {logging_mixin.py:109} INFO - [2021-11-24 13:40:52,285] {dag.py:2921} INFO - Setting next_dagrun for example_bash_operator to 2021-11-23 00:00:00+00:00
[2021-11-24 13:40:52,296] {processor.py:171} INFO - Processing /home/dante/DWBI/Apache/py_env/lib/python3.8/site-packages/airflow/example_dags/example_bash_operator.py took 0.067 seconds
[2021-11-24 13:41:29,867] {processor.py:163} INFO - Started process (PID=49829) to work on /home/dante/DWBI/Apache/py_env/lib/python3.8/site-packages/airflow/example_dags/example_bash_operator.py
[2021-11-24 13:41:29,879] {processor.py:620} INFO - Processing file /home/dante/DWBI/Apache/py_env/lib/python3.8/site-packages/airflow/example_dags/example_bash_operator.py for tasks to queue
[2021-11-24 13:41:29,881] {logging_mixin.py:109} INFO - [2021-11-24 13:41:29,880] {dagbag.py:500} INFO - Filling up the DagBag from /home/dante/DWBI/Apache/py_env/lib/python3.8/site-packages/airflow/example_dags/example_bash_operator.py
[2021-11-24 13:41:29,913] {processor.py:632} INFO - DAG(s) dict_keys(['example_bash_operator']) retrieved from /home/dante/DWBI/Apache/py_env/lib/python3.8/site-packages/airflow/example_dags/example_bash_operator.py
[2021-11-24 13:41:29,920] {logging_mixin.py:109} INFO - [2021-11-24 13:41:29,919] {dag.py:2389} INFO - Sync 1 DAGs
[2021-11-24 13:41:29,929] {logging_mixin.py:109} INFO - [2021-11-24 13:41:29,929] {dag.py:2921} INFO - Setting next_dagrun for example_bash_operator to 2021-11-23 00:00:00+00:00
[2021-11-24 13:41:29,958] {processor.py:171} INFO - Processing /home/dante/DWBI/Apache/py_env/lib/python3.8/site-packages/airflow/example_dags/example_bash_operator.py took 0.098 seconds
[2021-11-24 13:42:06,583] {processor.py:163} INFO - Started process (PID=49957) to work on /home/dante/DWBI/Apache/py_env/lib/python3.8/site-packages/airflow/example_dags/example_bash_operator.py
[2021-11-24 13:42:06,587] {processor.py:620} INFO - Processing file /home/dante/DWBI/Apache/py_env/lib/python3.8/site-packages/airflow/example_dags/example_bash_operator.py for tasks to queue
[2021-11-24 13:42:06,589] {logging_mixin.py:109} INFO - [2021-11-24 13:42:06,588] {dagbag.py:500} INFO - Filling up the DagBag from /home/dante/DWBI/Apache/py_env/lib/python3.8/site-packages/airflow/example_dags/example_bash_operator.py
[2021-11-24 13:42:06,616] {processor.py:632} INFO - DAG(s) dict_keys(['example_bash_operator']) retrieved from /home/dante/DWBI/Apache/py_env/lib/python3.8/site-packages/airflow/example_dags/example_bash_operator.py
[2021-11-24 13:42:06,623] {logging_mixin.py:109} INFO - [2021-11-24 13:42:06,623] {dag.py:2389} INFO - Sync 1 DAGs
[2021-11-24 13:42:06,634] {logging_mixin.py:109} INFO - [2021-11-24 13:42:06,634] {dag.py:2921} INFO - Setting next_dagrun for example_bash_operator to 2021-11-23 00:00:00+00:00
[2021-11-24 13:42:06,642] {processor.py:171} INFO - Processing /home/dante/DWBI/Apache/py_env/lib/python3.8/site-packages/airflow/example_dags/example_bash_operator.py took 0.067 seconds
