[2021-11-24 13:01:44,728] {processor.py:163} INFO - Started process (PID=42684) to work on /home/dante/DWBI/Apache/py_env/lib/python3.8/site-packages/airflow/example_dags/example_trigger_target_dag.py
[2021-11-24 13:01:44,731] {processor.py:620} INFO - Processing file /home/dante/DWBI/Apache/py_env/lib/python3.8/site-packages/airflow/example_dags/example_trigger_target_dag.py for tasks to queue
[2021-11-24 13:01:44,732] {logging_mixin.py:109} INFO - [2021-11-24 13:01:44,732] {dagbag.py:500} INFO - Filling up the DagBag from /home/dante/DWBI/Apache/py_env/lib/python3.8/site-packages/airflow/example_dags/example_trigger_target_dag.py
[2021-11-24 13:01:44,760] {processor.py:632} INFO - DAG(s) dict_keys(['example_trigger_target_dag']) retrieved from /home/dante/DWBI/Apache/py_env/lib/python3.8/site-packages/airflow/example_dags/example_trigger_target_dag.py
[2021-11-24 13:01:44,766] {logging_mixin.py:109} INFO - [2021-11-24 13:01:44,766] {dag.py:2389} INFO - Sync 1 DAGs
[2021-11-24 13:01:44,776] {logging_mixin.py:109} INFO - [2021-11-24 13:01:44,776] {dag.py:2921} INFO - Setting next_dagrun for example_trigger_target_dag to None
[2021-11-24 13:01:44,791] {processor.py:171} INFO - Processing /home/dante/DWBI/Apache/py_env/lib/python3.8/site-packages/airflow/example_dags/example_trigger_target_dag.py took 0.070 seconds
[2021-11-24 13:02:23,021] {processor.py:163} INFO - Started process (PID=42734) to work on /home/dante/DWBI/Apache/py_env/lib/python3.8/site-packages/airflow/example_dags/example_trigger_target_dag.py
[2021-11-24 13:02:23,032] {processor.py:620} INFO - Processing file /home/dante/DWBI/Apache/py_env/lib/python3.8/site-packages/airflow/example_dags/example_trigger_target_dag.py for tasks to queue
[2021-11-24 13:02:23,033] {logging_mixin.py:109} INFO - [2021-11-24 13:02:23,033] {dagbag.py:500} INFO - Filling up the DagBag from /home/dante/DWBI/Apache/py_env/lib/python3.8/site-packages/airflow/example_dags/example_trigger_target_dag.py
[2021-11-24 13:02:23,058] {processor.py:632} INFO - DAG(s) dict_keys(['example_trigger_target_dag']) retrieved from /home/dante/DWBI/Apache/py_env/lib/python3.8/site-packages/airflow/example_dags/example_trigger_target_dag.py
[2021-11-24 13:02:23,066] {logging_mixin.py:109} INFO - [2021-11-24 13:02:23,066] {dag.py:2389} INFO - Sync 1 DAGs
[2021-11-24 13:02:23,077] {logging_mixin.py:109} INFO - [2021-11-24 13:02:23,077] {dag.py:2921} INFO - Setting next_dagrun for example_trigger_target_dag to None
[2021-11-24 13:02:23,099] {processor.py:171} INFO - Processing /home/dante/DWBI/Apache/py_env/lib/python3.8/site-packages/airflow/example_dags/example_trigger_target_dag.py took 0.080 seconds
[2021-11-24 13:03:01,619] {processor.py:163} INFO - Started process (PID=42844) to work on /home/dante/DWBI/Apache/py_env/lib/python3.8/site-packages/airflow/example_dags/example_trigger_target_dag.py
[2021-11-24 13:03:01,621] {processor.py:620} INFO - Processing file /home/dante/DWBI/Apache/py_env/lib/python3.8/site-packages/airflow/example_dags/example_trigger_target_dag.py for tasks to queue
[2021-11-24 13:03:01,621] {logging_mixin.py:109} INFO - [2021-11-24 13:03:01,621] {dagbag.py:500} INFO - Filling up the DagBag from /home/dante/DWBI/Apache/py_env/lib/python3.8/site-packages/airflow/example_dags/example_trigger_target_dag.py
[2021-11-24 13:03:01,639] {processor.py:632} INFO - DAG(s) dict_keys(['example_trigger_target_dag']) retrieved from /home/dante/DWBI/Apache/py_env/lib/python3.8/site-packages/airflow/example_dags/example_trigger_target_dag.py
[2021-11-24 13:03:01,647] {logging_mixin.py:109} INFO - [2021-11-24 13:03:01,647] {dag.py:2389} INFO - Sync 1 DAGs
[2021-11-24 13:03:01,662] {logging_mixin.py:109} INFO - [2021-11-24 13:03:01,662] {dag.py:2921} INFO - Setting next_dagrun for example_trigger_target_dag to None
[2021-11-24 13:03:01,672] {processor.py:171} INFO - Processing /home/dante/DWBI/Apache/py_env/lib/python3.8/site-packages/airflow/example_dags/example_trigger_target_dag.py took 0.056 seconds
[2021-11-24 13:03:39,108] {processor.py:163} INFO - Started process (PID=42906) to work on /home/dante/DWBI/Apache/py_env/lib/python3.8/site-packages/airflow/example_dags/example_trigger_target_dag.py
[2021-11-24 13:03:39,112] {processor.py:620} INFO - Processing file /home/dante/DWBI/Apache/py_env/lib/python3.8/site-packages/airflow/example_dags/example_trigger_target_dag.py for tasks to queue
[2021-11-24 13:03:39,114] {logging_mixin.py:109} INFO - [2021-11-24 13:03:39,113] {dagbag.py:500} INFO - Filling up the DagBag from /home/dante/DWBI/Apache/py_env/lib/python3.8/site-packages/airflow/example_dags/example_trigger_target_dag.py
[2021-11-24 13:03:39,146] {processor.py:632} INFO - DAG(s) dict_keys(['example_trigger_target_dag']) retrieved from /home/dante/DWBI/Apache/py_env/lib/python3.8/site-packages/airflow/example_dags/example_trigger_target_dag.py
[2021-11-24 13:03:39,152] {logging_mixin.py:109} INFO - [2021-11-24 13:03:39,152] {dag.py:2389} INFO - Sync 1 DAGs
[2021-11-24 13:03:39,161] {logging_mixin.py:109} INFO - [2021-11-24 13:03:39,161] {dag.py:2921} INFO - Setting next_dagrun for example_trigger_target_dag to None
[2021-11-24 13:03:39,168] {processor.py:171} INFO - Processing /home/dante/DWBI/Apache/py_env/lib/python3.8/site-packages/airflow/example_dags/example_trigger_target_dag.py took 0.067 seconds
[2021-11-24 13:04:16,838] {processor.py:163} INFO - Started process (PID=42961) to work on /home/dante/DWBI/Apache/py_env/lib/python3.8/site-packages/airflow/example_dags/example_trigger_target_dag.py
[2021-11-24 13:04:16,847] {processor.py:620} INFO - Processing file /home/dante/DWBI/Apache/py_env/lib/python3.8/site-packages/airflow/example_dags/example_trigger_target_dag.py for tasks to queue
[2021-11-24 13:04:16,848] {logging_mixin.py:109} INFO - [2021-11-24 13:04:16,848] {dagbag.py:500} INFO - Filling up the DagBag from /home/dante/DWBI/Apache/py_env/lib/python3.8/site-packages/airflow/example_dags/example_trigger_target_dag.py
[2021-11-24 13:04:16,873] {processor.py:632} INFO - DAG(s) dict_keys(['example_trigger_target_dag']) retrieved from /home/dante/DWBI/Apache/py_env/lib/python3.8/site-packages/airflow/example_dags/example_trigger_target_dag.py
[2021-11-24 13:04:16,881] {logging_mixin.py:109} INFO - [2021-11-24 13:04:16,881] {dag.py:2389} INFO - Sync 1 DAGs
[2021-11-24 13:04:16,890] {logging_mixin.py:109} INFO - [2021-11-24 13:04:16,890] {dag.py:2921} INFO - Setting next_dagrun for example_trigger_target_dag to None
[2021-11-24 13:04:16,899] {processor.py:171} INFO - Processing /home/dante/DWBI/Apache/py_env/lib/python3.8/site-packages/airflow/example_dags/example_trigger_target_dag.py took 0.063 seconds
[2021-11-24 13:04:59,257] {processor.py:163} INFO - Started process (PID=43174) to work on /home/dante/DWBI/Apache/py_env/lib/python3.8/site-packages/airflow/example_dags/example_trigger_target_dag.py
[2021-11-24 13:04:59,268] {processor.py:620} INFO - Processing file /home/dante/DWBI/Apache/py_env/lib/python3.8/site-packages/airflow/example_dags/example_trigger_target_dag.py for tasks to queue
[2021-11-24 13:04:59,271] {logging_mixin.py:109} INFO - [2021-11-24 13:04:59,270] {dagbag.py:500} INFO - Filling up the DagBag from /home/dante/DWBI/Apache/py_env/lib/python3.8/site-packages/airflow/example_dags/example_trigger_target_dag.py
[2021-11-24 13:04:59,309] {processor.py:632} INFO - DAG(s) dict_keys(['example_trigger_target_dag']) retrieved from /home/dante/DWBI/Apache/py_env/lib/python3.8/site-packages/airflow/example_dags/example_trigger_target_dag.py
[2021-11-24 13:04:59,317] {logging_mixin.py:109} INFO - [2021-11-24 13:04:59,317] {dag.py:2389} INFO - Sync 1 DAGs
[2021-11-24 13:04:59,326] {logging_mixin.py:109} INFO - [2021-11-24 13:04:59,326] {dag.py:2921} INFO - Setting next_dagrun for example_trigger_target_dag to None
[2021-11-24 13:04:59,336] {processor.py:171} INFO - Processing /home/dante/DWBI/Apache/py_env/lib/python3.8/site-packages/airflow/example_dags/example_trigger_target_dag.py took 0.085 seconds
[2021-11-24 13:05:35,583] {processor.py:163} INFO - Started process (PID=43241) to work on /home/dante/DWBI/Apache/py_env/lib/python3.8/site-packages/airflow/example_dags/example_trigger_target_dag.py
[2021-11-24 13:05:35,594] {processor.py:620} INFO - Processing file /home/dante/DWBI/Apache/py_env/lib/python3.8/site-packages/airflow/example_dags/example_trigger_target_dag.py for tasks to queue
[2021-11-24 13:05:35,595] {logging_mixin.py:109} INFO - [2021-11-24 13:05:35,595] {dagbag.py:500} INFO - Filling up the DagBag from /home/dante/DWBI/Apache/py_env/lib/python3.8/site-packages/airflow/example_dags/example_trigger_target_dag.py
[2021-11-24 13:05:35,624] {processor.py:632} INFO - DAG(s) dict_keys(['example_trigger_target_dag']) retrieved from /home/dante/DWBI/Apache/py_env/lib/python3.8/site-packages/airflow/example_dags/example_trigger_target_dag.py
[2021-11-24 13:05:35,632] {logging_mixin.py:109} INFO - [2021-11-24 13:05:35,632] {dag.py:2389} INFO - Sync 1 DAGs
[2021-11-24 13:05:35,641] {logging_mixin.py:109} INFO - [2021-11-24 13:05:35,641] {dag.py:2921} INFO - Setting next_dagrun for example_trigger_target_dag to None
[2021-11-24 13:05:35,648] {processor.py:171} INFO - Processing /home/dante/DWBI/Apache/py_env/lib/python3.8/site-packages/airflow/example_dags/example_trigger_target_dag.py took 0.068 seconds
[2021-11-24 13:06:08,531] {processor.py:163} INFO - Started process (PID=43295) to work on /home/dante/DWBI/Apache/py_env/lib/python3.8/site-packages/airflow/example_dags/example_trigger_target_dag.py
[2021-11-24 13:06:08,542] {processor.py:620} INFO - Processing file /home/dante/DWBI/Apache/py_env/lib/python3.8/site-packages/airflow/example_dags/example_trigger_target_dag.py for tasks to queue
[2021-11-24 13:06:08,543] {logging_mixin.py:109} INFO - [2021-11-24 13:06:08,543] {dagbag.py:500} INFO - Filling up the DagBag from /home/dante/DWBI/Apache/py_env/lib/python3.8/site-packages/airflow/example_dags/example_trigger_target_dag.py
[2021-11-24 13:06:08,577] {processor.py:632} INFO - DAG(s) dict_keys(['example_trigger_target_dag']) retrieved from /home/dante/DWBI/Apache/py_env/lib/python3.8/site-packages/airflow/example_dags/example_trigger_target_dag.py
[2021-11-24 13:06:08,584] {logging_mixin.py:109} INFO - [2021-11-24 13:06:08,584] {dag.py:2389} INFO - Sync 1 DAGs
[2021-11-24 13:06:08,597] {logging_mixin.py:109} INFO - [2021-11-24 13:06:08,597] {dag.py:2921} INFO - Setting next_dagrun for example_trigger_target_dag to None
[2021-11-24 13:06:08,613] {processor.py:171} INFO - Processing /home/dante/DWBI/Apache/py_env/lib/python3.8/site-packages/airflow/example_dags/example_trigger_target_dag.py took 0.089 seconds
[2021-11-24 13:06:48,111] {processor.py:163} INFO - Started process (PID=43378) to work on /home/dante/DWBI/Apache/py_env/lib/python3.8/site-packages/airflow/example_dags/example_trigger_target_dag.py
[2021-11-24 13:06:48,121] {processor.py:620} INFO - Processing file /home/dante/DWBI/Apache/py_env/lib/python3.8/site-packages/airflow/example_dags/example_trigger_target_dag.py for tasks to queue
[2021-11-24 13:06:48,121] {logging_mixin.py:109} INFO - [2021-11-24 13:06:48,121] {dagbag.py:500} INFO - Filling up the DagBag from /home/dante/DWBI/Apache/py_env/lib/python3.8/site-packages/airflow/example_dags/example_trigger_target_dag.py
[2021-11-24 13:06:48,142] {processor.py:632} INFO - DAG(s) dict_keys(['example_trigger_target_dag']) retrieved from /home/dante/DWBI/Apache/py_env/lib/python3.8/site-packages/airflow/example_dags/example_trigger_target_dag.py
[2021-11-24 13:06:48,149] {logging_mixin.py:109} INFO - [2021-11-24 13:06:48,149] {dag.py:2389} INFO - Sync 1 DAGs
[2021-11-24 13:06:48,158] {logging_mixin.py:109} INFO - [2021-11-24 13:06:48,157] {dag.py:2921} INFO - Setting next_dagrun for example_trigger_target_dag to None
[2021-11-24 13:06:48,166] {processor.py:171} INFO - Processing /home/dante/DWBI/Apache/py_env/lib/python3.8/site-packages/airflow/example_dags/example_trigger_target_dag.py took 0.057 seconds
[2021-11-24 13:07:24,561] {processor.py:163} INFO - Started process (PID=43427) to work on /home/dante/DWBI/Apache/py_env/lib/python3.8/site-packages/airflow/example_dags/example_trigger_target_dag.py
[2021-11-24 13:07:24,565] {processor.py:620} INFO - Processing file /home/dante/DWBI/Apache/py_env/lib/python3.8/site-packages/airflow/example_dags/example_trigger_target_dag.py for tasks to queue
[2021-11-24 13:07:24,566] {logging_mixin.py:109} INFO - [2021-11-24 13:07:24,566] {dagbag.py:500} INFO - Filling up the DagBag from /home/dante/DWBI/Apache/py_env/lib/python3.8/site-packages/airflow/example_dags/example_trigger_target_dag.py
[2021-11-24 13:07:24,586] {processor.py:632} INFO - DAG(s) dict_keys(['example_trigger_target_dag']) retrieved from /home/dante/DWBI/Apache/py_env/lib/python3.8/site-packages/airflow/example_dags/example_trigger_target_dag.py
[2021-11-24 13:07:24,592] {logging_mixin.py:109} INFO - [2021-11-24 13:07:24,592] {dag.py:2389} INFO - Sync 1 DAGs
[2021-11-24 13:07:24,601] {logging_mixin.py:109} INFO - [2021-11-24 13:07:24,600] {dag.py:2921} INFO - Setting next_dagrun for example_trigger_target_dag to None
[2021-11-24 13:07:24,607] {processor.py:171} INFO - Processing /home/dante/DWBI/Apache/py_env/lib/python3.8/site-packages/airflow/example_dags/example_trigger_target_dag.py took 0.051 seconds
[2021-11-24 13:07:58,163] {processor.py:163} INFO - Started process (PID=43471) to work on /home/dante/DWBI/Apache/py_env/lib/python3.8/site-packages/airflow/example_dags/example_trigger_target_dag.py
[2021-11-24 13:07:58,174] {processor.py:620} INFO - Processing file /home/dante/DWBI/Apache/py_env/lib/python3.8/site-packages/airflow/example_dags/example_trigger_target_dag.py for tasks to queue
[2021-11-24 13:07:58,175] {logging_mixin.py:109} INFO - [2021-11-24 13:07:58,175] {dagbag.py:500} INFO - Filling up the DagBag from /home/dante/DWBI/Apache/py_env/lib/python3.8/site-packages/airflow/example_dags/example_trigger_target_dag.py
[2021-11-24 13:07:58,212] {processor.py:632} INFO - DAG(s) dict_keys(['example_trigger_target_dag']) retrieved from /home/dante/DWBI/Apache/py_env/lib/python3.8/site-packages/airflow/example_dags/example_trigger_target_dag.py
[2021-11-24 13:07:58,220] {logging_mixin.py:109} INFO - [2021-11-24 13:07:58,220] {dag.py:2389} INFO - Sync 1 DAGs
[2021-11-24 13:07:58,229] {logging_mixin.py:109} INFO - [2021-11-24 13:07:58,228] {dag.py:2921} INFO - Setting next_dagrun for example_trigger_target_dag to None
[2021-11-24 13:07:58,238] {processor.py:171} INFO - Processing /home/dante/DWBI/Apache/py_env/lib/python3.8/site-packages/airflow/example_dags/example_trigger_target_dag.py took 0.078 seconds
[2021-11-24 13:08:36,026] {processor.py:163} INFO - Started process (PID=43540) to work on /home/dante/DWBI/Apache/py_env/lib/python3.8/site-packages/airflow/example_dags/example_trigger_target_dag.py
[2021-11-24 13:08:36,036] {processor.py:620} INFO - Processing file /home/dante/DWBI/Apache/py_env/lib/python3.8/site-packages/airflow/example_dags/example_trigger_target_dag.py for tasks to queue
[2021-11-24 13:08:36,038] {logging_mixin.py:109} INFO - [2021-11-24 13:08:36,038] {dagbag.py:500} INFO - Filling up the DagBag from /home/dante/DWBI/Apache/py_env/lib/python3.8/site-packages/airflow/example_dags/example_trigger_target_dag.py
[2021-11-24 13:08:36,070] {processor.py:632} INFO - DAG(s) dict_keys(['example_trigger_target_dag']) retrieved from /home/dante/DWBI/Apache/py_env/lib/python3.8/site-packages/airflow/example_dags/example_trigger_target_dag.py
[2021-11-24 13:08:36,077] {logging_mixin.py:109} INFO - [2021-11-24 13:08:36,077] {dag.py:2389} INFO - Sync 1 DAGs
[2021-11-24 13:08:36,085] {logging_mixin.py:109} INFO - [2021-11-24 13:08:36,085] {dag.py:2921} INFO - Setting next_dagrun for example_trigger_target_dag to None
[2021-11-24 13:08:36,093] {processor.py:171} INFO - Processing /home/dante/DWBI/Apache/py_env/lib/python3.8/site-packages/airflow/example_dags/example_trigger_target_dag.py took 0.074 seconds
[2021-11-24 13:09:12,509] {processor.py:163} INFO - Started process (PID=43605) to work on /home/dante/DWBI/Apache/py_env/lib/python3.8/site-packages/airflow/example_dags/example_trigger_target_dag.py
[2021-11-24 13:09:12,520] {processor.py:620} INFO - Processing file /home/dante/DWBI/Apache/py_env/lib/python3.8/site-packages/airflow/example_dags/example_trigger_target_dag.py for tasks to queue
[2021-11-24 13:09:12,522] {logging_mixin.py:109} INFO - [2021-11-24 13:09:12,522] {dagbag.py:500} INFO - Filling up the DagBag from /home/dante/DWBI/Apache/py_env/lib/python3.8/site-packages/airflow/example_dags/example_trigger_target_dag.py
[2021-11-24 13:09:12,552] {processor.py:632} INFO - DAG(s) dict_keys(['example_trigger_target_dag']) retrieved from /home/dante/DWBI/Apache/py_env/lib/python3.8/site-packages/airflow/example_dags/example_trigger_target_dag.py
[2021-11-24 13:09:12,559] {logging_mixin.py:109} INFO - [2021-11-24 13:09:12,559] {dag.py:2389} INFO - Sync 1 DAGs
[2021-11-24 13:09:12,568] {logging_mixin.py:109} INFO - [2021-11-24 13:09:12,567] {dag.py:2921} INFO - Setting next_dagrun for example_trigger_target_dag to None
[2021-11-24 13:09:12,584] {processor.py:171} INFO - Processing /home/dante/DWBI/Apache/py_env/lib/python3.8/site-packages/airflow/example_dags/example_trigger_target_dag.py took 0.081 seconds
[2021-11-24 13:09:52,936] {processor.py:163} INFO - Started process (PID=43805) to work on /home/dante/DWBI/Apache/py_env/lib/python3.8/site-packages/airflow/example_dags/example_trigger_target_dag.py
[2021-11-24 13:09:52,945] {processor.py:620} INFO - Processing file /home/dante/DWBI/Apache/py_env/lib/python3.8/site-packages/airflow/example_dags/example_trigger_target_dag.py for tasks to queue
[2021-11-24 13:09:52,946] {logging_mixin.py:109} INFO - [2021-11-24 13:09:52,946] {dagbag.py:500} INFO - Filling up the DagBag from /home/dante/DWBI/Apache/py_env/lib/python3.8/site-packages/airflow/example_dags/example_trigger_target_dag.py
[2021-11-24 13:09:52,976] {processor.py:632} INFO - DAG(s) dict_keys(['example_trigger_target_dag']) retrieved from /home/dante/DWBI/Apache/py_env/lib/python3.8/site-packages/airflow/example_dags/example_trigger_target_dag.py
[2021-11-24 13:09:52,984] {logging_mixin.py:109} INFO - [2021-11-24 13:09:52,983] {dag.py:2389} INFO - Sync 1 DAGs
[2021-11-24 13:09:52,993] {logging_mixin.py:109} INFO - [2021-11-24 13:09:52,993] {dag.py:2921} INFO - Setting next_dagrun for example_trigger_target_dag to None
[2021-11-24 13:09:53,000] {processor.py:171} INFO - Processing /home/dante/DWBI/Apache/py_env/lib/python3.8/site-packages/airflow/example_dags/example_trigger_target_dag.py took 0.067 seconds
[2021-11-24 13:10:28,921] {processor.py:163} INFO - Started process (PID=43990) to work on /home/dante/DWBI/Apache/py_env/lib/python3.8/site-packages/airflow/example_dags/example_trigger_target_dag.py
[2021-11-24 13:10:28,930] {processor.py:620} INFO - Processing file /home/dante/DWBI/Apache/py_env/lib/python3.8/site-packages/airflow/example_dags/example_trigger_target_dag.py for tasks to queue
[2021-11-24 13:10:28,931] {logging_mixin.py:109} INFO - [2021-11-24 13:10:28,931] {dagbag.py:500} INFO - Filling up the DagBag from /home/dante/DWBI/Apache/py_env/lib/python3.8/site-packages/airflow/example_dags/example_trigger_target_dag.py
[2021-11-24 13:10:28,946] {processor.py:632} INFO - DAG(s) dict_keys(['example_trigger_target_dag']) retrieved from /home/dante/DWBI/Apache/py_env/lib/python3.8/site-packages/airflow/example_dags/example_trigger_target_dag.py
[2021-11-24 13:10:28,952] {logging_mixin.py:109} INFO - [2021-11-24 13:10:28,952] {dag.py:2389} INFO - Sync 1 DAGs
[2021-11-24 13:10:28,961] {logging_mixin.py:109} INFO - [2021-11-24 13:10:28,961] {dag.py:2921} INFO - Setting next_dagrun for example_trigger_target_dag to None
[2021-11-24 13:10:28,969] {processor.py:171} INFO - Processing /home/dante/DWBI/Apache/py_env/lib/python3.8/site-packages/airflow/example_dags/example_trigger_target_dag.py took 0.050 seconds
[2021-11-24 13:11:09,009] {processor.py:163} INFO - Started process (PID=44133) to work on /home/dante/DWBI/Apache/py_env/lib/python3.8/site-packages/airflow/example_dags/example_trigger_target_dag.py
[2021-11-24 13:11:09,020] {processor.py:620} INFO - Processing file /home/dante/DWBI/Apache/py_env/lib/python3.8/site-packages/airflow/example_dags/example_trigger_target_dag.py for tasks to queue
[2021-11-24 13:11:09,022] {logging_mixin.py:109} INFO - [2021-11-24 13:11:09,021] {dagbag.py:500} INFO - Filling up the DagBag from /home/dante/DWBI/Apache/py_env/lib/python3.8/site-packages/airflow/example_dags/example_trigger_target_dag.py
[2021-11-24 13:11:09,053] {processor.py:632} INFO - DAG(s) dict_keys(['example_trigger_target_dag']) retrieved from /home/dante/DWBI/Apache/py_env/lib/python3.8/site-packages/airflow/example_dags/example_trigger_target_dag.py
[2021-11-24 13:11:09,060] {logging_mixin.py:109} INFO - [2021-11-24 13:11:09,060] {dag.py:2389} INFO - Sync 1 DAGs
[2021-11-24 13:11:09,069] {logging_mixin.py:109} INFO - [2021-11-24 13:11:09,069] {dag.py:2921} INFO - Setting next_dagrun for example_trigger_target_dag to None
[2021-11-24 13:11:09,076] {processor.py:171} INFO - Processing /home/dante/DWBI/Apache/py_env/lib/python3.8/site-packages/airflow/example_dags/example_trigger_target_dag.py took 0.074 seconds
[2021-11-24 13:11:44,931] {processor.py:163} INFO - Started process (PID=44246) to work on /home/dante/DWBI/Apache/py_env/lib/python3.8/site-packages/airflow/example_dags/example_trigger_target_dag.py
[2021-11-24 13:11:44,935] {processor.py:620} INFO - Processing file /home/dante/DWBI/Apache/py_env/lib/python3.8/site-packages/airflow/example_dags/example_trigger_target_dag.py for tasks to queue
[2021-11-24 13:11:44,935] {logging_mixin.py:109} INFO - [2021-11-24 13:11:44,935] {dagbag.py:500} INFO - Filling up the DagBag from /home/dante/DWBI/Apache/py_env/lib/python3.8/site-packages/airflow/example_dags/example_trigger_target_dag.py
[2021-11-24 13:11:44,955] {processor.py:632} INFO - DAG(s) dict_keys(['example_trigger_target_dag']) retrieved from /home/dante/DWBI/Apache/py_env/lib/python3.8/site-packages/airflow/example_dags/example_trigger_target_dag.py
[2021-11-24 13:11:44,963] {logging_mixin.py:109} INFO - [2021-11-24 13:11:44,963] {dag.py:2389} INFO - Sync 1 DAGs
[2021-11-24 13:11:44,972] {logging_mixin.py:109} INFO - [2021-11-24 13:11:44,972] {dag.py:2921} INFO - Setting next_dagrun for example_trigger_target_dag to None
[2021-11-24 13:11:44,979] {processor.py:171} INFO - Processing /home/dante/DWBI/Apache/py_env/lib/python3.8/site-packages/airflow/example_dags/example_trigger_target_dag.py took 0.050 seconds
[2021-11-24 13:12:20,099] {processor.py:163} INFO - Started process (PID=44305) to work on /home/dante/DWBI/Apache/py_env/lib/python3.8/site-packages/airflow/example_dags/example_trigger_target_dag.py
[2021-11-24 13:12:20,100] {processor.py:620} INFO - Processing file /home/dante/DWBI/Apache/py_env/lib/python3.8/site-packages/airflow/example_dags/example_trigger_target_dag.py for tasks to queue
[2021-11-24 13:12:20,100] {logging_mixin.py:109} INFO - [2021-11-24 13:12:20,100] {dagbag.py:500} INFO - Filling up the DagBag from /home/dante/DWBI/Apache/py_env/lib/python3.8/site-packages/airflow/example_dags/example_trigger_target_dag.py
[2021-11-24 13:12:20,120] {processor.py:632} INFO - DAG(s) dict_keys(['example_trigger_target_dag']) retrieved from /home/dante/DWBI/Apache/py_env/lib/python3.8/site-packages/airflow/example_dags/example_trigger_target_dag.py
[2021-11-24 13:12:20,128] {logging_mixin.py:109} INFO - [2021-11-24 13:12:20,128] {dag.py:2389} INFO - Sync 1 DAGs
[2021-11-24 13:12:20,137] {logging_mixin.py:109} INFO - [2021-11-24 13:12:20,137] {dag.py:2921} INFO - Setting next_dagrun for example_trigger_target_dag to None
[2021-11-24 13:12:20,182] {processor.py:171} INFO - Processing /home/dante/DWBI/Apache/py_env/lib/python3.8/site-packages/airflow/example_dags/example_trigger_target_dag.py took 0.086 seconds
[2021-11-24 13:12:58,239] {processor.py:163} INFO - Started process (PID=44362) to work on /home/dante/DWBI/Apache/py_env/lib/python3.8/site-packages/airflow/example_dags/example_trigger_target_dag.py
[2021-11-24 13:12:58,242] {processor.py:620} INFO - Processing file /home/dante/DWBI/Apache/py_env/lib/python3.8/site-packages/airflow/example_dags/example_trigger_target_dag.py for tasks to queue
[2021-11-24 13:12:58,242] {logging_mixin.py:109} INFO - [2021-11-24 13:12:58,242] {dagbag.py:500} INFO - Filling up the DagBag from /home/dante/DWBI/Apache/py_env/lib/python3.8/site-packages/airflow/example_dags/example_trigger_target_dag.py
[2021-11-24 13:12:58,265] {processor.py:632} INFO - DAG(s) dict_keys(['example_trigger_target_dag']) retrieved from /home/dante/DWBI/Apache/py_env/lib/python3.8/site-packages/airflow/example_dags/example_trigger_target_dag.py
[2021-11-24 13:12:58,276] {logging_mixin.py:109} INFO - [2021-11-24 13:12:58,276] {dag.py:2389} INFO - Sync 1 DAGs
[2021-11-24 13:12:58,293] {logging_mixin.py:109} INFO - [2021-11-24 13:12:58,292] {dag.py:2921} INFO - Setting next_dagrun for example_trigger_target_dag to None
[2021-11-24 13:12:58,305] {processor.py:171} INFO - Processing /home/dante/DWBI/Apache/py_env/lib/python3.8/site-packages/airflow/example_dags/example_trigger_target_dag.py took 0.069 seconds
[2021-11-24 13:13:31,523] {processor.py:163} INFO - Started process (PID=44510) to work on /home/dante/DWBI/Apache/py_env/lib/python3.8/site-packages/airflow/example_dags/example_trigger_target_dag.py
[2021-11-24 13:13:31,524] {processor.py:620} INFO - Processing file /home/dante/DWBI/Apache/py_env/lib/python3.8/site-packages/airflow/example_dags/example_trigger_target_dag.py for tasks to queue
[2021-11-24 13:13:31,525] {logging_mixin.py:109} INFO - [2021-11-24 13:13:31,525] {dagbag.py:500} INFO - Filling up the DagBag from /home/dante/DWBI/Apache/py_env/lib/python3.8/site-packages/airflow/example_dags/example_trigger_target_dag.py
[2021-11-24 13:13:31,540] {processor.py:632} INFO - DAG(s) dict_keys(['example_trigger_target_dag']) retrieved from /home/dante/DWBI/Apache/py_env/lib/python3.8/site-packages/airflow/example_dags/example_trigger_target_dag.py
[2021-11-24 13:13:31,546] {logging_mixin.py:109} INFO - [2021-11-24 13:13:31,546] {dag.py:2389} INFO - Sync 1 DAGs
[2021-11-24 13:13:31,556] {logging_mixin.py:109} INFO - [2021-11-24 13:13:31,556] {dag.py:2921} INFO - Setting next_dagrun for example_trigger_target_dag to None
[2021-11-24 13:13:31,565] {processor.py:171} INFO - Processing /home/dante/DWBI/Apache/py_env/lib/python3.8/site-packages/airflow/example_dags/example_trigger_target_dag.py took 0.045 seconds
[2021-11-24 13:14:10,309] {processor.py:163} INFO - Started process (PID=44568) to work on /home/dante/DWBI/Apache/py_env/lib/python3.8/site-packages/airflow/example_dags/example_trigger_target_dag.py
[2021-11-24 13:14:10,311] {processor.py:620} INFO - Processing file /home/dante/DWBI/Apache/py_env/lib/python3.8/site-packages/airflow/example_dags/example_trigger_target_dag.py for tasks to queue
[2021-11-24 13:14:10,312] {logging_mixin.py:109} INFO - [2021-11-24 13:14:10,311] {dagbag.py:500} INFO - Filling up the DagBag from /home/dante/DWBI/Apache/py_env/lib/python3.8/site-packages/airflow/example_dags/example_trigger_target_dag.py
[2021-11-24 13:14:10,329] {processor.py:632} INFO - DAG(s) dict_keys(['example_trigger_target_dag']) retrieved from /home/dante/DWBI/Apache/py_env/lib/python3.8/site-packages/airflow/example_dags/example_trigger_target_dag.py
[2021-11-24 13:14:10,335] {logging_mixin.py:109} INFO - [2021-11-24 13:14:10,335] {dag.py:2389} INFO - Sync 1 DAGs
[2021-11-24 13:14:10,343] {logging_mixin.py:109} INFO - [2021-11-24 13:14:10,343] {dag.py:2921} INFO - Setting next_dagrun for example_trigger_target_dag to None
[2021-11-24 13:14:10,350] {processor.py:171} INFO - Processing /home/dante/DWBI/Apache/py_env/lib/python3.8/site-packages/airflow/example_dags/example_trigger_target_dag.py took 0.046 seconds
[2021-11-24 13:14:47,709] {processor.py:163} INFO - Started process (PID=44704) to work on /home/dante/DWBI/Apache/py_env/lib/python3.8/site-packages/airflow/example_dags/example_trigger_target_dag.py
[2021-11-24 13:14:47,720] {processor.py:620} INFO - Processing file /home/dante/DWBI/Apache/py_env/lib/python3.8/site-packages/airflow/example_dags/example_trigger_target_dag.py for tasks to queue
[2021-11-24 13:14:47,720] {logging_mixin.py:109} INFO - [2021-11-24 13:14:47,720] {dagbag.py:500} INFO - Filling up the DagBag from /home/dante/DWBI/Apache/py_env/lib/python3.8/site-packages/airflow/example_dags/example_trigger_target_dag.py
[2021-11-24 13:14:47,741] {processor.py:632} INFO - DAG(s) dict_keys(['example_trigger_target_dag']) retrieved from /home/dante/DWBI/Apache/py_env/lib/python3.8/site-packages/airflow/example_dags/example_trigger_target_dag.py
[2021-11-24 13:14:47,748] {logging_mixin.py:109} INFO - [2021-11-24 13:14:47,748] {dag.py:2389} INFO - Sync 1 DAGs
[2021-11-24 13:14:47,757] {logging_mixin.py:109} INFO - [2021-11-24 13:14:47,757] {dag.py:2921} INFO - Setting next_dagrun for example_trigger_target_dag to None
[2021-11-24 13:14:47,764] {processor.py:171} INFO - Processing /home/dante/DWBI/Apache/py_env/lib/python3.8/site-packages/airflow/example_dags/example_trigger_target_dag.py took 0.062 seconds
[2021-11-24 13:15:27,096] {processor.py:163} INFO - Started process (PID=44801) to work on /home/dante/DWBI/Apache/py_env/lib/python3.8/site-packages/airflow/example_dags/example_trigger_target_dag.py
[2021-11-24 13:15:27,108] {processor.py:620} INFO - Processing file /home/dante/DWBI/Apache/py_env/lib/python3.8/site-packages/airflow/example_dags/example_trigger_target_dag.py for tasks to queue
[2021-11-24 13:15:27,109] {logging_mixin.py:109} INFO - [2021-11-24 13:15:27,109] {dagbag.py:500} INFO - Filling up the DagBag from /home/dante/DWBI/Apache/py_env/lib/python3.8/site-packages/airflow/example_dags/example_trigger_target_dag.py
[2021-11-24 13:15:27,145] {processor.py:632} INFO - DAG(s) dict_keys(['example_trigger_target_dag']) retrieved from /home/dante/DWBI/Apache/py_env/lib/python3.8/site-packages/airflow/example_dags/example_trigger_target_dag.py
[2021-11-24 13:15:27,152] {logging_mixin.py:109} INFO - [2021-11-24 13:15:27,152] {dag.py:2389} INFO - Sync 1 DAGs
[2021-11-24 13:15:27,161] {logging_mixin.py:109} INFO - [2021-11-24 13:15:27,161] {dag.py:2921} INFO - Setting next_dagrun for example_trigger_target_dag to None
[2021-11-24 13:15:27,186] {processor.py:171} INFO - Processing /home/dante/DWBI/Apache/py_env/lib/python3.8/site-packages/airflow/example_dags/example_trigger_target_dag.py took 0.097 seconds
[2021-11-24 13:16:01,656] {processor.py:163} INFO - Started process (PID=45259) to work on /home/dante/DWBI/Apache/py_env/lib/python3.8/site-packages/airflow/example_dags/example_trigger_target_dag.py
[2021-11-24 13:16:01,662] {processor.py:620} INFO - Processing file /home/dante/DWBI/Apache/py_env/lib/python3.8/site-packages/airflow/example_dags/example_trigger_target_dag.py for tasks to queue
[2021-11-24 13:16:01,664] {logging_mixin.py:109} INFO - [2021-11-24 13:16:01,663] {dagbag.py:500} INFO - Filling up the DagBag from /home/dante/DWBI/Apache/py_env/lib/python3.8/site-packages/airflow/example_dags/example_trigger_target_dag.py
[2021-11-24 13:16:01,702] {processor.py:632} INFO - DAG(s) dict_keys(['example_trigger_target_dag']) retrieved from /home/dante/DWBI/Apache/py_env/lib/python3.8/site-packages/airflow/example_dags/example_trigger_target_dag.py
[2021-11-24 13:16:01,709] {logging_mixin.py:109} INFO - [2021-11-24 13:16:01,709] {dag.py:2389} INFO - Sync 1 DAGs
[2021-11-24 13:16:01,718] {logging_mixin.py:109} INFO - [2021-11-24 13:16:01,718] {dag.py:2921} INFO - Setting next_dagrun for example_trigger_target_dag to None
[2021-11-24 13:16:01,725] {processor.py:171} INFO - Processing /home/dante/DWBI/Apache/py_env/lib/python3.8/site-packages/airflow/example_dags/example_trigger_target_dag.py took 0.072 seconds
[2021-11-24 13:16:34,137] {processor.py:163} INFO - Started process (PID=45371) to work on /home/dante/DWBI/Apache/py_env/lib/python3.8/site-packages/airflow/example_dags/example_trigger_target_dag.py
[2021-11-24 13:16:34,139] {processor.py:620} INFO - Processing file /home/dante/DWBI/Apache/py_env/lib/python3.8/site-packages/airflow/example_dags/example_trigger_target_dag.py for tasks to queue
[2021-11-24 13:16:34,140] {logging_mixin.py:109} INFO - [2021-11-24 13:16:34,139] {dagbag.py:500} INFO - Filling up the DagBag from /home/dante/DWBI/Apache/py_env/lib/python3.8/site-packages/airflow/example_dags/example_trigger_target_dag.py
[2021-11-24 13:16:34,159] {processor.py:632} INFO - DAG(s) dict_keys(['example_trigger_target_dag']) retrieved from /home/dante/DWBI/Apache/py_env/lib/python3.8/site-packages/airflow/example_dags/example_trigger_target_dag.py
[2021-11-24 13:16:34,166] {logging_mixin.py:109} INFO - [2021-11-24 13:16:34,166] {dag.py:2389} INFO - Sync 1 DAGs
[2021-11-24 13:16:34,176] {logging_mixin.py:109} INFO - [2021-11-24 13:16:34,176] {dag.py:2921} INFO - Setting next_dagrun for example_trigger_target_dag to None
[2021-11-24 13:16:34,183] {processor.py:171} INFO - Processing /home/dante/DWBI/Apache/py_env/lib/python3.8/site-packages/airflow/example_dags/example_trigger_target_dag.py took 0.048 seconds
[2021-11-24 13:17:10,745] {processor.py:163} INFO - Started process (PID=45542) to work on /home/dante/DWBI/Apache/py_env/lib/python3.8/site-packages/airflow/example_dags/example_trigger_target_dag.py
[2021-11-24 13:17:10,755] {processor.py:620} INFO - Processing file /home/dante/DWBI/Apache/py_env/lib/python3.8/site-packages/airflow/example_dags/example_trigger_target_dag.py for tasks to queue
[2021-11-24 13:17:10,755] {logging_mixin.py:109} INFO - [2021-11-24 13:17:10,755] {dagbag.py:500} INFO - Filling up the DagBag from /home/dante/DWBI/Apache/py_env/lib/python3.8/site-packages/airflow/example_dags/example_trigger_target_dag.py
[2021-11-24 13:17:10,777] {processor.py:632} INFO - DAG(s) dict_keys(['example_trigger_target_dag']) retrieved from /home/dante/DWBI/Apache/py_env/lib/python3.8/site-packages/airflow/example_dags/example_trigger_target_dag.py
[2021-11-24 13:17:10,785] {logging_mixin.py:109} INFO - [2021-11-24 13:17:10,785] {dag.py:2389} INFO - Sync 1 DAGs
[2021-11-24 13:17:10,795] {logging_mixin.py:109} INFO - [2021-11-24 13:17:10,795] {dag.py:2921} INFO - Setting next_dagrun for example_trigger_target_dag to None
[2021-11-24 13:17:10,808] {processor.py:171} INFO - Processing /home/dante/DWBI/Apache/py_env/lib/python3.8/site-packages/airflow/example_dags/example_trigger_target_dag.py took 0.068 seconds
[2021-11-24 13:17:47,576] {processor.py:163} INFO - Started process (PID=45589) to work on /home/dante/DWBI/Apache/py_env/lib/python3.8/site-packages/airflow/example_dags/example_trigger_target_dag.py
[2021-11-24 13:17:47,587] {processor.py:620} INFO - Processing file /home/dante/DWBI/Apache/py_env/lib/python3.8/site-packages/airflow/example_dags/example_trigger_target_dag.py for tasks to queue
[2021-11-24 13:17:47,589] {logging_mixin.py:109} INFO - [2021-11-24 13:17:47,588] {dagbag.py:500} INFO - Filling up the DagBag from /home/dante/DWBI/Apache/py_env/lib/python3.8/site-packages/airflow/example_dags/example_trigger_target_dag.py
[2021-11-24 13:17:47,628] {processor.py:632} INFO - DAG(s) dict_keys(['example_trigger_target_dag']) retrieved from /home/dante/DWBI/Apache/py_env/lib/python3.8/site-packages/airflow/example_dags/example_trigger_target_dag.py
[2021-11-24 13:17:47,636] {logging_mixin.py:109} INFO - [2021-11-24 13:17:47,636] {dag.py:2389} INFO - Sync 1 DAGs
[2021-11-24 13:17:47,645] {logging_mixin.py:109} INFO - [2021-11-24 13:17:47,645] {dag.py:2921} INFO - Setting next_dagrun for example_trigger_target_dag to None
[2021-11-24 13:17:47,653] {processor.py:171} INFO - Processing /home/dante/DWBI/Apache/py_env/lib/python3.8/site-packages/airflow/example_dags/example_trigger_target_dag.py took 0.079 seconds
[2021-11-24 13:18:27,006] {processor.py:163} INFO - Started process (PID=45648) to work on /home/dante/DWBI/Apache/py_env/lib/python3.8/site-packages/airflow/example_dags/example_trigger_target_dag.py
[2021-11-24 13:18:27,008] {processor.py:620} INFO - Processing file /home/dante/DWBI/Apache/py_env/lib/python3.8/site-packages/airflow/example_dags/example_trigger_target_dag.py for tasks to queue
[2021-11-24 13:18:27,008] {logging_mixin.py:109} INFO - [2021-11-24 13:18:27,008] {dagbag.py:500} INFO - Filling up the DagBag from /home/dante/DWBI/Apache/py_env/lib/python3.8/site-packages/airflow/example_dags/example_trigger_target_dag.py
[2021-11-24 13:18:27,027] {processor.py:632} INFO - DAG(s) dict_keys(['example_trigger_target_dag']) retrieved from /home/dante/DWBI/Apache/py_env/lib/python3.8/site-packages/airflow/example_dags/example_trigger_target_dag.py
[2021-11-24 13:18:27,035] {logging_mixin.py:109} INFO - [2021-11-24 13:18:27,035] {dag.py:2389} INFO - Sync 1 DAGs
[2021-11-24 13:18:27,044] {logging_mixin.py:109} INFO - [2021-11-24 13:18:27,043] {dag.py:2921} INFO - Setting next_dagrun for example_trigger_target_dag to None
[2021-11-24 13:18:27,050] {processor.py:171} INFO - Processing /home/dante/DWBI/Apache/py_env/lib/python3.8/site-packages/airflow/example_dags/example_trigger_target_dag.py took 0.048 seconds
[2021-11-24 13:19:05,468] {processor.py:163} INFO - Started process (PID=45720) to work on /home/dante/DWBI/Apache/py_env/lib/python3.8/site-packages/airflow/example_dags/example_trigger_target_dag.py
[2021-11-24 13:19:05,471] {processor.py:620} INFO - Processing file /home/dante/DWBI/Apache/py_env/lib/python3.8/site-packages/airflow/example_dags/example_trigger_target_dag.py for tasks to queue
[2021-11-24 13:19:05,473] {logging_mixin.py:109} INFO - [2021-11-24 13:19:05,472] {dagbag.py:500} INFO - Filling up the DagBag from /home/dante/DWBI/Apache/py_env/lib/python3.8/site-packages/airflow/example_dags/example_trigger_target_dag.py
[2021-11-24 13:19:05,507] {processor.py:632} INFO - DAG(s) dict_keys(['example_trigger_target_dag']) retrieved from /home/dante/DWBI/Apache/py_env/lib/python3.8/site-packages/airflow/example_dags/example_trigger_target_dag.py
[2021-11-24 13:19:05,514] {logging_mixin.py:109} INFO - [2021-11-24 13:19:05,514] {dag.py:2389} INFO - Sync 1 DAGs
[2021-11-24 13:19:05,523] {logging_mixin.py:109} INFO - [2021-11-24 13:19:05,523] {dag.py:2921} INFO - Setting next_dagrun for example_trigger_target_dag to None
[2021-11-24 13:19:05,530] {processor.py:171} INFO - Processing /home/dante/DWBI/Apache/py_env/lib/python3.8/site-packages/airflow/example_dags/example_trigger_target_dag.py took 0.064 seconds
[2021-11-24 13:19:44,487] {processor.py:163} INFO - Started process (PID=45772) to work on /home/dante/DWBI/Apache/py_env/lib/python3.8/site-packages/airflow/example_dags/example_trigger_target_dag.py
[2021-11-24 13:19:44,496] {processor.py:620} INFO - Processing file /home/dante/DWBI/Apache/py_env/lib/python3.8/site-packages/airflow/example_dags/example_trigger_target_dag.py for tasks to queue
[2021-11-24 13:19:44,497] {logging_mixin.py:109} INFO - [2021-11-24 13:19:44,497] {dagbag.py:500} INFO - Filling up the DagBag from /home/dante/DWBI/Apache/py_env/lib/python3.8/site-packages/airflow/example_dags/example_trigger_target_dag.py
[2021-11-24 13:19:44,525] {processor.py:632} INFO - DAG(s) dict_keys(['example_trigger_target_dag']) retrieved from /home/dante/DWBI/Apache/py_env/lib/python3.8/site-packages/airflow/example_dags/example_trigger_target_dag.py
[2021-11-24 13:19:44,533] {logging_mixin.py:109} INFO - [2021-11-24 13:19:44,533] {dag.py:2389} INFO - Sync 1 DAGs
[2021-11-24 13:19:44,542] {logging_mixin.py:109} INFO - [2021-11-24 13:19:44,542] {dag.py:2921} INFO - Setting next_dagrun for example_trigger_target_dag to None
[2021-11-24 13:19:44,557] {processor.py:171} INFO - Processing /home/dante/DWBI/Apache/py_env/lib/python3.8/site-packages/airflow/example_dags/example_trigger_target_dag.py took 0.072 seconds
[2021-11-24 13:20:19,380] {processor.py:163} INFO - Started process (PID=45821) to work on /home/dante/DWBI/Apache/py_env/lib/python3.8/site-packages/airflow/example_dags/example_trigger_target_dag.py
[2021-11-24 13:20:19,384] {processor.py:620} INFO - Processing file /home/dante/DWBI/Apache/py_env/lib/python3.8/site-packages/airflow/example_dags/example_trigger_target_dag.py for tasks to queue
[2021-11-24 13:20:19,385] {logging_mixin.py:109} INFO - [2021-11-24 13:20:19,385] {dagbag.py:500} INFO - Filling up the DagBag from /home/dante/DWBI/Apache/py_env/lib/python3.8/site-packages/airflow/example_dags/example_trigger_target_dag.py
[2021-11-24 13:20:19,413] {processor.py:632} INFO - DAG(s) dict_keys(['example_trigger_target_dag']) retrieved from /home/dante/DWBI/Apache/py_env/lib/python3.8/site-packages/airflow/example_dags/example_trigger_target_dag.py
[2021-11-24 13:20:19,420] {logging_mixin.py:109} INFO - [2021-11-24 13:20:19,420] {dag.py:2389} INFO - Sync 1 DAGs
[2021-11-24 13:20:19,428] {logging_mixin.py:109} INFO - [2021-11-24 13:20:19,428] {dag.py:2921} INFO - Setting next_dagrun for example_trigger_target_dag to None
[2021-11-24 13:20:19,436] {processor.py:171} INFO - Processing /home/dante/DWBI/Apache/py_env/lib/python3.8/site-packages/airflow/example_dags/example_trigger_target_dag.py took 0.062 seconds
[2021-11-24 13:20:55,794] {processor.py:163} INFO - Started process (PID=45874) to work on /home/dante/DWBI/Apache/py_env/lib/python3.8/site-packages/airflow/example_dags/example_trigger_target_dag.py
[2021-11-24 13:20:55,797] {processor.py:620} INFO - Processing file /home/dante/DWBI/Apache/py_env/lib/python3.8/site-packages/airflow/example_dags/example_trigger_target_dag.py for tasks to queue
[2021-11-24 13:20:55,798] {logging_mixin.py:109} INFO - [2021-11-24 13:20:55,798] {dagbag.py:500} INFO - Filling up the DagBag from /home/dante/DWBI/Apache/py_env/lib/python3.8/site-packages/airflow/example_dags/example_trigger_target_dag.py
[2021-11-24 13:20:55,815] {processor.py:632} INFO - DAG(s) dict_keys(['example_trigger_target_dag']) retrieved from /home/dante/DWBI/Apache/py_env/lib/python3.8/site-packages/airflow/example_dags/example_trigger_target_dag.py
[2021-11-24 13:20:55,822] {logging_mixin.py:109} INFO - [2021-11-24 13:20:55,822] {dag.py:2389} INFO - Sync 1 DAGs
[2021-11-24 13:20:55,830] {logging_mixin.py:109} INFO - [2021-11-24 13:20:55,830] {dag.py:2921} INFO - Setting next_dagrun for example_trigger_target_dag to None
[2021-11-24 13:20:55,839] {processor.py:171} INFO - Processing /home/dante/DWBI/Apache/py_env/lib/python3.8/site-packages/airflow/example_dags/example_trigger_target_dag.py took 0.048 seconds
[2021-11-24 13:21:28,005] {processor.py:163} INFO - Started process (PID=45930) to work on /home/dante/DWBI/Apache/py_env/lib/python3.8/site-packages/airflow/example_dags/example_trigger_target_dag.py
[2021-11-24 13:21:28,014] {processor.py:620} INFO - Processing file /home/dante/DWBI/Apache/py_env/lib/python3.8/site-packages/airflow/example_dags/example_trigger_target_dag.py for tasks to queue
[2021-11-24 13:21:28,014] {logging_mixin.py:109} INFO - [2021-11-24 13:21:28,014] {dagbag.py:500} INFO - Filling up the DagBag from /home/dante/DWBI/Apache/py_env/lib/python3.8/site-packages/airflow/example_dags/example_trigger_target_dag.py
[2021-11-24 13:21:28,036] {processor.py:632} INFO - DAG(s) dict_keys(['example_trigger_target_dag']) retrieved from /home/dante/DWBI/Apache/py_env/lib/python3.8/site-packages/airflow/example_dags/example_trigger_target_dag.py
[2021-11-24 13:21:28,045] {logging_mixin.py:109} INFO - [2021-11-24 13:21:28,045] {dag.py:2389} INFO - Sync 1 DAGs
[2021-11-24 13:21:28,054] {logging_mixin.py:109} INFO - [2021-11-24 13:21:28,054] {dag.py:2921} INFO - Setting next_dagrun for example_trigger_target_dag to None
[2021-11-24 13:21:28,065] {processor.py:171} INFO - Processing /home/dante/DWBI/Apache/py_env/lib/python3.8/site-packages/airflow/example_dags/example_trigger_target_dag.py took 0.062 seconds
[2021-11-24 13:22:05,668] {processor.py:163} INFO - Started process (PID=46021) to work on /home/dante/DWBI/Apache/py_env/lib/python3.8/site-packages/airflow/example_dags/example_trigger_target_dag.py
[2021-11-24 13:22:05,679] {processor.py:620} INFO - Processing file /home/dante/DWBI/Apache/py_env/lib/python3.8/site-packages/airflow/example_dags/example_trigger_target_dag.py for tasks to queue
[2021-11-24 13:22:05,681] {logging_mixin.py:109} INFO - [2021-11-24 13:22:05,680] {dagbag.py:500} INFO - Filling up the DagBag from /home/dante/DWBI/Apache/py_env/lib/python3.8/site-packages/airflow/example_dags/example_trigger_target_dag.py
[2021-11-24 13:22:05,712] {processor.py:632} INFO - DAG(s) dict_keys(['example_trigger_target_dag']) retrieved from /home/dante/DWBI/Apache/py_env/lib/python3.8/site-packages/airflow/example_dags/example_trigger_target_dag.py
[2021-11-24 13:22:05,719] {logging_mixin.py:109} INFO - [2021-11-24 13:22:05,719] {dag.py:2389} INFO - Sync 1 DAGs
[2021-11-24 13:22:05,729] {logging_mixin.py:109} INFO - [2021-11-24 13:22:05,729] {dag.py:2921} INFO - Setting next_dagrun for example_trigger_target_dag to None
[2021-11-24 13:22:05,736] {processor.py:171} INFO - Processing /home/dante/DWBI/Apache/py_env/lib/python3.8/site-packages/airflow/example_dags/example_trigger_target_dag.py took 0.075 seconds
[2021-11-24 13:22:45,144] {processor.py:163} INFO - Started process (PID=46090) to work on /home/dante/DWBI/Apache/py_env/lib/python3.8/site-packages/airflow/example_dags/example_trigger_target_dag.py
[2021-11-24 13:22:45,152] {processor.py:620} INFO - Processing file /home/dante/DWBI/Apache/py_env/lib/python3.8/site-packages/airflow/example_dags/example_trigger_target_dag.py for tasks to queue
[2021-11-24 13:22:45,154] {logging_mixin.py:109} INFO - [2021-11-24 13:22:45,153] {dagbag.py:500} INFO - Filling up the DagBag from /home/dante/DWBI/Apache/py_env/lib/python3.8/site-packages/airflow/example_dags/example_trigger_target_dag.py
[2021-11-24 13:22:45,186] {processor.py:632} INFO - DAG(s) dict_keys(['example_trigger_target_dag']) retrieved from /home/dante/DWBI/Apache/py_env/lib/python3.8/site-packages/airflow/example_dags/example_trigger_target_dag.py
[2021-11-24 13:22:45,193] {logging_mixin.py:109} INFO - [2021-11-24 13:22:45,193] {dag.py:2389} INFO - Sync 1 DAGs
[2021-11-24 13:22:45,202] {logging_mixin.py:109} INFO - [2021-11-24 13:22:45,202] {dag.py:2921} INFO - Setting next_dagrun for example_trigger_target_dag to None
[2021-11-24 13:22:45,209] {processor.py:171} INFO - Processing /home/dante/DWBI/Apache/py_env/lib/python3.8/site-packages/airflow/example_dags/example_trigger_target_dag.py took 0.072 seconds
[2021-11-24 13:23:20,313] {processor.py:163} INFO - Started process (PID=46477) to work on /home/dante/DWBI/Apache/py_env/lib/python3.8/site-packages/airflow/example_dags/example_trigger_target_dag.py
[2021-11-24 13:23:20,323] {processor.py:620} INFO - Processing file /home/dante/DWBI/Apache/py_env/lib/python3.8/site-packages/airflow/example_dags/example_trigger_target_dag.py for tasks to queue
[2021-11-24 13:23:20,323] {logging_mixin.py:109} INFO - [2021-11-24 13:23:20,323] {dagbag.py:500} INFO - Filling up the DagBag from /home/dante/DWBI/Apache/py_env/lib/python3.8/site-packages/airflow/example_dags/example_trigger_target_dag.py
[2021-11-24 13:23:20,340] {processor.py:632} INFO - DAG(s) dict_keys(['example_trigger_target_dag']) retrieved from /home/dante/DWBI/Apache/py_env/lib/python3.8/site-packages/airflow/example_dags/example_trigger_target_dag.py
[2021-11-24 13:23:20,347] {logging_mixin.py:109} INFO - [2021-11-24 13:23:20,347] {dag.py:2389} INFO - Sync 1 DAGs
[2021-11-24 13:23:20,357] {logging_mixin.py:109} INFO - [2021-11-24 13:23:20,356] {dag.py:2921} INFO - Setting next_dagrun for example_trigger_target_dag to None
[2021-11-24 13:23:20,372] {processor.py:171} INFO - Processing /home/dante/DWBI/Apache/py_env/lib/python3.8/site-packages/airflow/example_dags/example_trigger_target_dag.py took 0.062 seconds
[2021-11-24 13:23:58,871] {processor.py:163} INFO - Started process (PID=46547) to work on /home/dante/DWBI/Apache/py_env/lib/python3.8/site-packages/airflow/example_dags/example_trigger_target_dag.py
[2021-11-24 13:23:58,881] {processor.py:620} INFO - Processing file /home/dante/DWBI/Apache/py_env/lib/python3.8/site-packages/airflow/example_dags/example_trigger_target_dag.py for tasks to queue
[2021-11-24 13:23:58,882] {logging_mixin.py:109} INFO - [2021-11-24 13:23:58,882] {dagbag.py:500} INFO - Filling up the DagBag from /home/dante/DWBI/Apache/py_env/lib/python3.8/site-packages/airflow/example_dags/example_trigger_target_dag.py
[2021-11-24 13:23:58,901] {processor.py:632} INFO - DAG(s) dict_keys(['example_trigger_target_dag']) retrieved from /home/dante/DWBI/Apache/py_env/lib/python3.8/site-packages/airflow/example_dags/example_trigger_target_dag.py
[2021-11-24 13:23:58,908] {logging_mixin.py:109} INFO - [2021-11-24 13:23:58,907] {dag.py:2389} INFO - Sync 1 DAGs
[2021-11-24 13:23:58,917] {logging_mixin.py:109} INFO - [2021-11-24 13:23:58,917] {dag.py:2921} INFO - Setting next_dagrun for example_trigger_target_dag to None
[2021-11-24 13:23:58,924] {processor.py:171} INFO - Processing /home/dante/DWBI/Apache/py_env/lib/python3.8/site-packages/airflow/example_dags/example_trigger_target_dag.py took 0.061 seconds
[2021-11-24 13:24:33,732] {processor.py:163} INFO - Started process (PID=46685) to work on /home/dante/DWBI/Apache/py_env/lib/python3.8/site-packages/airflow/example_dags/example_trigger_target_dag.py
[2021-11-24 13:24:33,735] {processor.py:620} INFO - Processing file /home/dante/DWBI/Apache/py_env/lib/python3.8/site-packages/airflow/example_dags/example_trigger_target_dag.py for tasks to queue
[2021-11-24 13:24:33,736] {logging_mixin.py:109} INFO - [2021-11-24 13:24:33,736] {dagbag.py:500} INFO - Filling up the DagBag from /home/dante/DWBI/Apache/py_env/lib/python3.8/site-packages/airflow/example_dags/example_trigger_target_dag.py
[2021-11-24 13:24:33,765] {processor.py:632} INFO - DAG(s) dict_keys(['example_trigger_target_dag']) retrieved from /home/dante/DWBI/Apache/py_env/lib/python3.8/site-packages/airflow/example_dags/example_trigger_target_dag.py
[2021-11-24 13:24:33,780] {logging_mixin.py:109} INFO - [2021-11-24 13:24:33,780] {dag.py:2389} INFO - Sync 1 DAGs
[2021-11-24 13:24:33,798] {logging_mixin.py:109} INFO - [2021-11-24 13:24:33,797] {dag.py:2921} INFO - Setting next_dagrun for example_trigger_target_dag to None
[2021-11-24 13:24:33,816] {processor.py:171} INFO - Processing /home/dante/DWBI/Apache/py_env/lib/python3.8/site-packages/airflow/example_dags/example_trigger_target_dag.py took 0.087 seconds
[2021-11-24 13:25:09,443] {processor.py:163} INFO - Started process (PID=46788) to work on /home/dante/DWBI/Apache/py_env/lib/python3.8/site-packages/airflow/example_dags/example_trigger_target_dag.py
[2021-11-24 13:25:09,453] {processor.py:620} INFO - Processing file /home/dante/DWBI/Apache/py_env/lib/python3.8/site-packages/airflow/example_dags/example_trigger_target_dag.py for tasks to queue
[2021-11-24 13:25:09,455] {logging_mixin.py:109} INFO - [2021-11-24 13:25:09,454] {dagbag.py:500} INFO - Filling up the DagBag from /home/dante/DWBI/Apache/py_env/lib/python3.8/site-packages/airflow/example_dags/example_trigger_target_dag.py
[2021-11-24 13:25:09,484] {processor.py:632} INFO - DAG(s) dict_keys(['example_trigger_target_dag']) retrieved from /home/dante/DWBI/Apache/py_env/lib/python3.8/site-packages/airflow/example_dags/example_trigger_target_dag.py
[2021-11-24 13:25:09,490] {logging_mixin.py:109} INFO - [2021-11-24 13:25:09,490] {dag.py:2389} INFO - Sync 1 DAGs
[2021-11-24 13:25:09,498] {logging_mixin.py:109} INFO - [2021-11-24 13:25:09,498] {dag.py:2921} INFO - Setting next_dagrun for example_trigger_target_dag to None
[2021-11-24 13:25:09,511] {processor.py:171} INFO - Processing /home/dante/DWBI/Apache/py_env/lib/python3.8/site-packages/airflow/example_dags/example_trigger_target_dag.py took 0.075 seconds
[2021-11-24 13:25:46,084] {processor.py:163} INFO - Started process (PID=46844) to work on /home/dante/DWBI/Apache/py_env/lib/python3.8/site-packages/airflow/example_dags/example_trigger_target_dag.py
[2021-11-24 13:25:46,094] {processor.py:620} INFO - Processing file /home/dante/DWBI/Apache/py_env/lib/python3.8/site-packages/airflow/example_dags/example_trigger_target_dag.py for tasks to queue
[2021-11-24 13:25:46,094] {logging_mixin.py:109} INFO - [2021-11-24 13:25:46,094] {dagbag.py:500} INFO - Filling up the DagBag from /home/dante/DWBI/Apache/py_env/lib/python3.8/site-packages/airflow/example_dags/example_trigger_target_dag.py
[2021-11-24 13:25:46,120] {processor.py:632} INFO - DAG(s) dict_keys(['example_trigger_target_dag']) retrieved from /home/dante/DWBI/Apache/py_env/lib/python3.8/site-packages/airflow/example_dags/example_trigger_target_dag.py
[2021-11-24 13:25:46,129] {logging_mixin.py:109} INFO - [2021-11-24 13:25:46,129] {dag.py:2389} INFO - Sync 1 DAGs
[2021-11-24 13:25:46,138] {logging_mixin.py:109} INFO - [2021-11-24 13:25:46,138] {dag.py:2921} INFO - Setting next_dagrun for example_trigger_target_dag to None
[2021-11-24 13:25:46,145] {processor.py:171} INFO - Processing /home/dante/DWBI/Apache/py_env/lib/python3.8/site-packages/airflow/example_dags/example_trigger_target_dag.py took 0.063 seconds
[2021-11-24 13:26:21,638] {processor.py:163} INFO - Started process (PID=46920) to work on /home/dante/DWBI/Apache/py_env/lib/python3.8/site-packages/airflow/example_dags/example_trigger_target_dag.py
[2021-11-24 13:26:21,649] {processor.py:620} INFO - Processing file /home/dante/DWBI/Apache/py_env/lib/python3.8/site-packages/airflow/example_dags/example_trigger_target_dag.py for tasks to queue
[2021-11-24 13:26:21,651] {logging_mixin.py:109} INFO - [2021-11-24 13:26:21,651] {dagbag.py:500} INFO - Filling up the DagBag from /home/dante/DWBI/Apache/py_env/lib/python3.8/site-packages/airflow/example_dags/example_trigger_target_dag.py
[2021-11-24 13:26:21,683] {processor.py:632} INFO - DAG(s) dict_keys(['example_trigger_target_dag']) retrieved from /home/dante/DWBI/Apache/py_env/lib/python3.8/site-packages/airflow/example_dags/example_trigger_target_dag.py
[2021-11-24 13:26:21,690] {logging_mixin.py:109} INFO - [2021-11-24 13:26:21,690] {dag.py:2389} INFO - Sync 1 DAGs
[2021-11-24 13:26:21,699] {logging_mixin.py:109} INFO - [2021-11-24 13:26:21,699] {dag.py:2921} INFO - Setting next_dagrun for example_trigger_target_dag to None
[2021-11-24 13:26:21,707] {processor.py:171} INFO - Processing /home/dante/DWBI/Apache/py_env/lib/python3.8/site-packages/airflow/example_dags/example_trigger_target_dag.py took 0.075 seconds
[2021-11-24 13:27:00,129] {processor.py:163} INFO - Started process (PID=47051) to work on /home/dante/DWBI/Apache/py_env/lib/python3.8/site-packages/airflow/example_dags/example_trigger_target_dag.py
[2021-11-24 13:27:00,139] {processor.py:620} INFO - Processing file /home/dante/DWBI/Apache/py_env/lib/python3.8/site-packages/airflow/example_dags/example_trigger_target_dag.py for tasks to queue
[2021-11-24 13:27:00,139] {logging_mixin.py:109} INFO - [2021-11-24 13:27:00,139] {dagbag.py:500} INFO - Filling up the DagBag from /home/dante/DWBI/Apache/py_env/lib/python3.8/site-packages/airflow/example_dags/example_trigger_target_dag.py
[2021-11-24 13:27:00,155] {processor.py:632} INFO - DAG(s) dict_keys(['example_trigger_target_dag']) retrieved from /home/dante/DWBI/Apache/py_env/lib/python3.8/site-packages/airflow/example_dags/example_trigger_target_dag.py
[2021-11-24 13:27:00,162] {logging_mixin.py:109} INFO - [2021-11-24 13:27:00,162] {dag.py:2389} INFO - Sync 1 DAGs
[2021-11-24 13:27:00,171] {logging_mixin.py:109} INFO - [2021-11-24 13:27:00,171] {dag.py:2921} INFO - Setting next_dagrun for example_trigger_target_dag to None
[2021-11-24 13:27:00,179] {processor.py:171} INFO - Processing /home/dante/DWBI/Apache/py_env/lib/python3.8/site-packages/airflow/example_dags/example_trigger_target_dag.py took 0.051 seconds
[2021-11-24 13:27:39,705] {processor.py:163} INFO - Started process (PID=47109) to work on /home/dante/DWBI/Apache/py_env/lib/python3.8/site-packages/airflow/example_dags/example_trigger_target_dag.py
[2021-11-24 13:27:39,706] {processor.py:620} INFO - Processing file /home/dante/DWBI/Apache/py_env/lib/python3.8/site-packages/airflow/example_dags/example_trigger_target_dag.py for tasks to queue
[2021-11-24 13:27:39,707] {logging_mixin.py:109} INFO - [2021-11-24 13:27:39,707] {dagbag.py:500} INFO - Filling up the DagBag from /home/dante/DWBI/Apache/py_env/lib/python3.8/site-packages/airflow/example_dags/example_trigger_target_dag.py
[2021-11-24 13:27:39,725] {processor.py:632} INFO - DAG(s) dict_keys(['example_trigger_target_dag']) retrieved from /home/dante/DWBI/Apache/py_env/lib/python3.8/site-packages/airflow/example_dags/example_trigger_target_dag.py
[2021-11-24 13:27:39,734] {logging_mixin.py:109} INFO - [2021-11-24 13:27:39,733] {dag.py:2389} INFO - Sync 1 DAGs
[2021-11-24 13:27:39,743] {logging_mixin.py:109} INFO - [2021-11-24 13:27:39,742] {dag.py:2921} INFO - Setting next_dagrun for example_trigger_target_dag to None
[2021-11-24 13:27:39,751] {processor.py:171} INFO - Processing /home/dante/DWBI/Apache/py_env/lib/python3.8/site-packages/airflow/example_dags/example_trigger_target_dag.py took 0.048 seconds
[2021-11-24 13:28:19,254] {processor.py:163} INFO - Started process (PID=47280) to work on /home/dante/DWBI/Apache/py_env/lib/python3.8/site-packages/airflow/example_dags/example_trigger_target_dag.py
[2021-11-24 13:28:19,258] {processor.py:620} INFO - Processing file /home/dante/DWBI/Apache/py_env/lib/python3.8/site-packages/airflow/example_dags/example_trigger_target_dag.py for tasks to queue
[2021-11-24 13:28:19,259] {logging_mixin.py:109} INFO - [2021-11-24 13:28:19,259] {dagbag.py:500} INFO - Filling up the DagBag from /home/dante/DWBI/Apache/py_env/lib/python3.8/site-packages/airflow/example_dags/example_trigger_target_dag.py
[2021-11-24 13:28:19,289] {processor.py:632} INFO - DAG(s) dict_keys(['example_trigger_target_dag']) retrieved from /home/dante/DWBI/Apache/py_env/lib/python3.8/site-packages/airflow/example_dags/example_trigger_target_dag.py
[2021-11-24 13:28:19,296] {logging_mixin.py:109} INFO - [2021-11-24 13:28:19,296] {dag.py:2389} INFO - Sync 1 DAGs
[2021-11-24 13:28:19,306] {logging_mixin.py:109} INFO - [2021-11-24 13:28:19,306] {dag.py:2921} INFO - Setting next_dagrun for example_trigger_target_dag to None
[2021-11-24 13:28:19,315] {processor.py:171} INFO - Processing /home/dante/DWBI/Apache/py_env/lib/python3.8/site-packages/airflow/example_dags/example_trigger_target_dag.py took 0.069 seconds
[2021-11-24 13:28:56,320] {processor.py:163} INFO - Started process (PID=47373) to work on /home/dante/DWBI/Apache/py_env/lib/python3.8/site-packages/airflow/example_dags/example_trigger_target_dag.py
[2021-11-24 13:28:56,322] {processor.py:620} INFO - Processing file /home/dante/DWBI/Apache/py_env/lib/python3.8/site-packages/airflow/example_dags/example_trigger_target_dag.py for tasks to queue
[2021-11-24 13:28:56,322] {logging_mixin.py:109} INFO - [2021-11-24 13:28:56,322] {dagbag.py:500} INFO - Filling up the DagBag from /home/dante/DWBI/Apache/py_env/lib/python3.8/site-packages/airflow/example_dags/example_trigger_target_dag.py
[2021-11-24 13:28:56,339] {processor.py:632} INFO - DAG(s) dict_keys(['example_trigger_target_dag']) retrieved from /home/dante/DWBI/Apache/py_env/lib/python3.8/site-packages/airflow/example_dags/example_trigger_target_dag.py
[2021-11-24 13:28:56,346] {logging_mixin.py:109} INFO - [2021-11-24 13:28:56,346] {dag.py:2389} INFO - Sync 1 DAGs
[2021-11-24 13:28:56,356] {logging_mixin.py:109} INFO - [2021-11-24 13:28:56,356] {dag.py:2921} INFO - Setting next_dagrun for example_trigger_target_dag to None
[2021-11-24 13:28:56,363] {processor.py:171} INFO - Processing /home/dante/DWBI/Apache/py_env/lib/python3.8/site-packages/airflow/example_dags/example_trigger_target_dag.py took 0.046 seconds
[2021-11-24 13:29:32,960] {processor.py:163} INFO - Started process (PID=47438) to work on /home/dante/DWBI/Apache/py_env/lib/python3.8/site-packages/airflow/example_dags/example_trigger_target_dag.py
[2021-11-24 13:29:32,970] {processor.py:620} INFO - Processing file /home/dante/DWBI/Apache/py_env/lib/python3.8/site-packages/airflow/example_dags/example_trigger_target_dag.py for tasks to queue
[2021-11-24 13:29:32,972] {logging_mixin.py:109} INFO - [2021-11-24 13:29:32,971] {dagbag.py:500} INFO - Filling up the DagBag from /home/dante/DWBI/Apache/py_env/lib/python3.8/site-packages/airflow/example_dags/example_trigger_target_dag.py
[2021-11-24 13:29:32,989] {processor.py:632} INFO - DAG(s) dict_keys(['example_trigger_target_dag']) retrieved from /home/dante/DWBI/Apache/py_env/lib/python3.8/site-packages/airflow/example_dags/example_trigger_target_dag.py
[2021-11-24 13:29:32,996] {logging_mixin.py:109} INFO - [2021-11-24 13:29:32,996] {dag.py:2389} INFO - Sync 1 DAGs
[2021-11-24 13:29:33,005] {logging_mixin.py:109} INFO - [2021-11-24 13:29:33,005] {dag.py:2921} INFO - Setting next_dagrun for example_trigger_target_dag to None
[2021-11-24 13:29:33,026] {processor.py:171} INFO - Processing /home/dante/DWBI/Apache/py_env/lib/python3.8/site-packages/airflow/example_dags/example_trigger_target_dag.py took 0.069 seconds
[2021-11-24 13:30:09,798] {processor.py:163} INFO - Started process (PID=47519) to work on /home/dante/DWBI/Apache/py_env/lib/python3.8/site-packages/airflow/example_dags/example_trigger_target_dag.py
[2021-11-24 13:30:09,802] {processor.py:620} INFO - Processing file /home/dante/DWBI/Apache/py_env/lib/python3.8/site-packages/airflow/example_dags/example_trigger_target_dag.py for tasks to queue
[2021-11-24 13:30:09,804] {logging_mixin.py:109} INFO - [2021-11-24 13:30:09,803] {dagbag.py:500} INFO - Filling up the DagBag from /home/dante/DWBI/Apache/py_env/lib/python3.8/site-packages/airflow/example_dags/example_trigger_target_dag.py
[2021-11-24 13:30:09,835] {processor.py:632} INFO - DAG(s) dict_keys(['example_trigger_target_dag']) retrieved from /home/dante/DWBI/Apache/py_env/lib/python3.8/site-packages/airflow/example_dags/example_trigger_target_dag.py
[2021-11-24 13:30:09,842] {logging_mixin.py:109} INFO - [2021-11-24 13:30:09,842] {dag.py:2389} INFO - Sync 1 DAGs
[2021-11-24 13:30:09,850] {logging_mixin.py:109} INFO - [2021-11-24 13:30:09,850] {dag.py:2921} INFO - Setting next_dagrun for example_trigger_target_dag to None
[2021-11-24 13:30:09,857] {processor.py:171} INFO - Processing /home/dante/DWBI/Apache/py_env/lib/python3.8/site-packages/airflow/example_dags/example_trigger_target_dag.py took 0.065 seconds
[2021-11-24 13:30:45,170] {processor.py:163} INFO - Started process (PID=47575) to work on /home/dante/DWBI/Apache/py_env/lib/python3.8/site-packages/airflow/example_dags/example_trigger_target_dag.py
[2021-11-24 13:30:45,179] {processor.py:620} INFO - Processing file /home/dante/DWBI/Apache/py_env/lib/python3.8/site-packages/airflow/example_dags/example_trigger_target_dag.py for tasks to queue
[2021-11-24 13:30:45,179] {logging_mixin.py:109} INFO - [2021-11-24 13:30:45,179] {dagbag.py:500} INFO - Filling up the DagBag from /home/dante/DWBI/Apache/py_env/lib/python3.8/site-packages/airflow/example_dags/example_trigger_target_dag.py
[2021-11-24 13:30:45,202] {processor.py:632} INFO - DAG(s) dict_keys(['example_trigger_target_dag']) retrieved from /home/dante/DWBI/Apache/py_env/lib/python3.8/site-packages/airflow/example_dags/example_trigger_target_dag.py
[2021-11-24 13:30:45,210] {logging_mixin.py:109} INFO - [2021-11-24 13:30:45,210] {dag.py:2389} INFO - Sync 1 DAGs
[2021-11-24 13:30:45,220] {logging_mixin.py:109} INFO - [2021-11-24 13:30:45,220] {dag.py:2921} INFO - Setting next_dagrun for example_trigger_target_dag to None
[2021-11-24 13:30:45,227] {processor.py:171} INFO - Processing /home/dante/DWBI/Apache/py_env/lib/python3.8/site-packages/airflow/example_dags/example_trigger_target_dag.py took 0.060 seconds
[2021-11-24 13:31:21,085] {processor.py:163} INFO - Started process (PID=47628) to work on /home/dante/DWBI/Apache/py_env/lib/python3.8/site-packages/airflow/example_dags/example_trigger_target_dag.py
[2021-11-24 13:31:21,096] {processor.py:620} INFO - Processing file /home/dante/DWBI/Apache/py_env/lib/python3.8/site-packages/airflow/example_dags/example_trigger_target_dag.py for tasks to queue
[2021-11-24 13:31:21,097] {logging_mixin.py:109} INFO - [2021-11-24 13:31:21,097] {dagbag.py:500} INFO - Filling up the DagBag from /home/dante/DWBI/Apache/py_env/lib/python3.8/site-packages/airflow/example_dags/example_trigger_target_dag.py
[2021-11-24 13:31:21,131] {processor.py:632} INFO - DAG(s) dict_keys(['example_trigger_target_dag']) retrieved from /home/dante/DWBI/Apache/py_env/lib/python3.8/site-packages/airflow/example_dags/example_trigger_target_dag.py
[2021-11-24 13:31:21,138] {logging_mixin.py:109} INFO - [2021-11-24 13:31:21,138] {dag.py:2389} INFO - Sync 1 DAGs
[2021-11-24 13:31:21,148] {logging_mixin.py:109} INFO - [2021-11-24 13:31:21,148] {dag.py:2921} INFO - Setting next_dagrun for example_trigger_target_dag to None
[2021-11-24 13:31:21,160] {processor.py:171} INFO - Processing /home/dante/DWBI/Apache/py_env/lib/python3.8/site-packages/airflow/example_dags/example_trigger_target_dag.py took 0.081 seconds
[2021-11-24 13:31:54,767] {processor.py:163} INFO - Started process (PID=47760) to work on /home/dante/DWBI/Apache/py_env/lib/python3.8/site-packages/airflow/example_dags/example_trigger_target_dag.py
[2021-11-24 13:31:54,769] {processor.py:620} INFO - Processing file /home/dante/DWBI/Apache/py_env/lib/python3.8/site-packages/airflow/example_dags/example_trigger_target_dag.py for tasks to queue
[2021-11-24 13:31:54,770] {logging_mixin.py:109} INFO - [2021-11-24 13:31:54,770] {dagbag.py:500} INFO - Filling up the DagBag from /home/dante/DWBI/Apache/py_env/lib/python3.8/site-packages/airflow/example_dags/example_trigger_target_dag.py
[2021-11-24 13:31:54,789] {processor.py:632} INFO - DAG(s) dict_keys(['example_trigger_target_dag']) retrieved from /home/dante/DWBI/Apache/py_env/lib/python3.8/site-packages/airflow/example_dags/example_trigger_target_dag.py
[2021-11-24 13:31:54,797] {logging_mixin.py:109} INFO - [2021-11-24 13:31:54,797] {dag.py:2389} INFO - Sync 1 DAGs
[2021-11-24 13:31:54,806] {logging_mixin.py:109} INFO - [2021-11-24 13:31:54,806] {dag.py:2921} INFO - Setting next_dagrun for example_trigger_target_dag to None
[2021-11-24 13:31:54,814] {processor.py:171} INFO - Processing /home/dante/DWBI/Apache/py_env/lib/python3.8/site-packages/airflow/example_dags/example_trigger_target_dag.py took 0.049 seconds
[2021-11-24 13:32:29,446] {processor.py:163} INFO - Started process (PID=48223) to work on /home/dante/DWBI/Apache/py_env/lib/python3.8/site-packages/airflow/example_dags/example_trigger_target_dag.py
[2021-11-24 13:32:29,457] {processor.py:620} INFO - Processing file /home/dante/DWBI/Apache/py_env/lib/python3.8/site-packages/airflow/example_dags/example_trigger_target_dag.py for tasks to queue
[2021-11-24 13:32:29,459] {logging_mixin.py:109} INFO - [2021-11-24 13:32:29,459] {dagbag.py:500} INFO - Filling up the DagBag from /home/dante/DWBI/Apache/py_env/lib/python3.8/site-packages/airflow/example_dags/example_trigger_target_dag.py
[2021-11-24 13:32:29,494] {processor.py:632} INFO - DAG(s) dict_keys(['example_trigger_target_dag']) retrieved from /home/dante/DWBI/Apache/py_env/lib/python3.8/site-packages/airflow/example_dags/example_trigger_target_dag.py
[2021-11-24 13:32:29,501] {logging_mixin.py:109} INFO - [2021-11-24 13:32:29,501] {dag.py:2389} INFO - Sync 1 DAGs
[2021-11-24 13:32:29,510] {logging_mixin.py:109} INFO - [2021-11-24 13:32:29,510] {dag.py:2921} INFO - Setting next_dagrun for example_trigger_target_dag to None
[2021-11-24 13:32:29,517] {processor.py:171} INFO - Processing /home/dante/DWBI/Apache/py_env/lib/python3.8/site-packages/airflow/example_dags/example_trigger_target_dag.py took 0.077 seconds
[2021-11-24 13:33:03,468] {processor.py:163} INFO - Started process (PID=48423) to work on /home/dante/DWBI/Apache/py_env/lib/python3.8/site-packages/airflow/example_dags/example_trigger_target_dag.py
[2021-11-24 13:33:03,472] {processor.py:620} INFO - Processing file /home/dante/DWBI/Apache/py_env/lib/python3.8/site-packages/airflow/example_dags/example_trigger_target_dag.py for tasks to queue
[2021-11-24 13:33:03,474] {logging_mixin.py:109} INFO - [2021-11-24 13:33:03,473] {dagbag.py:500} INFO - Filling up the DagBag from /home/dante/DWBI/Apache/py_env/lib/python3.8/site-packages/airflow/example_dags/example_trigger_target_dag.py
[2021-11-24 13:33:03,511] {processor.py:632} INFO - DAG(s) dict_keys(['example_trigger_target_dag']) retrieved from /home/dante/DWBI/Apache/py_env/lib/python3.8/site-packages/airflow/example_dags/example_trigger_target_dag.py
[2021-11-24 13:33:03,520] {logging_mixin.py:109} INFO - [2021-11-24 13:33:03,520] {dag.py:2389} INFO - Sync 1 DAGs
[2021-11-24 13:33:03,531] {logging_mixin.py:109} INFO - [2021-11-24 13:33:03,531] {dag.py:2921} INFO - Setting next_dagrun for example_trigger_target_dag to None
[2021-11-24 13:33:03,541] {processor.py:171} INFO - Processing /home/dante/DWBI/Apache/py_env/lib/python3.8/site-packages/airflow/example_dags/example_trigger_target_dag.py took 0.079 seconds
[2021-11-24 13:33:37,584] {processor.py:163} INFO - Started process (PID=48525) to work on /home/dante/DWBI/Apache/py_env/lib/python3.8/site-packages/airflow/example_dags/example_trigger_target_dag.py
[2021-11-24 13:33:37,585] {processor.py:620} INFO - Processing file /home/dante/DWBI/Apache/py_env/lib/python3.8/site-packages/airflow/example_dags/example_trigger_target_dag.py for tasks to queue
[2021-11-24 13:33:37,585] {logging_mixin.py:109} INFO - [2021-11-24 13:33:37,585] {dagbag.py:500} INFO - Filling up the DagBag from /home/dante/DWBI/Apache/py_env/lib/python3.8/site-packages/airflow/example_dags/example_trigger_target_dag.py
[2021-11-24 13:33:37,602] {processor.py:632} INFO - DAG(s) dict_keys(['example_trigger_target_dag']) retrieved from /home/dante/DWBI/Apache/py_env/lib/python3.8/site-packages/airflow/example_dags/example_trigger_target_dag.py
[2021-11-24 13:33:37,609] {logging_mixin.py:109} INFO - [2021-11-24 13:33:37,609] {dag.py:2389} INFO - Sync 1 DAGs
[2021-11-24 13:33:37,618] {logging_mixin.py:109} INFO - [2021-11-24 13:33:37,618] {dag.py:2921} INFO - Setting next_dagrun for example_trigger_target_dag to None
[2021-11-24 13:33:37,625] {processor.py:171} INFO - Processing /home/dante/DWBI/Apache/py_env/lib/python3.8/site-packages/airflow/example_dags/example_trigger_target_dag.py took 0.044 seconds
[2021-11-24 13:34:17,295] {processor.py:163} INFO - Started process (PID=48708) to work on /home/dante/DWBI/Apache/py_env/lib/python3.8/site-packages/airflow/example_dags/example_trigger_target_dag.py
[2021-11-24 13:34:17,304] {processor.py:620} INFO - Processing file /home/dante/DWBI/Apache/py_env/lib/python3.8/site-packages/airflow/example_dags/example_trigger_target_dag.py for tasks to queue
[2021-11-24 13:34:17,304] {logging_mixin.py:109} INFO - [2021-11-24 13:34:17,304] {dagbag.py:500} INFO - Filling up the DagBag from /home/dante/DWBI/Apache/py_env/lib/python3.8/site-packages/airflow/example_dags/example_trigger_target_dag.py
[2021-11-24 13:34:17,323] {processor.py:632} INFO - DAG(s) dict_keys(['example_trigger_target_dag']) retrieved from /home/dante/DWBI/Apache/py_env/lib/python3.8/site-packages/airflow/example_dags/example_trigger_target_dag.py
[2021-11-24 13:34:17,330] {logging_mixin.py:109} INFO - [2021-11-24 13:34:17,330] {dag.py:2389} INFO - Sync 1 DAGs
[2021-11-24 13:34:17,338] {logging_mixin.py:109} INFO - [2021-11-24 13:34:17,338] {dag.py:2921} INFO - Setting next_dagrun for example_trigger_target_dag to None
[2021-11-24 13:34:17,360] {processor.py:171} INFO - Processing /home/dante/DWBI/Apache/py_env/lib/python3.8/site-packages/airflow/example_dags/example_trigger_target_dag.py took 0.067 seconds
[2021-11-24 13:34:56,354] {processor.py:163} INFO - Started process (PID=48817) to work on /home/dante/DWBI/Apache/py_env/lib/python3.8/site-packages/airflow/example_dags/example_trigger_target_dag.py
[2021-11-24 13:34:56,358] {processor.py:620} INFO - Processing file /home/dante/DWBI/Apache/py_env/lib/python3.8/site-packages/airflow/example_dags/example_trigger_target_dag.py for tasks to queue
[2021-11-24 13:34:56,359] {logging_mixin.py:109} INFO - [2021-11-24 13:34:56,359] {dagbag.py:500} INFO - Filling up the DagBag from /home/dante/DWBI/Apache/py_env/lib/python3.8/site-packages/airflow/example_dags/example_trigger_target_dag.py
[2021-11-24 13:34:56,385] {processor.py:632} INFO - DAG(s) dict_keys(['example_trigger_target_dag']) retrieved from /home/dante/DWBI/Apache/py_env/lib/python3.8/site-packages/airflow/example_dags/example_trigger_target_dag.py
[2021-11-24 13:34:56,393] {logging_mixin.py:109} INFO - [2021-11-24 13:34:56,393] {dag.py:2389} INFO - Sync 1 DAGs
[2021-11-24 13:34:56,403] {logging_mixin.py:109} INFO - [2021-11-24 13:34:56,403] {dag.py:2921} INFO - Setting next_dagrun for example_trigger_target_dag to None
[2021-11-24 13:34:56,411] {processor.py:171} INFO - Processing /home/dante/DWBI/Apache/py_env/lib/python3.8/site-packages/airflow/example_dags/example_trigger_target_dag.py took 0.059 seconds
[2021-11-24 13:35:34,185] {processor.py:163} INFO - Started process (PID=48925) to work on /home/dante/DWBI/Apache/py_env/lib/python3.8/site-packages/airflow/example_dags/example_trigger_target_dag.py
[2021-11-24 13:35:34,197] {processor.py:620} INFO - Processing file /home/dante/DWBI/Apache/py_env/lib/python3.8/site-packages/airflow/example_dags/example_trigger_target_dag.py for tasks to queue
[2021-11-24 13:35:34,199] {logging_mixin.py:109} INFO - [2021-11-24 13:35:34,199] {dagbag.py:500} INFO - Filling up the DagBag from /home/dante/DWBI/Apache/py_env/lib/python3.8/site-packages/airflow/example_dags/example_trigger_target_dag.py
[2021-11-24 13:35:34,232] {processor.py:632} INFO - DAG(s) dict_keys(['example_trigger_target_dag']) retrieved from /home/dante/DWBI/Apache/py_env/lib/python3.8/site-packages/airflow/example_dags/example_trigger_target_dag.py
[2021-11-24 13:35:34,240] {logging_mixin.py:109} INFO - [2021-11-24 13:35:34,240] {dag.py:2389} INFO - Sync 1 DAGs
[2021-11-24 13:35:34,250] {logging_mixin.py:109} INFO - [2021-11-24 13:35:34,250] {dag.py:2921} INFO - Setting next_dagrun for example_trigger_target_dag to None
[2021-11-24 13:35:34,270] {processor.py:171} INFO - Processing /home/dante/DWBI/Apache/py_env/lib/python3.8/site-packages/airflow/example_dags/example_trigger_target_dag.py took 0.092 seconds
[2021-11-24 13:36:14,278] {processor.py:163} INFO - Started process (PID=49016) to work on /home/dante/DWBI/Apache/py_env/lib/python3.8/site-packages/airflow/example_dags/example_trigger_target_dag.py
[2021-11-24 13:36:14,289] {processor.py:620} INFO - Processing file /home/dante/DWBI/Apache/py_env/lib/python3.8/site-packages/airflow/example_dags/example_trigger_target_dag.py for tasks to queue
[2021-11-24 13:36:14,291] {logging_mixin.py:109} INFO - [2021-11-24 13:36:14,291] {dagbag.py:500} INFO - Filling up the DagBag from /home/dante/DWBI/Apache/py_env/lib/python3.8/site-packages/airflow/example_dags/example_trigger_target_dag.py
[2021-11-24 13:36:14,327] {processor.py:632} INFO - DAG(s) dict_keys(['example_trigger_target_dag']) retrieved from /home/dante/DWBI/Apache/py_env/lib/python3.8/site-packages/airflow/example_dags/example_trigger_target_dag.py
[2021-11-24 13:36:14,345] {logging_mixin.py:109} INFO - [2021-11-24 13:36:14,345] {dag.py:2389} INFO - Sync 1 DAGs
[2021-11-24 13:36:14,365] {logging_mixin.py:109} INFO - [2021-11-24 13:36:14,365] {dag.py:2921} INFO - Setting next_dagrun for example_trigger_target_dag to None
[2021-11-24 13:36:14,380] {processor.py:171} INFO - Processing /home/dante/DWBI/Apache/py_env/lib/python3.8/site-packages/airflow/example_dags/example_trigger_target_dag.py took 0.106 seconds
[2021-11-24 13:36:54,102] {processor.py:163} INFO - Started process (PID=49143) to work on /home/dante/DWBI/Apache/py_env/lib/python3.8/site-packages/airflow/example_dags/example_trigger_target_dag.py
[2021-11-24 13:36:54,109] {processor.py:620} INFO - Processing file /home/dante/DWBI/Apache/py_env/lib/python3.8/site-packages/airflow/example_dags/example_trigger_target_dag.py for tasks to queue
[2021-11-24 13:36:54,111] {logging_mixin.py:109} INFO - [2021-11-24 13:36:54,111] {dagbag.py:500} INFO - Filling up the DagBag from /home/dante/DWBI/Apache/py_env/lib/python3.8/site-packages/airflow/example_dags/example_trigger_target_dag.py
[2021-11-24 13:36:54,129] {processor.py:632} INFO - DAG(s) dict_keys(['example_trigger_target_dag']) retrieved from /home/dante/DWBI/Apache/py_env/lib/python3.8/site-packages/airflow/example_dags/example_trigger_target_dag.py
[2021-11-24 13:36:54,136] {logging_mixin.py:109} INFO - [2021-11-24 13:36:54,136] {dag.py:2389} INFO - Sync 1 DAGs
[2021-11-24 13:36:54,145] {logging_mixin.py:109} INFO - [2021-11-24 13:36:54,145] {dag.py:2921} INFO - Setting next_dagrun for example_trigger_target_dag to None
[2021-11-24 13:36:54,153] {processor.py:171} INFO - Processing /home/dante/DWBI/Apache/py_env/lib/python3.8/site-packages/airflow/example_dags/example_trigger_target_dag.py took 0.053 seconds
[2021-11-24 13:37:26,833] {processor.py:163} INFO - Started process (PID=49269) to work on /home/dante/DWBI/Apache/py_env/lib/python3.8/site-packages/airflow/example_dags/example_trigger_target_dag.py
[2021-11-24 13:37:26,835] {processor.py:620} INFO - Processing file /home/dante/DWBI/Apache/py_env/lib/python3.8/site-packages/airflow/example_dags/example_trigger_target_dag.py for tasks to queue
[2021-11-24 13:37:26,835] {logging_mixin.py:109} INFO - [2021-11-24 13:37:26,835] {dagbag.py:500} INFO - Filling up the DagBag from /home/dante/DWBI/Apache/py_env/lib/python3.8/site-packages/airflow/example_dags/example_trigger_target_dag.py
[2021-11-24 13:37:26,853] {processor.py:632} INFO - DAG(s) dict_keys(['example_trigger_target_dag']) retrieved from /home/dante/DWBI/Apache/py_env/lib/python3.8/site-packages/airflow/example_dags/example_trigger_target_dag.py
[2021-11-24 13:37:26,861] {logging_mixin.py:109} INFO - [2021-11-24 13:37:26,861] {dag.py:2389} INFO - Sync 1 DAGs
[2021-11-24 13:37:26,870] {logging_mixin.py:109} INFO - [2021-11-24 13:37:26,870] {dag.py:2921} INFO - Setting next_dagrun for example_trigger_target_dag to None
[2021-11-24 13:37:26,879] {processor.py:171} INFO - Processing /home/dante/DWBI/Apache/py_env/lib/python3.8/site-packages/airflow/example_dags/example_trigger_target_dag.py took 0.048 seconds
[2021-11-24 13:38:03,531] {processor.py:163} INFO - Started process (PID=49337) to work on /home/dante/DWBI/Apache/py_env/lib/python3.8/site-packages/airflow/example_dags/example_trigger_target_dag.py
[2021-11-24 13:38:03,542] {processor.py:620} INFO - Processing file /home/dante/DWBI/Apache/py_env/lib/python3.8/site-packages/airflow/example_dags/example_trigger_target_dag.py for tasks to queue
[2021-11-24 13:38:03,543] {logging_mixin.py:109} INFO - [2021-11-24 13:38:03,543] {dagbag.py:500} INFO - Filling up the DagBag from /home/dante/DWBI/Apache/py_env/lib/python3.8/site-packages/airflow/example_dags/example_trigger_target_dag.py
[2021-11-24 13:38:03,572] {processor.py:632} INFO - DAG(s) dict_keys(['example_trigger_target_dag']) retrieved from /home/dante/DWBI/Apache/py_env/lib/python3.8/site-packages/airflow/example_dags/example_trigger_target_dag.py
[2021-11-24 13:38:03,578] {logging_mixin.py:109} INFO - [2021-11-24 13:38:03,578] {dag.py:2389} INFO - Sync 1 DAGs
[2021-11-24 13:38:03,587] {logging_mixin.py:109} INFO - [2021-11-24 13:38:03,587] {dag.py:2921} INFO - Setting next_dagrun for example_trigger_target_dag to None
[2021-11-24 13:38:03,595] {processor.py:171} INFO - Processing /home/dante/DWBI/Apache/py_env/lib/python3.8/site-packages/airflow/example_dags/example_trigger_target_dag.py took 0.070 seconds
[2021-11-24 13:38:38,253] {processor.py:163} INFO - Started process (PID=49418) to work on /home/dante/DWBI/Apache/py_env/lib/python3.8/site-packages/airflow/example_dags/example_trigger_target_dag.py
[2021-11-24 13:38:38,262] {processor.py:620} INFO - Processing file /home/dante/DWBI/Apache/py_env/lib/python3.8/site-packages/airflow/example_dags/example_trigger_target_dag.py for tasks to queue
[2021-11-24 13:38:38,262] {logging_mixin.py:109} INFO - [2021-11-24 13:38:38,262] {dagbag.py:500} INFO - Filling up the DagBag from /home/dante/DWBI/Apache/py_env/lib/python3.8/site-packages/airflow/example_dags/example_trigger_target_dag.py
[2021-11-24 13:38:38,287] {processor.py:632} INFO - DAG(s) dict_keys(['example_trigger_target_dag']) retrieved from /home/dante/DWBI/Apache/py_env/lib/python3.8/site-packages/airflow/example_dags/example_trigger_target_dag.py
[2021-11-24 13:38:38,295] {logging_mixin.py:109} INFO - [2021-11-24 13:38:38,295] {dag.py:2389} INFO - Sync 1 DAGs
[2021-11-24 13:38:38,304] {logging_mixin.py:109} INFO - [2021-11-24 13:38:38,304] {dag.py:2921} INFO - Setting next_dagrun for example_trigger_target_dag to None
[2021-11-24 13:38:38,311] {processor.py:171} INFO - Processing /home/dante/DWBI/Apache/py_env/lib/python3.8/site-packages/airflow/example_dags/example_trigger_target_dag.py took 0.061 seconds
[2021-11-24 13:39:15,571] {processor.py:163} INFO - Started process (PID=49551) to work on /home/dante/DWBI/Apache/py_env/lib/python3.8/site-packages/airflow/example_dags/example_trigger_target_dag.py
[2021-11-24 13:39:15,580] {processor.py:620} INFO - Processing file /home/dante/DWBI/Apache/py_env/lib/python3.8/site-packages/airflow/example_dags/example_trigger_target_dag.py for tasks to queue
[2021-11-24 13:39:15,580] {logging_mixin.py:109} INFO - [2021-11-24 13:39:15,580] {dagbag.py:500} INFO - Filling up the DagBag from /home/dante/DWBI/Apache/py_env/lib/python3.8/site-packages/airflow/example_dags/example_trigger_target_dag.py
[2021-11-24 13:39:15,597] {processor.py:632} INFO - DAG(s) dict_keys(['example_trigger_target_dag']) retrieved from /home/dante/DWBI/Apache/py_env/lib/python3.8/site-packages/airflow/example_dags/example_trigger_target_dag.py
[2021-11-24 13:39:15,604] {logging_mixin.py:109} INFO - [2021-11-24 13:39:15,604] {dag.py:2389} INFO - Sync 1 DAGs
[2021-11-24 13:39:15,612] {logging_mixin.py:109} INFO - [2021-11-24 13:39:15,612] {dag.py:2921} INFO - Setting next_dagrun for example_trigger_target_dag to None
[2021-11-24 13:39:15,636] {processor.py:171} INFO - Processing /home/dante/DWBI/Apache/py_env/lib/python3.8/site-packages/airflow/example_dags/example_trigger_target_dag.py took 0.070 seconds
[2021-11-24 13:39:50,914] {processor.py:163} INFO - Started process (PID=49629) to work on /home/dante/DWBI/Apache/py_env/lib/python3.8/site-packages/airflow/example_dags/example_trigger_target_dag.py
[2021-11-24 13:39:50,919] {processor.py:620} INFO - Processing file /home/dante/DWBI/Apache/py_env/lib/python3.8/site-packages/airflow/example_dags/example_trigger_target_dag.py for tasks to queue
[2021-11-24 13:39:50,921] {logging_mixin.py:109} INFO - [2021-11-24 13:39:50,920] {dagbag.py:500} INFO - Filling up the DagBag from /home/dante/DWBI/Apache/py_env/lib/python3.8/site-packages/airflow/example_dags/example_trigger_target_dag.py
[2021-11-24 13:39:50,944] {processor.py:632} INFO - DAG(s) dict_keys(['example_trigger_target_dag']) retrieved from /home/dante/DWBI/Apache/py_env/lib/python3.8/site-packages/airflow/example_dags/example_trigger_target_dag.py
[2021-11-24 13:39:50,951] {logging_mixin.py:109} INFO - [2021-11-24 13:39:50,951] {dag.py:2389} INFO - Sync 1 DAGs
[2021-11-24 13:39:50,962] {logging_mixin.py:109} INFO - [2021-11-24 13:39:50,961] {dag.py:2921} INFO - Setting next_dagrun for example_trigger_target_dag to None
[2021-11-24 13:39:50,969] {processor.py:171} INFO - Processing /home/dante/DWBI/Apache/py_env/lib/python3.8/site-packages/airflow/example_dags/example_trigger_target_dag.py took 0.062 seconds
[2021-11-24 13:40:23,796] {processor.py:163} INFO - Started process (PID=49714) to work on /home/dante/DWBI/Apache/py_env/lib/python3.8/site-packages/airflow/example_dags/example_trigger_target_dag.py
[2021-11-24 13:40:23,799] {processor.py:620} INFO - Processing file /home/dante/DWBI/Apache/py_env/lib/python3.8/site-packages/airflow/example_dags/example_trigger_target_dag.py for tasks to queue
[2021-11-24 13:40:23,801] {logging_mixin.py:109} INFO - [2021-11-24 13:40:23,801] {dagbag.py:500} INFO - Filling up the DagBag from /home/dante/DWBI/Apache/py_env/lib/python3.8/site-packages/airflow/example_dags/example_trigger_target_dag.py
[2021-11-24 13:40:23,831] {processor.py:632} INFO - DAG(s) dict_keys(['example_trigger_target_dag']) retrieved from /home/dante/DWBI/Apache/py_env/lib/python3.8/site-packages/airflow/example_dags/example_trigger_target_dag.py
[2021-11-24 13:40:23,837] {logging_mixin.py:109} INFO - [2021-11-24 13:40:23,837] {dag.py:2389} INFO - Sync 1 DAGs
[2021-11-24 13:40:23,847] {logging_mixin.py:109} INFO - [2021-11-24 13:40:23,846] {dag.py:2921} INFO - Setting next_dagrun for example_trigger_target_dag to None
[2021-11-24 13:40:23,855] {processor.py:171} INFO - Processing /home/dante/DWBI/Apache/py_env/lib/python3.8/site-packages/airflow/example_dags/example_trigger_target_dag.py took 0.066 seconds
[2021-11-24 13:41:03,031] {processor.py:163} INFO - Started process (PID=49783) to work on /home/dante/DWBI/Apache/py_env/lib/python3.8/site-packages/airflow/example_dags/example_trigger_target_dag.py
[2021-11-24 13:41:03,039] {processor.py:620} INFO - Processing file /home/dante/DWBI/Apache/py_env/lib/python3.8/site-packages/airflow/example_dags/example_trigger_target_dag.py for tasks to queue
[2021-11-24 13:41:03,040] {logging_mixin.py:109} INFO - [2021-11-24 13:41:03,040] {dagbag.py:500} INFO - Filling up the DagBag from /home/dante/DWBI/Apache/py_env/lib/python3.8/site-packages/airflow/example_dags/example_trigger_target_dag.py
[2021-11-24 13:41:03,053] {processor.py:632} INFO - DAG(s) dict_keys(['example_trigger_target_dag']) retrieved from /home/dante/DWBI/Apache/py_env/lib/python3.8/site-packages/airflow/example_dags/example_trigger_target_dag.py
[2021-11-24 13:41:03,059] {logging_mixin.py:109} INFO - [2021-11-24 13:41:03,059] {dag.py:2389} INFO - Sync 1 DAGs
[2021-11-24 13:41:03,067] {logging_mixin.py:109} INFO - [2021-11-24 13:41:03,067] {dag.py:2921} INFO - Setting next_dagrun for example_trigger_target_dag to None
[2021-11-24 13:41:03,074] {processor.py:171} INFO - Processing /home/dante/DWBI/Apache/py_env/lib/python3.8/site-packages/airflow/example_dags/example_trigger_target_dag.py took 0.045 seconds
[2021-11-24 13:41:38,885] {processor.py:163} INFO - Started process (PID=49882) to work on /home/dante/DWBI/Apache/py_env/lib/python3.8/site-packages/airflow/example_dags/example_trigger_target_dag.py
[2021-11-24 13:41:38,894] {processor.py:620} INFO - Processing file /home/dante/DWBI/Apache/py_env/lib/python3.8/site-packages/airflow/example_dags/example_trigger_target_dag.py for tasks to queue
[2021-11-24 13:41:38,895] {logging_mixin.py:109} INFO - [2021-11-24 13:41:38,895] {dagbag.py:500} INFO - Filling up the DagBag from /home/dante/DWBI/Apache/py_env/lib/python3.8/site-packages/airflow/example_dags/example_trigger_target_dag.py
[2021-11-24 13:41:38,913] {processor.py:632} INFO - DAG(s) dict_keys(['example_trigger_target_dag']) retrieved from /home/dante/DWBI/Apache/py_env/lib/python3.8/site-packages/airflow/example_dags/example_trigger_target_dag.py
[2021-11-24 13:41:38,920] {logging_mixin.py:109} INFO - [2021-11-24 13:41:38,920] {dag.py:2389} INFO - Sync 1 DAGs
[2021-11-24 13:41:38,929] {logging_mixin.py:109} INFO - [2021-11-24 13:41:38,929] {dag.py:2921} INFO - Setting next_dagrun for example_trigger_target_dag to None
[2021-11-24 13:41:38,959] {processor.py:171} INFO - Processing /home/dante/DWBI/Apache/py_env/lib/python3.8/site-packages/airflow/example_dags/example_trigger_target_dag.py took 0.076 seconds
[2021-11-24 13:42:15,457] {processor.py:163} INFO - Started process (PID=49991) to work on /home/dante/DWBI/Apache/py_env/lib/python3.8/site-packages/airflow/example_dags/example_trigger_target_dag.py
[2021-11-24 13:42:15,459] {processor.py:620} INFO - Processing file /home/dante/DWBI/Apache/py_env/lib/python3.8/site-packages/airflow/example_dags/example_trigger_target_dag.py for tasks to queue
[2021-11-24 13:42:15,460] {logging_mixin.py:109} INFO - [2021-11-24 13:42:15,459] {dagbag.py:500} INFO - Filling up the DagBag from /home/dante/DWBI/Apache/py_env/lib/python3.8/site-packages/airflow/example_dags/example_trigger_target_dag.py
[2021-11-24 13:42:15,484] {processor.py:632} INFO - DAG(s) dict_keys(['example_trigger_target_dag']) retrieved from /home/dante/DWBI/Apache/py_env/lib/python3.8/site-packages/airflow/example_dags/example_trigger_target_dag.py
[2021-11-24 13:42:15,491] {logging_mixin.py:109} INFO - [2021-11-24 13:42:15,491] {dag.py:2389} INFO - Sync 1 DAGs
[2021-11-24 13:42:15,500] {logging_mixin.py:109} INFO - [2021-11-24 13:42:15,500] {dag.py:2921} INFO - Setting next_dagrun for example_trigger_target_dag to None
[2021-11-24 13:42:15,521] {processor.py:171} INFO - Processing /home/dante/DWBI/Apache/py_env/lib/python3.8/site-packages/airflow/example_dags/example_trigger_target_dag.py took 0.068 seconds
