[2021-11-24 13:02:08,764] {processor.py:163} INFO - Started process (PID=42711) to work on /home/dante/DWBI/Apache/py_env/lib/python3.8/site-packages/airflow/example_dags/example_branch_datetime_operator.py
[2021-11-24 13:02:08,765] {processor.py:620} INFO - Processing file /home/dante/DWBI/Apache/py_env/lib/python3.8/site-packages/airflow/example_dags/example_branch_datetime_operator.py for tasks to queue
[2021-11-24 13:02:08,765] {logging_mixin.py:109} INFO - [2021-11-24 13:02:08,765] {dagbag.py:500} INFO - Filling up the DagBag from /home/dante/DWBI/Apache/py_env/lib/python3.8/site-packages/airflow/example_dags/example_branch_datetime_operator.py
[2021-11-24 13:02:08,790] {processor.py:632} INFO - DAG(s) dict_keys(['example_branch_datetime_operator_2']) retrieved from /home/dante/DWBI/Apache/py_env/lib/python3.8/site-packages/airflow/example_dags/example_branch_datetime_operator.py
[2021-11-24 13:02:08,797] {logging_mixin.py:109} INFO - [2021-11-24 13:02:08,797] {dag.py:2389} INFO - Sync 1 DAGs
[2021-11-24 13:02:08,808] {logging_mixin.py:109} INFO - [2021-11-24 13:02:08,808] {dag.py:2921} INFO - Setting next_dagrun for example_branch_datetime_operator_2 to 2021-11-23 00:00:00+00:00
[2021-11-24 13:02:08,817] {processor.py:171} INFO - Processing /home/dante/DWBI/Apache/py_env/lib/python3.8/site-packages/airflow/example_dags/example_branch_datetime_operator.py took 0.056 seconds
[2021-11-24 13:02:47,897] {processor.py:163} INFO - Started process (PID=42769) to work on /home/dante/DWBI/Apache/py_env/lib/python3.8/site-packages/airflow/example_dags/example_branch_datetime_operator.py
[2021-11-24 13:02:47,906] {processor.py:620} INFO - Processing file /home/dante/DWBI/Apache/py_env/lib/python3.8/site-packages/airflow/example_dags/example_branch_datetime_operator.py for tasks to queue
[2021-11-24 13:02:47,907] {logging_mixin.py:109} INFO - [2021-11-24 13:02:47,907] {dagbag.py:500} INFO - Filling up the DagBag from /home/dante/DWBI/Apache/py_env/lib/python3.8/site-packages/airflow/example_dags/example_branch_datetime_operator.py
[2021-11-24 13:02:47,932] {processor.py:632} INFO - DAG(s) dict_keys(['example_branch_datetime_operator_2']) retrieved from /home/dante/DWBI/Apache/py_env/lib/python3.8/site-packages/airflow/example_dags/example_branch_datetime_operator.py
[2021-11-24 13:02:47,940] {logging_mixin.py:109} INFO - [2021-11-24 13:02:47,940] {dag.py:2389} INFO - Sync 1 DAGs
[2021-11-24 13:02:47,953] {logging_mixin.py:109} INFO - [2021-11-24 13:02:47,953] {dag.py:2921} INFO - Setting next_dagrun for example_branch_datetime_operator_2 to 2021-11-23 00:00:00+00:00
[2021-11-24 13:02:47,964] {processor.py:171} INFO - Processing /home/dante/DWBI/Apache/py_env/lib/python3.8/site-packages/airflow/example_dags/example_branch_datetime_operator.py took 0.069 seconds
[2021-11-24 13:03:27,060] {processor.py:163} INFO - Started process (PID=42889) to work on /home/dante/DWBI/Apache/py_env/lib/python3.8/site-packages/airflow/example_dags/example_branch_datetime_operator.py
[2021-11-24 13:03:27,069] {processor.py:620} INFO - Processing file /home/dante/DWBI/Apache/py_env/lib/python3.8/site-packages/airflow/example_dags/example_branch_datetime_operator.py for tasks to queue
[2021-11-24 13:03:27,070] {logging_mixin.py:109} INFO - [2021-11-24 13:03:27,069] {dagbag.py:500} INFO - Filling up the DagBag from /home/dante/DWBI/Apache/py_env/lib/python3.8/site-packages/airflow/example_dags/example_branch_datetime_operator.py
[2021-11-24 13:03:27,082] {processor.py:632} INFO - DAG(s) dict_keys(['example_branch_datetime_operator_2']) retrieved from /home/dante/DWBI/Apache/py_env/lib/python3.8/site-packages/airflow/example_dags/example_branch_datetime_operator.py
[2021-11-24 13:03:27,089] {logging_mixin.py:109} INFO - [2021-11-24 13:03:27,089] {dag.py:2389} INFO - Sync 1 DAGs
[2021-11-24 13:03:27,098] {logging_mixin.py:109} INFO - [2021-11-24 13:03:27,098] {dag.py:2921} INFO - Setting next_dagrun for example_branch_datetime_operator_2 to 2021-11-23 00:00:00+00:00
[2021-11-24 13:03:27,112] {processor.py:171} INFO - Processing /home/dante/DWBI/Apache/py_env/lib/python3.8/site-packages/airflow/example_dags/example_branch_datetime_operator.py took 0.054 seconds
[2021-11-24 13:04:04,589] {processor.py:163} INFO - Started process (PID=42949) to work on /home/dante/DWBI/Apache/py_env/lib/python3.8/site-packages/airflow/example_dags/example_branch_datetime_operator.py
[2021-11-24 13:04:04,591] {processor.py:620} INFO - Processing file /home/dante/DWBI/Apache/py_env/lib/python3.8/site-packages/airflow/example_dags/example_branch_datetime_operator.py for tasks to queue
[2021-11-24 13:04:04,591] {logging_mixin.py:109} INFO - [2021-11-24 13:04:04,591] {dagbag.py:500} INFO - Filling up the DagBag from /home/dante/DWBI/Apache/py_env/lib/python3.8/site-packages/airflow/example_dags/example_branch_datetime_operator.py
[2021-11-24 13:04:04,606] {processor.py:632} INFO - DAG(s) dict_keys(['example_branch_datetime_operator_2']) retrieved from /home/dante/DWBI/Apache/py_env/lib/python3.8/site-packages/airflow/example_dags/example_branch_datetime_operator.py
[2021-11-24 13:04:04,614] {logging_mixin.py:109} INFO - [2021-11-24 13:04:04,614] {dag.py:2389} INFO - Sync 1 DAGs
[2021-11-24 13:04:04,627] {logging_mixin.py:109} INFO - [2021-11-24 13:04:04,627] {dag.py:2921} INFO - Setting next_dagrun for example_branch_datetime_operator_2 to 2021-11-23 00:00:00+00:00
[2021-11-24 13:04:04,635] {processor.py:171} INFO - Processing /home/dante/DWBI/Apache/py_env/lib/python3.8/site-packages/airflow/example_dags/example_branch_datetime_operator.py took 0.048 seconds
[2021-11-24 13:04:52,926] {processor.py:163} INFO - Started process (PID=43153) to work on /home/dante/DWBI/Apache/py_env/lib/python3.8/site-packages/airflow/example_dags/example_branch_datetime_operator.py
[2021-11-24 13:04:52,936] {processor.py:620} INFO - Processing file /home/dante/DWBI/Apache/py_env/lib/python3.8/site-packages/airflow/example_dags/example_branch_datetime_operator.py for tasks to queue
[2021-11-24 13:04:52,938] {logging_mixin.py:109} INFO - [2021-11-24 13:04:52,938] {dagbag.py:500} INFO - Filling up the DagBag from /home/dante/DWBI/Apache/py_env/lib/python3.8/site-packages/airflow/example_dags/example_branch_datetime_operator.py
[2021-11-24 13:04:52,971] {processor.py:632} INFO - DAG(s) dict_keys(['example_branch_datetime_operator_2']) retrieved from /home/dante/DWBI/Apache/py_env/lib/python3.8/site-packages/airflow/example_dags/example_branch_datetime_operator.py
[2021-11-24 13:04:52,978] {logging_mixin.py:109} INFO - [2021-11-24 13:04:52,978] {dag.py:2389} INFO - Sync 1 DAGs
[2021-11-24 13:04:52,988] {logging_mixin.py:109} INFO - [2021-11-24 13:04:52,988] {dag.py:2921} INFO - Setting next_dagrun for example_branch_datetime_operator_2 to 2021-11-23 00:00:00+00:00
[2021-11-24 13:04:53,006] {processor.py:171} INFO - Processing /home/dante/DWBI/Apache/py_env/lib/python3.8/site-packages/airflow/example_dags/example_branch_datetime_operator.py took 0.087 seconds
[2021-11-24 13:05:30,948] {processor.py:163} INFO - Started process (PID=43236) to work on /home/dante/DWBI/Apache/py_env/lib/python3.8/site-packages/airflow/example_dags/example_branch_datetime_operator.py
[2021-11-24 13:05:30,950] {processor.py:620} INFO - Processing file /home/dante/DWBI/Apache/py_env/lib/python3.8/site-packages/airflow/example_dags/example_branch_datetime_operator.py for tasks to queue
[2021-11-24 13:05:30,951] {logging_mixin.py:109} INFO - [2021-11-24 13:05:30,951] {dagbag.py:500} INFO - Filling up the DagBag from /home/dante/DWBI/Apache/py_env/lib/python3.8/site-packages/airflow/example_dags/example_branch_datetime_operator.py
[2021-11-24 13:05:30,966] {processor.py:632} INFO - DAG(s) dict_keys(['example_branch_datetime_operator_2']) retrieved from /home/dante/DWBI/Apache/py_env/lib/python3.8/site-packages/airflow/example_dags/example_branch_datetime_operator.py
[2021-11-24 13:05:30,972] {logging_mixin.py:109} INFO - [2021-11-24 13:05:30,972] {dag.py:2389} INFO - Sync 1 DAGs
[2021-11-24 13:05:30,982] {logging_mixin.py:109} INFO - [2021-11-24 13:05:30,982] {dag.py:2921} INFO - Setting next_dagrun for example_branch_datetime_operator_2 to 2021-11-23 00:00:00+00:00
[2021-11-24 13:05:30,989] {processor.py:171} INFO - Processing /home/dante/DWBI/Apache/py_env/lib/python3.8/site-packages/airflow/example_dags/example_branch_datetime_operator.py took 0.043 seconds
[2021-11-24 13:06:12,515] {processor.py:163} INFO - Started process (PID=43301) to work on /home/dante/DWBI/Apache/py_env/lib/python3.8/site-packages/airflow/example_dags/example_branch_datetime_operator.py
[2021-11-24 13:06:12,517] {processor.py:620} INFO - Processing file /home/dante/DWBI/Apache/py_env/lib/python3.8/site-packages/airflow/example_dags/example_branch_datetime_operator.py for tasks to queue
[2021-11-24 13:06:12,517] {logging_mixin.py:109} INFO - [2021-11-24 13:06:12,517] {dagbag.py:500} INFO - Filling up the DagBag from /home/dante/DWBI/Apache/py_env/lib/python3.8/site-packages/airflow/example_dags/example_branch_datetime_operator.py
[2021-11-24 13:06:12,531] {processor.py:632} INFO - DAG(s) dict_keys(['example_branch_datetime_operator_2']) retrieved from /home/dante/DWBI/Apache/py_env/lib/python3.8/site-packages/airflow/example_dags/example_branch_datetime_operator.py
[2021-11-24 13:06:12,537] {logging_mixin.py:109} INFO - [2021-11-24 13:06:12,537] {dag.py:2389} INFO - Sync 1 DAGs
[2021-11-24 13:06:12,547] {logging_mixin.py:109} INFO - [2021-11-24 13:06:12,547] {dag.py:2921} INFO - Setting next_dagrun for example_branch_datetime_operator_2 to 2021-11-23 00:00:00+00:00
[2021-11-24 13:06:12,555] {processor.py:171} INFO - Processing /home/dante/DWBI/Apache/py_env/lib/python3.8/site-packages/airflow/example_dags/example_branch_datetime_operator.py took 0.042 seconds
[2021-11-24 13:06:53,585] {processor.py:163} INFO - Started process (PID=43385) to work on /home/dante/DWBI/Apache/py_env/lib/python3.8/site-packages/airflow/example_dags/example_branch_datetime_operator.py
[2021-11-24 13:06:53,587] {processor.py:620} INFO - Processing file /home/dante/DWBI/Apache/py_env/lib/python3.8/site-packages/airflow/example_dags/example_branch_datetime_operator.py for tasks to queue
[2021-11-24 13:06:53,587] {logging_mixin.py:109} INFO - [2021-11-24 13:06:53,587] {dagbag.py:500} INFO - Filling up the DagBag from /home/dante/DWBI/Apache/py_env/lib/python3.8/site-packages/airflow/example_dags/example_branch_datetime_operator.py
[2021-11-24 13:06:53,601] {processor.py:632} INFO - DAG(s) dict_keys(['example_branch_datetime_operator_2']) retrieved from /home/dante/DWBI/Apache/py_env/lib/python3.8/site-packages/airflow/example_dags/example_branch_datetime_operator.py
[2021-11-24 13:06:53,607] {logging_mixin.py:109} INFO - [2021-11-24 13:06:53,607] {dag.py:2389} INFO - Sync 1 DAGs
[2021-11-24 13:06:53,617] {logging_mixin.py:109} INFO - [2021-11-24 13:06:53,617] {dag.py:2921} INFO - Setting next_dagrun for example_branch_datetime_operator_2 to 2021-11-23 00:00:00+00:00
[2021-11-24 13:06:53,625] {processor.py:171} INFO - Processing /home/dante/DWBI/Apache/py_env/lib/python3.8/site-packages/airflow/example_dags/example_branch_datetime_operator.py took 0.042 seconds
[2021-11-24 13:07:30,880] {processor.py:163} INFO - Started process (PID=43433) to work on /home/dante/DWBI/Apache/py_env/lib/python3.8/site-packages/airflow/example_dags/example_branch_datetime_operator.py
[2021-11-24 13:07:30,891] {processor.py:620} INFO - Processing file /home/dante/DWBI/Apache/py_env/lib/python3.8/site-packages/airflow/example_dags/example_branch_datetime_operator.py for tasks to queue
[2021-11-24 13:07:30,893] {logging_mixin.py:109} INFO - [2021-11-24 13:07:30,892] {dagbag.py:500} INFO - Filling up the DagBag from /home/dante/DWBI/Apache/py_env/lib/python3.8/site-packages/airflow/example_dags/example_branch_datetime_operator.py
[2021-11-24 13:07:30,928] {processor.py:632} INFO - DAG(s) dict_keys(['example_branch_datetime_operator_2']) retrieved from /home/dante/DWBI/Apache/py_env/lib/python3.8/site-packages/airflow/example_dags/example_branch_datetime_operator.py
[2021-11-24 13:07:30,936] {logging_mixin.py:109} INFO - [2021-11-24 13:07:30,936] {dag.py:2389} INFO - Sync 1 DAGs
[2021-11-24 13:07:30,947] {logging_mixin.py:109} INFO - [2021-11-24 13:07:30,947] {dag.py:2921} INFO - Setting next_dagrun for example_branch_datetime_operator_2 to 2021-11-23 00:00:00+00:00
[2021-11-24 13:07:30,955] {processor.py:171} INFO - Processing /home/dante/DWBI/Apache/py_env/lib/python3.8/site-packages/airflow/example_dags/example_branch_datetime_operator.py took 0.078 seconds
[2021-11-24 13:08:10,767] {processor.py:163} INFO - Started process (PID=43504) to work on /home/dante/DWBI/Apache/py_env/lib/python3.8/site-packages/airflow/example_dags/example_branch_datetime_operator.py
[2021-11-24 13:08:10,776] {processor.py:620} INFO - Processing file /home/dante/DWBI/Apache/py_env/lib/python3.8/site-packages/airflow/example_dags/example_branch_datetime_operator.py for tasks to queue
[2021-11-24 13:08:10,777] {logging_mixin.py:109} INFO - [2021-11-24 13:08:10,777] {dagbag.py:500} INFO - Filling up the DagBag from /home/dante/DWBI/Apache/py_env/lib/python3.8/site-packages/airflow/example_dags/example_branch_datetime_operator.py
[2021-11-24 13:08:10,794] {processor.py:632} INFO - DAG(s) dict_keys(['example_branch_datetime_operator_2']) retrieved from /home/dante/DWBI/Apache/py_env/lib/python3.8/site-packages/airflow/example_dags/example_branch_datetime_operator.py
[2021-11-24 13:08:10,802] {logging_mixin.py:109} INFO - [2021-11-24 13:08:10,801] {dag.py:2389} INFO - Sync 1 DAGs
[2021-11-24 13:08:10,812] {logging_mixin.py:109} INFO - [2021-11-24 13:08:10,812] {dag.py:2921} INFO - Setting next_dagrun for example_branch_datetime_operator_2 to 2021-11-23 00:00:00+00:00
[2021-11-24 13:08:10,827] {processor.py:171} INFO - Processing /home/dante/DWBI/Apache/py_env/lib/python3.8/site-packages/airflow/example_dags/example_branch_datetime_operator.py took 0.062 seconds
[2021-11-24 13:08:51,686] {processor.py:163} INFO - Started process (PID=43578) to work on /home/dante/DWBI/Apache/py_env/lib/python3.8/site-packages/airflow/example_dags/example_branch_datetime_operator.py
[2021-11-24 13:08:51,695] {processor.py:620} INFO - Processing file /home/dante/DWBI/Apache/py_env/lib/python3.8/site-packages/airflow/example_dags/example_branch_datetime_operator.py for tasks to queue
[2021-11-24 13:08:51,696] {logging_mixin.py:109} INFO - [2021-11-24 13:08:51,696] {dagbag.py:500} INFO - Filling up the DagBag from /home/dante/DWBI/Apache/py_env/lib/python3.8/site-packages/airflow/example_dags/example_branch_datetime_operator.py
[2021-11-24 13:08:51,720] {processor.py:632} INFO - DAG(s) dict_keys(['example_branch_datetime_operator_2']) retrieved from /home/dante/DWBI/Apache/py_env/lib/python3.8/site-packages/airflow/example_dags/example_branch_datetime_operator.py
[2021-11-24 13:08:51,729] {logging_mixin.py:109} INFO - [2021-11-24 13:08:51,728] {dag.py:2389} INFO - Sync 1 DAGs
[2021-11-24 13:08:51,739] {logging_mixin.py:109} INFO - [2021-11-24 13:08:51,739] {dag.py:2921} INFO - Setting next_dagrun for example_branch_datetime_operator_2 to 2021-11-23 00:00:00+00:00
[2021-11-24 13:08:51,748] {processor.py:171} INFO - Processing /home/dante/DWBI/Apache/py_env/lib/python3.8/site-packages/airflow/example_dags/example_branch_datetime_operator.py took 0.065 seconds
[2021-11-24 13:09:31,957] {processor.py:163} INFO - Started process (PID=43690) to work on /home/dante/DWBI/Apache/py_env/lib/python3.8/site-packages/airflow/example_dags/example_branch_datetime_operator.py
[2021-11-24 13:09:31,969] {processor.py:620} INFO - Processing file /home/dante/DWBI/Apache/py_env/lib/python3.8/site-packages/airflow/example_dags/example_branch_datetime_operator.py for tasks to queue
[2021-11-24 13:09:31,971] {logging_mixin.py:109} INFO - [2021-11-24 13:09:31,971] {dagbag.py:500} INFO - Filling up the DagBag from /home/dante/DWBI/Apache/py_env/lib/python3.8/site-packages/airflow/example_dags/example_branch_datetime_operator.py
[2021-11-24 13:09:32,003] {processor.py:632} INFO - DAG(s) dict_keys(['example_branch_datetime_operator_2']) retrieved from /home/dante/DWBI/Apache/py_env/lib/python3.8/site-packages/airflow/example_dags/example_branch_datetime_operator.py
[2021-11-24 13:09:32,010] {logging_mixin.py:109} INFO - [2021-11-24 13:09:32,010] {dag.py:2389} INFO - Sync 1 DAGs
[2021-11-24 13:09:32,020] {logging_mixin.py:109} INFO - [2021-11-24 13:09:32,019] {dag.py:2921} INFO - Setting next_dagrun for example_branch_datetime_operator_2 to 2021-11-23 00:00:00+00:00
[2021-11-24 13:09:32,028] {processor.py:171} INFO - Processing /home/dante/DWBI/Apache/py_env/lib/python3.8/site-packages/airflow/example_dags/example_branch_datetime_operator.py took 0.073 seconds
[2021-11-24 13:10:18,086] {processor.py:163} INFO - Started process (PID=43907) to work on /home/dante/DWBI/Apache/py_env/lib/python3.8/site-packages/airflow/example_dags/example_branch_datetime_operator.py
[2021-11-24 13:10:18,095] {processor.py:620} INFO - Processing file /home/dante/DWBI/Apache/py_env/lib/python3.8/site-packages/airflow/example_dags/example_branch_datetime_operator.py for tasks to queue
[2021-11-24 13:10:18,096] {logging_mixin.py:109} INFO - [2021-11-24 13:10:18,096] {dagbag.py:500} INFO - Filling up the DagBag from /home/dante/DWBI/Apache/py_env/lib/python3.8/site-packages/airflow/example_dags/example_branch_datetime_operator.py
[2021-11-24 13:10:18,118] {processor.py:632} INFO - DAG(s) dict_keys(['example_branch_datetime_operator_2']) retrieved from /home/dante/DWBI/Apache/py_env/lib/python3.8/site-packages/airflow/example_dags/example_branch_datetime_operator.py
[2021-11-24 13:10:18,127] {logging_mixin.py:109} INFO - [2021-11-24 13:10:18,127] {dag.py:2389} INFO - Sync 1 DAGs
[2021-11-24 13:10:18,138] {logging_mixin.py:109} INFO - [2021-11-24 13:10:18,138] {dag.py:2921} INFO - Setting next_dagrun for example_branch_datetime_operator_2 to 2021-11-23 00:00:00+00:00
[2021-11-24 13:10:18,146] {processor.py:171} INFO - Processing /home/dante/DWBI/Apache/py_env/lib/python3.8/site-packages/airflow/example_dags/example_branch_datetime_operator.py took 0.062 seconds
[2021-11-24 13:10:57,300] {processor.py:163} INFO - Started process (PID=44114) to work on /home/dante/DWBI/Apache/py_env/lib/python3.8/site-packages/airflow/example_dags/example_branch_datetime_operator.py
[2021-11-24 13:10:57,302] {processor.py:620} INFO - Processing file /home/dante/DWBI/Apache/py_env/lib/python3.8/site-packages/airflow/example_dags/example_branch_datetime_operator.py for tasks to queue
[2021-11-24 13:10:57,302] {logging_mixin.py:109} INFO - [2021-11-24 13:10:57,302] {dagbag.py:500} INFO - Filling up the DagBag from /home/dante/DWBI/Apache/py_env/lib/python3.8/site-packages/airflow/example_dags/example_branch_datetime_operator.py
[2021-11-24 13:10:57,318] {processor.py:632} INFO - DAG(s) dict_keys(['example_branch_datetime_operator_2']) retrieved from /home/dante/DWBI/Apache/py_env/lib/python3.8/site-packages/airflow/example_dags/example_branch_datetime_operator.py
[2021-11-24 13:10:57,324] {logging_mixin.py:109} INFO - [2021-11-24 13:10:57,324] {dag.py:2389} INFO - Sync 1 DAGs
[2021-11-24 13:10:57,335] {logging_mixin.py:109} INFO - [2021-11-24 13:10:57,335] {dag.py:2921} INFO - Setting next_dagrun for example_branch_datetime_operator_2 to 2021-11-23 00:00:00+00:00
[2021-11-24 13:10:57,347] {processor.py:171} INFO - Processing /home/dante/DWBI/Apache/py_env/lib/python3.8/site-packages/airflow/example_dags/example_branch_datetime_operator.py took 0.049 seconds
[2021-11-24 13:11:37,593] {processor.py:163} INFO - Started process (PID=44236) to work on /home/dante/DWBI/Apache/py_env/lib/python3.8/site-packages/airflow/example_dags/example_branch_datetime_operator.py
[2021-11-24 13:11:37,597] {processor.py:620} INFO - Processing file /home/dante/DWBI/Apache/py_env/lib/python3.8/site-packages/airflow/example_dags/example_branch_datetime_operator.py for tasks to queue
[2021-11-24 13:11:37,598] {logging_mixin.py:109} INFO - [2021-11-24 13:11:37,598] {dagbag.py:500} INFO - Filling up the DagBag from /home/dante/DWBI/Apache/py_env/lib/python3.8/site-packages/airflow/example_dags/example_branch_datetime_operator.py
[2021-11-24 13:11:37,621] {processor.py:632} INFO - DAG(s) dict_keys(['example_branch_datetime_operator_2']) retrieved from /home/dante/DWBI/Apache/py_env/lib/python3.8/site-packages/airflow/example_dags/example_branch_datetime_operator.py
[2021-11-24 13:11:37,628] {logging_mixin.py:109} INFO - [2021-11-24 13:11:37,628] {dag.py:2389} INFO - Sync 1 DAGs
[2021-11-24 13:11:37,638] {logging_mixin.py:109} INFO - [2021-11-24 13:11:37,638] {dag.py:2921} INFO - Setting next_dagrun for example_branch_datetime_operator_2 to 2021-11-23 00:00:00+00:00
[2021-11-24 13:11:37,645] {processor.py:171} INFO - Processing /home/dante/DWBI/Apache/py_env/lib/python3.8/site-packages/airflow/example_dags/example_branch_datetime_operator.py took 0.058 seconds
[2021-11-24 13:12:16,638] {processor.py:163} INFO - Started process (PID=44302) to work on /home/dante/DWBI/Apache/py_env/lib/python3.8/site-packages/airflow/example_dags/example_branch_datetime_operator.py
[2021-11-24 13:12:16,647] {processor.py:620} INFO - Processing file /home/dante/DWBI/Apache/py_env/lib/python3.8/site-packages/airflow/example_dags/example_branch_datetime_operator.py for tasks to queue
[2021-11-24 13:12:16,648] {logging_mixin.py:109} INFO - [2021-11-24 13:12:16,648] {dagbag.py:500} INFO - Filling up the DagBag from /home/dante/DWBI/Apache/py_env/lib/python3.8/site-packages/airflow/example_dags/example_branch_datetime_operator.py
[2021-11-24 13:12:16,671] {processor.py:632} INFO - DAG(s) dict_keys(['example_branch_datetime_operator_2']) retrieved from /home/dante/DWBI/Apache/py_env/lib/python3.8/site-packages/airflow/example_dags/example_branch_datetime_operator.py
[2021-11-24 13:12:16,679] {logging_mixin.py:109} INFO - [2021-11-24 13:12:16,679] {dag.py:2389} INFO - Sync 1 DAGs
[2021-11-24 13:12:16,690] {logging_mixin.py:109} INFO - [2021-11-24 13:12:16,690] {dag.py:2921} INFO - Setting next_dagrun for example_branch_datetime_operator_2 to 2021-11-23 00:00:00+00:00
[2021-11-24 13:12:16,711] {processor.py:171} INFO - Processing /home/dante/DWBI/Apache/py_env/lib/python3.8/site-packages/airflow/example_dags/example_branch_datetime_operator.py took 0.075 seconds
[2021-11-24 13:12:56,343] {processor.py:163} INFO - Started process (PID=44357) to work on /home/dante/DWBI/Apache/py_env/lib/python3.8/site-packages/airflow/example_dags/example_branch_datetime_operator.py
[2021-11-24 13:12:56,346] {processor.py:620} INFO - Processing file /home/dante/DWBI/Apache/py_env/lib/python3.8/site-packages/airflow/example_dags/example_branch_datetime_operator.py for tasks to queue
[2021-11-24 13:12:56,348] {logging_mixin.py:109} INFO - [2021-11-24 13:12:56,347] {dagbag.py:500} INFO - Filling up the DagBag from /home/dante/DWBI/Apache/py_env/lib/python3.8/site-packages/airflow/example_dags/example_branch_datetime_operator.py
[2021-11-24 13:12:56,382] {processor.py:632} INFO - DAG(s) dict_keys(['example_branch_datetime_operator_2']) retrieved from /home/dante/DWBI/Apache/py_env/lib/python3.8/site-packages/airflow/example_dags/example_branch_datetime_operator.py
[2021-11-24 13:12:56,392] {logging_mixin.py:109} INFO - [2021-11-24 13:12:56,392] {dag.py:2389} INFO - Sync 1 DAGs
[2021-11-24 13:12:56,405] {logging_mixin.py:109} INFO - [2021-11-24 13:12:56,405] {dag.py:2921} INFO - Setting next_dagrun for example_branch_datetime_operator_2 to 2021-11-23 00:00:00+00:00
[2021-11-24 13:12:56,414] {processor.py:171} INFO - Processing /home/dante/DWBI/Apache/py_env/lib/python3.8/site-packages/airflow/example_dags/example_branch_datetime_operator.py took 0.077 seconds
[2021-11-24 13:13:36,078] {processor.py:163} INFO - Started process (PID=44514) to work on /home/dante/DWBI/Apache/py_env/lib/python3.8/site-packages/airflow/example_dags/example_branch_datetime_operator.py
[2021-11-24 13:13:36,079] {processor.py:620} INFO - Processing file /home/dante/DWBI/Apache/py_env/lib/python3.8/site-packages/airflow/example_dags/example_branch_datetime_operator.py for tasks to queue
[2021-11-24 13:13:36,079] {logging_mixin.py:109} INFO - [2021-11-24 13:13:36,079] {dagbag.py:500} INFO - Filling up the DagBag from /home/dante/DWBI/Apache/py_env/lib/python3.8/site-packages/airflow/example_dags/example_branch_datetime_operator.py
[2021-11-24 13:13:36,093] {processor.py:632} INFO - DAG(s) dict_keys(['example_branch_datetime_operator_2']) retrieved from /home/dante/DWBI/Apache/py_env/lib/python3.8/site-packages/airflow/example_dags/example_branch_datetime_operator.py
[2021-11-24 13:13:36,100] {logging_mixin.py:109} INFO - [2021-11-24 13:13:36,100] {dag.py:2389} INFO - Sync 1 DAGs
[2021-11-24 13:13:36,109] {logging_mixin.py:109} INFO - [2021-11-24 13:13:36,109] {dag.py:2921} INFO - Setting next_dagrun for example_branch_datetime_operator_2 to 2021-11-23 00:00:00+00:00
[2021-11-24 13:13:36,116] {processor.py:171} INFO - Processing /home/dante/DWBI/Apache/py_env/lib/python3.8/site-packages/airflow/example_dags/example_branch_datetime_operator.py took 0.040 seconds
[2021-11-24 13:14:14,916] {processor.py:163} INFO - Started process (PID=44574) to work on /home/dante/DWBI/Apache/py_env/lib/python3.8/site-packages/airflow/example_dags/example_branch_datetime_operator.py
[2021-11-24 13:14:14,918] {processor.py:620} INFO - Processing file /home/dante/DWBI/Apache/py_env/lib/python3.8/site-packages/airflow/example_dags/example_branch_datetime_operator.py for tasks to queue
[2021-11-24 13:14:14,918] {logging_mixin.py:109} INFO - [2021-11-24 13:14:14,918] {dagbag.py:500} INFO - Filling up the DagBag from /home/dante/DWBI/Apache/py_env/lib/python3.8/site-packages/airflow/example_dags/example_branch_datetime_operator.py
[2021-11-24 13:14:14,934] {processor.py:632} INFO - DAG(s) dict_keys(['example_branch_datetime_operator_2']) retrieved from /home/dante/DWBI/Apache/py_env/lib/python3.8/site-packages/airflow/example_dags/example_branch_datetime_operator.py
[2021-11-24 13:14:14,941] {logging_mixin.py:109} INFO - [2021-11-24 13:14:14,941] {dag.py:2389} INFO - Sync 1 DAGs
[2021-11-24 13:14:14,951] {logging_mixin.py:109} INFO - [2021-11-24 13:14:14,951] {dag.py:2921} INFO - Setting next_dagrun for example_branch_datetime_operator_2 to 2021-11-23 00:00:00+00:00
[2021-11-24 13:14:14,959] {processor.py:171} INFO - Processing /home/dante/DWBI/Apache/py_env/lib/python3.8/site-packages/airflow/example_dags/example_branch_datetime_operator.py took 0.045 seconds
[2021-11-24 13:14:53,142] {processor.py:163} INFO - Started process (PID=44720) to work on /home/dante/DWBI/Apache/py_env/lib/python3.8/site-packages/airflow/example_dags/example_branch_datetime_operator.py
[2021-11-24 13:14:53,155] {processor.py:620} INFO - Processing file /home/dante/DWBI/Apache/py_env/lib/python3.8/site-packages/airflow/example_dags/example_branch_datetime_operator.py for tasks to queue
[2021-11-24 13:14:53,156] {logging_mixin.py:109} INFO - [2021-11-24 13:14:53,156] {dagbag.py:500} INFO - Filling up the DagBag from /home/dante/DWBI/Apache/py_env/lib/python3.8/site-packages/airflow/example_dags/example_branch_datetime_operator.py
[2021-11-24 13:14:53,188] {processor.py:632} INFO - DAG(s) dict_keys(['example_branch_datetime_operator_2']) retrieved from /home/dante/DWBI/Apache/py_env/lib/python3.8/site-packages/airflow/example_dags/example_branch_datetime_operator.py
[2021-11-24 13:14:53,202] {logging_mixin.py:109} INFO - [2021-11-24 13:14:53,202] {dag.py:2389} INFO - Sync 1 DAGs
[2021-11-24 13:14:53,222] {logging_mixin.py:109} INFO - [2021-11-24 13:14:53,222] {dag.py:2921} INFO - Setting next_dagrun for example_branch_datetime_operator_2 to 2021-11-23 00:00:00+00:00
[2021-11-24 13:14:53,250] {processor.py:171} INFO - Processing /home/dante/DWBI/Apache/py_env/lib/python3.8/site-packages/airflow/example_dags/example_branch_datetime_operator.py took 0.114 seconds
[2021-11-24 13:15:32,900] {processor.py:163} INFO - Started process (PID=44811) to work on /home/dante/DWBI/Apache/py_env/lib/python3.8/site-packages/airflow/example_dags/example_branch_datetime_operator.py
[2021-11-24 13:15:32,904] {processor.py:620} INFO - Processing file /home/dante/DWBI/Apache/py_env/lib/python3.8/site-packages/airflow/example_dags/example_branch_datetime_operator.py for tasks to queue
[2021-11-24 13:15:32,905] {logging_mixin.py:109} INFO - [2021-11-24 13:15:32,905] {dagbag.py:500} INFO - Filling up the DagBag from /home/dante/DWBI/Apache/py_env/lib/python3.8/site-packages/airflow/example_dags/example_branch_datetime_operator.py
[2021-11-24 13:15:32,922] {processor.py:632} INFO - DAG(s) dict_keys(['example_branch_datetime_operator_2']) retrieved from /home/dante/DWBI/Apache/py_env/lib/python3.8/site-packages/airflow/example_dags/example_branch_datetime_operator.py
[2021-11-24 13:15:32,929] {logging_mixin.py:109} INFO - [2021-11-24 13:15:32,929] {dag.py:2389} INFO - Sync 1 DAGs
[2021-11-24 13:15:32,939] {logging_mixin.py:109} INFO - [2021-11-24 13:15:32,939] {dag.py:2921} INFO - Setting next_dagrun for example_branch_datetime_operator_2 to 2021-11-23 00:00:00+00:00
[2021-11-24 13:15:32,947] {processor.py:171} INFO - Processing /home/dante/DWBI/Apache/py_env/lib/python3.8/site-packages/airflow/example_dags/example_branch_datetime_operator.py took 0.053 seconds
[2021-11-24 13:16:14,427] {processor.py:163} INFO - Started process (PID=45335) to work on /home/dante/DWBI/Apache/py_env/lib/python3.8/site-packages/airflow/example_dags/example_branch_datetime_operator.py
[2021-11-24 13:16:14,431] {processor.py:620} INFO - Processing file /home/dante/DWBI/Apache/py_env/lib/python3.8/site-packages/airflow/example_dags/example_branch_datetime_operator.py for tasks to queue
[2021-11-24 13:16:14,432] {logging_mixin.py:109} INFO - [2021-11-24 13:16:14,432] {dagbag.py:500} INFO - Filling up the DagBag from /home/dante/DWBI/Apache/py_env/lib/python3.8/site-packages/airflow/example_dags/example_branch_datetime_operator.py
[2021-11-24 13:16:14,456] {processor.py:632} INFO - DAG(s) dict_keys(['example_branch_datetime_operator_2']) retrieved from /home/dante/DWBI/Apache/py_env/lib/python3.8/site-packages/airflow/example_dags/example_branch_datetime_operator.py
[2021-11-24 13:16:14,464] {logging_mixin.py:109} INFO - [2021-11-24 13:16:14,463] {dag.py:2389} INFO - Sync 1 DAGs
[2021-11-24 13:16:14,476] {logging_mixin.py:109} INFO - [2021-11-24 13:16:14,475] {dag.py:2921} INFO - Setting next_dagrun for example_branch_datetime_operator_2 to 2021-11-23 00:00:00+00:00
[2021-11-24 13:16:14,485] {processor.py:171} INFO - Processing /home/dante/DWBI/Apache/py_env/lib/python3.8/site-packages/airflow/example_dags/example_branch_datetime_operator.py took 0.066 seconds
[2021-11-24 13:16:49,299] {processor.py:163} INFO - Started process (PID=45423) to work on /home/dante/DWBI/Apache/py_env/lib/python3.8/site-packages/airflow/example_dags/example_branch_datetime_operator.py
[2021-11-24 13:16:49,309] {processor.py:620} INFO - Processing file /home/dante/DWBI/Apache/py_env/lib/python3.8/site-packages/airflow/example_dags/example_branch_datetime_operator.py for tasks to queue
[2021-11-24 13:16:49,310] {logging_mixin.py:109} INFO - [2021-11-24 13:16:49,310] {dagbag.py:500} INFO - Filling up the DagBag from /home/dante/DWBI/Apache/py_env/lib/python3.8/site-packages/airflow/example_dags/example_branch_datetime_operator.py
[2021-11-24 13:16:49,332] {processor.py:632} INFO - DAG(s) dict_keys(['example_branch_datetime_operator_2']) retrieved from /home/dante/DWBI/Apache/py_env/lib/python3.8/site-packages/airflow/example_dags/example_branch_datetime_operator.py
[2021-11-24 13:16:49,340] {logging_mixin.py:109} INFO - [2021-11-24 13:16:49,340] {dag.py:2389} INFO - Sync 1 DAGs
[2021-11-24 13:16:49,352] {logging_mixin.py:109} INFO - [2021-11-24 13:16:49,352] {dag.py:2921} INFO - Setting next_dagrun for example_branch_datetime_operator_2 to 2021-11-23 00:00:00+00:00
[2021-11-24 13:16:49,361] {processor.py:171} INFO - Processing /home/dante/DWBI/Apache/py_env/lib/python3.8/site-packages/airflow/example_dags/example_branch_datetime_operator.py took 0.065 seconds
[2021-11-24 13:17:26,381] {processor.py:163} INFO - Started process (PID=45561) to work on /home/dante/DWBI/Apache/py_env/lib/python3.8/site-packages/airflow/example_dags/example_branch_datetime_operator.py
[2021-11-24 13:17:26,392] {processor.py:620} INFO - Processing file /home/dante/DWBI/Apache/py_env/lib/python3.8/site-packages/airflow/example_dags/example_branch_datetime_operator.py for tasks to queue
[2021-11-24 13:17:26,393] {logging_mixin.py:109} INFO - [2021-11-24 13:17:26,393] {dagbag.py:500} INFO - Filling up the DagBag from /home/dante/DWBI/Apache/py_env/lib/python3.8/site-packages/airflow/example_dags/example_branch_datetime_operator.py
[2021-11-24 13:17:26,411] {processor.py:632} INFO - DAG(s) dict_keys(['example_branch_datetime_operator_2']) retrieved from /home/dante/DWBI/Apache/py_env/lib/python3.8/site-packages/airflow/example_dags/example_branch_datetime_operator.py
[2021-11-24 13:17:26,417] {logging_mixin.py:109} INFO - [2021-11-24 13:17:26,417] {dag.py:2389} INFO - Sync 1 DAGs
[2021-11-24 13:17:26,428] {logging_mixin.py:109} INFO - [2021-11-24 13:17:26,428] {dag.py:2921} INFO - Setting next_dagrun for example_branch_datetime_operator_2 to 2021-11-23 00:00:00+00:00
[2021-11-24 13:17:26,445] {processor.py:171} INFO - Processing /home/dante/DWBI/Apache/py_env/lib/python3.8/site-packages/airflow/example_dags/example_branch_datetime_operator.py took 0.070 seconds
[2021-11-24 13:18:06,014] {processor.py:163} INFO - Started process (PID=45610) to work on /home/dante/DWBI/Apache/py_env/lib/python3.8/site-packages/airflow/example_dags/example_branch_datetime_operator.py
[2021-11-24 13:18:06,016] {processor.py:620} INFO - Processing file /home/dante/DWBI/Apache/py_env/lib/python3.8/site-packages/airflow/example_dags/example_branch_datetime_operator.py for tasks to queue
[2021-11-24 13:18:06,016] {logging_mixin.py:109} INFO - [2021-11-24 13:18:06,016] {dagbag.py:500} INFO - Filling up the DagBag from /home/dante/DWBI/Apache/py_env/lib/python3.8/site-packages/airflow/example_dags/example_branch_datetime_operator.py
[2021-11-24 13:18:06,038] {processor.py:632} INFO - DAG(s) dict_keys(['example_branch_datetime_operator_2']) retrieved from /home/dante/DWBI/Apache/py_env/lib/python3.8/site-packages/airflow/example_dags/example_branch_datetime_operator.py
[2021-11-24 13:18:06,046] {logging_mixin.py:109} INFO - [2021-11-24 13:18:06,046] {dag.py:2389} INFO - Sync 1 DAGs
[2021-11-24 13:18:06,056] {logging_mixin.py:109} INFO - [2021-11-24 13:18:06,056] {dag.py:2921} INFO - Setting next_dagrun for example_branch_datetime_operator_2 to 2021-11-23 00:00:00+00:00
[2021-11-24 13:18:06,063] {processor.py:171} INFO - Processing /home/dante/DWBI/Apache/py_env/lib/python3.8/site-packages/airflow/example_dags/example_branch_datetime_operator.py took 0.052 seconds
[2021-11-24 13:18:46,552] {processor.py:163} INFO - Started process (PID=45691) to work on /home/dante/DWBI/Apache/py_env/lib/python3.8/site-packages/airflow/example_dags/example_branch_datetime_operator.py
[2021-11-24 13:18:46,554] {processor.py:620} INFO - Processing file /home/dante/DWBI/Apache/py_env/lib/python3.8/site-packages/airflow/example_dags/example_branch_datetime_operator.py for tasks to queue
[2021-11-24 13:18:46,554] {logging_mixin.py:109} INFO - [2021-11-24 13:18:46,554] {dagbag.py:500} INFO - Filling up the DagBag from /home/dante/DWBI/Apache/py_env/lib/python3.8/site-packages/airflow/example_dags/example_branch_datetime_operator.py
[2021-11-24 13:18:46,568] {processor.py:632} INFO - DAG(s) dict_keys(['example_branch_datetime_operator_2']) retrieved from /home/dante/DWBI/Apache/py_env/lib/python3.8/site-packages/airflow/example_dags/example_branch_datetime_operator.py
[2021-11-24 13:18:46,574] {logging_mixin.py:109} INFO - [2021-11-24 13:18:46,574] {dag.py:2389} INFO - Sync 1 DAGs
[2021-11-24 13:18:46,584] {logging_mixin.py:109} INFO - [2021-11-24 13:18:46,584] {dag.py:2921} INFO - Setting next_dagrun for example_branch_datetime_operator_2 to 2021-11-23 00:00:00+00:00
[2021-11-24 13:18:46,591] {processor.py:171} INFO - Processing /home/dante/DWBI/Apache/py_env/lib/python3.8/site-packages/airflow/example_dags/example_branch_datetime_operator.py took 0.041 seconds
[2021-11-24 13:19:24,109] {processor.py:163} INFO - Started process (PID=45745) to work on /home/dante/DWBI/Apache/py_env/lib/python3.8/site-packages/airflow/example_dags/example_branch_datetime_operator.py
[2021-11-24 13:19:24,119] {processor.py:620} INFO - Processing file /home/dante/DWBI/Apache/py_env/lib/python3.8/site-packages/airflow/example_dags/example_branch_datetime_operator.py for tasks to queue
[2021-11-24 13:19:24,120] {logging_mixin.py:109} INFO - [2021-11-24 13:19:24,120] {dagbag.py:500} INFO - Filling up the DagBag from /home/dante/DWBI/Apache/py_env/lib/python3.8/site-packages/airflow/example_dags/example_branch_datetime_operator.py
[2021-11-24 13:19:24,137] {processor.py:632} INFO - DAG(s) dict_keys(['example_branch_datetime_operator_2']) retrieved from /home/dante/DWBI/Apache/py_env/lib/python3.8/site-packages/airflow/example_dags/example_branch_datetime_operator.py
[2021-11-24 13:19:24,145] {logging_mixin.py:109} INFO - [2021-11-24 13:19:24,144] {dag.py:2389} INFO - Sync 1 DAGs
[2021-11-24 13:19:24,155] {logging_mixin.py:109} INFO - [2021-11-24 13:19:24,155] {dag.py:2921} INFO - Setting next_dagrun for example_branch_datetime_operator_2 to 2021-11-23 00:00:00+00:00
[2021-11-24 13:19:24,185] {processor.py:171} INFO - Processing /home/dante/DWBI/Apache/py_env/lib/python3.8/site-packages/airflow/example_dags/example_branch_datetime_operator.py took 0.079 seconds
[2021-11-24 13:20:06,168] {processor.py:163} INFO - Started process (PID=45806) to work on /home/dante/DWBI/Apache/py_env/lib/python3.8/site-packages/airflow/example_dags/example_branch_datetime_operator.py
[2021-11-24 13:20:06,180] {processor.py:620} INFO - Processing file /home/dante/DWBI/Apache/py_env/lib/python3.8/site-packages/airflow/example_dags/example_branch_datetime_operator.py for tasks to queue
[2021-11-24 13:20:06,182] {logging_mixin.py:109} INFO - [2021-11-24 13:20:06,181] {dagbag.py:500} INFO - Filling up the DagBag from /home/dante/DWBI/Apache/py_env/lib/python3.8/site-packages/airflow/example_dags/example_branch_datetime_operator.py
[2021-11-24 13:20:06,213] {processor.py:632} INFO - DAG(s) dict_keys(['example_branch_datetime_operator_2']) retrieved from /home/dante/DWBI/Apache/py_env/lib/python3.8/site-packages/airflow/example_dags/example_branch_datetime_operator.py
[2021-11-24 13:20:06,220] {logging_mixin.py:109} INFO - [2021-11-24 13:20:06,220] {dag.py:2389} INFO - Sync 1 DAGs
[2021-11-24 13:20:06,230] {logging_mixin.py:109} INFO - [2021-11-24 13:20:06,229] {dag.py:2921} INFO - Setting next_dagrun for example_branch_datetime_operator_2 to 2021-11-23 00:00:00+00:00
[2021-11-24 13:20:06,243] {processor.py:171} INFO - Processing /home/dante/DWBI/Apache/py_env/lib/python3.8/site-packages/airflow/example_dags/example_branch_datetime_operator.py took 0.082 seconds
[2021-11-24 13:20:46,540] {processor.py:163} INFO - Started process (PID=45863) to work on /home/dante/DWBI/Apache/py_env/lib/python3.8/site-packages/airflow/example_dags/example_branch_datetime_operator.py
[2021-11-24 13:20:46,551] {processor.py:620} INFO - Processing file /home/dante/DWBI/Apache/py_env/lib/python3.8/site-packages/airflow/example_dags/example_branch_datetime_operator.py for tasks to queue
[2021-11-24 13:20:46,551] {logging_mixin.py:109} INFO - [2021-11-24 13:20:46,551] {dagbag.py:500} INFO - Filling up the DagBag from /home/dante/DWBI/Apache/py_env/lib/python3.8/site-packages/airflow/example_dags/example_branch_datetime_operator.py
[2021-11-24 13:20:46,584] {processor.py:632} INFO - DAG(s) dict_keys(['example_branch_datetime_operator_2']) retrieved from /home/dante/DWBI/Apache/py_env/lib/python3.8/site-packages/airflow/example_dags/example_branch_datetime_operator.py
[2021-11-24 13:20:46,593] {logging_mixin.py:109} INFO - [2021-11-24 13:20:46,593] {dag.py:2389} INFO - Sync 1 DAGs
[2021-11-24 13:20:46,604] {logging_mixin.py:109} INFO - [2021-11-24 13:20:46,603] {dag.py:2921} INFO - Setting next_dagrun for example_branch_datetime_operator_2 to 2021-11-23 00:00:00+00:00
[2021-11-24 13:20:46,613] {processor.py:171} INFO - Processing /home/dante/DWBI/Apache/py_env/lib/python3.8/site-packages/airflow/example_dags/example_branch_datetime_operator.py took 0.076 seconds
[2021-11-24 13:21:24,802] {processor.py:163} INFO - Started process (PID=45927) to work on /home/dante/DWBI/Apache/py_env/lib/python3.8/site-packages/airflow/example_dags/example_branch_datetime_operator.py
[2021-11-24 13:21:24,811] {processor.py:620} INFO - Processing file /home/dante/DWBI/Apache/py_env/lib/python3.8/site-packages/airflow/example_dags/example_branch_datetime_operator.py for tasks to queue
[2021-11-24 13:21:24,811] {logging_mixin.py:109} INFO - [2021-11-24 13:21:24,811] {dagbag.py:500} INFO - Filling up the DagBag from /home/dante/DWBI/Apache/py_env/lib/python3.8/site-packages/airflow/example_dags/example_branch_datetime_operator.py
[2021-11-24 13:21:24,838] {processor.py:632} INFO - DAG(s) dict_keys(['example_branch_datetime_operator_2']) retrieved from /home/dante/DWBI/Apache/py_env/lib/python3.8/site-packages/airflow/example_dags/example_branch_datetime_operator.py
[2021-11-24 13:21:24,846] {logging_mixin.py:109} INFO - [2021-11-24 13:21:24,846] {dag.py:2389} INFO - Sync 1 DAGs
[2021-11-24 13:21:24,857] {logging_mixin.py:109} INFO - [2021-11-24 13:21:24,857] {dag.py:2921} INFO - Setting next_dagrun for example_branch_datetime_operator_2 to 2021-11-23 00:00:00+00:00
[2021-11-24 13:21:24,864] {processor.py:171} INFO - Processing /home/dante/DWBI/Apache/py_env/lib/python3.8/site-packages/airflow/example_dags/example_branch_datetime_operator.py took 0.065 seconds
[2021-11-24 13:22:02,812] {processor.py:163} INFO - Started process (PID=46018) to work on /home/dante/DWBI/Apache/py_env/lib/python3.8/site-packages/airflow/example_dags/example_branch_datetime_operator.py
[2021-11-24 13:22:02,817] {processor.py:620} INFO - Processing file /home/dante/DWBI/Apache/py_env/lib/python3.8/site-packages/airflow/example_dags/example_branch_datetime_operator.py for tasks to queue
[2021-11-24 13:22:02,819] {logging_mixin.py:109} INFO - [2021-11-24 13:22:02,819] {dagbag.py:500} INFO - Filling up the DagBag from /home/dante/DWBI/Apache/py_env/lib/python3.8/site-packages/airflow/example_dags/example_branch_datetime_operator.py
[2021-11-24 13:22:02,848] {processor.py:632} INFO - DAG(s) dict_keys(['example_branch_datetime_operator_2']) retrieved from /home/dante/DWBI/Apache/py_env/lib/python3.8/site-packages/airflow/example_dags/example_branch_datetime_operator.py
[2021-11-24 13:22:02,856] {logging_mixin.py:109} INFO - [2021-11-24 13:22:02,856] {dag.py:2389} INFO - Sync 1 DAGs
[2021-11-24 13:22:02,870] {logging_mixin.py:109} INFO - [2021-11-24 13:22:02,870] {dag.py:2921} INFO - Setting next_dagrun for example_branch_datetime_operator_2 to 2021-11-23 00:00:00+00:00
[2021-11-24 13:22:02,880] {processor.py:171} INFO - Processing /home/dante/DWBI/Apache/py_env/lib/python3.8/site-packages/airflow/example_dags/example_branch_datetime_operator.py took 0.075 seconds
[2021-11-24 13:22:41,210] {processor.py:163} INFO - Started process (PID=46080) to work on /home/dante/DWBI/Apache/py_env/lib/python3.8/site-packages/airflow/example_dags/example_branch_datetime_operator.py
[2021-11-24 13:22:41,220] {processor.py:620} INFO - Processing file /home/dante/DWBI/Apache/py_env/lib/python3.8/site-packages/airflow/example_dags/example_branch_datetime_operator.py for tasks to queue
[2021-11-24 13:22:41,221] {logging_mixin.py:109} INFO - [2021-11-24 13:22:41,221] {dagbag.py:500} INFO - Filling up the DagBag from /home/dante/DWBI/Apache/py_env/lib/python3.8/site-packages/airflow/example_dags/example_branch_datetime_operator.py
[2021-11-24 13:22:41,239] {processor.py:632} INFO - DAG(s) dict_keys(['example_branch_datetime_operator_2']) retrieved from /home/dante/DWBI/Apache/py_env/lib/python3.8/site-packages/airflow/example_dags/example_branch_datetime_operator.py
[2021-11-24 13:22:41,246] {logging_mixin.py:109} INFO - [2021-11-24 13:22:41,246] {dag.py:2389} INFO - Sync 1 DAGs
[2021-11-24 13:22:41,259] {logging_mixin.py:109} INFO - [2021-11-24 13:22:41,259] {dag.py:2921} INFO - Setting next_dagrun for example_branch_datetime_operator_2 to 2021-11-23 00:00:00+00:00
[2021-11-24 13:22:41,276] {processor.py:171} INFO - Processing /home/dante/DWBI/Apache/py_env/lib/python3.8/site-packages/airflow/example_dags/example_branch_datetime_operator.py took 0.072 seconds
[2021-11-24 13:23:23,960] {processor.py:163} INFO - Started process (PID=46483) to work on /home/dante/DWBI/Apache/py_env/lib/python3.8/site-packages/airflow/example_dags/example_branch_datetime_operator.py
[2021-11-24 13:23:23,962] {processor.py:620} INFO - Processing file /home/dante/DWBI/Apache/py_env/lib/python3.8/site-packages/airflow/example_dags/example_branch_datetime_operator.py for tasks to queue
[2021-11-24 13:23:23,963] {logging_mixin.py:109} INFO - [2021-11-24 13:23:23,963] {dagbag.py:500} INFO - Filling up the DagBag from /home/dante/DWBI/Apache/py_env/lib/python3.8/site-packages/airflow/example_dags/example_branch_datetime_operator.py
[2021-11-24 13:23:23,982] {processor.py:632} INFO - DAG(s) dict_keys(['example_branch_datetime_operator_2']) retrieved from /home/dante/DWBI/Apache/py_env/lib/python3.8/site-packages/airflow/example_dags/example_branch_datetime_operator.py
[2021-11-24 13:23:23,991] {logging_mixin.py:109} INFO - [2021-11-24 13:23:23,991] {dag.py:2389} INFO - Sync 1 DAGs
[2021-11-24 13:23:24,001] {logging_mixin.py:109} INFO - [2021-11-24 13:23:24,001] {dag.py:2921} INFO - Setting next_dagrun for example_branch_datetime_operator_2 to 2021-11-23 00:00:00+00:00
[2021-11-24 13:23:24,008] {processor.py:171} INFO - Processing /home/dante/DWBI/Apache/py_env/lib/python3.8/site-packages/airflow/example_dags/example_branch_datetime_operator.py took 0.050 seconds
[2021-11-24 13:24:02,857] {processor.py:163} INFO - Started process (PID=46551) to work on /home/dante/DWBI/Apache/py_env/lib/python3.8/site-packages/airflow/example_dags/example_branch_datetime_operator.py
[2021-11-24 13:24:02,858] {processor.py:620} INFO - Processing file /home/dante/DWBI/Apache/py_env/lib/python3.8/site-packages/airflow/example_dags/example_branch_datetime_operator.py for tasks to queue
[2021-11-24 13:24:02,859] {logging_mixin.py:109} INFO - [2021-11-24 13:24:02,859] {dagbag.py:500} INFO - Filling up the DagBag from /home/dante/DWBI/Apache/py_env/lib/python3.8/site-packages/airflow/example_dags/example_branch_datetime_operator.py
[2021-11-24 13:24:02,872] {processor.py:632} INFO - DAG(s) dict_keys(['example_branch_datetime_operator_2']) retrieved from /home/dante/DWBI/Apache/py_env/lib/python3.8/site-packages/airflow/example_dags/example_branch_datetime_operator.py
[2021-11-24 13:24:02,878] {logging_mixin.py:109} INFO - [2021-11-24 13:24:02,878] {dag.py:2389} INFO - Sync 1 DAGs
[2021-11-24 13:24:02,888] {logging_mixin.py:109} INFO - [2021-11-24 13:24:02,888] {dag.py:2921} INFO - Setting next_dagrun for example_branch_datetime_operator_2 to 2021-11-23 00:00:00+00:00
[2021-11-24 13:24:02,895] {processor.py:171} INFO - Processing /home/dante/DWBI/Apache/py_env/lib/python3.8/site-packages/airflow/example_dags/example_branch_datetime_operator.py took 0.040 seconds
[2021-11-24 13:24:44,267] {processor.py:163} INFO - Started process (PID=46727) to work on /home/dante/DWBI/Apache/py_env/lib/python3.8/site-packages/airflow/example_dags/example_branch_datetime_operator.py
[2021-11-24 13:24:44,269] {processor.py:620} INFO - Processing file /home/dante/DWBI/Apache/py_env/lib/python3.8/site-packages/airflow/example_dags/example_branch_datetime_operator.py for tasks to queue
[2021-11-24 13:24:44,270] {logging_mixin.py:109} INFO - [2021-11-24 13:24:44,270] {dagbag.py:500} INFO - Filling up the DagBag from /home/dante/DWBI/Apache/py_env/lib/python3.8/site-packages/airflow/example_dags/example_branch_datetime_operator.py
[2021-11-24 13:24:44,286] {processor.py:632} INFO - DAG(s) dict_keys(['example_branch_datetime_operator_2']) retrieved from /home/dante/DWBI/Apache/py_env/lib/python3.8/site-packages/airflow/example_dags/example_branch_datetime_operator.py
[2021-11-24 13:24:44,293] {logging_mixin.py:109} INFO - [2021-11-24 13:24:44,293] {dag.py:2389} INFO - Sync 1 DAGs
[2021-11-24 13:24:44,304] {logging_mixin.py:109} INFO - [2021-11-24 13:24:44,304] {dag.py:2921} INFO - Setting next_dagrun for example_branch_datetime_operator_2 to 2021-11-23 00:00:00+00:00
[2021-11-24 13:24:44,313] {processor.py:171} INFO - Processing /home/dante/DWBI/Apache/py_env/lib/python3.8/site-packages/airflow/example_dags/example_branch_datetime_operator.py took 0.048 seconds
[2021-11-24 13:25:20,934] {processor.py:163} INFO - Started process (PID=46805) to work on /home/dante/DWBI/Apache/py_env/lib/python3.8/site-packages/airflow/example_dags/example_branch_datetime_operator.py
[2021-11-24 13:25:20,944] {processor.py:620} INFO - Processing file /home/dante/DWBI/Apache/py_env/lib/python3.8/site-packages/airflow/example_dags/example_branch_datetime_operator.py for tasks to queue
[2021-11-24 13:25:20,946] {logging_mixin.py:109} INFO - [2021-11-24 13:25:20,946] {dagbag.py:500} INFO - Filling up the DagBag from /home/dante/DWBI/Apache/py_env/lib/python3.8/site-packages/airflow/example_dags/example_branch_datetime_operator.py
[2021-11-24 13:25:20,978] {processor.py:632} INFO - DAG(s) dict_keys(['example_branch_datetime_operator_2']) retrieved from /home/dante/DWBI/Apache/py_env/lib/python3.8/site-packages/airflow/example_dags/example_branch_datetime_operator.py
[2021-11-24 13:25:20,985] {logging_mixin.py:109} INFO - [2021-11-24 13:25:20,985] {dag.py:2389} INFO - Sync 1 DAGs
[2021-11-24 13:25:20,995] {logging_mixin.py:109} INFO - [2021-11-24 13:25:20,995] {dag.py:2921} INFO - Setting next_dagrun for example_branch_datetime_operator_2 to 2021-11-23 00:00:00+00:00
[2021-11-24 13:25:21,009] {processor.py:171} INFO - Processing /home/dante/DWBI/Apache/py_env/lib/python3.8/site-packages/airflow/example_dags/example_branch_datetime_operator.py took 0.082 seconds
[2021-11-24 13:25:57,276] {processor.py:163} INFO - Started process (PID=46856) to work on /home/dante/DWBI/Apache/py_env/lib/python3.8/site-packages/airflow/example_dags/example_branch_datetime_operator.py
[2021-11-24 13:25:57,286] {processor.py:620} INFO - Processing file /home/dante/DWBI/Apache/py_env/lib/python3.8/site-packages/airflow/example_dags/example_branch_datetime_operator.py for tasks to queue
[2021-11-24 13:25:57,287] {logging_mixin.py:109} INFO - [2021-11-24 13:25:57,287] {dagbag.py:500} INFO - Filling up the DagBag from /home/dante/DWBI/Apache/py_env/lib/python3.8/site-packages/airflow/example_dags/example_branch_datetime_operator.py
[2021-11-24 13:25:57,306] {processor.py:632} INFO - DAG(s) dict_keys(['example_branch_datetime_operator_2']) retrieved from /home/dante/DWBI/Apache/py_env/lib/python3.8/site-packages/airflow/example_dags/example_branch_datetime_operator.py
[2021-11-24 13:25:57,313] {logging_mixin.py:109} INFO - [2021-11-24 13:25:57,313] {dag.py:2389} INFO - Sync 1 DAGs
[2021-11-24 13:25:57,323] {logging_mixin.py:109} INFO - [2021-11-24 13:25:57,323] {dag.py:2921} INFO - Setting next_dagrun for example_branch_datetime_operator_2 to 2021-11-23 00:00:00+00:00
[2021-11-24 13:25:57,331] {processor.py:171} INFO - Processing /home/dante/DWBI/Apache/py_env/lib/python3.8/site-packages/airflow/example_dags/example_branch_datetime_operator.py took 0.062 seconds
[2021-11-24 13:26:41,106] {processor.py:163} INFO - Started process (PID=46977) to work on /home/dante/DWBI/Apache/py_env/lib/python3.8/site-packages/airflow/example_dags/example_branch_datetime_operator.py
[2021-11-24 13:26:41,118] {processor.py:620} INFO - Processing file /home/dante/DWBI/Apache/py_env/lib/python3.8/site-packages/airflow/example_dags/example_branch_datetime_operator.py for tasks to queue
[2021-11-24 13:26:41,120] {logging_mixin.py:109} INFO - [2021-11-24 13:26:41,119] {dagbag.py:500} INFO - Filling up the DagBag from /home/dante/DWBI/Apache/py_env/lib/python3.8/site-packages/airflow/example_dags/example_branch_datetime_operator.py
[2021-11-24 13:26:41,151] {processor.py:632} INFO - DAG(s) dict_keys(['example_branch_datetime_operator_2']) retrieved from /home/dante/DWBI/Apache/py_env/lib/python3.8/site-packages/airflow/example_dags/example_branch_datetime_operator.py
[2021-11-24 13:26:41,158] {logging_mixin.py:109} INFO - [2021-11-24 13:26:41,158] {dag.py:2389} INFO - Sync 1 DAGs
[2021-11-24 13:26:41,169] {logging_mixin.py:109} INFO - [2021-11-24 13:26:41,169] {dag.py:2921} INFO - Setting next_dagrun for example_branch_datetime_operator_2 to 2021-11-23 00:00:00+00:00
[2021-11-24 13:26:41,182] {processor.py:171} INFO - Processing /home/dante/DWBI/Apache/py_env/lib/python3.8/site-packages/airflow/example_dags/example_branch_datetime_operator.py took 0.082 seconds
[2021-11-24 13:27:20,068] {processor.py:163} INFO - Started process (PID=47082) to work on /home/dante/DWBI/Apache/py_env/lib/python3.8/site-packages/airflow/example_dags/example_branch_datetime_operator.py
[2021-11-24 13:27:20,077] {processor.py:620} INFO - Processing file /home/dante/DWBI/Apache/py_env/lib/python3.8/site-packages/airflow/example_dags/example_branch_datetime_operator.py for tasks to queue
[2021-11-24 13:27:20,077] {logging_mixin.py:109} INFO - [2021-11-24 13:27:20,077] {dagbag.py:500} INFO - Filling up the DagBag from /home/dante/DWBI/Apache/py_env/lib/python3.8/site-packages/airflow/example_dags/example_branch_datetime_operator.py
[2021-11-24 13:27:20,094] {processor.py:632} INFO - DAG(s) dict_keys(['example_branch_datetime_operator_2']) retrieved from /home/dante/DWBI/Apache/py_env/lib/python3.8/site-packages/airflow/example_dags/example_branch_datetime_operator.py
[2021-11-24 13:27:20,101] {logging_mixin.py:109} INFO - [2021-11-24 13:27:20,101] {dag.py:2389} INFO - Sync 1 DAGs
[2021-11-24 13:27:20,111] {logging_mixin.py:109} INFO - [2021-11-24 13:27:20,111] {dag.py:2921} INFO - Setting next_dagrun for example_branch_datetime_operator_2 to 2021-11-23 00:00:00+00:00
[2021-11-24 13:27:20,131] {processor.py:171} INFO - Processing /home/dante/DWBI/Apache/py_env/lib/python3.8/site-packages/airflow/example_dags/example_branch_datetime_operator.py took 0.066 seconds
[2021-11-24 13:27:58,419] {processor.py:163} INFO - Started process (PID=47158) to work on /home/dante/DWBI/Apache/py_env/lib/python3.8/site-packages/airflow/example_dags/example_branch_datetime_operator.py
[2021-11-24 13:27:58,430] {processor.py:620} INFO - Processing file /home/dante/DWBI/Apache/py_env/lib/python3.8/site-packages/airflow/example_dags/example_branch_datetime_operator.py for tasks to queue
[2021-11-24 13:27:58,431] {logging_mixin.py:109} INFO - [2021-11-24 13:27:58,431] {dagbag.py:500} INFO - Filling up the DagBag from /home/dante/DWBI/Apache/py_env/lib/python3.8/site-packages/airflow/example_dags/example_branch_datetime_operator.py
[2021-11-24 13:27:58,462] {processor.py:632} INFO - DAG(s) dict_keys(['example_branch_datetime_operator_2']) retrieved from /home/dante/DWBI/Apache/py_env/lib/python3.8/site-packages/airflow/example_dags/example_branch_datetime_operator.py
[2021-11-24 13:27:58,470] {logging_mixin.py:109} INFO - [2021-11-24 13:27:58,470] {dag.py:2389} INFO - Sync 1 DAGs
[2021-11-24 13:27:58,482] {logging_mixin.py:109} INFO - [2021-11-24 13:27:58,482] {dag.py:2921} INFO - Setting next_dagrun for example_branch_datetime_operator_2 to 2021-11-23 00:00:00+00:00
[2021-11-24 13:27:58,512] {processor.py:171} INFO - Processing /home/dante/DWBI/Apache/py_env/lib/python3.8/site-packages/airflow/example_dags/example_branch_datetime_operator.py took 0.100 seconds
[2021-11-24 13:28:38,922] {processor.py:163} INFO - Started process (PID=47321) to work on /home/dante/DWBI/Apache/py_env/lib/python3.8/site-packages/airflow/example_dags/example_branch_datetime_operator.py
[2021-11-24 13:28:38,933] {processor.py:620} INFO - Processing file /home/dante/DWBI/Apache/py_env/lib/python3.8/site-packages/airflow/example_dags/example_branch_datetime_operator.py for tasks to queue
[2021-11-24 13:28:38,935] {logging_mixin.py:109} INFO - [2021-11-24 13:28:38,935] {dagbag.py:500} INFO - Filling up the DagBag from /home/dante/DWBI/Apache/py_env/lib/python3.8/site-packages/airflow/example_dags/example_branch_datetime_operator.py
[2021-11-24 13:28:38,968] {processor.py:632} INFO - DAG(s) dict_keys(['example_branch_datetime_operator_2']) retrieved from /home/dante/DWBI/Apache/py_env/lib/python3.8/site-packages/airflow/example_dags/example_branch_datetime_operator.py
[2021-11-24 13:28:38,975] {logging_mixin.py:109} INFO - [2021-11-24 13:28:38,975] {dag.py:2389} INFO - Sync 1 DAGs
[2021-11-24 13:28:38,986] {logging_mixin.py:109} INFO - [2021-11-24 13:28:38,986] {dag.py:2921} INFO - Setting next_dagrun for example_branch_datetime_operator_2 to 2021-11-23 00:00:00+00:00
[2021-11-24 13:28:39,006] {processor.py:171} INFO - Processing /home/dante/DWBI/Apache/py_env/lib/python3.8/site-packages/airflow/example_dags/example_branch_datetime_operator.py took 0.091 seconds
[2021-11-24 13:29:15,502] {processor.py:163} INFO - Started process (PID=47416) to work on /home/dante/DWBI/Apache/py_env/lib/python3.8/site-packages/airflow/example_dags/example_branch_datetime_operator.py
[2021-11-24 13:29:15,503] {processor.py:620} INFO - Processing file /home/dante/DWBI/Apache/py_env/lib/python3.8/site-packages/airflow/example_dags/example_branch_datetime_operator.py for tasks to queue
[2021-11-24 13:29:15,504] {logging_mixin.py:109} INFO - [2021-11-24 13:29:15,504] {dagbag.py:500} INFO - Filling up the DagBag from /home/dante/DWBI/Apache/py_env/lib/python3.8/site-packages/airflow/example_dags/example_branch_datetime_operator.py
[2021-11-24 13:29:15,520] {processor.py:632} INFO - DAG(s) dict_keys(['example_branch_datetime_operator_2']) retrieved from /home/dante/DWBI/Apache/py_env/lib/python3.8/site-packages/airflow/example_dags/example_branch_datetime_operator.py
[2021-11-24 13:29:15,528] {logging_mixin.py:109} INFO - [2021-11-24 13:29:15,527] {dag.py:2389} INFO - Sync 1 DAGs
[2021-11-24 13:29:15,538] {logging_mixin.py:109} INFO - [2021-11-24 13:29:15,538] {dag.py:2921} INFO - Setting next_dagrun for example_branch_datetime_operator_2 to 2021-11-23 00:00:00+00:00
[2021-11-24 13:29:15,547] {processor.py:171} INFO - Processing /home/dante/DWBI/Apache/py_env/lib/python3.8/site-packages/airflow/example_dags/example_branch_datetime_operator.py took 0.047 seconds
[2021-11-24 13:29:58,599] {processor.py:163} INFO - Started process (PID=47482) to work on /home/dante/DWBI/Apache/py_env/lib/python3.8/site-packages/airflow/example_dags/example_branch_datetime_operator.py
[2021-11-24 13:29:58,608] {processor.py:620} INFO - Processing file /home/dante/DWBI/Apache/py_env/lib/python3.8/site-packages/airflow/example_dags/example_branch_datetime_operator.py for tasks to queue
[2021-11-24 13:29:58,609] {logging_mixin.py:109} INFO - [2021-11-24 13:29:58,609] {dagbag.py:500} INFO - Filling up the DagBag from /home/dante/DWBI/Apache/py_env/lib/python3.8/site-packages/airflow/example_dags/example_branch_datetime_operator.py
[2021-11-24 13:29:58,624] {processor.py:632} INFO - DAG(s) dict_keys(['example_branch_datetime_operator_2']) retrieved from /home/dante/DWBI/Apache/py_env/lib/python3.8/site-packages/airflow/example_dags/example_branch_datetime_operator.py
[2021-11-24 13:29:58,631] {logging_mixin.py:109} INFO - [2021-11-24 13:29:58,631] {dag.py:2389} INFO - Sync 1 DAGs
[2021-11-24 13:29:58,643] {logging_mixin.py:109} INFO - [2021-11-24 13:29:58,643] {dag.py:2921} INFO - Setting next_dagrun for example_branch_datetime_operator_2 to 2021-11-23 00:00:00+00:00
[2021-11-24 13:29:58,651] {processor.py:171} INFO - Processing /home/dante/DWBI/Apache/py_env/lib/python3.8/site-packages/airflow/example_dags/example_branch_datetime_operator.py took 0.054 seconds
[2021-11-24 13:30:35,617] {processor.py:163} INFO - Started process (PID=47563) to work on /home/dante/DWBI/Apache/py_env/lib/python3.8/site-packages/airflow/example_dags/example_branch_datetime_operator.py
[2021-11-24 13:30:35,627] {processor.py:620} INFO - Processing file /home/dante/DWBI/Apache/py_env/lib/python3.8/site-packages/airflow/example_dags/example_branch_datetime_operator.py for tasks to queue
[2021-11-24 13:30:35,628] {logging_mixin.py:109} INFO - [2021-11-24 13:30:35,628] {dagbag.py:500} INFO - Filling up the DagBag from /home/dante/DWBI/Apache/py_env/lib/python3.8/site-packages/airflow/example_dags/example_branch_datetime_operator.py
[2021-11-24 13:30:35,651] {processor.py:632} INFO - DAG(s) dict_keys(['example_branch_datetime_operator_2']) retrieved from /home/dante/DWBI/Apache/py_env/lib/python3.8/site-packages/airflow/example_dags/example_branch_datetime_operator.py
[2021-11-24 13:30:35,659] {logging_mixin.py:109} INFO - [2021-11-24 13:30:35,659] {dag.py:2389} INFO - Sync 1 DAGs
[2021-11-24 13:30:35,669] {logging_mixin.py:109} INFO - [2021-11-24 13:30:35,669] {dag.py:2921} INFO - Setting next_dagrun for example_branch_datetime_operator_2 to 2021-11-23 00:00:00+00:00
[2021-11-24 13:30:35,677] {processor.py:171} INFO - Processing /home/dante/DWBI/Apache/py_env/lib/python3.8/site-packages/airflow/example_dags/example_branch_datetime_operator.py took 0.062 seconds
[2021-11-24 13:31:17,447] {processor.py:163} INFO - Started process (PID=47625) to work on /home/dante/DWBI/Apache/py_env/lib/python3.8/site-packages/airflow/example_dags/example_branch_datetime_operator.py
[2021-11-24 13:31:17,449] {processor.py:620} INFO - Processing file /home/dante/DWBI/Apache/py_env/lib/python3.8/site-packages/airflow/example_dags/example_branch_datetime_operator.py for tasks to queue
[2021-11-24 13:31:17,449] {logging_mixin.py:109} INFO - [2021-11-24 13:31:17,449] {dagbag.py:500} INFO - Filling up the DagBag from /home/dante/DWBI/Apache/py_env/lib/python3.8/site-packages/airflow/example_dags/example_branch_datetime_operator.py
[2021-11-24 13:31:17,466] {processor.py:632} INFO - DAG(s) dict_keys(['example_branch_datetime_operator_2']) retrieved from /home/dante/DWBI/Apache/py_env/lib/python3.8/site-packages/airflow/example_dags/example_branch_datetime_operator.py
[2021-11-24 13:31:17,473] {logging_mixin.py:109} INFO - [2021-11-24 13:31:17,473] {dag.py:2389} INFO - Sync 1 DAGs
[2021-11-24 13:31:17,486] {logging_mixin.py:109} INFO - [2021-11-24 13:31:17,486] {dag.py:2921} INFO - Setting next_dagrun for example_branch_datetime_operator_2 to 2021-11-23 00:00:00+00:00
[2021-11-24 13:31:17,495] {processor.py:171} INFO - Processing /home/dante/DWBI/Apache/py_env/lib/python3.8/site-packages/airflow/example_dags/example_branch_datetime_operator.py took 0.050 seconds
[2021-11-24 13:31:59,632] {processor.py:163} INFO - Started process (PID=47771) to work on /home/dante/DWBI/Apache/py_env/lib/python3.8/site-packages/airflow/example_dags/example_branch_datetime_operator.py
[2021-11-24 13:31:59,641] {processor.py:620} INFO - Processing file /home/dante/DWBI/Apache/py_env/lib/python3.8/site-packages/airflow/example_dags/example_branch_datetime_operator.py for tasks to queue
[2021-11-24 13:31:59,642] {logging_mixin.py:109} INFO - [2021-11-24 13:31:59,642] {dagbag.py:500} INFO - Filling up the DagBag from /home/dante/DWBI/Apache/py_env/lib/python3.8/site-packages/airflow/example_dags/example_branch_datetime_operator.py
[2021-11-24 13:31:59,657] {processor.py:632} INFO - DAG(s) dict_keys(['example_branch_datetime_operator_2']) retrieved from /home/dante/DWBI/Apache/py_env/lib/python3.8/site-packages/airflow/example_dags/example_branch_datetime_operator.py
[2021-11-24 13:31:59,664] {logging_mixin.py:109} INFO - [2021-11-24 13:31:59,664] {dag.py:2389} INFO - Sync 1 DAGs
[2021-11-24 13:31:59,675] {logging_mixin.py:109} INFO - [2021-11-24 13:31:59,675] {dag.py:2921} INFO - Setting next_dagrun for example_branch_datetime_operator_2 to 2021-11-23 00:00:00+00:00
[2021-11-24 13:31:59,693] {processor.py:171} INFO - Processing /home/dante/DWBI/Apache/py_env/lib/python3.8/site-packages/airflow/example_dags/example_branch_datetime_operator.py took 0.063 seconds
[2021-11-24 13:32:37,372] {processor.py:163} INFO - Started process (PID=48281) to work on /home/dante/DWBI/Apache/py_env/lib/python3.8/site-packages/airflow/example_dags/example_branch_datetime_operator.py
[2021-11-24 13:32:37,382] {processor.py:620} INFO - Processing file /home/dante/DWBI/Apache/py_env/lib/python3.8/site-packages/airflow/example_dags/example_branch_datetime_operator.py for tasks to queue
[2021-11-24 13:32:37,384] {logging_mixin.py:109} INFO - [2021-11-24 13:32:37,383] {dagbag.py:500} INFO - Filling up the DagBag from /home/dante/DWBI/Apache/py_env/lib/python3.8/site-packages/airflow/example_dags/example_branch_datetime_operator.py
[2021-11-24 13:32:37,419] {processor.py:632} INFO - DAG(s) dict_keys(['example_branch_datetime_operator_2']) retrieved from /home/dante/DWBI/Apache/py_env/lib/python3.8/site-packages/airflow/example_dags/example_branch_datetime_operator.py
[2021-11-24 13:32:37,427] {logging_mixin.py:109} INFO - [2021-11-24 13:32:37,427] {dag.py:2389} INFO - Sync 1 DAGs
[2021-11-24 13:32:37,437] {logging_mixin.py:109} INFO - [2021-11-24 13:32:37,437] {dag.py:2921} INFO - Setting next_dagrun for example_branch_datetime_operator_2 to 2021-11-23 00:00:00+00:00
[2021-11-24 13:32:37,444] {processor.py:171} INFO - Processing /home/dante/DWBI/Apache/py_env/lib/python3.8/site-packages/airflow/example_dags/example_branch_datetime_operator.py took 0.075 seconds
[2021-11-24 13:33:17,753] {processor.py:163} INFO - Started process (PID=48501) to work on /home/dante/DWBI/Apache/py_env/lib/python3.8/site-packages/airflow/example_dags/example_branch_datetime_operator.py
[2021-11-24 13:33:17,757] {processor.py:620} INFO - Processing file /home/dante/DWBI/Apache/py_env/lib/python3.8/site-packages/airflow/example_dags/example_branch_datetime_operator.py for tasks to queue
[2021-11-24 13:33:17,757] {logging_mixin.py:109} INFO - [2021-11-24 13:33:17,757] {dagbag.py:500} INFO - Filling up the DagBag from /home/dante/DWBI/Apache/py_env/lib/python3.8/site-packages/airflow/example_dags/example_branch_datetime_operator.py
[2021-11-24 13:33:17,772] {processor.py:632} INFO - DAG(s) dict_keys(['example_branch_datetime_operator_2']) retrieved from /home/dante/DWBI/Apache/py_env/lib/python3.8/site-packages/airflow/example_dags/example_branch_datetime_operator.py
[2021-11-24 13:33:17,779] {logging_mixin.py:109} INFO - [2021-11-24 13:33:17,779] {dag.py:2389} INFO - Sync 1 DAGs
[2021-11-24 13:33:17,789] {logging_mixin.py:109} INFO - [2021-11-24 13:33:17,789] {dag.py:2921} INFO - Setting next_dagrun for example_branch_datetime_operator_2 to 2021-11-23 00:00:00+00:00
[2021-11-24 13:33:17,803] {processor.py:171} INFO - Processing /home/dante/DWBI/Apache/py_env/lib/python3.8/site-packages/airflow/example_dags/example_branch_datetime_operator.py took 0.052 seconds
[2021-11-24 13:33:55,339] {processor.py:163} INFO - Started process (PID=48636) to work on /home/dante/DWBI/Apache/py_env/lib/python3.8/site-packages/airflow/example_dags/example_branch_datetime_operator.py
[2021-11-24 13:33:55,348] {processor.py:620} INFO - Processing file /home/dante/DWBI/Apache/py_env/lib/python3.8/site-packages/airflow/example_dags/example_branch_datetime_operator.py for tasks to queue
[2021-11-24 13:33:55,348] {logging_mixin.py:109} INFO - [2021-11-24 13:33:55,348] {dagbag.py:500} INFO - Filling up the DagBag from /home/dante/DWBI/Apache/py_env/lib/python3.8/site-packages/airflow/example_dags/example_branch_datetime_operator.py
[2021-11-24 13:33:55,372] {processor.py:632} INFO - DAG(s) dict_keys(['example_branch_datetime_operator_2']) retrieved from /home/dante/DWBI/Apache/py_env/lib/python3.8/site-packages/airflow/example_dags/example_branch_datetime_operator.py
[2021-11-24 13:33:55,381] {logging_mixin.py:109} INFO - [2021-11-24 13:33:55,381] {dag.py:2389} INFO - Sync 1 DAGs
[2021-11-24 13:33:55,391] {logging_mixin.py:109} INFO - [2021-11-24 13:33:55,391] {dag.py:2921} INFO - Setting next_dagrun for example_branch_datetime_operator_2 to 2021-11-23 00:00:00+00:00
[2021-11-24 13:33:55,406] {processor.py:171} INFO - Processing /home/dante/DWBI/Apache/py_env/lib/python3.8/site-packages/airflow/example_dags/example_branch_datetime_operator.py took 0.070 seconds
[2021-11-24 13:34:34,713] {processor.py:163} INFO - Started process (PID=48753) to work on /home/dante/DWBI/Apache/py_env/lib/python3.8/site-packages/airflow/example_dags/example_branch_datetime_operator.py
[2021-11-24 13:34:34,715] {processor.py:620} INFO - Processing file /home/dante/DWBI/Apache/py_env/lib/python3.8/site-packages/airflow/example_dags/example_branch_datetime_operator.py for tasks to queue
[2021-11-24 13:34:34,716] {logging_mixin.py:109} INFO - [2021-11-24 13:34:34,716] {dagbag.py:500} INFO - Filling up the DagBag from /home/dante/DWBI/Apache/py_env/lib/python3.8/site-packages/airflow/example_dags/example_branch_datetime_operator.py
[2021-11-24 13:34:34,737] {processor.py:632} INFO - DAG(s) dict_keys(['example_branch_datetime_operator_2']) retrieved from /home/dante/DWBI/Apache/py_env/lib/python3.8/site-packages/airflow/example_dags/example_branch_datetime_operator.py
[2021-11-24 13:34:34,744] {logging_mixin.py:109} INFO - [2021-11-24 13:34:34,744] {dag.py:2389} INFO - Sync 1 DAGs
[2021-11-24 13:34:34,754] {logging_mixin.py:109} INFO - [2021-11-24 13:34:34,754] {dag.py:2921} INFO - Setting next_dagrun for example_branch_datetime_operator_2 to 2021-11-23 00:00:00+00:00
[2021-11-24 13:34:34,761] {processor.py:171} INFO - Processing /home/dante/DWBI/Apache/py_env/lib/python3.8/site-packages/airflow/example_dags/example_branch_datetime_operator.py took 0.051 seconds
[2021-11-24 13:35:16,625] {processor.py:163} INFO - Started process (PID=48864) to work on /home/dante/DWBI/Apache/py_env/lib/python3.8/site-packages/airflow/example_dags/example_branch_datetime_operator.py
[2021-11-24 13:35:16,634] {processor.py:620} INFO - Processing file /home/dante/DWBI/Apache/py_env/lib/python3.8/site-packages/airflow/example_dags/example_branch_datetime_operator.py for tasks to queue
[2021-11-24 13:35:16,635] {logging_mixin.py:109} INFO - [2021-11-24 13:35:16,634] {dagbag.py:500} INFO - Filling up the DagBag from /home/dante/DWBI/Apache/py_env/lib/python3.8/site-packages/airflow/example_dags/example_branch_datetime_operator.py
[2021-11-24 13:35:16,649] {processor.py:632} INFO - DAG(s) dict_keys(['example_branch_datetime_operator_2']) retrieved from /home/dante/DWBI/Apache/py_env/lib/python3.8/site-packages/airflow/example_dags/example_branch_datetime_operator.py
[2021-11-24 13:35:16,655] {logging_mixin.py:109} INFO - [2021-11-24 13:35:16,655] {dag.py:2389} INFO - Sync 1 DAGs
[2021-11-24 13:35:16,665] {logging_mixin.py:109} INFO - [2021-11-24 13:35:16,665] {dag.py:2921} INFO - Setting next_dagrun for example_branch_datetime_operator_2 to 2021-11-23 00:00:00+00:00
[2021-11-24 13:35:16,672] {processor.py:171} INFO - Processing /home/dante/DWBI/Apache/py_env/lib/python3.8/site-packages/airflow/example_dags/example_branch_datetime_operator.py took 0.049 seconds
[2021-11-24 13:35:53,733] {processor.py:163} INFO - Started process (PID=48955) to work on /home/dante/DWBI/Apache/py_env/lib/python3.8/site-packages/airflow/example_dags/example_branch_datetime_operator.py
[2021-11-24 13:35:53,735] {processor.py:620} INFO - Processing file /home/dante/DWBI/Apache/py_env/lib/python3.8/site-packages/airflow/example_dags/example_branch_datetime_operator.py for tasks to queue
[2021-11-24 13:35:53,736] {logging_mixin.py:109} INFO - [2021-11-24 13:35:53,736] {dagbag.py:500} INFO - Filling up the DagBag from /home/dante/DWBI/Apache/py_env/lib/python3.8/site-packages/airflow/example_dags/example_branch_datetime_operator.py
[2021-11-24 13:35:53,751] {processor.py:632} INFO - DAG(s) dict_keys(['example_branch_datetime_operator_2']) retrieved from /home/dante/DWBI/Apache/py_env/lib/python3.8/site-packages/airflow/example_dags/example_branch_datetime_operator.py
[2021-11-24 13:35:53,757] {logging_mixin.py:109} INFO - [2021-11-24 13:35:53,757] {dag.py:2389} INFO - Sync 1 DAGs
[2021-11-24 13:35:53,767] {logging_mixin.py:109} INFO - [2021-11-24 13:35:53,767] {dag.py:2921} INFO - Setting next_dagrun for example_branch_datetime_operator_2 to 2021-11-23 00:00:00+00:00
[2021-11-24 13:35:53,775] {processor.py:171} INFO - Processing /home/dante/DWBI/Apache/py_env/lib/python3.8/site-packages/airflow/example_dags/example_branch_datetime_operator.py took 0.045 seconds
[2021-11-24 13:36:32,738] {processor.py:163} INFO - Started process (PID=49056) to work on /home/dante/DWBI/Apache/py_env/lib/python3.8/site-packages/airflow/example_dags/example_branch_datetime_operator.py
[2021-11-24 13:36:32,740] {processor.py:620} INFO - Processing file /home/dante/DWBI/Apache/py_env/lib/python3.8/site-packages/airflow/example_dags/example_branch_datetime_operator.py for tasks to queue
[2021-11-24 13:36:32,741] {logging_mixin.py:109} INFO - [2021-11-24 13:36:32,741] {dagbag.py:500} INFO - Filling up the DagBag from /home/dante/DWBI/Apache/py_env/lib/python3.8/site-packages/airflow/example_dags/example_branch_datetime_operator.py
[2021-11-24 13:36:32,755] {processor.py:632} INFO - DAG(s) dict_keys(['example_branch_datetime_operator_2']) retrieved from /home/dante/DWBI/Apache/py_env/lib/python3.8/site-packages/airflow/example_dags/example_branch_datetime_operator.py
[2021-11-24 13:36:32,762] {logging_mixin.py:109} INFO - [2021-11-24 13:36:32,762] {dag.py:2389} INFO - Sync 1 DAGs
[2021-11-24 13:36:32,773] {logging_mixin.py:109} INFO - [2021-11-24 13:36:32,773] {dag.py:2921} INFO - Setting next_dagrun for example_branch_datetime_operator_2 to 2021-11-23 00:00:00+00:00
[2021-11-24 13:36:32,780] {processor.py:171} INFO - Processing /home/dante/DWBI/Apache/py_env/lib/python3.8/site-packages/airflow/example_dags/example_branch_datetime_operator.py took 0.044 seconds
[2021-11-24 13:37:16,059] {processor.py:163} INFO - Started process (PID=49257) to work on /home/dante/DWBI/Apache/py_env/lib/python3.8/site-packages/airflow/example_dags/example_branch_datetime_operator.py
[2021-11-24 13:37:16,061] {processor.py:620} INFO - Processing file /home/dante/DWBI/Apache/py_env/lib/python3.8/site-packages/airflow/example_dags/example_branch_datetime_operator.py for tasks to queue
[2021-11-24 13:37:16,062] {logging_mixin.py:109} INFO - [2021-11-24 13:37:16,062] {dagbag.py:500} INFO - Filling up the DagBag from /home/dante/DWBI/Apache/py_env/lib/python3.8/site-packages/airflow/example_dags/example_branch_datetime_operator.py
[2021-11-24 13:37:16,089] {processor.py:632} INFO - DAG(s) dict_keys(['example_branch_datetime_operator_2']) retrieved from /home/dante/DWBI/Apache/py_env/lib/python3.8/site-packages/airflow/example_dags/example_branch_datetime_operator.py
[2021-11-24 13:37:16,098] {logging_mixin.py:109} INFO - [2021-11-24 13:37:16,098] {dag.py:2389} INFO - Sync 1 DAGs
[2021-11-24 13:37:16,108] {logging_mixin.py:109} INFO - [2021-11-24 13:37:16,108] {dag.py:2921} INFO - Setting next_dagrun for example_branch_datetime_operator_2 to 2021-11-23 00:00:00+00:00
[2021-11-24 13:37:16,115] {processor.py:171} INFO - Processing /home/dante/DWBI/Apache/py_env/lib/python3.8/site-packages/airflow/example_dags/example_branch_datetime_operator.py took 0.059 seconds
[2021-11-24 13:37:53,008] {processor.py:163} INFO - Started process (PID=49324) to work on /home/dante/DWBI/Apache/py_env/lib/python3.8/site-packages/airflow/example_dags/example_branch_datetime_operator.py
[2021-11-24 13:37:53,019] {processor.py:620} INFO - Processing file /home/dante/DWBI/Apache/py_env/lib/python3.8/site-packages/airflow/example_dags/example_branch_datetime_operator.py for tasks to queue
[2021-11-24 13:37:53,020] {logging_mixin.py:109} INFO - [2021-11-24 13:37:53,020] {dagbag.py:500} INFO - Filling up the DagBag from /home/dante/DWBI/Apache/py_env/lib/python3.8/site-packages/airflow/example_dags/example_branch_datetime_operator.py
[2021-11-24 13:37:53,055] {processor.py:632} INFO - DAG(s) dict_keys(['example_branch_datetime_operator_2']) retrieved from /home/dante/DWBI/Apache/py_env/lib/python3.8/site-packages/airflow/example_dags/example_branch_datetime_operator.py
[2021-11-24 13:37:53,069] {logging_mixin.py:109} INFO - [2021-11-24 13:37:53,069] {dag.py:2389} INFO - Sync 1 DAGs
[2021-11-24 13:37:53,089] {logging_mixin.py:109} INFO - [2021-11-24 13:37:53,089] {dag.py:2921} INFO - Setting next_dagrun for example_branch_datetime_operator_2 to 2021-11-23 00:00:00+00:00
[2021-11-24 13:37:53,117] {processor.py:171} INFO - Processing /home/dante/DWBI/Apache/py_env/lib/python3.8/site-packages/airflow/example_dags/example_branch_datetime_operator.py took 0.116 seconds
[2021-11-24 13:38:35,180] {processor.py:163} INFO - Started process (PID=49414) to work on /home/dante/DWBI/Apache/py_env/lib/python3.8/site-packages/airflow/example_dags/example_branch_datetime_operator.py
[2021-11-24 13:38:35,185] {processor.py:620} INFO - Processing file /home/dante/DWBI/Apache/py_env/lib/python3.8/site-packages/airflow/example_dags/example_branch_datetime_operator.py for tasks to queue
[2021-11-24 13:38:35,186] {logging_mixin.py:109} INFO - [2021-11-24 13:38:35,186] {dagbag.py:500} INFO - Filling up the DagBag from /home/dante/DWBI/Apache/py_env/lib/python3.8/site-packages/airflow/example_dags/example_branch_datetime_operator.py
[2021-11-24 13:38:35,214] {processor.py:632} INFO - DAG(s) dict_keys(['example_branch_datetime_operator_2']) retrieved from /home/dante/DWBI/Apache/py_env/lib/python3.8/site-packages/airflow/example_dags/example_branch_datetime_operator.py
[2021-11-24 13:38:35,221] {logging_mixin.py:109} INFO - [2021-11-24 13:38:35,221] {dag.py:2389} INFO - Sync 1 DAGs
[2021-11-24 13:38:35,231] {logging_mixin.py:109} INFO - [2021-11-24 13:38:35,231] {dag.py:2921} INFO - Setting next_dagrun for example_branch_datetime_operator_2 to 2021-11-23 00:00:00+00:00
[2021-11-24 13:38:35,239] {processor.py:171} INFO - Processing /home/dante/DWBI/Apache/py_env/lib/python3.8/site-packages/airflow/example_dags/example_branch_datetime_operator.py took 0.066 seconds
[2021-11-24 13:39:20,578] {processor.py:163} INFO - Started process (PID=49557) to work on /home/dante/DWBI/Apache/py_env/lib/python3.8/site-packages/airflow/example_dags/example_branch_datetime_operator.py
[2021-11-24 13:39:20,588] {processor.py:620} INFO - Processing file /home/dante/DWBI/Apache/py_env/lib/python3.8/site-packages/airflow/example_dags/example_branch_datetime_operator.py for tasks to queue
[2021-11-24 13:39:20,590] {logging_mixin.py:109} INFO - [2021-11-24 13:39:20,590] {dagbag.py:500} INFO - Filling up the DagBag from /home/dante/DWBI/Apache/py_env/lib/python3.8/site-packages/airflow/example_dags/example_branch_datetime_operator.py
[2021-11-24 13:39:20,620] {processor.py:632} INFO - DAG(s) dict_keys(['example_branch_datetime_operator_2']) retrieved from /home/dante/DWBI/Apache/py_env/lib/python3.8/site-packages/airflow/example_dags/example_branch_datetime_operator.py
[2021-11-24 13:39:20,627] {logging_mixin.py:109} INFO - [2021-11-24 13:39:20,627] {dag.py:2389} INFO - Sync 1 DAGs
[2021-11-24 13:39:20,637] {logging_mixin.py:109} INFO - [2021-11-24 13:39:20,637] {dag.py:2921} INFO - Setting next_dagrun for example_branch_datetime_operator_2 to 2021-11-23 00:00:00+00:00
[2021-11-24 13:39:20,644] {processor.py:171} INFO - Processing /home/dante/DWBI/Apache/py_env/lib/python3.8/site-packages/airflow/example_dags/example_branch_datetime_operator.py took 0.073 seconds
[2021-11-24 13:40:04,050] {processor.py:163} INFO - Started process (PID=49658) to work on /home/dante/DWBI/Apache/py_env/lib/python3.8/site-packages/airflow/example_dags/example_branch_datetime_operator.py
[2021-11-24 13:40:04,055] {processor.py:620} INFO - Processing file /home/dante/DWBI/Apache/py_env/lib/python3.8/site-packages/airflow/example_dags/example_branch_datetime_operator.py for tasks to queue
[2021-11-24 13:40:04,057] {logging_mixin.py:109} INFO - [2021-11-24 13:40:04,056] {dagbag.py:500} INFO - Filling up the DagBag from /home/dante/DWBI/Apache/py_env/lib/python3.8/site-packages/airflow/example_dags/example_branch_datetime_operator.py
[2021-11-24 13:40:04,092] {processor.py:632} INFO - DAG(s) dict_keys(['example_branch_datetime_operator_2']) retrieved from /home/dante/DWBI/Apache/py_env/lib/python3.8/site-packages/airflow/example_dags/example_branch_datetime_operator.py
[2021-11-24 13:40:04,108] {logging_mixin.py:109} INFO - [2021-11-24 13:40:04,108] {dag.py:2389} INFO - Sync 1 DAGs
[2021-11-24 13:40:04,131] {logging_mixin.py:109} INFO - [2021-11-24 13:40:04,130] {dag.py:2921} INFO - Setting next_dagrun for example_branch_datetime_operator_2 to 2021-11-23 00:00:00+00:00
[2021-11-24 13:40:04,146] {processor.py:171} INFO - Processing /home/dante/DWBI/Apache/py_env/lib/python3.8/site-packages/airflow/example_dags/example_branch_datetime_operator.py took 0.102 seconds
[2021-11-24 13:40:44,028] {processor.py:163} INFO - Started process (PID=49754) to work on /home/dante/DWBI/Apache/py_env/lib/python3.8/site-packages/airflow/example_dags/example_branch_datetime_operator.py
[2021-11-24 13:40:44,040] {processor.py:620} INFO - Processing file /home/dante/DWBI/Apache/py_env/lib/python3.8/site-packages/airflow/example_dags/example_branch_datetime_operator.py for tasks to queue
[2021-11-24 13:40:44,041] {logging_mixin.py:109} INFO - [2021-11-24 13:40:44,041] {dagbag.py:500} INFO - Filling up the DagBag from /home/dante/DWBI/Apache/py_env/lib/python3.8/site-packages/airflow/example_dags/example_branch_datetime_operator.py
[2021-11-24 13:40:44,072] {processor.py:632} INFO - DAG(s) dict_keys(['example_branch_datetime_operator_2']) retrieved from /home/dante/DWBI/Apache/py_env/lib/python3.8/site-packages/airflow/example_dags/example_branch_datetime_operator.py
[2021-11-24 13:40:44,079] {logging_mixin.py:109} INFO - [2021-11-24 13:40:44,079] {dag.py:2389} INFO - Sync 1 DAGs
[2021-11-24 13:40:44,089] {logging_mixin.py:109} INFO - [2021-11-24 13:40:44,089] {dag.py:2921} INFO - Setting next_dagrun for example_branch_datetime_operator_2 to 2021-11-23 00:00:00+00:00
[2021-11-24 13:40:44,097] {processor.py:171} INFO - Processing /home/dante/DWBI/Apache/py_env/lib/python3.8/site-packages/airflow/example_dags/example_branch_datetime_operator.py took 0.076 seconds
[2021-11-24 13:41:22,411] {processor.py:163} INFO - Started process (PID=49812) to work on /home/dante/DWBI/Apache/py_env/lib/python3.8/site-packages/airflow/example_dags/example_branch_datetime_operator.py
[2021-11-24 13:41:22,415] {processor.py:620} INFO - Processing file /home/dante/DWBI/Apache/py_env/lib/python3.8/site-packages/airflow/example_dags/example_branch_datetime_operator.py for tasks to queue
[2021-11-24 13:41:22,416] {logging_mixin.py:109} INFO - [2021-11-24 13:41:22,416] {dagbag.py:500} INFO - Filling up the DagBag from /home/dante/DWBI/Apache/py_env/lib/python3.8/site-packages/airflow/example_dags/example_branch_datetime_operator.py
[2021-11-24 13:41:22,447] {processor.py:632} INFO - DAG(s) dict_keys(['example_branch_datetime_operator_2']) retrieved from /home/dante/DWBI/Apache/py_env/lib/python3.8/site-packages/airflow/example_dags/example_branch_datetime_operator.py
[2021-11-24 13:41:22,454] {logging_mixin.py:109} INFO - [2021-11-24 13:41:22,453] {dag.py:2389} INFO - Sync 1 DAGs
[2021-11-24 13:41:22,463] {logging_mixin.py:109} INFO - [2021-11-24 13:41:22,463] {dag.py:2921} INFO - Setting next_dagrun for example_branch_datetime_operator_2 to 2021-11-23 00:00:00+00:00
[2021-11-24 13:41:22,471] {processor.py:171} INFO - Processing /home/dante/DWBI/Apache/py_env/lib/python3.8/site-packages/airflow/example_dags/example_branch_datetime_operator.py took 0.066 seconds
[2021-11-24 13:42:00,875] {processor.py:163} INFO - Started process (PID=49951) to work on /home/dante/DWBI/Apache/py_env/lib/python3.8/site-packages/airflow/example_dags/example_branch_datetime_operator.py
[2021-11-24 13:42:00,884] {processor.py:620} INFO - Processing file /home/dante/DWBI/Apache/py_env/lib/python3.8/site-packages/airflow/example_dags/example_branch_datetime_operator.py for tasks to queue
[2021-11-24 13:42:00,885] {logging_mixin.py:109} INFO - [2021-11-24 13:42:00,885] {dagbag.py:500} INFO - Filling up the DagBag from /home/dante/DWBI/Apache/py_env/lib/python3.8/site-packages/airflow/example_dags/example_branch_datetime_operator.py
[2021-11-24 13:42:00,905] {processor.py:632} INFO - DAG(s) dict_keys(['example_branch_datetime_operator_2']) retrieved from /home/dante/DWBI/Apache/py_env/lib/python3.8/site-packages/airflow/example_dags/example_branch_datetime_operator.py
[2021-11-24 13:42:00,913] {logging_mixin.py:109} INFO - [2021-11-24 13:42:00,913] {dag.py:2389} INFO - Sync 1 DAGs
[2021-11-24 13:42:00,924] {logging_mixin.py:109} INFO - [2021-11-24 13:42:00,924] {dag.py:2921} INFO - Setting next_dagrun for example_branch_datetime_operator_2 to 2021-11-23 00:00:00+00:00
[2021-11-24 13:42:00,936] {processor.py:171} INFO - Processing /home/dante/DWBI/Apache/py_env/lib/python3.8/site-packages/airflow/example_dags/example_branch_datetime_operator.py took 0.063 seconds
