[2021-11-24 13:02:02,464] {processor.py:163} INFO - Started process (PID=42704) to work on /home/dante/DWBI/Apache/py_env/lib/python3.8/site-packages/airflow/example_dags/example_branch_operator.py
[2021-11-24 13:02:02,465] {processor.py:620} INFO - Processing file /home/dante/DWBI/Apache/py_env/lib/python3.8/site-packages/airflow/example_dags/example_branch_operator.py for tasks to queue
[2021-11-24 13:02:02,466] {logging_mixin.py:109} INFO - [2021-11-24 13:02:02,466] {dagbag.py:500} INFO - Filling up the DagBag from /home/dante/DWBI/Apache/py_env/lib/python3.8/site-packages/airflow/example_dags/example_branch_operator.py
[2021-11-24 13:02:02,483] {processor.py:632} INFO - DAG(s) dict_keys(['example_branch_operator']) retrieved from /home/dante/DWBI/Apache/py_env/lib/python3.8/site-packages/airflow/example_dags/example_branch_operator.py
[2021-11-24 13:02:02,491] {logging_mixin.py:109} INFO - [2021-11-24 13:02:02,491] {dag.py:2389} INFO - Sync 1 DAGs
[2021-11-24 13:02:02,503] {logging_mixin.py:109} INFO - [2021-11-24 13:02:02,503] {dag.py:2921} INFO - Setting next_dagrun for example_branch_operator to 2021-11-23 00:00:00+00:00
[2021-11-24 13:02:02,518] {processor.py:171} INFO - Processing /home/dante/DWBI/Apache/py_env/lib/python3.8/site-packages/airflow/example_dags/example_branch_operator.py took 0.056 seconds
[2021-11-24 13:02:40,131] {processor.py:163} INFO - Started process (PID=42754) to work on /home/dante/DWBI/Apache/py_env/lib/python3.8/site-packages/airflow/example_dags/example_branch_operator.py
[2021-11-24 13:02:40,143] {processor.py:620} INFO - Processing file /home/dante/DWBI/Apache/py_env/lib/python3.8/site-packages/airflow/example_dags/example_branch_operator.py for tasks to queue
[2021-11-24 13:02:40,145] {logging_mixin.py:109} INFO - [2021-11-24 13:02:40,144] {dagbag.py:500} INFO - Filling up the DagBag from /home/dante/DWBI/Apache/py_env/lib/python3.8/site-packages/airflow/example_dags/example_branch_operator.py
[2021-11-24 13:02:40,181] {processor.py:632} INFO - DAG(s) dict_keys(['example_branch_operator']) retrieved from /home/dante/DWBI/Apache/py_env/lib/python3.8/site-packages/airflow/example_dags/example_branch_operator.py
[2021-11-24 13:02:40,189] {logging_mixin.py:109} INFO - [2021-11-24 13:02:40,189] {dag.py:2389} INFO - Sync 1 DAGs
[2021-11-24 13:02:40,200] {logging_mixin.py:109} INFO - [2021-11-24 13:02:40,200] {dag.py:2921} INFO - Setting next_dagrun for example_branch_operator to 2021-11-23 00:00:00+00:00
[2021-11-24 13:02:40,207] {processor.py:171} INFO - Processing /home/dante/DWBI/Apache/py_env/lib/python3.8/site-packages/airflow/example_dags/example_branch_operator.py took 0.082 seconds
[2021-11-24 13:03:20,179] {processor.py:163} INFO - Started process (PID=42883) to work on /home/dante/DWBI/Apache/py_env/lib/python3.8/site-packages/airflow/example_dags/example_branch_operator.py
[2021-11-24 13:03:20,182] {processor.py:620} INFO - Processing file /home/dante/DWBI/Apache/py_env/lib/python3.8/site-packages/airflow/example_dags/example_branch_operator.py for tasks to queue
[2021-11-24 13:03:20,183] {logging_mixin.py:109} INFO - [2021-11-24 13:03:20,183] {dagbag.py:500} INFO - Filling up the DagBag from /home/dante/DWBI/Apache/py_env/lib/python3.8/site-packages/airflow/example_dags/example_branch_operator.py
[2021-11-24 13:03:20,209] {processor.py:632} INFO - DAG(s) dict_keys(['example_branch_operator']) retrieved from /home/dante/DWBI/Apache/py_env/lib/python3.8/site-packages/airflow/example_dags/example_branch_operator.py
[2021-11-24 13:03:20,218] {logging_mixin.py:109} INFO - [2021-11-24 13:03:20,218] {dag.py:2389} INFO - Sync 1 DAGs
[2021-11-24 13:03:20,228] {logging_mixin.py:109} INFO - [2021-11-24 13:03:20,228] {dag.py:2921} INFO - Setting next_dagrun for example_branch_operator to 2021-11-23 00:00:00+00:00
[2021-11-24 13:03:20,235] {processor.py:171} INFO - Processing /home/dante/DWBI/Apache/py_env/lib/python3.8/site-packages/airflow/example_dags/example_branch_operator.py took 0.058 seconds
[2021-11-24 13:03:58,445] {processor.py:163} INFO - Started process (PID=42941) to work on /home/dante/DWBI/Apache/py_env/lib/python3.8/site-packages/airflow/example_dags/example_branch_operator.py
[2021-11-24 13:03:58,447] {processor.py:620} INFO - Processing file /home/dante/DWBI/Apache/py_env/lib/python3.8/site-packages/airflow/example_dags/example_branch_operator.py for tasks to queue
[2021-11-24 13:03:58,449] {logging_mixin.py:109} INFO - [2021-11-24 13:03:58,448] {dagbag.py:500} INFO - Filling up the DagBag from /home/dante/DWBI/Apache/py_env/lib/python3.8/site-packages/airflow/example_dags/example_branch_operator.py
[2021-11-24 13:03:58,467] {processor.py:632} INFO - DAG(s) dict_keys(['example_branch_operator']) retrieved from /home/dante/DWBI/Apache/py_env/lib/python3.8/site-packages/airflow/example_dags/example_branch_operator.py
[2021-11-24 13:03:58,475] {logging_mixin.py:109} INFO - [2021-11-24 13:03:58,475] {dag.py:2389} INFO - Sync 1 DAGs
[2021-11-24 13:03:58,486] {logging_mixin.py:109} INFO - [2021-11-24 13:03:58,486] {dag.py:2921} INFO - Setting next_dagrun for example_branch_operator to 2021-11-23 00:00:00+00:00
[2021-11-24 13:03:58,495] {processor.py:171} INFO - Processing /home/dante/DWBI/Apache/py_env/lib/python3.8/site-packages/airflow/example_dags/example_branch_operator.py took 0.055 seconds
[2021-11-24 13:04:40,622] {processor.py:163} INFO - Started process (PID=43083) to work on /home/dante/DWBI/Apache/py_env/lib/python3.8/site-packages/airflow/example_dags/example_branch_operator.py
[2021-11-24 13:04:40,634] {processor.py:620} INFO - Processing file /home/dante/DWBI/Apache/py_env/lib/python3.8/site-packages/airflow/example_dags/example_branch_operator.py for tasks to queue
[2021-11-24 13:04:40,635] {logging_mixin.py:109} INFO - [2021-11-24 13:04:40,635] {dagbag.py:500} INFO - Filling up the DagBag from /home/dante/DWBI/Apache/py_env/lib/python3.8/site-packages/airflow/example_dags/example_branch_operator.py
[2021-11-24 13:04:40,671] {processor.py:632} INFO - DAG(s) dict_keys(['example_branch_operator']) retrieved from /home/dante/DWBI/Apache/py_env/lib/python3.8/site-packages/airflow/example_dags/example_branch_operator.py
[2021-11-24 13:04:40,678] {logging_mixin.py:109} INFO - [2021-11-24 13:04:40,678] {dag.py:2389} INFO - Sync 1 DAGs
[2021-11-24 13:04:40,688] {logging_mixin.py:109} INFO - [2021-11-24 13:04:40,688] {dag.py:2921} INFO - Setting next_dagrun for example_branch_operator to 2021-11-23 00:00:00+00:00
[2021-11-24 13:04:40,697] {processor.py:171} INFO - Processing /home/dante/DWBI/Apache/py_env/lib/python3.8/site-packages/airflow/example_dags/example_branch_operator.py took 0.081 seconds
[2021-11-24 13:05:24,222] {processor.py:163} INFO - Started process (PID=43220) to work on /home/dante/DWBI/Apache/py_env/lib/python3.8/site-packages/airflow/example_dags/example_branch_operator.py
[2021-11-24 13:05:24,232] {processor.py:620} INFO - Processing file /home/dante/DWBI/Apache/py_env/lib/python3.8/site-packages/airflow/example_dags/example_branch_operator.py for tasks to queue
[2021-11-24 13:05:24,234] {logging_mixin.py:109} INFO - [2021-11-24 13:05:24,233] {dagbag.py:500} INFO - Filling up the DagBag from /home/dante/DWBI/Apache/py_env/lib/python3.8/site-packages/airflow/example_dags/example_branch_operator.py
[2021-11-24 13:05:24,275] {processor.py:632} INFO - DAG(s) dict_keys(['example_branch_operator']) retrieved from /home/dante/DWBI/Apache/py_env/lib/python3.8/site-packages/airflow/example_dags/example_branch_operator.py
[2021-11-24 13:05:24,283] {logging_mixin.py:109} INFO - [2021-11-24 13:05:24,283] {dag.py:2389} INFO - Sync 1 DAGs
[2021-11-24 13:05:24,293] {logging_mixin.py:109} INFO - [2021-11-24 13:05:24,293] {dag.py:2921} INFO - Setting next_dagrun for example_branch_operator to 2021-11-23 00:00:00+00:00
[2021-11-24 13:05:24,302] {processor.py:171} INFO - Processing /home/dante/DWBI/Apache/py_env/lib/python3.8/site-packages/airflow/example_dags/example_branch_operator.py took 0.082 seconds
[2021-11-24 13:06:02,202] {processor.py:163} INFO - Started process (PID=43288) to work on /home/dante/DWBI/Apache/py_env/lib/python3.8/site-packages/airflow/example_dags/example_branch_operator.py
[2021-11-24 13:06:02,211] {processor.py:620} INFO - Processing file /home/dante/DWBI/Apache/py_env/lib/python3.8/site-packages/airflow/example_dags/example_branch_operator.py for tasks to queue
[2021-11-24 13:06:02,212] {logging_mixin.py:109} INFO - [2021-11-24 13:06:02,212] {dagbag.py:500} INFO - Filling up the DagBag from /home/dante/DWBI/Apache/py_env/lib/python3.8/site-packages/airflow/example_dags/example_branch_operator.py
[2021-11-24 13:06:02,236] {processor.py:632} INFO - DAG(s) dict_keys(['example_branch_operator']) retrieved from /home/dante/DWBI/Apache/py_env/lib/python3.8/site-packages/airflow/example_dags/example_branch_operator.py
[2021-11-24 13:06:02,245] {logging_mixin.py:109} INFO - [2021-11-24 13:06:02,245] {dag.py:2389} INFO - Sync 1 DAGs
[2021-11-24 13:06:02,255] {logging_mixin.py:109} INFO - [2021-11-24 13:06:02,255] {dag.py:2921} INFO - Setting next_dagrun for example_branch_operator to 2021-11-23 00:00:00+00:00
[2021-11-24 13:06:02,265] {processor.py:171} INFO - Processing /home/dante/DWBI/Apache/py_env/lib/python3.8/site-packages/airflow/example_dags/example_branch_operator.py took 0.065 seconds
[2021-11-24 13:06:43,263] {processor.py:163} INFO - Started process (PID=43374) to work on /home/dante/DWBI/Apache/py_env/lib/python3.8/site-packages/airflow/example_dags/example_branch_operator.py
[2021-11-24 13:06:43,272] {processor.py:620} INFO - Processing file /home/dante/DWBI/Apache/py_env/lib/python3.8/site-packages/airflow/example_dags/example_branch_operator.py for tasks to queue
[2021-11-24 13:06:43,273] {logging_mixin.py:109} INFO - [2021-11-24 13:06:43,273] {dagbag.py:500} INFO - Filling up the DagBag from /home/dante/DWBI/Apache/py_env/lib/python3.8/site-packages/airflow/example_dags/example_branch_operator.py
[2021-11-24 13:06:43,292] {processor.py:632} INFO - DAG(s) dict_keys(['example_branch_operator']) retrieved from /home/dante/DWBI/Apache/py_env/lib/python3.8/site-packages/airflow/example_dags/example_branch_operator.py
[2021-11-24 13:06:43,301] {logging_mixin.py:109} INFO - [2021-11-24 13:06:43,300] {dag.py:2389} INFO - Sync 1 DAGs
[2021-11-24 13:06:43,311] {logging_mixin.py:109} INFO - [2021-11-24 13:06:43,311] {dag.py:2921} INFO - Setting next_dagrun for example_branch_operator to 2021-11-23 00:00:00+00:00
[2021-11-24 13:06:43,319] {processor.py:171} INFO - Processing /home/dante/DWBI/Apache/py_env/lib/python3.8/site-packages/airflow/example_dags/example_branch_operator.py took 0.058 seconds
[2021-11-24 13:07:21,936] {processor.py:163} INFO - Started process (PID=43424) to work on /home/dante/DWBI/Apache/py_env/lib/python3.8/site-packages/airflow/example_dags/example_branch_operator.py
[2021-11-24 13:07:21,947] {processor.py:620} INFO - Processing file /home/dante/DWBI/Apache/py_env/lib/python3.8/site-packages/airflow/example_dags/example_branch_operator.py for tasks to queue
[2021-11-24 13:07:21,948] {logging_mixin.py:109} INFO - [2021-11-24 13:07:21,948] {dagbag.py:500} INFO - Filling up the DagBag from /home/dante/DWBI/Apache/py_env/lib/python3.8/site-packages/airflow/example_dags/example_branch_operator.py
[2021-11-24 13:07:21,981] {processor.py:632} INFO - DAG(s) dict_keys(['example_branch_operator']) retrieved from /home/dante/DWBI/Apache/py_env/lib/python3.8/site-packages/airflow/example_dags/example_branch_operator.py
[2021-11-24 13:07:21,989] {logging_mixin.py:109} INFO - [2021-11-24 13:07:21,989] {dag.py:2389} INFO - Sync 1 DAGs
[2021-11-24 13:07:21,999] {logging_mixin.py:109} INFO - [2021-11-24 13:07:21,999] {dag.py:2921} INFO - Setting next_dagrun for example_branch_operator to 2021-11-23 00:00:00+00:00
[2021-11-24 13:07:22,024] {processor.py:171} INFO - Processing /home/dante/DWBI/Apache/py_env/lib/python3.8/site-packages/airflow/example_dags/example_branch_operator.py took 0.095 seconds
[2021-11-24 13:08:00,528] {processor.py:163} INFO - Started process (PID=43474) to work on /home/dante/DWBI/Apache/py_env/lib/python3.8/site-packages/airflow/example_dags/example_branch_operator.py
[2021-11-24 13:08:00,538] {processor.py:620} INFO - Processing file /home/dante/DWBI/Apache/py_env/lib/python3.8/site-packages/airflow/example_dags/example_branch_operator.py for tasks to queue
[2021-11-24 13:08:00,539] {logging_mixin.py:109} INFO - [2021-11-24 13:08:00,538] {dagbag.py:500} INFO - Filling up the DagBag from /home/dante/DWBI/Apache/py_env/lib/python3.8/site-packages/airflow/example_dags/example_branch_operator.py
[2021-11-24 13:08:00,558] {processor.py:632} INFO - DAG(s) dict_keys(['example_branch_operator']) retrieved from /home/dante/DWBI/Apache/py_env/lib/python3.8/site-packages/airflow/example_dags/example_branch_operator.py
[2021-11-24 13:08:00,567] {logging_mixin.py:109} INFO - [2021-11-24 13:08:00,567] {dag.py:2389} INFO - Sync 1 DAGs
[2021-11-24 13:08:00,578] {logging_mixin.py:109} INFO - [2021-11-24 13:08:00,578] {dag.py:2921} INFO - Setting next_dagrun for example_branch_operator to 2021-11-23 00:00:00+00:00
[2021-11-24 13:08:00,604] {processor.py:171} INFO - Processing /home/dante/DWBI/Apache/py_env/lib/python3.8/site-packages/airflow/example_dags/example_branch_operator.py took 0.078 seconds
[2021-11-24 13:08:39,032] {processor.py:163} INFO - Started process (PID=43549) to work on /home/dante/DWBI/Apache/py_env/lib/python3.8/site-packages/airflow/example_dags/example_branch_operator.py
[2021-11-24 13:08:39,041] {processor.py:620} INFO - Processing file /home/dante/DWBI/Apache/py_env/lib/python3.8/site-packages/airflow/example_dags/example_branch_operator.py for tasks to queue
[2021-11-24 13:08:39,041] {logging_mixin.py:109} INFO - [2021-11-24 13:08:39,041] {dagbag.py:500} INFO - Filling up the DagBag from /home/dante/DWBI/Apache/py_env/lib/python3.8/site-packages/airflow/example_dags/example_branch_operator.py
[2021-11-24 13:08:39,057] {processor.py:632} INFO - DAG(s) dict_keys(['example_branch_operator']) retrieved from /home/dante/DWBI/Apache/py_env/lib/python3.8/site-packages/airflow/example_dags/example_branch_operator.py
[2021-11-24 13:08:39,064] {logging_mixin.py:109} INFO - [2021-11-24 13:08:39,064] {dag.py:2389} INFO - Sync 1 DAGs
[2021-11-24 13:08:39,074] {logging_mixin.py:109} INFO - [2021-11-24 13:08:39,074] {dag.py:2921} INFO - Setting next_dagrun for example_branch_operator to 2021-11-23 00:00:00+00:00
[2021-11-24 13:08:39,081] {processor.py:171} INFO - Processing /home/dante/DWBI/Apache/py_env/lib/python3.8/site-packages/airflow/example_dags/example_branch_operator.py took 0.051 seconds
[2021-11-24 13:09:16,712] {processor.py:163} INFO - Started process (PID=43614) to work on /home/dante/DWBI/Apache/py_env/lib/python3.8/site-packages/airflow/example_dags/example_branch_operator.py
[2021-11-24 13:09:16,722] {processor.py:620} INFO - Processing file /home/dante/DWBI/Apache/py_env/lib/python3.8/site-packages/airflow/example_dags/example_branch_operator.py for tasks to queue
[2021-11-24 13:09:16,723] {logging_mixin.py:109} INFO - [2021-11-24 13:09:16,723] {dagbag.py:500} INFO - Filling up the DagBag from /home/dante/DWBI/Apache/py_env/lib/python3.8/site-packages/airflow/example_dags/example_branch_operator.py
[2021-11-24 13:09:16,747] {processor.py:632} INFO - DAG(s) dict_keys(['example_branch_operator']) retrieved from /home/dante/DWBI/Apache/py_env/lib/python3.8/site-packages/airflow/example_dags/example_branch_operator.py
[2021-11-24 13:09:16,756] {logging_mixin.py:109} INFO - [2021-11-24 13:09:16,756] {dag.py:2389} INFO - Sync 1 DAGs
[2021-11-24 13:09:16,766] {logging_mixin.py:109} INFO - [2021-11-24 13:09:16,766] {dag.py:2921} INFO - Setting next_dagrun for example_branch_operator to 2021-11-23 00:00:00+00:00
[2021-11-24 13:09:16,775] {processor.py:171} INFO - Processing /home/dante/DWBI/Apache/py_env/lib/python3.8/site-packages/airflow/example_dags/example_branch_operator.py took 0.065 seconds
[2021-11-24 13:10:00,022] {processor.py:163} INFO - Started process (PID=43812) to work on /home/dante/DWBI/Apache/py_env/lib/python3.8/site-packages/airflow/example_dags/example_branch_operator.py
[2021-11-24 13:10:00,023] {processor.py:620} INFO - Processing file /home/dante/DWBI/Apache/py_env/lib/python3.8/site-packages/airflow/example_dags/example_branch_operator.py for tasks to queue
[2021-11-24 13:10:00,023] {logging_mixin.py:109} INFO - [2021-11-24 13:10:00,023] {dagbag.py:500} INFO - Filling up the DagBag from /home/dante/DWBI/Apache/py_env/lib/python3.8/site-packages/airflow/example_dags/example_branch_operator.py
[2021-11-24 13:10:00,041] {processor.py:632} INFO - DAG(s) dict_keys(['example_branch_operator']) retrieved from /home/dante/DWBI/Apache/py_env/lib/python3.8/site-packages/airflow/example_dags/example_branch_operator.py
[2021-11-24 13:10:00,050] {logging_mixin.py:109} INFO - [2021-11-24 13:10:00,050] {dag.py:2389} INFO - Sync 1 DAGs
[2021-11-24 13:10:00,060] {logging_mixin.py:109} INFO - [2021-11-24 13:10:00,060] {dag.py:2921} INFO - Setting next_dagrun for example_branch_operator to 2021-11-23 00:00:00+00:00
[2021-11-24 13:10:00,067] {processor.py:171} INFO - Processing /home/dante/DWBI/Apache/py_env/lib/python3.8/site-packages/airflow/example_dags/example_branch_operator.py took 0.048 seconds
[2021-11-24 13:10:41,589] {processor.py:163} INFO - Started process (PID=44024) to work on /home/dante/DWBI/Apache/py_env/lib/python3.8/site-packages/airflow/example_dags/example_branch_operator.py
[2021-11-24 13:10:41,592] {processor.py:620} INFO - Processing file /home/dante/DWBI/Apache/py_env/lib/python3.8/site-packages/airflow/example_dags/example_branch_operator.py for tasks to queue
[2021-11-24 13:10:41,594] {logging_mixin.py:109} INFO - [2021-11-24 13:10:41,594] {dagbag.py:500} INFO - Filling up the DagBag from /home/dante/DWBI/Apache/py_env/lib/python3.8/site-packages/airflow/example_dags/example_branch_operator.py
[2021-11-24 13:10:41,638] {processor.py:632} INFO - DAG(s) dict_keys(['example_branch_operator']) retrieved from /home/dante/DWBI/Apache/py_env/lib/python3.8/site-packages/airflow/example_dags/example_branch_operator.py
[2021-11-24 13:10:41,661] {logging_mixin.py:109} INFO - [2021-11-24 13:10:41,661] {dag.py:2389} INFO - Sync 1 DAGs
[2021-11-24 13:10:41,685] {logging_mixin.py:109} INFO - [2021-11-24 13:10:41,685] {dag.py:2921} INFO - Setting next_dagrun for example_branch_operator to 2021-11-23 00:00:00+00:00
[2021-11-24 13:10:41,699] {processor.py:171} INFO - Processing /home/dante/DWBI/Apache/py_env/lib/python3.8/site-packages/airflow/example_dags/example_branch_operator.py took 0.116 seconds
[2021-11-24 13:11:23,194] {processor.py:163} INFO - Started process (PID=44162) to work on /home/dante/DWBI/Apache/py_env/lib/python3.8/site-packages/airflow/example_dags/example_branch_operator.py
[2021-11-24 13:11:23,203] {processor.py:620} INFO - Processing file /home/dante/DWBI/Apache/py_env/lib/python3.8/site-packages/airflow/example_dags/example_branch_operator.py for tasks to queue
[2021-11-24 13:11:23,204] {logging_mixin.py:109} INFO - [2021-11-24 13:11:23,204] {dagbag.py:500} INFO - Filling up the DagBag from /home/dante/DWBI/Apache/py_env/lib/python3.8/site-packages/airflow/example_dags/example_branch_operator.py
[2021-11-24 13:11:23,222] {processor.py:632} INFO - DAG(s) dict_keys(['example_branch_operator']) retrieved from /home/dante/DWBI/Apache/py_env/lib/python3.8/site-packages/airflow/example_dags/example_branch_operator.py
[2021-11-24 13:11:23,230] {logging_mixin.py:109} INFO - [2021-11-24 13:11:23,230] {dag.py:2389} INFO - Sync 1 DAGs
[2021-11-24 13:11:23,241] {logging_mixin.py:109} INFO - [2021-11-24 13:11:23,241] {dag.py:2921} INFO - Setting next_dagrun for example_branch_operator to 2021-11-23 00:00:00+00:00
[2021-11-24 13:11:23,256] {processor.py:171} INFO - Processing /home/dante/DWBI/Apache/py_env/lib/python3.8/site-packages/airflow/example_dags/example_branch_operator.py took 0.064 seconds
[2021-11-24 13:12:02,357] {processor.py:163} INFO - Started process (PID=44275) to work on /home/dante/DWBI/Apache/py_env/lib/python3.8/site-packages/airflow/example_dags/example_branch_operator.py
[2021-11-24 13:12:02,367] {processor.py:620} INFO - Processing file /home/dante/DWBI/Apache/py_env/lib/python3.8/site-packages/airflow/example_dags/example_branch_operator.py for tasks to queue
[2021-11-24 13:12:02,368] {logging_mixin.py:109} INFO - [2021-11-24 13:12:02,368] {dagbag.py:500} INFO - Filling up the DagBag from /home/dante/DWBI/Apache/py_env/lib/python3.8/site-packages/airflow/example_dags/example_branch_operator.py
[2021-11-24 13:12:02,387] {processor.py:632} INFO - DAG(s) dict_keys(['example_branch_operator']) retrieved from /home/dante/DWBI/Apache/py_env/lib/python3.8/site-packages/airflow/example_dags/example_branch_operator.py
[2021-11-24 13:12:02,395] {logging_mixin.py:109} INFO - [2021-11-24 13:12:02,395] {dag.py:2389} INFO - Sync 1 DAGs
[2021-11-24 13:12:02,405] {logging_mixin.py:109} INFO - [2021-11-24 13:12:02,405] {dag.py:2921} INFO - Setting next_dagrun for example_branch_operator to 2021-11-23 00:00:00+00:00
[2021-11-24 13:12:02,428] {processor.py:171} INFO - Processing /home/dante/DWBI/Apache/py_env/lib/python3.8/site-packages/airflow/example_dags/example_branch_operator.py took 0.073 seconds
[2021-11-24 13:12:41,401] {processor.py:163} INFO - Started process (PID=44335) to work on /home/dante/DWBI/Apache/py_env/lib/python3.8/site-packages/airflow/example_dags/example_branch_operator.py
[2021-11-24 13:12:41,404] {processor.py:620} INFO - Processing file /home/dante/DWBI/Apache/py_env/lib/python3.8/site-packages/airflow/example_dags/example_branch_operator.py for tasks to queue
[2021-11-24 13:12:41,404] {logging_mixin.py:109} INFO - [2021-11-24 13:12:41,404] {dagbag.py:500} INFO - Filling up the DagBag from /home/dante/DWBI/Apache/py_env/lib/python3.8/site-packages/airflow/example_dags/example_branch_operator.py
[2021-11-24 13:12:41,425] {processor.py:632} INFO - DAG(s) dict_keys(['example_branch_operator']) retrieved from /home/dante/DWBI/Apache/py_env/lib/python3.8/site-packages/airflow/example_dags/example_branch_operator.py
[2021-11-24 13:12:41,433] {logging_mixin.py:109} INFO - [2021-11-24 13:12:41,433] {dag.py:2389} INFO - Sync 1 DAGs
[2021-11-24 13:12:41,444] {logging_mixin.py:109} INFO - [2021-11-24 13:12:41,443] {dag.py:2921} INFO - Setting next_dagrun for example_branch_operator to 2021-11-23 00:00:00+00:00
[2021-11-24 13:12:41,453] {processor.py:171} INFO - Processing /home/dante/DWBI/Apache/py_env/lib/python3.8/site-packages/airflow/example_dags/example_branch_operator.py took 0.054 seconds
[2021-11-24 13:13:19,219] {processor.py:163} INFO - Started process (PID=44484) to work on /home/dante/DWBI/Apache/py_env/lib/python3.8/site-packages/airflow/example_dags/example_branch_operator.py
[2021-11-24 13:13:19,229] {processor.py:620} INFO - Processing file /home/dante/DWBI/Apache/py_env/lib/python3.8/site-packages/airflow/example_dags/example_branch_operator.py for tasks to queue
[2021-11-24 13:13:19,231] {logging_mixin.py:109} INFO - [2021-11-24 13:13:19,231] {dagbag.py:500} INFO - Filling up the DagBag from /home/dante/DWBI/Apache/py_env/lib/python3.8/site-packages/airflow/example_dags/example_branch_operator.py
[2021-11-24 13:13:19,274] {processor.py:632} INFO - DAG(s) dict_keys(['example_branch_operator']) retrieved from /home/dante/DWBI/Apache/py_env/lib/python3.8/site-packages/airflow/example_dags/example_branch_operator.py
[2021-11-24 13:13:19,295] {logging_mixin.py:109} INFO - [2021-11-24 13:13:19,294] {dag.py:2389} INFO - Sync 1 DAGs
[2021-11-24 13:13:19,324] {logging_mixin.py:109} INFO - [2021-11-24 13:13:19,324] {dag.py:2921} INFO - Setting next_dagrun for example_branch_operator to 2021-11-23 00:00:00+00:00
[2021-11-24 13:13:19,371] {processor.py:171} INFO - Processing /home/dante/DWBI/Apache/py_env/lib/python3.8/site-packages/airflow/example_dags/example_branch_operator.py took 0.158 seconds
[2021-11-24 13:13:59,435] {processor.py:163} INFO - Started process (PID=44553) to work on /home/dante/DWBI/Apache/py_env/lib/python3.8/site-packages/airflow/example_dags/example_branch_operator.py
[2021-11-24 13:13:59,444] {processor.py:620} INFO - Processing file /home/dante/DWBI/Apache/py_env/lib/python3.8/site-packages/airflow/example_dags/example_branch_operator.py for tasks to queue
[2021-11-24 13:13:59,445] {logging_mixin.py:109} INFO - [2021-11-24 13:13:59,445] {dagbag.py:500} INFO - Filling up the DagBag from /home/dante/DWBI/Apache/py_env/lib/python3.8/site-packages/airflow/example_dags/example_branch_operator.py
[2021-11-24 13:13:59,468] {processor.py:632} INFO - DAG(s) dict_keys(['example_branch_operator']) retrieved from /home/dante/DWBI/Apache/py_env/lib/python3.8/site-packages/airflow/example_dags/example_branch_operator.py
[2021-11-24 13:13:59,479] {logging_mixin.py:109} INFO - [2021-11-24 13:13:59,479] {dag.py:2389} INFO - Sync 1 DAGs
[2021-11-24 13:13:59,492] {logging_mixin.py:109} INFO - [2021-11-24 13:13:59,491] {dag.py:2921} INFO - Setting next_dagrun for example_branch_operator to 2021-11-23 00:00:00+00:00
[2021-11-24 13:13:59,515] {processor.py:171} INFO - Processing /home/dante/DWBI/Apache/py_env/lib/python3.8/site-packages/airflow/example_dags/example_branch_operator.py took 0.082 seconds
[2021-11-24 13:14:37,608] {processor.py:163} INFO - Started process (PID=44689) to work on /home/dante/DWBI/Apache/py_env/lib/python3.8/site-packages/airflow/example_dags/example_branch_operator.py
[2021-11-24 13:14:37,619] {processor.py:620} INFO - Processing file /home/dante/DWBI/Apache/py_env/lib/python3.8/site-packages/airflow/example_dags/example_branch_operator.py for tasks to queue
[2021-11-24 13:14:37,620] {logging_mixin.py:109} INFO - [2021-11-24 13:14:37,620] {dagbag.py:500} INFO - Filling up the DagBag from /home/dante/DWBI/Apache/py_env/lib/python3.8/site-packages/airflow/example_dags/example_branch_operator.py
[2021-11-24 13:14:37,655] {processor.py:632} INFO - DAG(s) dict_keys(['example_branch_operator']) retrieved from /home/dante/DWBI/Apache/py_env/lib/python3.8/site-packages/airflow/example_dags/example_branch_operator.py
[2021-11-24 13:14:37,662] {logging_mixin.py:109} INFO - [2021-11-24 13:14:37,662] {dag.py:2389} INFO - Sync 1 DAGs
[2021-11-24 13:14:37,673] {logging_mixin.py:109} INFO - [2021-11-24 13:14:37,673] {dag.py:2921} INFO - Setting next_dagrun for example_branch_operator to 2021-11-23 00:00:00+00:00
[2021-11-24 13:14:37,687] {processor.py:171} INFO - Processing /home/dante/DWBI/Apache/py_env/lib/python3.8/site-packages/airflow/example_dags/example_branch_operator.py took 0.087 seconds
[2021-11-24 13:15:16,473] {processor.py:163} INFO - Started process (PID=44781) to work on /home/dante/DWBI/Apache/py_env/lib/python3.8/site-packages/airflow/example_dags/example_branch_operator.py
[2021-11-24 13:15:16,475] {processor.py:620} INFO - Processing file /home/dante/DWBI/Apache/py_env/lib/python3.8/site-packages/airflow/example_dags/example_branch_operator.py for tasks to queue
[2021-11-24 13:15:16,475] {logging_mixin.py:109} INFO - [2021-11-24 13:15:16,475] {dagbag.py:500} INFO - Filling up the DagBag from /home/dante/DWBI/Apache/py_env/lib/python3.8/site-packages/airflow/example_dags/example_branch_operator.py
[2021-11-24 13:15:16,492] {processor.py:632} INFO - DAG(s) dict_keys(['example_branch_operator']) retrieved from /home/dante/DWBI/Apache/py_env/lib/python3.8/site-packages/airflow/example_dags/example_branch_operator.py
[2021-11-24 13:15:16,500] {logging_mixin.py:109} INFO - [2021-11-24 13:15:16,500] {dag.py:2389} INFO - Sync 1 DAGs
[2021-11-24 13:15:16,511] {logging_mixin.py:109} INFO - [2021-11-24 13:15:16,511] {dag.py:2921} INFO - Setting next_dagrun for example_branch_operator to 2021-11-23 00:00:00+00:00
[2021-11-24 13:15:16,520] {processor.py:171} INFO - Processing /home/dante/DWBI/Apache/py_env/lib/python3.8/site-packages/airflow/example_dags/example_branch_operator.py took 0.049 seconds
[2021-11-24 13:15:56,698] {processor.py:163} INFO - Started process (PID=45173) to work on /home/dante/DWBI/Apache/py_env/lib/python3.8/site-packages/airflow/example_dags/example_branch_operator.py
[2021-11-24 13:15:56,701] {processor.py:620} INFO - Processing file /home/dante/DWBI/Apache/py_env/lib/python3.8/site-packages/airflow/example_dags/example_branch_operator.py for tasks to queue
[2021-11-24 13:15:56,702] {logging_mixin.py:109} INFO - [2021-11-24 13:15:56,702] {dagbag.py:500} INFO - Filling up the DagBag from /home/dante/DWBI/Apache/py_env/lib/python3.8/site-packages/airflow/example_dags/example_branch_operator.py
[2021-11-24 13:15:56,742] {processor.py:632} INFO - DAG(s) dict_keys(['example_branch_operator']) retrieved from /home/dante/DWBI/Apache/py_env/lib/python3.8/site-packages/airflow/example_dags/example_branch_operator.py
[2021-11-24 13:15:56,760] {logging_mixin.py:109} INFO - [2021-11-24 13:15:56,760] {dag.py:2389} INFO - Sync 1 DAGs
[2021-11-24 13:15:56,782] {logging_mixin.py:109} INFO - [2021-11-24 13:15:56,782] {dag.py:2921} INFO - Setting next_dagrun for example_branch_operator to 2021-11-23 00:00:00+00:00
[2021-11-24 13:15:56,799] {processor.py:171} INFO - Processing /home/dante/DWBI/Apache/py_env/lib/python3.8/site-packages/airflow/example_dags/example_branch_operator.py took 0.106 seconds
[2021-11-24 13:16:37,156] {processor.py:163} INFO - Started process (PID=45403) to work on /home/dante/DWBI/Apache/py_env/lib/python3.8/site-packages/airflow/example_dags/example_branch_operator.py
[2021-11-24 13:16:37,157] {processor.py:620} INFO - Processing file /home/dante/DWBI/Apache/py_env/lib/python3.8/site-packages/airflow/example_dags/example_branch_operator.py for tasks to queue
[2021-11-24 13:16:37,157] {logging_mixin.py:109} INFO - [2021-11-24 13:16:37,157] {dagbag.py:500} INFO - Filling up the DagBag from /home/dante/DWBI/Apache/py_env/lib/python3.8/site-packages/airflow/example_dags/example_branch_operator.py
[2021-11-24 13:16:37,178] {processor.py:632} INFO - DAG(s) dict_keys(['example_branch_operator']) retrieved from /home/dante/DWBI/Apache/py_env/lib/python3.8/site-packages/airflow/example_dags/example_branch_operator.py
[2021-11-24 13:16:37,187] {logging_mixin.py:109} INFO - [2021-11-24 13:16:37,187] {dag.py:2389} INFO - Sync 1 DAGs
[2021-11-24 13:16:37,198] {logging_mixin.py:109} INFO - [2021-11-24 13:16:37,198] {dag.py:2921} INFO - Setting next_dagrun for example_branch_operator to 2021-11-23 00:00:00+00:00
[2021-11-24 13:16:37,215] {processor.py:171} INFO - Processing /home/dante/DWBI/Apache/py_env/lib/python3.8/site-packages/airflow/example_dags/example_branch_operator.py took 0.062 seconds
[2021-11-24 13:17:16,146] {processor.py:163} INFO - Started process (PID=45551) to work on /home/dante/DWBI/Apache/py_env/lib/python3.8/site-packages/airflow/example_dags/example_branch_operator.py
[2021-11-24 13:17:16,148] {processor.py:620} INFO - Processing file /home/dante/DWBI/Apache/py_env/lib/python3.8/site-packages/airflow/example_dags/example_branch_operator.py for tasks to queue
[2021-11-24 13:17:16,148] {logging_mixin.py:109} INFO - [2021-11-24 13:17:16,148] {dagbag.py:500} INFO - Filling up the DagBag from /home/dante/DWBI/Apache/py_env/lib/python3.8/site-packages/airflow/example_dags/example_branch_operator.py
[2021-11-24 13:17:16,166] {processor.py:632} INFO - DAG(s) dict_keys(['example_branch_operator']) retrieved from /home/dante/DWBI/Apache/py_env/lib/python3.8/site-packages/airflow/example_dags/example_branch_operator.py
[2021-11-24 13:17:16,175] {logging_mixin.py:109} INFO - [2021-11-24 13:17:16,175] {dag.py:2389} INFO - Sync 1 DAGs
[2021-11-24 13:17:16,187] {logging_mixin.py:109} INFO - [2021-11-24 13:17:16,186] {dag.py:2921} INFO - Setting next_dagrun for example_branch_operator to 2021-11-23 00:00:00+00:00
[2021-11-24 13:17:16,217] {processor.py:171} INFO - Processing /home/dante/DWBI/Apache/py_env/lib/python3.8/site-packages/airflow/example_dags/example_branch_operator.py took 0.073 seconds
[2021-11-24 13:17:53,388] {processor.py:163} INFO - Started process (PID=45597) to work on /home/dante/DWBI/Apache/py_env/lib/python3.8/site-packages/airflow/example_dags/example_branch_operator.py
[2021-11-24 13:17:53,389] {processor.py:620} INFO - Processing file /home/dante/DWBI/Apache/py_env/lib/python3.8/site-packages/airflow/example_dags/example_branch_operator.py for tasks to queue
[2021-11-24 13:17:53,390] {logging_mixin.py:109} INFO - [2021-11-24 13:17:53,390] {dagbag.py:500} INFO - Filling up the DagBag from /home/dante/DWBI/Apache/py_env/lib/python3.8/site-packages/airflow/example_dags/example_branch_operator.py
[2021-11-24 13:17:53,412] {processor.py:632} INFO - DAG(s) dict_keys(['example_branch_operator']) retrieved from /home/dante/DWBI/Apache/py_env/lib/python3.8/site-packages/airflow/example_dags/example_branch_operator.py
[2021-11-24 13:17:53,420] {logging_mixin.py:109} INFO - [2021-11-24 13:17:53,420] {dag.py:2389} INFO - Sync 1 DAGs
[2021-11-24 13:17:53,430] {logging_mixin.py:109} INFO - [2021-11-24 13:17:53,430] {dag.py:2921} INFO - Setting next_dagrun for example_branch_operator to 2021-11-23 00:00:00+00:00
[2021-11-24 13:17:53,437] {processor.py:171} INFO - Processing /home/dante/DWBI/Apache/py_env/lib/python3.8/site-packages/airflow/example_dags/example_branch_operator.py took 0.051 seconds
[2021-11-24 13:18:34,671] {processor.py:163} INFO - Started process (PID=45676) to work on /home/dante/DWBI/Apache/py_env/lib/python3.8/site-packages/airflow/example_dags/example_branch_operator.py
[2021-11-24 13:18:34,681] {processor.py:620} INFO - Processing file /home/dante/DWBI/Apache/py_env/lib/python3.8/site-packages/airflow/example_dags/example_branch_operator.py for tasks to queue
[2021-11-24 13:18:34,681] {logging_mixin.py:109} INFO - [2021-11-24 13:18:34,681] {dagbag.py:500} INFO - Filling up the DagBag from /home/dante/DWBI/Apache/py_env/lib/python3.8/site-packages/airflow/example_dags/example_branch_operator.py
[2021-11-24 13:18:34,699] {processor.py:632} INFO - DAG(s) dict_keys(['example_branch_operator']) retrieved from /home/dante/DWBI/Apache/py_env/lib/python3.8/site-packages/airflow/example_dags/example_branch_operator.py
[2021-11-24 13:18:34,706] {logging_mixin.py:109} INFO - [2021-11-24 13:18:34,706] {dag.py:2389} INFO - Sync 1 DAGs
[2021-11-24 13:18:34,717] {logging_mixin.py:109} INFO - [2021-11-24 13:18:34,717] {dag.py:2921} INFO - Setting next_dagrun for example_branch_operator to 2021-11-23 00:00:00+00:00
[2021-11-24 13:18:34,724] {processor.py:171} INFO - Processing /home/dante/DWBI/Apache/py_env/lib/python3.8/site-packages/airflow/example_dags/example_branch_operator.py took 0.055 seconds
[2021-11-24 13:19:12,182] {processor.py:163} INFO - Started process (PID=45729) to work on /home/dante/DWBI/Apache/py_env/lib/python3.8/site-packages/airflow/example_dags/example_branch_operator.py
[2021-11-24 13:19:12,192] {processor.py:620} INFO - Processing file /home/dante/DWBI/Apache/py_env/lib/python3.8/site-packages/airflow/example_dags/example_branch_operator.py for tasks to queue
[2021-11-24 13:19:12,194] {logging_mixin.py:109} INFO - [2021-11-24 13:19:12,194] {dagbag.py:500} INFO - Filling up the DagBag from /home/dante/DWBI/Apache/py_env/lib/python3.8/site-packages/airflow/example_dags/example_branch_operator.py
[2021-11-24 13:19:12,230] {processor.py:632} INFO - DAG(s) dict_keys(['example_branch_operator']) retrieved from /home/dante/DWBI/Apache/py_env/lib/python3.8/site-packages/airflow/example_dags/example_branch_operator.py
[2021-11-24 13:19:12,238] {logging_mixin.py:109} INFO - [2021-11-24 13:19:12,238] {dag.py:2389} INFO - Sync 1 DAGs
[2021-11-24 13:19:12,248] {logging_mixin.py:109} INFO - [2021-11-24 13:19:12,248] {dag.py:2921} INFO - Setting next_dagrun for example_branch_operator to 2021-11-23 00:00:00+00:00
[2021-11-24 13:19:12,258] {processor.py:171} INFO - Processing /home/dante/DWBI/Apache/py_env/lib/python3.8/site-packages/airflow/example_dags/example_branch_operator.py took 0.078 seconds
[2021-11-24 13:19:53,321] {processor.py:163} INFO - Started process (PID=45783) to work on /home/dante/DWBI/Apache/py_env/lib/python3.8/site-packages/airflow/example_dags/example_branch_operator.py
[2021-11-24 13:19:53,330] {processor.py:620} INFO - Processing file /home/dante/DWBI/Apache/py_env/lib/python3.8/site-packages/airflow/example_dags/example_branch_operator.py for tasks to queue
[2021-11-24 13:19:53,331] {logging_mixin.py:109} INFO - [2021-11-24 13:19:53,331] {dagbag.py:500} INFO - Filling up the DagBag from /home/dante/DWBI/Apache/py_env/lib/python3.8/site-packages/airflow/example_dags/example_branch_operator.py
[2021-11-24 13:19:53,356] {processor.py:632} INFO - DAG(s) dict_keys(['example_branch_operator']) retrieved from /home/dante/DWBI/Apache/py_env/lib/python3.8/site-packages/airflow/example_dags/example_branch_operator.py
[2021-11-24 13:19:53,364] {logging_mixin.py:109} INFO - [2021-11-24 13:19:53,364] {dag.py:2389} INFO - Sync 1 DAGs
[2021-11-24 13:19:53,375] {logging_mixin.py:109} INFO - [2021-11-24 13:19:53,375] {dag.py:2921} INFO - Setting next_dagrun for example_branch_operator to 2021-11-23 00:00:00+00:00
[2021-11-24 13:19:53,390] {processor.py:171} INFO - Processing /home/dante/DWBI/Apache/py_env/lib/python3.8/site-packages/airflow/example_dags/example_branch_operator.py took 0.072 seconds
[2021-11-24 13:20:29,873] {processor.py:163} INFO - Started process (PID=45832) to work on /home/dante/DWBI/Apache/py_env/lib/python3.8/site-packages/airflow/example_dags/example_branch_operator.py
[2021-11-24 13:20:29,876] {processor.py:620} INFO - Processing file /home/dante/DWBI/Apache/py_env/lib/python3.8/site-packages/airflow/example_dags/example_branch_operator.py for tasks to queue
[2021-11-24 13:20:29,876] {logging_mixin.py:109} INFO - [2021-11-24 13:20:29,876] {dagbag.py:500} INFO - Filling up the DagBag from /home/dante/DWBI/Apache/py_env/lib/python3.8/site-packages/airflow/example_dags/example_branch_operator.py
[2021-11-24 13:20:29,897] {processor.py:632} INFO - DAG(s) dict_keys(['example_branch_operator']) retrieved from /home/dante/DWBI/Apache/py_env/lib/python3.8/site-packages/airflow/example_dags/example_branch_operator.py
[2021-11-24 13:20:29,907] {logging_mixin.py:109} INFO - [2021-11-24 13:20:29,907] {dag.py:2389} INFO - Sync 1 DAGs
[2021-11-24 13:20:29,919] {logging_mixin.py:109} INFO - [2021-11-24 13:20:29,919] {dag.py:2921} INFO - Setting next_dagrun for example_branch_operator to 2021-11-23 00:00:00+00:00
[2021-11-24 13:20:29,929] {processor.py:171} INFO - Processing /home/dante/DWBI/Apache/py_env/lib/python3.8/site-packages/airflow/example_dags/example_branch_operator.py took 0.058 seconds
[2021-11-24 13:21:06,187] {processor.py:163} INFO - Started process (PID=45888) to work on /home/dante/DWBI/Apache/py_env/lib/python3.8/site-packages/airflow/example_dags/example_branch_operator.py
[2021-11-24 13:21:06,189] {processor.py:620} INFO - Processing file /home/dante/DWBI/Apache/py_env/lib/python3.8/site-packages/airflow/example_dags/example_branch_operator.py for tasks to queue
[2021-11-24 13:21:06,190] {logging_mixin.py:109} INFO - [2021-11-24 13:21:06,190] {dagbag.py:500} INFO - Filling up the DagBag from /home/dante/DWBI/Apache/py_env/lib/python3.8/site-packages/airflow/example_dags/example_branch_operator.py
[2021-11-24 13:21:06,215] {processor.py:632} INFO - DAG(s) dict_keys(['example_branch_operator']) retrieved from /home/dante/DWBI/Apache/py_env/lib/python3.8/site-packages/airflow/example_dags/example_branch_operator.py
[2021-11-24 13:21:06,224] {logging_mixin.py:109} INFO - [2021-11-24 13:21:06,224] {dag.py:2389} INFO - Sync 1 DAGs
[2021-11-24 13:21:06,237] {logging_mixin.py:109} INFO - [2021-11-24 13:21:06,237] {dag.py:2921} INFO - Setting next_dagrun for example_branch_operator to 2021-11-23 00:00:00+00:00
[2021-11-24 13:21:06,246] {processor.py:171} INFO - Processing /home/dante/DWBI/Apache/py_env/lib/python3.8/site-packages/airflow/example_dags/example_branch_operator.py took 0.061 seconds
[2021-11-24 13:21:47,428] {processor.py:163} INFO - Started process (PID=45992) to work on /home/dante/DWBI/Apache/py_env/lib/python3.8/site-packages/airflow/example_dags/example_branch_operator.py
[2021-11-24 13:21:47,437] {processor.py:620} INFO - Processing file /home/dante/DWBI/Apache/py_env/lib/python3.8/site-packages/airflow/example_dags/example_branch_operator.py for tasks to queue
[2021-11-24 13:21:47,438] {logging_mixin.py:109} INFO - [2021-11-24 13:21:47,438] {dagbag.py:500} INFO - Filling up the DagBag from /home/dante/DWBI/Apache/py_env/lib/python3.8/site-packages/airflow/example_dags/example_branch_operator.py
[2021-11-24 13:21:47,456] {processor.py:632} INFO - DAG(s) dict_keys(['example_branch_operator']) retrieved from /home/dante/DWBI/Apache/py_env/lib/python3.8/site-packages/airflow/example_dags/example_branch_operator.py
[2021-11-24 13:21:47,463] {logging_mixin.py:109} INFO - [2021-11-24 13:21:47,463] {dag.py:2389} INFO - Sync 1 DAGs
[2021-11-24 13:21:47,473] {logging_mixin.py:109} INFO - [2021-11-24 13:21:47,473] {dag.py:2921} INFO - Setting next_dagrun for example_branch_operator to 2021-11-23 00:00:00+00:00
[2021-11-24 13:21:47,495] {processor.py:171} INFO - Processing /home/dante/DWBI/Apache/py_env/lib/python3.8/site-packages/airflow/example_dags/example_branch_operator.py took 0.069 seconds
[2021-11-24 13:22:25,527] {processor.py:163} INFO - Started process (PID=46061) to work on /home/dante/DWBI/Apache/py_env/lib/python3.8/site-packages/airflow/example_dags/example_branch_operator.py
[2021-11-24 13:22:25,531] {processor.py:620} INFO - Processing file /home/dante/DWBI/Apache/py_env/lib/python3.8/site-packages/airflow/example_dags/example_branch_operator.py for tasks to queue
[2021-11-24 13:22:25,532] {logging_mixin.py:109} INFO - [2021-11-24 13:22:25,532] {dagbag.py:500} INFO - Filling up the DagBag from /home/dante/DWBI/Apache/py_env/lib/python3.8/site-packages/airflow/example_dags/example_branch_operator.py
[2021-11-24 13:22:25,563] {processor.py:632} INFO - DAG(s) dict_keys(['example_branch_operator']) retrieved from /home/dante/DWBI/Apache/py_env/lib/python3.8/site-packages/airflow/example_dags/example_branch_operator.py
[2021-11-24 13:22:25,571] {logging_mixin.py:109} INFO - [2021-11-24 13:22:25,571] {dag.py:2389} INFO - Sync 1 DAGs
[2021-11-24 13:22:25,582] {logging_mixin.py:109} INFO - [2021-11-24 13:22:25,581] {dag.py:2921} INFO - Setting next_dagrun for example_branch_operator to 2021-11-23 00:00:00+00:00
[2021-11-24 13:22:25,589] {processor.py:171} INFO - Processing /home/dante/DWBI/Apache/py_env/lib/python3.8/site-packages/airflow/example_dags/example_branch_operator.py took 0.068 seconds
[2021-11-24 13:23:08,442] {processor.py:163} INFO - Started process (PID=46444) to work on /home/dante/DWBI/Apache/py_env/lib/python3.8/site-packages/airflow/example_dags/example_branch_operator.py
[2021-11-24 13:23:08,451] {processor.py:620} INFO - Processing file /home/dante/DWBI/Apache/py_env/lib/python3.8/site-packages/airflow/example_dags/example_branch_operator.py for tasks to queue
[2021-11-24 13:23:08,451] {logging_mixin.py:109} INFO - [2021-11-24 13:23:08,451] {dagbag.py:500} INFO - Filling up the DagBag from /home/dante/DWBI/Apache/py_env/lib/python3.8/site-packages/airflow/example_dags/example_branch_operator.py
[2021-11-24 13:23:08,476] {processor.py:632} INFO - DAG(s) dict_keys(['example_branch_operator']) retrieved from /home/dante/DWBI/Apache/py_env/lib/python3.8/site-packages/airflow/example_dags/example_branch_operator.py
[2021-11-24 13:23:08,485] {logging_mixin.py:109} INFO - [2021-11-24 13:23:08,485] {dag.py:2389} INFO - Sync 1 DAGs
[2021-11-24 13:23:08,495] {logging_mixin.py:109} INFO - [2021-11-24 13:23:08,495] {dag.py:2921} INFO - Setting next_dagrun for example_branch_operator to 2021-11-23 00:00:00+00:00
[2021-11-24 13:23:08,503] {processor.py:171} INFO - Processing /home/dante/DWBI/Apache/py_env/lib/python3.8/site-packages/airflow/example_dags/example_branch_operator.py took 0.064 seconds
[2021-11-24 13:23:47,399] {processor.py:163} INFO - Started process (PID=46510) to work on /home/dante/DWBI/Apache/py_env/lib/python3.8/site-packages/airflow/example_dags/example_branch_operator.py
[2021-11-24 13:23:47,404] {processor.py:620} INFO - Processing file /home/dante/DWBI/Apache/py_env/lib/python3.8/site-packages/airflow/example_dags/example_branch_operator.py for tasks to queue
[2021-11-24 13:23:47,405] {logging_mixin.py:109} INFO - [2021-11-24 13:23:47,405] {dagbag.py:500} INFO - Filling up the DagBag from /home/dante/DWBI/Apache/py_env/lib/python3.8/site-packages/airflow/example_dags/example_branch_operator.py
[2021-11-24 13:23:47,431] {processor.py:632} INFO - DAG(s) dict_keys(['example_branch_operator']) retrieved from /home/dante/DWBI/Apache/py_env/lib/python3.8/site-packages/airflow/example_dags/example_branch_operator.py
[2021-11-24 13:23:47,439] {logging_mixin.py:109} INFO - [2021-11-24 13:23:47,439] {dag.py:2389} INFO - Sync 1 DAGs
[2021-11-24 13:23:47,449] {logging_mixin.py:109} INFO - [2021-11-24 13:23:47,449] {dag.py:2921} INFO - Setting next_dagrun for example_branch_operator to 2021-11-23 00:00:00+00:00
[2021-11-24 13:23:47,456] {processor.py:171} INFO - Processing /home/dante/DWBI/Apache/py_env/lib/python3.8/site-packages/airflow/example_dags/example_branch_operator.py took 0.065 seconds
[2021-11-24 13:24:23,555] {processor.py:163} INFO - Started process (PID=46576) to work on /home/dante/DWBI/Apache/py_env/lib/python3.8/site-packages/airflow/example_dags/example_branch_operator.py
[2021-11-24 13:24:23,558] {processor.py:620} INFO - Processing file /home/dante/DWBI/Apache/py_env/lib/python3.8/site-packages/airflow/example_dags/example_branch_operator.py for tasks to queue
[2021-11-24 13:24:23,558] {logging_mixin.py:109} INFO - [2021-11-24 13:24:23,558] {dagbag.py:500} INFO - Filling up the DagBag from /home/dante/DWBI/Apache/py_env/lib/python3.8/site-packages/airflow/example_dags/example_branch_operator.py
[2021-11-24 13:24:23,585] {processor.py:632} INFO - DAG(s) dict_keys(['example_branch_operator']) retrieved from /home/dante/DWBI/Apache/py_env/lib/python3.8/site-packages/airflow/example_dags/example_branch_operator.py
[2021-11-24 13:24:23,597] {logging_mixin.py:109} INFO - [2021-11-24 13:24:23,596] {dag.py:2389} INFO - Sync 1 DAGs
[2021-11-24 13:24:23,615] {logging_mixin.py:109} INFO - [2021-11-24 13:24:23,615] {dag.py:2921} INFO - Setting next_dagrun for example_branch_operator to 2021-11-23 00:00:00+00:00
[2021-11-24 13:24:23,629] {processor.py:171} INFO - Processing /home/dante/DWBI/Apache/py_env/lib/python3.8/site-packages/airflow/example_dags/example_branch_operator.py took 0.078 seconds
[2021-11-24 13:25:05,435] {processor.py:163} INFO - Started process (PID=46769) to work on /home/dante/DWBI/Apache/py_env/lib/python3.8/site-packages/airflow/example_dags/example_branch_operator.py
[2021-11-24 13:25:05,446] {processor.py:620} INFO - Processing file /home/dante/DWBI/Apache/py_env/lib/python3.8/site-packages/airflow/example_dags/example_branch_operator.py for tasks to queue
[2021-11-24 13:25:05,446] {logging_mixin.py:109} INFO - [2021-11-24 13:25:05,446] {dagbag.py:500} INFO - Filling up the DagBag from /home/dante/DWBI/Apache/py_env/lib/python3.8/site-packages/airflow/example_dags/example_branch_operator.py
[2021-11-24 13:25:05,463] {processor.py:632} INFO - DAG(s) dict_keys(['example_branch_operator']) retrieved from /home/dante/DWBI/Apache/py_env/lib/python3.8/site-packages/airflow/example_dags/example_branch_operator.py
[2021-11-24 13:25:05,472] {logging_mixin.py:109} INFO - [2021-11-24 13:25:05,472] {dag.py:2389} INFO - Sync 1 DAGs
[2021-11-24 13:25:05,482] {logging_mixin.py:109} INFO - [2021-11-24 13:25:05,481] {dag.py:2921} INFO - Setting next_dagrun for example_branch_operator to 2021-11-23 00:00:00+00:00
[2021-11-24 13:25:05,494] {processor.py:171} INFO - Processing /home/dante/DWBI/Apache/py_env/lib/python3.8/site-packages/airflow/example_dags/example_branch_operator.py took 0.060 seconds
[2021-11-24 13:25:42,118] {processor.py:163} INFO - Started process (PID=46838) to work on /home/dante/DWBI/Apache/py_env/lib/python3.8/site-packages/airflow/example_dags/example_branch_operator.py
[2021-11-24 13:25:42,121] {processor.py:620} INFO - Processing file /home/dante/DWBI/Apache/py_env/lib/python3.8/site-packages/airflow/example_dags/example_branch_operator.py for tasks to queue
[2021-11-24 13:25:42,123] {logging_mixin.py:109} INFO - [2021-11-24 13:25:42,123] {dagbag.py:500} INFO - Filling up the DagBag from /home/dante/DWBI/Apache/py_env/lib/python3.8/site-packages/airflow/example_dags/example_branch_operator.py
[2021-11-24 13:25:42,153] {processor.py:632} INFO - DAG(s) dict_keys(['example_branch_operator']) retrieved from /home/dante/DWBI/Apache/py_env/lib/python3.8/site-packages/airflow/example_dags/example_branch_operator.py
[2021-11-24 13:25:42,161] {logging_mixin.py:109} INFO - [2021-11-24 13:25:42,160] {dag.py:2389} INFO - Sync 1 DAGs
[2021-11-24 13:25:42,171] {logging_mixin.py:109} INFO - [2021-11-24 13:25:42,171] {dag.py:2921} INFO - Setting next_dagrun for example_branch_operator to 2021-11-23 00:00:00+00:00
[2021-11-24 13:25:42,179] {processor.py:171} INFO - Processing /home/dante/DWBI/Apache/py_env/lib/python3.8/site-packages/airflow/example_dags/example_branch_operator.py took 0.069 seconds
[2021-11-24 13:26:17,649] {processor.py:163} INFO - Started process (PID=46911) to work on /home/dante/DWBI/Apache/py_env/lib/python3.8/site-packages/airflow/example_dags/example_branch_operator.py
[2021-11-24 13:26:17,651] {processor.py:620} INFO - Processing file /home/dante/DWBI/Apache/py_env/lib/python3.8/site-packages/airflow/example_dags/example_branch_operator.py for tasks to queue
[2021-11-24 13:26:17,652] {logging_mixin.py:109} INFO - [2021-11-24 13:26:17,652] {dagbag.py:500} INFO - Filling up the DagBag from /home/dante/DWBI/Apache/py_env/lib/python3.8/site-packages/airflow/example_dags/example_branch_operator.py
[2021-11-24 13:26:17,673] {processor.py:632} INFO - DAG(s) dict_keys(['example_branch_operator']) retrieved from /home/dante/DWBI/Apache/py_env/lib/python3.8/site-packages/airflow/example_dags/example_branch_operator.py
[2021-11-24 13:26:17,682] {logging_mixin.py:109} INFO - [2021-11-24 13:26:17,682] {dag.py:2389} INFO - Sync 1 DAGs
[2021-11-24 13:26:17,692] {logging_mixin.py:109} INFO - [2021-11-24 13:26:17,691] {dag.py:2921} INFO - Setting next_dagrun for example_branch_operator to 2021-11-23 00:00:00+00:00
[2021-11-24 13:26:17,699] {processor.py:171} INFO - Processing /home/dante/DWBI/Apache/py_env/lib/python3.8/site-packages/airflow/example_dags/example_branch_operator.py took 0.052 seconds
[2021-11-24 13:26:55,869] {processor.py:163} INFO - Started process (PID=47047) to work on /home/dante/DWBI/Apache/py_env/lib/python3.8/site-packages/airflow/example_dags/example_branch_operator.py
[2021-11-24 13:26:55,871] {processor.py:620} INFO - Processing file /home/dante/DWBI/Apache/py_env/lib/python3.8/site-packages/airflow/example_dags/example_branch_operator.py for tasks to queue
[2021-11-24 13:26:55,872] {logging_mixin.py:109} INFO - [2021-11-24 13:26:55,872] {dagbag.py:500} INFO - Filling up the DagBag from /home/dante/DWBI/Apache/py_env/lib/python3.8/site-packages/airflow/example_dags/example_branch_operator.py
[2021-11-24 13:26:55,888] {processor.py:632} INFO - DAG(s) dict_keys(['example_branch_operator']) retrieved from /home/dante/DWBI/Apache/py_env/lib/python3.8/site-packages/airflow/example_dags/example_branch_operator.py
[2021-11-24 13:26:55,895] {logging_mixin.py:109} INFO - [2021-11-24 13:26:55,895] {dag.py:2389} INFO - Sync 1 DAGs
[2021-11-24 13:26:55,905] {logging_mixin.py:109} INFO - [2021-11-24 13:26:55,905] {dag.py:2921} INFO - Setting next_dagrun for example_branch_operator to 2021-11-23 00:00:00+00:00
[2021-11-24 13:26:55,913] {processor.py:171} INFO - Processing /home/dante/DWBI/Apache/py_env/lib/python3.8/site-packages/airflow/example_dags/example_branch_operator.py took 0.045 seconds
[2021-11-24 13:27:35,618] {processor.py:163} INFO - Started process (PID=47104) to work on /home/dante/DWBI/Apache/py_env/lib/python3.8/site-packages/airflow/example_dags/example_branch_operator.py
[2021-11-24 13:27:35,629] {processor.py:620} INFO - Processing file /home/dante/DWBI/Apache/py_env/lib/python3.8/site-packages/airflow/example_dags/example_branch_operator.py for tasks to queue
[2021-11-24 13:27:35,631] {logging_mixin.py:109} INFO - [2021-11-24 13:27:35,630] {dagbag.py:500} INFO - Filling up the DagBag from /home/dante/DWBI/Apache/py_env/lib/python3.8/site-packages/airflow/example_dags/example_branch_operator.py
[2021-11-24 13:27:35,652] {processor.py:632} INFO - DAG(s) dict_keys(['example_branch_operator']) retrieved from /home/dante/DWBI/Apache/py_env/lib/python3.8/site-packages/airflow/example_dags/example_branch_operator.py
[2021-11-24 13:27:35,660] {logging_mixin.py:109} INFO - [2021-11-24 13:27:35,660] {dag.py:2389} INFO - Sync 1 DAGs
[2021-11-24 13:27:35,670] {logging_mixin.py:109} INFO - [2021-11-24 13:27:35,670] {dag.py:2921} INFO - Setting next_dagrun for example_branch_operator to 2021-11-23 00:00:00+00:00
[2021-11-24 13:27:35,677] {processor.py:171} INFO - Processing /home/dante/DWBI/Apache/py_env/lib/python3.8/site-packages/airflow/example_dags/example_branch_operator.py took 0.061 seconds
[2021-11-24 13:28:14,098] {processor.py:163} INFO - Started process (PID=47273) to work on /home/dante/DWBI/Apache/py_env/lib/python3.8/site-packages/airflow/example_dags/example_branch_operator.py
[2021-11-24 13:28:14,100] {processor.py:620} INFO - Processing file /home/dante/DWBI/Apache/py_env/lib/python3.8/site-packages/airflow/example_dags/example_branch_operator.py for tasks to queue
[2021-11-24 13:28:14,100] {logging_mixin.py:109} INFO - [2021-11-24 13:28:14,100] {dagbag.py:500} INFO - Filling up the DagBag from /home/dante/DWBI/Apache/py_env/lib/python3.8/site-packages/airflow/example_dags/example_branch_operator.py
[2021-11-24 13:28:14,121] {processor.py:632} INFO - DAG(s) dict_keys(['example_branch_operator']) retrieved from /home/dante/DWBI/Apache/py_env/lib/python3.8/site-packages/airflow/example_dags/example_branch_operator.py
[2021-11-24 13:28:14,131] {logging_mixin.py:109} INFO - [2021-11-24 13:28:14,130] {dag.py:2389} INFO - Sync 1 DAGs
[2021-11-24 13:28:14,144] {logging_mixin.py:109} INFO - [2021-11-24 13:28:14,144] {dag.py:2921} INFO - Setting next_dagrun for example_branch_operator to 2021-11-23 00:00:00+00:00
[2021-11-24 13:28:14,151] {processor.py:171} INFO - Processing /home/dante/DWBI/Apache/py_env/lib/python3.8/site-packages/airflow/example_dags/example_branch_operator.py took 0.056 seconds
[2021-11-24 13:28:52,322] {processor.py:163} INFO - Started process (PID=47369) to work on /home/dante/DWBI/Apache/py_env/lib/python3.8/site-packages/airflow/example_dags/example_branch_operator.py
[2021-11-24 13:28:52,324] {processor.py:620} INFO - Processing file /home/dante/DWBI/Apache/py_env/lib/python3.8/site-packages/airflow/example_dags/example_branch_operator.py for tasks to queue
[2021-11-24 13:28:52,325] {logging_mixin.py:109} INFO - [2021-11-24 13:28:52,325] {dagbag.py:500} INFO - Filling up the DagBag from /home/dante/DWBI/Apache/py_env/lib/python3.8/site-packages/airflow/example_dags/example_branch_operator.py
[2021-11-24 13:28:52,348] {processor.py:632} INFO - DAG(s) dict_keys(['example_branch_operator']) retrieved from /home/dante/DWBI/Apache/py_env/lib/python3.8/site-packages/airflow/example_dags/example_branch_operator.py
[2021-11-24 13:28:52,357] {logging_mixin.py:109} INFO - [2021-11-24 13:28:52,357] {dag.py:2389} INFO - Sync 1 DAGs
[2021-11-24 13:28:52,368] {logging_mixin.py:109} INFO - [2021-11-24 13:28:52,368] {dag.py:2921} INFO - Setting next_dagrun for example_branch_operator to 2021-11-23 00:00:00+00:00
[2021-11-24 13:28:52,375] {processor.py:171} INFO - Processing /home/dante/DWBI/Apache/py_env/lib/python3.8/site-packages/airflow/example_dags/example_branch_operator.py took 0.056 seconds
[2021-11-24 13:29:28,125] {processor.py:163} INFO - Started process (PID=47431) to work on /home/dante/DWBI/Apache/py_env/lib/python3.8/site-packages/airflow/example_dags/example_branch_operator.py
[2021-11-24 13:29:28,127] {processor.py:620} INFO - Processing file /home/dante/DWBI/Apache/py_env/lib/python3.8/site-packages/airflow/example_dags/example_branch_operator.py for tasks to queue
[2021-11-24 13:29:28,127] {logging_mixin.py:109} INFO - [2021-11-24 13:29:28,127] {dagbag.py:500} INFO - Filling up the DagBag from /home/dante/DWBI/Apache/py_env/lib/python3.8/site-packages/airflow/example_dags/example_branch_operator.py
[2021-11-24 13:29:28,149] {processor.py:632} INFO - DAG(s) dict_keys(['example_branch_operator']) retrieved from /home/dante/DWBI/Apache/py_env/lib/python3.8/site-packages/airflow/example_dags/example_branch_operator.py
[2021-11-24 13:29:28,159] {logging_mixin.py:109} INFO - [2021-11-24 13:29:28,159] {dag.py:2389} INFO - Sync 1 DAGs
[2021-11-24 13:29:28,171] {logging_mixin.py:109} INFO - [2021-11-24 13:29:28,171] {dag.py:2921} INFO - Setting next_dagrun for example_branch_operator to 2021-11-23 00:00:00+00:00
[2021-11-24 13:29:28,179] {processor.py:171} INFO - Processing /home/dante/DWBI/Apache/py_env/lib/python3.8/site-packages/airflow/example_dags/example_branch_operator.py took 0.056 seconds
[2021-11-24 13:30:04,622] {processor.py:163} INFO - Started process (PID=47494) to work on /home/dante/DWBI/Apache/py_env/lib/python3.8/site-packages/airflow/example_dags/example_branch_operator.py
[2021-11-24 13:30:04,624] {processor.py:620} INFO - Processing file /home/dante/DWBI/Apache/py_env/lib/python3.8/site-packages/airflow/example_dags/example_branch_operator.py for tasks to queue
[2021-11-24 13:30:04,625] {logging_mixin.py:109} INFO - [2021-11-24 13:30:04,625] {dagbag.py:500} INFO - Filling up the DagBag from /home/dante/DWBI/Apache/py_env/lib/python3.8/site-packages/airflow/example_dags/example_branch_operator.py
[2021-11-24 13:30:04,644] {processor.py:632} INFO - DAG(s) dict_keys(['example_branch_operator']) retrieved from /home/dante/DWBI/Apache/py_env/lib/python3.8/site-packages/airflow/example_dags/example_branch_operator.py
[2021-11-24 13:30:04,654] {logging_mixin.py:109} INFO - [2021-11-24 13:30:04,654] {dag.py:2389} INFO - Sync 1 DAGs
[2021-11-24 13:30:04,665] {logging_mixin.py:109} INFO - [2021-11-24 13:30:04,665] {dag.py:2921} INFO - Setting next_dagrun for example_branch_operator to 2021-11-23 00:00:00+00:00
[2021-11-24 13:30:04,674] {processor.py:171} INFO - Processing /home/dante/DWBI/Apache/py_env/lib/python3.8/site-packages/airflow/example_dags/example_branch_operator.py took 0.054 seconds
[2021-11-24 13:30:41,305] {processor.py:163} INFO - Started process (PID=47570) to work on /home/dante/DWBI/Apache/py_env/lib/python3.8/site-packages/airflow/example_dags/example_branch_operator.py
[2021-11-24 13:30:41,308] {processor.py:620} INFO - Processing file /home/dante/DWBI/Apache/py_env/lib/python3.8/site-packages/airflow/example_dags/example_branch_operator.py for tasks to queue
[2021-11-24 13:30:41,308] {logging_mixin.py:109} INFO - [2021-11-24 13:30:41,308] {dagbag.py:500} INFO - Filling up the DagBag from /home/dante/DWBI/Apache/py_env/lib/python3.8/site-packages/airflow/example_dags/example_branch_operator.py
[2021-11-24 13:30:41,329] {processor.py:632} INFO - DAG(s) dict_keys(['example_branch_operator']) retrieved from /home/dante/DWBI/Apache/py_env/lib/python3.8/site-packages/airflow/example_dags/example_branch_operator.py
[2021-11-24 13:30:41,337] {logging_mixin.py:109} INFO - [2021-11-24 13:30:41,337] {dag.py:2389} INFO - Sync 1 DAGs
[2021-11-24 13:30:41,349] {logging_mixin.py:109} INFO - [2021-11-24 13:30:41,349] {dag.py:2921} INFO - Setting next_dagrun for example_branch_operator to 2021-11-23 00:00:00+00:00
[2021-11-24 13:30:41,357] {processor.py:171} INFO - Processing /home/dante/DWBI/Apache/py_env/lib/python3.8/site-packages/airflow/example_dags/example_branch_operator.py took 0.056 seconds
[2021-11-24 13:31:16,859] {processor.py:163} INFO - Started process (PID=47624) to work on /home/dante/DWBI/Apache/py_env/lib/python3.8/site-packages/airflow/example_dags/example_branch_operator.py
[2021-11-24 13:31:16,861] {processor.py:620} INFO - Processing file /home/dante/DWBI/Apache/py_env/lib/python3.8/site-packages/airflow/example_dags/example_branch_operator.py for tasks to queue
[2021-11-24 13:31:16,862] {logging_mixin.py:109} INFO - [2021-11-24 13:31:16,862] {dagbag.py:500} INFO - Filling up the DagBag from /home/dante/DWBI/Apache/py_env/lib/python3.8/site-packages/airflow/example_dags/example_branch_operator.py
[2021-11-24 13:31:16,881] {processor.py:632} INFO - DAG(s) dict_keys(['example_branch_operator']) retrieved from /home/dante/DWBI/Apache/py_env/lib/python3.8/site-packages/airflow/example_dags/example_branch_operator.py
[2021-11-24 13:31:16,889] {logging_mixin.py:109} INFO - [2021-11-24 13:31:16,889] {dag.py:2389} INFO - Sync 1 DAGs
[2021-11-24 13:31:16,900] {logging_mixin.py:109} INFO - [2021-11-24 13:31:16,900] {dag.py:2921} INFO - Setting next_dagrun for example_branch_operator to 2021-11-23 00:00:00+00:00
[2021-11-24 13:31:16,907] {processor.py:171} INFO - Processing /home/dante/DWBI/Apache/py_env/lib/python3.8/site-packages/airflow/example_dags/example_branch_operator.py took 0.051 seconds
[2021-11-24 13:31:58,334] {processor.py:163} INFO - Started process (PID=47765) to work on /home/dante/DWBI/Apache/py_env/lib/python3.8/site-packages/airflow/example_dags/example_branch_operator.py
[2021-11-24 13:31:58,344] {processor.py:620} INFO - Processing file /home/dante/DWBI/Apache/py_env/lib/python3.8/site-packages/airflow/example_dags/example_branch_operator.py for tasks to queue
[2021-11-24 13:31:58,344] {logging_mixin.py:109} INFO - [2021-11-24 13:31:58,344] {dagbag.py:500} INFO - Filling up the DagBag from /home/dante/DWBI/Apache/py_env/lib/python3.8/site-packages/airflow/example_dags/example_branch_operator.py
[2021-11-24 13:31:58,362] {processor.py:632} INFO - DAG(s) dict_keys(['example_branch_operator']) retrieved from /home/dante/DWBI/Apache/py_env/lib/python3.8/site-packages/airflow/example_dags/example_branch_operator.py
[2021-11-24 13:31:58,370] {logging_mixin.py:109} INFO - [2021-11-24 13:31:58,370] {dag.py:2389} INFO - Sync 1 DAGs
[2021-11-24 13:31:58,380] {logging_mixin.py:109} INFO - [2021-11-24 13:31:58,380] {dag.py:2921} INFO - Setting next_dagrun for example_branch_operator to 2021-11-23 00:00:00+00:00
[2021-11-24 13:31:58,387] {processor.py:171} INFO - Processing /home/dante/DWBI/Apache/py_env/lib/python3.8/site-packages/airflow/example_dags/example_branch_operator.py took 0.055 seconds
[2021-11-24 13:32:35,074] {processor.py:163} INFO - Started process (PID=48277) to work on /home/dante/DWBI/Apache/py_env/lib/python3.8/site-packages/airflow/example_dags/example_branch_operator.py
[2021-11-24 13:32:35,083] {processor.py:620} INFO - Processing file /home/dante/DWBI/Apache/py_env/lib/python3.8/site-packages/airflow/example_dags/example_branch_operator.py for tasks to queue
[2021-11-24 13:32:35,083] {logging_mixin.py:109} INFO - [2021-11-24 13:32:35,083] {dagbag.py:500} INFO - Filling up the DagBag from /home/dante/DWBI/Apache/py_env/lib/python3.8/site-packages/airflow/example_dags/example_branch_operator.py
[2021-11-24 13:32:35,107] {processor.py:632} INFO - DAG(s) dict_keys(['example_branch_operator']) retrieved from /home/dante/DWBI/Apache/py_env/lib/python3.8/site-packages/airflow/example_dags/example_branch_operator.py
[2021-11-24 13:32:35,116] {logging_mixin.py:109} INFO - [2021-11-24 13:32:35,116] {dag.py:2389} INFO - Sync 1 DAGs
[2021-11-24 13:32:35,125] {logging_mixin.py:109} INFO - [2021-11-24 13:32:35,125] {dag.py:2921} INFO - Setting next_dagrun for example_branch_operator to 2021-11-23 00:00:00+00:00
[2021-11-24 13:32:35,152] {processor.py:171} INFO - Processing /home/dante/DWBI/Apache/py_env/lib/python3.8/site-packages/airflow/example_dags/example_branch_operator.py took 0.080 seconds
[2021-11-24 13:33:11,471] {processor.py:163} INFO - Started process (PID=48495) to work on /home/dante/DWBI/Apache/py_env/lib/python3.8/site-packages/airflow/example_dags/example_branch_operator.py
[2021-11-24 13:33:11,474] {processor.py:620} INFO - Processing file /home/dante/DWBI/Apache/py_env/lib/python3.8/site-packages/airflow/example_dags/example_branch_operator.py for tasks to queue
[2021-11-24 13:33:11,476] {logging_mixin.py:109} INFO - [2021-11-24 13:33:11,476] {dagbag.py:500} INFO - Filling up the DagBag from /home/dante/DWBI/Apache/py_env/lib/python3.8/site-packages/airflow/example_dags/example_branch_operator.py
[2021-11-24 13:33:11,504] {processor.py:632} INFO - DAG(s) dict_keys(['example_branch_operator']) retrieved from /home/dante/DWBI/Apache/py_env/lib/python3.8/site-packages/airflow/example_dags/example_branch_operator.py
[2021-11-24 13:33:11,512] {logging_mixin.py:109} INFO - [2021-11-24 13:33:11,512] {dag.py:2389} INFO - Sync 1 DAGs
[2021-11-24 13:33:11,523] {logging_mixin.py:109} INFO - [2021-11-24 13:33:11,523] {dag.py:2921} INFO - Setting next_dagrun for example_branch_operator to 2021-11-23 00:00:00+00:00
[2021-11-24 13:33:11,531] {processor.py:171} INFO - Processing /home/dante/DWBI/Apache/py_env/lib/python3.8/site-packages/airflow/example_dags/example_branch_operator.py took 0.067 seconds
[2021-11-24 13:33:47,854] {processor.py:163} INFO - Started process (PID=48587) to work on /home/dante/DWBI/Apache/py_env/lib/python3.8/site-packages/airflow/example_dags/example_branch_operator.py
[2021-11-24 13:33:47,863] {processor.py:620} INFO - Processing file /home/dante/DWBI/Apache/py_env/lib/python3.8/site-packages/airflow/example_dags/example_branch_operator.py for tasks to queue
[2021-11-24 13:33:47,864] {logging_mixin.py:109} INFO - [2021-11-24 13:33:47,864] {dagbag.py:500} INFO - Filling up the DagBag from /home/dante/DWBI/Apache/py_env/lib/python3.8/site-packages/airflow/example_dags/example_branch_operator.py
[2021-11-24 13:33:47,879] {processor.py:632} INFO - DAG(s) dict_keys(['example_branch_operator']) retrieved from /home/dante/DWBI/Apache/py_env/lib/python3.8/site-packages/airflow/example_dags/example_branch_operator.py
[2021-11-24 13:33:47,886] {logging_mixin.py:109} INFO - [2021-11-24 13:33:47,886] {dag.py:2389} INFO - Sync 1 DAGs
[2021-11-24 13:33:47,895] {logging_mixin.py:109} INFO - [2021-11-24 13:33:47,895] {dag.py:2921} INFO - Setting next_dagrun for example_branch_operator to 2021-11-23 00:00:00+00:00
[2021-11-24 13:33:47,903] {processor.py:171} INFO - Processing /home/dante/DWBI/Apache/py_env/lib/python3.8/site-packages/airflow/example_dags/example_branch_operator.py took 0.051 seconds
[2021-11-24 13:34:26,759] {processor.py:163} INFO - Started process (PID=48723) to work on /home/dante/DWBI/Apache/py_env/lib/python3.8/site-packages/airflow/example_dags/example_branch_operator.py
[2021-11-24 13:34:26,764] {processor.py:620} INFO - Processing file /home/dante/DWBI/Apache/py_env/lib/python3.8/site-packages/airflow/example_dags/example_branch_operator.py for tasks to queue
[2021-11-24 13:34:26,765] {logging_mixin.py:109} INFO - [2021-11-24 13:34:26,765] {dagbag.py:500} INFO - Filling up the DagBag from /home/dante/DWBI/Apache/py_env/lib/python3.8/site-packages/airflow/example_dags/example_branch_operator.py
[2021-11-24 13:34:26,797] {processor.py:632} INFO - DAG(s) dict_keys(['example_branch_operator']) retrieved from /home/dante/DWBI/Apache/py_env/lib/python3.8/site-packages/airflow/example_dags/example_branch_operator.py
[2021-11-24 13:34:26,806] {logging_mixin.py:109} INFO - [2021-11-24 13:34:26,806] {dag.py:2389} INFO - Sync 1 DAGs
[2021-11-24 13:34:26,818] {logging_mixin.py:109} INFO - [2021-11-24 13:34:26,818] {dag.py:2921} INFO - Setting next_dagrun for example_branch_operator to 2021-11-23 00:00:00+00:00
[2021-11-24 13:34:26,827] {processor.py:171} INFO - Processing /home/dante/DWBI/Apache/py_env/lib/python3.8/site-packages/airflow/example_dags/example_branch_operator.py took 0.076 seconds
[2021-11-24 13:35:08,041] {processor.py:163} INFO - Started process (PID=48842) to work on /home/dante/DWBI/Apache/py_env/lib/python3.8/site-packages/airflow/example_dags/example_branch_operator.py
[2021-11-24 13:35:08,052] {processor.py:620} INFO - Processing file /home/dante/DWBI/Apache/py_env/lib/python3.8/site-packages/airflow/example_dags/example_branch_operator.py for tasks to queue
[2021-11-24 13:35:08,054] {logging_mixin.py:109} INFO - [2021-11-24 13:35:08,053] {dagbag.py:500} INFO - Filling up the DagBag from /home/dante/DWBI/Apache/py_env/lib/python3.8/site-packages/airflow/example_dags/example_branch_operator.py
[2021-11-24 13:35:08,088] {processor.py:632} INFO - DAG(s) dict_keys(['example_branch_operator']) retrieved from /home/dante/DWBI/Apache/py_env/lib/python3.8/site-packages/airflow/example_dags/example_branch_operator.py
[2021-11-24 13:35:08,096] {logging_mixin.py:109} INFO - [2021-11-24 13:35:08,096] {dag.py:2389} INFO - Sync 1 DAGs
[2021-11-24 13:35:08,106] {logging_mixin.py:109} INFO - [2021-11-24 13:35:08,106] {dag.py:2921} INFO - Setting next_dagrun for example_branch_operator to 2021-11-23 00:00:00+00:00
[2021-11-24 13:35:08,122] {processor.py:171} INFO - Processing /home/dante/DWBI/Apache/py_env/lib/python3.8/site-packages/airflow/example_dags/example_branch_operator.py took 0.087 seconds
[2021-11-24 13:35:45,840] {processor.py:163} INFO - Started process (PID=48938) to work on /home/dante/DWBI/Apache/py_env/lib/python3.8/site-packages/airflow/example_dags/example_branch_operator.py
[2021-11-24 13:35:45,851] {processor.py:620} INFO - Processing file /home/dante/DWBI/Apache/py_env/lib/python3.8/site-packages/airflow/example_dags/example_branch_operator.py for tasks to queue
[2021-11-24 13:35:45,852] {logging_mixin.py:109} INFO - [2021-11-24 13:35:45,852] {dagbag.py:500} INFO - Filling up the DagBag from /home/dante/DWBI/Apache/py_env/lib/python3.8/site-packages/airflow/example_dags/example_branch_operator.py
[2021-11-24 13:35:45,873] {processor.py:632} INFO - DAG(s) dict_keys(['example_branch_operator']) retrieved from /home/dante/DWBI/Apache/py_env/lib/python3.8/site-packages/airflow/example_dags/example_branch_operator.py
[2021-11-24 13:35:45,882] {logging_mixin.py:109} INFO - [2021-11-24 13:35:45,882] {dag.py:2389} INFO - Sync 1 DAGs
[2021-11-24 13:35:45,892] {logging_mixin.py:109} INFO - [2021-11-24 13:35:45,892] {dag.py:2921} INFO - Setting next_dagrun for example_branch_operator to 2021-11-23 00:00:00+00:00
[2021-11-24 13:35:45,900] {processor.py:171} INFO - Processing /home/dante/DWBI/Apache/py_env/lib/python3.8/site-packages/airflow/example_dags/example_branch_operator.py took 0.063 seconds
[2021-11-24 13:36:24,977] {processor.py:163} INFO - Started process (PID=49037) to work on /home/dante/DWBI/Apache/py_env/lib/python3.8/site-packages/airflow/example_dags/example_branch_operator.py
[2021-11-24 13:36:24,979] {processor.py:620} INFO - Processing file /home/dante/DWBI/Apache/py_env/lib/python3.8/site-packages/airflow/example_dags/example_branch_operator.py for tasks to queue
[2021-11-24 13:36:24,980] {logging_mixin.py:109} INFO - [2021-11-24 13:36:24,980] {dagbag.py:500} INFO - Filling up the DagBag from /home/dante/DWBI/Apache/py_env/lib/python3.8/site-packages/airflow/example_dags/example_branch_operator.py
[2021-11-24 13:36:25,000] {processor.py:632} INFO - DAG(s) dict_keys(['example_branch_operator']) retrieved from /home/dante/DWBI/Apache/py_env/lib/python3.8/site-packages/airflow/example_dags/example_branch_operator.py
[2021-11-24 13:36:25,009] {logging_mixin.py:109} INFO - [2021-11-24 13:36:25,009] {dag.py:2389} INFO - Sync 1 DAGs
[2021-11-24 13:36:25,019] {logging_mixin.py:109} INFO - [2021-11-24 13:36:25,019] {dag.py:2921} INFO - Setting next_dagrun for example_branch_operator to 2021-11-23 00:00:00+00:00
[2021-11-24 13:36:25,027] {processor.py:171} INFO - Processing /home/dante/DWBI/Apache/py_env/lib/python3.8/site-packages/airflow/example_dags/example_branch_operator.py took 0.053 seconds
[2021-11-24 13:37:07,375] {processor.py:163} INFO - Started process (PID=49173) to work on /home/dante/DWBI/Apache/py_env/lib/python3.8/site-packages/airflow/example_dags/example_branch_operator.py
[2021-11-24 13:37:07,377] {processor.py:620} INFO - Processing file /home/dante/DWBI/Apache/py_env/lib/python3.8/site-packages/airflow/example_dags/example_branch_operator.py for tasks to queue
[2021-11-24 13:37:07,377] {logging_mixin.py:109} INFO - [2021-11-24 13:37:07,377] {dagbag.py:500} INFO - Filling up the DagBag from /home/dante/DWBI/Apache/py_env/lib/python3.8/site-packages/airflow/example_dags/example_branch_operator.py
[2021-11-24 13:37:07,400] {processor.py:632} INFO - DAG(s) dict_keys(['example_branch_operator']) retrieved from /home/dante/DWBI/Apache/py_env/lib/python3.8/site-packages/airflow/example_dags/example_branch_operator.py
[2021-11-24 13:37:07,409] {logging_mixin.py:109} INFO - [2021-11-24 13:37:07,409] {dag.py:2389} INFO - Sync 1 DAGs
[2021-11-24 13:37:07,421] {logging_mixin.py:109} INFO - [2021-11-24 13:37:07,421] {dag.py:2921} INFO - Setting next_dagrun for example_branch_operator to 2021-11-23 00:00:00+00:00
[2021-11-24 13:37:07,429] {processor.py:171} INFO - Processing /home/dante/DWBI/Apache/py_env/lib/python3.8/site-packages/airflow/example_dags/example_branch_operator.py took 0.056 seconds
[2021-11-24 13:37:44,181] {processor.py:163} INFO - Started process (PID=49301) to work on /home/dante/DWBI/Apache/py_env/lib/python3.8/site-packages/airflow/example_dags/example_branch_operator.py
[2021-11-24 13:37:44,188] {processor.py:620} INFO - Processing file /home/dante/DWBI/Apache/py_env/lib/python3.8/site-packages/airflow/example_dags/example_branch_operator.py for tasks to queue
[2021-11-24 13:37:44,189] {logging_mixin.py:109} INFO - [2021-11-24 13:37:44,189] {dagbag.py:500} INFO - Filling up the DagBag from /home/dante/DWBI/Apache/py_env/lib/python3.8/site-packages/airflow/example_dags/example_branch_operator.py
[2021-11-24 13:37:44,209] {processor.py:632} INFO - DAG(s) dict_keys(['example_branch_operator']) retrieved from /home/dante/DWBI/Apache/py_env/lib/python3.8/site-packages/airflow/example_dags/example_branch_operator.py
[2021-11-24 13:37:44,218] {logging_mixin.py:109} INFO - [2021-11-24 13:37:44,218] {dag.py:2389} INFO - Sync 1 DAGs
[2021-11-24 13:37:44,228] {logging_mixin.py:109} INFO - [2021-11-24 13:37:44,228] {dag.py:2921} INFO - Setting next_dagrun for example_branch_operator to 2021-11-23 00:00:00+00:00
[2021-11-24 13:37:44,235] {processor.py:171} INFO - Processing /home/dante/DWBI/Apache/py_env/lib/python3.8/site-packages/airflow/example_dags/example_branch_operator.py took 0.056 seconds
[2021-11-24 13:38:25,635] {processor.py:163} INFO - Started process (PID=49404) to work on /home/dante/DWBI/Apache/py_env/lib/python3.8/site-packages/airflow/example_dags/example_branch_operator.py
[2021-11-24 13:38:25,637] {processor.py:620} INFO - Processing file /home/dante/DWBI/Apache/py_env/lib/python3.8/site-packages/airflow/example_dags/example_branch_operator.py for tasks to queue
[2021-11-24 13:38:25,638] {logging_mixin.py:109} INFO - [2021-11-24 13:38:25,638] {dagbag.py:500} INFO - Filling up the DagBag from /home/dante/DWBI/Apache/py_env/lib/python3.8/site-packages/airflow/example_dags/example_branch_operator.py
[2021-11-24 13:38:25,665] {processor.py:632} INFO - DAG(s) dict_keys(['example_branch_operator']) retrieved from /home/dante/DWBI/Apache/py_env/lib/python3.8/site-packages/airflow/example_dags/example_branch_operator.py
[2021-11-24 13:38:25,675] {logging_mixin.py:109} INFO - [2021-11-24 13:38:25,675] {dag.py:2389} INFO - Sync 1 DAGs
[2021-11-24 13:38:25,687] {logging_mixin.py:109} INFO - [2021-11-24 13:38:25,687] {dag.py:2921} INFO - Setting next_dagrun for example_branch_operator to 2021-11-23 00:00:00+00:00
[2021-11-24 13:38:25,696] {processor.py:171} INFO - Processing /home/dante/DWBI/Apache/py_env/lib/python3.8/site-packages/airflow/example_dags/example_branch_operator.py took 0.064 seconds
[2021-11-24 13:39:10,465] {processor.py:163} INFO - Started process (PID=49541) to work on /home/dante/DWBI/Apache/py_env/lib/python3.8/site-packages/airflow/example_dags/example_branch_operator.py
[2021-11-24 13:39:10,466] {processor.py:620} INFO - Processing file /home/dante/DWBI/Apache/py_env/lib/python3.8/site-packages/airflow/example_dags/example_branch_operator.py for tasks to queue
[2021-11-24 13:39:10,466] {logging_mixin.py:109} INFO - [2021-11-24 13:39:10,466] {dagbag.py:500} INFO - Filling up the DagBag from /home/dante/DWBI/Apache/py_env/lib/python3.8/site-packages/airflow/example_dags/example_branch_operator.py
[2021-11-24 13:39:10,483] {processor.py:632} INFO - DAG(s) dict_keys(['example_branch_operator']) retrieved from /home/dante/DWBI/Apache/py_env/lib/python3.8/site-packages/airflow/example_dags/example_branch_operator.py
[2021-11-24 13:39:10,491] {logging_mixin.py:109} INFO - [2021-11-24 13:39:10,491] {dag.py:2389} INFO - Sync 1 DAGs
[2021-11-24 13:39:10,501] {logging_mixin.py:109} INFO - [2021-11-24 13:39:10,500] {dag.py:2921} INFO - Setting next_dagrun for example_branch_operator to 2021-11-23 00:00:00+00:00
[2021-11-24 13:39:10,507] {processor.py:171} INFO - Processing /home/dante/DWBI/Apache/py_env/lib/python3.8/site-packages/airflow/example_dags/example_branch_operator.py took 0.045 seconds
[2021-11-24 13:39:46,885] {processor.py:163} INFO - Started process (PID=49615) to work on /home/dante/DWBI/Apache/py_env/lib/python3.8/site-packages/airflow/example_dags/example_branch_operator.py
[2021-11-24 13:39:46,889] {processor.py:620} INFO - Processing file /home/dante/DWBI/Apache/py_env/lib/python3.8/site-packages/airflow/example_dags/example_branch_operator.py for tasks to queue
[2021-11-24 13:39:46,891] {logging_mixin.py:109} INFO - [2021-11-24 13:39:46,891] {dagbag.py:500} INFO - Filling up the DagBag from /home/dante/DWBI/Apache/py_env/lib/python3.8/site-packages/airflow/example_dags/example_branch_operator.py
[2021-11-24 13:39:46,926] {processor.py:632} INFO - DAG(s) dict_keys(['example_branch_operator']) retrieved from /home/dante/DWBI/Apache/py_env/lib/python3.8/site-packages/airflow/example_dags/example_branch_operator.py
[2021-11-24 13:39:46,935] {logging_mixin.py:109} INFO - [2021-11-24 13:39:46,935] {dag.py:2389} INFO - Sync 1 DAGs
[2021-11-24 13:39:46,946] {logging_mixin.py:109} INFO - [2021-11-24 13:39:46,946] {dag.py:2921} INFO - Setting next_dagrun for example_branch_operator to 2021-11-23 00:00:00+00:00
[2021-11-24 13:39:46,953] {processor.py:171} INFO - Processing /home/dante/DWBI/Apache/py_env/lib/python3.8/site-packages/airflow/example_dags/example_branch_operator.py took 0.075 seconds
[2021-11-24 13:40:26,407] {processor.py:163} INFO - Started process (PID=49718) to work on /home/dante/DWBI/Apache/py_env/lib/python3.8/site-packages/airflow/example_dags/example_branch_operator.py
[2021-11-24 13:40:26,416] {processor.py:620} INFO - Processing file /home/dante/DWBI/Apache/py_env/lib/python3.8/site-packages/airflow/example_dags/example_branch_operator.py for tasks to queue
[2021-11-24 13:40:26,417] {logging_mixin.py:109} INFO - [2021-11-24 13:40:26,417] {dagbag.py:500} INFO - Filling up the DagBag from /home/dante/DWBI/Apache/py_env/lib/python3.8/site-packages/airflow/example_dags/example_branch_operator.py
[2021-11-24 13:40:26,432] {processor.py:632} INFO - DAG(s) dict_keys(['example_branch_operator']) retrieved from /home/dante/DWBI/Apache/py_env/lib/python3.8/site-packages/airflow/example_dags/example_branch_operator.py
[2021-11-24 13:40:26,439] {logging_mixin.py:109} INFO - [2021-11-24 13:40:26,439] {dag.py:2389} INFO - Sync 1 DAGs
[2021-11-24 13:40:26,449] {logging_mixin.py:109} INFO - [2021-11-24 13:40:26,448] {dag.py:2921} INFO - Setting next_dagrun for example_branch_operator to 2021-11-23 00:00:00+00:00
[2021-11-24 13:40:26,463] {processor.py:171} INFO - Processing /home/dante/DWBI/Apache/py_env/lib/python3.8/site-packages/airflow/example_dags/example_branch_operator.py took 0.058 seconds
[2021-11-24 13:41:05,814] {processor.py:163} INFO - Started process (PID=49786) to work on /home/dante/DWBI/Apache/py_env/lib/python3.8/site-packages/airflow/example_dags/example_branch_operator.py
[2021-11-24 13:41:05,816] {processor.py:620} INFO - Processing file /home/dante/DWBI/Apache/py_env/lib/python3.8/site-packages/airflow/example_dags/example_branch_operator.py for tasks to queue
[2021-11-24 13:41:05,816] {logging_mixin.py:109} INFO - [2021-11-24 13:41:05,816] {dagbag.py:500} INFO - Filling up the DagBag from /home/dante/DWBI/Apache/py_env/lib/python3.8/site-packages/airflow/example_dags/example_branch_operator.py
[2021-11-24 13:41:05,837] {processor.py:632} INFO - DAG(s) dict_keys(['example_branch_operator']) retrieved from /home/dante/DWBI/Apache/py_env/lib/python3.8/site-packages/airflow/example_dags/example_branch_operator.py
[2021-11-24 13:41:05,844] {logging_mixin.py:109} INFO - [2021-11-24 13:41:05,844] {dag.py:2389} INFO - Sync 1 DAGs
[2021-11-24 13:41:05,854] {logging_mixin.py:109} INFO - [2021-11-24 13:41:05,854] {dag.py:2921} INFO - Setting next_dagrun for example_branch_operator to 2021-11-23 00:00:00+00:00
[2021-11-24 13:41:05,861] {processor.py:171} INFO - Processing /home/dante/DWBI/Apache/py_env/lib/python3.8/site-packages/airflow/example_dags/example_branch_operator.py took 0.050 seconds
[2021-11-24 13:41:42,552] {processor.py:163} INFO - Started process (PID=49901) to work on /home/dante/DWBI/Apache/py_env/lib/python3.8/site-packages/airflow/example_dags/example_branch_operator.py
[2021-11-24 13:41:42,561] {processor.py:620} INFO - Processing file /home/dante/DWBI/Apache/py_env/lib/python3.8/site-packages/airflow/example_dags/example_branch_operator.py for tasks to queue
[2021-11-24 13:41:42,561] {logging_mixin.py:109} INFO - [2021-11-24 13:41:42,561] {dagbag.py:500} INFO - Filling up the DagBag from /home/dante/DWBI/Apache/py_env/lib/python3.8/site-packages/airflow/example_dags/example_branch_operator.py
[2021-11-24 13:41:42,576] {processor.py:632} INFO - DAG(s) dict_keys(['example_branch_operator']) retrieved from /home/dante/DWBI/Apache/py_env/lib/python3.8/site-packages/airflow/example_dags/example_branch_operator.py
[2021-11-24 13:41:42,584] {logging_mixin.py:109} INFO - [2021-11-24 13:41:42,583] {dag.py:2389} INFO - Sync 1 DAGs
[2021-11-24 13:41:42,593] {logging_mixin.py:109} INFO - [2021-11-24 13:41:42,593] {dag.py:2921} INFO - Setting next_dagrun for example_branch_operator to 2021-11-23 00:00:00+00:00
[2021-11-24 13:41:42,623] {processor.py:171} INFO - Processing /home/dante/DWBI/Apache/py_env/lib/python3.8/site-packages/airflow/example_dags/example_branch_operator.py took 0.074 seconds
[2021-11-24 13:42:19,105] {processor.py:163} INFO - Started process (PID=49994) to work on /home/dante/DWBI/Apache/py_env/lib/python3.8/site-packages/airflow/example_dags/example_branch_operator.py
[2021-11-24 13:42:19,116] {processor.py:620} INFO - Processing file /home/dante/DWBI/Apache/py_env/lib/python3.8/site-packages/airflow/example_dags/example_branch_operator.py for tasks to queue
[2021-11-24 13:42:19,117] {logging_mixin.py:109} INFO - [2021-11-24 13:42:19,117] {dagbag.py:500} INFO - Filling up the DagBag from /home/dante/DWBI/Apache/py_env/lib/python3.8/site-packages/airflow/example_dags/example_branch_operator.py
[2021-11-24 13:42:19,150] {processor.py:632} INFO - DAG(s) dict_keys(['example_branch_operator']) retrieved from /home/dante/DWBI/Apache/py_env/lib/python3.8/site-packages/airflow/example_dags/example_branch_operator.py
[2021-11-24 13:42:19,158] {logging_mixin.py:109} INFO - [2021-11-24 13:42:19,158] {dag.py:2389} INFO - Sync 1 DAGs
[2021-11-24 13:42:19,168] {logging_mixin.py:109} INFO - [2021-11-24 13:42:19,168] {dag.py:2921} INFO - Setting next_dagrun for example_branch_operator to 2021-11-23 00:00:00+00:00
[2021-11-24 13:42:19,190] {processor.py:171} INFO - Processing /home/dante/DWBI/Apache/py_env/lib/python3.8/site-packages/airflow/example_dags/example_branch_operator.py took 0.091 seconds
