[2021-11-24 13:01:53,757] {processor.py:163} INFO - Started process (PID=42696) to work on /home/dante/DWBI/Apache/py_env/lib/python3.8/site-packages/airflow/example_dags/example_nested_branch_dag.py
[2021-11-24 13:01:53,758] {processor.py:620} INFO - Processing file /home/dante/DWBI/Apache/py_env/lib/python3.8/site-packages/airflow/example_dags/example_nested_branch_dag.py for tasks to queue
[2021-11-24 13:01:53,759] {logging_mixin.py:109} INFO - [2021-11-24 13:01:53,758] {dagbag.py:500} INFO - Filling up the DagBag from /home/dante/DWBI/Apache/py_env/lib/python3.8/site-packages/airflow/example_dags/example_nested_branch_dag.py
[2021-11-24 13:01:53,775] {processor.py:632} INFO - DAG(s) dict_keys(['example_nested_branch_dag']) retrieved from /home/dante/DWBI/Apache/py_env/lib/python3.8/site-packages/airflow/example_dags/example_nested_branch_dag.py
[2021-11-24 13:01:53,782] {logging_mixin.py:109} INFO - [2021-11-24 13:01:53,782] {dag.py:2389} INFO - Sync 1 DAGs
[2021-11-24 13:01:53,793] {logging_mixin.py:109} INFO - [2021-11-24 13:01:53,793] {dag.py:2921} INFO - Setting next_dagrun for example_nested_branch_dag to 2021-11-23 00:00:00+00:00
[2021-11-24 13:01:53,810] {processor.py:171} INFO - Processing /home/dante/DWBI/Apache/py_env/lib/python3.8/site-packages/airflow/example_dags/example_nested_branch_dag.py took 0.055 seconds
[2021-11-24 13:02:31,301] {processor.py:163} INFO - Started process (PID=42746) to work on /home/dante/DWBI/Apache/py_env/lib/python3.8/site-packages/airflow/example_dags/example_nested_branch_dag.py
[2021-11-24 13:02:31,311] {processor.py:620} INFO - Processing file /home/dante/DWBI/Apache/py_env/lib/python3.8/site-packages/airflow/example_dags/example_nested_branch_dag.py for tasks to queue
[2021-11-24 13:02:31,312] {logging_mixin.py:109} INFO - [2021-11-24 13:02:31,312] {dagbag.py:500} INFO - Filling up the DagBag from /home/dante/DWBI/Apache/py_env/lib/python3.8/site-packages/airflow/example_dags/example_nested_branch_dag.py
[2021-11-24 13:02:31,341] {processor.py:632} INFO - DAG(s) dict_keys(['example_nested_branch_dag']) retrieved from /home/dante/DWBI/Apache/py_env/lib/python3.8/site-packages/airflow/example_dags/example_nested_branch_dag.py
[2021-11-24 13:02:31,350] {logging_mixin.py:109} INFO - [2021-11-24 13:02:31,350] {dag.py:2389} INFO - Sync 1 DAGs
[2021-11-24 13:02:31,361] {logging_mixin.py:109} INFO - [2021-11-24 13:02:31,361] {dag.py:2921} INFO - Setting next_dagrun for example_nested_branch_dag to 2021-11-23 00:00:00+00:00
[2021-11-24 13:02:31,370] {processor.py:171} INFO - Processing /home/dante/DWBI/Apache/py_env/lib/python3.8/site-packages/airflow/example_dags/example_nested_branch_dag.py took 0.072 seconds
[2021-11-24 13:03:10,623] {processor.py:163} INFO - Started process (PID=42861) to work on /home/dante/DWBI/Apache/py_env/lib/python3.8/site-packages/airflow/example_dags/example_nested_branch_dag.py
[2021-11-24 13:03:10,626] {processor.py:620} INFO - Processing file /home/dante/DWBI/Apache/py_env/lib/python3.8/site-packages/airflow/example_dags/example_nested_branch_dag.py for tasks to queue
[2021-11-24 13:03:10,626] {logging_mixin.py:109} INFO - [2021-11-24 13:03:10,626] {dagbag.py:500} INFO - Filling up the DagBag from /home/dante/DWBI/Apache/py_env/lib/python3.8/site-packages/airflow/example_dags/example_nested_branch_dag.py
[2021-11-24 13:03:10,647] {processor.py:632} INFO - DAG(s) dict_keys(['example_nested_branch_dag']) retrieved from /home/dante/DWBI/Apache/py_env/lib/python3.8/site-packages/airflow/example_dags/example_nested_branch_dag.py
[2021-11-24 13:03:10,660] {logging_mixin.py:109} INFO - [2021-11-24 13:03:10,660] {dag.py:2389} INFO - Sync 1 DAGs
[2021-11-24 13:03:10,675] {logging_mixin.py:109} INFO - [2021-11-24 13:03:10,675] {dag.py:2921} INFO - Setting next_dagrun for example_nested_branch_dag to 2021-11-23 00:00:00+00:00
[2021-11-24 13:03:10,686] {processor.py:171} INFO - Processing /home/dante/DWBI/Apache/py_env/lib/python3.8/site-packages/airflow/example_dags/example_nested_branch_dag.py took 0.065 seconds
[2021-11-24 13:03:47,990] {processor.py:163} INFO - Started process (PID=42922) to work on /home/dante/DWBI/Apache/py_env/lib/python3.8/site-packages/airflow/example_dags/example_nested_branch_dag.py
[2021-11-24 13:03:47,999] {processor.py:620} INFO - Processing file /home/dante/DWBI/Apache/py_env/lib/python3.8/site-packages/airflow/example_dags/example_nested_branch_dag.py for tasks to queue
[2021-11-24 13:03:48,000] {logging_mixin.py:109} INFO - [2021-11-24 13:03:47,999] {dagbag.py:500} INFO - Filling up the DagBag from /home/dante/DWBI/Apache/py_env/lib/python3.8/site-packages/airflow/example_dags/example_nested_branch_dag.py
[2021-11-24 13:03:48,018] {processor.py:632} INFO - DAG(s) dict_keys(['example_nested_branch_dag']) retrieved from /home/dante/DWBI/Apache/py_env/lib/python3.8/site-packages/airflow/example_dags/example_nested_branch_dag.py
[2021-11-24 13:03:48,026] {logging_mixin.py:109} INFO - [2021-11-24 13:03:48,026] {dag.py:2389} INFO - Sync 1 DAGs
[2021-11-24 13:03:48,036] {logging_mixin.py:109} INFO - [2021-11-24 13:03:48,036] {dag.py:2921} INFO - Setting next_dagrun for example_nested_branch_dag to 2021-11-23 00:00:00+00:00
[2021-11-24 13:03:48,043] {processor.py:171} INFO - Processing /home/dante/DWBI/Apache/py_env/lib/python3.8/site-packages/airflow/example_dags/example_nested_branch_dag.py took 0.055 seconds
[2021-11-24 13:04:27,395] {processor.py:163} INFO - Started process (PID=42978) to work on /home/dante/DWBI/Apache/py_env/lib/python3.8/site-packages/airflow/example_dags/example_nested_branch_dag.py
[2021-11-24 13:04:27,407] {processor.py:620} INFO - Processing file /home/dante/DWBI/Apache/py_env/lib/python3.8/site-packages/airflow/example_dags/example_nested_branch_dag.py for tasks to queue
[2021-11-24 13:04:27,408] {logging_mixin.py:109} INFO - [2021-11-24 13:04:27,408] {dagbag.py:500} INFO - Filling up the DagBag from /home/dante/DWBI/Apache/py_env/lib/python3.8/site-packages/airflow/example_dags/example_nested_branch_dag.py
[2021-11-24 13:04:27,439] {processor.py:632} INFO - DAG(s) dict_keys(['example_nested_branch_dag']) retrieved from /home/dante/DWBI/Apache/py_env/lib/python3.8/site-packages/airflow/example_dags/example_nested_branch_dag.py
[2021-11-24 13:04:27,446] {logging_mixin.py:109} INFO - [2021-11-24 13:04:27,446] {dag.py:2389} INFO - Sync 1 DAGs
[2021-11-24 13:04:27,456] {logging_mixin.py:109} INFO - [2021-11-24 13:04:27,456] {dag.py:2921} INFO - Setting next_dagrun for example_nested_branch_dag to 2021-11-23 00:00:00+00:00
[2021-11-24 13:04:27,463] {processor.py:171} INFO - Processing /home/dante/DWBI/Apache/py_env/lib/python3.8/site-packages/airflow/example_dags/example_nested_branch_dag.py took 0.074 seconds
[2021-11-24 13:05:10,108] {processor.py:163} INFO - Started process (PID=43196) to work on /home/dante/DWBI/Apache/py_env/lib/python3.8/site-packages/airflow/example_dags/example_nested_branch_dag.py
[2021-11-24 13:05:10,110] {processor.py:620} INFO - Processing file /home/dante/DWBI/Apache/py_env/lib/python3.8/site-packages/airflow/example_dags/example_nested_branch_dag.py for tasks to queue
[2021-11-24 13:05:10,111] {logging_mixin.py:109} INFO - [2021-11-24 13:05:10,111] {dagbag.py:500} INFO - Filling up the DagBag from /home/dante/DWBI/Apache/py_env/lib/python3.8/site-packages/airflow/example_dags/example_nested_branch_dag.py
[2021-11-24 13:05:10,137] {processor.py:632} INFO - DAG(s) dict_keys(['example_nested_branch_dag']) retrieved from /home/dante/DWBI/Apache/py_env/lib/python3.8/site-packages/airflow/example_dags/example_nested_branch_dag.py
[2021-11-24 13:05:10,145] {logging_mixin.py:109} INFO - [2021-11-24 13:05:10,145] {dag.py:2389} INFO - Sync 1 DAGs
[2021-11-24 13:05:10,155] {logging_mixin.py:109} INFO - [2021-11-24 13:05:10,155] {dag.py:2921} INFO - Setting next_dagrun for example_nested_branch_dag to 2021-11-23 00:00:00+00:00
[2021-11-24 13:05:10,163] {processor.py:171} INFO - Processing /home/dante/DWBI/Apache/py_env/lib/python3.8/site-packages/airflow/example_dags/example_nested_branch_dag.py took 0.057 seconds
[2021-11-24 13:05:46,629] {processor.py:163} INFO - Started process (PID=43264) to work on /home/dante/DWBI/Apache/py_env/lib/python3.8/site-packages/airflow/example_dags/example_nested_branch_dag.py
[2021-11-24 13:05:46,633] {processor.py:620} INFO - Processing file /home/dante/DWBI/Apache/py_env/lib/python3.8/site-packages/airflow/example_dags/example_nested_branch_dag.py for tasks to queue
[2021-11-24 13:05:46,635] {logging_mixin.py:109} INFO - [2021-11-24 13:05:46,634] {dagbag.py:500} INFO - Filling up the DagBag from /home/dante/DWBI/Apache/py_env/lib/python3.8/site-packages/airflow/example_dags/example_nested_branch_dag.py
[2021-11-24 13:05:46,667] {processor.py:632} INFO - DAG(s) dict_keys(['example_nested_branch_dag']) retrieved from /home/dante/DWBI/Apache/py_env/lib/python3.8/site-packages/airflow/example_dags/example_nested_branch_dag.py
[2021-11-24 13:05:46,674] {logging_mixin.py:109} INFO - [2021-11-24 13:05:46,674] {dag.py:2389} INFO - Sync 1 DAGs
[2021-11-24 13:05:46,687] {logging_mixin.py:109} INFO - [2021-11-24 13:05:46,686] {dag.py:2921} INFO - Setting next_dagrun for example_nested_branch_dag to 2021-11-23 00:00:00+00:00
[2021-11-24 13:05:46,695] {processor.py:171} INFO - Processing /home/dante/DWBI/Apache/py_env/lib/python3.8/site-packages/airflow/example_dags/example_nested_branch_dag.py took 0.072 seconds
[2021-11-24 13:06:23,824] {processor.py:163} INFO - Started process (PID=43313) to work on /home/dante/DWBI/Apache/py_env/lib/python3.8/site-packages/airflow/example_dags/example_nested_branch_dag.py
[2021-11-24 13:06:23,833] {processor.py:620} INFO - Processing file /home/dante/DWBI/Apache/py_env/lib/python3.8/site-packages/airflow/example_dags/example_nested_branch_dag.py for tasks to queue
[2021-11-24 13:06:23,834] {logging_mixin.py:109} INFO - [2021-11-24 13:06:23,834] {dagbag.py:500} INFO - Filling up the DagBag from /home/dante/DWBI/Apache/py_env/lib/python3.8/site-packages/airflow/example_dags/example_nested_branch_dag.py
[2021-11-24 13:06:23,850] {processor.py:632} INFO - DAG(s) dict_keys(['example_nested_branch_dag']) retrieved from /home/dante/DWBI/Apache/py_env/lib/python3.8/site-packages/airflow/example_dags/example_nested_branch_dag.py
[2021-11-24 13:06:23,859] {logging_mixin.py:109} INFO - [2021-11-24 13:06:23,859] {dag.py:2389} INFO - Sync 1 DAGs
[2021-11-24 13:06:23,871] {logging_mixin.py:109} INFO - [2021-11-24 13:06:23,871] {dag.py:2921} INFO - Setting next_dagrun for example_nested_branch_dag to 2021-11-23 00:00:00+00:00
[2021-11-24 13:06:23,898] {processor.py:171} INFO - Processing /home/dante/DWBI/Apache/py_env/lib/python3.8/site-packages/airflow/example_dags/example_nested_branch_dag.py took 0.075 seconds
[2021-11-24 13:06:59,957] {processor.py:163} INFO - Started process (PID=43391) to work on /home/dante/DWBI/Apache/py_env/lib/python3.8/site-packages/airflow/example_dags/example_nested_branch_dag.py
[2021-11-24 13:06:59,965] {processor.py:620} INFO - Processing file /home/dante/DWBI/Apache/py_env/lib/python3.8/site-packages/airflow/example_dags/example_nested_branch_dag.py for tasks to queue
[2021-11-24 13:06:59,966] {logging_mixin.py:109} INFO - [2021-11-24 13:06:59,966] {dagbag.py:500} INFO - Filling up the DagBag from /home/dante/DWBI/Apache/py_env/lib/python3.8/site-packages/airflow/example_dags/example_nested_branch_dag.py
[2021-11-24 13:06:59,981] {processor.py:632} INFO - DAG(s) dict_keys(['example_nested_branch_dag']) retrieved from /home/dante/DWBI/Apache/py_env/lib/python3.8/site-packages/airflow/example_dags/example_nested_branch_dag.py
[2021-11-24 13:06:59,988] {logging_mixin.py:109} INFO - [2021-11-24 13:06:59,987] {dag.py:2389} INFO - Sync 1 DAGs
[2021-11-24 13:06:59,998] {logging_mixin.py:109} INFO - [2021-11-24 13:06:59,997] {dag.py:2921} INFO - Setting next_dagrun for example_nested_branch_dag to 2021-11-23 00:00:00+00:00
[2021-11-24 13:07:00,007] {processor.py:171} INFO - Processing /home/dante/DWBI/Apache/py_env/lib/python3.8/site-packages/airflow/example_dags/example_nested_branch_dag.py took 0.052 seconds
[2021-11-24 13:07:37,372] {processor.py:163} INFO - Started process (PID=43440) to work on /home/dante/DWBI/Apache/py_env/lib/python3.8/site-packages/airflow/example_dags/example_nested_branch_dag.py
[2021-11-24 13:07:37,382] {processor.py:620} INFO - Processing file /home/dante/DWBI/Apache/py_env/lib/python3.8/site-packages/airflow/example_dags/example_nested_branch_dag.py for tasks to queue
[2021-11-24 13:07:37,384] {logging_mixin.py:109} INFO - [2021-11-24 13:07:37,384] {dagbag.py:500} INFO - Filling up the DagBag from /home/dante/DWBI/Apache/py_env/lib/python3.8/site-packages/airflow/example_dags/example_nested_branch_dag.py
[2021-11-24 13:07:37,422] {processor.py:632} INFO - DAG(s) dict_keys(['example_nested_branch_dag']) retrieved from /home/dante/DWBI/Apache/py_env/lib/python3.8/site-packages/airflow/example_dags/example_nested_branch_dag.py
[2021-11-24 13:07:37,430] {logging_mixin.py:109} INFO - [2021-11-24 13:07:37,430] {dag.py:2389} INFO - Sync 1 DAGs
[2021-11-24 13:07:37,440] {logging_mixin.py:109} INFO - [2021-11-24 13:07:37,440] {dag.py:2921} INFO - Setting next_dagrun for example_nested_branch_dag to 2021-11-23 00:00:00+00:00
[2021-11-24 13:07:37,464] {processor.py:171} INFO - Processing /home/dante/DWBI/Apache/py_env/lib/python3.8/site-packages/airflow/example_dags/example_nested_branch_dag.py took 0.095 seconds
[2021-11-24 13:08:16,077] {processor.py:163} INFO - Started process (PID=43517) to work on /home/dante/DWBI/Apache/py_env/lib/python3.8/site-packages/airflow/example_dags/example_nested_branch_dag.py
[2021-11-24 13:08:16,088] {processor.py:620} INFO - Processing file /home/dante/DWBI/Apache/py_env/lib/python3.8/site-packages/airflow/example_dags/example_nested_branch_dag.py for tasks to queue
[2021-11-24 13:08:16,089] {logging_mixin.py:109} INFO - [2021-11-24 13:08:16,089] {dagbag.py:500} INFO - Filling up the DagBag from /home/dante/DWBI/Apache/py_env/lib/python3.8/site-packages/airflow/example_dags/example_nested_branch_dag.py
[2021-11-24 13:08:16,125] {processor.py:632} INFO - DAG(s) dict_keys(['example_nested_branch_dag']) retrieved from /home/dante/DWBI/Apache/py_env/lib/python3.8/site-packages/airflow/example_dags/example_nested_branch_dag.py
[2021-11-24 13:08:16,132] {logging_mixin.py:109} INFO - [2021-11-24 13:08:16,132] {dag.py:2389} INFO - Sync 1 DAGs
[2021-11-24 13:08:16,142] {logging_mixin.py:109} INFO - [2021-11-24 13:08:16,142] {dag.py:2921} INFO - Setting next_dagrun for example_nested_branch_dag to 2021-11-23 00:00:00+00:00
[2021-11-24 13:08:16,156] {processor.py:171} INFO - Processing /home/dante/DWBI/Apache/py_env/lib/python3.8/site-packages/airflow/example_dags/example_nested_branch_dag.py took 0.085 seconds
[2021-11-24 13:08:58,186] {processor.py:163} INFO - Started process (PID=43584) to work on /home/dante/DWBI/Apache/py_env/lib/python3.8/site-packages/airflow/example_dags/example_nested_branch_dag.py
[2021-11-24 13:08:58,196] {processor.py:620} INFO - Processing file /home/dante/DWBI/Apache/py_env/lib/python3.8/site-packages/airflow/example_dags/example_nested_branch_dag.py for tasks to queue
[2021-11-24 13:08:58,196] {logging_mixin.py:109} INFO - [2021-11-24 13:08:58,196] {dagbag.py:500} INFO - Filling up the DagBag from /home/dante/DWBI/Apache/py_env/lib/python3.8/site-packages/airflow/example_dags/example_nested_branch_dag.py
[2021-11-24 13:08:58,217] {processor.py:632} INFO - DAG(s) dict_keys(['example_nested_branch_dag']) retrieved from /home/dante/DWBI/Apache/py_env/lib/python3.8/site-packages/airflow/example_dags/example_nested_branch_dag.py
[2021-11-24 13:08:58,225] {logging_mixin.py:109} INFO - [2021-11-24 13:08:58,225] {dag.py:2389} INFO - Sync 1 DAGs
[2021-11-24 13:08:58,235] {logging_mixin.py:109} INFO - [2021-11-24 13:08:58,235] {dag.py:2921} INFO - Setting next_dagrun for example_nested_branch_dag to 2021-11-23 00:00:00+00:00
[2021-11-24 13:08:58,243] {processor.py:171} INFO - Processing /home/dante/DWBI/Apache/py_env/lib/python3.8/site-packages/airflow/example_dags/example_nested_branch_dag.py took 0.059 seconds
[2021-11-24 13:09:37,374] {processor.py:163} INFO - Started process (PID=43713) to work on /home/dante/DWBI/Apache/py_env/lib/python3.8/site-packages/airflow/example_dags/example_nested_branch_dag.py
[2021-11-24 13:09:37,383] {processor.py:620} INFO - Processing file /home/dante/DWBI/Apache/py_env/lib/python3.8/site-packages/airflow/example_dags/example_nested_branch_dag.py for tasks to queue
[2021-11-24 13:09:37,383] {logging_mixin.py:109} INFO - [2021-11-24 13:09:37,383] {dagbag.py:500} INFO - Filling up the DagBag from /home/dante/DWBI/Apache/py_env/lib/python3.8/site-packages/airflow/example_dags/example_nested_branch_dag.py
[2021-11-24 13:09:37,403] {processor.py:632} INFO - DAG(s) dict_keys(['example_nested_branch_dag']) retrieved from /home/dante/DWBI/Apache/py_env/lib/python3.8/site-packages/airflow/example_dags/example_nested_branch_dag.py
[2021-11-24 13:09:37,411] {logging_mixin.py:109} INFO - [2021-11-24 13:09:37,411] {dag.py:2389} INFO - Sync 1 DAGs
[2021-11-24 13:09:37,423] {logging_mixin.py:109} INFO - [2021-11-24 13:09:37,423] {dag.py:2921} INFO - Setting next_dagrun for example_nested_branch_dag to 2021-11-23 00:00:00+00:00
[2021-11-24 13:09:37,431] {processor.py:171} INFO - Processing /home/dante/DWBI/Apache/py_env/lib/python3.8/site-packages/airflow/example_dags/example_nested_branch_dag.py took 0.060 seconds
[2021-11-24 13:10:14,012] {processor.py:163} INFO - Started process (PID=43867) to work on /home/dante/DWBI/Apache/py_env/lib/python3.8/site-packages/airflow/example_dags/example_nested_branch_dag.py
[2021-11-24 13:10:14,021] {processor.py:620} INFO - Processing file /home/dante/DWBI/Apache/py_env/lib/python3.8/site-packages/airflow/example_dags/example_nested_branch_dag.py for tasks to queue
[2021-11-24 13:10:14,021] {logging_mixin.py:109} INFO - [2021-11-24 13:10:14,021] {dagbag.py:500} INFO - Filling up the DagBag from /home/dante/DWBI/Apache/py_env/lib/python3.8/site-packages/airflow/example_dags/example_nested_branch_dag.py
[2021-11-24 13:10:14,040] {processor.py:632} INFO - DAG(s) dict_keys(['example_nested_branch_dag']) retrieved from /home/dante/DWBI/Apache/py_env/lib/python3.8/site-packages/airflow/example_dags/example_nested_branch_dag.py
[2021-11-24 13:10:14,047] {logging_mixin.py:109} INFO - [2021-11-24 13:10:14,047] {dag.py:2389} INFO - Sync 1 DAGs
[2021-11-24 13:10:14,058] {logging_mixin.py:109} INFO - [2021-11-24 13:10:14,058] {dag.py:2921} INFO - Setting next_dagrun for example_nested_branch_dag to 2021-11-23 00:00:00+00:00
[2021-11-24 13:10:14,065] {processor.py:171} INFO - Processing /home/dante/DWBI/Apache/py_env/lib/python3.8/site-packages/airflow/example_dags/example_nested_branch_dag.py took 0.056 seconds
[2021-11-24 13:10:53,316] {processor.py:163} INFO - Started process (PID=44110) to work on /home/dante/DWBI/Apache/py_env/lib/python3.8/site-packages/airflow/example_dags/example_nested_branch_dag.py
[2021-11-24 13:10:53,320] {processor.py:620} INFO - Processing file /home/dante/DWBI/Apache/py_env/lib/python3.8/site-packages/airflow/example_dags/example_nested_branch_dag.py for tasks to queue
[2021-11-24 13:10:53,321] {logging_mixin.py:109} INFO - [2021-11-24 13:10:53,321] {dagbag.py:500} INFO - Filling up the DagBag from /home/dante/DWBI/Apache/py_env/lib/python3.8/site-packages/airflow/example_dags/example_nested_branch_dag.py
[2021-11-24 13:10:53,350] {processor.py:632} INFO - DAG(s) dict_keys(['example_nested_branch_dag']) retrieved from /home/dante/DWBI/Apache/py_env/lib/python3.8/site-packages/airflow/example_dags/example_nested_branch_dag.py
[2021-11-24 13:10:53,357] {logging_mixin.py:109} INFO - [2021-11-24 13:10:53,357] {dag.py:2389} INFO - Sync 1 DAGs
[2021-11-24 13:10:53,367] {logging_mixin.py:109} INFO - [2021-11-24 13:10:53,367] {dag.py:2921} INFO - Setting next_dagrun for example_nested_branch_dag to 2021-11-23 00:00:00+00:00
[2021-11-24 13:10:53,375] {processor.py:171} INFO - Processing /home/dante/DWBI/Apache/py_env/lib/python3.8/site-packages/airflow/example_dags/example_nested_branch_dag.py took 0.066 seconds
[2021-11-24 13:11:26,117] {processor.py:163} INFO - Started process (PID=44175) to work on /home/dante/DWBI/Apache/py_env/lib/python3.8/site-packages/airflow/example_dags/example_nested_branch_dag.py
[2021-11-24 13:11:26,128] {processor.py:620} INFO - Processing file /home/dante/DWBI/Apache/py_env/lib/python3.8/site-packages/airflow/example_dags/example_nested_branch_dag.py for tasks to queue
[2021-11-24 13:11:26,129] {logging_mixin.py:109} INFO - [2021-11-24 13:11:26,129] {dagbag.py:500} INFO - Filling up the DagBag from /home/dante/DWBI/Apache/py_env/lib/python3.8/site-packages/airflow/example_dags/example_nested_branch_dag.py
[2021-11-24 13:11:26,148] {processor.py:632} INFO - DAG(s) dict_keys(['example_nested_branch_dag']) retrieved from /home/dante/DWBI/Apache/py_env/lib/python3.8/site-packages/airflow/example_dags/example_nested_branch_dag.py
[2021-11-24 13:11:26,157] {logging_mixin.py:109} INFO - [2021-11-24 13:11:26,157] {dag.py:2389} INFO - Sync 1 DAGs
[2021-11-24 13:11:26,167] {logging_mixin.py:109} INFO - [2021-11-24 13:11:26,167] {dag.py:2921} INFO - Setting next_dagrun for example_nested_branch_dag to 2021-11-23 00:00:00+00:00
[2021-11-24 13:11:26,189] {processor.py:171} INFO - Processing /home/dante/DWBI/Apache/py_env/lib/python3.8/site-packages/airflow/example_dags/example_nested_branch_dag.py took 0.075 seconds
[2021-11-24 13:11:59,943] {processor.py:163} INFO - Started process (PID=44268) to work on /home/dante/DWBI/Apache/py_env/lib/python3.8/site-packages/airflow/example_dags/example_nested_branch_dag.py
[2021-11-24 13:11:59,946] {processor.py:620} INFO - Processing file /home/dante/DWBI/Apache/py_env/lib/python3.8/site-packages/airflow/example_dags/example_nested_branch_dag.py for tasks to queue
[2021-11-24 13:11:59,946] {logging_mixin.py:109} INFO - [2021-11-24 13:11:59,946] {dagbag.py:500} INFO - Filling up the DagBag from /home/dante/DWBI/Apache/py_env/lib/python3.8/site-packages/airflow/example_dags/example_nested_branch_dag.py
[2021-11-24 13:11:59,975] {processor.py:632} INFO - DAG(s) dict_keys(['example_nested_branch_dag']) retrieved from /home/dante/DWBI/Apache/py_env/lib/python3.8/site-packages/airflow/example_dags/example_nested_branch_dag.py
[2021-11-24 13:11:59,983] {logging_mixin.py:109} INFO - [2021-11-24 13:11:59,983] {dag.py:2389} INFO - Sync 1 DAGs
[2021-11-24 13:11:59,993] {logging_mixin.py:109} INFO - [2021-11-24 13:11:59,993] {dag.py:2921} INFO - Setting next_dagrun for example_nested_branch_dag to 2021-11-23 00:00:00+00:00
[2021-11-24 13:12:00,021] {processor.py:171} INFO - Processing /home/dante/DWBI/Apache/py_env/lib/python3.8/site-packages/airflow/example_dags/example_nested_branch_dag.py took 0.081 seconds
[2021-11-24 13:12:38,642] {processor.py:163} INFO - Started process (PID=44331) to work on /home/dante/DWBI/Apache/py_env/lib/python3.8/site-packages/airflow/example_dags/example_nested_branch_dag.py
[2021-11-24 13:12:38,652] {processor.py:620} INFO - Processing file /home/dante/DWBI/Apache/py_env/lib/python3.8/site-packages/airflow/example_dags/example_nested_branch_dag.py for tasks to queue
[2021-11-24 13:12:38,652] {logging_mixin.py:109} INFO - [2021-11-24 13:12:38,652] {dagbag.py:500} INFO - Filling up the DagBag from /home/dante/DWBI/Apache/py_env/lib/python3.8/site-packages/airflow/example_dags/example_nested_branch_dag.py
[2021-11-24 13:12:38,676] {processor.py:632} INFO - DAG(s) dict_keys(['example_nested_branch_dag']) retrieved from /home/dante/DWBI/Apache/py_env/lib/python3.8/site-packages/airflow/example_dags/example_nested_branch_dag.py
[2021-11-24 13:12:38,684] {logging_mixin.py:109} INFO - [2021-11-24 13:12:38,684] {dag.py:2389} INFO - Sync 1 DAGs
[2021-11-24 13:12:38,694] {logging_mixin.py:109} INFO - [2021-11-24 13:12:38,694] {dag.py:2921} INFO - Setting next_dagrun for example_nested_branch_dag to 2021-11-23 00:00:00+00:00
[2021-11-24 13:12:38,703] {processor.py:171} INFO - Processing /home/dante/DWBI/Apache/py_env/lib/python3.8/site-packages/airflow/example_dags/example_nested_branch_dag.py took 0.063 seconds
[2021-11-24 13:13:16,373] {processor.py:163} INFO - Started process (PID=44481) to work on /home/dante/DWBI/Apache/py_env/lib/python3.8/site-packages/airflow/example_dags/example_nested_branch_dag.py
[2021-11-24 13:13:16,385] {processor.py:620} INFO - Processing file /home/dante/DWBI/Apache/py_env/lib/python3.8/site-packages/airflow/example_dags/example_nested_branch_dag.py for tasks to queue
[2021-11-24 13:13:16,387] {logging_mixin.py:109} INFO - [2021-11-24 13:13:16,387] {dagbag.py:500} INFO - Filling up the DagBag from /home/dante/DWBI/Apache/py_env/lib/python3.8/site-packages/airflow/example_dags/example_nested_branch_dag.py
[2021-11-24 13:13:16,421] {processor.py:632} INFO - DAG(s) dict_keys(['example_nested_branch_dag']) retrieved from /home/dante/DWBI/Apache/py_env/lib/python3.8/site-packages/airflow/example_dags/example_nested_branch_dag.py
[2021-11-24 13:13:16,428] {logging_mixin.py:109} INFO - [2021-11-24 13:13:16,428] {dag.py:2389} INFO - Sync 1 DAGs
[2021-11-24 13:13:16,439] {logging_mixin.py:109} INFO - [2021-11-24 13:13:16,439] {dag.py:2921} INFO - Setting next_dagrun for example_nested_branch_dag to 2021-11-23 00:00:00+00:00
[2021-11-24 13:13:16,447] {processor.py:171} INFO - Processing /home/dante/DWBI/Apache/py_env/lib/python3.8/site-packages/airflow/example_dags/example_nested_branch_dag.py took 0.081 seconds
[2021-11-24 13:13:55,764] {processor.py:163} INFO - Started process (PID=44550) to work on /home/dante/DWBI/Apache/py_env/lib/python3.8/site-packages/airflow/example_dags/example_nested_branch_dag.py
[2021-11-24 13:13:55,766] {processor.py:620} INFO - Processing file /home/dante/DWBI/Apache/py_env/lib/python3.8/site-packages/airflow/example_dags/example_nested_branch_dag.py for tasks to queue
[2021-11-24 13:13:55,767] {logging_mixin.py:109} INFO - [2021-11-24 13:13:55,767] {dagbag.py:500} INFO - Filling up the DagBag from /home/dante/DWBI/Apache/py_env/lib/python3.8/site-packages/airflow/example_dags/example_nested_branch_dag.py
[2021-11-24 13:13:55,784] {processor.py:632} INFO - DAG(s) dict_keys(['example_nested_branch_dag']) retrieved from /home/dante/DWBI/Apache/py_env/lib/python3.8/site-packages/airflow/example_dags/example_nested_branch_dag.py
[2021-11-24 13:13:55,793] {logging_mixin.py:109} INFO - [2021-11-24 13:13:55,793] {dag.py:2389} INFO - Sync 1 DAGs
[2021-11-24 13:13:55,803] {logging_mixin.py:109} INFO - [2021-11-24 13:13:55,803] {dag.py:2921} INFO - Setting next_dagrun for example_nested_branch_dag to 2021-11-23 00:00:00+00:00
[2021-11-24 13:13:55,811] {processor.py:171} INFO - Processing /home/dante/DWBI/Apache/py_env/lib/python3.8/site-packages/airflow/example_dags/example_nested_branch_dag.py took 0.049 seconds
[2021-11-24 13:14:35,047] {processor.py:163} INFO - Started process (PID=44685) to work on /home/dante/DWBI/Apache/py_env/lib/python3.8/site-packages/airflow/example_dags/example_nested_branch_dag.py
[2021-11-24 13:14:35,056] {processor.py:620} INFO - Processing file /home/dante/DWBI/Apache/py_env/lib/python3.8/site-packages/airflow/example_dags/example_nested_branch_dag.py for tasks to queue
[2021-11-24 13:14:35,057] {logging_mixin.py:109} INFO - [2021-11-24 13:14:35,057] {dagbag.py:500} INFO - Filling up the DagBag from /home/dante/DWBI/Apache/py_env/lib/python3.8/site-packages/airflow/example_dags/example_nested_branch_dag.py
[2021-11-24 13:14:35,081] {processor.py:632} INFO - DAG(s) dict_keys(['example_nested_branch_dag']) retrieved from /home/dante/DWBI/Apache/py_env/lib/python3.8/site-packages/airflow/example_dags/example_nested_branch_dag.py
[2021-11-24 13:14:35,089] {logging_mixin.py:109} INFO - [2021-11-24 13:14:35,089] {dag.py:2389} INFO - Sync 1 DAGs
[2021-11-24 13:14:35,099] {logging_mixin.py:109} INFO - [2021-11-24 13:14:35,099] {dag.py:2921} INFO - Setting next_dagrun for example_nested_branch_dag to 2021-11-23 00:00:00+00:00
[2021-11-24 13:14:35,117] {processor.py:171} INFO - Processing /home/dante/DWBI/Apache/py_env/lib/python3.8/site-packages/airflow/example_dags/example_nested_branch_dag.py took 0.073 seconds
[2021-11-24 13:15:12,834] {processor.py:163} INFO - Started process (PID=44777) to work on /home/dante/DWBI/Apache/py_env/lib/python3.8/site-packages/airflow/example_dags/example_nested_branch_dag.py
[2021-11-24 13:15:12,837] {processor.py:620} INFO - Processing file /home/dante/DWBI/Apache/py_env/lib/python3.8/site-packages/airflow/example_dags/example_nested_branch_dag.py for tasks to queue
[2021-11-24 13:15:12,839] {logging_mixin.py:109} INFO - [2021-11-24 13:15:12,839] {dagbag.py:500} INFO - Filling up the DagBag from /home/dante/DWBI/Apache/py_env/lib/python3.8/site-packages/airflow/example_dags/example_nested_branch_dag.py
[2021-11-24 13:15:12,863] {processor.py:632} INFO - DAG(s) dict_keys(['example_nested_branch_dag']) retrieved from /home/dante/DWBI/Apache/py_env/lib/python3.8/site-packages/airflow/example_dags/example_nested_branch_dag.py
[2021-11-24 13:15:12,872] {logging_mixin.py:109} INFO - [2021-11-24 13:15:12,872] {dag.py:2389} INFO - Sync 1 DAGs
[2021-11-24 13:15:12,887] {logging_mixin.py:109} INFO - [2021-11-24 13:15:12,887] {dag.py:2921} INFO - Setting next_dagrun for example_nested_branch_dag to 2021-11-23 00:00:00+00:00
[2021-11-24 13:15:12,898] {processor.py:171} INFO - Processing /home/dante/DWBI/Apache/py_env/lib/python3.8/site-packages/airflow/example_dags/example_nested_branch_dag.py took 0.072 seconds
[2021-11-24 13:15:52,909] {processor.py:163} INFO - Started process (PID=44923) to work on /home/dante/DWBI/Apache/py_env/lib/python3.8/site-packages/airflow/example_dags/example_nested_branch_dag.py
[2021-11-24 13:15:52,919] {processor.py:620} INFO - Processing file /home/dante/DWBI/Apache/py_env/lib/python3.8/site-packages/airflow/example_dags/example_nested_branch_dag.py for tasks to queue
[2021-11-24 13:15:52,920] {logging_mixin.py:109} INFO - [2021-11-24 13:15:52,920] {dagbag.py:500} INFO - Filling up the DagBag from /home/dante/DWBI/Apache/py_env/lib/python3.8/site-packages/airflow/example_dags/example_nested_branch_dag.py
[2021-11-24 13:15:52,952] {processor.py:632} INFO - DAG(s) dict_keys(['example_nested_branch_dag']) retrieved from /home/dante/DWBI/Apache/py_env/lib/python3.8/site-packages/airflow/example_dags/example_nested_branch_dag.py
[2021-11-24 13:15:52,961] {logging_mixin.py:109} INFO - [2021-11-24 13:15:52,961] {dag.py:2389} INFO - Sync 1 DAGs
[2021-11-24 13:15:52,972] {logging_mixin.py:109} INFO - [2021-11-24 13:15:52,971] {dag.py:2921} INFO - Setting next_dagrun for example_nested_branch_dag to 2021-11-23 00:00:00+00:00
[2021-11-24 13:15:52,990] {processor.py:171} INFO - Processing /home/dante/DWBI/Apache/py_env/lib/python3.8/site-packages/airflow/example_dags/example_nested_branch_dag.py took 0.084 seconds
[2021-11-24 13:16:29,031] {processor.py:163} INFO - Started process (PID=45357) to work on /home/dante/DWBI/Apache/py_env/lib/python3.8/site-packages/airflow/example_dags/example_nested_branch_dag.py
[2021-11-24 13:16:29,040] {processor.py:620} INFO - Processing file /home/dante/DWBI/Apache/py_env/lib/python3.8/site-packages/airflow/example_dags/example_nested_branch_dag.py for tasks to queue
[2021-11-24 13:16:29,040] {logging_mixin.py:109} INFO - [2021-11-24 13:16:29,040] {dagbag.py:500} INFO - Filling up the DagBag from /home/dante/DWBI/Apache/py_env/lib/python3.8/site-packages/airflow/example_dags/example_nested_branch_dag.py
[2021-11-24 13:16:29,063] {processor.py:632} INFO - DAG(s) dict_keys(['example_nested_branch_dag']) retrieved from /home/dante/DWBI/Apache/py_env/lib/python3.8/site-packages/airflow/example_dags/example_nested_branch_dag.py
[2021-11-24 13:16:29,071] {logging_mixin.py:109} INFO - [2021-11-24 13:16:29,071] {dag.py:2389} INFO - Sync 1 DAGs
[2021-11-24 13:16:29,082] {logging_mixin.py:109} INFO - [2021-11-24 13:16:29,082] {dag.py:2921} INFO - Setting next_dagrun for example_nested_branch_dag to 2021-11-23 00:00:00+00:00
[2021-11-24 13:16:29,103] {processor.py:171} INFO - Processing /home/dante/DWBI/Apache/py_env/lib/python3.8/site-packages/airflow/example_dags/example_nested_branch_dag.py took 0.075 seconds
[2021-11-24 13:17:04,162] {processor.py:163} INFO - Started process (PID=45453) to work on /home/dante/DWBI/Apache/py_env/lib/python3.8/site-packages/airflow/example_dags/example_nested_branch_dag.py
[2021-11-24 13:17:04,173] {processor.py:620} INFO - Processing file /home/dante/DWBI/Apache/py_env/lib/python3.8/site-packages/airflow/example_dags/example_nested_branch_dag.py for tasks to queue
[2021-11-24 13:17:04,175] {logging_mixin.py:109} INFO - [2021-11-24 13:17:04,174] {dagbag.py:500} INFO - Filling up the DagBag from /home/dante/DWBI/Apache/py_env/lib/python3.8/site-packages/airflow/example_dags/example_nested_branch_dag.py
[2021-11-24 13:17:04,210] {processor.py:632} INFO - DAG(s) dict_keys(['example_nested_branch_dag']) retrieved from /home/dante/DWBI/Apache/py_env/lib/python3.8/site-packages/airflow/example_dags/example_nested_branch_dag.py
[2021-11-24 13:17:04,217] {logging_mixin.py:109} INFO - [2021-11-24 13:17:04,217] {dag.py:2389} INFO - Sync 1 DAGs
[2021-11-24 13:17:04,228] {logging_mixin.py:109} INFO - [2021-11-24 13:17:04,227] {dag.py:2921} INFO - Setting next_dagrun for example_nested_branch_dag to 2021-11-23 00:00:00+00:00
[2021-11-24 13:17:04,245] {processor.py:171} INFO - Processing /home/dante/DWBI/Apache/py_env/lib/python3.8/site-packages/airflow/example_dags/example_nested_branch_dag.py took 0.090 seconds
[2021-11-24 13:17:39,651] {processor.py:163} INFO - Started process (PID=45574) to work on /home/dante/DWBI/Apache/py_env/lib/python3.8/site-packages/airflow/example_dags/example_nested_branch_dag.py
[2021-11-24 13:17:39,663] {processor.py:620} INFO - Processing file /home/dante/DWBI/Apache/py_env/lib/python3.8/site-packages/airflow/example_dags/example_nested_branch_dag.py for tasks to queue
[2021-11-24 13:17:39,664] {logging_mixin.py:109} INFO - [2021-11-24 13:17:39,664] {dagbag.py:500} INFO - Filling up the DagBag from /home/dante/DWBI/Apache/py_env/lib/python3.8/site-packages/airflow/example_dags/example_nested_branch_dag.py
[2021-11-24 13:17:39,699] {processor.py:632} INFO - DAG(s) dict_keys(['example_nested_branch_dag']) retrieved from /home/dante/DWBI/Apache/py_env/lib/python3.8/site-packages/airflow/example_dags/example_nested_branch_dag.py
[2021-11-24 13:17:39,707] {logging_mixin.py:109} INFO - [2021-11-24 13:17:39,707] {dag.py:2389} INFO - Sync 1 DAGs
[2021-11-24 13:17:39,716] {logging_mixin.py:109} INFO - [2021-11-24 13:17:39,716] {dag.py:2921} INFO - Setting next_dagrun for example_nested_branch_dag to 2021-11-23 00:00:00+00:00
[2021-11-24 13:17:39,724] {processor.py:171} INFO - Processing /home/dante/DWBI/Apache/py_env/lib/python3.8/site-packages/airflow/example_dags/example_nested_branch_dag.py took 0.079 seconds
[2021-11-24 13:18:19,199] {processor.py:163} INFO - Started process (PID=45639) to work on /home/dante/DWBI/Apache/py_env/lib/python3.8/site-packages/airflow/example_dags/example_nested_branch_dag.py
[2021-11-24 13:18:19,209] {processor.py:620} INFO - Processing file /home/dante/DWBI/Apache/py_env/lib/python3.8/site-packages/airflow/example_dags/example_nested_branch_dag.py for tasks to queue
[2021-11-24 13:18:19,209] {logging_mixin.py:109} INFO - [2021-11-24 13:18:19,209] {dagbag.py:500} INFO - Filling up the DagBag from /home/dante/DWBI/Apache/py_env/lib/python3.8/site-packages/airflow/example_dags/example_nested_branch_dag.py
[2021-11-24 13:18:19,238] {processor.py:632} INFO - DAG(s) dict_keys(['example_nested_branch_dag']) retrieved from /home/dante/DWBI/Apache/py_env/lib/python3.8/site-packages/airflow/example_dags/example_nested_branch_dag.py
[2021-11-24 13:18:19,247] {logging_mixin.py:109} INFO - [2021-11-24 13:18:19,247] {dag.py:2389} INFO - Sync 1 DAGs
[2021-11-24 13:18:19,257] {logging_mixin.py:109} INFO - [2021-11-24 13:18:19,257] {dag.py:2921} INFO - Setting next_dagrun for example_nested_branch_dag to 2021-11-23 00:00:00+00:00
[2021-11-24 13:18:19,267] {processor.py:171} INFO - Processing /home/dante/DWBI/Apache/py_env/lib/python3.8/site-packages/airflow/example_dags/example_nested_branch_dag.py took 0.071 seconds
[2021-11-24 13:18:58,091] {processor.py:163} INFO - Started process (PID=45709) to work on /home/dante/DWBI/Apache/py_env/lib/python3.8/site-packages/airflow/example_dags/example_nested_branch_dag.py
[2021-11-24 13:18:58,100] {processor.py:620} INFO - Processing file /home/dante/DWBI/Apache/py_env/lib/python3.8/site-packages/airflow/example_dags/example_nested_branch_dag.py for tasks to queue
[2021-11-24 13:18:58,101] {logging_mixin.py:109} INFO - [2021-11-24 13:18:58,101] {dagbag.py:500} INFO - Filling up the DagBag from /home/dante/DWBI/Apache/py_env/lib/python3.8/site-packages/airflow/example_dags/example_nested_branch_dag.py
[2021-11-24 13:18:58,123] {processor.py:632} INFO - DAG(s) dict_keys(['example_nested_branch_dag']) retrieved from /home/dante/DWBI/Apache/py_env/lib/python3.8/site-packages/airflow/example_dags/example_nested_branch_dag.py
[2021-11-24 13:18:58,131] {logging_mixin.py:109} INFO - [2021-11-24 13:18:58,131] {dag.py:2389} INFO - Sync 1 DAGs
[2021-11-24 13:18:58,141] {logging_mixin.py:109} INFO - [2021-11-24 13:18:58,141] {dag.py:2921} INFO - Setting next_dagrun for example_nested_branch_dag to 2021-11-23 00:00:00+00:00
[2021-11-24 13:18:58,148] {processor.py:171} INFO - Processing /home/dante/DWBI/Apache/py_env/lib/python3.8/site-packages/airflow/example_dags/example_nested_branch_dag.py took 0.059 seconds
[2021-11-24 13:19:37,011] {processor.py:163} INFO - Started process (PID=45764) to work on /home/dante/DWBI/Apache/py_env/lib/python3.8/site-packages/airflow/example_dags/example_nested_branch_dag.py
[2021-11-24 13:19:37,022] {processor.py:620} INFO - Processing file /home/dante/DWBI/Apache/py_env/lib/python3.8/site-packages/airflow/example_dags/example_nested_branch_dag.py for tasks to queue
[2021-11-24 13:19:37,023] {logging_mixin.py:109} INFO - [2021-11-24 13:19:37,023] {dagbag.py:500} INFO - Filling up the DagBag from /home/dante/DWBI/Apache/py_env/lib/python3.8/site-packages/airflow/example_dags/example_nested_branch_dag.py
[2021-11-24 13:19:37,049] {processor.py:632} INFO - DAG(s) dict_keys(['example_nested_branch_dag']) retrieved from /home/dante/DWBI/Apache/py_env/lib/python3.8/site-packages/airflow/example_dags/example_nested_branch_dag.py
[2021-11-24 13:19:37,057] {logging_mixin.py:109} INFO - [2021-11-24 13:19:37,057] {dag.py:2389} INFO - Sync 1 DAGs
[2021-11-24 13:19:37,067] {logging_mixin.py:109} INFO - [2021-11-24 13:19:37,067] {dag.py:2921} INFO - Setting next_dagrun for example_nested_branch_dag to 2021-11-23 00:00:00+00:00
[2021-11-24 13:19:37,075] {processor.py:171} INFO - Processing /home/dante/DWBI/Apache/py_env/lib/python3.8/site-packages/airflow/example_dags/example_nested_branch_dag.py took 0.066 seconds
[2021-11-24 13:20:14,206] {processor.py:163} INFO - Started process (PID=45816) to work on /home/dante/DWBI/Apache/py_env/lib/python3.8/site-packages/airflow/example_dags/example_nested_branch_dag.py
[2021-11-24 13:20:14,215] {processor.py:620} INFO - Processing file /home/dante/DWBI/Apache/py_env/lib/python3.8/site-packages/airflow/example_dags/example_nested_branch_dag.py for tasks to queue
[2021-11-24 13:20:14,216] {logging_mixin.py:109} INFO - [2021-11-24 13:20:14,216] {dagbag.py:500} INFO - Filling up the DagBag from /home/dante/DWBI/Apache/py_env/lib/python3.8/site-packages/airflow/example_dags/example_nested_branch_dag.py
[2021-11-24 13:20:14,239] {processor.py:632} INFO - DAG(s) dict_keys(['example_nested_branch_dag']) retrieved from /home/dante/DWBI/Apache/py_env/lib/python3.8/site-packages/airflow/example_dags/example_nested_branch_dag.py
[2021-11-24 13:20:14,249] {logging_mixin.py:109} INFO - [2021-11-24 13:20:14,249] {dag.py:2389} INFO - Sync 1 DAGs
[2021-11-24 13:20:14,259] {logging_mixin.py:109} INFO - [2021-11-24 13:20:14,259] {dag.py:2921} INFO - Setting next_dagrun for example_nested_branch_dag to 2021-11-23 00:00:00+00:00
[2021-11-24 13:20:14,273] {processor.py:171} INFO - Processing /home/dante/DWBI/Apache/py_env/lib/python3.8/site-packages/airflow/example_dags/example_nested_branch_dag.py took 0.069 seconds
[2021-11-24 13:20:51,578] {processor.py:163} INFO - Started process (PID=45869) to work on /home/dante/DWBI/Apache/py_env/lib/python3.8/site-packages/airflow/example_dags/example_nested_branch_dag.py
[2021-11-24 13:20:51,580] {processor.py:620} INFO - Processing file /home/dante/DWBI/Apache/py_env/lib/python3.8/site-packages/airflow/example_dags/example_nested_branch_dag.py for tasks to queue
[2021-11-24 13:20:51,580] {logging_mixin.py:109} INFO - [2021-11-24 13:20:51,580] {dagbag.py:500} INFO - Filling up the DagBag from /home/dante/DWBI/Apache/py_env/lib/python3.8/site-packages/airflow/example_dags/example_nested_branch_dag.py
[2021-11-24 13:20:51,601] {processor.py:632} INFO - DAG(s) dict_keys(['example_nested_branch_dag']) retrieved from /home/dante/DWBI/Apache/py_env/lib/python3.8/site-packages/airflow/example_dags/example_nested_branch_dag.py
[2021-11-24 13:20:51,609] {logging_mixin.py:109} INFO - [2021-11-24 13:20:51,609] {dag.py:2389} INFO - Sync 1 DAGs
[2021-11-24 13:20:51,619] {logging_mixin.py:109} INFO - [2021-11-24 13:20:51,619] {dag.py:2921} INFO - Setting next_dagrun for example_nested_branch_dag to 2021-11-23 00:00:00+00:00
[2021-11-24 13:20:51,626] {processor.py:171} INFO - Processing /home/dante/DWBI/Apache/py_env/lib/python3.8/site-packages/airflow/example_dags/example_nested_branch_dag.py took 0.050 seconds
[2021-11-24 13:21:31,536] {processor.py:163} INFO - Started process (PID=45933) to work on /home/dante/DWBI/Apache/py_env/lib/python3.8/site-packages/airflow/example_dags/example_nested_branch_dag.py
[2021-11-24 13:21:31,546] {processor.py:620} INFO - Processing file /home/dante/DWBI/Apache/py_env/lib/python3.8/site-packages/airflow/example_dags/example_nested_branch_dag.py for tasks to queue
[2021-11-24 13:21:31,547] {logging_mixin.py:109} INFO - [2021-11-24 13:21:31,546] {dagbag.py:500} INFO - Filling up the DagBag from /home/dante/DWBI/Apache/py_env/lib/python3.8/site-packages/airflow/example_dags/example_nested_branch_dag.py
[2021-11-24 13:21:31,571] {processor.py:632} INFO - DAG(s) dict_keys(['example_nested_branch_dag']) retrieved from /home/dante/DWBI/Apache/py_env/lib/python3.8/site-packages/airflow/example_dags/example_nested_branch_dag.py
[2021-11-24 13:21:31,579] {logging_mixin.py:109} INFO - [2021-11-24 13:21:31,579] {dag.py:2389} INFO - Sync 1 DAGs
[2021-11-24 13:21:31,589] {logging_mixin.py:109} INFO - [2021-11-24 13:21:31,589] {dag.py:2921} INFO - Setting next_dagrun for example_nested_branch_dag to 2021-11-23 00:00:00+00:00
[2021-11-24 13:21:31,602] {processor.py:171} INFO - Processing /home/dante/DWBI/Apache/py_env/lib/python3.8/site-packages/airflow/example_dags/example_nested_branch_dag.py took 0.069 seconds
[2021-11-24 13:22:08,520] {processor.py:163} INFO - Started process (PID=46026) to work on /home/dante/DWBI/Apache/py_env/lib/python3.8/site-packages/airflow/example_dags/example_nested_branch_dag.py
[2021-11-24 13:22:08,522] {processor.py:620} INFO - Processing file /home/dante/DWBI/Apache/py_env/lib/python3.8/site-packages/airflow/example_dags/example_nested_branch_dag.py for tasks to queue
[2021-11-24 13:22:08,522] {logging_mixin.py:109} INFO - [2021-11-24 13:22:08,522] {dagbag.py:500} INFO - Filling up the DagBag from /home/dante/DWBI/Apache/py_env/lib/python3.8/site-packages/airflow/example_dags/example_nested_branch_dag.py
[2021-11-24 13:22:08,537] {processor.py:632} INFO - DAG(s) dict_keys(['example_nested_branch_dag']) retrieved from /home/dante/DWBI/Apache/py_env/lib/python3.8/site-packages/airflow/example_dags/example_nested_branch_dag.py
[2021-11-24 13:22:08,545] {logging_mixin.py:109} INFO - [2021-11-24 13:22:08,544] {dag.py:2389} INFO - Sync 1 DAGs
[2021-11-24 13:22:08,555] {logging_mixin.py:109} INFO - [2021-11-24 13:22:08,555] {dag.py:2921} INFO - Setting next_dagrun for example_nested_branch_dag to 2021-11-23 00:00:00+00:00
[2021-11-24 13:22:08,563] {processor.py:171} INFO - Processing /home/dante/DWBI/Apache/py_env/lib/python3.8/site-packages/airflow/example_dags/example_nested_branch_dag.py took 0.045 seconds
[2021-11-24 13:22:48,795] {processor.py:163} INFO - Started process (PID=46093) to work on /home/dante/DWBI/Apache/py_env/lib/python3.8/site-packages/airflow/example_dags/example_nested_branch_dag.py
[2021-11-24 13:22:48,806] {processor.py:620} INFO - Processing file /home/dante/DWBI/Apache/py_env/lib/python3.8/site-packages/airflow/example_dags/example_nested_branch_dag.py for tasks to queue
[2021-11-24 13:22:48,808] {logging_mixin.py:109} INFO - [2021-11-24 13:22:48,808] {dagbag.py:500} INFO - Filling up the DagBag from /home/dante/DWBI/Apache/py_env/lib/python3.8/site-packages/airflow/example_dags/example_nested_branch_dag.py
[2021-11-24 13:22:48,840] {processor.py:632} INFO - DAG(s) dict_keys(['example_nested_branch_dag']) retrieved from /home/dante/DWBI/Apache/py_env/lib/python3.8/site-packages/airflow/example_dags/example_nested_branch_dag.py
[2021-11-24 13:22:48,848] {logging_mixin.py:109} INFO - [2021-11-24 13:22:48,848] {dag.py:2389} INFO - Sync 1 DAGs
[2021-11-24 13:22:48,859] {logging_mixin.py:109} INFO - [2021-11-24 13:22:48,859] {dag.py:2921} INFO - Setting next_dagrun for example_nested_branch_dag to 2021-11-23 00:00:00+00:00
[2021-11-24 13:22:48,869] {processor.py:171} INFO - Processing /home/dante/DWBI/Apache/py_env/lib/python3.8/site-packages/airflow/example_dags/example_nested_branch_dag.py took 0.080 seconds
[2021-11-24 13:23:31,238] {processor.py:163} INFO - Started process (PID=46490) to work on /home/dante/DWBI/Apache/py_env/lib/python3.8/site-packages/airflow/example_dags/example_nested_branch_dag.py
[2021-11-24 13:23:31,240] {processor.py:620} INFO - Processing file /home/dante/DWBI/Apache/py_env/lib/python3.8/site-packages/airflow/example_dags/example_nested_branch_dag.py for tasks to queue
[2021-11-24 13:23:31,241] {logging_mixin.py:109} INFO - [2021-11-24 13:23:31,241] {dagbag.py:500} INFO - Filling up the DagBag from /home/dante/DWBI/Apache/py_env/lib/python3.8/site-packages/airflow/example_dags/example_nested_branch_dag.py
[2021-11-24 13:23:31,261] {processor.py:632} INFO - DAG(s) dict_keys(['example_nested_branch_dag']) retrieved from /home/dante/DWBI/Apache/py_env/lib/python3.8/site-packages/airflow/example_dags/example_nested_branch_dag.py
[2021-11-24 13:23:31,270] {logging_mixin.py:109} INFO - [2021-11-24 13:23:31,270] {dag.py:2389} INFO - Sync 1 DAGs
[2021-11-24 13:23:31,280] {logging_mixin.py:109} INFO - [2021-11-24 13:23:31,280] {dag.py:2921} INFO - Setting next_dagrun for example_nested_branch_dag to 2021-11-23 00:00:00+00:00
[2021-11-24 13:23:31,287] {processor.py:171} INFO - Processing /home/dante/DWBI/Apache/py_env/lib/python3.8/site-packages/airflow/example_dags/example_nested_branch_dag.py took 0.050 seconds
[2021-11-24 13:24:09,246] {processor.py:163} INFO - Started process (PID=46558) to work on /home/dante/DWBI/Apache/py_env/lib/python3.8/site-packages/airflow/example_dags/example_nested_branch_dag.py
[2021-11-24 13:24:09,256] {processor.py:620} INFO - Processing file /home/dante/DWBI/Apache/py_env/lib/python3.8/site-packages/airflow/example_dags/example_nested_branch_dag.py for tasks to queue
[2021-11-24 13:24:09,257] {logging_mixin.py:109} INFO - [2021-11-24 13:24:09,257] {dagbag.py:500} INFO - Filling up the DagBag from /home/dante/DWBI/Apache/py_env/lib/python3.8/site-packages/airflow/example_dags/example_nested_branch_dag.py
[2021-11-24 13:24:09,282] {processor.py:632} INFO - DAG(s) dict_keys(['example_nested_branch_dag']) retrieved from /home/dante/DWBI/Apache/py_env/lib/python3.8/site-packages/airflow/example_dags/example_nested_branch_dag.py
[2021-11-24 13:24:09,290] {logging_mixin.py:109} INFO - [2021-11-24 13:24:09,290] {dag.py:2389} INFO - Sync 1 DAGs
[2021-11-24 13:24:09,300] {logging_mixin.py:109} INFO - [2021-11-24 13:24:09,300] {dag.py:2921} INFO - Setting next_dagrun for example_nested_branch_dag to 2021-11-23 00:00:00+00:00
[2021-11-24 13:24:09,315] {processor.py:171} INFO - Processing /home/dante/DWBI/Apache/py_env/lib/python3.8/site-packages/airflow/example_dags/example_nested_branch_dag.py took 0.071 seconds
[2021-11-24 13:24:49,421] {processor.py:163} INFO - Started process (PID=46732) to work on /home/dante/DWBI/Apache/py_env/lib/python3.8/site-packages/airflow/example_dags/example_nested_branch_dag.py
[2021-11-24 13:24:49,423] {processor.py:620} INFO - Processing file /home/dante/DWBI/Apache/py_env/lib/python3.8/site-packages/airflow/example_dags/example_nested_branch_dag.py for tasks to queue
[2021-11-24 13:24:49,424] {logging_mixin.py:109} INFO - [2021-11-24 13:24:49,424] {dagbag.py:500} INFO - Filling up the DagBag from /home/dante/DWBI/Apache/py_env/lib/python3.8/site-packages/airflow/example_dags/example_nested_branch_dag.py
[2021-11-24 13:24:49,442] {processor.py:632} INFO - DAG(s) dict_keys(['example_nested_branch_dag']) retrieved from /home/dante/DWBI/Apache/py_env/lib/python3.8/site-packages/airflow/example_dags/example_nested_branch_dag.py
[2021-11-24 13:24:49,450] {logging_mixin.py:109} INFO - [2021-11-24 13:24:49,450] {dag.py:2389} INFO - Sync 1 DAGs
[2021-11-24 13:24:49,460] {logging_mixin.py:109} INFO - [2021-11-24 13:24:49,460] {dag.py:2921} INFO - Setting next_dagrun for example_nested_branch_dag to 2021-11-23 00:00:00+00:00
[2021-11-24 13:24:49,467] {processor.py:171} INFO - Processing /home/dante/DWBI/Apache/py_env/lib/python3.8/site-packages/airflow/example_dags/example_nested_branch_dag.py took 0.048 seconds
[2021-11-24 13:25:26,391] {processor.py:163} INFO - Started process (PID=46811) to work on /home/dante/DWBI/Apache/py_env/lib/python3.8/site-packages/airflow/example_dags/example_nested_branch_dag.py
[2021-11-24 13:25:26,393] {processor.py:620} INFO - Processing file /home/dante/DWBI/Apache/py_env/lib/python3.8/site-packages/airflow/example_dags/example_nested_branch_dag.py for tasks to queue
[2021-11-24 13:25:26,394] {logging_mixin.py:109} INFO - [2021-11-24 13:25:26,394] {dagbag.py:500} INFO - Filling up the DagBag from /home/dante/DWBI/Apache/py_env/lib/python3.8/site-packages/airflow/example_dags/example_nested_branch_dag.py
[2021-11-24 13:25:26,417] {processor.py:632} INFO - DAG(s) dict_keys(['example_nested_branch_dag']) retrieved from /home/dante/DWBI/Apache/py_env/lib/python3.8/site-packages/airflow/example_dags/example_nested_branch_dag.py
[2021-11-24 13:25:26,428] {logging_mixin.py:109} INFO - [2021-11-24 13:25:26,428] {dag.py:2389} INFO - Sync 1 DAGs
[2021-11-24 13:25:26,447] {logging_mixin.py:109} INFO - [2021-11-24 13:25:26,446] {dag.py:2921} INFO - Setting next_dagrun for example_nested_branch_dag to 2021-11-23 00:00:00+00:00
[2021-11-24 13:25:26,457] {processor.py:171} INFO - Processing /home/dante/DWBI/Apache/py_env/lib/python3.8/site-packages/airflow/example_dags/example_nested_branch_dag.py took 0.068 seconds
[2021-11-24 13:26:02,841] {processor.py:163} INFO - Started process (PID=46862) to work on /home/dante/DWBI/Apache/py_env/lib/python3.8/site-packages/airflow/example_dags/example_nested_branch_dag.py
[2021-11-24 13:26:02,843] {processor.py:620} INFO - Processing file /home/dante/DWBI/Apache/py_env/lib/python3.8/site-packages/airflow/example_dags/example_nested_branch_dag.py for tasks to queue
[2021-11-24 13:26:02,843] {logging_mixin.py:109} INFO - [2021-11-24 13:26:02,843] {dagbag.py:500} INFO - Filling up the DagBag from /home/dante/DWBI/Apache/py_env/lib/python3.8/site-packages/airflow/example_dags/example_nested_branch_dag.py
[2021-11-24 13:26:02,861] {processor.py:632} INFO - DAG(s) dict_keys(['example_nested_branch_dag']) retrieved from /home/dante/DWBI/Apache/py_env/lib/python3.8/site-packages/airflow/example_dags/example_nested_branch_dag.py
[2021-11-24 13:26:02,869] {logging_mixin.py:109} INFO - [2021-11-24 13:26:02,869] {dag.py:2389} INFO - Sync 1 DAGs
[2021-11-24 13:26:02,882] {logging_mixin.py:109} INFO - [2021-11-24 13:26:02,881] {dag.py:2921} INFO - Setting next_dagrun for example_nested_branch_dag to 2021-11-23 00:00:00+00:00
[2021-11-24 13:26:02,891] {processor.py:171} INFO - Processing /home/dante/DWBI/Apache/py_env/lib/python3.8/site-packages/airflow/example_dags/example_nested_branch_dag.py took 0.053 seconds
[2021-11-24 13:26:38,238] {processor.py:163} INFO - Started process (PID=46968) to work on /home/dante/DWBI/Apache/py_env/lib/python3.8/site-packages/airflow/example_dags/example_nested_branch_dag.py
[2021-11-24 13:26:38,241] {processor.py:620} INFO - Processing file /home/dante/DWBI/Apache/py_env/lib/python3.8/site-packages/airflow/example_dags/example_nested_branch_dag.py for tasks to queue
[2021-11-24 13:26:38,242] {logging_mixin.py:109} INFO - [2021-11-24 13:26:38,242] {dagbag.py:500} INFO - Filling up the DagBag from /home/dante/DWBI/Apache/py_env/lib/python3.8/site-packages/airflow/example_dags/example_nested_branch_dag.py
[2021-11-24 13:26:38,263] {processor.py:632} INFO - DAG(s) dict_keys(['example_nested_branch_dag']) retrieved from /home/dante/DWBI/Apache/py_env/lib/python3.8/site-packages/airflow/example_dags/example_nested_branch_dag.py
[2021-11-24 13:26:38,271] {logging_mixin.py:109} INFO - [2021-11-24 13:26:38,271] {dag.py:2389} INFO - Sync 1 DAGs
[2021-11-24 13:26:38,281] {logging_mixin.py:109} INFO - [2021-11-24 13:26:38,281] {dag.py:2921} INFO - Setting next_dagrun for example_nested_branch_dag to 2021-11-23 00:00:00+00:00
[2021-11-24 13:26:38,290] {processor.py:171} INFO - Processing /home/dante/DWBI/Apache/py_env/lib/python3.8/site-packages/airflow/example_dags/example_nested_branch_dag.py took 0.054 seconds
[2021-11-24 13:27:17,561] {processor.py:163} INFO - Started process (PID=47080) to work on /home/dante/DWBI/Apache/py_env/lib/python3.8/site-packages/airflow/example_dags/example_nested_branch_dag.py
[2021-11-24 13:27:17,571] {processor.py:620} INFO - Processing file /home/dante/DWBI/Apache/py_env/lib/python3.8/site-packages/airflow/example_dags/example_nested_branch_dag.py for tasks to queue
[2021-11-24 13:27:17,572] {logging_mixin.py:109} INFO - [2021-11-24 13:27:17,572] {dagbag.py:500} INFO - Filling up the DagBag from /home/dante/DWBI/Apache/py_env/lib/python3.8/site-packages/airflow/example_dags/example_nested_branch_dag.py
[2021-11-24 13:27:17,609] {processor.py:632} INFO - DAG(s) dict_keys(['example_nested_branch_dag']) retrieved from /home/dante/DWBI/Apache/py_env/lib/python3.8/site-packages/airflow/example_dags/example_nested_branch_dag.py
[2021-11-24 13:27:17,617] {logging_mixin.py:109} INFO - [2021-11-24 13:27:17,617] {dag.py:2389} INFO - Sync 1 DAGs
[2021-11-24 13:27:17,627] {logging_mixin.py:109} INFO - [2021-11-24 13:27:17,627] {dag.py:2921} INFO - Setting next_dagrun for example_nested_branch_dag to 2021-11-23 00:00:00+00:00
[2021-11-24 13:27:17,635] {processor.py:171} INFO - Processing /home/dante/DWBI/Apache/py_env/lib/python3.8/site-packages/airflow/example_dags/example_nested_branch_dag.py took 0.076 seconds
[2021-11-24 13:27:56,817] {processor.py:163} INFO - Started process (PID=47155) to work on /home/dante/DWBI/Apache/py_env/lib/python3.8/site-packages/airflow/example_dags/example_nested_branch_dag.py
[2021-11-24 13:27:56,820] {processor.py:620} INFO - Processing file /home/dante/DWBI/Apache/py_env/lib/python3.8/site-packages/airflow/example_dags/example_nested_branch_dag.py for tasks to queue
[2021-11-24 13:27:56,821] {logging_mixin.py:109} INFO - [2021-11-24 13:27:56,821] {dagbag.py:500} INFO - Filling up the DagBag from /home/dante/DWBI/Apache/py_env/lib/python3.8/site-packages/airflow/example_dags/example_nested_branch_dag.py
[2021-11-24 13:27:56,850] {processor.py:632} INFO - DAG(s) dict_keys(['example_nested_branch_dag']) retrieved from /home/dante/DWBI/Apache/py_env/lib/python3.8/site-packages/airflow/example_dags/example_nested_branch_dag.py
[2021-11-24 13:27:56,857] {logging_mixin.py:109} INFO - [2021-11-24 13:27:56,857] {dag.py:2389} INFO - Sync 1 DAGs
[2021-11-24 13:27:56,867] {logging_mixin.py:109} INFO - [2021-11-24 13:27:56,867] {dag.py:2921} INFO - Setting next_dagrun for example_nested_branch_dag to 2021-11-23 00:00:00+00:00
[2021-11-24 13:27:56,875] {processor.py:171} INFO - Processing /home/dante/DWBI/Apache/py_env/lib/python3.8/site-packages/airflow/example_dags/example_nested_branch_dag.py took 0.065 seconds
[2021-11-24 13:28:36,392] {processor.py:163} INFO - Started process (PID=47317) to work on /home/dante/DWBI/Apache/py_env/lib/python3.8/site-packages/airflow/example_dags/example_nested_branch_dag.py
[2021-11-24 13:28:36,403] {processor.py:620} INFO - Processing file /home/dante/DWBI/Apache/py_env/lib/python3.8/site-packages/airflow/example_dags/example_nested_branch_dag.py for tasks to queue
[2021-11-24 13:28:36,404] {logging_mixin.py:109} INFO - [2021-11-24 13:28:36,404] {dagbag.py:500} INFO - Filling up the DagBag from /home/dante/DWBI/Apache/py_env/lib/python3.8/site-packages/airflow/example_dags/example_nested_branch_dag.py
[2021-11-24 13:28:36,439] {processor.py:632} INFO - DAG(s) dict_keys(['example_nested_branch_dag']) retrieved from /home/dante/DWBI/Apache/py_env/lib/python3.8/site-packages/airflow/example_dags/example_nested_branch_dag.py
[2021-11-24 13:28:36,447] {logging_mixin.py:109} INFO - [2021-11-24 13:28:36,447] {dag.py:2389} INFO - Sync 1 DAGs
[2021-11-24 13:28:36,458] {logging_mixin.py:109} INFO - [2021-11-24 13:28:36,458] {dag.py:2921} INFO - Setting next_dagrun for example_nested_branch_dag to 2021-11-23 00:00:00+00:00
[2021-11-24 13:28:36,466] {processor.py:171} INFO - Processing /home/dante/DWBI/Apache/py_env/lib/python3.8/site-packages/airflow/example_dags/example_nested_branch_dag.py took 0.081 seconds
[2021-11-24 13:29:12,989] {processor.py:163} INFO - Started process (PID=47413) to work on /home/dante/DWBI/Apache/py_env/lib/python3.8/site-packages/airflow/example_dags/example_nested_branch_dag.py
[2021-11-24 13:29:12,998] {processor.py:620} INFO - Processing file /home/dante/DWBI/Apache/py_env/lib/python3.8/site-packages/airflow/example_dags/example_nested_branch_dag.py for tasks to queue
[2021-11-24 13:29:12,998] {logging_mixin.py:109} INFO - [2021-11-24 13:29:12,998] {dagbag.py:500} INFO - Filling up the DagBag from /home/dante/DWBI/Apache/py_env/lib/python3.8/site-packages/airflow/example_dags/example_nested_branch_dag.py
[2021-11-24 13:29:13,014] {processor.py:632} INFO - DAG(s) dict_keys(['example_nested_branch_dag']) retrieved from /home/dante/DWBI/Apache/py_env/lib/python3.8/site-packages/airflow/example_dags/example_nested_branch_dag.py
[2021-11-24 13:29:13,021] {logging_mixin.py:109} INFO - [2021-11-24 13:29:13,021] {dag.py:2389} INFO - Sync 1 DAGs
[2021-11-24 13:29:13,031] {logging_mixin.py:109} INFO - [2021-11-24 13:29:13,031] {dag.py:2921} INFO - Setting next_dagrun for example_nested_branch_dag to 2021-11-23 00:00:00+00:00
[2021-11-24 13:29:13,047] {processor.py:171} INFO - Processing /home/dante/DWBI/Apache/py_env/lib/python3.8/site-packages/airflow/example_dags/example_nested_branch_dag.py took 0.060 seconds
[2021-11-24 13:29:48,951] {processor.py:163} INFO - Started process (PID=47465) to work on /home/dante/DWBI/Apache/py_env/lib/python3.8/site-packages/airflow/example_dags/example_nested_branch_dag.py
[2021-11-24 13:29:48,954] {processor.py:620} INFO - Processing file /home/dante/DWBI/Apache/py_env/lib/python3.8/site-packages/airflow/example_dags/example_nested_branch_dag.py for tasks to queue
[2021-11-24 13:29:48,955] {logging_mixin.py:109} INFO - [2021-11-24 13:29:48,955] {dagbag.py:500} INFO - Filling up the DagBag from /home/dante/DWBI/Apache/py_env/lib/python3.8/site-packages/airflow/example_dags/example_nested_branch_dag.py
[2021-11-24 13:29:48,977] {processor.py:632} INFO - DAG(s) dict_keys(['example_nested_branch_dag']) retrieved from /home/dante/DWBI/Apache/py_env/lib/python3.8/site-packages/airflow/example_dags/example_nested_branch_dag.py
[2021-11-24 13:29:48,986] {logging_mixin.py:109} INFO - [2021-11-24 13:29:48,986] {dag.py:2389} INFO - Sync 1 DAGs
[2021-11-24 13:29:48,998] {logging_mixin.py:109} INFO - [2021-11-24 13:29:48,998] {dag.py:2921} INFO - Setting next_dagrun for example_nested_branch_dag to 2021-11-23 00:00:00+00:00
[2021-11-24 13:29:49,007] {processor.py:171} INFO - Processing /home/dante/DWBI/Apache/py_env/lib/python3.8/site-packages/airflow/example_dags/example_nested_branch_dag.py took 0.058 seconds
[2021-11-24 13:30:25,737] {processor.py:163} INFO - Started process (PID=47547) to work on /home/dante/DWBI/Apache/py_env/lib/python3.8/site-packages/airflow/example_dags/example_nested_branch_dag.py
[2021-11-24 13:30:25,739] {processor.py:620} INFO - Processing file /home/dante/DWBI/Apache/py_env/lib/python3.8/site-packages/airflow/example_dags/example_nested_branch_dag.py for tasks to queue
[2021-11-24 13:30:25,740] {logging_mixin.py:109} INFO - [2021-11-24 13:30:25,740] {dagbag.py:500} INFO - Filling up the DagBag from /home/dante/DWBI/Apache/py_env/lib/python3.8/site-packages/airflow/example_dags/example_nested_branch_dag.py
[2021-11-24 13:30:25,765] {processor.py:632} INFO - DAG(s) dict_keys(['example_nested_branch_dag']) retrieved from /home/dante/DWBI/Apache/py_env/lib/python3.8/site-packages/airflow/example_dags/example_nested_branch_dag.py
[2021-11-24 13:30:25,775] {logging_mixin.py:109} INFO - [2021-11-24 13:30:25,775] {dag.py:2389} INFO - Sync 1 DAGs
[2021-11-24 13:30:25,786] {logging_mixin.py:109} INFO - [2021-11-24 13:30:25,786] {dag.py:2921} INFO - Setting next_dagrun for example_nested_branch_dag to 2021-11-23 00:00:00+00:00
[2021-11-24 13:30:25,796] {processor.py:171} INFO - Processing /home/dante/DWBI/Apache/py_env/lib/python3.8/site-packages/airflow/example_dags/example_nested_branch_dag.py took 0.062 seconds
[2021-11-24 13:31:01,752] {processor.py:163} INFO - Started process (PID=47599) to work on /home/dante/DWBI/Apache/py_env/lib/python3.8/site-packages/airflow/example_dags/example_nested_branch_dag.py
[2021-11-24 13:31:01,754] {processor.py:620} INFO - Processing file /home/dante/DWBI/Apache/py_env/lib/python3.8/site-packages/airflow/example_dags/example_nested_branch_dag.py for tasks to queue
[2021-11-24 13:31:01,755] {logging_mixin.py:109} INFO - [2021-11-24 13:31:01,755] {dagbag.py:500} INFO - Filling up the DagBag from /home/dante/DWBI/Apache/py_env/lib/python3.8/site-packages/airflow/example_dags/example_nested_branch_dag.py
[2021-11-24 13:31:01,774] {processor.py:632} INFO - DAG(s) dict_keys(['example_nested_branch_dag']) retrieved from /home/dante/DWBI/Apache/py_env/lib/python3.8/site-packages/airflow/example_dags/example_nested_branch_dag.py
[2021-11-24 13:31:01,783] {logging_mixin.py:109} INFO - [2021-11-24 13:31:01,783] {dag.py:2389} INFO - Sync 1 DAGs
[2021-11-24 13:31:01,794] {logging_mixin.py:109} INFO - [2021-11-24 13:31:01,794] {dag.py:2921} INFO - Setting next_dagrun for example_nested_branch_dag to 2021-11-23 00:00:00+00:00
[2021-11-24 13:31:01,801] {processor.py:171} INFO - Processing /home/dante/DWBI/Apache/py_env/lib/python3.8/site-packages/airflow/example_dags/example_nested_branch_dag.py took 0.051 seconds
[2021-11-24 13:31:43,062] {processor.py:163} INFO - Started process (PID=47730) to work on /home/dante/DWBI/Apache/py_env/lib/python3.8/site-packages/airflow/example_dags/example_nested_branch_dag.py
[2021-11-24 13:31:43,071] {processor.py:620} INFO - Processing file /home/dante/DWBI/Apache/py_env/lib/python3.8/site-packages/airflow/example_dags/example_nested_branch_dag.py for tasks to queue
[2021-11-24 13:31:43,072] {logging_mixin.py:109} INFO - [2021-11-24 13:31:43,072] {dagbag.py:500} INFO - Filling up the DagBag from /home/dante/DWBI/Apache/py_env/lib/python3.8/site-packages/airflow/example_dags/example_nested_branch_dag.py
[2021-11-24 13:31:43,091] {processor.py:632} INFO - DAG(s) dict_keys(['example_nested_branch_dag']) retrieved from /home/dante/DWBI/Apache/py_env/lib/python3.8/site-packages/airflow/example_dags/example_nested_branch_dag.py
[2021-11-24 13:31:43,100] {logging_mixin.py:109} INFO - [2021-11-24 13:31:43,100] {dag.py:2389} INFO - Sync 1 DAGs
[2021-11-24 13:31:43,113] {logging_mixin.py:109} INFO - [2021-11-24 13:31:43,113] {dag.py:2921} INFO - Setting next_dagrun for example_nested_branch_dag to 2021-11-23 00:00:00+00:00
[2021-11-24 13:31:43,122] {processor.py:171} INFO - Processing /home/dante/DWBI/Apache/py_env/lib/python3.8/site-packages/airflow/example_dags/example_nested_branch_dag.py took 0.062 seconds
[2021-11-24 13:32:18,670] {processor.py:163} INFO - Started process (PID=48091) to work on /home/dante/DWBI/Apache/py_env/lib/python3.8/site-packages/airflow/example_dags/example_nested_branch_dag.py
[2021-11-24 13:32:18,681] {processor.py:620} INFO - Processing file /home/dante/DWBI/Apache/py_env/lib/python3.8/site-packages/airflow/example_dags/example_nested_branch_dag.py for tasks to queue
[2021-11-24 13:32:18,682] {logging_mixin.py:109} INFO - [2021-11-24 13:32:18,682] {dagbag.py:500} INFO - Filling up the DagBag from /home/dante/DWBI/Apache/py_env/lib/python3.8/site-packages/airflow/example_dags/example_nested_branch_dag.py
[2021-11-24 13:32:18,716] {processor.py:632} INFO - DAG(s) dict_keys(['example_nested_branch_dag']) retrieved from /home/dante/DWBI/Apache/py_env/lib/python3.8/site-packages/airflow/example_dags/example_nested_branch_dag.py
[2021-11-24 13:32:18,723] {logging_mixin.py:109} INFO - [2021-11-24 13:32:18,723] {dag.py:2389} INFO - Sync 1 DAGs
[2021-11-24 13:32:18,734] {logging_mixin.py:109} INFO - [2021-11-24 13:32:18,734] {dag.py:2921} INFO - Setting next_dagrun for example_nested_branch_dag to 2021-11-23 00:00:00+00:00
[2021-11-24 13:32:18,741] {processor.py:171} INFO - Processing /home/dante/DWBI/Apache/py_env/lib/python3.8/site-packages/airflow/example_dags/example_nested_branch_dag.py took 0.078 seconds
[2021-11-24 13:32:54,178] {processor.py:163} INFO - Started process (PID=48405) to work on /home/dante/DWBI/Apache/py_env/lib/python3.8/site-packages/airflow/example_dags/example_nested_branch_dag.py
[2021-11-24 13:32:54,187] {processor.py:620} INFO - Processing file /home/dante/DWBI/Apache/py_env/lib/python3.8/site-packages/airflow/example_dags/example_nested_branch_dag.py for tasks to queue
[2021-11-24 13:32:54,187] {logging_mixin.py:109} INFO - [2021-11-24 13:32:54,187] {dagbag.py:500} INFO - Filling up the DagBag from /home/dante/DWBI/Apache/py_env/lib/python3.8/site-packages/airflow/example_dags/example_nested_branch_dag.py
[2021-11-24 13:32:54,203] {processor.py:632} INFO - DAG(s) dict_keys(['example_nested_branch_dag']) retrieved from /home/dante/DWBI/Apache/py_env/lib/python3.8/site-packages/airflow/example_dags/example_nested_branch_dag.py
[2021-11-24 13:32:54,210] {logging_mixin.py:109} INFO - [2021-11-24 13:32:54,210] {dag.py:2389} INFO - Sync 1 DAGs
[2021-11-24 13:32:54,221] {logging_mixin.py:109} INFO - [2021-11-24 13:32:54,221] {dag.py:2921} INFO - Setting next_dagrun for example_nested_branch_dag to 2021-11-23 00:00:00+00:00
[2021-11-24 13:32:54,244] {processor.py:171} INFO - Processing /home/dante/DWBI/Apache/py_env/lib/python3.8/site-packages/airflow/example_dags/example_nested_branch_dag.py took 0.068 seconds
[2021-11-24 13:33:31,824] {processor.py:163} INFO - Started process (PID=48517) to work on /home/dante/DWBI/Apache/py_env/lib/python3.8/site-packages/airflow/example_dags/example_nested_branch_dag.py
[2021-11-24 13:33:31,833] {processor.py:620} INFO - Processing file /home/dante/DWBI/Apache/py_env/lib/python3.8/site-packages/airflow/example_dags/example_nested_branch_dag.py for tasks to queue
[2021-11-24 13:33:31,834] {logging_mixin.py:109} INFO - [2021-11-24 13:33:31,834] {dagbag.py:500} INFO - Filling up the DagBag from /home/dante/DWBI/Apache/py_env/lib/python3.8/site-packages/airflow/example_dags/example_nested_branch_dag.py
[2021-11-24 13:33:31,851] {processor.py:632} INFO - DAG(s) dict_keys(['example_nested_branch_dag']) retrieved from /home/dante/DWBI/Apache/py_env/lib/python3.8/site-packages/airflow/example_dags/example_nested_branch_dag.py
[2021-11-24 13:33:31,859] {logging_mixin.py:109} INFO - [2021-11-24 13:33:31,859] {dag.py:2389} INFO - Sync 1 DAGs
[2021-11-24 13:33:31,869] {logging_mixin.py:109} INFO - [2021-11-24 13:33:31,869] {dag.py:2921} INFO - Setting next_dagrun for example_nested_branch_dag to 2021-11-23 00:00:00+00:00
[2021-11-24 13:33:31,876] {processor.py:171} INFO - Processing /home/dante/DWBI/Apache/py_env/lib/python3.8/site-packages/airflow/example_dags/example_nested_branch_dag.py took 0.055 seconds
[2021-11-24 13:34:10,021] {processor.py:163} INFO - Started process (PID=48692) to work on /home/dante/DWBI/Apache/py_env/lib/python3.8/site-packages/airflow/example_dags/example_nested_branch_dag.py
[2021-11-24 13:34:10,031] {processor.py:620} INFO - Processing file /home/dante/DWBI/Apache/py_env/lib/python3.8/site-packages/airflow/example_dags/example_nested_branch_dag.py for tasks to queue
[2021-11-24 13:34:10,032] {logging_mixin.py:109} INFO - [2021-11-24 13:34:10,032] {dagbag.py:500} INFO - Filling up the DagBag from /home/dante/DWBI/Apache/py_env/lib/python3.8/site-packages/airflow/example_dags/example_nested_branch_dag.py
[2021-11-24 13:34:10,049] {processor.py:632} INFO - DAG(s) dict_keys(['example_nested_branch_dag']) retrieved from /home/dante/DWBI/Apache/py_env/lib/python3.8/site-packages/airflow/example_dags/example_nested_branch_dag.py
[2021-11-24 13:34:10,056] {logging_mixin.py:109} INFO - [2021-11-24 13:34:10,056] {dag.py:2389} INFO - Sync 1 DAGs
[2021-11-24 13:34:10,065] {logging_mixin.py:109} INFO - [2021-11-24 13:34:10,065] {dag.py:2921} INFO - Setting next_dagrun for example_nested_branch_dag to 2021-11-23 00:00:00+00:00
[2021-11-24 13:34:10,083] {processor.py:171} INFO - Processing /home/dante/DWBI/Apache/py_env/lib/python3.8/site-packages/airflow/example_dags/example_nested_branch_dag.py took 0.068 seconds
[2021-11-24 13:34:50,307] {processor.py:163} INFO - Started process (PID=48800) to work on /home/dante/DWBI/Apache/py_env/lib/python3.8/site-packages/airflow/example_dags/example_nested_branch_dag.py
[2021-11-24 13:34:50,317] {processor.py:620} INFO - Processing file /home/dante/DWBI/Apache/py_env/lib/python3.8/site-packages/airflow/example_dags/example_nested_branch_dag.py for tasks to queue
[2021-11-24 13:34:50,318] {logging_mixin.py:109} INFO - [2021-11-24 13:34:50,317] {dagbag.py:500} INFO - Filling up the DagBag from /home/dante/DWBI/Apache/py_env/lib/python3.8/site-packages/airflow/example_dags/example_nested_branch_dag.py
[2021-11-24 13:34:50,341] {processor.py:632} INFO - DAG(s) dict_keys(['example_nested_branch_dag']) retrieved from /home/dante/DWBI/Apache/py_env/lib/python3.8/site-packages/airflow/example_dags/example_nested_branch_dag.py
[2021-11-24 13:34:50,348] {logging_mixin.py:109} INFO - [2021-11-24 13:34:50,348] {dag.py:2389} INFO - Sync 1 DAGs
[2021-11-24 13:34:50,360] {logging_mixin.py:109} INFO - [2021-11-24 13:34:50,359] {dag.py:2921} INFO - Setting next_dagrun for example_nested_branch_dag to 2021-11-23 00:00:00+00:00
[2021-11-24 13:34:50,367] {processor.py:171} INFO - Processing /home/dante/DWBI/Apache/py_env/lib/python3.8/site-packages/airflow/example_dags/example_nested_branch_dag.py took 0.062 seconds
[2021-11-24 13:35:27,761] {processor.py:163} INFO - Started process (PID=48915) to work on /home/dante/DWBI/Apache/py_env/lib/python3.8/site-packages/airflow/example_dags/example_nested_branch_dag.py
[2021-11-24 13:35:27,772] {processor.py:620} INFO - Processing file /home/dante/DWBI/Apache/py_env/lib/python3.8/site-packages/airflow/example_dags/example_nested_branch_dag.py for tasks to queue
[2021-11-24 13:35:27,773] {logging_mixin.py:109} INFO - [2021-11-24 13:35:27,773] {dagbag.py:500} INFO - Filling up the DagBag from /home/dante/DWBI/Apache/py_env/lib/python3.8/site-packages/airflow/example_dags/example_nested_branch_dag.py
[2021-11-24 13:35:27,811] {processor.py:632} INFO - DAG(s) dict_keys(['example_nested_branch_dag']) retrieved from /home/dante/DWBI/Apache/py_env/lib/python3.8/site-packages/airflow/example_dags/example_nested_branch_dag.py
[2021-11-24 13:35:27,834] {logging_mixin.py:109} INFO - [2021-11-24 13:35:27,833] {dag.py:2389} INFO - Sync 1 DAGs
[2021-11-24 13:35:27,859] {logging_mixin.py:109} INFO - [2021-11-24 13:35:27,859] {dag.py:2921} INFO - Setting next_dagrun for example_nested_branch_dag to 2021-11-23 00:00:00+00:00
[2021-11-24 13:35:27,875] {processor.py:171} INFO - Processing /home/dante/DWBI/Apache/py_env/lib/python3.8/site-packages/airflow/example_dags/example_nested_branch_dag.py took 0.119 seconds
[2021-11-24 13:36:08,916] {processor.py:163} INFO - Started process (PID=48978) to work on /home/dante/DWBI/Apache/py_env/lib/python3.8/site-packages/airflow/example_dags/example_nested_branch_dag.py
[2021-11-24 13:36:08,925] {processor.py:620} INFO - Processing file /home/dante/DWBI/Apache/py_env/lib/python3.8/site-packages/airflow/example_dags/example_nested_branch_dag.py for tasks to queue
[2021-11-24 13:36:08,926] {logging_mixin.py:109} INFO - [2021-11-24 13:36:08,926] {dagbag.py:500} INFO - Filling up the DagBag from /home/dante/DWBI/Apache/py_env/lib/python3.8/site-packages/airflow/example_dags/example_nested_branch_dag.py
[2021-11-24 13:36:08,945] {processor.py:632} INFO - DAG(s) dict_keys(['example_nested_branch_dag']) retrieved from /home/dante/DWBI/Apache/py_env/lib/python3.8/site-packages/airflow/example_dags/example_nested_branch_dag.py
[2021-11-24 13:36:08,952] {logging_mixin.py:109} INFO - [2021-11-24 13:36:08,952] {dag.py:2389} INFO - Sync 1 DAGs
[2021-11-24 13:36:08,963] {logging_mixin.py:109} INFO - [2021-11-24 13:36:08,963] {dag.py:2921} INFO - Setting next_dagrun for example_nested_branch_dag to 2021-11-23 00:00:00+00:00
[2021-11-24 13:36:08,971] {processor.py:171} INFO - Processing /home/dante/DWBI/Apache/py_env/lib/python3.8/site-packages/airflow/example_dags/example_nested_branch_dag.py took 0.057 seconds
[2021-11-24 13:36:48,954] {processor.py:163} INFO - Started process (PID=49119) to work on /home/dante/DWBI/Apache/py_env/lib/python3.8/site-packages/airflow/example_dags/example_nested_branch_dag.py
[2021-11-24 13:36:48,957] {processor.py:620} INFO - Processing file /home/dante/DWBI/Apache/py_env/lib/python3.8/site-packages/airflow/example_dags/example_nested_branch_dag.py for tasks to queue
[2021-11-24 13:36:48,957] {logging_mixin.py:109} INFO - [2021-11-24 13:36:48,957] {dagbag.py:500} INFO - Filling up the DagBag from /home/dante/DWBI/Apache/py_env/lib/python3.8/site-packages/airflow/example_dags/example_nested_branch_dag.py
[2021-11-24 13:36:48,974] {processor.py:632} INFO - DAG(s) dict_keys(['example_nested_branch_dag']) retrieved from /home/dante/DWBI/Apache/py_env/lib/python3.8/site-packages/airflow/example_dags/example_nested_branch_dag.py
[2021-11-24 13:36:48,982] {logging_mixin.py:109} INFO - [2021-11-24 13:36:48,981] {dag.py:2389} INFO - Sync 1 DAGs
[2021-11-24 13:36:48,992] {logging_mixin.py:109} INFO - [2021-11-24 13:36:48,992] {dag.py:2921} INFO - Setting next_dagrun for example_nested_branch_dag to 2021-11-23 00:00:00+00:00
[2021-11-24 13:36:49,000] {processor.py:171} INFO - Processing /home/dante/DWBI/Apache/py_env/lib/python3.8/site-packages/airflow/example_dags/example_nested_branch_dag.py took 0.048 seconds
[2021-11-24 13:37:29,380] {processor.py:163} INFO - Started process (PID=49272) to work on /home/dante/DWBI/Apache/py_env/lib/python3.8/site-packages/airflow/example_dags/example_nested_branch_dag.py
[2021-11-24 13:37:29,383] {processor.py:620} INFO - Processing file /home/dante/DWBI/Apache/py_env/lib/python3.8/site-packages/airflow/example_dags/example_nested_branch_dag.py for tasks to queue
[2021-11-24 13:37:29,383] {logging_mixin.py:109} INFO - [2021-11-24 13:37:29,383] {dagbag.py:500} INFO - Filling up the DagBag from /home/dante/DWBI/Apache/py_env/lib/python3.8/site-packages/airflow/example_dags/example_nested_branch_dag.py
[2021-11-24 13:37:29,399] {processor.py:632} INFO - DAG(s) dict_keys(['example_nested_branch_dag']) retrieved from /home/dante/DWBI/Apache/py_env/lib/python3.8/site-packages/airflow/example_dags/example_nested_branch_dag.py
[2021-11-24 13:37:29,405] {logging_mixin.py:109} INFO - [2021-11-24 13:37:29,405] {dag.py:2389} INFO - Sync 1 DAGs
[2021-11-24 13:37:29,415] {logging_mixin.py:109} INFO - [2021-11-24 13:37:29,415] {dag.py:2921} INFO - Setting next_dagrun for example_nested_branch_dag to 2021-11-23 00:00:00+00:00
[2021-11-24 13:37:29,423] {processor.py:171} INFO - Processing /home/dante/DWBI/Apache/py_env/lib/python3.8/site-packages/airflow/example_dags/example_nested_branch_dag.py took 0.045 seconds
[2021-11-24 13:38:05,522] {processor.py:163} INFO - Started process (PID=49339) to work on /home/dante/DWBI/Apache/py_env/lib/python3.8/site-packages/airflow/example_dags/example_nested_branch_dag.py
[2021-11-24 13:38:05,532] {processor.py:620} INFO - Processing file /home/dante/DWBI/Apache/py_env/lib/python3.8/site-packages/airflow/example_dags/example_nested_branch_dag.py for tasks to queue
[2021-11-24 13:38:05,533] {logging_mixin.py:109} INFO - [2021-11-24 13:38:05,533] {dagbag.py:500} INFO - Filling up the DagBag from /home/dante/DWBI/Apache/py_env/lib/python3.8/site-packages/airflow/example_dags/example_nested_branch_dag.py
[2021-11-24 13:38:05,552] {processor.py:632} INFO - DAG(s) dict_keys(['example_nested_branch_dag']) retrieved from /home/dante/DWBI/Apache/py_env/lib/python3.8/site-packages/airflow/example_dags/example_nested_branch_dag.py
[2021-11-24 13:38:05,559] {logging_mixin.py:109} INFO - [2021-11-24 13:38:05,559] {dag.py:2389} INFO - Sync 1 DAGs
[2021-11-24 13:38:05,569] {logging_mixin.py:109} INFO - [2021-11-24 13:38:05,569] {dag.py:2921} INFO - Setting next_dagrun for example_nested_branch_dag to 2021-11-23 00:00:00+00:00
[2021-11-24 13:38:05,583] {processor.py:171} INFO - Processing /home/dante/DWBI/Apache/py_env/lib/python3.8/site-packages/airflow/example_dags/example_nested_branch_dag.py took 0.066 seconds
[2021-11-24 13:38:42,113] {processor.py:163} INFO - Started process (PID=49422) to work on /home/dante/DWBI/Apache/py_env/lib/python3.8/site-packages/airflow/example_dags/example_nested_branch_dag.py
[2021-11-24 13:38:42,122] {processor.py:620} INFO - Processing file /home/dante/DWBI/Apache/py_env/lib/python3.8/site-packages/airflow/example_dags/example_nested_branch_dag.py for tasks to queue
[2021-11-24 13:38:42,122] {logging_mixin.py:109} INFO - [2021-11-24 13:38:42,122] {dagbag.py:500} INFO - Filling up the DagBag from /home/dante/DWBI/Apache/py_env/lib/python3.8/site-packages/airflow/example_dags/example_nested_branch_dag.py
[2021-11-24 13:38:42,138] {processor.py:632} INFO - DAG(s) dict_keys(['example_nested_branch_dag']) retrieved from /home/dante/DWBI/Apache/py_env/lib/python3.8/site-packages/airflow/example_dags/example_nested_branch_dag.py
[2021-11-24 13:38:42,144] {logging_mixin.py:109} INFO - [2021-11-24 13:38:42,144] {dag.py:2389} INFO - Sync 1 DAGs
[2021-11-24 13:38:42,154] {logging_mixin.py:109} INFO - [2021-11-24 13:38:42,154] {dag.py:2921} INFO - Setting next_dagrun for example_nested_branch_dag to 2021-11-23 00:00:00+00:00
[2021-11-24 13:38:42,178] {processor.py:171} INFO - Processing /home/dante/DWBI/Apache/py_env/lib/python3.8/site-packages/airflow/example_dags/example_nested_branch_dag.py took 0.067 seconds
[2021-11-24 13:39:18,634] {processor.py:163} INFO - Started process (PID=49554) to work on /home/dante/DWBI/Apache/py_env/lib/python3.8/site-packages/airflow/example_dags/example_nested_branch_dag.py
[2021-11-24 13:39:18,643] {processor.py:620} INFO - Processing file /home/dante/DWBI/Apache/py_env/lib/python3.8/site-packages/airflow/example_dags/example_nested_branch_dag.py for tasks to queue
[2021-11-24 13:39:18,644] {logging_mixin.py:109} INFO - [2021-11-24 13:39:18,644] {dagbag.py:500} INFO - Filling up the DagBag from /home/dante/DWBI/Apache/py_env/lib/python3.8/site-packages/airflow/example_dags/example_nested_branch_dag.py
[2021-11-24 13:39:18,661] {processor.py:632} INFO - DAG(s) dict_keys(['example_nested_branch_dag']) retrieved from /home/dante/DWBI/Apache/py_env/lib/python3.8/site-packages/airflow/example_dags/example_nested_branch_dag.py
[2021-11-24 13:39:18,668] {logging_mixin.py:109} INFO - [2021-11-24 13:39:18,668] {dag.py:2389} INFO - Sync 1 DAGs
[2021-11-24 13:39:18,678] {logging_mixin.py:109} INFO - [2021-11-24 13:39:18,677] {dag.py:2921} INFO - Setting next_dagrun for example_nested_branch_dag to 2021-11-23 00:00:00+00:00
[2021-11-24 13:39:18,684] {processor.py:171} INFO - Processing /home/dante/DWBI/Apache/py_env/lib/python3.8/site-packages/airflow/example_dags/example_nested_branch_dag.py took 0.053 seconds
[2021-11-24 13:39:54,886] {processor.py:163} INFO - Started process (PID=49639) to work on /home/dante/DWBI/Apache/py_env/lib/python3.8/site-packages/airflow/example_dags/example_nested_branch_dag.py
[2021-11-24 13:39:54,888] {processor.py:620} INFO - Processing file /home/dante/DWBI/Apache/py_env/lib/python3.8/site-packages/airflow/example_dags/example_nested_branch_dag.py for tasks to queue
[2021-11-24 13:39:54,888] {logging_mixin.py:109} INFO - [2021-11-24 13:39:54,888] {dagbag.py:500} INFO - Filling up the DagBag from /home/dante/DWBI/Apache/py_env/lib/python3.8/site-packages/airflow/example_dags/example_nested_branch_dag.py
[2021-11-24 13:39:54,908] {processor.py:632} INFO - DAG(s) dict_keys(['example_nested_branch_dag']) retrieved from /home/dante/DWBI/Apache/py_env/lib/python3.8/site-packages/airflow/example_dags/example_nested_branch_dag.py
[2021-11-24 13:39:54,917] {logging_mixin.py:109} INFO - [2021-11-24 13:39:54,917] {dag.py:2389} INFO - Sync 1 DAGs
[2021-11-24 13:39:54,927] {logging_mixin.py:109} INFO - [2021-11-24 13:39:54,927] {dag.py:2921} INFO - Setting next_dagrun for example_nested_branch_dag to 2021-11-23 00:00:00+00:00
[2021-11-24 13:39:54,935] {processor.py:171} INFO - Processing /home/dante/DWBI/Apache/py_env/lib/python3.8/site-packages/airflow/example_dags/example_nested_branch_dag.py took 0.051 seconds
[2021-11-24 13:40:35,164] {processor.py:163} INFO - Started process (PID=49739) to work on /home/dante/DWBI/Apache/py_env/lib/python3.8/site-packages/airflow/example_dags/example_nested_branch_dag.py
[2021-11-24 13:40:35,173] {processor.py:620} INFO - Processing file /home/dante/DWBI/Apache/py_env/lib/python3.8/site-packages/airflow/example_dags/example_nested_branch_dag.py for tasks to queue
[2021-11-24 13:40:35,174] {logging_mixin.py:109} INFO - [2021-11-24 13:40:35,174] {dagbag.py:500} INFO - Filling up the DagBag from /home/dante/DWBI/Apache/py_env/lib/python3.8/site-packages/airflow/example_dags/example_nested_branch_dag.py
[2021-11-24 13:40:35,197] {processor.py:632} INFO - DAG(s) dict_keys(['example_nested_branch_dag']) retrieved from /home/dante/DWBI/Apache/py_env/lib/python3.8/site-packages/airflow/example_dags/example_nested_branch_dag.py
[2021-11-24 13:40:35,204] {logging_mixin.py:109} INFO - [2021-11-24 13:40:35,204] {dag.py:2389} INFO - Sync 1 DAGs
[2021-11-24 13:40:35,214] {logging_mixin.py:109} INFO - [2021-11-24 13:40:35,214] {dag.py:2921} INFO - Setting next_dagrun for example_nested_branch_dag to 2021-11-23 00:00:00+00:00
[2021-11-24 13:40:35,235] {processor.py:171} INFO - Processing /home/dante/DWBI/Apache/py_env/lib/python3.8/site-packages/airflow/example_dags/example_nested_branch_dag.py took 0.073 seconds
[2021-11-24 13:41:14,757] {processor.py:163} INFO - Started process (PID=49804) to work on /home/dante/DWBI/Apache/py_env/lib/python3.8/site-packages/airflow/example_dags/example_nested_branch_dag.py
[2021-11-24 13:41:14,767] {processor.py:620} INFO - Processing file /home/dante/DWBI/Apache/py_env/lib/python3.8/site-packages/airflow/example_dags/example_nested_branch_dag.py for tasks to queue
[2021-11-24 13:41:14,769] {logging_mixin.py:109} INFO - [2021-11-24 13:41:14,768] {dagbag.py:500} INFO - Filling up the DagBag from /home/dante/DWBI/Apache/py_env/lib/python3.8/site-packages/airflow/example_dags/example_nested_branch_dag.py
[2021-11-24 13:41:14,807] {processor.py:632} INFO - DAG(s) dict_keys(['example_nested_branch_dag']) retrieved from /home/dante/DWBI/Apache/py_env/lib/python3.8/site-packages/airflow/example_dags/example_nested_branch_dag.py
[2021-11-24 13:41:14,815] {logging_mixin.py:109} INFO - [2021-11-24 13:41:14,815] {dag.py:2389} INFO - Sync 1 DAGs
[2021-11-24 13:41:14,825] {logging_mixin.py:109} INFO - [2021-11-24 13:41:14,825] {dag.py:2921} INFO - Setting next_dagrun for example_nested_branch_dag to 2021-11-23 00:00:00+00:00
[2021-11-24 13:41:14,843] {processor.py:171} INFO - Processing /home/dante/DWBI/Apache/py_env/lib/python3.8/site-packages/airflow/example_dags/example_nested_branch_dag.py took 0.088 seconds
[2021-11-24 13:41:53,427] {processor.py:163} INFO - Started process (PID=49932) to work on /home/dante/DWBI/Apache/py_env/lib/python3.8/site-packages/airflow/example_dags/example_nested_branch_dag.py
[2021-11-24 13:41:53,436] {processor.py:620} INFO - Processing file /home/dante/DWBI/Apache/py_env/lib/python3.8/site-packages/airflow/example_dags/example_nested_branch_dag.py for tasks to queue
[2021-11-24 13:41:53,437] {logging_mixin.py:109} INFO - [2021-11-24 13:41:53,437] {dagbag.py:500} INFO - Filling up the DagBag from /home/dante/DWBI/Apache/py_env/lib/python3.8/site-packages/airflow/example_dags/example_nested_branch_dag.py
[2021-11-24 13:41:53,452] {processor.py:632} INFO - DAG(s) dict_keys(['example_nested_branch_dag']) retrieved from /home/dante/DWBI/Apache/py_env/lib/python3.8/site-packages/airflow/example_dags/example_nested_branch_dag.py
[2021-11-24 13:41:53,460] {logging_mixin.py:109} INFO - [2021-11-24 13:41:53,460] {dag.py:2389} INFO - Sync 1 DAGs
[2021-11-24 13:41:53,470] {logging_mixin.py:109} INFO - [2021-11-24 13:41:53,470] {dag.py:2921} INFO - Setting next_dagrun for example_nested_branch_dag to 2021-11-23 00:00:00+00:00
[2021-11-24 13:41:53,482] {processor.py:171} INFO - Processing /home/dante/DWBI/Apache/py_env/lib/python3.8/site-packages/airflow/example_dags/example_nested_branch_dag.py took 0.057 seconds
