[2021-11-24 13:01:58,940] {processor.py:163} INFO - Started process (PID=42701) to work on /home/dante/DWBI/Apache/py_env/lib/python3.8/site-packages/airflow/example_dags/example_time_delta_sensor_async.py
[2021-11-24 13:01:58,943] {processor.py:620} INFO - Processing file /home/dante/DWBI/Apache/py_env/lib/python3.8/site-packages/airflow/example_dags/example_time_delta_sensor_async.py for tasks to queue
[2021-11-24 13:01:58,944] {logging_mixin.py:109} INFO - [2021-11-24 13:01:58,944] {dagbag.py:500} INFO - Filling up the DagBag from /home/dante/DWBI/Apache/py_env/lib/python3.8/site-packages/airflow/example_dags/example_time_delta_sensor_async.py
[2021-11-24 13:01:58,964] {processor.py:632} INFO - DAG(s) dict_keys(['example_time_delta_sensor_async']) retrieved from /home/dante/DWBI/Apache/py_env/lib/python3.8/site-packages/airflow/example_dags/example_time_delta_sensor_async.py
[2021-11-24 13:01:58,970] {logging_mixin.py:109} INFO - [2021-11-24 13:01:58,970] {dag.py:2389} INFO - Sync 1 DAGs
[2021-11-24 13:01:58,980] {logging_mixin.py:109} INFO - [2021-11-24 13:01:58,980] {dag.py:2921} INFO - Setting next_dagrun for example_time_delta_sensor_async to None
[2021-11-24 13:01:58,987] {processor.py:171} INFO - Processing /home/dante/DWBI/Apache/py_env/lib/python3.8/site-packages/airflow/example_dags/example_time_delta_sensor_async.py took 0.054 seconds
[2021-11-24 13:02:36,464] {processor.py:163} INFO - Started process (PID=42751) to work on /home/dante/DWBI/Apache/py_env/lib/python3.8/site-packages/airflow/example_dags/example_time_delta_sensor_async.py
[2021-11-24 13:02:36,475] {processor.py:620} INFO - Processing file /home/dante/DWBI/Apache/py_env/lib/python3.8/site-packages/airflow/example_dags/example_time_delta_sensor_async.py for tasks to queue
[2021-11-24 13:02:36,476] {logging_mixin.py:109} INFO - [2021-11-24 13:02:36,475] {dagbag.py:500} INFO - Filling up the DagBag from /home/dante/DWBI/Apache/py_env/lib/python3.8/site-packages/airflow/example_dags/example_time_delta_sensor_async.py
[2021-11-24 13:02:36,498] {processor.py:632} INFO - DAG(s) dict_keys(['example_time_delta_sensor_async']) retrieved from /home/dante/DWBI/Apache/py_env/lib/python3.8/site-packages/airflow/example_dags/example_time_delta_sensor_async.py
[2021-11-24 13:02:36,506] {logging_mixin.py:109} INFO - [2021-11-24 13:02:36,506] {dag.py:2389} INFO - Sync 1 DAGs
[2021-11-24 13:02:36,517] {logging_mixin.py:109} INFO - [2021-11-24 13:02:36,517] {dag.py:2921} INFO - Setting next_dagrun for example_time_delta_sensor_async to None
[2021-11-24 13:02:36,525] {processor.py:171} INFO - Processing /home/dante/DWBI/Apache/py_env/lib/python3.8/site-packages/airflow/example_dags/example_time_delta_sensor_async.py took 0.063 seconds
[2021-11-24 13:03:15,773] {processor.py:163} INFO - Started process (PID=42871) to work on /home/dante/DWBI/Apache/py_env/lib/python3.8/site-packages/airflow/example_dags/example_time_delta_sensor_async.py
[2021-11-24 13:03:15,783] {processor.py:620} INFO - Processing file /home/dante/DWBI/Apache/py_env/lib/python3.8/site-packages/airflow/example_dags/example_time_delta_sensor_async.py for tasks to queue
[2021-11-24 13:03:15,783] {logging_mixin.py:109} INFO - [2021-11-24 13:03:15,783] {dagbag.py:500} INFO - Filling up the DagBag from /home/dante/DWBI/Apache/py_env/lib/python3.8/site-packages/airflow/example_dags/example_time_delta_sensor_async.py
[2021-11-24 13:03:15,803] {processor.py:632} INFO - DAG(s) dict_keys(['example_time_delta_sensor_async']) retrieved from /home/dante/DWBI/Apache/py_env/lib/python3.8/site-packages/airflow/example_dags/example_time_delta_sensor_async.py
[2021-11-24 13:03:15,814] {logging_mixin.py:109} INFO - [2021-11-24 13:03:15,813] {dag.py:2389} INFO - Sync 1 DAGs
[2021-11-24 13:03:15,823] {logging_mixin.py:109} INFO - [2021-11-24 13:03:15,822] {dag.py:2921} INFO - Setting next_dagrun for example_time_delta_sensor_async to None
[2021-11-24 13:03:15,845] {processor.py:171} INFO - Processing /home/dante/DWBI/Apache/py_env/lib/python3.8/site-packages/airflow/example_dags/example_time_delta_sensor_async.py took 0.074 seconds
[2021-11-24 13:03:54,715] {processor.py:163} INFO - Started process (PID=42938) to work on /home/dante/DWBI/Apache/py_env/lib/python3.8/site-packages/airflow/example_dags/example_time_delta_sensor_async.py
[2021-11-24 13:03:54,725] {processor.py:620} INFO - Processing file /home/dante/DWBI/Apache/py_env/lib/python3.8/site-packages/airflow/example_dags/example_time_delta_sensor_async.py for tasks to queue
[2021-11-24 13:03:54,726] {logging_mixin.py:109} INFO - [2021-11-24 13:03:54,726] {dagbag.py:500} INFO - Filling up the DagBag from /home/dante/DWBI/Apache/py_env/lib/python3.8/site-packages/airflow/example_dags/example_time_delta_sensor_async.py
[2021-11-24 13:03:54,751] {processor.py:632} INFO - DAG(s) dict_keys(['example_time_delta_sensor_async']) retrieved from /home/dante/DWBI/Apache/py_env/lib/python3.8/site-packages/airflow/example_dags/example_time_delta_sensor_async.py
[2021-11-24 13:03:54,762] {logging_mixin.py:109} INFO - [2021-11-24 13:03:54,762] {dag.py:2389} INFO - Sync 1 DAGs
[2021-11-24 13:03:54,771] {logging_mixin.py:109} INFO - [2021-11-24 13:03:54,771] {dag.py:2921} INFO - Setting next_dagrun for example_time_delta_sensor_async to None
[2021-11-24 13:03:54,780] {processor.py:171} INFO - Processing /home/dante/DWBI/Apache/py_env/lib/python3.8/site-packages/airflow/example_dags/example_time_delta_sensor_async.py took 0.068 seconds
[2021-11-24 13:04:33,928] {processor.py:163} INFO - Started process (PID=42990) to work on /home/dante/DWBI/Apache/py_env/lib/python3.8/site-packages/airflow/example_dags/example_time_delta_sensor_async.py
[2021-11-24 13:04:33,939] {processor.py:620} INFO - Processing file /home/dante/DWBI/Apache/py_env/lib/python3.8/site-packages/airflow/example_dags/example_time_delta_sensor_async.py for tasks to queue
[2021-11-24 13:04:33,941] {logging_mixin.py:109} INFO - [2021-11-24 13:04:33,940] {dagbag.py:500} INFO - Filling up the DagBag from /home/dante/DWBI/Apache/py_env/lib/python3.8/site-packages/airflow/example_dags/example_time_delta_sensor_async.py
[2021-11-24 13:04:33,970] {processor.py:632} INFO - DAG(s) dict_keys(['example_time_delta_sensor_async']) retrieved from /home/dante/DWBI/Apache/py_env/lib/python3.8/site-packages/airflow/example_dags/example_time_delta_sensor_async.py
[2021-11-24 13:04:33,978] {logging_mixin.py:109} INFO - [2021-11-24 13:04:33,978] {dag.py:2389} INFO - Sync 1 DAGs
[2021-11-24 13:04:33,989] {logging_mixin.py:109} INFO - [2021-11-24 13:04:33,989] {dag.py:2921} INFO - Setting next_dagrun for example_time_delta_sensor_async to None
[2021-11-24 13:04:33,998] {processor.py:171} INFO - Processing /home/dante/DWBI/Apache/py_env/lib/python3.8/site-packages/airflow/example_dags/example_time_delta_sensor_async.py took 0.077 seconds
[2021-11-24 13:05:15,276] {processor.py:163} INFO - Started process (PID=43211) to work on /home/dante/DWBI/Apache/py_env/lib/python3.8/site-packages/airflow/example_dags/example_time_delta_sensor_async.py
[2021-11-24 13:05:15,278] {processor.py:620} INFO - Processing file /home/dante/DWBI/Apache/py_env/lib/python3.8/site-packages/airflow/example_dags/example_time_delta_sensor_async.py for tasks to queue
[2021-11-24 13:05:15,279] {logging_mixin.py:109} INFO - [2021-11-24 13:05:15,279] {dagbag.py:500} INFO - Filling up the DagBag from /home/dante/DWBI/Apache/py_env/lib/python3.8/site-packages/airflow/example_dags/example_time_delta_sensor_async.py
[2021-11-24 13:05:15,304] {processor.py:632} INFO - DAG(s) dict_keys(['example_time_delta_sensor_async']) retrieved from /home/dante/DWBI/Apache/py_env/lib/python3.8/site-packages/airflow/example_dags/example_time_delta_sensor_async.py
[2021-11-24 13:05:15,312] {logging_mixin.py:109} INFO - [2021-11-24 13:05:15,312] {dag.py:2389} INFO - Sync 1 DAGs
[2021-11-24 13:05:15,321] {logging_mixin.py:109} INFO - [2021-11-24 13:05:15,321] {dag.py:2921} INFO - Setting next_dagrun for example_time_delta_sensor_async to None
[2021-11-24 13:05:15,328] {processor.py:171} INFO - Processing /home/dante/DWBI/Apache/py_env/lib/python3.8/site-packages/airflow/example_dags/example_time_delta_sensor_async.py took 0.055 seconds
[2021-11-24 13:05:56,712] {processor.py:163} INFO - Started process (PID=43275) to work on /home/dante/DWBI/Apache/py_env/lib/python3.8/site-packages/airflow/example_dags/example_time_delta_sensor_async.py
[2021-11-24 13:05:56,723] {processor.py:620} INFO - Processing file /home/dante/DWBI/Apache/py_env/lib/python3.8/site-packages/airflow/example_dags/example_time_delta_sensor_async.py for tasks to queue
[2021-11-24 13:05:56,724] {logging_mixin.py:109} INFO - [2021-11-24 13:05:56,723] {dagbag.py:500} INFO - Filling up the DagBag from /home/dante/DWBI/Apache/py_env/lib/python3.8/site-packages/airflow/example_dags/example_time_delta_sensor_async.py
[2021-11-24 13:05:56,745] {processor.py:632} INFO - DAG(s) dict_keys(['example_time_delta_sensor_async']) retrieved from /home/dante/DWBI/Apache/py_env/lib/python3.8/site-packages/airflow/example_dags/example_time_delta_sensor_async.py
[2021-11-24 13:05:56,754] {logging_mixin.py:109} INFO - [2021-11-24 13:05:56,754] {dag.py:2389} INFO - Sync 1 DAGs
[2021-11-24 13:05:56,764] {logging_mixin.py:109} INFO - [2021-11-24 13:05:56,764] {dag.py:2921} INFO - Setting next_dagrun for example_time_delta_sensor_async to None
[2021-11-24 13:05:56,772] {processor.py:171} INFO - Processing /home/dante/DWBI/Apache/py_env/lib/python3.8/site-packages/airflow/example_dags/example_time_delta_sensor_async.py took 0.063 seconds
[2021-11-24 13:06:35,803] {processor.py:163} INFO - Started process (PID=43360) to work on /home/dante/DWBI/Apache/py_env/lib/python3.8/site-packages/airflow/example_dags/example_time_delta_sensor_async.py
[2021-11-24 13:06:35,815] {processor.py:620} INFO - Processing file /home/dante/DWBI/Apache/py_env/lib/python3.8/site-packages/airflow/example_dags/example_time_delta_sensor_async.py for tasks to queue
[2021-11-24 13:06:35,817] {logging_mixin.py:109} INFO - [2021-11-24 13:06:35,817] {dagbag.py:500} INFO - Filling up the DagBag from /home/dante/DWBI/Apache/py_env/lib/python3.8/site-packages/airflow/example_dags/example_time_delta_sensor_async.py
[2021-11-24 13:06:35,849] {processor.py:632} INFO - DAG(s) dict_keys(['example_time_delta_sensor_async']) retrieved from /home/dante/DWBI/Apache/py_env/lib/python3.8/site-packages/airflow/example_dags/example_time_delta_sensor_async.py
[2021-11-24 13:06:35,857] {logging_mixin.py:109} INFO - [2021-11-24 13:06:35,857] {dag.py:2389} INFO - Sync 1 DAGs
[2021-11-24 13:06:35,867] {logging_mixin.py:109} INFO - [2021-11-24 13:06:35,867] {dag.py:2921} INFO - Setting next_dagrun for example_time_delta_sensor_async to None
[2021-11-24 13:06:35,891] {processor.py:171} INFO - Processing /home/dante/DWBI/Apache/py_env/lib/python3.8/site-packages/airflow/example_dags/example_time_delta_sensor_async.py took 0.094 seconds
[2021-11-24 13:07:15,393] {processor.py:163} INFO - Started process (PID=43418) to work on /home/dante/DWBI/Apache/py_env/lib/python3.8/site-packages/airflow/example_dags/example_time_delta_sensor_async.py
[2021-11-24 13:07:15,402] {processor.py:620} INFO - Processing file /home/dante/DWBI/Apache/py_env/lib/python3.8/site-packages/airflow/example_dags/example_time_delta_sensor_async.py for tasks to queue
[2021-11-24 13:07:15,402] {logging_mixin.py:109} INFO - [2021-11-24 13:07:15,402] {dagbag.py:500} INFO - Filling up the DagBag from /home/dante/DWBI/Apache/py_env/lib/python3.8/site-packages/airflow/example_dags/example_time_delta_sensor_async.py
[2021-11-24 13:07:15,416] {processor.py:632} INFO - DAG(s) dict_keys(['example_time_delta_sensor_async']) retrieved from /home/dante/DWBI/Apache/py_env/lib/python3.8/site-packages/airflow/example_dags/example_time_delta_sensor_async.py
[2021-11-24 13:07:15,423] {logging_mixin.py:109} INFO - [2021-11-24 13:07:15,423] {dag.py:2389} INFO - Sync 1 DAGs
[2021-11-24 13:07:15,432] {logging_mixin.py:109} INFO - [2021-11-24 13:07:15,432] {dag.py:2921} INFO - Setting next_dagrun for example_time_delta_sensor_async to None
[2021-11-24 13:07:15,457] {processor.py:171} INFO - Processing /home/dante/DWBI/Apache/py_env/lib/python3.8/site-packages/airflow/example_dags/example_time_delta_sensor_async.py took 0.067 seconds
[2021-11-24 13:07:53,049] {processor.py:163} INFO - Started process (PID=43466) to work on /home/dante/DWBI/Apache/py_env/lib/python3.8/site-packages/airflow/example_dags/example_time_delta_sensor_async.py
[2021-11-24 13:07:53,059] {processor.py:620} INFO - Processing file /home/dante/DWBI/Apache/py_env/lib/python3.8/site-packages/airflow/example_dags/example_time_delta_sensor_async.py for tasks to queue
[2021-11-24 13:07:53,061] {logging_mixin.py:109} INFO - [2021-11-24 13:07:53,061] {dagbag.py:500} INFO - Filling up the DagBag from /home/dante/DWBI/Apache/py_env/lib/python3.8/site-packages/airflow/example_dags/example_time_delta_sensor_async.py
[2021-11-24 13:07:53,094] {processor.py:632} INFO - DAG(s) dict_keys(['example_time_delta_sensor_async']) retrieved from /home/dante/DWBI/Apache/py_env/lib/python3.8/site-packages/airflow/example_dags/example_time_delta_sensor_async.py
[2021-11-24 13:07:53,102] {logging_mixin.py:109} INFO - [2021-11-24 13:07:53,102] {dag.py:2389} INFO - Sync 1 DAGs
[2021-11-24 13:07:53,110] {logging_mixin.py:109} INFO - [2021-11-24 13:07:53,110] {dag.py:2921} INFO - Setting next_dagrun for example_time_delta_sensor_async to None
[2021-11-24 13:07:53,119] {processor.py:171} INFO - Processing /home/dante/DWBI/Apache/py_env/lib/python3.8/site-packages/airflow/example_dags/example_time_delta_sensor_async.py took 0.072 seconds
[2021-11-24 13:08:32,032] {processor.py:163} INFO - Started process (PID=43533) to work on /home/dante/DWBI/Apache/py_env/lib/python3.8/site-packages/airflow/example_dags/example_time_delta_sensor_async.py
[2021-11-24 13:08:32,043] {processor.py:620} INFO - Processing file /home/dante/DWBI/Apache/py_env/lib/python3.8/site-packages/airflow/example_dags/example_time_delta_sensor_async.py for tasks to queue
[2021-11-24 13:08:32,044] {logging_mixin.py:109} INFO - [2021-11-24 13:08:32,044] {dagbag.py:500} INFO - Filling up the DagBag from /home/dante/DWBI/Apache/py_env/lib/python3.8/site-packages/airflow/example_dags/example_time_delta_sensor_async.py
[2021-11-24 13:08:32,078] {processor.py:632} INFO - DAG(s) dict_keys(['example_time_delta_sensor_async']) retrieved from /home/dante/DWBI/Apache/py_env/lib/python3.8/site-packages/airflow/example_dags/example_time_delta_sensor_async.py
[2021-11-24 13:08:32,085] {logging_mixin.py:109} INFO - [2021-11-24 13:08:32,085] {dag.py:2389} INFO - Sync 1 DAGs
[2021-11-24 13:08:32,094] {logging_mixin.py:109} INFO - [2021-11-24 13:08:32,094] {dag.py:2921} INFO - Setting next_dagrun for example_time_delta_sensor_async to None
[2021-11-24 13:08:32,131] {processor.py:171} INFO - Processing /home/dante/DWBI/Apache/py_env/lib/python3.8/site-packages/airflow/example_dags/example_time_delta_sensor_async.py took 0.106 seconds
[2021-11-24 13:09:08,728] {processor.py:163} INFO - Started process (PID=43597) to work on /home/dante/DWBI/Apache/py_env/lib/python3.8/site-packages/airflow/example_dags/example_time_delta_sensor_async.py
[2021-11-24 13:09:08,732] {processor.py:620} INFO - Processing file /home/dante/DWBI/Apache/py_env/lib/python3.8/site-packages/airflow/example_dags/example_time_delta_sensor_async.py for tasks to queue
[2021-11-24 13:09:08,734] {logging_mixin.py:109} INFO - [2021-11-24 13:09:08,734] {dagbag.py:500} INFO - Filling up the DagBag from /home/dante/DWBI/Apache/py_env/lib/python3.8/site-packages/airflow/example_dags/example_time_delta_sensor_async.py
[2021-11-24 13:09:08,762] {processor.py:632} INFO - DAG(s) dict_keys(['example_time_delta_sensor_async']) retrieved from /home/dante/DWBI/Apache/py_env/lib/python3.8/site-packages/airflow/example_dags/example_time_delta_sensor_async.py
[2021-11-24 13:09:08,771] {logging_mixin.py:109} INFO - [2021-11-24 13:09:08,771] {dag.py:2389} INFO - Sync 1 DAGs
[2021-11-24 13:09:08,782] {logging_mixin.py:109} INFO - [2021-11-24 13:09:08,782] {dag.py:2921} INFO - Setting next_dagrun for example_time_delta_sensor_async to None
[2021-11-24 13:09:08,793] {processor.py:171} INFO - Processing /home/dante/DWBI/Apache/py_env/lib/python3.8/site-packages/airflow/example_dags/example_time_delta_sensor_async.py took 0.072 seconds
[2021-11-24 13:09:49,843] {processor.py:163} INFO - Started process (PID=43760) to work on /home/dante/DWBI/Apache/py_env/lib/python3.8/site-packages/airflow/example_dags/example_time_delta_sensor_async.py
[2021-11-24 13:09:49,845] {processor.py:620} INFO - Processing file /home/dante/DWBI/Apache/py_env/lib/python3.8/site-packages/airflow/example_dags/example_time_delta_sensor_async.py for tasks to queue
[2021-11-24 13:09:49,845] {logging_mixin.py:109} INFO - [2021-11-24 13:09:49,845] {dagbag.py:500} INFO - Filling up the DagBag from /home/dante/DWBI/Apache/py_env/lib/python3.8/site-packages/airflow/example_dags/example_time_delta_sensor_async.py
[2021-11-24 13:09:49,861] {processor.py:632} INFO - DAG(s) dict_keys(['example_time_delta_sensor_async']) retrieved from /home/dante/DWBI/Apache/py_env/lib/python3.8/site-packages/airflow/example_dags/example_time_delta_sensor_async.py
[2021-11-24 13:09:49,868] {logging_mixin.py:109} INFO - [2021-11-24 13:09:49,868] {dag.py:2389} INFO - Sync 1 DAGs
[2021-11-24 13:09:49,878] {logging_mixin.py:109} INFO - [2021-11-24 13:09:49,878] {dag.py:2921} INFO - Setting next_dagrun for example_time_delta_sensor_async to None
[2021-11-24 13:09:49,885] {processor.py:171} INFO - Processing /home/dante/DWBI/Apache/py_env/lib/python3.8/site-packages/airflow/example_dags/example_time_delta_sensor_async.py took 0.044 seconds
[2021-11-24 13:10:32,426] {processor.py:163} INFO - Started process (PID=43996) to work on /home/dante/DWBI/Apache/py_env/lib/python3.8/site-packages/airflow/example_dags/example_time_delta_sensor_async.py
[2021-11-24 13:10:32,438] {processor.py:620} INFO - Processing file /home/dante/DWBI/Apache/py_env/lib/python3.8/site-packages/airflow/example_dags/example_time_delta_sensor_async.py for tasks to queue
[2021-11-24 13:10:32,440] {logging_mixin.py:109} INFO - [2021-11-24 13:10:32,439] {dagbag.py:500} INFO - Filling up the DagBag from /home/dante/DWBI/Apache/py_env/lib/python3.8/site-packages/airflow/example_dags/example_time_delta_sensor_async.py
[2021-11-24 13:10:32,470] {processor.py:632} INFO - DAG(s) dict_keys(['example_time_delta_sensor_async']) retrieved from /home/dante/DWBI/Apache/py_env/lib/python3.8/site-packages/airflow/example_dags/example_time_delta_sensor_async.py
[2021-11-24 13:10:32,477] {logging_mixin.py:109} INFO - [2021-11-24 13:10:32,477] {dag.py:2389} INFO - Sync 1 DAGs
[2021-11-24 13:10:32,487] {logging_mixin.py:109} INFO - [2021-11-24 13:10:32,487] {dag.py:2921} INFO - Setting next_dagrun for example_time_delta_sensor_async to None
[2021-11-24 13:10:32,495] {processor.py:171} INFO - Processing /home/dante/DWBI/Apache/py_env/lib/python3.8/site-packages/airflow/example_dags/example_time_delta_sensor_async.py took 0.075 seconds
[2021-11-24 13:11:14,156] {processor.py:163} INFO - Started process (PID=44145) to work on /home/dante/DWBI/Apache/py_env/lib/python3.8/site-packages/airflow/example_dags/example_time_delta_sensor_async.py
[2021-11-24 13:11:14,169] {processor.py:620} INFO - Processing file /home/dante/DWBI/Apache/py_env/lib/python3.8/site-packages/airflow/example_dags/example_time_delta_sensor_async.py for tasks to queue
[2021-11-24 13:11:14,170] {logging_mixin.py:109} INFO - [2021-11-24 13:11:14,170] {dagbag.py:500} INFO - Filling up the DagBag from /home/dante/DWBI/Apache/py_env/lib/python3.8/site-packages/airflow/example_dags/example_time_delta_sensor_async.py
[2021-11-24 13:11:14,198] {processor.py:632} INFO - DAG(s) dict_keys(['example_time_delta_sensor_async']) retrieved from /home/dante/DWBI/Apache/py_env/lib/python3.8/site-packages/airflow/example_dags/example_time_delta_sensor_async.py
[2021-11-24 13:11:14,205] {logging_mixin.py:109} INFO - [2021-11-24 13:11:14,205] {dag.py:2389} INFO - Sync 1 DAGs
[2021-11-24 13:11:14,214] {logging_mixin.py:109} INFO - [2021-11-24 13:11:14,214] {dag.py:2921} INFO - Setting next_dagrun for example_time_delta_sensor_async to None
[2021-11-24 13:11:14,223] {processor.py:171} INFO - Processing /home/dante/DWBI/Apache/py_env/lib/python3.8/site-packages/airflow/example_dags/example_time_delta_sensor_async.py took 0.075 seconds
[2021-11-24 13:11:49,712] {processor.py:163} INFO - Started process (PID=44251) to work on /home/dante/DWBI/Apache/py_env/lib/python3.8/site-packages/airflow/example_dags/example_time_delta_sensor_async.py
[2021-11-24 13:11:49,714] {processor.py:620} INFO - Processing file /home/dante/DWBI/Apache/py_env/lib/python3.8/site-packages/airflow/example_dags/example_time_delta_sensor_async.py for tasks to queue
[2021-11-24 13:11:49,715] {logging_mixin.py:109} INFO - [2021-11-24 13:11:49,715] {dagbag.py:500} INFO - Filling up the DagBag from /home/dante/DWBI/Apache/py_env/lib/python3.8/site-packages/airflow/example_dags/example_time_delta_sensor_async.py
[2021-11-24 13:11:49,743] {processor.py:632} INFO - DAG(s) dict_keys(['example_time_delta_sensor_async']) retrieved from /home/dante/DWBI/Apache/py_env/lib/python3.8/site-packages/airflow/example_dags/example_time_delta_sensor_async.py
[2021-11-24 13:11:49,752] {logging_mixin.py:109} INFO - [2021-11-24 13:11:49,752] {dag.py:2389} INFO - Sync 1 DAGs
[2021-11-24 13:11:49,762] {logging_mixin.py:109} INFO - [2021-11-24 13:11:49,762] {dag.py:2921} INFO - Setting next_dagrun for example_time_delta_sensor_async to None
[2021-11-24 13:11:49,769] {processor.py:171} INFO - Processing /home/dante/DWBI/Apache/py_env/lib/python3.8/site-packages/airflow/example_dags/example_time_delta_sensor_async.py took 0.060 seconds
[2021-11-24 13:12:32,183] {processor.py:163} INFO - Started process (PID=44318) to work on /home/dante/DWBI/Apache/py_env/lib/python3.8/site-packages/airflow/example_dags/example_time_delta_sensor_async.py
[2021-11-24 13:12:32,193] {processor.py:620} INFO - Processing file /home/dante/DWBI/Apache/py_env/lib/python3.8/site-packages/airflow/example_dags/example_time_delta_sensor_async.py for tasks to queue
[2021-11-24 13:12:32,194] {logging_mixin.py:109} INFO - [2021-11-24 13:12:32,193] {dagbag.py:500} INFO - Filling up the DagBag from /home/dante/DWBI/Apache/py_env/lib/python3.8/site-packages/airflow/example_dags/example_time_delta_sensor_async.py
[2021-11-24 13:12:32,213] {processor.py:632} INFO - DAG(s) dict_keys(['example_time_delta_sensor_async']) retrieved from /home/dante/DWBI/Apache/py_env/lib/python3.8/site-packages/airflow/example_dags/example_time_delta_sensor_async.py
[2021-11-24 13:12:32,223] {logging_mixin.py:109} INFO - [2021-11-24 13:12:32,222] {dag.py:2389} INFO - Sync 1 DAGs
[2021-11-24 13:12:32,232] {logging_mixin.py:109} INFO - [2021-11-24 13:12:32,232] {dag.py:2921} INFO - Setting next_dagrun for example_time_delta_sensor_async to None
[2021-11-24 13:12:32,262] {processor.py:171} INFO - Processing /home/dante/DWBI/Apache/py_env/lib/python3.8/site-packages/airflow/example_dags/example_time_delta_sensor_async.py took 0.082 seconds
[2021-11-24 13:13:09,898] {processor.py:163} INFO - Started process (PID=44466) to work on /home/dante/DWBI/Apache/py_env/lib/python3.8/site-packages/airflow/example_dags/example_time_delta_sensor_async.py
[2021-11-24 13:13:09,909] {processor.py:620} INFO - Processing file /home/dante/DWBI/Apache/py_env/lib/python3.8/site-packages/airflow/example_dags/example_time_delta_sensor_async.py for tasks to queue
[2021-11-24 13:13:09,911] {logging_mixin.py:109} INFO - [2021-11-24 13:13:09,910] {dagbag.py:500} INFO - Filling up the DagBag from /home/dante/DWBI/Apache/py_env/lib/python3.8/site-packages/airflow/example_dags/example_time_delta_sensor_async.py
[2021-11-24 13:13:09,927] {processor.py:632} INFO - DAG(s) dict_keys(['example_time_delta_sensor_async']) retrieved from /home/dante/DWBI/Apache/py_env/lib/python3.8/site-packages/airflow/example_dags/example_time_delta_sensor_async.py
[2021-11-24 13:13:09,934] {logging_mixin.py:109} INFO - [2021-11-24 13:13:09,934] {dag.py:2389} INFO - Sync 1 DAGs
[2021-11-24 13:13:09,944] {logging_mixin.py:109} INFO - [2021-11-24 13:13:09,944] {dag.py:2921} INFO - Setting next_dagrun for example_time_delta_sensor_async to None
[2021-11-24 13:13:09,951] {processor.py:171} INFO - Processing /home/dante/DWBI/Apache/py_env/lib/python3.8/site-packages/airflow/example_dags/example_time_delta_sensor_async.py took 0.055 seconds
[2021-11-24 13:13:50,426] {processor.py:163} INFO - Started process (PID=44545) to work on /home/dante/DWBI/Apache/py_env/lib/python3.8/site-packages/airflow/example_dags/example_time_delta_sensor_async.py
[2021-11-24 13:13:50,434] {processor.py:620} INFO - Processing file /home/dante/DWBI/Apache/py_env/lib/python3.8/site-packages/airflow/example_dags/example_time_delta_sensor_async.py for tasks to queue
[2021-11-24 13:13:50,436] {logging_mixin.py:109} INFO - [2021-11-24 13:13:50,436] {dagbag.py:500} INFO - Filling up the DagBag from /home/dante/DWBI/Apache/py_env/lib/python3.8/site-packages/airflow/example_dags/example_time_delta_sensor_async.py
[2021-11-24 13:13:50,462] {processor.py:632} INFO - DAG(s) dict_keys(['example_time_delta_sensor_async']) retrieved from /home/dante/DWBI/Apache/py_env/lib/python3.8/site-packages/airflow/example_dags/example_time_delta_sensor_async.py
[2021-11-24 13:13:50,472] {logging_mixin.py:109} INFO - [2021-11-24 13:13:50,471] {dag.py:2389} INFO - Sync 1 DAGs
[2021-11-24 13:13:50,488] {logging_mixin.py:109} INFO - [2021-11-24 13:13:50,488] {dag.py:2921} INFO - Setting next_dagrun for example_time_delta_sensor_async to None
[2021-11-24 13:13:50,497] {processor.py:171} INFO - Processing /home/dante/DWBI/Apache/py_env/lib/python3.8/site-packages/airflow/example_dags/example_time_delta_sensor_async.py took 0.079 seconds
[2021-11-24 13:14:29,503] {processor.py:163} INFO - Started process (PID=44601) to work on /home/dante/DWBI/Apache/py_env/lib/python3.8/site-packages/airflow/example_dags/example_time_delta_sensor_async.py
[2021-11-24 13:14:29,505] {processor.py:620} INFO - Processing file /home/dante/DWBI/Apache/py_env/lib/python3.8/site-packages/airflow/example_dags/example_time_delta_sensor_async.py for tasks to queue
[2021-11-24 13:14:29,506] {logging_mixin.py:109} INFO - [2021-11-24 13:14:29,506] {dagbag.py:500} INFO - Filling up the DagBag from /home/dante/DWBI/Apache/py_env/lib/python3.8/site-packages/airflow/example_dags/example_time_delta_sensor_async.py
[2021-11-24 13:14:29,520] {processor.py:632} INFO - DAG(s) dict_keys(['example_time_delta_sensor_async']) retrieved from /home/dante/DWBI/Apache/py_env/lib/python3.8/site-packages/airflow/example_dags/example_time_delta_sensor_async.py
[2021-11-24 13:14:29,526] {logging_mixin.py:109} INFO - [2021-11-24 13:14:29,526] {dag.py:2389} INFO - Sync 1 DAGs
[2021-11-24 13:14:29,535] {logging_mixin.py:109} INFO - [2021-11-24 13:14:29,535] {dag.py:2921} INFO - Setting next_dagrun for example_time_delta_sensor_async to None
[2021-11-24 13:14:29,542] {processor.py:171} INFO - Processing /home/dante/DWBI/Apache/py_env/lib/python3.8/site-packages/airflow/example_dags/example_time_delta_sensor_async.py took 0.041 seconds
[2021-11-24 13:15:07,679] {processor.py:163} INFO - Started process (PID=44752) to work on /home/dante/DWBI/Apache/py_env/lib/python3.8/site-packages/airflow/example_dags/example_time_delta_sensor_async.py
[2021-11-24 13:15:07,688] {processor.py:620} INFO - Processing file /home/dante/DWBI/Apache/py_env/lib/python3.8/site-packages/airflow/example_dags/example_time_delta_sensor_async.py for tasks to queue
[2021-11-24 13:15:07,688] {logging_mixin.py:109} INFO - [2021-11-24 13:15:07,688] {dagbag.py:500} INFO - Filling up the DagBag from /home/dante/DWBI/Apache/py_env/lib/python3.8/site-packages/airflow/example_dags/example_time_delta_sensor_async.py
[2021-11-24 13:15:07,711] {processor.py:632} INFO - DAG(s) dict_keys(['example_time_delta_sensor_async']) retrieved from /home/dante/DWBI/Apache/py_env/lib/python3.8/site-packages/airflow/example_dags/example_time_delta_sensor_async.py
[2021-11-24 13:15:07,721] {logging_mixin.py:109} INFO - [2021-11-24 13:15:07,721] {dag.py:2389} INFO - Sync 1 DAGs
[2021-11-24 13:15:07,731] {logging_mixin.py:109} INFO - [2021-11-24 13:15:07,731] {dag.py:2921} INFO - Setting next_dagrun for example_time_delta_sensor_async to None
[2021-11-24 13:15:07,739] {processor.py:171} INFO - Processing /home/dante/DWBI/Apache/py_env/lib/python3.8/site-packages/airflow/example_dags/example_time_delta_sensor_async.py took 0.063 seconds
[2021-11-24 13:15:47,774] {processor.py:163} INFO - Started process (PID=44842) to work on /home/dante/DWBI/Apache/py_env/lib/python3.8/site-packages/airflow/example_dags/example_time_delta_sensor_async.py
[2021-11-24 13:15:47,783] {processor.py:620} INFO - Processing file /home/dante/DWBI/Apache/py_env/lib/python3.8/site-packages/airflow/example_dags/example_time_delta_sensor_async.py for tasks to queue
[2021-11-24 13:15:47,784] {logging_mixin.py:109} INFO - [2021-11-24 13:15:47,783] {dagbag.py:500} INFO - Filling up the DagBag from /home/dante/DWBI/Apache/py_env/lib/python3.8/site-packages/airflow/example_dags/example_time_delta_sensor_async.py
[2021-11-24 13:15:47,801] {processor.py:632} INFO - DAG(s) dict_keys(['example_time_delta_sensor_async']) retrieved from /home/dante/DWBI/Apache/py_env/lib/python3.8/site-packages/airflow/example_dags/example_time_delta_sensor_async.py
[2021-11-24 13:15:47,809] {logging_mixin.py:109} INFO - [2021-11-24 13:15:47,809] {dag.py:2389} INFO - Sync 1 DAGs
[2021-11-24 13:15:47,819] {logging_mixin.py:109} INFO - [2021-11-24 13:15:47,818] {dag.py:2921} INFO - Setting next_dagrun for example_time_delta_sensor_async to None
[2021-11-24 13:15:47,837] {processor.py:171} INFO - Processing /home/dante/DWBI/Apache/py_env/lib/python3.8/site-packages/airflow/example_dags/example_time_delta_sensor_async.py took 0.066 seconds
[2021-11-24 13:16:30,202] {processor.py:163} INFO - Started process (PID=45358) to work on /home/dante/DWBI/Apache/py_env/lib/python3.8/site-packages/airflow/example_dags/example_time_delta_sensor_async.py
[2021-11-24 13:16:30,212] {processor.py:620} INFO - Processing file /home/dante/DWBI/Apache/py_env/lib/python3.8/site-packages/airflow/example_dags/example_time_delta_sensor_async.py for tasks to queue
[2021-11-24 13:16:30,213] {logging_mixin.py:109} INFO - [2021-11-24 13:16:30,213] {dagbag.py:500} INFO - Filling up the DagBag from /home/dante/DWBI/Apache/py_env/lib/python3.8/site-packages/airflow/example_dags/example_time_delta_sensor_async.py
[2021-11-24 13:16:30,229] {processor.py:632} INFO - DAG(s) dict_keys(['example_time_delta_sensor_async']) retrieved from /home/dante/DWBI/Apache/py_env/lib/python3.8/site-packages/airflow/example_dags/example_time_delta_sensor_async.py
[2021-11-24 13:16:30,236] {logging_mixin.py:109} INFO - [2021-11-24 13:16:30,236] {dag.py:2389} INFO - Sync 1 DAGs
[2021-11-24 13:16:30,244] {logging_mixin.py:109} INFO - [2021-11-24 13:16:30,244] {dag.py:2921} INFO - Setting next_dagrun for example_time_delta_sensor_async to None
[2021-11-24 13:16:30,255] {processor.py:171} INFO - Processing /home/dante/DWBI/Apache/py_env/lib/python3.8/site-packages/airflow/example_dags/example_time_delta_sensor_async.py took 0.059 seconds
[2021-11-24 13:17:04,447] {processor.py:163} INFO - Started process (PID=45454) to work on /home/dante/DWBI/Apache/py_env/lib/python3.8/site-packages/airflow/example_dags/example_time_delta_sensor_async.py
[2021-11-24 13:17:04,449] {processor.py:620} INFO - Processing file /home/dante/DWBI/Apache/py_env/lib/python3.8/site-packages/airflow/example_dags/example_time_delta_sensor_async.py for tasks to queue
[2021-11-24 13:17:04,450] {logging_mixin.py:109} INFO - [2021-11-24 13:17:04,450] {dagbag.py:500} INFO - Filling up the DagBag from /home/dante/DWBI/Apache/py_env/lib/python3.8/site-packages/airflow/example_dags/example_time_delta_sensor_async.py
[2021-11-24 13:17:04,464] {processor.py:632} INFO - DAG(s) dict_keys(['example_time_delta_sensor_async']) retrieved from /home/dante/DWBI/Apache/py_env/lib/python3.8/site-packages/airflow/example_dags/example_time_delta_sensor_async.py
[2021-11-24 13:17:04,473] {logging_mixin.py:109} INFO - [2021-11-24 13:17:04,473] {dag.py:2389} INFO - Sync 1 DAGs
[2021-11-24 13:17:04,486] {logging_mixin.py:109} INFO - [2021-11-24 13:17:04,486] {dag.py:2921} INFO - Setting next_dagrun for example_time_delta_sensor_async to None
[2021-11-24 13:17:04,495] {processor.py:171} INFO - Processing /home/dante/DWBI/Apache/py_env/lib/python3.8/site-packages/airflow/example_dags/example_time_delta_sensor_async.py took 0.050 seconds
[2021-11-24 13:17:41,957] {processor.py:163} INFO - Started process (PID=45577) to work on /home/dante/DWBI/Apache/py_env/lib/python3.8/site-packages/airflow/example_dags/example_time_delta_sensor_async.py
[2021-11-24 13:17:41,966] {processor.py:620} INFO - Processing file /home/dante/DWBI/Apache/py_env/lib/python3.8/site-packages/airflow/example_dags/example_time_delta_sensor_async.py for tasks to queue
[2021-11-24 13:17:41,967] {logging_mixin.py:109} INFO - [2021-11-24 13:17:41,967] {dagbag.py:500} INFO - Filling up the DagBag from /home/dante/DWBI/Apache/py_env/lib/python3.8/site-packages/airflow/example_dags/example_time_delta_sensor_async.py
[2021-11-24 13:17:41,988] {processor.py:632} INFO - DAG(s) dict_keys(['example_time_delta_sensor_async']) retrieved from /home/dante/DWBI/Apache/py_env/lib/python3.8/site-packages/airflow/example_dags/example_time_delta_sensor_async.py
[2021-11-24 13:17:41,998] {logging_mixin.py:109} INFO - [2021-11-24 13:17:41,997] {dag.py:2389} INFO - Sync 1 DAGs
[2021-11-24 13:17:42,007] {logging_mixin.py:109} INFO - [2021-11-24 13:17:42,007] {dag.py:2921} INFO - Setting next_dagrun for example_time_delta_sensor_async to None
[2021-11-24 13:17:42,034] {processor.py:171} INFO - Processing /home/dante/DWBI/Apache/py_env/lib/python3.8/site-packages/airflow/example_dags/example_time_delta_sensor_async.py took 0.080 seconds
[2021-11-24 13:18:20,686] {processor.py:163} INFO - Started process (PID=45642) to work on /home/dante/DWBI/Apache/py_env/lib/python3.8/site-packages/airflow/example_dags/example_time_delta_sensor_async.py
[2021-11-24 13:18:20,694] {processor.py:620} INFO - Processing file /home/dante/DWBI/Apache/py_env/lib/python3.8/site-packages/airflow/example_dags/example_time_delta_sensor_async.py for tasks to queue
[2021-11-24 13:18:20,695] {logging_mixin.py:109} INFO - [2021-11-24 13:18:20,695] {dagbag.py:500} INFO - Filling up the DagBag from /home/dante/DWBI/Apache/py_env/lib/python3.8/site-packages/airflow/example_dags/example_time_delta_sensor_async.py
[2021-11-24 13:18:20,707] {processor.py:632} INFO - DAG(s) dict_keys(['example_time_delta_sensor_async']) retrieved from /home/dante/DWBI/Apache/py_env/lib/python3.8/site-packages/airflow/example_dags/example_time_delta_sensor_async.py
[2021-11-24 13:18:20,713] {logging_mixin.py:109} INFO - [2021-11-24 13:18:20,713] {dag.py:2389} INFO - Sync 1 DAGs
[2021-11-24 13:18:20,722] {logging_mixin.py:109} INFO - [2021-11-24 13:18:20,722] {dag.py:2921} INFO - Setting next_dagrun for example_time_delta_sensor_async to None
[2021-11-24 13:18:20,729] {processor.py:171} INFO - Processing /home/dante/DWBI/Apache/py_env/lib/python3.8/site-packages/airflow/example_dags/example_time_delta_sensor_async.py took 0.046 seconds
[2021-11-24 13:19:00,405] {processor.py:163} INFO - Started process (PID=45713) to work on /home/dante/DWBI/Apache/py_env/lib/python3.8/site-packages/airflow/example_dags/example_time_delta_sensor_async.py
[2021-11-24 13:19:00,415] {processor.py:620} INFO - Processing file /home/dante/DWBI/Apache/py_env/lib/python3.8/site-packages/airflow/example_dags/example_time_delta_sensor_async.py for tasks to queue
[2021-11-24 13:19:00,416] {logging_mixin.py:109} INFO - [2021-11-24 13:19:00,416] {dagbag.py:500} INFO - Filling up the DagBag from /home/dante/DWBI/Apache/py_env/lib/python3.8/site-packages/airflow/example_dags/example_time_delta_sensor_async.py
[2021-11-24 13:19:00,436] {processor.py:632} INFO - DAG(s) dict_keys(['example_time_delta_sensor_async']) retrieved from /home/dante/DWBI/Apache/py_env/lib/python3.8/site-packages/airflow/example_dags/example_time_delta_sensor_async.py
[2021-11-24 13:19:00,445] {logging_mixin.py:109} INFO - [2021-11-24 13:19:00,445] {dag.py:2389} INFO - Sync 1 DAGs
[2021-11-24 13:19:00,454] {logging_mixin.py:109} INFO - [2021-11-24 13:19:00,454] {dag.py:2921} INFO - Setting next_dagrun for example_time_delta_sensor_async to None
[2021-11-24 13:19:00,486] {processor.py:171} INFO - Processing /home/dante/DWBI/Apache/py_env/lib/python3.8/site-packages/airflow/example_dags/example_time_delta_sensor_async.py took 0.083 seconds
[2021-11-24 13:19:39,331] {processor.py:163} INFO - Started process (PID=45766) to work on /home/dante/DWBI/Apache/py_env/lib/python3.8/site-packages/airflow/example_dags/example_time_delta_sensor_async.py
[2021-11-24 13:19:39,341] {processor.py:620} INFO - Processing file /home/dante/DWBI/Apache/py_env/lib/python3.8/site-packages/airflow/example_dags/example_time_delta_sensor_async.py for tasks to queue
[2021-11-24 13:19:39,341] {logging_mixin.py:109} INFO - [2021-11-24 13:19:39,341] {dagbag.py:500} INFO - Filling up the DagBag from /home/dante/DWBI/Apache/py_env/lib/python3.8/site-packages/airflow/example_dags/example_time_delta_sensor_async.py
[2021-11-24 13:19:39,362] {processor.py:632} INFO - DAG(s) dict_keys(['example_time_delta_sensor_async']) retrieved from /home/dante/DWBI/Apache/py_env/lib/python3.8/site-packages/airflow/example_dags/example_time_delta_sensor_async.py
[2021-11-24 13:19:39,370] {logging_mixin.py:109} INFO - [2021-11-24 13:19:39,370] {dag.py:2389} INFO - Sync 1 DAGs
[2021-11-24 13:19:39,380] {logging_mixin.py:109} INFO - [2021-11-24 13:19:39,380] {dag.py:2921} INFO - Setting next_dagrun for example_time_delta_sensor_async to None
[2021-11-24 13:19:39,387] {processor.py:171} INFO - Processing /home/dante/DWBI/Apache/py_env/lib/python3.8/site-packages/airflow/example_dags/example_time_delta_sensor_async.py took 0.058 seconds
[2021-11-24 13:20:22,437] {processor.py:163} INFO - Started process (PID=45825) to work on /home/dante/DWBI/Apache/py_env/lib/python3.8/site-packages/airflow/example_dags/example_time_delta_sensor_async.py
[2021-11-24 13:20:22,447] {processor.py:620} INFO - Processing file /home/dante/DWBI/Apache/py_env/lib/python3.8/site-packages/airflow/example_dags/example_time_delta_sensor_async.py for tasks to queue
[2021-11-24 13:20:22,448] {logging_mixin.py:109} INFO - [2021-11-24 13:20:22,448] {dagbag.py:500} INFO - Filling up the DagBag from /home/dante/DWBI/Apache/py_env/lib/python3.8/site-packages/airflow/example_dags/example_time_delta_sensor_async.py
[2021-11-24 13:20:22,471] {processor.py:632} INFO - DAG(s) dict_keys(['example_time_delta_sensor_async']) retrieved from /home/dante/DWBI/Apache/py_env/lib/python3.8/site-packages/airflow/example_dags/example_time_delta_sensor_async.py
[2021-11-24 13:20:22,482] {logging_mixin.py:109} INFO - [2021-11-24 13:20:22,482] {dag.py:2389} INFO - Sync 1 DAGs
[2021-11-24 13:20:22,492] {logging_mixin.py:109} INFO - [2021-11-24 13:20:22,492] {dag.py:2921} INFO - Setting next_dagrun for example_time_delta_sensor_async to None
[2021-11-24 13:20:22,503] {processor.py:171} INFO - Processing /home/dante/DWBI/Apache/py_env/lib/python3.8/site-packages/airflow/example_dags/example_time_delta_sensor_async.py took 0.069 seconds
[2021-11-24 13:20:59,246] {processor.py:163} INFO - Started process (PID=45881) to work on /home/dante/DWBI/Apache/py_env/lib/python3.8/site-packages/airflow/example_dags/example_time_delta_sensor_async.py
[2021-11-24 13:20:59,252] {processor.py:620} INFO - Processing file /home/dante/DWBI/Apache/py_env/lib/python3.8/site-packages/airflow/example_dags/example_time_delta_sensor_async.py for tasks to queue
[2021-11-24 13:20:59,253] {logging_mixin.py:109} INFO - [2021-11-24 13:20:59,252] {dagbag.py:500} INFO - Filling up the DagBag from /home/dante/DWBI/Apache/py_env/lib/python3.8/site-packages/airflow/example_dags/example_time_delta_sensor_async.py
[2021-11-24 13:20:59,274] {processor.py:632} INFO - DAG(s) dict_keys(['example_time_delta_sensor_async']) retrieved from /home/dante/DWBI/Apache/py_env/lib/python3.8/site-packages/airflow/example_dags/example_time_delta_sensor_async.py
[2021-11-24 13:20:59,284] {logging_mixin.py:109} INFO - [2021-11-24 13:20:59,284] {dag.py:2389} INFO - Sync 1 DAGs
[2021-11-24 13:20:59,294] {logging_mixin.py:109} INFO - [2021-11-24 13:20:59,294] {dag.py:2921} INFO - Setting next_dagrun for example_time_delta_sensor_async to None
[2021-11-24 13:20:59,303] {processor.py:171} INFO - Processing /home/dante/DWBI/Apache/py_env/lib/python3.8/site-packages/airflow/example_dags/example_time_delta_sensor_async.py took 0.060 seconds
[2021-11-24 13:21:37,381] {processor.py:163} INFO - Started process (PID=45969) to work on /home/dante/DWBI/Apache/py_env/lib/python3.8/site-packages/airflow/example_dags/example_time_delta_sensor_async.py
[2021-11-24 13:21:37,391] {processor.py:620} INFO - Processing file /home/dante/DWBI/Apache/py_env/lib/python3.8/site-packages/airflow/example_dags/example_time_delta_sensor_async.py for tasks to queue
[2021-11-24 13:21:37,393] {logging_mixin.py:109} INFO - [2021-11-24 13:21:37,392] {dagbag.py:500} INFO - Filling up the DagBag from /home/dante/DWBI/Apache/py_env/lib/python3.8/site-packages/airflow/example_dags/example_time_delta_sensor_async.py
[2021-11-24 13:21:37,422] {processor.py:632} INFO - DAG(s) dict_keys(['example_time_delta_sensor_async']) retrieved from /home/dante/DWBI/Apache/py_env/lib/python3.8/site-packages/airflow/example_dags/example_time_delta_sensor_async.py
[2021-11-24 13:21:37,430] {logging_mixin.py:109} INFO - [2021-11-24 13:21:37,430] {dag.py:2389} INFO - Sync 1 DAGs
[2021-11-24 13:21:37,438] {logging_mixin.py:109} INFO - [2021-11-24 13:21:37,438] {dag.py:2921} INFO - Setting next_dagrun for example_time_delta_sensor_async to None
[2021-11-24 13:21:37,448] {processor.py:171} INFO - Processing /home/dante/DWBI/Apache/py_env/lib/python3.8/site-packages/airflow/example_dags/example_time_delta_sensor_async.py took 0.069 seconds
[2021-11-24 13:22:17,103] {processor.py:163} INFO - Started process (PID=46052) to work on /home/dante/DWBI/Apache/py_env/lib/python3.8/site-packages/airflow/example_dags/example_time_delta_sensor_async.py
[2021-11-24 13:22:17,107] {processor.py:620} INFO - Processing file /home/dante/DWBI/Apache/py_env/lib/python3.8/site-packages/airflow/example_dags/example_time_delta_sensor_async.py for tasks to queue
[2021-11-24 13:22:17,108] {logging_mixin.py:109} INFO - [2021-11-24 13:22:17,108] {dagbag.py:500} INFO - Filling up the DagBag from /home/dante/DWBI/Apache/py_env/lib/python3.8/site-packages/airflow/example_dags/example_time_delta_sensor_async.py
[2021-11-24 13:22:17,135] {processor.py:632} INFO - DAG(s) dict_keys(['example_time_delta_sensor_async']) retrieved from /home/dante/DWBI/Apache/py_env/lib/python3.8/site-packages/airflow/example_dags/example_time_delta_sensor_async.py
[2021-11-24 13:22:17,142] {logging_mixin.py:109} INFO - [2021-11-24 13:22:17,142] {dag.py:2389} INFO - Sync 1 DAGs
[2021-11-24 13:22:17,151] {logging_mixin.py:109} INFO - [2021-11-24 13:22:17,151] {dag.py:2921} INFO - Setting next_dagrun for example_time_delta_sensor_async to None
[2021-11-24 13:22:17,159] {processor.py:171} INFO - Processing /home/dante/DWBI/Apache/py_env/lib/python3.8/site-packages/airflow/example_dags/example_time_delta_sensor_async.py took 0.062 seconds
[2021-11-24 13:22:57,756] {processor.py:163} INFO - Started process (PID=46430) to work on /home/dante/DWBI/Apache/py_env/lib/python3.8/site-packages/airflow/example_dags/example_time_delta_sensor_async.py
[2021-11-24 13:22:57,765] {processor.py:620} INFO - Processing file /home/dante/DWBI/Apache/py_env/lib/python3.8/site-packages/airflow/example_dags/example_time_delta_sensor_async.py for tasks to queue
[2021-11-24 13:22:57,766] {logging_mixin.py:109} INFO - [2021-11-24 13:22:57,766] {dagbag.py:500} INFO - Filling up the DagBag from /home/dante/DWBI/Apache/py_env/lib/python3.8/site-packages/airflow/example_dags/example_time_delta_sensor_async.py
[2021-11-24 13:22:57,796] {processor.py:632} INFO - DAG(s) dict_keys(['example_time_delta_sensor_async']) retrieved from /home/dante/DWBI/Apache/py_env/lib/python3.8/site-packages/airflow/example_dags/example_time_delta_sensor_async.py
[2021-11-24 13:22:57,820] {logging_mixin.py:109} INFO - [2021-11-24 13:22:57,819] {dag.py:2389} INFO - Sync 1 DAGs
[2021-11-24 13:22:57,854] {logging_mixin.py:109} INFO - [2021-11-24 13:22:57,853] {dag.py:2921} INFO - Setting next_dagrun for example_time_delta_sensor_async to None
[2021-11-24 13:22:57,879] {processor.py:171} INFO - Processing /home/dante/DWBI/Apache/py_env/lib/python3.8/site-packages/airflow/example_dags/example_time_delta_sensor_async.py took 0.126 seconds
[2021-11-24 13:23:38,230] {processor.py:163} INFO - Started process (PID=46498) to work on /home/dante/DWBI/Apache/py_env/lib/python3.8/site-packages/airflow/example_dags/example_time_delta_sensor_async.py
[2021-11-24 13:23:38,240] {processor.py:620} INFO - Processing file /home/dante/DWBI/Apache/py_env/lib/python3.8/site-packages/airflow/example_dags/example_time_delta_sensor_async.py for tasks to queue
[2021-11-24 13:23:38,242] {logging_mixin.py:109} INFO - [2021-11-24 13:23:38,241] {dagbag.py:500} INFO - Filling up the DagBag from /home/dante/DWBI/Apache/py_env/lib/python3.8/site-packages/airflow/example_dags/example_time_delta_sensor_async.py
[2021-11-24 13:23:38,277] {processor.py:632} INFO - DAG(s) dict_keys(['example_time_delta_sensor_async']) retrieved from /home/dante/DWBI/Apache/py_env/lib/python3.8/site-packages/airflow/example_dags/example_time_delta_sensor_async.py
[2021-11-24 13:23:38,285] {logging_mixin.py:109} INFO - [2021-11-24 13:23:38,285] {dag.py:2389} INFO - Sync 1 DAGs
[2021-11-24 13:23:38,294] {logging_mixin.py:109} INFO - [2021-11-24 13:23:38,294] {dag.py:2921} INFO - Setting next_dagrun for example_time_delta_sensor_async to None
[2021-11-24 13:23:38,322] {processor.py:171} INFO - Processing /home/dante/DWBI/Apache/py_env/lib/python3.8/site-packages/airflow/example_dags/example_time_delta_sensor_async.py took 0.095 seconds
[2021-11-24 13:24:15,547] {processor.py:163} INFO - Started process (PID=46567) to work on /home/dante/DWBI/Apache/py_env/lib/python3.8/site-packages/airflow/example_dags/example_time_delta_sensor_async.py
[2021-11-24 13:24:15,557] {processor.py:620} INFO - Processing file /home/dante/DWBI/Apache/py_env/lib/python3.8/site-packages/airflow/example_dags/example_time_delta_sensor_async.py for tasks to queue
[2021-11-24 13:24:15,558] {logging_mixin.py:109} INFO - [2021-11-24 13:24:15,558] {dagbag.py:500} INFO - Filling up the DagBag from /home/dante/DWBI/Apache/py_env/lib/python3.8/site-packages/airflow/example_dags/example_time_delta_sensor_async.py
[2021-11-24 13:24:15,591] {processor.py:632} INFO - DAG(s) dict_keys(['example_time_delta_sensor_async']) retrieved from /home/dante/DWBI/Apache/py_env/lib/python3.8/site-packages/airflow/example_dags/example_time_delta_sensor_async.py
[2021-11-24 13:24:15,599] {logging_mixin.py:109} INFO - [2021-11-24 13:24:15,599] {dag.py:2389} INFO - Sync 1 DAGs
[2021-11-24 13:24:15,609] {logging_mixin.py:109} INFO - [2021-11-24 13:24:15,609] {dag.py:2921} INFO - Setting next_dagrun for example_time_delta_sensor_async to None
[2021-11-24 13:24:15,618] {processor.py:171} INFO - Processing /home/dante/DWBI/Apache/py_env/lib/python3.8/site-packages/airflow/example_dags/example_time_delta_sensor_async.py took 0.074 seconds
[2021-11-24 13:24:56,668] {processor.py:163} INFO - Started process (PID=46739) to work on /home/dante/DWBI/Apache/py_env/lib/python3.8/site-packages/airflow/example_dags/example_time_delta_sensor_async.py
[2021-11-24 13:24:56,680] {processor.py:620} INFO - Processing file /home/dante/DWBI/Apache/py_env/lib/python3.8/site-packages/airflow/example_dags/example_time_delta_sensor_async.py for tasks to queue
[2021-11-24 13:24:56,682] {logging_mixin.py:109} INFO - [2021-11-24 13:24:56,682] {dagbag.py:500} INFO - Filling up the DagBag from /home/dante/DWBI/Apache/py_env/lib/python3.8/site-packages/airflow/example_dags/example_time_delta_sensor_async.py
[2021-11-24 13:24:56,708] {processor.py:632} INFO - DAG(s) dict_keys(['example_time_delta_sensor_async']) retrieved from /home/dante/DWBI/Apache/py_env/lib/python3.8/site-packages/airflow/example_dags/example_time_delta_sensor_async.py
[2021-11-24 13:24:56,716] {logging_mixin.py:109} INFO - [2021-11-24 13:24:56,716] {dag.py:2389} INFO - Sync 1 DAGs
[2021-11-24 13:24:56,726] {logging_mixin.py:109} INFO - [2021-11-24 13:24:56,726] {dag.py:2921} INFO - Setting next_dagrun for example_time_delta_sensor_async to None
[2021-11-24 13:24:56,736] {processor.py:171} INFO - Processing /home/dante/DWBI/Apache/py_env/lib/python3.8/site-packages/airflow/example_dags/example_time_delta_sensor_async.py took 0.075 seconds
[2021-11-24 13:25:34,079] {processor.py:163} INFO - Started process (PID=46821) to work on /home/dante/DWBI/Apache/py_env/lib/python3.8/site-packages/airflow/example_dags/example_time_delta_sensor_async.py
[2021-11-24 13:25:34,090] {processor.py:620} INFO - Processing file /home/dante/DWBI/Apache/py_env/lib/python3.8/site-packages/airflow/example_dags/example_time_delta_sensor_async.py for tasks to queue
[2021-11-24 13:25:34,091] {logging_mixin.py:109} INFO - [2021-11-24 13:25:34,091] {dagbag.py:500} INFO - Filling up the DagBag from /home/dante/DWBI/Apache/py_env/lib/python3.8/site-packages/airflow/example_dags/example_time_delta_sensor_async.py
[2021-11-24 13:25:34,122] {processor.py:632} INFO - DAG(s) dict_keys(['example_time_delta_sensor_async']) retrieved from /home/dante/DWBI/Apache/py_env/lib/python3.8/site-packages/airflow/example_dags/example_time_delta_sensor_async.py
[2021-11-24 13:25:34,129] {logging_mixin.py:109} INFO - [2021-11-24 13:25:34,129] {dag.py:2389} INFO - Sync 1 DAGs
[2021-11-24 13:25:34,138] {logging_mixin.py:109} INFO - [2021-11-24 13:25:34,138] {dag.py:2921} INFO - Setting next_dagrun for example_time_delta_sensor_async to None
[2021-11-24 13:25:34,148] {processor.py:171} INFO - Processing /home/dante/DWBI/Apache/py_env/lib/python3.8/site-packages/airflow/example_dags/example_time_delta_sensor_async.py took 0.076 seconds
[2021-11-24 13:26:11,118] {processor.py:163} INFO - Started process (PID=46898) to work on /home/dante/DWBI/Apache/py_env/lib/python3.8/site-packages/airflow/example_dags/example_time_delta_sensor_async.py
[2021-11-24 13:26:11,129] {processor.py:620} INFO - Processing file /home/dante/DWBI/Apache/py_env/lib/python3.8/site-packages/airflow/example_dags/example_time_delta_sensor_async.py for tasks to queue
[2021-11-24 13:26:11,131] {logging_mixin.py:109} INFO - [2021-11-24 13:26:11,130] {dagbag.py:500} INFO - Filling up the DagBag from /home/dante/DWBI/Apache/py_env/lib/python3.8/site-packages/airflow/example_dags/example_time_delta_sensor_async.py
[2021-11-24 13:26:11,161] {processor.py:632} INFO - DAG(s) dict_keys(['example_time_delta_sensor_async']) retrieved from /home/dante/DWBI/Apache/py_env/lib/python3.8/site-packages/airflow/example_dags/example_time_delta_sensor_async.py
[2021-11-24 13:26:11,168] {logging_mixin.py:109} INFO - [2021-11-24 13:26:11,168] {dag.py:2389} INFO - Sync 1 DAGs
[2021-11-24 13:26:11,177] {logging_mixin.py:109} INFO - [2021-11-24 13:26:11,177] {dag.py:2921} INFO - Setting next_dagrun for example_time_delta_sensor_async to None
[2021-11-24 13:26:11,185] {processor.py:171} INFO - Processing /home/dante/DWBI/Apache/py_env/lib/python3.8/site-packages/airflow/example_dags/example_time_delta_sensor_async.py took 0.074 seconds
[2021-11-24 13:26:47,462] {processor.py:163} INFO - Started process (PID=47012) to work on /home/dante/DWBI/Apache/py_env/lib/python3.8/site-packages/airflow/example_dags/example_time_delta_sensor_async.py
[2021-11-24 13:26:47,471] {processor.py:620} INFO - Processing file /home/dante/DWBI/Apache/py_env/lib/python3.8/site-packages/airflow/example_dags/example_time_delta_sensor_async.py for tasks to queue
[2021-11-24 13:26:47,471] {logging_mixin.py:109} INFO - [2021-11-24 13:26:47,471] {dagbag.py:500} INFO - Filling up the DagBag from /home/dante/DWBI/Apache/py_env/lib/python3.8/site-packages/airflow/example_dags/example_time_delta_sensor_async.py
[2021-11-24 13:26:47,484] {processor.py:632} INFO - DAG(s) dict_keys(['example_time_delta_sensor_async']) retrieved from /home/dante/DWBI/Apache/py_env/lib/python3.8/site-packages/airflow/example_dags/example_time_delta_sensor_async.py
[2021-11-24 13:26:47,490] {logging_mixin.py:109} INFO - [2021-11-24 13:26:47,490] {dag.py:2389} INFO - Sync 1 DAGs
[2021-11-24 13:26:47,499] {logging_mixin.py:109} INFO - [2021-11-24 13:26:47,498] {dag.py:2921} INFO - Setting next_dagrun for example_time_delta_sensor_async to None
[2021-11-24 13:26:47,509] {processor.py:171} INFO - Processing /home/dante/DWBI/Apache/py_env/lib/python3.8/site-packages/airflow/example_dags/example_time_delta_sensor_async.py took 0.049 seconds
[2021-11-24 13:27:26,477] {processor.py:163} INFO - Started process (PID=47094) to work on /home/dante/DWBI/Apache/py_env/lib/python3.8/site-packages/airflow/example_dags/example_time_delta_sensor_async.py
[2021-11-24 13:27:26,487] {processor.py:620} INFO - Processing file /home/dante/DWBI/Apache/py_env/lib/python3.8/site-packages/airflow/example_dags/example_time_delta_sensor_async.py for tasks to queue
[2021-11-24 13:27:26,488] {logging_mixin.py:109} INFO - [2021-11-24 13:27:26,488] {dagbag.py:500} INFO - Filling up the DagBag from /home/dante/DWBI/Apache/py_env/lib/python3.8/site-packages/airflow/example_dags/example_time_delta_sensor_async.py
[2021-11-24 13:27:26,510] {processor.py:632} INFO - DAG(s) dict_keys(['example_time_delta_sensor_async']) retrieved from /home/dante/DWBI/Apache/py_env/lib/python3.8/site-packages/airflow/example_dags/example_time_delta_sensor_async.py
[2021-11-24 13:27:26,519] {logging_mixin.py:109} INFO - [2021-11-24 13:27:26,519] {dag.py:2389} INFO - Sync 1 DAGs
[2021-11-24 13:27:26,528] {logging_mixin.py:109} INFO - [2021-11-24 13:27:26,528] {dag.py:2921} INFO - Setting next_dagrun for example_time_delta_sensor_async to None
[2021-11-24 13:27:26,536] {processor.py:171} INFO - Processing /home/dante/DWBI/Apache/py_env/lib/python3.8/site-packages/airflow/example_dags/example_time_delta_sensor_async.py took 0.062 seconds
[2021-11-24 13:28:04,717] {processor.py:163} INFO - Started process (PID=47221) to work on /home/dante/DWBI/Apache/py_env/lib/python3.8/site-packages/airflow/example_dags/example_time_delta_sensor_async.py
[2021-11-24 13:28:04,726] {processor.py:620} INFO - Processing file /home/dante/DWBI/Apache/py_env/lib/python3.8/site-packages/airflow/example_dags/example_time_delta_sensor_async.py for tasks to queue
[2021-11-24 13:28:04,727] {logging_mixin.py:109} INFO - [2021-11-24 13:28:04,727] {dagbag.py:500} INFO - Filling up the DagBag from /home/dante/DWBI/Apache/py_env/lib/python3.8/site-packages/airflow/example_dags/example_time_delta_sensor_async.py
[2021-11-24 13:28:04,742] {processor.py:632} INFO - DAG(s) dict_keys(['example_time_delta_sensor_async']) retrieved from /home/dante/DWBI/Apache/py_env/lib/python3.8/site-packages/airflow/example_dags/example_time_delta_sensor_async.py
[2021-11-24 13:28:04,749] {logging_mixin.py:109} INFO - [2021-11-24 13:28:04,749] {dag.py:2389} INFO - Sync 1 DAGs
[2021-11-24 13:28:04,758] {logging_mixin.py:109} INFO - [2021-11-24 13:28:04,758] {dag.py:2921} INFO - Setting next_dagrun for example_time_delta_sensor_async to None
[2021-11-24 13:28:04,767] {processor.py:171} INFO - Processing /home/dante/DWBI/Apache/py_env/lib/python3.8/site-packages/airflow/example_dags/example_time_delta_sensor_async.py took 0.053 seconds
[2021-11-24 13:28:43,846] {processor.py:163} INFO - Started process (PID=47359) to work on /home/dante/DWBI/Apache/py_env/lib/python3.8/site-packages/airflow/example_dags/example_time_delta_sensor_async.py
[2021-11-24 13:28:43,850] {processor.py:620} INFO - Processing file /home/dante/DWBI/Apache/py_env/lib/python3.8/site-packages/airflow/example_dags/example_time_delta_sensor_async.py for tasks to queue
[2021-11-24 13:28:43,852] {logging_mixin.py:109} INFO - [2021-11-24 13:28:43,852] {dagbag.py:500} INFO - Filling up the DagBag from /home/dante/DWBI/Apache/py_env/lib/python3.8/site-packages/airflow/example_dags/example_time_delta_sensor_async.py
[2021-11-24 13:28:43,882] {processor.py:632} INFO - DAG(s) dict_keys(['example_time_delta_sensor_async']) retrieved from /home/dante/DWBI/Apache/py_env/lib/python3.8/site-packages/airflow/example_dags/example_time_delta_sensor_async.py
[2021-11-24 13:28:43,889] {logging_mixin.py:109} INFO - [2021-11-24 13:28:43,889] {dag.py:2389} INFO - Sync 1 DAGs
[2021-11-24 13:28:43,897] {logging_mixin.py:109} INFO - [2021-11-24 13:28:43,897] {dag.py:2921} INFO - Setting next_dagrun for example_time_delta_sensor_async to None
[2021-11-24 13:28:43,905] {processor.py:171} INFO - Processing /home/dante/DWBI/Apache/py_env/lib/python3.8/site-packages/airflow/example_dags/example_time_delta_sensor_async.py took 0.065 seconds
[2021-11-24 13:29:21,082] {processor.py:163} INFO - Started process (PID=47423) to work on /home/dante/DWBI/Apache/py_env/lib/python3.8/site-packages/airflow/example_dags/example_time_delta_sensor_async.py
[2021-11-24 13:29:21,087] {processor.py:620} INFO - Processing file /home/dante/DWBI/Apache/py_env/lib/python3.8/site-packages/airflow/example_dags/example_time_delta_sensor_async.py for tasks to queue
[2021-11-24 13:29:21,087] {logging_mixin.py:109} INFO - [2021-11-24 13:29:21,087] {dagbag.py:500} INFO - Filling up the DagBag from /home/dante/DWBI/Apache/py_env/lib/python3.8/site-packages/airflow/example_dags/example_time_delta_sensor_async.py
[2021-11-24 13:29:21,112] {processor.py:632} INFO - DAG(s) dict_keys(['example_time_delta_sensor_async']) retrieved from /home/dante/DWBI/Apache/py_env/lib/python3.8/site-packages/airflow/example_dags/example_time_delta_sensor_async.py
[2021-11-24 13:29:21,122] {logging_mixin.py:109} INFO - [2021-11-24 13:29:21,122] {dag.py:2389} INFO - Sync 1 DAGs
[2021-11-24 13:29:21,132] {logging_mixin.py:109} INFO - [2021-11-24 13:29:21,131] {dag.py:2921} INFO - Setting next_dagrun for example_time_delta_sensor_async to None
[2021-11-24 13:29:21,140] {processor.py:171} INFO - Processing /home/dante/DWBI/Apache/py_env/lib/python3.8/site-packages/airflow/example_dags/example_time_delta_sensor_async.py took 0.060 seconds
[2021-11-24 13:29:56,621] {processor.py:163} INFO - Started process (PID=47480) to work on /home/dante/DWBI/Apache/py_env/lib/python3.8/site-packages/airflow/example_dags/example_time_delta_sensor_async.py
[2021-11-24 13:29:56,630] {processor.py:620} INFO - Processing file /home/dante/DWBI/Apache/py_env/lib/python3.8/site-packages/airflow/example_dags/example_time_delta_sensor_async.py for tasks to queue
[2021-11-24 13:29:56,631] {logging_mixin.py:109} INFO - [2021-11-24 13:29:56,631] {dagbag.py:500} INFO - Filling up the DagBag from /home/dante/DWBI/Apache/py_env/lib/python3.8/site-packages/airflow/example_dags/example_time_delta_sensor_async.py
[2021-11-24 13:29:56,653] {processor.py:632} INFO - DAG(s) dict_keys(['example_time_delta_sensor_async']) retrieved from /home/dante/DWBI/Apache/py_env/lib/python3.8/site-packages/airflow/example_dags/example_time_delta_sensor_async.py
[2021-11-24 13:29:56,661] {logging_mixin.py:109} INFO - [2021-11-24 13:29:56,661] {dag.py:2389} INFO - Sync 1 DAGs
[2021-11-24 13:29:56,671] {logging_mixin.py:109} INFO - [2021-11-24 13:29:56,671] {dag.py:2921} INFO - Setting next_dagrun for example_time_delta_sensor_async to None
[2021-11-24 13:29:56,680] {processor.py:171} INFO - Processing /home/dante/DWBI/Apache/py_env/lib/python3.8/site-packages/airflow/example_dags/example_time_delta_sensor_async.py took 0.063 seconds
[2021-11-24 13:30:33,294] {processor.py:163} INFO - Started process (PID=47561) to work on /home/dante/DWBI/Apache/py_env/lib/python3.8/site-packages/airflow/example_dags/example_time_delta_sensor_async.py
[2021-11-24 13:30:33,304] {processor.py:620} INFO - Processing file /home/dante/DWBI/Apache/py_env/lib/python3.8/site-packages/airflow/example_dags/example_time_delta_sensor_async.py for tasks to queue
[2021-11-24 13:30:33,304] {logging_mixin.py:109} INFO - [2021-11-24 13:30:33,304] {dagbag.py:500} INFO - Filling up the DagBag from /home/dante/DWBI/Apache/py_env/lib/python3.8/site-packages/airflow/example_dags/example_time_delta_sensor_async.py
[2021-11-24 13:30:33,324] {processor.py:632} INFO - DAG(s) dict_keys(['example_time_delta_sensor_async']) retrieved from /home/dante/DWBI/Apache/py_env/lib/python3.8/site-packages/airflow/example_dags/example_time_delta_sensor_async.py
[2021-11-24 13:30:33,333] {logging_mixin.py:109} INFO - [2021-11-24 13:30:33,333] {dag.py:2389} INFO - Sync 1 DAGs
[2021-11-24 13:30:33,343] {logging_mixin.py:109} INFO - [2021-11-24 13:30:33,343] {dag.py:2921} INFO - Setting next_dagrun for example_time_delta_sensor_async to None
[2021-11-24 13:30:33,365] {processor.py:171} INFO - Processing /home/dante/DWBI/Apache/py_env/lib/python3.8/site-packages/airflow/example_dags/example_time_delta_sensor_async.py took 0.074 seconds
[2021-11-24 13:31:09,479] {processor.py:163} INFO - Started process (PID=47613) to work on /home/dante/DWBI/Apache/py_env/lib/python3.8/site-packages/airflow/example_dags/example_time_delta_sensor_async.py
[2021-11-24 13:31:09,489] {processor.py:620} INFO - Processing file /home/dante/DWBI/Apache/py_env/lib/python3.8/site-packages/airflow/example_dags/example_time_delta_sensor_async.py for tasks to queue
[2021-11-24 13:31:09,491] {logging_mixin.py:109} INFO - [2021-11-24 13:31:09,491] {dagbag.py:500} INFO - Filling up the DagBag from /home/dante/DWBI/Apache/py_env/lib/python3.8/site-packages/airflow/example_dags/example_time_delta_sensor_async.py
[2021-11-24 13:31:09,518] {processor.py:632} INFO - DAG(s) dict_keys(['example_time_delta_sensor_async']) retrieved from /home/dante/DWBI/Apache/py_env/lib/python3.8/site-packages/airflow/example_dags/example_time_delta_sensor_async.py
[2021-11-24 13:31:09,525] {logging_mixin.py:109} INFO - [2021-11-24 13:31:09,525] {dag.py:2389} INFO - Sync 1 DAGs
[2021-11-24 13:31:09,533] {logging_mixin.py:109} INFO - [2021-11-24 13:31:09,533] {dag.py:2921} INFO - Setting next_dagrun for example_time_delta_sensor_async to None
[2021-11-24 13:31:09,546] {processor.py:171} INFO - Processing /home/dante/DWBI/Apache/py_env/lib/python3.8/site-packages/airflow/example_dags/example_time_delta_sensor_async.py took 0.074 seconds
[2021-11-24 13:31:50,757] {processor.py:163} INFO - Started process (PID=47742) to work on /home/dante/DWBI/Apache/py_env/lib/python3.8/site-packages/airflow/example_dags/example_time_delta_sensor_async.py
[2021-11-24 13:31:50,764] {processor.py:620} INFO - Processing file /home/dante/DWBI/Apache/py_env/lib/python3.8/site-packages/airflow/example_dags/example_time_delta_sensor_async.py for tasks to queue
[2021-11-24 13:31:50,765] {logging_mixin.py:109} INFO - [2021-11-24 13:31:50,764] {dagbag.py:500} INFO - Filling up the DagBag from /home/dante/DWBI/Apache/py_env/lib/python3.8/site-packages/airflow/example_dags/example_time_delta_sensor_async.py
[2021-11-24 13:31:50,788] {processor.py:632} INFO - DAG(s) dict_keys(['example_time_delta_sensor_async']) retrieved from /home/dante/DWBI/Apache/py_env/lib/python3.8/site-packages/airflow/example_dags/example_time_delta_sensor_async.py
[2021-11-24 13:31:50,797] {logging_mixin.py:109} INFO - [2021-11-24 13:31:50,797] {dag.py:2389} INFO - Sync 1 DAGs
[2021-11-24 13:31:50,807] {logging_mixin.py:109} INFO - [2021-11-24 13:31:50,807] {dag.py:2921} INFO - Setting next_dagrun for example_time_delta_sensor_async to None
[2021-11-24 13:31:50,815] {processor.py:171} INFO - Processing /home/dante/DWBI/Apache/py_env/lib/python3.8/site-packages/airflow/example_dags/example_time_delta_sensor_async.py took 0.060 seconds
[2021-11-24 13:32:30,120] {processor.py:163} INFO - Started process (PID=48225) to work on /home/dante/DWBI/Apache/py_env/lib/python3.8/site-packages/airflow/example_dags/example_time_delta_sensor_async.py
[2021-11-24 13:32:30,120] {processor.py:620} INFO - Processing file /home/dante/DWBI/Apache/py_env/lib/python3.8/site-packages/airflow/example_dags/example_time_delta_sensor_async.py for tasks to queue
[2021-11-24 13:32:30,121] {logging_mixin.py:109} INFO - [2021-11-24 13:32:30,121] {dagbag.py:500} INFO - Filling up the DagBag from /home/dante/DWBI/Apache/py_env/lib/python3.8/site-packages/airflow/example_dags/example_time_delta_sensor_async.py
[2021-11-24 13:32:30,133] {processor.py:632} INFO - DAG(s) dict_keys(['example_time_delta_sensor_async']) retrieved from /home/dante/DWBI/Apache/py_env/lib/python3.8/site-packages/airflow/example_dags/example_time_delta_sensor_async.py
[2021-11-24 13:32:30,140] {logging_mixin.py:109} INFO - [2021-11-24 13:32:30,140] {dag.py:2389} INFO - Sync 1 DAGs
[2021-11-24 13:32:30,149] {logging_mixin.py:109} INFO - [2021-11-24 13:32:30,149] {dag.py:2921} INFO - Setting next_dagrun for example_time_delta_sensor_async to None
[2021-11-24 13:32:30,156] {processor.py:171} INFO - Processing /home/dante/DWBI/Apache/py_env/lib/python3.8/site-packages/airflow/example_dags/example_time_delta_sensor_async.py took 0.038 seconds
[2021-11-24 13:33:05,872] {processor.py:163} INFO - Started process (PID=48425) to work on /home/dante/DWBI/Apache/py_env/lib/python3.8/site-packages/airflow/example_dags/example_time_delta_sensor_async.py
[2021-11-24 13:33:05,879] {processor.py:620} INFO - Processing file /home/dante/DWBI/Apache/py_env/lib/python3.8/site-packages/airflow/example_dags/example_time_delta_sensor_async.py for tasks to queue
[2021-11-24 13:33:05,880] {logging_mixin.py:109} INFO - [2021-11-24 13:33:05,880] {dagbag.py:500} INFO - Filling up the DagBag from /home/dante/DWBI/Apache/py_env/lib/python3.8/site-packages/airflow/example_dags/example_time_delta_sensor_async.py
[2021-11-24 13:33:05,898] {processor.py:632} INFO - DAG(s) dict_keys(['example_time_delta_sensor_async']) retrieved from /home/dante/DWBI/Apache/py_env/lib/python3.8/site-packages/airflow/example_dags/example_time_delta_sensor_async.py
[2021-11-24 13:33:05,905] {logging_mixin.py:109} INFO - [2021-11-24 13:33:05,905] {dag.py:2389} INFO - Sync 1 DAGs
[2021-11-24 13:33:05,915] {logging_mixin.py:109} INFO - [2021-11-24 13:33:05,915] {dag.py:2921} INFO - Setting next_dagrun for example_time_delta_sensor_async to None
[2021-11-24 13:33:05,923] {processor.py:171} INFO - Processing /home/dante/DWBI/Apache/py_env/lib/python3.8/site-packages/airflow/example_dags/example_time_delta_sensor_async.py took 0.057 seconds
[2021-11-24 13:33:45,011] {processor.py:163} INFO - Started process (PID=48584) to work on /home/dante/DWBI/Apache/py_env/lib/python3.8/site-packages/airflow/example_dags/example_time_delta_sensor_async.py
[2021-11-24 13:33:45,021] {processor.py:620} INFO - Processing file /home/dante/DWBI/Apache/py_env/lib/python3.8/site-packages/airflow/example_dags/example_time_delta_sensor_async.py for tasks to queue
[2021-11-24 13:33:45,022] {logging_mixin.py:109} INFO - [2021-11-24 13:33:45,022] {dagbag.py:500} INFO - Filling up the DagBag from /home/dante/DWBI/Apache/py_env/lib/python3.8/site-packages/airflow/example_dags/example_time_delta_sensor_async.py
[2021-11-24 13:33:45,044] {processor.py:632} INFO - DAG(s) dict_keys(['example_time_delta_sensor_async']) retrieved from /home/dante/DWBI/Apache/py_env/lib/python3.8/site-packages/airflow/example_dags/example_time_delta_sensor_async.py
[2021-11-24 13:33:45,053] {logging_mixin.py:109} INFO - [2021-11-24 13:33:45,053] {dag.py:2389} INFO - Sync 1 DAGs
[2021-11-24 13:33:45,063] {logging_mixin.py:109} INFO - [2021-11-24 13:33:45,063] {dag.py:2921} INFO - Setting next_dagrun for example_time_delta_sensor_async to None
[2021-11-24 13:33:45,071] {processor.py:171} INFO - Processing /home/dante/DWBI/Apache/py_env/lib/python3.8/site-packages/airflow/example_dags/example_time_delta_sensor_async.py took 0.062 seconds
[2021-11-24 13:34:23,861] {processor.py:163} INFO - Started process (PID=48720) to work on /home/dante/DWBI/Apache/py_env/lib/python3.8/site-packages/airflow/example_dags/example_time_delta_sensor_async.py
[2021-11-24 13:34:23,870] {processor.py:620} INFO - Processing file /home/dante/DWBI/Apache/py_env/lib/python3.8/site-packages/airflow/example_dags/example_time_delta_sensor_async.py for tasks to queue
[2021-11-24 13:34:23,871] {logging_mixin.py:109} INFO - [2021-11-24 13:34:23,871] {dagbag.py:500} INFO - Filling up the DagBag from /home/dante/DWBI/Apache/py_env/lib/python3.8/site-packages/airflow/example_dags/example_time_delta_sensor_async.py
[2021-11-24 13:34:23,890] {processor.py:632} INFO - DAG(s) dict_keys(['example_time_delta_sensor_async']) retrieved from /home/dante/DWBI/Apache/py_env/lib/python3.8/site-packages/airflow/example_dags/example_time_delta_sensor_async.py
[2021-11-24 13:34:23,902] {logging_mixin.py:109} INFO - [2021-11-24 13:34:23,902] {dag.py:2389} INFO - Sync 1 DAGs
[2021-11-24 13:34:23,915] {logging_mixin.py:109} INFO - [2021-11-24 13:34:23,915] {dag.py:2921} INFO - Setting next_dagrun for example_time_delta_sensor_async to None
[2021-11-24 13:34:23,929] {processor.py:171} INFO - Processing /home/dante/DWBI/Apache/py_env/lib/python3.8/site-packages/airflow/example_dags/example_time_delta_sensor_async.py took 0.071 seconds
[2021-11-24 13:35:05,325] {processor.py:163} INFO - Started process (PID=48838) to work on /home/dante/DWBI/Apache/py_env/lib/python3.8/site-packages/airflow/example_dags/example_time_delta_sensor_async.py
[2021-11-24 13:35:05,326] {processor.py:620} INFO - Processing file /home/dante/DWBI/Apache/py_env/lib/python3.8/site-packages/airflow/example_dags/example_time_delta_sensor_async.py for tasks to queue
[2021-11-24 13:35:05,327] {logging_mixin.py:109} INFO - [2021-11-24 13:35:05,327] {dagbag.py:500} INFO - Filling up the DagBag from /home/dante/DWBI/Apache/py_env/lib/python3.8/site-packages/airflow/example_dags/example_time_delta_sensor_async.py
[2021-11-24 13:35:05,343] {processor.py:632} INFO - DAG(s) dict_keys(['example_time_delta_sensor_async']) retrieved from /home/dante/DWBI/Apache/py_env/lib/python3.8/site-packages/airflow/example_dags/example_time_delta_sensor_async.py
[2021-11-24 13:35:05,350] {logging_mixin.py:109} INFO - [2021-11-24 13:35:05,350] {dag.py:2389} INFO - Sync 1 DAGs
[2021-11-24 13:35:05,361] {logging_mixin.py:109} INFO - [2021-11-24 13:35:05,361] {dag.py:2921} INFO - Setting next_dagrun for example_time_delta_sensor_async to None
[2021-11-24 13:35:05,369] {processor.py:171} INFO - Processing /home/dante/DWBI/Apache/py_env/lib/python3.8/site-packages/airflow/example_dags/example_time_delta_sensor_async.py took 0.046 seconds
[2021-11-24 13:35:43,023] {processor.py:163} INFO - Started process (PID=48934) to work on /home/dante/DWBI/Apache/py_env/lib/python3.8/site-packages/airflow/example_dags/example_time_delta_sensor_async.py
[2021-11-24 13:35:43,026] {processor.py:620} INFO - Processing file /home/dante/DWBI/Apache/py_env/lib/python3.8/site-packages/airflow/example_dags/example_time_delta_sensor_async.py for tasks to queue
[2021-11-24 13:35:43,027] {logging_mixin.py:109} INFO - [2021-11-24 13:35:43,027] {dagbag.py:500} INFO - Filling up the DagBag from /home/dante/DWBI/Apache/py_env/lib/python3.8/site-packages/airflow/example_dags/example_time_delta_sensor_async.py
[2021-11-24 13:35:43,044] {processor.py:632} INFO - DAG(s) dict_keys(['example_time_delta_sensor_async']) retrieved from /home/dante/DWBI/Apache/py_env/lib/python3.8/site-packages/airflow/example_dags/example_time_delta_sensor_async.py
[2021-11-24 13:35:43,052] {logging_mixin.py:109} INFO - [2021-11-24 13:35:43,052] {dag.py:2389} INFO - Sync 1 DAGs
[2021-11-24 13:35:43,062] {logging_mixin.py:109} INFO - [2021-11-24 13:35:43,062] {dag.py:2921} INFO - Setting next_dagrun for example_time_delta_sensor_async to None
[2021-11-24 13:35:43,069] {processor.py:171} INFO - Processing /home/dante/DWBI/Apache/py_env/lib/python3.8/site-packages/airflow/example_dags/example_time_delta_sensor_async.py took 0.048 seconds
[2021-11-24 13:36:22,111] {processor.py:163} INFO - Started process (PID=49033) to work on /home/dante/DWBI/Apache/py_env/lib/python3.8/site-packages/airflow/example_dags/example_time_delta_sensor_async.py
[2021-11-24 13:36:22,120] {processor.py:620} INFO - Processing file /home/dante/DWBI/Apache/py_env/lib/python3.8/site-packages/airflow/example_dags/example_time_delta_sensor_async.py for tasks to queue
[2021-11-24 13:36:22,121] {logging_mixin.py:109} INFO - [2021-11-24 13:36:22,121] {dagbag.py:500} INFO - Filling up the DagBag from /home/dante/DWBI/Apache/py_env/lib/python3.8/site-packages/airflow/example_dags/example_time_delta_sensor_async.py
[2021-11-24 13:36:22,144] {processor.py:632} INFO - DAG(s) dict_keys(['example_time_delta_sensor_async']) retrieved from /home/dante/DWBI/Apache/py_env/lib/python3.8/site-packages/airflow/example_dags/example_time_delta_sensor_async.py
[2021-11-24 13:36:22,153] {logging_mixin.py:109} INFO - [2021-11-24 13:36:22,153] {dag.py:2389} INFO - Sync 1 DAGs
[2021-11-24 13:36:22,162] {logging_mixin.py:109} INFO - [2021-11-24 13:36:22,162] {dag.py:2921} INFO - Setting next_dagrun for example_time_delta_sensor_async to None
[2021-11-24 13:36:22,181] {processor.py:171} INFO - Processing /home/dante/DWBI/Apache/py_env/lib/python3.8/site-packages/airflow/example_dags/example_time_delta_sensor_async.py took 0.072 seconds
[2021-11-24 13:37:04,118] {processor.py:163} INFO - Started process (PID=49159) to work on /home/dante/DWBI/Apache/py_env/lib/python3.8/site-packages/airflow/example_dags/example_time_delta_sensor_async.py
[2021-11-24 13:37:04,121] {processor.py:620} INFO - Processing file /home/dante/DWBI/Apache/py_env/lib/python3.8/site-packages/airflow/example_dags/example_time_delta_sensor_async.py for tasks to queue
[2021-11-24 13:37:04,121] {logging_mixin.py:109} INFO - [2021-11-24 13:37:04,121] {dagbag.py:500} INFO - Filling up the DagBag from /home/dante/DWBI/Apache/py_env/lib/python3.8/site-packages/airflow/example_dags/example_time_delta_sensor_async.py
[2021-11-24 13:37:04,139] {processor.py:632} INFO - DAG(s) dict_keys(['example_time_delta_sensor_async']) retrieved from /home/dante/DWBI/Apache/py_env/lib/python3.8/site-packages/airflow/example_dags/example_time_delta_sensor_async.py
[2021-11-24 13:37:04,147] {logging_mixin.py:109} INFO - [2021-11-24 13:37:04,147] {dag.py:2389} INFO - Sync 1 DAGs
[2021-11-24 13:37:04,157] {logging_mixin.py:109} INFO - [2021-11-24 13:37:04,157] {dag.py:2921} INFO - Setting next_dagrun for example_time_delta_sensor_async to None
[2021-11-24 13:37:04,164] {processor.py:171} INFO - Processing /home/dante/DWBI/Apache/py_env/lib/python3.8/site-packages/airflow/example_dags/example_time_delta_sensor_async.py took 0.049 seconds
[2021-11-24 13:37:41,143] {processor.py:163} INFO - Started process (PID=49297) to work on /home/dante/DWBI/Apache/py_env/lib/python3.8/site-packages/airflow/example_dags/example_time_delta_sensor_async.py
[2021-11-24 13:37:41,155] {processor.py:620} INFO - Processing file /home/dante/DWBI/Apache/py_env/lib/python3.8/site-packages/airflow/example_dags/example_time_delta_sensor_async.py for tasks to queue
[2021-11-24 13:37:41,157] {logging_mixin.py:109} INFO - [2021-11-24 13:37:41,156] {dagbag.py:500} INFO - Filling up the DagBag from /home/dante/DWBI/Apache/py_env/lib/python3.8/site-packages/airflow/example_dags/example_time_delta_sensor_async.py
[2021-11-24 13:37:41,187] {processor.py:632} INFO - DAG(s) dict_keys(['example_time_delta_sensor_async']) retrieved from /home/dante/DWBI/Apache/py_env/lib/python3.8/site-packages/airflow/example_dags/example_time_delta_sensor_async.py
[2021-11-24 13:37:41,194] {logging_mixin.py:109} INFO - [2021-11-24 13:37:41,194] {dag.py:2389} INFO - Sync 1 DAGs
[2021-11-24 13:37:41,203] {logging_mixin.py:109} INFO - [2021-11-24 13:37:41,203] {dag.py:2921} INFO - Setting next_dagrun for example_time_delta_sensor_async to None
[2021-11-24 13:37:41,211] {processor.py:171} INFO - Processing /home/dante/DWBI/Apache/py_env/lib/python3.8/site-packages/airflow/example_dags/example_time_delta_sensor_async.py took 0.074 seconds
[2021-11-24 13:38:22,802] {processor.py:163} INFO - Started process (PID=49400) to work on /home/dante/DWBI/Apache/py_env/lib/python3.8/site-packages/airflow/example_dags/example_time_delta_sensor_async.py
[2021-11-24 13:38:22,813] {processor.py:620} INFO - Processing file /home/dante/DWBI/Apache/py_env/lib/python3.8/site-packages/airflow/example_dags/example_time_delta_sensor_async.py for tasks to queue
[2021-11-24 13:38:22,814] {logging_mixin.py:109} INFO - [2021-11-24 13:38:22,814] {dagbag.py:500} INFO - Filling up the DagBag from /home/dante/DWBI/Apache/py_env/lib/python3.8/site-packages/airflow/example_dags/example_time_delta_sensor_async.py
[2021-11-24 13:38:22,831] {processor.py:632} INFO - DAG(s) dict_keys(['example_time_delta_sensor_async']) retrieved from /home/dante/DWBI/Apache/py_env/lib/python3.8/site-packages/airflow/example_dags/example_time_delta_sensor_async.py
[2021-11-24 13:38:22,838] {logging_mixin.py:109} INFO - [2021-11-24 13:38:22,838] {dag.py:2389} INFO - Sync 1 DAGs
[2021-11-24 13:38:22,847] {logging_mixin.py:109} INFO - [2021-11-24 13:38:22,847] {dag.py:2921} INFO - Setting next_dagrun for example_time_delta_sensor_async to None
[2021-11-24 13:38:22,860] {processor.py:171} INFO - Processing /home/dante/DWBI/Apache/py_env/lib/python3.8/site-packages/airflow/example_dags/example_time_delta_sensor_async.py took 0.060 seconds
[2021-11-24 13:39:01,426] {processor.py:163} INFO - Started process (PID=49458) to work on /home/dante/DWBI/Apache/py_env/lib/python3.8/site-packages/airflow/example_dags/example_time_delta_sensor_async.py
[2021-11-24 13:39:01,436] {processor.py:620} INFO - Processing file /home/dante/DWBI/Apache/py_env/lib/python3.8/site-packages/airflow/example_dags/example_time_delta_sensor_async.py for tasks to queue
[2021-11-24 13:39:01,438] {logging_mixin.py:109} INFO - [2021-11-24 13:39:01,438] {dagbag.py:500} INFO - Filling up the DagBag from /home/dante/DWBI/Apache/py_env/lib/python3.8/site-packages/airflow/example_dags/example_time_delta_sensor_async.py
[2021-11-24 13:39:01,464] {processor.py:632} INFO - DAG(s) dict_keys(['example_time_delta_sensor_async']) retrieved from /home/dante/DWBI/Apache/py_env/lib/python3.8/site-packages/airflow/example_dags/example_time_delta_sensor_async.py
[2021-11-24 13:39:01,471] {logging_mixin.py:109} INFO - [2021-11-24 13:39:01,471] {dag.py:2389} INFO - Sync 1 DAGs
[2021-11-24 13:39:01,480] {logging_mixin.py:109} INFO - [2021-11-24 13:39:01,480] {dag.py:2921} INFO - Setting next_dagrun for example_time_delta_sensor_async to None
[2021-11-24 13:39:01,498] {processor.py:171} INFO - Processing /home/dante/DWBI/Apache/py_env/lib/python3.8/site-packages/airflow/example_dags/example_time_delta_sensor_async.py took 0.080 seconds
[2021-11-24 13:39:39,227] {processor.py:163} INFO - Started process (PID=49606) to work on /home/dante/DWBI/Apache/py_env/lib/python3.8/site-packages/airflow/example_dags/example_time_delta_sensor_async.py
[2021-11-24 13:39:39,238] {processor.py:620} INFO - Processing file /home/dante/DWBI/Apache/py_env/lib/python3.8/site-packages/airflow/example_dags/example_time_delta_sensor_async.py for tasks to queue
[2021-11-24 13:39:39,239] {logging_mixin.py:109} INFO - [2021-11-24 13:39:39,239] {dagbag.py:500} INFO - Filling up the DagBag from /home/dante/DWBI/Apache/py_env/lib/python3.8/site-packages/airflow/example_dags/example_time_delta_sensor_async.py
[2021-11-24 13:39:39,268] {processor.py:632} INFO - DAG(s) dict_keys(['example_time_delta_sensor_async']) retrieved from /home/dante/DWBI/Apache/py_env/lib/python3.8/site-packages/airflow/example_dags/example_time_delta_sensor_async.py
[2021-11-24 13:39:39,275] {logging_mixin.py:109} INFO - [2021-11-24 13:39:39,275] {dag.py:2389} INFO - Sync 1 DAGs
[2021-11-24 13:39:39,283] {logging_mixin.py:109} INFO - [2021-11-24 13:39:39,283] {dag.py:2921} INFO - Setting next_dagrun for example_time_delta_sensor_async to None
[2021-11-24 13:39:39,291] {processor.py:171} INFO - Processing /home/dante/DWBI/Apache/py_env/lib/python3.8/site-packages/airflow/example_dags/example_time_delta_sensor_async.py took 0.070 seconds
[2021-11-24 13:40:19,489] {processor.py:163} INFO - Started process (PID=49696) to work on /home/dante/DWBI/Apache/py_env/lib/python3.8/site-packages/airflow/example_dags/example_time_delta_sensor_async.py
[2021-11-24 13:40:19,500] {processor.py:620} INFO - Processing file /home/dante/DWBI/Apache/py_env/lib/python3.8/site-packages/airflow/example_dags/example_time_delta_sensor_async.py for tasks to queue
[2021-11-24 13:40:19,501] {logging_mixin.py:109} INFO - [2021-11-24 13:40:19,501] {dagbag.py:500} INFO - Filling up the DagBag from /home/dante/DWBI/Apache/py_env/lib/python3.8/site-packages/airflow/example_dags/example_time_delta_sensor_async.py
[2021-11-24 13:40:19,530] {processor.py:632} INFO - DAG(s) dict_keys(['example_time_delta_sensor_async']) retrieved from /home/dante/DWBI/Apache/py_env/lib/python3.8/site-packages/airflow/example_dags/example_time_delta_sensor_async.py
[2021-11-24 13:40:19,536] {logging_mixin.py:109} INFO - [2021-11-24 13:40:19,536] {dag.py:2389} INFO - Sync 1 DAGs
[2021-11-24 13:40:19,545] {logging_mixin.py:109} INFO - [2021-11-24 13:40:19,545] {dag.py:2921} INFO - Setting next_dagrun for example_time_delta_sensor_async to None
[2021-11-24 13:40:19,554] {processor.py:171} INFO - Processing /home/dante/DWBI/Apache/py_env/lib/python3.8/site-packages/airflow/example_dags/example_time_delta_sensor_async.py took 0.072 seconds
[2021-11-24 13:40:58,516] {processor.py:163} INFO - Started process (PID=49772) to work on /home/dante/DWBI/Apache/py_env/lib/python3.8/site-packages/airflow/example_dags/example_time_delta_sensor_async.py
[2021-11-24 13:40:58,519] {processor.py:620} INFO - Processing file /home/dante/DWBI/Apache/py_env/lib/python3.8/site-packages/airflow/example_dags/example_time_delta_sensor_async.py for tasks to queue
[2021-11-24 13:40:58,519] {logging_mixin.py:109} INFO - [2021-11-24 13:40:58,519] {dagbag.py:500} INFO - Filling up the DagBag from /home/dante/DWBI/Apache/py_env/lib/python3.8/site-packages/airflow/example_dags/example_time_delta_sensor_async.py
[2021-11-24 13:40:58,534] {processor.py:632} INFO - DAG(s) dict_keys(['example_time_delta_sensor_async']) retrieved from /home/dante/DWBI/Apache/py_env/lib/python3.8/site-packages/airflow/example_dags/example_time_delta_sensor_async.py
[2021-11-24 13:40:58,542] {logging_mixin.py:109} INFO - [2021-11-24 13:40:58,542] {dag.py:2389} INFO - Sync 1 DAGs
[2021-11-24 13:40:58,551] {logging_mixin.py:109} INFO - [2021-11-24 13:40:58,551] {dag.py:2921} INFO - Setting next_dagrun for example_time_delta_sensor_async to None
[2021-11-24 13:40:58,559] {processor.py:171} INFO - Processing /home/dante/DWBI/Apache/py_env/lib/python3.8/site-packages/airflow/example_dags/example_time_delta_sensor_async.py took 0.045 seconds
[2021-11-24 13:41:35,061] {processor.py:163} INFO - Started process (PID=49840) to work on /home/dante/DWBI/Apache/py_env/lib/python3.8/site-packages/airflow/example_dags/example_time_delta_sensor_async.py
[2021-11-24 13:41:35,070] {processor.py:620} INFO - Processing file /home/dante/DWBI/Apache/py_env/lib/python3.8/site-packages/airflow/example_dags/example_time_delta_sensor_async.py for tasks to queue
[2021-11-24 13:41:35,070] {logging_mixin.py:109} INFO - [2021-11-24 13:41:35,070] {dagbag.py:500} INFO - Filling up the DagBag from /home/dante/DWBI/Apache/py_env/lib/python3.8/site-packages/airflow/example_dags/example_time_delta_sensor_async.py
[2021-11-24 13:41:35,082] {processor.py:632} INFO - DAG(s) dict_keys(['example_time_delta_sensor_async']) retrieved from /home/dante/DWBI/Apache/py_env/lib/python3.8/site-packages/airflow/example_dags/example_time_delta_sensor_async.py
[2021-11-24 13:41:35,088] {logging_mixin.py:109} INFO - [2021-11-24 13:41:35,088] {dag.py:2389} INFO - Sync 1 DAGs
[2021-11-24 13:41:35,097] {logging_mixin.py:109} INFO - [2021-11-24 13:41:35,097] {dag.py:2921} INFO - Setting next_dagrun for example_time_delta_sensor_async to None
[2021-11-24 13:41:35,113] {processor.py:171} INFO - Processing /home/dante/DWBI/Apache/py_env/lib/python3.8/site-packages/airflow/example_dags/example_time_delta_sensor_async.py took 0.054 seconds
[2021-11-24 13:42:10,233] {processor.py:163} INFO - Started process (PID=49974) to work on /home/dante/DWBI/Apache/py_env/lib/python3.8/site-packages/airflow/example_dags/example_time_delta_sensor_async.py
[2021-11-24 13:42:10,242] {processor.py:620} INFO - Processing file /home/dante/DWBI/Apache/py_env/lib/python3.8/site-packages/airflow/example_dags/example_time_delta_sensor_async.py for tasks to queue
[2021-11-24 13:42:10,242] {logging_mixin.py:109} INFO - [2021-11-24 13:42:10,242] {dagbag.py:500} INFO - Filling up the DagBag from /home/dante/DWBI/Apache/py_env/lib/python3.8/site-packages/airflow/example_dags/example_time_delta_sensor_async.py
[2021-11-24 13:42:10,255] {processor.py:632} INFO - DAG(s) dict_keys(['example_time_delta_sensor_async']) retrieved from /home/dante/DWBI/Apache/py_env/lib/python3.8/site-packages/airflow/example_dags/example_time_delta_sensor_async.py
[2021-11-24 13:42:10,261] {logging_mixin.py:109} INFO - [2021-11-24 13:42:10,261] {dag.py:2389} INFO - Sync 1 DAGs
[2021-11-24 13:42:10,270] {logging_mixin.py:109} INFO - [2021-11-24 13:42:10,270] {dag.py:2921} INFO - Setting next_dagrun for example_time_delta_sensor_async to None
[2021-11-24 13:42:10,277] {processor.py:171} INFO - Processing /home/dante/DWBI/Apache/py_env/lib/python3.8/site-packages/airflow/example_dags/example_time_delta_sensor_async.py took 0.046 seconds
