[2021-11-24 13:01:49,910] {processor.py:163} INFO - Started process (PID=42692) to work on /home/dante/DWBI/Apache/py_env/lib/python3.8/site-packages/airflow/example_dags/example_xcomargs.py
[2021-11-24 13:01:49,912] {processor.py:620} INFO - Processing file /home/dante/DWBI/Apache/py_env/lib/python3.8/site-packages/airflow/example_dags/example_xcomargs.py for tasks to queue
[2021-11-24 13:01:49,914] {logging_mixin.py:109} INFO - [2021-11-24 13:01:49,914] {dagbag.py:500} INFO - Filling up the DagBag from /home/dante/DWBI/Apache/py_env/lib/python3.8/site-packages/airflow/example_dags/example_xcomargs.py
[2021-11-24 13:01:49,943] {processor.py:632} INFO - DAG(s) dict_keys(['example_xcom_args', 'example_xcom_args_with_operators']) retrieved from /home/dante/DWBI/Apache/py_env/lib/python3.8/site-packages/airflow/example_dags/example_xcomargs.py
[2021-11-24 13:01:50,080] {logging_mixin.py:109} INFO - [2021-11-24 13:01:50,080] {dag.py:2389} INFO - Sync 2 DAGs
[2021-11-24 13:01:50,087] {logging_mixin.py:109} INFO - [2021-11-24 13:01:50,087] {dag.py:2921} INFO - Setting next_dagrun for example_xcom_args to None
[2021-11-24 13:01:50,087] {logging_mixin.py:109} INFO - [2021-11-24 13:01:50,087] {dag.py:2921} INFO - Setting next_dagrun for example_xcom_args_with_operators to None
[2021-11-24 13:01:50,095] {processor.py:171} INFO - Processing /home/dante/DWBI/Apache/py_env/lib/python3.8/site-packages/airflow/example_dags/example_xcomargs.py took 0.192 seconds
[2021-11-24 13:02:28,236] {processor.py:163} INFO - Started process (PID=42740) to work on /home/dante/DWBI/Apache/py_env/lib/python3.8/site-packages/airflow/example_dags/example_xcomargs.py
[2021-11-24 13:02:28,246] {processor.py:620} INFO - Processing file /home/dante/DWBI/Apache/py_env/lib/python3.8/site-packages/airflow/example_dags/example_xcomargs.py for tasks to queue
[2021-11-24 13:02:28,247] {logging_mixin.py:109} INFO - [2021-11-24 13:02:28,246] {dagbag.py:500} INFO - Filling up the DagBag from /home/dante/DWBI/Apache/py_env/lib/python3.8/site-packages/airflow/example_dags/example_xcomargs.py
[2021-11-24 13:02:28,275] {processor.py:632} INFO - DAG(s) dict_keys(['example_xcom_args', 'example_xcom_args_with_operators']) retrieved from /home/dante/DWBI/Apache/py_env/lib/python3.8/site-packages/airflow/example_dags/example_xcomargs.py
[2021-11-24 13:02:28,415] {logging_mixin.py:109} INFO - [2021-11-24 13:02:28,415] {dag.py:2389} INFO - Sync 2 DAGs
[2021-11-24 13:02:28,422] {logging_mixin.py:109} INFO - [2021-11-24 13:02:28,422] {dag.py:2921} INFO - Setting next_dagrun for example_xcom_args to None
[2021-11-24 13:02:28,422] {logging_mixin.py:109} INFO - [2021-11-24 13:02:28,422] {dag.py:2921} INFO - Setting next_dagrun for example_xcom_args_with_operators to None
[2021-11-24 13:02:28,448] {processor.py:171} INFO - Processing /home/dante/DWBI/Apache/py_env/lib/python3.8/site-packages/airflow/example_dags/example_xcomargs.py took 0.215 seconds
[2021-11-24 13:03:06,773] {processor.py:163} INFO - Started process (PID=42851) to work on /home/dante/DWBI/Apache/py_env/lib/python3.8/site-packages/airflow/example_dags/example_xcomargs.py
[2021-11-24 13:03:06,775] {processor.py:620} INFO - Processing file /home/dante/DWBI/Apache/py_env/lib/python3.8/site-packages/airflow/example_dags/example_xcomargs.py for tasks to queue
[2021-11-24 13:03:06,776] {logging_mixin.py:109} INFO - [2021-11-24 13:03:06,776] {dagbag.py:500} INFO - Filling up the DagBag from /home/dante/DWBI/Apache/py_env/lib/python3.8/site-packages/airflow/example_dags/example_xcomargs.py
[2021-11-24 13:03:06,797] {processor.py:632} INFO - DAG(s) dict_keys(['example_xcom_args', 'example_xcom_args_with_operators']) retrieved from /home/dante/DWBI/Apache/py_env/lib/python3.8/site-packages/airflow/example_dags/example_xcomargs.py
[2021-11-24 13:03:06,959] {logging_mixin.py:109} INFO - [2021-11-24 13:03:06,959] {dag.py:2389} INFO - Sync 2 DAGs
[2021-11-24 13:03:06,967] {logging_mixin.py:109} INFO - [2021-11-24 13:03:06,967] {dag.py:2921} INFO - Setting next_dagrun for example_xcom_args to None
[2021-11-24 13:03:06,967] {logging_mixin.py:109} INFO - [2021-11-24 13:03:06,967] {dag.py:2921} INFO - Setting next_dagrun for example_xcom_args_with_operators to None
[2021-11-24 13:03:06,977] {processor.py:171} INFO - Processing /home/dante/DWBI/Apache/py_env/lib/python3.8/site-packages/airflow/example_dags/example_xcomargs.py took 0.206 seconds
[2021-11-24 13:03:44,253] {processor.py:163} INFO - Started process (PID=42912) to work on /home/dante/DWBI/Apache/py_env/lib/python3.8/site-packages/airflow/example_dags/example_xcomargs.py
[2021-11-24 13:03:44,263] {processor.py:620} INFO - Processing file /home/dante/DWBI/Apache/py_env/lib/python3.8/site-packages/airflow/example_dags/example_xcomargs.py for tasks to queue
[2021-11-24 13:03:44,263] {logging_mixin.py:109} INFO - [2021-11-24 13:03:44,263] {dagbag.py:500} INFO - Filling up the DagBag from /home/dante/DWBI/Apache/py_env/lib/python3.8/site-packages/airflow/example_dags/example_xcomargs.py
[2021-11-24 13:03:44,293] {processor.py:632} INFO - DAG(s) dict_keys(['example_xcom_args', 'example_xcom_args_with_operators']) retrieved from /home/dante/DWBI/Apache/py_env/lib/python3.8/site-packages/airflow/example_dags/example_xcomargs.py
[2021-11-24 13:03:44,430] {logging_mixin.py:109} INFO - [2021-11-24 13:03:44,430] {dag.py:2389} INFO - Sync 2 DAGs
[2021-11-24 13:03:44,436] {logging_mixin.py:109} INFO - [2021-11-24 13:03:44,436] {dag.py:2921} INFO - Setting next_dagrun for example_xcom_args to None
[2021-11-24 13:03:44,437] {logging_mixin.py:109} INFO - [2021-11-24 13:03:44,437] {dag.py:2921} INFO - Setting next_dagrun for example_xcom_args_with_operators to None
[2021-11-24 13:03:44,445] {processor.py:171} INFO - Processing /home/dante/DWBI/Apache/py_env/lib/python3.8/site-packages/airflow/example_dags/example_xcomargs.py took 0.194 seconds
[2021-11-24 13:04:23,665] {processor.py:163} INFO - Started process (PID=42974) to work on /home/dante/DWBI/Apache/py_env/lib/python3.8/site-packages/airflow/example_dags/example_xcomargs.py
[2021-11-24 13:04:23,667] {processor.py:620} INFO - Processing file /home/dante/DWBI/Apache/py_env/lib/python3.8/site-packages/airflow/example_dags/example_xcomargs.py for tasks to queue
[2021-11-24 13:04:23,668] {logging_mixin.py:109} INFO - [2021-11-24 13:04:23,668] {dagbag.py:500} INFO - Filling up the DagBag from /home/dante/DWBI/Apache/py_env/lib/python3.8/site-packages/airflow/example_dags/example_xcomargs.py
[2021-11-24 13:04:23,699] {processor.py:632} INFO - DAG(s) dict_keys(['example_xcom_args', 'example_xcom_args_with_operators']) retrieved from /home/dante/DWBI/Apache/py_env/lib/python3.8/site-packages/airflow/example_dags/example_xcomargs.py
[2021-11-24 13:04:23,835] {logging_mixin.py:109} INFO - [2021-11-24 13:04:23,835] {dag.py:2389} INFO - Sync 2 DAGs
[2021-11-24 13:04:23,841] {logging_mixin.py:109} INFO - [2021-11-24 13:04:23,841] {dag.py:2921} INFO - Setting next_dagrun for example_xcom_args to None
[2021-11-24 13:04:23,842] {logging_mixin.py:109} INFO - [2021-11-24 13:04:23,842] {dag.py:2921} INFO - Setting next_dagrun for example_xcom_args_with_operators to None
[2021-11-24 13:04:23,851] {processor.py:171} INFO - Processing /home/dante/DWBI/Apache/py_env/lib/python3.8/site-packages/airflow/example_dags/example_xcomargs.py took 0.189 seconds
[2021-11-24 13:05:04,386] {processor.py:163} INFO - Started process (PID=43183) to work on /home/dante/DWBI/Apache/py_env/lib/python3.8/site-packages/airflow/example_dags/example_xcomargs.py
[2021-11-24 13:05:04,395] {processor.py:620} INFO - Processing file /home/dante/DWBI/Apache/py_env/lib/python3.8/site-packages/airflow/example_dags/example_xcomargs.py for tasks to queue
[2021-11-24 13:05:04,396] {logging_mixin.py:109} INFO - [2021-11-24 13:05:04,396] {dagbag.py:500} INFO - Filling up the DagBag from /home/dante/DWBI/Apache/py_env/lib/python3.8/site-packages/airflow/example_dags/example_xcomargs.py
[2021-11-24 13:05:04,425] {processor.py:632} INFO - DAG(s) dict_keys(['example_xcom_args', 'example_xcom_args_with_operators']) retrieved from /home/dante/DWBI/Apache/py_env/lib/python3.8/site-packages/airflow/example_dags/example_xcomargs.py
[2021-11-24 13:05:04,561] {logging_mixin.py:109} INFO - [2021-11-24 13:05:04,561] {dag.py:2389} INFO - Sync 2 DAGs
[2021-11-24 13:05:04,568] {logging_mixin.py:109} INFO - [2021-11-24 13:05:04,568] {dag.py:2921} INFO - Setting next_dagrun for example_xcom_args to None
[2021-11-24 13:05:04,568] {logging_mixin.py:109} INFO - [2021-11-24 13:05:04,568] {dag.py:2921} INFO - Setting next_dagrun for example_xcom_args_with_operators to None
[2021-11-24 13:05:04,578] {processor.py:171} INFO - Processing /home/dante/DWBI/Apache/py_env/lib/python3.8/site-packages/airflow/example_dags/example_xcomargs.py took 0.194 seconds
[2021-11-24 13:05:41,244] {processor.py:163} INFO - Started process (PID=43256) to work on /home/dante/DWBI/Apache/py_env/lib/python3.8/site-packages/airflow/example_dags/example_xcomargs.py
[2021-11-24 13:05:41,253] {processor.py:620} INFO - Processing file /home/dante/DWBI/Apache/py_env/lib/python3.8/site-packages/airflow/example_dags/example_xcomargs.py for tasks to queue
[2021-11-24 13:05:41,253] {logging_mixin.py:109} INFO - [2021-11-24 13:05:41,253] {dagbag.py:500} INFO - Filling up the DagBag from /home/dante/DWBI/Apache/py_env/lib/python3.8/site-packages/airflow/example_dags/example_xcomargs.py
[2021-11-24 13:05:41,273] {processor.py:632} INFO - DAG(s) dict_keys(['example_xcom_args', 'example_xcom_args_with_operators']) retrieved from /home/dante/DWBI/Apache/py_env/lib/python3.8/site-packages/airflow/example_dags/example_xcomargs.py
[2021-11-24 13:05:41,428] {logging_mixin.py:109} INFO - [2021-11-24 13:05:41,428] {dag.py:2389} INFO - Sync 2 DAGs
[2021-11-24 13:05:41,438] {logging_mixin.py:109} INFO - [2021-11-24 13:05:41,438] {dag.py:2921} INFO - Setting next_dagrun for example_xcom_args to None
[2021-11-24 13:05:41,438] {logging_mixin.py:109} INFO - [2021-11-24 13:05:41,438] {dag.py:2921} INFO - Setting next_dagrun for example_xcom_args_with_operators to None
[2021-11-24 13:05:41,455] {processor.py:171} INFO - Processing /home/dante/DWBI/Apache/py_env/lib/python3.8/site-packages/airflow/example_dags/example_xcomargs.py took 0.213 seconds
[2021-11-24 13:06:18,804] {processor.py:163} INFO - Started process (PID=43308) to work on /home/dante/DWBI/Apache/py_env/lib/python3.8/site-packages/airflow/example_dags/example_xcomargs.py
[2021-11-24 13:06:18,806] {processor.py:620} INFO - Processing file /home/dante/DWBI/Apache/py_env/lib/python3.8/site-packages/airflow/example_dags/example_xcomargs.py for tasks to queue
[2021-11-24 13:06:18,806] {logging_mixin.py:109} INFO - [2021-11-24 13:06:18,806] {dagbag.py:500} INFO - Filling up the DagBag from /home/dante/DWBI/Apache/py_env/lib/python3.8/site-packages/airflow/example_dags/example_xcomargs.py
[2021-11-24 13:06:18,830] {processor.py:632} INFO - DAG(s) dict_keys(['example_xcom_args', 'example_xcom_args_with_operators']) retrieved from /home/dante/DWBI/Apache/py_env/lib/python3.8/site-packages/airflow/example_dags/example_xcomargs.py
[2021-11-24 13:06:19,000] {logging_mixin.py:109} INFO - [2021-11-24 13:06:19,000] {dag.py:2389} INFO - Sync 2 DAGs
[2021-11-24 13:06:19,009] {logging_mixin.py:109} INFO - [2021-11-24 13:06:19,008] {dag.py:2921} INFO - Setting next_dagrun for example_xcom_args to None
[2021-11-24 13:06:19,009] {logging_mixin.py:109} INFO - [2021-11-24 13:06:19,009] {dag.py:2921} INFO - Setting next_dagrun for example_xcom_args_with_operators to None
[2021-11-24 13:06:19,018] {processor.py:171} INFO - Processing /home/dante/DWBI/Apache/py_env/lib/python3.8/site-packages/airflow/example_dags/example_xcomargs.py took 0.216 seconds
[2021-11-24 13:06:56,168] {processor.py:163} INFO - Started process (PID=43388) to work on /home/dante/DWBI/Apache/py_env/lib/python3.8/site-packages/airflow/example_dags/example_xcomargs.py
[2021-11-24 13:06:56,170] {processor.py:620} INFO - Processing file /home/dante/DWBI/Apache/py_env/lib/python3.8/site-packages/airflow/example_dags/example_xcomargs.py for tasks to queue
[2021-11-24 13:06:56,171] {logging_mixin.py:109} INFO - [2021-11-24 13:06:56,170] {dagbag.py:500} INFO - Filling up the DagBag from /home/dante/DWBI/Apache/py_env/lib/python3.8/site-packages/airflow/example_dags/example_xcomargs.py
[2021-11-24 13:06:56,192] {processor.py:632} INFO - DAG(s) dict_keys(['example_xcom_args', 'example_xcom_args_with_operators']) retrieved from /home/dante/DWBI/Apache/py_env/lib/python3.8/site-packages/airflow/example_dags/example_xcomargs.py
[2021-11-24 13:06:56,332] {logging_mixin.py:109} INFO - [2021-11-24 13:06:56,331] {dag.py:2389} INFO - Sync 2 DAGs
[2021-11-24 13:06:56,339] {logging_mixin.py:109} INFO - [2021-11-24 13:06:56,339] {dag.py:2921} INFO - Setting next_dagrun for example_xcom_args to None
[2021-11-24 13:06:56,339] {logging_mixin.py:109} INFO - [2021-11-24 13:06:56,339] {dag.py:2921} INFO - Setting next_dagrun for example_xcom_args_with_operators to None
[2021-11-24 13:06:56,348] {processor.py:171} INFO - Processing /home/dante/DWBI/Apache/py_env/lib/python3.8/site-packages/airflow/example_dags/example_xcomargs.py took 0.182 seconds
[2021-11-24 13:07:34,310] {processor.py:163} INFO - Started process (PID=43437) to work on /home/dante/DWBI/Apache/py_env/lib/python3.8/site-packages/airflow/example_dags/example_xcomargs.py
[2021-11-24 13:07:34,319] {processor.py:620} INFO - Processing file /home/dante/DWBI/Apache/py_env/lib/python3.8/site-packages/airflow/example_dags/example_xcomargs.py for tasks to queue
[2021-11-24 13:07:34,320] {logging_mixin.py:109} INFO - [2021-11-24 13:07:34,320] {dagbag.py:500} INFO - Filling up the DagBag from /home/dante/DWBI/Apache/py_env/lib/python3.8/site-packages/airflow/example_dags/example_xcomargs.py
[2021-11-24 13:07:34,336] {processor.py:632} INFO - DAG(s) dict_keys(['example_xcom_args', 'example_xcom_args_with_operators']) retrieved from /home/dante/DWBI/Apache/py_env/lib/python3.8/site-packages/airflow/example_dags/example_xcomargs.py
[2021-11-24 13:07:34,465] {logging_mixin.py:109} INFO - [2021-11-24 13:07:34,464] {dag.py:2389} INFO - Sync 2 DAGs
[2021-11-24 13:07:34,471] {logging_mixin.py:109} INFO - [2021-11-24 13:07:34,471] {dag.py:2921} INFO - Setting next_dagrun for example_xcom_args to None
[2021-11-24 13:07:34,471] {logging_mixin.py:109} INFO - [2021-11-24 13:07:34,471] {dag.py:2921} INFO - Setting next_dagrun for example_xcom_args_with_operators to None
[2021-11-24 13:07:34,496] {processor.py:171} INFO - Processing /home/dante/DWBI/Apache/py_env/lib/python3.8/site-packages/airflow/example_dags/example_xcomargs.py took 0.187 seconds
[2021-11-24 13:08:12,173] {processor.py:163} INFO - Started process (PID=43513) to work on /home/dante/DWBI/Apache/py_env/lib/python3.8/site-packages/airflow/example_dags/example_xcomargs.py
[2021-11-24 13:08:12,176] {processor.py:620} INFO - Processing file /home/dante/DWBI/Apache/py_env/lib/python3.8/site-packages/airflow/example_dags/example_xcomargs.py for tasks to queue
[2021-11-24 13:08:12,178] {logging_mixin.py:109} INFO - [2021-11-24 13:08:12,177] {dagbag.py:500} INFO - Filling up the DagBag from /home/dante/DWBI/Apache/py_env/lib/python3.8/site-packages/airflow/example_dags/example_xcomargs.py
[2021-11-24 13:08:12,215] {processor.py:632} INFO - DAG(s) dict_keys(['example_xcom_args', 'example_xcom_args_with_operators']) retrieved from /home/dante/DWBI/Apache/py_env/lib/python3.8/site-packages/airflow/example_dags/example_xcomargs.py
[2021-11-24 13:08:12,355] {logging_mixin.py:109} INFO - [2021-11-24 13:08:12,355] {dag.py:2389} INFO - Sync 2 DAGs
[2021-11-24 13:08:12,362] {logging_mixin.py:109} INFO - [2021-11-24 13:08:12,362] {dag.py:2921} INFO - Setting next_dagrun for example_xcom_args to None
[2021-11-24 13:08:12,362] {logging_mixin.py:109} INFO - [2021-11-24 13:08:12,362] {dag.py:2921} INFO - Setting next_dagrun for example_xcom_args_with_operators to None
[2021-11-24 13:08:12,370] {processor.py:171} INFO - Processing /home/dante/DWBI/Apache/py_env/lib/python3.8/site-packages/airflow/example_dags/example_xcomargs.py took 0.204 seconds
[2021-11-24 13:08:47,661] {processor.py:163} INFO - Started process (PID=43565) to work on /home/dante/DWBI/Apache/py_env/lib/python3.8/site-packages/airflow/example_dags/example_xcomargs.py
[2021-11-24 13:08:47,670] {processor.py:620} INFO - Processing file /home/dante/DWBI/Apache/py_env/lib/python3.8/site-packages/airflow/example_dags/example_xcomargs.py for tasks to queue
[2021-11-24 13:08:47,671] {logging_mixin.py:109} INFO - [2021-11-24 13:08:47,671] {dagbag.py:500} INFO - Filling up the DagBag from /home/dante/DWBI/Apache/py_env/lib/python3.8/site-packages/airflow/example_dags/example_xcomargs.py
[2021-11-24 13:08:47,704] {processor.py:632} INFO - DAG(s) dict_keys(['example_xcom_args', 'example_xcom_args_with_operators']) retrieved from /home/dante/DWBI/Apache/py_env/lib/python3.8/site-packages/airflow/example_dags/example_xcomargs.py
[2021-11-24 13:08:47,846] {logging_mixin.py:109} INFO - [2021-11-24 13:08:47,846] {dag.py:2389} INFO - Sync 2 DAGs
[2021-11-24 13:08:47,855] {logging_mixin.py:109} INFO - [2021-11-24 13:08:47,855] {dag.py:2921} INFO - Setting next_dagrun for example_xcom_args to None
[2021-11-24 13:08:47,855] {logging_mixin.py:109} INFO - [2021-11-24 13:08:47,855] {dag.py:2921} INFO - Setting next_dagrun for example_xcom_args_with_operators to None
[2021-11-24 13:08:47,867] {processor.py:171} INFO - Processing /home/dante/DWBI/Apache/py_env/lib/python3.8/site-packages/airflow/example_dags/example_xcomargs.py took 0.208 seconds
[2021-11-24 13:09:27,170] {processor.py:163} INFO - Started process (PID=43655) to work on /home/dante/DWBI/Apache/py_env/lib/python3.8/site-packages/airflow/example_dags/example_xcomargs.py
[2021-11-24 13:09:27,180] {processor.py:620} INFO - Processing file /home/dante/DWBI/Apache/py_env/lib/python3.8/site-packages/airflow/example_dags/example_xcomargs.py for tasks to queue
[2021-11-24 13:09:27,182] {logging_mixin.py:109} INFO - [2021-11-24 13:09:27,182] {dagbag.py:500} INFO - Filling up the DagBag from /home/dante/DWBI/Apache/py_env/lib/python3.8/site-packages/airflow/example_dags/example_xcomargs.py
[2021-11-24 13:09:27,217] {processor.py:632} INFO - DAG(s) dict_keys(['example_xcom_args', 'example_xcom_args_with_operators']) retrieved from /home/dante/DWBI/Apache/py_env/lib/python3.8/site-packages/airflow/example_dags/example_xcomargs.py
[2021-11-24 13:09:27,351] {logging_mixin.py:109} INFO - [2021-11-24 13:09:27,351] {dag.py:2389} INFO - Sync 2 DAGs
[2021-11-24 13:09:27,357] {logging_mixin.py:109} INFO - [2021-11-24 13:09:27,357] {dag.py:2921} INFO - Setting next_dagrun for example_xcom_args to None
[2021-11-24 13:09:27,358] {logging_mixin.py:109} INFO - [2021-11-24 13:09:27,358] {dag.py:2921} INFO - Setting next_dagrun for example_xcom_args_with_operators to None
[2021-11-24 13:09:27,399] {processor.py:171} INFO - Processing /home/dante/DWBI/Apache/py_env/lib/python3.8/site-packages/airflow/example_dags/example_xcomargs.py took 0.233 seconds
[2021-11-24 13:10:04,074] {processor.py:163} INFO - Started process (PID=43816) to work on /home/dante/DWBI/Apache/py_env/lib/python3.8/site-packages/airflow/example_dags/example_xcomargs.py
[2021-11-24 13:10:04,085] {processor.py:620} INFO - Processing file /home/dante/DWBI/Apache/py_env/lib/python3.8/site-packages/airflow/example_dags/example_xcomargs.py for tasks to queue
[2021-11-24 13:10:04,087] {logging_mixin.py:109} INFO - [2021-11-24 13:10:04,087] {dagbag.py:500} INFO - Filling up the DagBag from /home/dante/DWBI/Apache/py_env/lib/python3.8/site-packages/airflow/example_dags/example_xcomargs.py
[2021-11-24 13:10:04,121] {processor.py:632} INFO - DAG(s) dict_keys(['example_xcom_args', 'example_xcom_args_with_operators']) retrieved from /home/dante/DWBI/Apache/py_env/lib/python3.8/site-packages/airflow/example_dags/example_xcomargs.py
[2021-11-24 13:10:04,276] {logging_mixin.py:109} INFO - [2021-11-24 13:10:04,276] {dag.py:2389} INFO - Sync 2 DAGs
[2021-11-24 13:10:04,284] {logging_mixin.py:109} INFO - [2021-11-24 13:10:04,284] {dag.py:2921} INFO - Setting next_dagrun for example_xcom_args to None
[2021-11-24 13:10:04,285] {logging_mixin.py:109} INFO - [2021-11-24 13:10:04,285] {dag.py:2921} INFO - Setting next_dagrun for example_xcom_args_with_operators to None
[2021-11-24 13:10:04,328] {processor.py:171} INFO - Processing /home/dante/DWBI/Apache/py_env/lib/python3.8/site-packages/airflow/example_dags/example_xcomargs.py took 0.260 seconds
[2021-11-24 13:10:37,574] {processor.py:163} INFO - Started process (PID=44001) to work on /home/dante/DWBI/Apache/py_env/lib/python3.8/site-packages/airflow/example_dags/example_xcomargs.py
[2021-11-24 13:10:37,585] {processor.py:620} INFO - Processing file /home/dante/DWBI/Apache/py_env/lib/python3.8/site-packages/airflow/example_dags/example_xcomargs.py for tasks to queue
[2021-11-24 13:10:37,586] {logging_mixin.py:109} INFO - [2021-11-24 13:10:37,586] {dagbag.py:500} INFO - Filling up the DagBag from /home/dante/DWBI/Apache/py_env/lib/python3.8/site-packages/airflow/example_dags/example_xcomargs.py
[2021-11-24 13:10:37,622] {processor.py:632} INFO - DAG(s) dict_keys(['example_xcom_args', 'example_xcom_args_with_operators']) retrieved from /home/dante/DWBI/Apache/py_env/lib/python3.8/site-packages/airflow/example_dags/example_xcomargs.py
[2021-11-24 13:10:37,801] {logging_mixin.py:109} INFO - [2021-11-24 13:10:37,801] {dag.py:2389} INFO - Sync 2 DAGs
[2021-11-24 13:10:37,809] {logging_mixin.py:109} INFO - [2021-11-24 13:10:37,808] {dag.py:2921} INFO - Setting next_dagrun for example_xcom_args to None
[2021-11-24 13:10:37,809] {logging_mixin.py:109} INFO - [2021-11-24 13:10:37,809] {dag.py:2921} INFO - Setting next_dagrun for example_xcom_args_with_operators to None
[2021-11-24 13:10:37,832] {processor.py:171} INFO - Processing /home/dante/DWBI/Apache/py_env/lib/python3.8/site-packages/airflow/example_dags/example_xcomargs.py took 0.265 seconds
[2021-11-24 13:11:18,148] {processor.py:163} INFO - Started process (PID=44157) to work on /home/dante/DWBI/Apache/py_env/lib/python3.8/site-packages/airflow/example_dags/example_xcomargs.py
[2021-11-24 13:11:18,158] {processor.py:620} INFO - Processing file /home/dante/DWBI/Apache/py_env/lib/python3.8/site-packages/airflow/example_dags/example_xcomargs.py for tasks to queue
[2021-11-24 13:11:18,158] {logging_mixin.py:109} INFO - [2021-11-24 13:11:18,158] {dagbag.py:500} INFO - Filling up the DagBag from /home/dante/DWBI/Apache/py_env/lib/python3.8/site-packages/airflow/example_dags/example_xcomargs.py
[2021-11-24 13:11:18,187] {processor.py:632} INFO - DAG(s) dict_keys(['example_xcom_args', 'example_xcom_args_with_operators']) retrieved from /home/dante/DWBI/Apache/py_env/lib/python3.8/site-packages/airflow/example_dags/example_xcomargs.py
[2021-11-24 13:11:18,331] {logging_mixin.py:109} INFO - [2021-11-24 13:11:18,330] {dag.py:2389} INFO - Sync 2 DAGs
[2021-11-24 13:11:18,338] {logging_mixin.py:109} INFO - [2021-11-24 13:11:18,338] {dag.py:2921} INFO - Setting next_dagrun for example_xcom_args to None
[2021-11-24 13:11:18,338] {logging_mixin.py:109} INFO - [2021-11-24 13:11:18,338] {dag.py:2921} INFO - Setting next_dagrun for example_xcom_args_with_operators to None
[2021-11-24 13:11:18,346] {processor.py:171} INFO - Processing /home/dante/DWBI/Apache/py_env/lib/python3.8/site-packages/airflow/example_dags/example_xcomargs.py took 0.200 seconds
[2021-11-24 13:11:54,461] {processor.py:163} INFO - Started process (PID=44262) to work on /home/dante/DWBI/Apache/py_env/lib/python3.8/site-packages/airflow/example_dags/example_xcomargs.py
[2021-11-24 13:11:54,472] {processor.py:620} INFO - Processing file /home/dante/DWBI/Apache/py_env/lib/python3.8/site-packages/airflow/example_dags/example_xcomargs.py for tasks to queue
[2021-11-24 13:11:54,473] {logging_mixin.py:109} INFO - [2021-11-24 13:11:54,473] {dagbag.py:500} INFO - Filling up the DagBag from /home/dante/DWBI/Apache/py_env/lib/python3.8/site-packages/airflow/example_dags/example_xcomargs.py
[2021-11-24 13:11:54,515] {processor.py:632} INFO - DAG(s) dict_keys(['example_xcom_args', 'example_xcom_args_with_operators']) retrieved from /home/dante/DWBI/Apache/py_env/lib/python3.8/site-packages/airflow/example_dags/example_xcomargs.py
[2021-11-24 13:11:54,657] {logging_mixin.py:109} INFO - [2021-11-24 13:11:54,657] {dag.py:2389} INFO - Sync 2 DAGs
[2021-11-24 13:11:54,664] {logging_mixin.py:109} INFO - [2021-11-24 13:11:54,664] {dag.py:2921} INFO - Setting next_dagrun for example_xcom_args to None
[2021-11-24 13:11:54,664] {logging_mixin.py:109} INFO - [2021-11-24 13:11:54,664] {dag.py:2921} INFO - Setting next_dagrun for example_xcom_args_with_operators to None
[2021-11-24 13:11:54,673] {processor.py:171} INFO - Processing /home/dante/DWBI/Apache/py_env/lib/python3.8/site-packages/airflow/example_dags/example_xcomargs.py took 0.216 seconds
[2021-11-24 13:12:30,405] {processor.py:163} INFO - Started process (PID=44315) to work on /home/dante/DWBI/Apache/py_env/lib/python3.8/site-packages/airflow/example_dags/example_xcomargs.py
[2021-11-24 13:12:30,409] {processor.py:620} INFO - Processing file /home/dante/DWBI/Apache/py_env/lib/python3.8/site-packages/airflow/example_dags/example_xcomargs.py for tasks to queue
[2021-11-24 13:12:30,410] {logging_mixin.py:109} INFO - [2021-11-24 13:12:30,410] {dagbag.py:500} INFO - Filling up the DagBag from /home/dante/DWBI/Apache/py_env/lib/python3.8/site-packages/airflow/example_dags/example_xcomargs.py
[2021-11-24 13:12:30,443] {processor.py:632} INFO - DAG(s) dict_keys(['example_xcom_args', 'example_xcom_args_with_operators']) retrieved from /home/dante/DWBI/Apache/py_env/lib/python3.8/site-packages/airflow/example_dags/example_xcomargs.py
[2021-11-24 13:12:30,587] {logging_mixin.py:109} INFO - [2021-11-24 13:12:30,587] {dag.py:2389} INFO - Sync 2 DAGs
[2021-11-24 13:12:30,594] {logging_mixin.py:109} INFO - [2021-11-24 13:12:30,594] {dag.py:2921} INFO - Setting next_dagrun for example_xcom_args to None
[2021-11-24 13:12:30,594] {logging_mixin.py:109} INFO - [2021-11-24 13:12:30,594] {dag.py:2921} INFO - Setting next_dagrun for example_xcom_args_with_operators to None
[2021-11-24 13:12:30,603] {processor.py:171} INFO - Processing /home/dante/DWBI/Apache/py_env/lib/python3.8/site-packages/airflow/example_dags/example_xcomargs.py took 0.204 seconds
[2021-11-24 13:13:07,390] {processor.py:163} INFO - Started process (PID=44462) to work on /home/dante/DWBI/Apache/py_env/lib/python3.8/site-packages/airflow/example_dags/example_xcomargs.py
[2021-11-24 13:13:07,393] {processor.py:620} INFO - Processing file /home/dante/DWBI/Apache/py_env/lib/python3.8/site-packages/airflow/example_dags/example_xcomargs.py for tasks to queue
[2021-11-24 13:13:07,395] {logging_mixin.py:109} INFO - [2021-11-24 13:13:07,395] {dagbag.py:500} INFO - Filling up the DagBag from /home/dante/DWBI/Apache/py_env/lib/python3.8/site-packages/airflow/example_dags/example_xcomargs.py
[2021-11-24 13:13:07,429] {processor.py:632} INFO - DAG(s) dict_keys(['example_xcom_args', 'example_xcom_args_with_operators']) retrieved from /home/dante/DWBI/Apache/py_env/lib/python3.8/site-packages/airflow/example_dags/example_xcomargs.py
[2021-11-24 13:13:07,599] {logging_mixin.py:109} INFO - [2021-11-24 13:13:07,598] {dag.py:2389} INFO - Sync 2 DAGs
[2021-11-24 13:13:07,607] {logging_mixin.py:109} INFO - [2021-11-24 13:13:07,607] {dag.py:2921} INFO - Setting next_dagrun for example_xcom_args to None
[2021-11-24 13:13:07,607] {logging_mixin.py:109} INFO - [2021-11-24 13:13:07,607] {dag.py:2921} INFO - Setting next_dagrun for example_xcom_args_with_operators to None
[2021-11-24 13:13:07,618] {processor.py:171} INFO - Processing /home/dante/DWBI/Apache/py_env/lib/python3.8/site-packages/airflow/example_dags/example_xcomargs.py took 0.232 seconds
[2021-11-24 13:13:48,041] {processor.py:163} INFO - Started process (PID=44542) to work on /home/dante/DWBI/Apache/py_env/lib/python3.8/site-packages/airflow/example_dags/example_xcomargs.py
[2021-11-24 13:13:48,052] {processor.py:620} INFO - Processing file /home/dante/DWBI/Apache/py_env/lib/python3.8/site-packages/airflow/example_dags/example_xcomargs.py for tasks to queue
[2021-11-24 13:13:48,053] {logging_mixin.py:109} INFO - [2021-11-24 13:13:48,053] {dagbag.py:500} INFO - Filling up the DagBag from /home/dante/DWBI/Apache/py_env/lib/python3.8/site-packages/airflow/example_dags/example_xcomargs.py
[2021-11-24 13:13:48,081] {processor.py:632} INFO - DAG(s) dict_keys(['example_xcom_args', 'example_xcom_args_with_operators']) retrieved from /home/dante/DWBI/Apache/py_env/lib/python3.8/site-packages/airflow/example_dags/example_xcomargs.py
[2021-11-24 13:13:48,219] {logging_mixin.py:109} INFO - [2021-11-24 13:13:48,219] {dag.py:2389} INFO - Sync 2 DAGs
[2021-11-24 13:13:48,226] {logging_mixin.py:109} INFO - [2021-11-24 13:13:48,226] {dag.py:2921} INFO - Setting next_dagrun for example_xcom_args to None
[2021-11-24 13:13:48,227] {logging_mixin.py:109} INFO - [2021-11-24 13:13:48,227] {dag.py:2921} INFO - Setting next_dagrun for example_xcom_args_with_operators to None
[2021-11-24 13:13:48,237] {processor.py:171} INFO - Processing /home/dante/DWBI/Apache/py_env/lib/python3.8/site-packages/airflow/example_dags/example_xcomargs.py took 0.203 seconds
[2021-11-24 13:14:26,995] {processor.py:163} INFO - Started process (PID=44598) to work on /home/dante/DWBI/Apache/py_env/lib/python3.8/site-packages/airflow/example_dags/example_xcomargs.py
[2021-11-24 13:14:27,004] {processor.py:620} INFO - Processing file /home/dante/DWBI/Apache/py_env/lib/python3.8/site-packages/airflow/example_dags/example_xcomargs.py for tasks to queue
[2021-11-24 13:14:27,005] {logging_mixin.py:109} INFO - [2021-11-24 13:14:27,005] {dagbag.py:500} INFO - Filling up the DagBag from /home/dante/DWBI/Apache/py_env/lib/python3.8/site-packages/airflow/example_dags/example_xcomargs.py
[2021-11-24 13:14:27,028] {processor.py:632} INFO - DAG(s) dict_keys(['example_xcom_args', 'example_xcom_args_with_operators']) retrieved from /home/dante/DWBI/Apache/py_env/lib/python3.8/site-packages/airflow/example_dags/example_xcomargs.py
[2021-11-24 13:14:27,163] {logging_mixin.py:109} INFO - [2021-11-24 13:14:27,163] {dag.py:2389} INFO - Sync 2 DAGs
[2021-11-24 13:14:27,170] {logging_mixin.py:109} INFO - [2021-11-24 13:14:27,170] {dag.py:2921} INFO - Setting next_dagrun for example_xcom_args to None
[2021-11-24 13:14:27,170] {logging_mixin.py:109} INFO - [2021-11-24 13:14:27,170] {dag.py:2921} INFO - Setting next_dagrun for example_xcom_args_with_operators to None
[2021-11-24 13:14:27,199] {processor.py:171} INFO - Processing /home/dante/DWBI/Apache/py_env/lib/python3.8/site-packages/airflow/example_dags/example_xcomargs.py took 0.207 seconds
[2021-11-24 13:15:05,376] {processor.py:163} INFO - Started process (PID=44749) to work on /home/dante/DWBI/Apache/py_env/lib/python3.8/site-packages/airflow/example_dags/example_xcomargs.py
[2021-11-24 13:15:05,387] {processor.py:620} INFO - Processing file /home/dante/DWBI/Apache/py_env/lib/python3.8/site-packages/airflow/example_dags/example_xcomargs.py for tasks to queue
[2021-11-24 13:15:05,388] {logging_mixin.py:109} INFO - [2021-11-24 13:15:05,387] {dagbag.py:500} INFO - Filling up the DagBag from /home/dante/DWBI/Apache/py_env/lib/python3.8/site-packages/airflow/example_dags/example_xcomargs.py
[2021-11-24 13:15:05,420] {processor.py:632} INFO - DAG(s) dict_keys(['example_xcom_args', 'example_xcom_args_with_operators']) retrieved from /home/dante/DWBI/Apache/py_env/lib/python3.8/site-packages/airflow/example_dags/example_xcomargs.py
[2021-11-24 13:15:05,567] {logging_mixin.py:109} INFO - [2021-11-24 13:15:05,567] {dag.py:2389} INFO - Sync 2 DAGs
[2021-11-24 13:15:05,574] {logging_mixin.py:109} INFO - [2021-11-24 13:15:05,574] {dag.py:2921} INFO - Setting next_dagrun for example_xcom_args to None
[2021-11-24 13:15:05,574] {logging_mixin.py:109} INFO - [2021-11-24 13:15:05,574] {dag.py:2921} INFO - Setting next_dagrun for example_xcom_args_with_operators to None
[2021-11-24 13:15:05,612] {processor.py:171} INFO - Processing /home/dante/DWBI/Apache/py_env/lib/python3.8/site-packages/airflow/example_dags/example_xcomargs.py took 0.238 seconds
[2021-11-24 13:15:45,159] {processor.py:163} INFO - Started process (PID=44834) to work on /home/dante/DWBI/Apache/py_env/lib/python3.8/site-packages/airflow/example_dags/example_xcomargs.py
[2021-11-24 13:15:45,160] {processor.py:620} INFO - Processing file /home/dante/DWBI/Apache/py_env/lib/python3.8/site-packages/airflow/example_dags/example_xcomargs.py for tasks to queue
[2021-11-24 13:15:45,160] {logging_mixin.py:109} INFO - [2021-11-24 13:15:45,160] {dagbag.py:500} INFO - Filling up the DagBag from /home/dante/DWBI/Apache/py_env/lib/python3.8/site-packages/airflow/example_dags/example_xcomargs.py
[2021-11-24 13:15:45,193] {processor.py:632} INFO - DAG(s) dict_keys(['example_xcom_args', 'example_xcom_args_with_operators']) retrieved from /home/dante/DWBI/Apache/py_env/lib/python3.8/site-packages/airflow/example_dags/example_xcomargs.py
[2021-11-24 13:15:45,425] {logging_mixin.py:109} INFO - [2021-11-24 13:15:45,425] {dag.py:2389} INFO - Sync 2 DAGs
[2021-11-24 13:15:45,445] {logging_mixin.py:109} INFO - [2021-11-24 13:15:45,445] {dag.py:2921} INFO - Setting next_dagrun for example_xcom_args to None
[2021-11-24 13:15:45,446] {logging_mixin.py:109} INFO - [2021-11-24 13:15:45,446] {dag.py:2921} INFO - Setting next_dagrun for example_xcom_args_with_operators to None
[2021-11-24 13:15:45,469] {processor.py:171} INFO - Processing /home/dante/DWBI/Apache/py_env/lib/python3.8/site-packages/airflow/example_dags/example_xcomargs.py took 0.313 seconds
[2021-11-24 13:16:25,396] {processor.py:163} INFO - Started process (PID=45354) to work on /home/dante/DWBI/Apache/py_env/lib/python3.8/site-packages/airflow/example_dags/example_xcomargs.py
[2021-11-24 13:16:25,400] {processor.py:620} INFO - Processing file /home/dante/DWBI/Apache/py_env/lib/python3.8/site-packages/airflow/example_dags/example_xcomargs.py for tasks to queue
[2021-11-24 13:16:25,401] {logging_mixin.py:109} INFO - [2021-11-24 13:16:25,401] {dagbag.py:500} INFO - Filling up the DagBag from /home/dante/DWBI/Apache/py_env/lib/python3.8/site-packages/airflow/example_dags/example_xcomargs.py
[2021-11-24 13:16:25,422] {processor.py:632} INFO - DAG(s) dict_keys(['example_xcom_args', 'example_xcom_args_with_operators']) retrieved from /home/dante/DWBI/Apache/py_env/lib/python3.8/site-packages/airflow/example_dags/example_xcomargs.py
[2021-11-24 13:16:25,553] {logging_mixin.py:109} INFO - [2021-11-24 13:16:25,553] {dag.py:2389} INFO - Sync 2 DAGs
[2021-11-24 13:16:25,560] {logging_mixin.py:109} INFO - [2021-11-24 13:16:25,560] {dag.py:2921} INFO - Setting next_dagrun for example_xcom_args to None
[2021-11-24 13:16:25,560] {logging_mixin.py:109} INFO - [2021-11-24 13:16:25,560] {dag.py:2921} INFO - Setting next_dagrun for example_xcom_args_with_operators to None
[2021-11-24 13:16:25,569] {processor.py:171} INFO - Processing /home/dante/DWBI/Apache/py_env/lib/python3.8/site-packages/airflow/example_dags/example_xcomargs.py took 0.175 seconds
[2021-11-24 13:16:58,922] {processor.py:163} INFO - Started process (PID=45444) to work on /home/dante/DWBI/Apache/py_env/lib/python3.8/site-packages/airflow/example_dags/example_xcomargs.py
[2021-11-24 13:16:58,924] {processor.py:620} INFO - Processing file /home/dante/DWBI/Apache/py_env/lib/python3.8/site-packages/airflow/example_dags/example_xcomargs.py for tasks to queue
[2021-11-24 13:16:58,925] {logging_mixin.py:109} INFO - [2021-11-24 13:16:58,925] {dagbag.py:500} INFO - Filling up the DagBag from /home/dante/DWBI/Apache/py_env/lib/python3.8/site-packages/airflow/example_dags/example_xcomargs.py
[2021-11-24 13:16:58,949] {processor.py:632} INFO - DAG(s) dict_keys(['example_xcom_args', 'example_xcom_args_with_operators']) retrieved from /home/dante/DWBI/Apache/py_env/lib/python3.8/site-packages/airflow/example_dags/example_xcomargs.py
[2021-11-24 13:16:59,086] {logging_mixin.py:109} INFO - [2021-11-24 13:16:59,086] {dag.py:2389} INFO - Sync 2 DAGs
[2021-11-24 13:16:59,093] {logging_mixin.py:109} INFO - [2021-11-24 13:16:59,093] {dag.py:2921} INFO - Setting next_dagrun for example_xcom_args to None
[2021-11-24 13:16:59,093] {logging_mixin.py:109} INFO - [2021-11-24 13:16:59,093] {dag.py:2921} INFO - Setting next_dagrun for example_xcom_args_with_operators to None
[2021-11-24 13:16:59,101] {processor.py:171} INFO - Processing /home/dante/DWBI/Apache/py_env/lib/python3.8/site-packages/airflow/example_dags/example_xcomargs.py took 0.182 seconds
[2021-11-24 13:17:35,771] {processor.py:163} INFO - Started process (PID=45571) to work on /home/dante/DWBI/Apache/py_env/lib/python3.8/site-packages/airflow/example_dags/example_xcomargs.py
[2021-11-24 13:17:35,775] {processor.py:620} INFO - Processing file /home/dante/DWBI/Apache/py_env/lib/python3.8/site-packages/airflow/example_dags/example_xcomargs.py for tasks to queue
[2021-11-24 13:17:35,776] {logging_mixin.py:109} INFO - [2021-11-24 13:17:35,776] {dagbag.py:500} INFO - Filling up the DagBag from /home/dante/DWBI/Apache/py_env/lib/python3.8/site-packages/airflow/example_dags/example_xcomargs.py
[2021-11-24 13:17:35,811] {processor.py:632} INFO - DAG(s) dict_keys(['example_xcom_args', 'example_xcom_args_with_operators']) retrieved from /home/dante/DWBI/Apache/py_env/lib/python3.8/site-packages/airflow/example_dags/example_xcomargs.py
[2021-11-24 13:17:35,969] {logging_mixin.py:109} INFO - [2021-11-24 13:17:35,969] {dag.py:2389} INFO - Sync 2 DAGs
[2021-11-24 13:17:35,978] {logging_mixin.py:109} INFO - [2021-11-24 13:17:35,977] {dag.py:2921} INFO - Setting next_dagrun for example_xcom_args to None
[2021-11-24 13:17:35,978] {logging_mixin.py:109} INFO - [2021-11-24 13:17:35,978] {dag.py:2921} INFO - Setting next_dagrun for example_xcom_args_with_operators to None
[2021-11-24 13:17:35,988] {processor.py:171} INFO - Processing /home/dante/DWBI/Apache/py_env/lib/python3.8/site-packages/airflow/example_dags/example_xcomargs.py took 0.224 seconds
[2021-11-24 13:18:12,322] {processor.py:163} INFO - Started process (PID=45626) to work on /home/dante/DWBI/Apache/py_env/lib/python3.8/site-packages/airflow/example_dags/example_xcomargs.py
[2021-11-24 13:18:12,331] {processor.py:620} INFO - Processing file /home/dante/DWBI/Apache/py_env/lib/python3.8/site-packages/airflow/example_dags/example_xcomargs.py for tasks to queue
[2021-11-24 13:18:12,331] {logging_mixin.py:109} INFO - [2021-11-24 13:18:12,331] {dagbag.py:500} INFO - Filling up the DagBag from /home/dante/DWBI/Apache/py_env/lib/python3.8/site-packages/airflow/example_dags/example_xcomargs.py
[2021-11-24 13:18:12,352] {processor.py:632} INFO - DAG(s) dict_keys(['example_xcom_args', 'example_xcom_args_with_operators']) retrieved from /home/dante/DWBI/Apache/py_env/lib/python3.8/site-packages/airflow/example_dags/example_xcomargs.py
[2021-11-24 13:18:12,493] {logging_mixin.py:109} INFO - [2021-11-24 13:18:12,493] {dag.py:2389} INFO - Sync 2 DAGs
[2021-11-24 13:18:12,500] {logging_mixin.py:109} INFO - [2021-11-24 13:18:12,500] {dag.py:2921} INFO - Setting next_dagrun for example_xcom_args to None
[2021-11-24 13:18:12,500] {logging_mixin.py:109} INFO - [2021-11-24 13:18:12,500] {dag.py:2921} INFO - Setting next_dagrun for example_xcom_args_with_operators to None
[2021-11-24 13:18:12,515] {processor.py:171} INFO - Processing /home/dante/DWBI/Apache/py_env/lib/python3.8/site-packages/airflow/example_dags/example_xcomargs.py took 0.196 seconds
[2021-11-24 13:18:51,478] {processor.py:163} INFO - Started process (PID=45703) to work on /home/dante/DWBI/Apache/py_env/lib/python3.8/site-packages/airflow/example_dags/example_xcomargs.py
[2021-11-24 13:18:51,488] {processor.py:620} INFO - Processing file /home/dante/DWBI/Apache/py_env/lib/python3.8/site-packages/airflow/example_dags/example_xcomargs.py for tasks to queue
[2021-11-24 13:18:51,489] {logging_mixin.py:109} INFO - [2021-11-24 13:18:51,488] {dagbag.py:500} INFO - Filling up the DagBag from /home/dante/DWBI/Apache/py_env/lib/python3.8/site-packages/airflow/example_dags/example_xcomargs.py
[2021-11-24 13:18:51,521] {processor.py:632} INFO - DAG(s) dict_keys(['example_xcom_args', 'example_xcom_args_with_operators']) retrieved from /home/dante/DWBI/Apache/py_env/lib/python3.8/site-packages/airflow/example_dags/example_xcomargs.py
[2021-11-24 13:18:51,656] {logging_mixin.py:109} INFO - [2021-11-24 13:18:51,656] {dag.py:2389} INFO - Sync 2 DAGs
[2021-11-24 13:18:51,663] {logging_mixin.py:109} INFO - [2021-11-24 13:18:51,662] {dag.py:2921} INFO - Setting next_dagrun for example_xcom_args to None
[2021-11-24 13:18:51,663] {logging_mixin.py:109} INFO - [2021-11-24 13:18:51,663] {dag.py:2921} INFO - Setting next_dagrun for example_xcom_args_with_operators to None
[2021-11-24 13:18:51,671] {processor.py:171} INFO - Processing /home/dante/DWBI/Apache/py_env/lib/python3.8/site-packages/airflow/example_dags/example_xcomargs.py took 0.194 seconds
[2021-11-24 13:19:29,263] {processor.py:163} INFO - Started process (PID=45756) to work on /home/dante/DWBI/Apache/py_env/lib/python3.8/site-packages/airflow/example_dags/example_xcomargs.py
[2021-11-24 13:19:29,275] {processor.py:620} INFO - Processing file /home/dante/DWBI/Apache/py_env/lib/python3.8/site-packages/airflow/example_dags/example_xcomargs.py for tasks to queue
[2021-11-24 13:19:29,277] {logging_mixin.py:109} INFO - [2021-11-24 13:19:29,276] {dagbag.py:500} INFO - Filling up the DagBag from /home/dante/DWBI/Apache/py_env/lib/python3.8/site-packages/airflow/example_dags/example_xcomargs.py
[2021-11-24 13:19:29,318] {processor.py:632} INFO - DAG(s) dict_keys(['example_xcom_args', 'example_xcom_args_with_operators']) retrieved from /home/dante/DWBI/Apache/py_env/lib/python3.8/site-packages/airflow/example_dags/example_xcomargs.py
[2021-11-24 13:19:29,462] {logging_mixin.py:109} INFO - [2021-11-24 13:19:29,462] {dag.py:2389} INFO - Sync 2 DAGs
[2021-11-24 13:19:29,469] {logging_mixin.py:109} INFO - [2021-11-24 13:19:29,469] {dag.py:2921} INFO - Setting next_dagrun for example_xcom_args to None
[2021-11-24 13:19:29,469] {logging_mixin.py:109} INFO - [2021-11-24 13:19:29,469] {dag.py:2921} INFO - Setting next_dagrun for example_xcom_args_with_operators to None
[2021-11-24 13:19:29,479] {processor.py:171} INFO - Processing /home/dante/DWBI/Apache/py_env/lib/python3.8/site-packages/airflow/example_dags/example_xcomargs.py took 0.218 seconds
[2021-11-24 13:20:10,327] {processor.py:163} INFO - Started process (PID=45812) to work on /home/dante/DWBI/Apache/py_env/lib/python3.8/site-packages/airflow/example_dags/example_xcomargs.py
[2021-11-24 13:20:10,338] {processor.py:620} INFO - Processing file /home/dante/DWBI/Apache/py_env/lib/python3.8/site-packages/airflow/example_dags/example_xcomargs.py for tasks to queue
[2021-11-24 13:20:10,340] {logging_mixin.py:109} INFO - [2021-11-24 13:20:10,339] {dagbag.py:500} INFO - Filling up the DagBag from /home/dante/DWBI/Apache/py_env/lib/python3.8/site-packages/airflow/example_dags/example_xcomargs.py
[2021-11-24 13:20:10,381] {processor.py:632} INFO - DAG(s) dict_keys(['example_xcom_args', 'example_xcom_args_with_operators']) retrieved from /home/dante/DWBI/Apache/py_env/lib/python3.8/site-packages/airflow/example_dags/example_xcomargs.py
[2021-11-24 13:20:10,515] {logging_mixin.py:109} INFO - [2021-11-24 13:20:10,515] {dag.py:2389} INFO - Sync 2 DAGs
[2021-11-24 13:20:10,522] {logging_mixin.py:109} INFO - [2021-11-24 13:20:10,522] {dag.py:2921} INFO - Setting next_dagrun for example_xcom_args to None
[2021-11-24 13:20:10,522] {logging_mixin.py:109} INFO - [2021-11-24 13:20:10,522] {dag.py:2921} INFO - Setting next_dagrun for example_xcom_args_with_operators to None
[2021-11-24 13:20:10,557] {processor.py:171} INFO - Processing /home/dante/DWBI/Apache/py_env/lib/python3.8/site-packages/airflow/example_dags/example_xcomargs.py took 0.233 seconds
[2021-11-24 13:20:48,866] {processor.py:163} INFO - Started process (PID=45865) to work on /home/dante/DWBI/Apache/py_env/lib/python3.8/site-packages/airflow/example_dags/example_xcomargs.py
[2021-11-24 13:20:48,876] {processor.py:620} INFO - Processing file /home/dante/DWBI/Apache/py_env/lib/python3.8/site-packages/airflow/example_dags/example_xcomargs.py for tasks to queue
[2021-11-24 13:20:48,876] {logging_mixin.py:109} INFO - [2021-11-24 13:20:48,876] {dagbag.py:500} INFO - Filling up the DagBag from /home/dante/DWBI/Apache/py_env/lib/python3.8/site-packages/airflow/example_dags/example_xcomargs.py
[2021-11-24 13:20:48,910] {processor.py:632} INFO - DAG(s) dict_keys(['example_xcom_args', 'example_xcom_args_with_operators']) retrieved from /home/dante/DWBI/Apache/py_env/lib/python3.8/site-packages/airflow/example_dags/example_xcomargs.py
[2021-11-24 13:20:49,043] {logging_mixin.py:109} INFO - [2021-11-24 13:20:49,043] {dag.py:2389} INFO - Sync 2 DAGs
[2021-11-24 13:20:49,051] {logging_mixin.py:109} INFO - [2021-11-24 13:20:49,050] {dag.py:2921} INFO - Setting next_dagrun for example_xcom_args to None
[2021-11-24 13:20:49,051] {logging_mixin.py:109} INFO - [2021-11-24 13:20:49,051] {dag.py:2921} INFO - Setting next_dagrun for example_xcom_args_with_operators to None
[2021-11-24 13:20:49,069] {processor.py:171} INFO - Processing /home/dante/DWBI/Apache/py_env/lib/python3.8/site-packages/airflow/example_dags/example_xcomargs.py took 0.205 seconds
[2021-11-24 13:21:21,087] {processor.py:163} INFO - Started process (PID=45917) to work on /home/dante/DWBI/Apache/py_env/lib/python3.8/site-packages/airflow/example_dags/example_xcomargs.py
[2021-11-24 13:21:21,097] {processor.py:620} INFO - Processing file /home/dante/DWBI/Apache/py_env/lib/python3.8/site-packages/airflow/example_dags/example_xcomargs.py for tasks to queue
[2021-11-24 13:21:21,098] {logging_mixin.py:109} INFO - [2021-11-24 13:21:21,098] {dagbag.py:500} INFO - Filling up the DagBag from /home/dante/DWBI/Apache/py_env/lib/python3.8/site-packages/airflow/example_dags/example_xcomargs.py
[2021-11-24 13:21:21,126] {processor.py:632} INFO - DAG(s) dict_keys(['example_xcom_args', 'example_xcom_args_with_operators']) retrieved from /home/dante/DWBI/Apache/py_env/lib/python3.8/site-packages/airflow/example_dags/example_xcomargs.py
[2021-11-24 13:21:21,338] {logging_mixin.py:109} INFO - [2021-11-24 13:21:21,338] {dag.py:2389} INFO - Sync 2 DAGs
[2021-11-24 13:21:21,350] {logging_mixin.py:109} INFO - [2021-11-24 13:21:21,350] {dag.py:2921} INFO - Setting next_dagrun for example_xcom_args to None
[2021-11-24 13:21:21,350] {logging_mixin.py:109} INFO - [2021-11-24 13:21:21,350] {dag.py:2921} INFO - Setting next_dagrun for example_xcom_args_with_operators to None
[2021-11-24 13:21:21,384] {processor.py:171} INFO - Processing /home/dante/DWBI/Apache/py_env/lib/python3.8/site-packages/airflow/example_dags/example_xcomargs.py took 0.302 seconds
[2021-11-24 13:21:56,519] {processor.py:163} INFO - Started process (PID=46008) to work on /home/dante/DWBI/Apache/py_env/lib/python3.8/site-packages/airflow/example_dags/example_xcomargs.py
[2021-11-24 13:21:56,530] {processor.py:620} INFO - Processing file /home/dante/DWBI/Apache/py_env/lib/python3.8/site-packages/airflow/example_dags/example_xcomargs.py for tasks to queue
[2021-11-24 13:21:56,532] {logging_mixin.py:109} INFO - [2021-11-24 13:21:56,532] {dagbag.py:500} INFO - Filling up the DagBag from /home/dante/DWBI/Apache/py_env/lib/python3.8/site-packages/airflow/example_dags/example_xcomargs.py
[2021-11-24 13:21:56,569] {processor.py:632} INFO - DAG(s) dict_keys(['example_xcom_args', 'example_xcom_args_with_operators']) retrieved from /home/dante/DWBI/Apache/py_env/lib/python3.8/site-packages/airflow/example_dags/example_xcomargs.py
[2021-11-24 13:21:56,706] {logging_mixin.py:109} INFO - [2021-11-24 13:21:56,706] {dag.py:2389} INFO - Sync 2 DAGs
[2021-11-24 13:21:56,713] {logging_mixin.py:109} INFO - [2021-11-24 13:21:56,713] {dag.py:2921} INFO - Setting next_dagrun for example_xcom_args to None
[2021-11-24 13:21:56,713] {logging_mixin.py:109} INFO - [2021-11-24 13:21:56,713] {dag.py:2921} INFO - Setting next_dagrun for example_xcom_args_with_operators to None
[2021-11-24 13:21:56,732] {processor.py:171} INFO - Processing /home/dante/DWBI/Apache/py_env/lib/python3.8/site-packages/airflow/example_dags/example_xcomargs.py took 0.219 seconds
[2021-11-24 13:22:34,676] {processor.py:163} INFO - Started process (PID=46073) to work on /home/dante/DWBI/Apache/py_env/lib/python3.8/site-packages/airflow/example_dags/example_xcomargs.py
[2021-11-24 13:22:34,679] {processor.py:620} INFO - Processing file /home/dante/DWBI/Apache/py_env/lib/python3.8/site-packages/airflow/example_dags/example_xcomargs.py for tasks to queue
[2021-11-24 13:22:34,681] {logging_mixin.py:109} INFO - [2021-11-24 13:22:34,681] {dagbag.py:500} INFO - Filling up the DagBag from /home/dante/DWBI/Apache/py_env/lib/python3.8/site-packages/airflow/example_dags/example_xcomargs.py
[2021-11-24 13:22:34,714] {processor.py:632} INFO - DAG(s) dict_keys(['example_xcom_args', 'example_xcom_args_with_operators']) retrieved from /home/dante/DWBI/Apache/py_env/lib/python3.8/site-packages/airflow/example_dags/example_xcomargs.py
[2021-11-24 13:22:34,863] {logging_mixin.py:109} INFO - [2021-11-24 13:22:34,863] {dag.py:2389} INFO - Sync 2 DAGs
[2021-11-24 13:22:34,871] {logging_mixin.py:109} INFO - [2021-11-24 13:22:34,871] {dag.py:2921} INFO - Setting next_dagrun for example_xcom_args to None
[2021-11-24 13:22:34,871] {logging_mixin.py:109} INFO - [2021-11-24 13:22:34,871] {dag.py:2921} INFO - Setting next_dagrun for example_xcom_args_with_operators to None
[2021-11-24 13:22:34,880] {processor.py:171} INFO - Processing /home/dante/DWBI/Apache/py_env/lib/python3.8/site-packages/airflow/example_dags/example_xcomargs.py took 0.211 seconds
[2021-11-24 13:23:09,962] {processor.py:163} INFO - Started process (PID=46451) to work on /home/dante/DWBI/Apache/py_env/lib/python3.8/site-packages/airflow/example_dags/example_xcomargs.py
[2021-11-24 13:23:09,971] {processor.py:620} INFO - Processing file /home/dante/DWBI/Apache/py_env/lib/python3.8/site-packages/airflow/example_dags/example_xcomargs.py for tasks to queue
[2021-11-24 13:23:09,972] {logging_mixin.py:109} INFO - [2021-11-24 13:23:09,972] {dagbag.py:500} INFO - Filling up the DagBag from /home/dante/DWBI/Apache/py_env/lib/python3.8/site-packages/airflow/example_dags/example_xcomargs.py
[2021-11-24 13:23:10,007] {processor.py:632} INFO - DAG(s) dict_keys(['example_xcom_args', 'example_xcom_args_with_operators']) retrieved from /home/dante/DWBI/Apache/py_env/lib/python3.8/site-packages/airflow/example_dags/example_xcomargs.py
[2021-11-24 13:23:10,146] {logging_mixin.py:109} INFO - [2021-11-24 13:23:10,146] {dag.py:2389} INFO - Sync 2 DAGs
[2021-11-24 13:23:10,152] {logging_mixin.py:109} INFO - [2021-11-24 13:23:10,152] {dag.py:2921} INFO - Setting next_dagrun for example_xcom_args to None
[2021-11-24 13:23:10,152] {logging_mixin.py:109} INFO - [2021-11-24 13:23:10,152] {dag.py:2921} INFO - Setting next_dagrun for example_xcom_args_with_operators to None
[2021-11-24 13:23:10,170] {processor.py:171} INFO - Processing /home/dante/DWBI/Apache/py_env/lib/python3.8/site-packages/airflow/example_dags/example_xcomargs.py took 0.210 seconds
[2021-11-24 13:23:44,528] {processor.py:163} INFO - Started process (PID=46507) to work on /home/dante/DWBI/Apache/py_env/lib/python3.8/site-packages/airflow/example_dags/example_xcomargs.py
[2021-11-24 13:23:44,538] {processor.py:620} INFO - Processing file /home/dante/DWBI/Apache/py_env/lib/python3.8/site-packages/airflow/example_dags/example_xcomargs.py for tasks to queue
[2021-11-24 13:23:44,540] {logging_mixin.py:109} INFO - [2021-11-24 13:23:44,539] {dagbag.py:500} INFO - Filling up the DagBag from /home/dante/DWBI/Apache/py_env/lib/python3.8/site-packages/airflow/example_dags/example_xcomargs.py
[2021-11-24 13:23:44,579] {processor.py:632} INFO - DAG(s) dict_keys(['example_xcom_args', 'example_xcom_args_with_operators']) retrieved from /home/dante/DWBI/Apache/py_env/lib/python3.8/site-packages/airflow/example_dags/example_xcomargs.py
[2021-11-24 13:23:44,714] {logging_mixin.py:109} INFO - [2021-11-24 13:23:44,714] {dag.py:2389} INFO - Sync 2 DAGs
[2021-11-24 13:23:44,721] {logging_mixin.py:109} INFO - [2021-11-24 13:23:44,721] {dag.py:2921} INFO - Setting next_dagrun for example_xcom_args to None
[2021-11-24 13:23:44,721] {logging_mixin.py:109} INFO - [2021-11-24 13:23:44,721] {dag.py:2921} INFO - Setting next_dagrun for example_xcom_args_with_operators to None
[2021-11-24 13:23:44,744] {processor.py:171} INFO - Processing /home/dante/DWBI/Apache/py_env/lib/python3.8/site-packages/airflow/example_dags/example_xcomargs.py took 0.218 seconds
[2021-11-24 13:24:20,720] {processor.py:163} INFO - Started process (PID=46572) to work on /home/dante/DWBI/Apache/py_env/lib/python3.8/site-packages/airflow/example_dags/example_xcomargs.py
[2021-11-24 13:24:20,729] {processor.py:620} INFO - Processing file /home/dante/DWBI/Apache/py_env/lib/python3.8/site-packages/airflow/example_dags/example_xcomargs.py for tasks to queue
[2021-11-24 13:24:20,730] {logging_mixin.py:109} INFO - [2021-11-24 13:24:20,730] {dagbag.py:500} INFO - Filling up the DagBag from /home/dante/DWBI/Apache/py_env/lib/python3.8/site-packages/airflow/example_dags/example_xcomargs.py
[2021-11-24 13:24:20,758] {processor.py:632} INFO - DAG(s) dict_keys(['example_xcom_args', 'example_xcom_args_with_operators']) retrieved from /home/dante/DWBI/Apache/py_env/lib/python3.8/site-packages/airflow/example_dags/example_xcomargs.py
[2021-11-24 13:24:20,905] {logging_mixin.py:109} INFO - [2021-11-24 13:24:20,905] {dag.py:2389} INFO - Sync 2 DAGs
[2021-11-24 13:24:20,912] {logging_mixin.py:109} INFO - [2021-11-24 13:24:20,912] {dag.py:2921} INFO - Setting next_dagrun for example_xcom_args to None
[2021-11-24 13:24:20,912] {logging_mixin.py:109} INFO - [2021-11-24 13:24:20,912] {dag.py:2921} INFO - Setting next_dagrun for example_xcom_args_with_operators to None
[2021-11-24 13:24:20,929] {processor.py:171} INFO - Processing /home/dante/DWBI/Apache/py_env/lib/python3.8/site-packages/airflow/example_dags/example_xcomargs.py took 0.211 seconds
[2021-11-24 13:24:55,414] {processor.py:163} INFO - Started process (PID=46738) to work on /home/dante/DWBI/Apache/py_env/lib/python3.8/site-packages/airflow/example_dags/example_xcomargs.py
[2021-11-24 13:24:55,414] {processor.py:620} INFO - Processing file /home/dante/DWBI/Apache/py_env/lib/python3.8/site-packages/airflow/example_dags/example_xcomargs.py for tasks to queue
[2021-11-24 13:24:55,415] {logging_mixin.py:109} INFO - [2021-11-24 13:24:55,415] {dagbag.py:500} INFO - Filling up the DagBag from /home/dante/DWBI/Apache/py_env/lib/python3.8/site-packages/airflow/example_dags/example_xcomargs.py
[2021-11-24 13:24:55,433] {processor.py:632} INFO - DAG(s) dict_keys(['example_xcom_args', 'example_xcom_args_with_operators']) retrieved from /home/dante/DWBI/Apache/py_env/lib/python3.8/site-packages/airflow/example_dags/example_xcomargs.py
[2021-11-24 13:24:55,582] {logging_mixin.py:109} INFO - [2021-11-24 13:24:55,582] {dag.py:2389} INFO - Sync 2 DAGs
[2021-11-24 13:24:55,591] {logging_mixin.py:109} INFO - [2021-11-24 13:24:55,591] {dag.py:2921} INFO - Setting next_dagrun for example_xcom_args to None
[2021-11-24 13:24:55,591] {logging_mixin.py:109} INFO - [2021-11-24 13:24:55,591] {dag.py:2921} INFO - Setting next_dagrun for example_xcom_args_with_operators to None
[2021-11-24 13:24:55,600] {processor.py:171} INFO - Processing /home/dante/DWBI/Apache/py_env/lib/python3.8/site-packages/airflow/example_dags/example_xcomargs.py took 0.188 seconds
[2021-11-24 13:25:32,701] {processor.py:163} INFO - Started process (PID=46820) to work on /home/dante/DWBI/Apache/py_env/lib/python3.8/site-packages/airflow/example_dags/example_xcomargs.py
[2021-11-24 13:25:32,711] {processor.py:620} INFO - Processing file /home/dante/DWBI/Apache/py_env/lib/python3.8/site-packages/airflow/example_dags/example_xcomargs.py for tasks to queue
[2021-11-24 13:25:32,712] {logging_mixin.py:109} INFO - [2021-11-24 13:25:32,712] {dagbag.py:500} INFO - Filling up the DagBag from /home/dante/DWBI/Apache/py_env/lib/python3.8/site-packages/airflow/example_dags/example_xcomargs.py
[2021-11-24 13:25:32,746] {processor.py:632} INFO - DAG(s) dict_keys(['example_xcom_args', 'example_xcom_args_with_operators']) retrieved from /home/dante/DWBI/Apache/py_env/lib/python3.8/site-packages/airflow/example_dags/example_xcomargs.py
[2021-11-24 13:25:32,914] {logging_mixin.py:109} INFO - [2021-11-24 13:25:32,914] {dag.py:2389} INFO - Sync 2 DAGs
[2021-11-24 13:25:32,924] {logging_mixin.py:109} INFO - [2021-11-24 13:25:32,924] {dag.py:2921} INFO - Setting next_dagrun for example_xcom_args to None
[2021-11-24 13:25:32,924] {logging_mixin.py:109} INFO - [2021-11-24 13:25:32,924] {dag.py:2921} INFO - Setting next_dagrun for example_xcom_args_with_operators to None
[2021-11-24 13:25:32,934] {processor.py:171} INFO - Processing /home/dante/DWBI/Apache/py_env/lib/python3.8/site-packages/airflow/example_dags/example_xcomargs.py took 0.236 seconds
[2021-11-24 13:26:08,622] {processor.py:163} INFO - Started process (PID=46891) to work on /home/dante/DWBI/Apache/py_env/lib/python3.8/site-packages/airflow/example_dags/example_xcomargs.py
[2021-11-24 13:26:08,624] {processor.py:620} INFO - Processing file /home/dante/DWBI/Apache/py_env/lib/python3.8/site-packages/airflow/example_dags/example_xcomargs.py for tasks to queue
[2021-11-24 13:26:08,624] {logging_mixin.py:109} INFO - [2021-11-24 13:26:08,624] {dagbag.py:500} INFO - Filling up the DagBag from /home/dante/DWBI/Apache/py_env/lib/python3.8/site-packages/airflow/example_dags/example_xcomargs.py
[2021-11-24 13:26:08,647] {processor.py:632} INFO - DAG(s) dict_keys(['example_xcom_args', 'example_xcom_args_with_operators']) retrieved from /home/dante/DWBI/Apache/py_env/lib/python3.8/site-packages/airflow/example_dags/example_xcomargs.py
[2021-11-24 13:26:08,802] {logging_mixin.py:109} INFO - [2021-11-24 13:26:08,802] {dag.py:2389} INFO - Sync 2 DAGs
[2021-11-24 13:26:08,810] {logging_mixin.py:109} INFO - [2021-11-24 13:26:08,810] {dag.py:2921} INFO - Setting next_dagrun for example_xcom_args to None
[2021-11-24 13:26:08,810] {logging_mixin.py:109} INFO - [2021-11-24 13:26:08,810] {dag.py:2921} INFO - Setting next_dagrun for example_xcom_args_with_operators to None
[2021-11-24 13:26:08,819] {processor.py:171} INFO - Processing /home/dante/DWBI/Apache/py_env/lib/python3.8/site-packages/airflow/example_dags/example_xcomargs.py took 0.199 seconds
[2021-11-24 13:26:44,977] {processor.py:163} INFO - Started process (PID=46987) to work on /home/dante/DWBI/Apache/py_env/lib/python3.8/site-packages/airflow/example_dags/example_xcomargs.py
[2021-11-24 13:26:44,984] {processor.py:620} INFO - Processing file /home/dante/DWBI/Apache/py_env/lib/python3.8/site-packages/airflow/example_dags/example_xcomargs.py for tasks to queue
[2021-11-24 13:26:44,986] {logging_mixin.py:109} INFO - [2021-11-24 13:26:44,986] {dagbag.py:500} INFO - Filling up the DagBag from /home/dante/DWBI/Apache/py_env/lib/python3.8/site-packages/airflow/example_dags/example_xcomargs.py
[2021-11-24 13:26:45,019] {processor.py:632} INFO - DAG(s) dict_keys(['example_xcom_args', 'example_xcom_args_with_operators']) retrieved from /home/dante/DWBI/Apache/py_env/lib/python3.8/site-packages/airflow/example_dags/example_xcomargs.py
[2021-11-24 13:26:45,185] {logging_mixin.py:109} INFO - [2021-11-24 13:26:45,185] {dag.py:2389} INFO - Sync 2 DAGs
[2021-11-24 13:26:45,194] {logging_mixin.py:109} INFO - [2021-11-24 13:26:45,194] {dag.py:2921} INFO - Setting next_dagrun for example_xcom_args to None
[2021-11-24 13:26:45,195] {logging_mixin.py:109} INFO - [2021-11-24 13:26:45,195] {dag.py:2921} INFO - Setting next_dagrun for example_xcom_args_with_operators to None
[2021-11-24 13:26:45,205] {processor.py:171} INFO - Processing /home/dante/DWBI/Apache/py_env/lib/python3.8/site-packages/airflow/example_dags/example_xcomargs.py took 0.234 seconds
[2021-11-24 13:27:24,074] {processor.py:163} INFO - Started process (PID=47092) to work on /home/dante/DWBI/Apache/py_env/lib/python3.8/site-packages/airflow/example_dags/example_xcomargs.py
[2021-11-24 13:27:24,075] {processor.py:620} INFO - Processing file /home/dante/DWBI/Apache/py_env/lib/python3.8/site-packages/airflow/example_dags/example_xcomargs.py for tasks to queue
[2021-11-24 13:27:24,076] {logging_mixin.py:109} INFO - [2021-11-24 13:27:24,076] {dagbag.py:500} INFO - Filling up the DagBag from /home/dante/DWBI/Apache/py_env/lib/python3.8/site-packages/airflow/example_dags/example_xcomargs.py
[2021-11-24 13:27:24,097] {processor.py:632} INFO - DAG(s) dict_keys(['example_xcom_args', 'example_xcom_args_with_operators']) retrieved from /home/dante/DWBI/Apache/py_env/lib/python3.8/site-packages/airflow/example_dags/example_xcomargs.py
[2021-11-24 13:27:24,247] {logging_mixin.py:109} INFO - [2021-11-24 13:27:24,247] {dag.py:2389} INFO - Sync 2 DAGs
[2021-11-24 13:27:24,254] {logging_mixin.py:109} INFO - [2021-11-24 13:27:24,254] {dag.py:2921} INFO - Setting next_dagrun for example_xcom_args to None
[2021-11-24 13:27:24,254] {logging_mixin.py:109} INFO - [2021-11-24 13:27:24,254] {dag.py:2921} INFO - Setting next_dagrun for example_xcom_args_with_operators to None
[2021-11-24 13:27:24,263] {processor.py:171} INFO - Processing /home/dante/DWBI/Apache/py_env/lib/python3.8/site-packages/airflow/example_dags/example_xcomargs.py took 0.191 seconds
[2021-11-24 13:28:02,205] {processor.py:163} INFO - Started process (PID=47161) to work on /home/dante/DWBI/Apache/py_env/lib/python3.8/site-packages/airflow/example_dags/example_xcomargs.py
[2021-11-24 13:28:02,217] {processor.py:620} INFO - Processing file /home/dante/DWBI/Apache/py_env/lib/python3.8/site-packages/airflow/example_dags/example_xcomargs.py for tasks to queue
[2021-11-24 13:28:02,218] {logging_mixin.py:109} INFO - [2021-11-24 13:28:02,218] {dagbag.py:500} INFO - Filling up the DagBag from /home/dante/DWBI/Apache/py_env/lib/python3.8/site-packages/airflow/example_dags/example_xcomargs.py
[2021-11-24 13:28:02,255] {processor.py:632} INFO - DAG(s) dict_keys(['example_xcom_args', 'example_xcom_args_with_operators']) retrieved from /home/dante/DWBI/Apache/py_env/lib/python3.8/site-packages/airflow/example_dags/example_xcomargs.py
[2021-11-24 13:28:02,426] {logging_mixin.py:109} INFO - [2021-11-24 13:28:02,426] {dag.py:2389} INFO - Sync 2 DAGs
[2021-11-24 13:28:02,434] {logging_mixin.py:109} INFO - [2021-11-24 13:28:02,434] {dag.py:2921} INFO - Setting next_dagrun for example_xcom_args to None
[2021-11-24 13:28:02,434] {logging_mixin.py:109} INFO - [2021-11-24 13:28:02,434] {dag.py:2921} INFO - Setting next_dagrun for example_xcom_args_with_operators to None
[2021-11-24 13:28:02,444] {processor.py:171} INFO - Processing /home/dante/DWBI/Apache/py_env/lib/python3.8/site-packages/airflow/example_dags/example_xcomargs.py took 0.246 seconds
[2021-11-24 13:28:41,732] {processor.py:163} INFO - Started process (PID=47325) to work on /home/dante/DWBI/Apache/py_env/lib/python3.8/site-packages/airflow/example_dags/example_xcomargs.py
[2021-11-24 13:28:41,741] {processor.py:620} INFO - Processing file /home/dante/DWBI/Apache/py_env/lib/python3.8/site-packages/airflow/example_dags/example_xcomargs.py for tasks to queue
[2021-11-24 13:28:41,742] {logging_mixin.py:109} INFO - [2021-11-24 13:28:41,741] {dagbag.py:500} INFO - Filling up the DagBag from /home/dante/DWBI/Apache/py_env/lib/python3.8/site-packages/airflow/example_dags/example_xcomargs.py
[2021-11-24 13:28:41,766] {processor.py:632} INFO - DAG(s) dict_keys(['example_xcom_args', 'example_xcom_args_with_operators']) retrieved from /home/dante/DWBI/Apache/py_env/lib/python3.8/site-packages/airflow/example_dags/example_xcomargs.py
[2021-11-24 13:28:41,919] {logging_mixin.py:109} INFO - [2021-11-24 13:28:41,919] {dag.py:2389} INFO - Sync 2 DAGs
[2021-11-24 13:28:41,928] {logging_mixin.py:109} INFO - [2021-11-24 13:28:41,927] {dag.py:2921} INFO - Setting next_dagrun for example_xcom_args to None
[2021-11-24 13:28:41,928] {logging_mixin.py:109} INFO - [2021-11-24 13:28:41,928] {dag.py:2921} INFO - Setting next_dagrun for example_xcom_args_with_operators to None
[2021-11-24 13:28:41,937] {processor.py:171} INFO - Processing /home/dante/DWBI/Apache/py_env/lib/python3.8/site-packages/airflow/example_dags/example_xcomargs.py took 0.208 seconds
[2021-11-24 13:29:18,581] {processor.py:163} INFO - Started process (PID=47421) to work on /home/dante/DWBI/Apache/py_env/lib/python3.8/site-packages/airflow/example_dags/example_xcomargs.py
[2021-11-24 13:29:18,592] {processor.py:620} INFO - Processing file /home/dante/DWBI/Apache/py_env/lib/python3.8/site-packages/airflow/example_dags/example_xcomargs.py for tasks to queue
[2021-11-24 13:29:18,594] {logging_mixin.py:109} INFO - [2021-11-24 13:29:18,593] {dagbag.py:500} INFO - Filling up the DagBag from /home/dante/DWBI/Apache/py_env/lib/python3.8/site-packages/airflow/example_dags/example_xcomargs.py
[2021-11-24 13:29:18,625] {processor.py:632} INFO - DAG(s) dict_keys(['example_xcom_args', 'example_xcom_args_with_operators']) retrieved from /home/dante/DWBI/Apache/py_env/lib/python3.8/site-packages/airflow/example_dags/example_xcomargs.py
[2021-11-24 13:29:18,776] {logging_mixin.py:109} INFO - [2021-11-24 13:29:18,776] {dag.py:2389} INFO - Sync 2 DAGs
[2021-11-24 13:29:18,783] {logging_mixin.py:109} INFO - [2021-11-24 13:29:18,783] {dag.py:2921} INFO - Setting next_dagrun for example_xcom_args to None
[2021-11-24 13:29:18,783] {logging_mixin.py:109} INFO - [2021-11-24 13:29:18,783] {dag.py:2921} INFO - Setting next_dagrun for example_xcom_args_with_operators to None
[2021-11-24 13:29:18,794] {processor.py:171} INFO - Processing /home/dante/DWBI/Apache/py_env/lib/python3.8/site-packages/airflow/example_dags/example_xcomargs.py took 0.217 seconds
[2021-11-24 13:29:54,107] {processor.py:163} INFO - Started process (PID=47478) to work on /home/dante/DWBI/Apache/py_env/lib/python3.8/site-packages/airflow/example_dags/example_xcomargs.py
[2021-11-24 13:29:54,111] {processor.py:620} INFO - Processing file /home/dante/DWBI/Apache/py_env/lib/python3.8/site-packages/airflow/example_dags/example_xcomargs.py for tasks to queue
[2021-11-24 13:29:54,112] {logging_mixin.py:109} INFO - [2021-11-24 13:29:54,112] {dagbag.py:500} INFO - Filling up the DagBag from /home/dante/DWBI/Apache/py_env/lib/python3.8/site-packages/airflow/example_dags/example_xcomargs.py
[2021-11-24 13:29:54,146] {processor.py:632} INFO - DAG(s) dict_keys(['example_xcom_args', 'example_xcom_args_with_operators']) retrieved from /home/dante/DWBI/Apache/py_env/lib/python3.8/site-packages/airflow/example_dags/example_xcomargs.py
[2021-11-24 13:29:54,296] {logging_mixin.py:109} INFO - [2021-11-24 13:29:54,296] {dag.py:2389} INFO - Sync 2 DAGs
[2021-11-24 13:29:54,304] {logging_mixin.py:109} INFO - [2021-11-24 13:29:54,304] {dag.py:2921} INFO - Setting next_dagrun for example_xcom_args to None
[2021-11-24 13:29:54,304] {logging_mixin.py:109} INFO - [2021-11-24 13:29:54,304] {dag.py:2921} INFO - Setting next_dagrun for example_xcom_args_with_operators to None
[2021-11-24 13:29:54,314] {processor.py:171} INFO - Processing /home/dante/DWBI/Apache/py_env/lib/python3.8/site-packages/airflow/example_dags/example_xcomargs.py took 0.214 seconds
[2021-11-24 13:30:30,886] {processor.py:163} INFO - Started process (PID=47558) to work on /home/dante/DWBI/Apache/py_env/lib/python3.8/site-packages/airflow/example_dags/example_xcomargs.py
[2021-11-24 13:30:30,887] {processor.py:620} INFO - Processing file /home/dante/DWBI/Apache/py_env/lib/python3.8/site-packages/airflow/example_dags/example_xcomargs.py for tasks to queue
[2021-11-24 13:30:30,888] {logging_mixin.py:109} INFO - [2021-11-24 13:30:30,888] {dagbag.py:500} INFO - Filling up the DagBag from /home/dante/DWBI/Apache/py_env/lib/python3.8/site-packages/airflow/example_dags/example_xcomargs.py
[2021-11-24 13:30:30,905] {processor.py:632} INFO - DAG(s) dict_keys(['example_xcom_args', 'example_xcom_args_with_operators']) retrieved from /home/dante/DWBI/Apache/py_env/lib/python3.8/site-packages/airflow/example_dags/example_xcomargs.py
[2021-11-24 13:30:31,053] {logging_mixin.py:109} INFO - [2021-11-24 13:30:31,053] {dag.py:2389} INFO - Sync 2 DAGs
[2021-11-24 13:30:31,062] {logging_mixin.py:109} INFO - [2021-11-24 13:30:31,062] {dag.py:2921} INFO - Setting next_dagrun for example_xcom_args to None
[2021-11-24 13:30:31,063] {logging_mixin.py:109} INFO - [2021-11-24 13:30:31,062] {dag.py:2921} INFO - Setting next_dagrun for example_xcom_args_with_operators to None
[2021-11-24 13:30:31,072] {processor.py:171} INFO - Processing /home/dante/DWBI/Apache/py_env/lib/python3.8/site-packages/airflow/example_dags/example_xcomargs.py took 0.189 seconds
[2021-11-24 13:31:06,926] {processor.py:163} INFO - Started process (PID=47610) to work on /home/dante/DWBI/Apache/py_env/lib/python3.8/site-packages/airflow/example_dags/example_xcomargs.py
[2021-11-24 13:31:06,928] {processor.py:620} INFO - Processing file /home/dante/DWBI/Apache/py_env/lib/python3.8/site-packages/airflow/example_dags/example_xcomargs.py for tasks to queue
[2021-11-24 13:31:06,928] {logging_mixin.py:109} INFO - [2021-11-24 13:31:06,928] {dagbag.py:500} INFO - Filling up the DagBag from /home/dante/DWBI/Apache/py_env/lib/python3.8/site-packages/airflow/example_dags/example_xcomargs.py
[2021-11-24 13:31:06,957] {processor.py:632} INFO - DAG(s) dict_keys(['example_xcom_args', 'example_xcom_args_with_operators']) retrieved from /home/dante/DWBI/Apache/py_env/lib/python3.8/site-packages/airflow/example_dags/example_xcomargs.py
[2021-11-24 13:31:07,106] {logging_mixin.py:109} INFO - [2021-11-24 13:31:07,106] {dag.py:2389} INFO - Sync 2 DAGs
[2021-11-24 13:31:07,114] {logging_mixin.py:109} INFO - [2021-11-24 13:31:07,114] {dag.py:2921} INFO - Setting next_dagrun for example_xcom_args to None
[2021-11-24 13:31:07,114] {logging_mixin.py:109} INFO - [2021-11-24 13:31:07,114] {dag.py:2921} INFO - Setting next_dagrun for example_xcom_args_with_operators to None
[2021-11-24 13:31:07,123] {processor.py:171} INFO - Processing /home/dante/DWBI/Apache/py_env/lib/python3.8/site-packages/airflow/example_dags/example_xcomargs.py took 0.199 seconds
[2021-11-24 13:31:41,701] {processor.py:163} INFO - Started process (PID=47711) to work on /home/dante/DWBI/Apache/py_env/lib/python3.8/site-packages/airflow/example_dags/example_xcomargs.py
[2021-11-24 13:31:41,711] {processor.py:620} INFO - Processing file /home/dante/DWBI/Apache/py_env/lib/python3.8/site-packages/airflow/example_dags/example_xcomargs.py for tasks to queue
[2021-11-24 13:31:41,712] {logging_mixin.py:109} INFO - [2021-11-24 13:31:41,711] {dagbag.py:500} INFO - Filling up the DagBag from /home/dante/DWBI/Apache/py_env/lib/python3.8/site-packages/airflow/example_dags/example_xcomargs.py
[2021-11-24 13:31:41,740] {processor.py:632} INFO - DAG(s) dict_keys(['example_xcom_args', 'example_xcom_args_with_operators']) retrieved from /home/dante/DWBI/Apache/py_env/lib/python3.8/site-packages/airflow/example_dags/example_xcomargs.py
[2021-11-24 13:31:41,872] {logging_mixin.py:109} INFO - [2021-11-24 13:31:41,872] {dag.py:2389} INFO - Sync 2 DAGs
[2021-11-24 13:31:41,879] {logging_mixin.py:109} INFO - [2021-11-24 13:31:41,879] {dag.py:2921} INFO - Setting next_dagrun for example_xcom_args to None
[2021-11-24 13:31:41,879] {logging_mixin.py:109} INFO - [2021-11-24 13:31:41,879] {dag.py:2921} INFO - Setting next_dagrun for example_xcom_args_with_operators to None
[2021-11-24 13:31:41,896] {processor.py:171} INFO - Processing /home/dante/DWBI/Apache/py_env/lib/python3.8/site-packages/airflow/example_dags/example_xcomargs.py took 0.198 seconds
[2021-11-24 13:32:17,304] {processor.py:163} INFO - Started process (PID=48062) to work on /home/dante/DWBI/Apache/py_env/lib/python3.8/site-packages/airflow/example_dags/example_xcomargs.py
[2021-11-24 13:32:17,313] {processor.py:620} INFO - Processing file /home/dante/DWBI/Apache/py_env/lib/python3.8/site-packages/airflow/example_dags/example_xcomargs.py for tasks to queue
[2021-11-24 13:32:17,314] {logging_mixin.py:109} INFO - [2021-11-24 13:32:17,314] {dagbag.py:500} INFO - Filling up the DagBag from /home/dante/DWBI/Apache/py_env/lib/python3.8/site-packages/airflow/example_dags/example_xcomargs.py
[2021-11-24 13:32:17,335] {processor.py:632} INFO - DAG(s) dict_keys(['example_xcom_args', 'example_xcom_args_with_operators']) retrieved from /home/dante/DWBI/Apache/py_env/lib/python3.8/site-packages/airflow/example_dags/example_xcomargs.py
[2021-11-24 13:32:17,480] {logging_mixin.py:109} INFO - [2021-11-24 13:32:17,480] {dag.py:2389} INFO - Sync 2 DAGs
[2021-11-24 13:32:17,487] {logging_mixin.py:109} INFO - [2021-11-24 13:32:17,487] {dag.py:2921} INFO - Setting next_dagrun for example_xcom_args to None
[2021-11-24 13:32:17,487] {logging_mixin.py:109} INFO - [2021-11-24 13:32:17,487] {dag.py:2921} INFO - Setting next_dagrun for example_xcom_args_with_operators to None
[2021-11-24 13:32:17,513] {processor.py:171} INFO - Processing /home/dante/DWBI/Apache/py_env/lib/python3.8/site-packages/airflow/example_dags/example_xcomargs.py took 0.211 seconds
[2021-11-24 13:32:52,946] {processor.py:163} INFO - Started process (PID=48403) to work on /home/dante/DWBI/Apache/py_env/lib/python3.8/site-packages/airflow/example_dags/example_xcomargs.py
[2021-11-24 13:32:52,948] {processor.py:620} INFO - Processing file /home/dante/DWBI/Apache/py_env/lib/python3.8/site-packages/airflow/example_dags/example_xcomargs.py for tasks to queue
[2021-11-24 13:32:52,948] {logging_mixin.py:109} INFO - [2021-11-24 13:32:52,948] {dagbag.py:500} INFO - Filling up the DagBag from /home/dante/DWBI/Apache/py_env/lib/python3.8/site-packages/airflow/example_dags/example_xcomargs.py
[2021-11-24 13:32:52,968] {processor.py:632} INFO - DAG(s) dict_keys(['example_xcom_args', 'example_xcom_args_with_operators']) retrieved from /home/dante/DWBI/Apache/py_env/lib/python3.8/site-packages/airflow/example_dags/example_xcomargs.py
[2021-11-24 13:32:53,118] {logging_mixin.py:109} INFO - [2021-11-24 13:32:53,118] {dag.py:2389} INFO - Sync 2 DAGs
[2021-11-24 13:32:53,127] {logging_mixin.py:109} INFO - [2021-11-24 13:32:53,127] {dag.py:2921} INFO - Setting next_dagrun for example_xcom_args to None
[2021-11-24 13:32:53,127] {logging_mixin.py:109} INFO - [2021-11-24 13:32:53,127] {dag.py:2921} INFO - Setting next_dagrun for example_xcom_args_with_operators to None
[2021-11-24 13:32:53,137] {processor.py:171} INFO - Processing /home/dante/DWBI/Apache/py_env/lib/python3.8/site-packages/airflow/example_dags/example_xcomargs.py took 0.193 seconds
[2021-11-24 13:33:30,555] {processor.py:163} INFO - Started process (PID=48516) to work on /home/dante/DWBI/Apache/py_env/lib/python3.8/site-packages/airflow/example_dags/example_xcomargs.py
[2021-11-24 13:33:30,565] {processor.py:620} INFO - Processing file /home/dante/DWBI/Apache/py_env/lib/python3.8/site-packages/airflow/example_dags/example_xcomargs.py for tasks to queue
[2021-11-24 13:33:30,566] {logging_mixin.py:109} INFO - [2021-11-24 13:33:30,566] {dagbag.py:500} INFO - Filling up the DagBag from /home/dante/DWBI/Apache/py_env/lib/python3.8/site-packages/airflow/example_dags/example_xcomargs.py
[2021-11-24 13:33:30,587] {processor.py:632} INFO - DAG(s) dict_keys(['example_xcom_args', 'example_xcom_args_with_operators']) retrieved from /home/dante/DWBI/Apache/py_env/lib/python3.8/site-packages/airflow/example_dags/example_xcomargs.py
[2021-11-24 13:33:30,725] {logging_mixin.py:109} INFO - [2021-11-24 13:33:30,725] {dag.py:2389} INFO - Sync 2 DAGs
[2021-11-24 13:33:30,732] {logging_mixin.py:109} INFO - [2021-11-24 13:33:30,731] {dag.py:2921} INFO - Setting next_dagrun for example_xcom_args to None
[2021-11-24 13:33:30,732] {logging_mixin.py:109} INFO - [2021-11-24 13:33:30,732] {dag.py:2921} INFO - Setting next_dagrun for example_xcom_args_with_operators to None
[2021-11-24 13:33:30,744] {processor.py:171} INFO - Processing /home/dante/DWBI/Apache/py_env/lib/python3.8/site-packages/airflow/example_dags/example_xcomargs.py took 0.192 seconds
[2021-11-24 13:34:08,678] {processor.py:163} INFO - Started process (PID=48649) to work on /home/dante/DWBI/Apache/py_env/lib/python3.8/site-packages/airflow/example_dags/example_xcomargs.py
[2021-11-24 13:34:08,682] {processor.py:620} INFO - Processing file /home/dante/DWBI/Apache/py_env/lib/python3.8/site-packages/airflow/example_dags/example_xcomargs.py for tasks to queue
[2021-11-24 13:34:08,684] {logging_mixin.py:109} INFO - [2021-11-24 13:34:08,684] {dagbag.py:500} INFO - Filling up the DagBag from /home/dante/DWBI/Apache/py_env/lib/python3.8/site-packages/airflow/example_dags/example_xcomargs.py
[2021-11-24 13:34:08,711] {processor.py:632} INFO - DAG(s) dict_keys(['example_xcom_args', 'example_xcom_args_with_operators']) retrieved from /home/dante/DWBI/Apache/py_env/lib/python3.8/site-packages/airflow/example_dags/example_xcomargs.py
[2021-11-24 13:34:08,879] {logging_mixin.py:109} INFO - [2021-11-24 13:34:08,879] {dag.py:2389} INFO - Sync 2 DAGs
[2021-11-24 13:34:08,888] {logging_mixin.py:109} INFO - [2021-11-24 13:34:08,888] {dag.py:2921} INFO - Setting next_dagrun for example_xcom_args to None
[2021-11-24 13:34:08,888] {logging_mixin.py:109} INFO - [2021-11-24 13:34:08,888] {dag.py:2921} INFO - Setting next_dagrun for example_xcom_args_with_operators to None
[2021-11-24 13:34:08,897] {processor.py:171} INFO - Processing /home/dante/DWBI/Apache/py_env/lib/python3.8/site-packages/airflow/example_dags/example_xcomargs.py took 0.227 seconds
[2021-11-24 13:34:48,944] {processor.py:163} INFO - Started process (PID=48799) to work on /home/dante/DWBI/Apache/py_env/lib/python3.8/site-packages/airflow/example_dags/example_xcomargs.py
[2021-11-24 13:34:48,953] {processor.py:620} INFO - Processing file /home/dante/DWBI/Apache/py_env/lib/python3.8/site-packages/airflow/example_dags/example_xcomargs.py for tasks to queue
[2021-11-24 13:34:48,954] {logging_mixin.py:109} INFO - [2021-11-24 13:34:48,954] {dagbag.py:500} INFO - Filling up the DagBag from /home/dante/DWBI/Apache/py_env/lib/python3.8/site-packages/airflow/example_dags/example_xcomargs.py
[2021-11-24 13:34:48,973] {processor.py:632} INFO - DAG(s) dict_keys(['example_xcom_args', 'example_xcom_args_with_operators']) retrieved from /home/dante/DWBI/Apache/py_env/lib/python3.8/site-packages/airflow/example_dags/example_xcomargs.py
[2021-11-24 13:34:49,111] {logging_mixin.py:109} INFO - [2021-11-24 13:34:49,111] {dag.py:2389} INFO - Sync 2 DAGs
[2021-11-24 13:34:49,118] {logging_mixin.py:109} INFO - [2021-11-24 13:34:49,118] {dag.py:2921} INFO - Setting next_dagrun for example_xcom_args to None
[2021-11-24 13:34:49,118] {logging_mixin.py:109} INFO - [2021-11-24 13:34:49,118] {dag.py:2921} INFO - Setting next_dagrun for example_xcom_args_with_operators to None
[2021-11-24 13:34:49,146] {processor.py:171} INFO - Processing /home/dante/DWBI/Apache/py_env/lib/python3.8/site-packages/airflow/example_dags/example_xcomargs.py took 0.204 seconds
[2021-11-24 13:35:26,383] {processor.py:163} INFO - Started process (PID=48884) to work on /home/dante/DWBI/Apache/py_env/lib/python3.8/site-packages/airflow/example_dags/example_xcomargs.py
[2021-11-24 13:35:26,394] {processor.py:620} INFO - Processing file /home/dante/DWBI/Apache/py_env/lib/python3.8/site-packages/airflow/example_dags/example_xcomargs.py for tasks to queue
[2021-11-24 13:35:26,394] {logging_mixin.py:109} INFO - [2021-11-24 13:35:26,394] {dagbag.py:500} INFO - Filling up the DagBag from /home/dante/DWBI/Apache/py_env/lib/python3.8/site-packages/airflow/example_dags/example_xcomargs.py
[2021-11-24 13:35:26,416] {processor.py:632} INFO - DAG(s) dict_keys(['example_xcom_args', 'example_xcom_args_with_operators']) retrieved from /home/dante/DWBI/Apache/py_env/lib/python3.8/site-packages/airflow/example_dags/example_xcomargs.py
[2021-11-24 13:35:26,555] {logging_mixin.py:109} INFO - [2021-11-24 13:35:26,555] {dag.py:2389} INFO - Sync 2 DAGs
[2021-11-24 13:35:26,563] {logging_mixin.py:109} INFO - [2021-11-24 13:35:26,562] {dag.py:2921} INFO - Setting next_dagrun for example_xcom_args to None
[2021-11-24 13:35:26,563] {logging_mixin.py:109} INFO - [2021-11-24 13:35:26,563] {dag.py:2921} INFO - Setting next_dagrun for example_xcom_args_with_operators to None
[2021-11-24 13:35:26,586] {processor.py:171} INFO - Processing /home/dante/DWBI/Apache/py_env/lib/python3.8/site-packages/airflow/example_dags/example_xcomargs.py took 0.205 seconds
[2021-11-24 13:36:07,579] {processor.py:163} INFO - Started process (PID=48975) to work on /home/dante/DWBI/Apache/py_env/lib/python3.8/site-packages/airflow/example_dags/example_xcomargs.py
[2021-11-24 13:36:07,588] {processor.py:620} INFO - Processing file /home/dante/DWBI/Apache/py_env/lib/python3.8/site-packages/airflow/example_dags/example_xcomargs.py for tasks to queue
[2021-11-24 13:36:07,588] {logging_mixin.py:109} INFO - [2021-11-24 13:36:07,588] {dagbag.py:500} INFO - Filling up the DagBag from /home/dante/DWBI/Apache/py_env/lib/python3.8/site-packages/airflow/example_dags/example_xcomargs.py
[2021-11-24 13:36:07,614] {processor.py:632} INFO - DAG(s) dict_keys(['example_xcom_args', 'example_xcom_args_with_operators']) retrieved from /home/dante/DWBI/Apache/py_env/lib/python3.8/site-packages/airflow/example_dags/example_xcomargs.py
[2021-11-24 13:36:07,774] {logging_mixin.py:109} INFO - [2021-11-24 13:36:07,773] {dag.py:2389} INFO - Sync 2 DAGs
[2021-11-24 13:36:07,784] {logging_mixin.py:109} INFO - [2021-11-24 13:36:07,784] {dag.py:2921} INFO - Setting next_dagrun for example_xcom_args to None
[2021-11-24 13:36:07,784] {logging_mixin.py:109} INFO - [2021-11-24 13:36:07,784] {dag.py:2921} INFO - Setting next_dagrun for example_xcom_args_with_operators to None
[2021-11-24 13:36:07,796] {processor.py:171} INFO - Processing /home/dante/DWBI/Apache/py_env/lib/python3.8/site-packages/airflow/example_dags/example_xcomargs.py took 0.221 seconds
[2021-11-24 13:36:47,790] {processor.py:163} INFO - Started process (PID=49106) to work on /home/dante/DWBI/Apache/py_env/lib/python3.8/site-packages/airflow/example_dags/example_xcomargs.py
[2021-11-24 13:36:47,798] {processor.py:620} INFO - Processing file /home/dante/DWBI/Apache/py_env/lib/python3.8/site-packages/airflow/example_dags/example_xcomargs.py for tasks to queue
[2021-11-24 13:36:47,799] {logging_mixin.py:109} INFO - [2021-11-24 13:36:47,799] {dagbag.py:500} INFO - Filling up the DagBag from /home/dante/DWBI/Apache/py_env/lib/python3.8/site-packages/airflow/example_dags/example_xcomargs.py
[2021-11-24 13:36:47,835] {processor.py:632} INFO - DAG(s) dict_keys(['example_xcom_args', 'example_xcom_args_with_operators']) retrieved from /home/dante/DWBI/Apache/py_env/lib/python3.8/site-packages/airflow/example_dags/example_xcomargs.py
[2021-11-24 13:36:47,844] {logging_mixin.py:109} INFO - [2021-11-24 13:36:47,844] {dag.py:2389} INFO - Sync 2 DAGs
[2021-11-24 13:36:47,852] {logging_mixin.py:109} INFO - [2021-11-24 13:36:47,852] {dag.py:2921} INFO - Setting next_dagrun for example_xcom_args to None
[2021-11-24 13:36:47,853] {logging_mixin.py:109} INFO - [2021-11-24 13:36:47,853] {dag.py:2921} INFO - Setting next_dagrun for example_xcom_args_with_operators to None
[2021-11-24 13:36:47,860] {processor.py:171} INFO - Processing /home/dante/DWBI/Apache/py_env/lib/python3.8/site-packages/airflow/example_dags/example_xcomargs.py took 0.077 seconds
[2021-11-24 13:37:28,023] {processor.py:163} INFO - Started process (PID=49271) to work on /home/dante/DWBI/Apache/py_env/lib/python3.8/site-packages/airflow/example_dags/example_xcomargs.py
[2021-11-24 13:37:28,027] {processor.py:620} INFO - Processing file /home/dante/DWBI/Apache/py_env/lib/python3.8/site-packages/airflow/example_dags/example_xcomargs.py for tasks to queue
[2021-11-24 13:37:28,028] {logging_mixin.py:109} INFO - [2021-11-24 13:37:28,028] {dagbag.py:500} INFO - Filling up the DagBag from /home/dante/DWBI/Apache/py_env/lib/python3.8/site-packages/airflow/example_dags/example_xcomargs.py
[2021-11-24 13:37:28,060] {processor.py:632} INFO - DAG(s) dict_keys(['example_xcom_args', 'example_xcom_args_with_operators']) retrieved from /home/dante/DWBI/Apache/py_env/lib/python3.8/site-packages/airflow/example_dags/example_xcomargs.py
[2021-11-24 13:37:28,198] {logging_mixin.py:109} INFO - [2021-11-24 13:37:28,197] {dag.py:2389} INFO - Sync 2 DAGs
[2021-11-24 13:37:28,204] {logging_mixin.py:109} INFO - [2021-11-24 13:37:28,204] {dag.py:2921} INFO - Setting next_dagrun for example_xcom_args to None
[2021-11-24 13:37:28,204] {logging_mixin.py:109} INFO - [2021-11-24 13:37:28,204] {dag.py:2921} INFO - Setting next_dagrun for example_xcom_args_with_operators to None
[2021-11-24 13:37:28,212] {processor.py:171} INFO - Processing /home/dante/DWBI/Apache/py_env/lib/python3.8/site-packages/airflow/example_dags/example_xcomargs.py took 0.196 seconds
[2021-11-24 13:38:04,145] {processor.py:163} INFO - Started process (PID=49338) to work on /home/dante/DWBI/Apache/py_env/lib/python3.8/site-packages/airflow/example_dags/example_xcomargs.py
[2021-11-24 13:38:04,147] {processor.py:620} INFO - Processing file /home/dante/DWBI/Apache/py_env/lib/python3.8/site-packages/airflow/example_dags/example_xcomargs.py for tasks to queue
[2021-11-24 13:38:04,147] {logging_mixin.py:109} INFO - [2021-11-24 13:38:04,147] {dagbag.py:500} INFO - Filling up the DagBag from /home/dante/DWBI/Apache/py_env/lib/python3.8/site-packages/airflow/example_dags/example_xcomargs.py
[2021-11-24 13:38:04,171] {processor.py:632} INFO - DAG(s) dict_keys(['example_xcom_args', 'example_xcom_args_with_operators']) retrieved from /home/dante/DWBI/Apache/py_env/lib/python3.8/site-packages/airflow/example_dags/example_xcomargs.py
[2021-11-24 13:38:04,357] {logging_mixin.py:109} INFO - [2021-11-24 13:38:04,357] {dag.py:2389} INFO - Sync 2 DAGs
[2021-11-24 13:38:04,367] {logging_mixin.py:109} INFO - [2021-11-24 13:38:04,366] {dag.py:2921} INFO - Setting next_dagrun for example_xcom_args to None
[2021-11-24 13:38:04,367] {logging_mixin.py:109} INFO - [2021-11-24 13:38:04,367] {dag.py:2921} INFO - Setting next_dagrun for example_xcom_args_with_operators to None
[2021-11-24 13:38:04,379] {processor.py:171} INFO - Processing /home/dante/DWBI/Apache/py_env/lib/python3.8/site-packages/airflow/example_dags/example_xcomargs.py took 0.236 seconds
[2021-11-24 13:38:39,402] {processor.py:163} INFO - Started process (PID=49419) to work on /home/dante/DWBI/Apache/py_env/lib/python3.8/site-packages/airflow/example_dags/example_xcomargs.py
[2021-11-24 13:38:39,414] {processor.py:620} INFO - Processing file /home/dante/DWBI/Apache/py_env/lib/python3.8/site-packages/airflow/example_dags/example_xcomargs.py for tasks to queue
[2021-11-24 13:38:39,416] {logging_mixin.py:109} INFO - [2021-11-24 13:38:39,416] {dagbag.py:500} INFO - Filling up the DagBag from /home/dante/DWBI/Apache/py_env/lib/python3.8/site-packages/airflow/example_dags/example_xcomargs.py
[2021-11-24 13:38:39,447] {processor.py:632} INFO - DAG(s) dict_keys(['example_xcom_args', 'example_xcom_args_with_operators']) retrieved from /home/dante/DWBI/Apache/py_env/lib/python3.8/site-packages/airflow/example_dags/example_xcomargs.py
[2021-11-24 13:38:39,602] {logging_mixin.py:109} INFO - [2021-11-24 13:38:39,602] {dag.py:2389} INFO - Sync 2 DAGs
[2021-11-24 13:38:39,610] {logging_mixin.py:109} INFO - [2021-11-24 13:38:39,610] {dag.py:2921} INFO - Setting next_dagrun for example_xcom_args to None
[2021-11-24 13:38:39,610] {logging_mixin.py:109} INFO - [2021-11-24 13:38:39,610] {dag.py:2921} INFO - Setting next_dagrun for example_xcom_args_with_operators to None
[2021-11-24 13:38:39,620] {processor.py:171} INFO - Processing /home/dante/DWBI/Apache/py_env/lib/python3.8/site-packages/airflow/example_dags/example_xcomargs.py took 0.225 seconds
[2021-11-24 13:39:16,735] {processor.py:163} INFO - Started process (PID=49552) to work on /home/dante/DWBI/Apache/py_env/lib/python3.8/site-packages/airflow/example_dags/example_xcomargs.py
[2021-11-24 13:39:16,746] {processor.py:620} INFO - Processing file /home/dante/DWBI/Apache/py_env/lib/python3.8/site-packages/airflow/example_dags/example_xcomargs.py for tasks to queue
[2021-11-24 13:39:16,748] {logging_mixin.py:109} INFO - [2021-11-24 13:39:16,748] {dagbag.py:500} INFO - Filling up the DagBag from /home/dante/DWBI/Apache/py_env/lib/python3.8/site-packages/airflow/example_dags/example_xcomargs.py
[2021-11-24 13:39:16,783] {processor.py:632} INFO - DAG(s) dict_keys(['example_xcom_args', 'example_xcom_args_with_operators']) retrieved from /home/dante/DWBI/Apache/py_env/lib/python3.8/site-packages/airflow/example_dags/example_xcomargs.py
[2021-11-24 13:39:16,916] {logging_mixin.py:109} INFO - [2021-11-24 13:39:16,916] {dag.py:2389} INFO - Sync 2 DAGs
[2021-11-24 13:39:16,923] {logging_mixin.py:109} INFO - [2021-11-24 13:39:16,923] {dag.py:2921} INFO - Setting next_dagrun for example_xcom_args to None
[2021-11-24 13:39:16,923] {logging_mixin.py:109} INFO - [2021-11-24 13:39:16,923] {dag.py:2921} INFO - Setting next_dagrun for example_xcom_args_with_operators to None
[2021-11-24 13:39:16,931] {processor.py:171} INFO - Processing /home/dante/DWBI/Apache/py_env/lib/python3.8/site-packages/airflow/example_dags/example_xcomargs.py took 0.202 seconds
[2021-11-24 13:39:52,067] {processor.py:163} INFO - Started process (PID=49636) to work on /home/dante/DWBI/Apache/py_env/lib/python3.8/site-packages/airflow/example_dags/example_xcomargs.py
[2021-11-24 13:39:52,071] {processor.py:620} INFO - Processing file /home/dante/DWBI/Apache/py_env/lib/python3.8/site-packages/airflow/example_dags/example_xcomargs.py for tasks to queue
[2021-11-24 13:39:52,073] {logging_mixin.py:109} INFO - [2021-11-24 13:39:52,072] {dagbag.py:500} INFO - Filling up the DagBag from /home/dante/DWBI/Apache/py_env/lib/python3.8/site-packages/airflow/example_dags/example_xcomargs.py
[2021-11-24 13:39:52,115] {processor.py:632} INFO - DAG(s) dict_keys(['example_xcom_args', 'example_xcom_args_with_operators']) retrieved from /home/dante/DWBI/Apache/py_env/lib/python3.8/site-packages/airflow/example_dags/example_xcomargs.py
[2021-11-24 13:39:52,392] {logging_mixin.py:109} INFO - [2021-11-24 13:39:52,392] {dag.py:2389} INFO - Sync 2 DAGs
[2021-11-24 13:39:52,405] {logging_mixin.py:109} INFO - [2021-11-24 13:39:52,405] {dag.py:2921} INFO - Setting next_dagrun for example_xcom_args to None
[2021-11-24 13:39:52,405] {logging_mixin.py:109} INFO - [2021-11-24 13:39:52,405] {dag.py:2921} INFO - Setting next_dagrun for example_xcom_args_with_operators to None
[2021-11-24 13:39:52,419] {processor.py:171} INFO - Processing /home/dante/DWBI/Apache/py_env/lib/python3.8/site-packages/airflow/example_dags/example_xcomargs.py took 0.356 seconds
[2021-11-24 13:40:32,690] {processor.py:163} INFO - Started process (PID=49736) to work on /home/dante/DWBI/Apache/py_env/lib/python3.8/site-packages/airflow/example_dags/example_xcomargs.py
[2021-11-24 13:40:32,699] {processor.py:620} INFO - Processing file /home/dante/DWBI/Apache/py_env/lib/python3.8/site-packages/airflow/example_dags/example_xcomargs.py for tasks to queue
[2021-11-24 13:40:32,700] {logging_mixin.py:109} INFO - [2021-11-24 13:40:32,700] {dagbag.py:500} INFO - Filling up the DagBag from /home/dante/DWBI/Apache/py_env/lib/python3.8/site-packages/airflow/example_dags/example_xcomargs.py
[2021-11-24 13:40:32,723] {processor.py:632} INFO - DAG(s) dict_keys(['example_xcom_args', 'example_xcom_args_with_operators']) retrieved from /home/dante/DWBI/Apache/py_env/lib/python3.8/site-packages/airflow/example_dags/example_xcomargs.py
[2021-11-24 13:40:32,865] {logging_mixin.py:109} INFO - [2021-11-24 13:40:32,865] {dag.py:2389} INFO - Sync 2 DAGs
[2021-11-24 13:40:32,872] {logging_mixin.py:109} INFO - [2021-11-24 13:40:32,872] {dag.py:2921} INFO - Setting next_dagrun for example_xcom_args to None
[2021-11-24 13:40:32,873] {logging_mixin.py:109} INFO - [2021-11-24 13:40:32,873] {dag.py:2921} INFO - Setting next_dagrun for example_xcom_args_with_operators to None
[2021-11-24 13:40:32,881] {processor.py:171} INFO - Processing /home/dante/DWBI/Apache/py_env/lib/python3.8/site-packages/airflow/example_dags/example_xcomargs.py took 0.194 seconds
[2021-11-24 13:41:12,144] {processor.py:163} INFO - Started process (PID=49799) to work on /home/dante/DWBI/Apache/py_env/lib/python3.8/site-packages/airflow/example_dags/example_xcomargs.py
[2021-11-24 13:41:12,146] {processor.py:620} INFO - Processing file /home/dante/DWBI/Apache/py_env/lib/python3.8/site-packages/airflow/example_dags/example_xcomargs.py for tasks to queue
[2021-11-24 13:41:12,146] {logging_mixin.py:109} INFO - [2021-11-24 13:41:12,146] {dagbag.py:500} INFO - Filling up the DagBag from /home/dante/DWBI/Apache/py_env/lib/python3.8/site-packages/airflow/example_dags/example_xcomargs.py
[2021-11-24 13:41:12,168] {processor.py:632} INFO - DAG(s) dict_keys(['example_xcom_args', 'example_xcom_args_with_operators']) retrieved from /home/dante/DWBI/Apache/py_env/lib/python3.8/site-packages/airflow/example_dags/example_xcomargs.py
[2021-11-24 13:41:12,316] {logging_mixin.py:109} INFO - [2021-11-24 13:41:12,316] {dag.py:2389} INFO - Sync 2 DAGs
[2021-11-24 13:41:12,323] {logging_mixin.py:109} INFO - [2021-11-24 13:41:12,323] {dag.py:2921} INFO - Setting next_dagrun for example_xcom_args to None
[2021-11-24 13:41:12,323] {logging_mixin.py:109} INFO - [2021-11-24 13:41:12,323] {dag.py:2921} INFO - Setting next_dagrun for example_xcom_args_with_operators to None
[2021-11-24 13:41:12,331] {processor.py:171} INFO - Processing /home/dante/DWBI/Apache/py_env/lib/python3.8/site-packages/airflow/example_dags/example_xcomargs.py took 0.190 seconds
[2021-11-24 13:41:47,757] {processor.py:163} INFO - Started process (PID=49914) to work on /home/dante/DWBI/Apache/py_env/lib/python3.8/site-packages/airflow/example_dags/example_xcomargs.py
[2021-11-24 13:41:47,768] {processor.py:620} INFO - Processing file /home/dante/DWBI/Apache/py_env/lib/python3.8/site-packages/airflow/example_dags/example_xcomargs.py for tasks to queue
[2021-11-24 13:41:47,770] {logging_mixin.py:109} INFO - [2021-11-24 13:41:47,770] {dagbag.py:500} INFO - Filling up the DagBag from /home/dante/DWBI/Apache/py_env/lib/python3.8/site-packages/airflow/example_dags/example_xcomargs.py
[2021-11-24 13:41:47,805] {processor.py:632} INFO - DAG(s) dict_keys(['example_xcom_args', 'example_xcom_args_with_operators']) retrieved from /home/dante/DWBI/Apache/py_env/lib/python3.8/site-packages/airflow/example_dags/example_xcomargs.py
[2021-11-24 13:41:47,814] {logging_mixin.py:109} INFO - [2021-11-24 13:41:47,814] {dag.py:2389} INFO - Sync 2 DAGs
[2021-11-24 13:41:47,823] {logging_mixin.py:109} INFO - [2021-11-24 13:41:47,823] {dag.py:2921} INFO - Setting next_dagrun for example_xcom_args to None
[2021-11-24 13:41:47,823] {logging_mixin.py:109} INFO - [2021-11-24 13:41:47,823] {dag.py:2921} INFO - Setting next_dagrun for example_xcom_args_with_operators to None
[2021-11-24 13:41:47,832] {processor.py:171} INFO - Processing /home/dante/DWBI/Apache/py_env/lib/python3.8/site-packages/airflow/example_dags/example_xcomargs.py took 0.082 seconds
[2021-11-24 13:42:24,014] {processor.py:163} INFO - Started process (PID=49999) to work on /home/dante/DWBI/Apache/py_env/lib/python3.8/site-packages/airflow/example_dags/example_xcomargs.py
[2021-11-24 13:42:24,024] {processor.py:620} INFO - Processing file /home/dante/DWBI/Apache/py_env/lib/python3.8/site-packages/airflow/example_dags/example_xcomargs.py for tasks to queue
[2021-11-24 13:42:24,025] {logging_mixin.py:109} INFO - [2021-11-24 13:42:24,024] {dagbag.py:500} INFO - Filling up the DagBag from /home/dante/DWBI/Apache/py_env/lib/python3.8/site-packages/airflow/example_dags/example_xcomargs.py
[2021-11-24 13:42:24,050] {processor.py:632} INFO - DAG(s) dict_keys(['example_xcom_args', 'example_xcom_args_with_operators']) retrieved from /home/dante/DWBI/Apache/py_env/lib/python3.8/site-packages/airflow/example_dags/example_xcomargs.py
[2021-11-24 13:42:24,194] {logging_mixin.py:109} INFO - [2021-11-24 13:42:24,194] {dag.py:2389} INFO - Sync 2 DAGs
[2021-11-24 13:42:24,201] {logging_mixin.py:109} INFO - [2021-11-24 13:42:24,201] {dag.py:2921} INFO - Setting next_dagrun for example_xcom_args to None
[2021-11-24 13:42:24,201] {logging_mixin.py:109} INFO - [2021-11-24 13:42:24,201] {dag.py:2921} INFO - Setting next_dagrun for example_xcom_args_with_operators to None
[2021-11-24 13:42:24,222] {processor.py:171} INFO - Processing /home/dante/DWBI/Apache/py_env/lib/python3.8/site-packages/airflow/example_dags/example_xcomargs.py took 0.210 seconds
