[2021-11-24 13:02:00,079] {processor.py:163} INFO - Started process (PID=42702) to work on /home/dante/DWBI/Apache/py_env/lib/python3.8/site-packages/airflow/example_dags/example_branch_python_dop_operator_3.py
[2021-11-24 13:02:00,081] {processor.py:620} INFO - Processing file /home/dante/DWBI/Apache/py_env/lib/python3.8/site-packages/airflow/example_dags/example_branch_python_dop_operator_3.py for tasks to queue
[2021-11-24 13:02:00,081] {logging_mixin.py:109} INFO - [2021-11-24 13:02:00,081] {dagbag.py:500} INFO - Filling up the DagBag from /home/dante/DWBI/Apache/py_env/lib/python3.8/site-packages/airflow/example_dags/example_branch_python_dop_operator_3.py
[2021-11-24 13:02:00,099] {processor.py:632} INFO - DAG(s) dict_keys(['example_branch_dop_operator_v3']) retrieved from /home/dante/DWBI/Apache/py_env/lib/python3.8/site-packages/airflow/example_dags/example_branch_python_dop_operator_3.py
[2021-11-24 13:02:00,107] {logging_mixin.py:109} INFO - [2021-11-24 13:02:00,107] {dag.py:2389} INFO - Sync 1 DAGs
[2021-11-24 13:02:00,121] {logging_mixin.py:109} INFO - [2021-11-24 13:02:00,121] {dag.py:2921} INFO - Setting next_dagrun for example_branch_dop_operator_v3 to 2021-11-24T12:01:00+00:00
[2021-11-24 13:02:00,139] {processor.py:171} INFO - Processing /home/dante/DWBI/Apache/py_env/lib/python3.8/site-packages/airflow/example_dags/example_branch_python_dop_operator_3.py took 0.062 seconds
[2021-11-24 13:02:37,611] {processor.py:163} INFO - Started process (PID=42752) to work on /home/dante/DWBI/Apache/py_env/lib/python3.8/site-packages/airflow/example_dags/example_branch_python_dop_operator_3.py
[2021-11-24 13:02:37,622] {processor.py:620} INFO - Processing file /home/dante/DWBI/Apache/py_env/lib/python3.8/site-packages/airflow/example_dags/example_branch_python_dop_operator_3.py for tasks to queue
[2021-11-24 13:02:37,623] {logging_mixin.py:109} INFO - [2021-11-24 13:02:37,623] {dagbag.py:500} INFO - Filling up the DagBag from /home/dante/DWBI/Apache/py_env/lib/python3.8/site-packages/airflow/example_dags/example_branch_python_dop_operator_3.py
[2021-11-24 13:02:37,642] {processor.py:632} INFO - DAG(s) dict_keys(['example_branch_dop_operator_v3']) retrieved from /home/dante/DWBI/Apache/py_env/lib/python3.8/site-packages/airflow/example_dags/example_branch_python_dop_operator_3.py
[2021-11-24 13:02:37,649] {logging_mixin.py:109} INFO - [2021-11-24 13:02:37,649] {dag.py:2389} INFO - Sync 1 DAGs
[2021-11-24 13:02:37,663] {logging_mixin.py:109} INFO - [2021-11-24 13:02:37,663] {dag.py:2921} INFO - Setting next_dagrun for example_branch_dop_operator_v3 to 2021-11-24T12:01:00+00:00
[2021-11-24 13:02:37,673] {processor.py:171} INFO - Processing /home/dante/DWBI/Apache/py_env/lib/python3.8/site-packages/airflow/example_dags/example_branch_python_dop_operator_3.py took 0.065 seconds
[2021-11-24 13:03:16,918] {processor.py:163} INFO - Started process (PID=42872) to work on /home/dante/DWBI/Apache/py_env/lib/python3.8/site-packages/airflow/example_dags/example_branch_python_dop_operator_3.py
[2021-11-24 13:03:16,920] {processor.py:620} INFO - Processing file /home/dante/DWBI/Apache/py_env/lib/python3.8/site-packages/airflow/example_dags/example_branch_python_dop_operator_3.py for tasks to queue
[2021-11-24 13:03:16,921] {logging_mixin.py:109} INFO - [2021-11-24 13:03:16,920] {dagbag.py:500} INFO - Filling up the DagBag from /home/dante/DWBI/Apache/py_env/lib/python3.8/site-packages/airflow/example_dags/example_branch_python_dop_operator_3.py
[2021-11-24 13:03:16,939] {processor.py:632} INFO - DAG(s) dict_keys(['example_branch_dop_operator_v3']) retrieved from /home/dante/DWBI/Apache/py_env/lib/python3.8/site-packages/airflow/example_dags/example_branch_python_dop_operator_3.py
[2021-11-24 13:03:16,948] {logging_mixin.py:109} INFO - [2021-11-24 13:03:16,948] {dag.py:2389} INFO - Sync 1 DAGs
[2021-11-24 13:03:16,960] {logging_mixin.py:109} INFO - [2021-11-24 13:03:16,960] {dag.py:2921} INFO - Setting next_dagrun for example_branch_dop_operator_v3 to 2021-11-24T12:02:00+00:00
[2021-11-24 13:03:16,969] {processor.py:171} INFO - Processing /home/dante/DWBI/Apache/py_env/lib/python3.8/site-packages/airflow/example_dags/example_branch_python_dop_operator_3.py took 0.053 seconds
[2021-11-24 13:03:55,890] {processor.py:163} INFO - Started process (PID=42939) to work on /home/dante/DWBI/Apache/py_env/lib/python3.8/site-packages/airflow/example_dags/example_branch_python_dop_operator_3.py
[2021-11-24 13:03:55,901] {processor.py:620} INFO - Processing file /home/dante/DWBI/Apache/py_env/lib/python3.8/site-packages/airflow/example_dags/example_branch_python_dop_operator_3.py for tasks to queue
[2021-11-24 13:03:55,902] {logging_mixin.py:109} INFO - [2021-11-24 13:03:55,902] {dagbag.py:500} INFO - Filling up the DagBag from /home/dante/DWBI/Apache/py_env/lib/python3.8/site-packages/airflow/example_dags/example_branch_python_dop_operator_3.py
[2021-11-24 13:03:55,921] {processor.py:632} INFO - DAG(s) dict_keys(['example_branch_dop_operator_v3']) retrieved from /home/dante/DWBI/Apache/py_env/lib/python3.8/site-packages/airflow/example_dags/example_branch_python_dop_operator_3.py
[2021-11-24 13:03:55,931] {logging_mixin.py:109} INFO - [2021-11-24 13:03:55,931] {dag.py:2389} INFO - Sync 1 DAGs
[2021-11-24 13:03:55,943] {logging_mixin.py:109} INFO - [2021-11-24 13:03:55,943] {dag.py:2921} INFO - Setting next_dagrun for example_branch_dop_operator_v3 to 2021-11-24T12:02:00+00:00
[2021-11-24 13:03:55,971] {processor.py:171} INFO - Processing /home/dante/DWBI/Apache/py_env/lib/python3.8/site-packages/airflow/example_dags/example_branch_python_dop_operator_3.py took 0.088 seconds
[2021-11-24 13:04:34,856] {processor.py:163} INFO - Started process (PID=42991) to work on /home/dante/DWBI/Apache/py_env/lib/python3.8/site-packages/airflow/example_dags/example_branch_python_dop_operator_3.py
[2021-11-24 13:04:34,858] {processor.py:620} INFO - Processing file /home/dante/DWBI/Apache/py_env/lib/python3.8/site-packages/airflow/example_dags/example_branch_python_dop_operator_3.py for tasks to queue
[2021-11-24 13:04:34,860] {logging_mixin.py:109} INFO - [2021-11-24 13:04:34,859] {dagbag.py:500} INFO - Filling up the DagBag from /home/dante/DWBI/Apache/py_env/lib/python3.8/site-packages/airflow/example_dags/example_branch_python_dop_operator_3.py
[2021-11-24 13:04:34,896] {processor.py:632} INFO - DAG(s) dict_keys(['example_branch_dop_operator_v3']) retrieved from /home/dante/DWBI/Apache/py_env/lib/python3.8/site-packages/airflow/example_dags/example_branch_python_dop_operator_3.py
[2021-11-24 13:04:34,913] {logging_mixin.py:109} INFO - [2021-11-24 13:04:34,912] {dag.py:2389} INFO - Sync 1 DAGs
[2021-11-24 13:04:34,940] {logging_mixin.py:109} INFO - [2021-11-24 13:04:34,940] {dag.py:2921} INFO - Setting next_dagrun for example_branch_dop_operator_v3 to 2021-11-24T12:03:00+00:00
[2021-11-24 13:04:34,959] {processor.py:171} INFO - Processing /home/dante/DWBI/Apache/py_env/lib/python3.8/site-packages/airflow/example_dags/example_branch_python_dop_operator_3.py took 0.108 seconds
[2021-11-24 13:05:16,467] {processor.py:163} INFO - Started process (PID=43212) to work on /home/dante/DWBI/Apache/py_env/lib/python3.8/site-packages/airflow/example_dags/example_branch_python_dop_operator_3.py
[2021-11-24 13:05:16,479] {processor.py:620} INFO - Processing file /home/dante/DWBI/Apache/py_env/lib/python3.8/site-packages/airflow/example_dags/example_branch_python_dop_operator_3.py for tasks to queue
[2021-11-24 13:05:16,481] {logging_mixin.py:109} INFO - [2021-11-24 13:05:16,480] {dagbag.py:500} INFO - Filling up the DagBag from /home/dante/DWBI/Apache/py_env/lib/python3.8/site-packages/airflow/example_dags/example_branch_python_dop_operator_3.py
[2021-11-24 13:05:16,516] {processor.py:632} INFO - DAG(s) dict_keys(['example_branch_dop_operator_v3']) retrieved from /home/dante/DWBI/Apache/py_env/lib/python3.8/site-packages/airflow/example_dags/example_branch_python_dop_operator_3.py
[2021-11-24 13:05:16,523] {logging_mixin.py:109} INFO - [2021-11-24 13:05:16,523] {dag.py:2389} INFO - Sync 1 DAGs
[2021-11-24 13:05:16,535] {logging_mixin.py:109} INFO - [2021-11-24 13:05:16,535] {dag.py:2921} INFO - Setting next_dagrun for example_branch_dop_operator_v3 to 2021-11-24T12:04:00+00:00
[2021-11-24 13:05:16,543] {processor.py:171} INFO - Processing /home/dante/DWBI/Apache/py_env/lib/python3.8/site-packages/airflow/example_dags/example_branch_python_dop_operator_3.py took 0.082 seconds
[2021-11-24 13:05:57,020] {processor.py:163} INFO - Started process (PID=43276) to work on /home/dante/DWBI/Apache/py_env/lib/python3.8/site-packages/airflow/example_dags/example_branch_python_dop_operator_3.py
[2021-11-24 13:05:57,022] {processor.py:620} INFO - Processing file /home/dante/DWBI/Apache/py_env/lib/python3.8/site-packages/airflow/example_dags/example_branch_python_dop_operator_3.py for tasks to queue
[2021-11-24 13:05:57,023] {logging_mixin.py:109} INFO - [2021-11-24 13:05:57,022] {dagbag.py:500} INFO - Filling up the DagBag from /home/dante/DWBI/Apache/py_env/lib/python3.8/site-packages/airflow/example_dags/example_branch_python_dop_operator_3.py
[2021-11-24 13:05:57,042] {processor.py:632} INFO - DAG(s) dict_keys(['example_branch_dop_operator_v3']) retrieved from /home/dante/DWBI/Apache/py_env/lib/python3.8/site-packages/airflow/example_dags/example_branch_python_dop_operator_3.py
[2021-11-24 13:05:57,051] {logging_mixin.py:109} INFO - [2021-11-24 13:05:57,050] {dag.py:2389} INFO - Sync 1 DAGs
[2021-11-24 13:05:57,063] {logging_mixin.py:109} INFO - [2021-11-24 13:05:57,063] {dag.py:2921} INFO - Setting next_dagrun for example_branch_dop_operator_v3 to 2021-11-24T12:04:00+00:00
[2021-11-24 13:05:57,071] {processor.py:171} INFO - Processing /home/dante/DWBI/Apache/py_env/lib/python3.8/site-packages/airflow/example_dags/example_branch_python_dop_operator_3.py took 0.054 seconds
[2021-11-24 13:06:37,072] {processor.py:163} INFO - Started process (PID=43361) to work on /home/dante/DWBI/Apache/py_env/lib/python3.8/site-packages/airflow/example_dags/example_branch_python_dop_operator_3.py
[2021-11-24 13:06:37,083] {processor.py:620} INFO - Processing file /home/dante/DWBI/Apache/py_env/lib/python3.8/site-packages/airflow/example_dags/example_branch_python_dop_operator_3.py for tasks to queue
[2021-11-24 13:06:37,084] {logging_mixin.py:109} INFO - [2021-11-24 13:06:37,084] {dagbag.py:500} INFO - Filling up the DagBag from /home/dante/DWBI/Apache/py_env/lib/python3.8/site-packages/airflow/example_dags/example_branch_python_dop_operator_3.py
[2021-11-24 13:06:37,114] {processor.py:632} INFO - DAG(s) dict_keys(['example_branch_dop_operator_v3']) retrieved from /home/dante/DWBI/Apache/py_env/lib/python3.8/site-packages/airflow/example_dags/example_branch_python_dop_operator_3.py
[2021-11-24 13:06:37,121] {logging_mixin.py:109} INFO - [2021-11-24 13:06:37,121] {dag.py:2389} INFO - Sync 1 DAGs
[2021-11-24 13:06:37,133] {logging_mixin.py:109} INFO - [2021-11-24 13:06:37,133] {dag.py:2921} INFO - Setting next_dagrun for example_branch_dop_operator_v3 to 2021-11-24T12:05:00+00:00
[2021-11-24 13:06:37,157] {processor.py:171} INFO - Processing /home/dante/DWBI/Apache/py_env/lib/python3.8/site-packages/airflow/example_dags/example_branch_python_dop_operator_3.py took 0.091 seconds
[2021-11-24 13:07:16,560] {processor.py:163} INFO - Started process (PID=43419) to work on /home/dante/DWBI/Apache/py_env/lib/python3.8/site-packages/airflow/example_dags/example_branch_python_dop_operator_3.py
[2021-11-24 13:07:16,571] {processor.py:620} INFO - Processing file /home/dante/DWBI/Apache/py_env/lib/python3.8/site-packages/airflow/example_dags/example_branch_python_dop_operator_3.py for tasks to queue
[2021-11-24 13:07:16,572] {logging_mixin.py:109} INFO - [2021-11-24 13:07:16,571] {dagbag.py:500} INFO - Filling up the DagBag from /home/dante/DWBI/Apache/py_env/lib/python3.8/site-packages/airflow/example_dags/example_branch_python_dop_operator_3.py
[2021-11-24 13:07:16,596] {processor.py:632} INFO - DAG(s) dict_keys(['example_branch_dop_operator_v3']) retrieved from /home/dante/DWBI/Apache/py_env/lib/python3.8/site-packages/airflow/example_dags/example_branch_python_dop_operator_3.py
[2021-11-24 13:07:16,604] {logging_mixin.py:109} INFO - [2021-11-24 13:07:16,604] {dag.py:2389} INFO - Sync 1 DAGs
[2021-11-24 13:07:16,617] {logging_mixin.py:109} INFO - [2021-11-24 13:07:16,617] {dag.py:2921} INFO - Setting next_dagrun for example_branch_dop_operator_v3 to 2021-11-24T12:06:00+00:00
[2021-11-24 13:07:16,634] {processor.py:171} INFO - Processing /home/dante/DWBI/Apache/py_env/lib/python3.8/site-packages/airflow/example_dags/example_branch_python_dop_operator_3.py took 0.077 seconds
[2021-11-24 13:07:54,212] {processor.py:163} INFO - Started process (PID=43467) to work on /home/dante/DWBI/Apache/py_env/lib/python3.8/site-packages/airflow/example_dags/example_branch_python_dop_operator_3.py
[2021-11-24 13:07:54,223] {processor.py:620} INFO - Processing file /home/dante/DWBI/Apache/py_env/lib/python3.8/site-packages/airflow/example_dags/example_branch_python_dop_operator_3.py for tasks to queue
[2021-11-24 13:07:54,224] {logging_mixin.py:109} INFO - [2021-11-24 13:07:54,224] {dagbag.py:500} INFO - Filling up the DagBag from /home/dante/DWBI/Apache/py_env/lib/python3.8/site-packages/airflow/example_dags/example_branch_python_dop_operator_3.py
[2021-11-24 13:07:54,253] {processor.py:632} INFO - DAG(s) dict_keys(['example_branch_dop_operator_v3']) retrieved from /home/dante/DWBI/Apache/py_env/lib/python3.8/site-packages/airflow/example_dags/example_branch_python_dop_operator_3.py
[2021-11-24 13:07:54,262] {logging_mixin.py:109} INFO - [2021-11-24 13:07:54,262] {dag.py:2389} INFO - Sync 1 DAGs
[2021-11-24 13:07:54,274] {logging_mixin.py:109} INFO - [2021-11-24 13:07:54,274] {dag.py:2921} INFO - Setting next_dagrun for example_branch_dop_operator_v3 to 2021-11-24T12:06:00+00:00
[2021-11-24 13:07:54,285] {processor.py:171} INFO - Processing /home/dante/DWBI/Apache/py_env/lib/python3.8/site-packages/airflow/example_dags/example_branch_python_dop_operator_3.py took 0.076 seconds
[2021-11-24 13:08:32,544] {processor.py:163} INFO - Started process (PID=43534) to work on /home/dante/DWBI/Apache/py_env/lib/python3.8/site-packages/airflow/example_dags/example_branch_python_dop_operator_3.py
[2021-11-24 13:08:32,546] {processor.py:620} INFO - Processing file /home/dante/DWBI/Apache/py_env/lib/python3.8/site-packages/airflow/example_dags/example_branch_python_dop_operator_3.py for tasks to queue
[2021-11-24 13:08:32,546] {logging_mixin.py:109} INFO - [2021-11-24 13:08:32,546] {dagbag.py:500} INFO - Filling up the DagBag from /home/dante/DWBI/Apache/py_env/lib/python3.8/site-packages/airflow/example_dags/example_branch_python_dop_operator_3.py
[2021-11-24 13:08:32,567] {processor.py:632} INFO - DAG(s) dict_keys(['example_branch_dop_operator_v3']) retrieved from /home/dante/DWBI/Apache/py_env/lib/python3.8/site-packages/airflow/example_dags/example_branch_python_dop_operator_3.py
[2021-11-24 13:08:32,575] {logging_mixin.py:109} INFO - [2021-11-24 13:08:32,575] {dag.py:2389} INFO - Sync 1 DAGs
[2021-11-24 13:08:32,587] {logging_mixin.py:109} INFO - [2021-11-24 13:08:32,587] {dag.py:2921} INFO - Setting next_dagrun for example_branch_dop_operator_v3 to 2021-11-24T12:07:00+00:00
[2021-11-24 13:08:32,595] {processor.py:171} INFO - Processing /home/dante/DWBI/Apache/py_env/lib/python3.8/site-packages/airflow/example_dags/example_branch_python_dop_operator_3.py took 0.053 seconds
[2021-11-24 13:09:14,179] {processor.py:163} INFO - Started process (PID=43611) to work on /home/dante/DWBI/Apache/py_env/lib/python3.8/site-packages/airflow/example_dags/example_branch_python_dop_operator_3.py
[2021-11-24 13:09:14,188] {processor.py:620} INFO - Processing file /home/dante/DWBI/Apache/py_env/lib/python3.8/site-packages/airflow/example_dags/example_branch_python_dop_operator_3.py for tasks to queue
[2021-11-24 13:09:14,188] {logging_mixin.py:109} INFO - [2021-11-24 13:09:14,188] {dagbag.py:500} INFO - Filling up the DagBag from /home/dante/DWBI/Apache/py_env/lib/python3.8/site-packages/airflow/example_dags/example_branch_python_dop_operator_3.py
[2021-11-24 13:09:14,203] {processor.py:632} INFO - DAG(s) dict_keys(['example_branch_dop_operator_v3']) retrieved from /home/dante/DWBI/Apache/py_env/lib/python3.8/site-packages/airflow/example_dags/example_branch_python_dop_operator_3.py
[2021-11-24 13:09:14,210] {logging_mixin.py:109} INFO - [2021-11-24 13:09:14,210] {dag.py:2389} INFO - Sync 1 DAGs
[2021-11-24 13:09:14,222] {logging_mixin.py:109} INFO - [2021-11-24 13:09:14,222] {dag.py:2921} INFO - Setting next_dagrun for example_branch_dop_operator_v3 to 2021-11-24T12:08:00+00:00
[2021-11-24 13:09:14,230] {processor.py:171} INFO - Processing /home/dante/DWBI/Apache/py_env/lib/python3.8/site-packages/airflow/example_dags/example_branch_python_dop_operator_3.py took 0.054 seconds
[2021-11-24 13:09:57,550] {processor.py:163} INFO - Started process (PID=43810) to work on /home/dante/DWBI/Apache/py_env/lib/python3.8/site-packages/airflow/example_dags/example_branch_python_dop_operator_3.py
[2021-11-24 13:09:57,561] {processor.py:620} INFO - Processing file /home/dante/DWBI/Apache/py_env/lib/python3.8/site-packages/airflow/example_dags/example_branch_python_dop_operator_3.py for tasks to queue
[2021-11-24 13:09:57,562] {logging_mixin.py:109} INFO - [2021-11-24 13:09:57,562] {dagbag.py:500} INFO - Filling up the DagBag from /home/dante/DWBI/Apache/py_env/lib/python3.8/site-packages/airflow/example_dags/example_branch_python_dop_operator_3.py
[2021-11-24 13:09:57,597] {processor.py:632} INFO - DAG(s) dict_keys(['example_branch_dop_operator_v3']) retrieved from /home/dante/DWBI/Apache/py_env/lib/python3.8/site-packages/airflow/example_dags/example_branch_python_dop_operator_3.py
[2021-11-24 13:09:57,604] {logging_mixin.py:109} INFO - [2021-11-24 13:09:57,604] {dag.py:2389} INFO - Sync 1 DAGs
[2021-11-24 13:09:57,616] {logging_mixin.py:109} INFO - [2021-11-24 13:09:57,616] {dag.py:2921} INFO - Setting next_dagrun for example_branch_dop_operator_v3 to 2021-11-24T12:08:00+00:00
[2021-11-24 13:09:57,643] {processor.py:171} INFO - Processing /home/dante/DWBI/Apache/py_env/lib/python3.8/site-packages/airflow/example_dags/example_branch_python_dop_operator_3.py took 0.095 seconds
[2021-11-24 13:10:38,941] {processor.py:163} INFO - Started process (PID=44002) to work on /home/dante/DWBI/Apache/py_env/lib/python3.8/site-packages/airflow/example_dags/example_branch_python_dop_operator_3.py
[2021-11-24 13:10:38,952] {processor.py:620} INFO - Processing file /home/dante/DWBI/Apache/py_env/lib/python3.8/site-packages/airflow/example_dags/example_branch_python_dop_operator_3.py for tasks to queue
[2021-11-24 13:10:38,954] {logging_mixin.py:109} INFO - [2021-11-24 13:10:38,953] {dagbag.py:500} INFO - Filling up the DagBag from /home/dante/DWBI/Apache/py_env/lib/python3.8/site-packages/airflow/example_dags/example_branch_python_dop_operator_3.py
[2021-11-24 13:10:38,983] {processor.py:632} INFO - DAG(s) dict_keys(['example_branch_dop_operator_v3']) retrieved from /home/dante/DWBI/Apache/py_env/lib/python3.8/site-packages/airflow/example_dags/example_branch_python_dop_operator_3.py
[2021-11-24 13:10:38,990] {logging_mixin.py:109} INFO - [2021-11-24 13:10:38,990] {dag.py:2389} INFO - Sync 1 DAGs
[2021-11-24 13:10:39,002] {logging_mixin.py:109} INFO - [2021-11-24 13:10:39,002] {dag.py:2921} INFO - Setting next_dagrun for example_branch_dop_operator_v3 to 2021-11-24T12:09:00+00:00
[2021-11-24 13:10:39,011] {processor.py:171} INFO - Processing /home/dante/DWBI/Apache/py_env/lib/python3.8/site-packages/airflow/example_dags/example_branch_python_dop_operator_3.py took 0.077 seconds
[2021-11-24 13:11:20,675] {processor.py:163} INFO - Started process (PID=44160) to work on /home/dante/DWBI/Apache/py_env/lib/python3.8/site-packages/airflow/example_dags/example_branch_python_dop_operator_3.py
[2021-11-24 13:11:20,682] {processor.py:620} INFO - Processing file /home/dante/DWBI/Apache/py_env/lib/python3.8/site-packages/airflow/example_dags/example_branch_python_dop_operator_3.py for tasks to queue
[2021-11-24 13:11:20,682] {logging_mixin.py:109} INFO - [2021-11-24 13:11:20,682] {dagbag.py:500} INFO - Filling up the DagBag from /home/dante/DWBI/Apache/py_env/lib/python3.8/site-packages/airflow/example_dags/example_branch_python_dop_operator_3.py
[2021-11-24 13:11:20,706] {processor.py:632} INFO - DAG(s) dict_keys(['example_branch_dop_operator_v3']) retrieved from /home/dante/DWBI/Apache/py_env/lib/python3.8/site-packages/airflow/example_dags/example_branch_python_dop_operator_3.py
[2021-11-24 13:11:20,714] {logging_mixin.py:109} INFO - [2021-11-24 13:11:20,714] {dag.py:2389} INFO - Sync 1 DAGs
[2021-11-24 13:11:20,727] {logging_mixin.py:109} INFO - [2021-11-24 13:11:20,727] {dag.py:2921} INFO - Setting next_dagrun for example_branch_dop_operator_v3 to 2021-11-24T12:10:00+00:00
[2021-11-24 13:11:20,734] {processor.py:171} INFO - Processing /home/dante/DWBI/Apache/py_env/lib/python3.8/site-packages/airflow/example_dags/example_branch_python_dop_operator_3.py took 0.062 seconds
[2021-11-24 13:11:56,046] {processor.py:163} INFO - Started process (PID=44264) to work on /home/dante/DWBI/Apache/py_env/lib/python3.8/site-packages/airflow/example_dags/example_branch_python_dop_operator_3.py
[2021-11-24 13:11:56,055] {processor.py:620} INFO - Processing file /home/dante/DWBI/Apache/py_env/lib/python3.8/site-packages/airflow/example_dags/example_branch_python_dop_operator_3.py for tasks to queue
[2021-11-24 13:11:56,055] {logging_mixin.py:109} INFO - [2021-11-24 13:11:56,055] {dagbag.py:500} INFO - Filling up the DagBag from /home/dante/DWBI/Apache/py_env/lib/python3.8/site-packages/airflow/example_dags/example_branch_python_dop_operator_3.py
[2021-11-24 13:11:56,072] {processor.py:632} INFO - DAG(s) dict_keys(['example_branch_dop_operator_v3']) retrieved from /home/dante/DWBI/Apache/py_env/lib/python3.8/site-packages/airflow/example_dags/example_branch_python_dop_operator_3.py
[2021-11-24 13:11:56,079] {logging_mixin.py:109} INFO - [2021-11-24 13:11:56,079] {dag.py:2389} INFO - Sync 1 DAGs
[2021-11-24 13:11:56,092] {logging_mixin.py:109} INFO - [2021-11-24 13:11:56,092] {dag.py:2921} INFO - Setting next_dagrun for example_branch_dop_operator_v3 to 2021-11-24T12:10:00+00:00
[2021-11-24 13:11:56,109] {processor.py:171} INFO - Processing /home/dante/DWBI/Apache/py_env/lib/python3.8/site-packages/airflow/example_dags/example_branch_python_dop_operator_3.py took 0.065 seconds
[2021-11-24 13:12:39,782] {processor.py:163} INFO - Started process (PID=44332) to work on /home/dante/DWBI/Apache/py_env/lib/python3.8/site-packages/airflow/example_dags/example_branch_python_dop_operator_3.py
[2021-11-24 13:12:39,792] {processor.py:620} INFO - Processing file /home/dante/DWBI/Apache/py_env/lib/python3.8/site-packages/airflow/example_dags/example_branch_python_dop_operator_3.py for tasks to queue
[2021-11-24 13:12:39,793] {logging_mixin.py:109} INFO - [2021-11-24 13:12:39,793] {dagbag.py:500} INFO - Filling up the DagBag from /home/dante/DWBI/Apache/py_env/lib/python3.8/site-packages/airflow/example_dags/example_branch_python_dop_operator_3.py
[2021-11-24 13:12:39,824] {processor.py:632} INFO - DAG(s) dict_keys(['example_branch_dop_operator_v3']) retrieved from /home/dante/DWBI/Apache/py_env/lib/python3.8/site-packages/airflow/example_dags/example_branch_python_dop_operator_3.py
[2021-11-24 13:12:39,831] {logging_mixin.py:109} INFO - [2021-11-24 13:12:39,831] {dag.py:2389} INFO - Sync 1 DAGs
[2021-11-24 13:12:39,844] {logging_mixin.py:109} INFO - [2021-11-24 13:12:39,844] {dag.py:2921} INFO - Setting next_dagrun for example_branch_dop_operator_v3 to 2021-11-24T12:11:00+00:00
[2021-11-24 13:12:39,851] {processor.py:171} INFO - Processing /home/dante/DWBI/Apache/py_env/lib/python3.8/site-packages/airflow/example_dags/example_branch_python_dop_operator_3.py took 0.072 seconds
[2021-11-24 13:13:17,560] {processor.py:163} INFO - Started process (PID=44482) to work on /home/dante/DWBI/Apache/py_env/lib/python3.8/site-packages/airflow/example_dags/example_branch_python_dop_operator_3.py
[2021-11-24 13:13:17,571] {processor.py:620} INFO - Processing file /home/dante/DWBI/Apache/py_env/lib/python3.8/site-packages/airflow/example_dags/example_branch_python_dop_operator_3.py for tasks to queue
[2021-11-24 13:13:17,572] {logging_mixin.py:109} INFO - [2021-11-24 13:13:17,572] {dagbag.py:500} INFO - Filling up the DagBag from /home/dante/DWBI/Apache/py_env/lib/python3.8/site-packages/airflow/example_dags/example_branch_python_dop_operator_3.py
[2021-11-24 13:13:17,605] {processor.py:632} INFO - DAG(s) dict_keys(['example_branch_dop_operator_v3']) retrieved from /home/dante/DWBI/Apache/py_env/lib/python3.8/site-packages/airflow/example_dags/example_branch_python_dop_operator_3.py
[2021-11-24 13:13:17,611] {logging_mixin.py:109} INFO - [2021-11-24 13:13:17,611] {dag.py:2389} INFO - Sync 1 DAGs
[2021-11-24 13:13:17,623] {logging_mixin.py:109} INFO - [2021-11-24 13:13:17,623] {dag.py:2921} INFO - Setting next_dagrun for example_branch_dop_operator_v3 to 2021-11-24T12:12:00+00:00
[2021-11-24 13:13:17,640] {processor.py:171} INFO - Processing /home/dante/DWBI/Apache/py_env/lib/python3.8/site-packages/airflow/example_dags/example_branch_python_dop_operator_3.py took 0.086 seconds
[2021-11-24 13:13:56,920] {processor.py:163} INFO - Started process (PID=44551) to work on /home/dante/DWBI/Apache/py_env/lib/python3.8/site-packages/airflow/example_dags/example_branch_python_dop_operator_3.py
[2021-11-24 13:13:56,931] {processor.py:620} INFO - Processing file /home/dante/DWBI/Apache/py_env/lib/python3.8/site-packages/airflow/example_dags/example_branch_python_dop_operator_3.py for tasks to queue
[2021-11-24 13:13:56,933] {logging_mixin.py:109} INFO - [2021-11-24 13:13:56,933] {dagbag.py:500} INFO - Filling up the DagBag from /home/dante/DWBI/Apache/py_env/lib/python3.8/site-packages/airflow/example_dags/example_branch_python_dop_operator_3.py
[2021-11-24 13:13:56,970] {processor.py:632} INFO - DAG(s) dict_keys(['example_branch_dop_operator_v3']) retrieved from /home/dante/DWBI/Apache/py_env/lib/python3.8/site-packages/airflow/example_dags/example_branch_python_dop_operator_3.py
[2021-11-24 13:13:56,978] {logging_mixin.py:109} INFO - [2021-11-24 13:13:56,978] {dag.py:2389} INFO - Sync 1 DAGs
[2021-11-24 13:13:56,991] {logging_mixin.py:109} INFO - [2021-11-24 13:13:56,991] {dag.py:2921} INFO - Setting next_dagrun for example_branch_dop_operator_v3 to 2021-11-24T12:12:00+00:00
[2021-11-24 13:13:57,012] {processor.py:171} INFO - Processing /home/dante/DWBI/Apache/py_env/lib/python3.8/site-packages/airflow/example_dags/example_branch_python_dop_operator_3.py took 0.095 seconds
[2021-11-24 13:14:36,192] {processor.py:163} INFO - Started process (PID=44686) to work on /home/dante/DWBI/Apache/py_env/lib/python3.8/site-packages/airflow/example_dags/example_branch_python_dop_operator_3.py
[2021-11-24 13:14:36,202] {processor.py:620} INFO - Processing file /home/dante/DWBI/Apache/py_env/lib/python3.8/site-packages/airflow/example_dags/example_branch_python_dop_operator_3.py for tasks to queue
[2021-11-24 13:14:36,204] {logging_mixin.py:109} INFO - [2021-11-24 13:14:36,204] {dagbag.py:500} INFO - Filling up the DagBag from /home/dante/DWBI/Apache/py_env/lib/python3.8/site-packages/airflow/example_dags/example_branch_python_dop_operator_3.py
[2021-11-24 13:14:36,236] {processor.py:632} INFO - DAG(s) dict_keys(['example_branch_dop_operator_v3']) retrieved from /home/dante/DWBI/Apache/py_env/lib/python3.8/site-packages/airflow/example_dags/example_branch_python_dop_operator_3.py
[2021-11-24 13:14:36,242] {logging_mixin.py:109} INFO - [2021-11-24 13:14:36,242] {dag.py:2389} INFO - Sync 1 DAGs
[2021-11-24 13:14:36,254] {logging_mixin.py:109} INFO - [2021-11-24 13:14:36,254] {dag.py:2921} INFO - Setting next_dagrun for example_branch_dop_operator_v3 to 2021-11-24T12:13:00+00:00
[2021-11-24 13:14:36,261] {processor.py:171} INFO - Processing /home/dante/DWBI/Apache/py_env/lib/python3.8/site-packages/airflow/example_dags/example_branch_python_dop_operator_3.py took 0.076 seconds
[2021-11-24 13:15:13,970] {processor.py:163} INFO - Started process (PID=44778) to work on /home/dante/DWBI/Apache/py_env/lib/python3.8/site-packages/airflow/example_dags/example_branch_python_dop_operator_3.py
[2021-11-24 13:15:13,979] {processor.py:620} INFO - Processing file /home/dante/DWBI/Apache/py_env/lib/python3.8/site-packages/airflow/example_dags/example_branch_python_dop_operator_3.py for tasks to queue
[2021-11-24 13:15:13,979] {logging_mixin.py:109} INFO - [2021-11-24 13:15:13,979] {dagbag.py:500} INFO - Filling up the DagBag from /home/dante/DWBI/Apache/py_env/lib/python3.8/site-packages/airflow/example_dags/example_branch_python_dop_operator_3.py
[2021-11-24 13:15:13,995] {processor.py:632} INFO - DAG(s) dict_keys(['example_branch_dop_operator_v3']) retrieved from /home/dante/DWBI/Apache/py_env/lib/python3.8/site-packages/airflow/example_dags/example_branch_python_dop_operator_3.py
[2021-11-24 13:15:14,002] {logging_mixin.py:109} INFO - [2021-11-24 13:15:14,001] {dag.py:2389} INFO - Sync 1 DAGs
[2021-11-24 13:15:14,015] {logging_mixin.py:109} INFO - [2021-11-24 13:15:14,015] {dag.py:2921} INFO - Setting next_dagrun for example_branch_dop_operator_v3 to 2021-11-24T12:14:00+00:00
[2021-11-24 13:15:14,024] {processor.py:171} INFO - Processing /home/dante/DWBI/Apache/py_env/lib/python3.8/site-packages/airflow/example_dags/example_branch_python_dop_operator_3.py took 0.056 seconds
[2021-11-24 13:15:54,082] {processor.py:163} INFO - Started process (PID=44924) to work on /home/dante/DWBI/Apache/py_env/lib/python3.8/site-packages/airflow/example_dags/example_branch_python_dop_operator_3.py
[2021-11-24 13:15:54,093] {processor.py:620} INFO - Processing file /home/dante/DWBI/Apache/py_env/lib/python3.8/site-packages/airflow/example_dags/example_branch_python_dop_operator_3.py for tasks to queue
[2021-11-24 13:15:54,094] {logging_mixin.py:109} INFO - [2021-11-24 13:15:54,094] {dagbag.py:500} INFO - Filling up the DagBag from /home/dante/DWBI/Apache/py_env/lib/python3.8/site-packages/airflow/example_dags/example_branch_python_dop_operator_3.py
[2021-11-24 13:15:54,129] {processor.py:632} INFO - DAG(s) dict_keys(['example_branch_dop_operator_v3']) retrieved from /home/dante/DWBI/Apache/py_env/lib/python3.8/site-packages/airflow/example_dags/example_branch_python_dop_operator_3.py
[2021-11-24 13:15:54,137] {logging_mixin.py:109} INFO - [2021-11-24 13:15:54,137] {dag.py:2389} INFO - Sync 1 DAGs
[2021-11-24 13:15:54,159] {logging_mixin.py:109} INFO - [2021-11-24 13:15:54,159] {dag.py:2921} INFO - Setting next_dagrun for example_branch_dop_operator_v3 to 2021-11-24T12:14:00+00:00
[2021-11-24 13:15:54,184] {processor.py:171} INFO - Processing /home/dante/DWBI/Apache/py_env/lib/python3.8/site-packages/airflow/example_dags/example_branch_python_dop_operator_3.py took 0.104 seconds
[2021-11-24 13:16:35,315] {processor.py:163} INFO - Started process (PID=45386) to work on /home/dante/DWBI/Apache/py_env/lib/python3.8/site-packages/airflow/example_dags/example_branch_python_dop_operator_3.py
[2021-11-24 13:16:35,326] {processor.py:620} INFO - Processing file /home/dante/DWBI/Apache/py_env/lib/python3.8/site-packages/airflow/example_dags/example_branch_python_dop_operator_3.py for tasks to queue
[2021-11-24 13:16:35,328] {logging_mixin.py:109} INFO - [2021-11-24 13:16:35,328] {dagbag.py:500} INFO - Filling up the DagBag from /home/dante/DWBI/Apache/py_env/lib/python3.8/site-packages/airflow/example_dags/example_branch_python_dop_operator_3.py
[2021-11-24 13:16:35,360] {processor.py:632} INFO - DAG(s) dict_keys(['example_branch_dop_operator_v3']) retrieved from /home/dante/DWBI/Apache/py_env/lib/python3.8/site-packages/airflow/example_dags/example_branch_python_dop_operator_3.py
[2021-11-24 13:16:35,367] {logging_mixin.py:109} INFO - [2021-11-24 13:16:35,367] {dag.py:2389} INFO - Sync 1 DAGs
[2021-11-24 13:16:35,380] {logging_mixin.py:109} INFO - [2021-11-24 13:16:35,380] {dag.py:2921} INFO - Setting next_dagrun for example_branch_dop_operator_v3 to 2021-11-24T12:15:00+00:00
[2021-11-24 13:16:35,391] {processor.py:171} INFO - Processing /home/dante/DWBI/Apache/py_env/lib/python3.8/site-packages/airflow/example_dags/example_branch_python_dop_operator_3.py took 0.083 seconds
[2021-11-24 13:17:11,880] {processor.py:163} INFO - Started process (PID=45543) to work on /home/dante/DWBI/Apache/py_env/lib/python3.8/site-packages/airflow/example_dags/example_branch_python_dop_operator_3.py
[2021-11-24 13:17:11,889] {processor.py:620} INFO - Processing file /home/dante/DWBI/Apache/py_env/lib/python3.8/site-packages/airflow/example_dags/example_branch_python_dop_operator_3.py for tasks to queue
[2021-11-24 13:17:11,890] {logging_mixin.py:109} INFO - [2021-11-24 13:17:11,890] {dagbag.py:500} INFO - Filling up the DagBag from /home/dante/DWBI/Apache/py_env/lib/python3.8/site-packages/airflow/example_dags/example_branch_python_dop_operator_3.py
[2021-11-24 13:17:11,914] {processor.py:632} INFO - DAG(s) dict_keys(['example_branch_dop_operator_v3']) retrieved from /home/dante/DWBI/Apache/py_env/lib/python3.8/site-packages/airflow/example_dags/example_branch_python_dop_operator_3.py
[2021-11-24 13:17:11,921] {logging_mixin.py:109} INFO - [2021-11-24 13:17:11,921] {dag.py:2389} INFO - Sync 1 DAGs
[2021-11-24 13:17:11,934] {logging_mixin.py:109} INFO - [2021-11-24 13:17:11,934] {dag.py:2921} INFO - Setting next_dagrun for example_branch_dop_operator_v3 to 2021-11-24T12:16:00+00:00
[2021-11-24 13:17:11,968] {processor.py:171} INFO - Processing /home/dante/DWBI/Apache/py_env/lib/python3.8/site-packages/airflow/example_dags/example_branch_python_dop_operator_3.py took 0.091 seconds
[2021-11-24 13:17:48,738] {processor.py:163} INFO - Started process (PID=45590) to work on /home/dante/DWBI/Apache/py_env/lib/python3.8/site-packages/airflow/example_dags/example_branch_python_dop_operator_3.py
[2021-11-24 13:17:48,747] {processor.py:620} INFO - Processing file /home/dante/DWBI/Apache/py_env/lib/python3.8/site-packages/airflow/example_dags/example_branch_python_dop_operator_3.py for tasks to queue
[2021-11-24 13:17:48,747] {logging_mixin.py:109} INFO - [2021-11-24 13:17:48,747] {dagbag.py:500} INFO - Filling up the DagBag from /home/dante/DWBI/Apache/py_env/lib/python3.8/site-packages/airflow/example_dags/example_branch_python_dop_operator_3.py
[2021-11-24 13:17:48,764] {processor.py:632} INFO - DAG(s) dict_keys(['example_branch_dop_operator_v3']) retrieved from /home/dante/DWBI/Apache/py_env/lib/python3.8/site-packages/airflow/example_dags/example_branch_python_dop_operator_3.py
[2021-11-24 13:17:48,771] {logging_mixin.py:109} INFO - [2021-11-24 13:17:48,771] {dag.py:2389} INFO - Sync 1 DAGs
[2021-11-24 13:17:48,785] {logging_mixin.py:109} INFO - [2021-11-24 13:17:48,785] {dag.py:2921} INFO - Setting next_dagrun for example_branch_dop_operator_v3 to 2021-11-24T12:16:00+00:00
[2021-11-24 13:17:48,796] {processor.py:171} INFO - Processing /home/dante/DWBI/Apache/py_env/lib/python3.8/site-packages/airflow/example_dags/example_branch_python_dop_operator_3.py took 0.060 seconds
[2021-11-24 13:18:28,168] {processor.py:163} INFO - Started process (PID=45649) to work on /home/dante/DWBI/Apache/py_env/lib/python3.8/site-packages/airflow/example_dags/example_branch_python_dop_operator_3.py
[2021-11-24 13:18:28,178] {processor.py:620} INFO - Processing file /home/dante/DWBI/Apache/py_env/lib/python3.8/site-packages/airflow/example_dags/example_branch_python_dop_operator_3.py for tasks to queue
[2021-11-24 13:18:28,178] {logging_mixin.py:109} INFO - [2021-11-24 13:18:28,178] {dagbag.py:500} INFO - Filling up the DagBag from /home/dante/DWBI/Apache/py_env/lib/python3.8/site-packages/airflow/example_dags/example_branch_python_dop_operator_3.py
[2021-11-24 13:18:28,202] {processor.py:632} INFO - DAG(s) dict_keys(['example_branch_dop_operator_v3']) retrieved from /home/dante/DWBI/Apache/py_env/lib/python3.8/site-packages/airflow/example_dags/example_branch_python_dop_operator_3.py
[2021-11-24 13:18:28,210] {logging_mixin.py:109} INFO - [2021-11-24 13:18:28,210] {dag.py:2389} INFO - Sync 1 DAGs
[2021-11-24 13:18:28,222] {logging_mixin.py:109} INFO - [2021-11-24 13:18:28,222] {dag.py:2921} INFO - Setting next_dagrun for example_branch_dop_operator_v3 to 2021-11-24T12:17:00+00:00
[2021-11-24 13:18:28,249] {processor.py:171} INFO - Processing /home/dante/DWBI/Apache/py_env/lib/python3.8/site-packages/airflow/example_dags/example_branch_python_dop_operator_3.py took 0.084 seconds
[2021-11-24 13:19:06,630] {processor.py:163} INFO - Started process (PID=45721) to work on /home/dante/DWBI/Apache/py_env/lib/python3.8/site-packages/airflow/example_dags/example_branch_python_dop_operator_3.py
[2021-11-24 13:19:06,632] {processor.py:620} INFO - Processing file /home/dante/DWBI/Apache/py_env/lib/python3.8/site-packages/airflow/example_dags/example_branch_python_dop_operator_3.py for tasks to queue
[2021-11-24 13:19:06,633] {logging_mixin.py:109} INFO - [2021-11-24 13:19:06,632] {dagbag.py:500} INFO - Filling up the DagBag from /home/dante/DWBI/Apache/py_env/lib/python3.8/site-packages/airflow/example_dags/example_branch_python_dop_operator_3.py
[2021-11-24 13:19:06,652] {processor.py:632} INFO - DAG(s) dict_keys(['example_branch_dop_operator_v3']) retrieved from /home/dante/DWBI/Apache/py_env/lib/python3.8/site-packages/airflow/example_dags/example_branch_python_dop_operator_3.py
[2021-11-24 13:19:06,661] {logging_mixin.py:109} INFO - [2021-11-24 13:19:06,661] {dag.py:2389} INFO - Sync 1 DAGs
[2021-11-24 13:19:06,673] {logging_mixin.py:109} INFO - [2021-11-24 13:19:06,673] {dag.py:2921} INFO - Setting next_dagrun for example_branch_dop_operator_v3 to 2021-11-24T12:18:00+00:00
[2021-11-24 13:19:06,680] {processor.py:171} INFO - Processing /home/dante/DWBI/Apache/py_env/lib/python3.8/site-packages/airflow/example_dags/example_branch_python_dop_operator_3.py took 0.053 seconds
[2021-11-24 13:19:46,788] {processor.py:163} INFO - Started process (PID=45774) to work on /home/dante/DWBI/Apache/py_env/lib/python3.8/site-packages/airflow/example_dags/example_branch_python_dop_operator_3.py
[2021-11-24 13:19:46,797] {processor.py:620} INFO - Processing file /home/dante/DWBI/Apache/py_env/lib/python3.8/site-packages/airflow/example_dags/example_branch_python_dop_operator_3.py for tasks to queue
[2021-11-24 13:19:46,798] {logging_mixin.py:109} INFO - [2021-11-24 13:19:46,798] {dagbag.py:500} INFO - Filling up the DagBag from /home/dante/DWBI/Apache/py_env/lib/python3.8/site-packages/airflow/example_dags/example_branch_python_dop_operator_3.py
[2021-11-24 13:19:46,816] {processor.py:632} INFO - DAG(s) dict_keys(['example_branch_dop_operator_v3']) retrieved from /home/dante/DWBI/Apache/py_env/lib/python3.8/site-packages/airflow/example_dags/example_branch_python_dop_operator_3.py
[2021-11-24 13:19:46,824] {logging_mixin.py:109} INFO - [2021-11-24 13:19:46,824] {dag.py:2389} INFO - Sync 1 DAGs
[2021-11-24 13:19:46,837] {logging_mixin.py:109} INFO - [2021-11-24 13:19:46,837] {dag.py:2921} INFO - Setting next_dagrun for example_branch_dop_operator_v3 to 2021-11-24T12:18:00+00:00
[2021-11-24 13:19:46,845] {processor.py:171} INFO - Processing /home/dante/DWBI/Apache/py_env/lib/python3.8/site-packages/airflow/example_dags/example_branch_python_dop_operator_3.py took 0.060 seconds
[2021-11-24 13:20:28,183] {processor.py:163} INFO - Started process (PID=45830) to work on /home/dante/DWBI/Apache/py_env/lib/python3.8/site-packages/airflow/example_dags/example_branch_python_dop_operator_3.py
[2021-11-24 13:20:28,194] {processor.py:620} INFO - Processing file /home/dante/DWBI/Apache/py_env/lib/python3.8/site-packages/airflow/example_dags/example_branch_python_dop_operator_3.py for tasks to queue
[2021-11-24 13:20:28,195] {logging_mixin.py:109} INFO - [2021-11-24 13:20:28,195] {dagbag.py:500} INFO - Filling up the DagBag from /home/dante/DWBI/Apache/py_env/lib/python3.8/site-packages/airflow/example_dags/example_branch_python_dop_operator_3.py
[2021-11-24 13:20:28,217] {processor.py:632} INFO - DAG(s) dict_keys(['example_branch_dop_operator_v3']) retrieved from /home/dante/DWBI/Apache/py_env/lib/python3.8/site-packages/airflow/example_dags/example_branch_python_dop_operator_3.py
[2021-11-24 13:20:28,225] {logging_mixin.py:109} INFO - [2021-11-24 13:20:28,225] {dag.py:2389} INFO - Sync 1 DAGs
[2021-11-24 13:20:28,237] {logging_mixin.py:109} INFO - [2021-11-24 13:20:28,237] {dag.py:2921} INFO - Setting next_dagrun for example_branch_dop_operator_v3 to 2021-11-24T12:19:00+00:00
[2021-11-24 13:20:28,244] {processor.py:171} INFO - Processing /home/dante/DWBI/Apache/py_env/lib/python3.8/site-packages/airflow/example_dags/example_branch_python_dop_operator_3.py took 0.063 seconds
[2021-11-24 13:21:04,491] {processor.py:163} INFO - Started process (PID=45886) to work on /home/dante/DWBI/Apache/py_env/lib/python3.8/site-packages/airflow/example_dags/example_branch_python_dop_operator_3.py
[2021-11-24 13:21:04,492] {processor.py:620} INFO - Processing file /home/dante/DWBI/Apache/py_env/lib/python3.8/site-packages/airflow/example_dags/example_branch_python_dop_operator_3.py for tasks to queue
[2021-11-24 13:21:04,493] {logging_mixin.py:109} INFO - [2021-11-24 13:21:04,493] {dagbag.py:500} INFO - Filling up the DagBag from /home/dante/DWBI/Apache/py_env/lib/python3.8/site-packages/airflow/example_dags/example_branch_python_dop_operator_3.py
[2021-11-24 13:21:04,511] {processor.py:632} INFO - DAG(s) dict_keys(['example_branch_dop_operator_v3']) retrieved from /home/dante/DWBI/Apache/py_env/lib/python3.8/site-packages/airflow/example_dags/example_branch_python_dop_operator_3.py
[2021-11-24 13:21:04,518] {logging_mixin.py:109} INFO - [2021-11-24 13:21:04,518] {dag.py:2389} INFO - Sync 1 DAGs
[2021-11-24 13:21:04,531] {logging_mixin.py:109} INFO - [2021-11-24 13:21:04,531] {dag.py:2921} INFO - Setting next_dagrun for example_branch_dop_operator_v3 to 2021-11-24T12:20:00+00:00
[2021-11-24 13:21:04,539] {processor.py:171} INFO - Processing /home/dante/DWBI/Apache/py_env/lib/python3.8/site-packages/airflow/example_dags/example_branch_python_dop_operator_3.py took 0.050 seconds
[2021-11-24 13:21:44,835] {processor.py:163} INFO - Started process (PID=45990) to work on /home/dante/DWBI/Apache/py_env/lib/python3.8/site-packages/airflow/example_dags/example_branch_python_dop_operator_3.py
[2021-11-24 13:21:44,846] {processor.py:620} INFO - Processing file /home/dante/DWBI/Apache/py_env/lib/python3.8/site-packages/airflow/example_dags/example_branch_python_dop_operator_3.py for tasks to queue
[2021-11-24 13:21:44,847] {logging_mixin.py:109} INFO - [2021-11-24 13:21:44,847] {dagbag.py:500} INFO - Filling up the DagBag from /home/dante/DWBI/Apache/py_env/lib/python3.8/site-packages/airflow/example_dags/example_branch_python_dop_operator_3.py
[2021-11-24 13:21:44,882] {processor.py:632} INFO - DAG(s) dict_keys(['example_branch_dop_operator_v3']) retrieved from /home/dante/DWBI/Apache/py_env/lib/python3.8/site-packages/airflow/example_dags/example_branch_python_dop_operator_3.py
[2021-11-24 13:21:44,890] {logging_mixin.py:109} INFO - [2021-11-24 13:21:44,890] {dag.py:2389} INFO - Sync 1 DAGs
[2021-11-24 13:21:44,907] {logging_mixin.py:109} INFO - [2021-11-24 13:21:44,907] {dag.py:2921} INFO - Setting next_dagrun for example_branch_dop_operator_v3 to 2021-11-24T12:20:00+00:00
[2021-11-24 13:21:44,926] {processor.py:171} INFO - Processing /home/dante/DWBI/Apache/py_env/lib/python3.8/site-packages/airflow/example_dags/example_branch_python_dop_operator_3.py took 0.097 seconds
[2021-11-24 13:22:23,087] {processor.py:163} INFO - Started process (PID=46058) to work on /home/dante/DWBI/Apache/py_env/lib/python3.8/site-packages/airflow/example_dags/example_branch_python_dop_operator_3.py
[2021-11-24 13:22:23,088] {processor.py:620} INFO - Processing file /home/dante/DWBI/Apache/py_env/lib/python3.8/site-packages/airflow/example_dags/example_branch_python_dop_operator_3.py for tasks to queue
[2021-11-24 13:22:23,089] {logging_mixin.py:109} INFO - [2021-11-24 13:22:23,089] {dagbag.py:500} INFO - Filling up the DagBag from /home/dante/DWBI/Apache/py_env/lib/python3.8/site-packages/airflow/example_dags/example_branch_python_dop_operator_3.py
[2021-11-24 13:22:23,105] {processor.py:632} INFO - DAG(s) dict_keys(['example_branch_dop_operator_v3']) retrieved from /home/dante/DWBI/Apache/py_env/lib/python3.8/site-packages/airflow/example_dags/example_branch_python_dop_operator_3.py
[2021-11-24 13:22:23,112] {logging_mixin.py:109} INFO - [2021-11-24 13:22:23,112] {dag.py:2389} INFO - Sync 1 DAGs
[2021-11-24 13:22:23,124] {logging_mixin.py:109} INFO - [2021-11-24 13:22:23,124] {dag.py:2921} INFO - Setting next_dagrun for example_branch_dop_operator_v3 to 2021-11-24T12:21:00+00:00
[2021-11-24 13:22:23,133] {processor.py:171} INFO - Processing /home/dante/DWBI/Apache/py_env/lib/python3.8/site-packages/airflow/example_dags/example_branch_python_dop_operator_3.py took 0.048 seconds
[2021-11-24 13:23:05,950] {processor.py:163} INFO - Started process (PID=46442) to work on /home/dante/DWBI/Apache/py_env/lib/python3.8/site-packages/airflow/example_dags/example_branch_python_dop_operator_3.py
[2021-11-24 13:23:05,953] {processor.py:620} INFO - Processing file /home/dante/DWBI/Apache/py_env/lib/python3.8/site-packages/airflow/example_dags/example_branch_python_dop_operator_3.py for tasks to queue
[2021-11-24 13:23:05,954] {logging_mixin.py:109} INFO - [2021-11-24 13:23:05,953] {dagbag.py:500} INFO - Filling up the DagBag from /home/dante/DWBI/Apache/py_env/lib/python3.8/site-packages/airflow/example_dags/example_branch_python_dop_operator_3.py
[2021-11-24 13:23:05,980] {processor.py:632} INFO - DAG(s) dict_keys(['example_branch_dop_operator_v3']) retrieved from /home/dante/DWBI/Apache/py_env/lib/python3.8/site-packages/airflow/example_dags/example_branch_python_dop_operator_3.py
[2021-11-24 13:23:05,989] {logging_mixin.py:109} INFO - [2021-11-24 13:23:05,989] {dag.py:2389} INFO - Sync 1 DAGs
[2021-11-24 13:23:06,002] {logging_mixin.py:109} INFO - [2021-11-24 13:23:06,002] {dag.py:2921} INFO - Setting next_dagrun for example_branch_dop_operator_v3 to 2021-11-24T12:22:00+00:00
[2021-11-24 13:23:06,009] {processor.py:171} INFO - Processing /home/dante/DWBI/Apache/py_env/lib/python3.8/site-packages/airflow/example_dags/example_branch_python_dop_operator_3.py took 0.062 seconds
[2021-11-24 13:23:45,873] {processor.py:163} INFO - Started process (PID=46508) to work on /home/dante/DWBI/Apache/py_env/lib/python3.8/site-packages/airflow/example_dags/example_branch_python_dop_operator_3.py
[2021-11-24 13:23:45,884] {processor.py:620} INFO - Processing file /home/dante/DWBI/Apache/py_env/lib/python3.8/site-packages/airflow/example_dags/example_branch_python_dop_operator_3.py for tasks to queue
[2021-11-24 13:23:45,885] {logging_mixin.py:109} INFO - [2021-11-24 13:23:45,885] {dagbag.py:500} INFO - Filling up the DagBag from /home/dante/DWBI/Apache/py_env/lib/python3.8/site-packages/airflow/example_dags/example_branch_python_dop_operator_3.py
[2021-11-24 13:23:45,920] {processor.py:632} INFO - DAG(s) dict_keys(['example_branch_dop_operator_v3']) retrieved from /home/dante/DWBI/Apache/py_env/lib/python3.8/site-packages/airflow/example_dags/example_branch_python_dop_operator_3.py
[2021-11-24 13:23:45,926] {logging_mixin.py:109} INFO - [2021-11-24 13:23:45,926] {dag.py:2389} INFO - Sync 1 DAGs
[2021-11-24 13:23:45,939] {logging_mixin.py:109} INFO - [2021-11-24 13:23:45,938] {dag.py:2921} INFO - Setting next_dagrun for example_branch_dop_operator_v3 to 2021-11-24T12:22:00+00:00
[2021-11-24 13:23:45,947] {processor.py:171} INFO - Processing /home/dante/DWBI/Apache/py_env/lib/python3.8/site-packages/airflow/example_dags/example_branch_python_dop_operator_3.py took 0.076 seconds
[2021-11-24 13:24:22,062] {processor.py:163} INFO - Started process (PID=46573) to work on /home/dante/DWBI/Apache/py_env/lib/python3.8/site-packages/airflow/example_dags/example_branch_python_dop_operator_3.py
[2021-11-24 13:24:22,072] {processor.py:620} INFO - Processing file /home/dante/DWBI/Apache/py_env/lib/python3.8/site-packages/airflow/example_dags/example_branch_python_dop_operator_3.py for tasks to queue
[2021-11-24 13:24:22,073] {logging_mixin.py:109} INFO - [2021-11-24 13:24:22,073] {dagbag.py:500} INFO - Filling up the DagBag from /home/dante/DWBI/Apache/py_env/lib/python3.8/site-packages/airflow/example_dags/example_branch_python_dop_operator_3.py
[2021-11-24 13:24:22,101] {processor.py:632} INFO - DAG(s) dict_keys(['example_branch_dop_operator_v3']) retrieved from /home/dante/DWBI/Apache/py_env/lib/python3.8/site-packages/airflow/example_dags/example_branch_python_dop_operator_3.py
[2021-11-24 13:24:22,109] {logging_mixin.py:109} INFO - [2021-11-24 13:24:22,109] {dag.py:2389} INFO - Sync 1 DAGs
[2021-11-24 13:24:22,123] {logging_mixin.py:109} INFO - [2021-11-24 13:24:22,123] {dag.py:2921} INFO - Setting next_dagrun for example_branch_dop_operator_v3 to 2021-11-24T12:23:00+00:00
[2021-11-24 13:24:22,142] {processor.py:171} INFO - Processing /home/dante/DWBI/Apache/py_env/lib/python3.8/site-packages/airflow/example_dags/example_branch_python_dop_operator_3.py took 0.083 seconds
[2021-11-24 13:24:57,807] {processor.py:163} INFO - Started process (PID=46743) to work on /home/dante/DWBI/Apache/py_env/lib/python3.8/site-packages/airflow/example_dags/example_branch_python_dop_operator_3.py
[2021-11-24 13:24:57,818] {processor.py:620} INFO - Processing file /home/dante/DWBI/Apache/py_env/lib/python3.8/site-packages/airflow/example_dags/example_branch_python_dop_operator_3.py for tasks to queue
[2021-11-24 13:24:57,820] {logging_mixin.py:109} INFO - [2021-11-24 13:24:57,820] {dagbag.py:500} INFO - Filling up the DagBag from /home/dante/DWBI/Apache/py_env/lib/python3.8/site-packages/airflow/example_dags/example_branch_python_dop_operator_3.py
[2021-11-24 13:24:57,847] {processor.py:632} INFO - DAG(s) dict_keys(['example_branch_dop_operator_v3']) retrieved from /home/dante/DWBI/Apache/py_env/lib/python3.8/site-packages/airflow/example_dags/example_branch_python_dop_operator_3.py
[2021-11-24 13:24:57,854] {logging_mixin.py:109} INFO - [2021-11-24 13:24:57,854] {dag.py:2389} INFO - Sync 1 DAGs
[2021-11-24 13:24:57,866] {logging_mixin.py:109} INFO - [2021-11-24 13:24:57,866] {dag.py:2921} INFO - Setting next_dagrun for example_branch_dop_operator_v3 to 2021-11-24T12:23:00+00:00
[2021-11-24 13:24:57,876] {processor.py:171} INFO - Processing /home/dante/DWBI/Apache/py_env/lib/python3.8/site-packages/airflow/example_dags/example_branch_python_dop_operator_3.py took 0.077 seconds
[2021-11-24 13:25:35,216] {processor.py:163} INFO - Started process (PID=46823) to work on /home/dante/DWBI/Apache/py_env/lib/python3.8/site-packages/airflow/example_dags/example_branch_python_dop_operator_3.py
[2021-11-24 13:25:35,226] {processor.py:620} INFO - Processing file /home/dante/DWBI/Apache/py_env/lib/python3.8/site-packages/airflow/example_dags/example_branch_python_dop_operator_3.py for tasks to queue
[2021-11-24 13:25:35,227] {logging_mixin.py:109} INFO - [2021-11-24 13:25:35,227] {dagbag.py:500} INFO - Filling up the DagBag from /home/dante/DWBI/Apache/py_env/lib/python3.8/site-packages/airflow/example_dags/example_branch_python_dop_operator_3.py
[2021-11-24 13:25:35,256] {processor.py:632} INFO - DAG(s) dict_keys(['example_branch_dop_operator_v3']) retrieved from /home/dante/DWBI/Apache/py_env/lib/python3.8/site-packages/airflow/example_dags/example_branch_python_dop_operator_3.py
[2021-11-24 13:25:35,264] {logging_mixin.py:109} INFO - [2021-11-24 13:25:35,264] {dag.py:2389} INFO - Sync 1 DAGs
[2021-11-24 13:25:35,280] {logging_mixin.py:109} INFO - [2021-11-24 13:25:35,280] {dag.py:2921} INFO - Setting next_dagrun for example_branch_dop_operator_v3 to 2021-11-24T12:24:00+00:00
[2021-11-24 13:25:35,289] {processor.py:171} INFO - Processing /home/dante/DWBI/Apache/py_env/lib/python3.8/site-packages/airflow/example_dags/example_branch_python_dop_operator_3.py took 0.079 seconds
[2021-11-24 13:26:11,259] {processor.py:163} INFO - Started process (PID=46899) to work on /home/dante/DWBI/Apache/py_env/lib/python3.8/site-packages/airflow/example_dags/example_branch_python_dop_operator_3.py
[2021-11-24 13:26:11,261] {processor.py:620} INFO - Processing file /home/dante/DWBI/Apache/py_env/lib/python3.8/site-packages/airflow/example_dags/example_branch_python_dop_operator_3.py for tasks to queue
[2021-11-24 13:26:11,262] {logging_mixin.py:109} INFO - [2021-11-24 13:26:11,262] {dagbag.py:500} INFO - Filling up the DagBag from /home/dante/DWBI/Apache/py_env/lib/python3.8/site-packages/airflow/example_dags/example_branch_python_dop_operator_3.py
[2021-11-24 13:26:11,277] {processor.py:632} INFO - DAG(s) dict_keys(['example_branch_dop_operator_v3']) retrieved from /home/dante/DWBI/Apache/py_env/lib/python3.8/site-packages/airflow/example_dags/example_branch_python_dop_operator_3.py
[2021-11-24 13:26:11,284] {logging_mixin.py:109} INFO - [2021-11-24 13:26:11,284] {dag.py:2389} INFO - Sync 1 DAGs
[2021-11-24 13:26:11,296] {logging_mixin.py:109} INFO - [2021-11-24 13:26:11,296] {dag.py:2921} INFO - Setting next_dagrun for example_branch_dop_operator_v3 to 2021-11-24T12:25:00+00:00
[2021-11-24 13:26:11,304] {processor.py:171} INFO - Processing /home/dante/DWBI/Apache/py_env/lib/python3.8/site-packages/airflow/example_dags/example_branch_python_dop_operator_3.py took 0.046 seconds
[2021-11-24 13:26:48,617] {processor.py:163} INFO - Started process (PID=47021) to work on /home/dante/DWBI/Apache/py_env/lib/python3.8/site-packages/airflow/example_dags/example_branch_python_dop_operator_3.py
[2021-11-24 13:26:48,621] {processor.py:620} INFO - Processing file /home/dante/DWBI/Apache/py_env/lib/python3.8/site-packages/airflow/example_dags/example_branch_python_dop_operator_3.py for tasks to queue
[2021-11-24 13:26:48,622] {logging_mixin.py:109} INFO - [2021-11-24 13:26:48,622] {dagbag.py:500} INFO - Filling up the DagBag from /home/dante/DWBI/Apache/py_env/lib/python3.8/site-packages/airflow/example_dags/example_branch_python_dop_operator_3.py
[2021-11-24 13:26:48,638] {processor.py:632} INFO - DAG(s) dict_keys(['example_branch_dop_operator_v3']) retrieved from /home/dante/DWBI/Apache/py_env/lib/python3.8/site-packages/airflow/example_dags/example_branch_python_dop_operator_3.py
[2021-11-24 13:26:48,644] {logging_mixin.py:109} INFO - [2021-11-24 13:26:48,644] {dag.py:2389} INFO - Sync 1 DAGs
[2021-11-24 13:26:48,656] {logging_mixin.py:109} INFO - [2021-11-24 13:26:48,656] {dag.py:2921} INFO - Setting next_dagrun for example_branch_dop_operator_v3 to 2021-11-24T12:25:00+00:00
[2021-11-24 13:26:48,663] {processor.py:171} INFO - Processing /home/dante/DWBI/Apache/py_env/lib/python3.8/site-packages/airflow/example_dags/example_branch_python_dop_operator_3.py took 0.053 seconds
[2021-11-24 13:27:26,928] {processor.py:163} INFO - Started process (PID=47095) to work on /home/dante/DWBI/Apache/py_env/lib/python3.8/site-packages/airflow/example_dags/example_branch_python_dop_operator_3.py
[2021-11-24 13:27:26,930] {processor.py:620} INFO - Processing file /home/dante/DWBI/Apache/py_env/lib/python3.8/site-packages/airflow/example_dags/example_branch_python_dop_operator_3.py for tasks to queue
[2021-11-24 13:27:26,931] {logging_mixin.py:109} INFO - [2021-11-24 13:27:26,931] {dagbag.py:500} INFO - Filling up the DagBag from /home/dante/DWBI/Apache/py_env/lib/python3.8/site-packages/airflow/example_dags/example_branch_python_dop_operator_3.py
[2021-11-24 13:27:26,952] {processor.py:632} INFO - DAG(s) dict_keys(['example_branch_dop_operator_v3']) retrieved from /home/dante/DWBI/Apache/py_env/lib/python3.8/site-packages/airflow/example_dags/example_branch_python_dop_operator_3.py
[2021-11-24 13:27:26,960] {logging_mixin.py:109} INFO - [2021-11-24 13:27:26,960] {dag.py:2389} INFO - Sync 1 DAGs
[2021-11-24 13:27:26,973] {logging_mixin.py:109} INFO - [2021-11-24 13:27:26,973] {dag.py:2921} INFO - Setting next_dagrun for example_branch_dop_operator_v3 to 2021-11-24T12:26:00+00:00
[2021-11-24 13:27:26,980] {processor.py:171} INFO - Processing /home/dante/DWBI/Apache/py_env/lib/python3.8/site-packages/airflow/example_dags/example_branch_python_dop_operator_3.py took 0.055 seconds
[2021-11-24 13:28:05,882] {processor.py:163} INFO - Started process (PID=47223) to work on /home/dante/DWBI/Apache/py_env/lib/python3.8/site-packages/airflow/example_dags/example_branch_python_dop_operator_3.py
[2021-11-24 13:28:05,891] {processor.py:620} INFO - Processing file /home/dante/DWBI/Apache/py_env/lib/python3.8/site-packages/airflow/example_dags/example_branch_python_dop_operator_3.py for tasks to queue
[2021-11-24 13:28:05,892] {logging_mixin.py:109} INFO - [2021-11-24 13:28:05,892] {dagbag.py:500} INFO - Filling up the DagBag from /home/dante/DWBI/Apache/py_env/lib/python3.8/site-packages/airflow/example_dags/example_branch_python_dop_operator_3.py
[2021-11-24 13:28:05,916] {processor.py:632} INFO - DAG(s) dict_keys(['example_branch_dop_operator_v3']) retrieved from /home/dante/DWBI/Apache/py_env/lib/python3.8/site-packages/airflow/example_dags/example_branch_python_dop_operator_3.py
[2021-11-24 13:28:05,924] {logging_mixin.py:109} INFO - [2021-11-24 13:28:05,924] {dag.py:2389} INFO - Sync 1 DAGs
[2021-11-24 13:28:05,936] {logging_mixin.py:109} INFO - [2021-11-24 13:28:05,936] {dag.py:2921} INFO - Setting next_dagrun for example_branch_dop_operator_v3 to 2021-11-24T12:27:00+00:00
[2021-11-24 13:28:05,945] {processor.py:171} INFO - Processing /home/dante/DWBI/Apache/py_env/lib/python3.8/site-packages/airflow/example_dags/example_branch_python_dop_operator_3.py took 0.066 seconds
[2021-11-24 13:28:45,029] {processor.py:163} INFO - Started process (PID=47361) to work on /home/dante/DWBI/Apache/py_env/lib/python3.8/site-packages/airflow/example_dags/example_branch_python_dop_operator_3.py
[2021-11-24 13:28:45,040] {processor.py:620} INFO - Processing file /home/dante/DWBI/Apache/py_env/lib/python3.8/site-packages/airflow/example_dags/example_branch_python_dop_operator_3.py for tasks to queue
[2021-11-24 13:28:45,041] {logging_mixin.py:109} INFO - [2021-11-24 13:28:45,040] {dagbag.py:500} INFO - Filling up the DagBag from /home/dante/DWBI/Apache/py_env/lib/python3.8/site-packages/airflow/example_dags/example_branch_python_dop_operator_3.py
[2021-11-24 13:28:45,064] {processor.py:632} INFO - DAG(s) dict_keys(['example_branch_dop_operator_v3']) retrieved from /home/dante/DWBI/Apache/py_env/lib/python3.8/site-packages/airflow/example_dags/example_branch_python_dop_operator_3.py
[2021-11-24 13:28:45,071] {logging_mixin.py:109} INFO - [2021-11-24 13:28:45,071] {dag.py:2389} INFO - Sync 1 DAGs
[2021-11-24 13:28:45,086] {logging_mixin.py:109} INFO - [2021-11-24 13:28:45,086] {dag.py:2921} INFO - Setting next_dagrun for example_branch_dop_operator_v3 to 2021-11-24T12:27:00+00:00
[2021-11-24 13:28:45,097] {processor.py:171} INFO - Processing /home/dante/DWBI/Apache/py_env/lib/python3.8/site-packages/airflow/example_dags/example_branch_python_dop_operator_3.py took 0.071 seconds
[2021-11-24 13:29:22,234] {processor.py:163} INFO - Started process (PID=47424) to work on /home/dante/DWBI/Apache/py_env/lib/python3.8/site-packages/airflow/example_dags/example_branch_python_dop_operator_3.py
[2021-11-24 13:29:22,246] {processor.py:620} INFO - Processing file /home/dante/DWBI/Apache/py_env/lib/python3.8/site-packages/airflow/example_dags/example_branch_python_dop_operator_3.py for tasks to queue
[2021-11-24 13:29:22,248] {logging_mixin.py:109} INFO - [2021-11-24 13:29:22,247] {dagbag.py:500} INFO - Filling up the DagBag from /home/dante/DWBI/Apache/py_env/lib/python3.8/site-packages/airflow/example_dags/example_branch_python_dop_operator_3.py
[2021-11-24 13:29:22,280] {processor.py:632} INFO - DAG(s) dict_keys(['example_branch_dop_operator_v3']) retrieved from /home/dante/DWBI/Apache/py_env/lib/python3.8/site-packages/airflow/example_dags/example_branch_python_dop_operator_3.py
[2021-11-24 13:29:22,287] {logging_mixin.py:109} INFO - [2021-11-24 13:29:22,287] {dag.py:2389} INFO - Sync 1 DAGs
[2021-11-24 13:29:22,300] {logging_mixin.py:109} INFO - [2021-11-24 13:29:22,300] {dag.py:2921} INFO - Setting next_dagrun for example_branch_dop_operator_v3 to 2021-11-24T12:28:00+00:00
[2021-11-24 13:29:22,313] {processor.py:171} INFO - Processing /home/dante/DWBI/Apache/py_env/lib/python3.8/site-packages/airflow/example_dags/example_branch_python_dop_operator_3.py took 0.085 seconds
[2021-11-24 13:29:57,769] {processor.py:163} INFO - Started process (PID=47481) to work on /home/dante/DWBI/Apache/py_env/lib/python3.8/site-packages/airflow/example_dags/example_branch_python_dop_operator_3.py
[2021-11-24 13:29:57,780] {processor.py:620} INFO - Processing file /home/dante/DWBI/Apache/py_env/lib/python3.8/site-packages/airflow/example_dags/example_branch_python_dop_operator_3.py for tasks to queue
[2021-11-24 13:29:57,781] {logging_mixin.py:109} INFO - [2021-11-24 13:29:57,781] {dagbag.py:500} INFO - Filling up the DagBag from /home/dante/DWBI/Apache/py_env/lib/python3.8/site-packages/airflow/example_dags/example_branch_python_dop_operator_3.py
[2021-11-24 13:29:57,811] {processor.py:632} INFO - DAG(s) dict_keys(['example_branch_dop_operator_v3']) retrieved from /home/dante/DWBI/Apache/py_env/lib/python3.8/site-packages/airflow/example_dags/example_branch_python_dop_operator_3.py
[2021-11-24 13:29:57,819] {logging_mixin.py:109} INFO - [2021-11-24 13:29:57,819] {dag.py:2389} INFO - Sync 1 DAGs
[2021-11-24 13:29:57,832] {logging_mixin.py:109} INFO - [2021-11-24 13:29:57,832] {dag.py:2921} INFO - Setting next_dagrun for example_branch_dop_operator_v3 to 2021-11-24T12:28:00+00:00
[2021-11-24 13:29:57,847] {processor.py:171} INFO - Processing /home/dante/DWBI/Apache/py_env/lib/python3.8/site-packages/airflow/example_dags/example_branch_python_dop_operator_3.py took 0.084 seconds
[2021-11-24 13:30:34,458] {processor.py:163} INFO - Started process (PID=47562) to work on /home/dante/DWBI/Apache/py_env/lib/python3.8/site-packages/airflow/example_dags/example_branch_python_dop_operator_3.py
[2021-11-24 13:30:34,468] {processor.py:620} INFO - Processing file /home/dante/DWBI/Apache/py_env/lib/python3.8/site-packages/airflow/example_dags/example_branch_python_dop_operator_3.py for tasks to queue
[2021-11-24 13:30:34,469] {logging_mixin.py:109} INFO - [2021-11-24 13:30:34,469] {dagbag.py:500} INFO - Filling up the DagBag from /home/dante/DWBI/Apache/py_env/lib/python3.8/site-packages/airflow/example_dags/example_branch_python_dop_operator_3.py
[2021-11-24 13:30:34,494] {processor.py:632} INFO - DAG(s) dict_keys(['example_branch_dop_operator_v3']) retrieved from /home/dante/DWBI/Apache/py_env/lib/python3.8/site-packages/airflow/example_dags/example_branch_python_dop_operator_3.py
[2021-11-24 13:30:34,502] {logging_mixin.py:109} INFO - [2021-11-24 13:30:34,502] {dag.py:2389} INFO - Sync 1 DAGs
[2021-11-24 13:30:34,515] {logging_mixin.py:109} INFO - [2021-11-24 13:30:34,515] {dag.py:2921} INFO - Setting next_dagrun for example_branch_dop_operator_v3 to 2021-11-24T12:29:00+00:00
[2021-11-24 13:30:34,528] {processor.py:171} INFO - Processing /home/dante/DWBI/Apache/py_env/lib/python3.8/site-packages/airflow/example_dags/example_branch_python_dop_operator_3.py took 0.072 seconds
[2021-11-24 13:31:10,605] {processor.py:163} INFO - Started process (PID=47614) to work on /home/dante/DWBI/Apache/py_env/lib/python3.8/site-packages/airflow/example_dags/example_branch_python_dop_operator_3.py
[2021-11-24 13:31:10,616] {processor.py:620} INFO - Processing file /home/dante/DWBI/Apache/py_env/lib/python3.8/site-packages/airflow/example_dags/example_branch_python_dop_operator_3.py for tasks to queue
[2021-11-24 13:31:10,618] {logging_mixin.py:109} INFO - [2021-11-24 13:31:10,617] {dagbag.py:500} INFO - Filling up the DagBag from /home/dante/DWBI/Apache/py_env/lib/python3.8/site-packages/airflow/example_dags/example_branch_python_dop_operator_3.py
[2021-11-24 13:31:10,656] {processor.py:632} INFO - DAG(s) dict_keys(['example_branch_dop_operator_v3']) retrieved from /home/dante/DWBI/Apache/py_env/lib/python3.8/site-packages/airflow/example_dags/example_branch_python_dop_operator_3.py
[2021-11-24 13:31:10,664] {logging_mixin.py:109} INFO - [2021-11-24 13:31:10,664] {dag.py:2389} INFO - Sync 1 DAGs
[2021-11-24 13:31:10,677] {logging_mixin.py:109} INFO - [2021-11-24 13:31:10,677] {dag.py:2921} INFO - Setting next_dagrun for example_branch_dop_operator_v3 to 2021-11-24T12:30:00+00:00
[2021-11-24 13:31:10,684] {processor.py:171} INFO - Processing /home/dante/DWBI/Apache/py_env/lib/python3.8/site-packages/airflow/example_dags/example_branch_python_dop_operator_3.py took 0.081 seconds
[2021-11-24 13:31:51,910] {processor.py:163} INFO - Started process (PID=47743) to work on /home/dante/DWBI/Apache/py_env/lib/python3.8/site-packages/airflow/example_dags/example_branch_python_dop_operator_3.py
[2021-11-24 13:31:51,913] {processor.py:620} INFO - Processing file /home/dante/DWBI/Apache/py_env/lib/python3.8/site-packages/airflow/example_dags/example_branch_python_dop_operator_3.py for tasks to queue
[2021-11-24 13:31:51,915] {logging_mixin.py:109} INFO - [2021-11-24 13:31:51,914] {dagbag.py:500} INFO - Filling up the DagBag from /home/dante/DWBI/Apache/py_env/lib/python3.8/site-packages/airflow/example_dags/example_branch_python_dop_operator_3.py
[2021-11-24 13:31:51,945] {processor.py:632} INFO - DAG(s) dict_keys(['example_branch_dop_operator_v3']) retrieved from /home/dante/DWBI/Apache/py_env/lib/python3.8/site-packages/airflow/example_dags/example_branch_python_dop_operator_3.py
[2021-11-24 13:31:51,952] {logging_mixin.py:109} INFO - [2021-11-24 13:31:51,952] {dag.py:2389} INFO - Sync 1 DAGs
[2021-11-24 13:31:51,964] {logging_mixin.py:109} INFO - [2021-11-24 13:31:51,964] {dag.py:2921} INFO - Setting next_dagrun for example_branch_dop_operator_v3 to 2021-11-24T12:30:00+00:00
[2021-11-24 13:31:51,971] {processor.py:171} INFO - Processing /home/dante/DWBI/Apache/py_env/lib/python3.8/site-packages/airflow/example_dags/example_branch_python_dop_operator_3.py took 0.068 seconds
[2021-11-24 13:32:31,253] {processor.py:163} INFO - Started process (PID=48226) to work on /home/dante/DWBI/Apache/py_env/lib/python3.8/site-packages/airflow/example_dags/example_branch_python_dop_operator_3.py
[2021-11-24 13:32:31,262] {processor.py:620} INFO - Processing file /home/dante/DWBI/Apache/py_env/lib/python3.8/site-packages/airflow/example_dags/example_branch_python_dop_operator_3.py for tasks to queue
[2021-11-24 13:32:31,263] {logging_mixin.py:109} INFO - [2021-11-24 13:32:31,263] {dagbag.py:500} INFO - Filling up the DagBag from /home/dante/DWBI/Apache/py_env/lib/python3.8/site-packages/airflow/example_dags/example_branch_python_dop_operator_3.py
[2021-11-24 13:32:31,278] {processor.py:632} INFO - DAG(s) dict_keys(['example_branch_dop_operator_v3']) retrieved from /home/dante/DWBI/Apache/py_env/lib/python3.8/site-packages/airflow/example_dags/example_branch_python_dop_operator_3.py
[2021-11-24 13:32:31,285] {logging_mixin.py:109} INFO - [2021-11-24 13:32:31,284] {dag.py:2389} INFO - Sync 1 DAGs
[2021-11-24 13:32:31,298] {logging_mixin.py:109} INFO - [2021-11-24 13:32:31,297] {dag.py:2921} INFO - Setting next_dagrun for example_branch_dop_operator_v3 to 2021-11-24T12:31:00+00:00
[2021-11-24 13:32:31,321] {processor.py:171} INFO - Processing /home/dante/DWBI/Apache/py_env/lib/python3.8/site-packages/airflow/example_dags/example_branch_python_dop_operator_3.py took 0.069 seconds
[2021-11-24 13:33:09,116] {processor.py:163} INFO - Started process (PID=48437) to work on /home/dante/DWBI/Apache/py_env/lib/python3.8/site-packages/airflow/example_dags/example_branch_python_dop_operator_3.py
[2021-11-24 13:33:09,120] {processor.py:620} INFO - Processing file /home/dante/DWBI/Apache/py_env/lib/python3.8/site-packages/airflow/example_dags/example_branch_python_dop_operator_3.py for tasks to queue
[2021-11-24 13:33:09,120] {logging_mixin.py:109} INFO - [2021-11-24 13:33:09,120] {dagbag.py:500} INFO - Filling up the DagBag from /home/dante/DWBI/Apache/py_env/lib/python3.8/site-packages/airflow/example_dags/example_branch_python_dop_operator_3.py
[2021-11-24 13:33:09,139] {processor.py:632} INFO - DAG(s) dict_keys(['example_branch_dop_operator_v3']) retrieved from /home/dante/DWBI/Apache/py_env/lib/python3.8/site-packages/airflow/example_dags/example_branch_python_dop_operator_3.py
[2021-11-24 13:33:09,147] {logging_mixin.py:109} INFO - [2021-11-24 13:33:09,147] {dag.py:2389} INFO - Sync 1 DAGs
[2021-11-24 13:33:09,159] {logging_mixin.py:109} INFO - [2021-11-24 13:33:09,159] {dag.py:2921} INFO - Setting next_dagrun for example_branch_dop_operator_v3 to 2021-11-24T12:32:00+00:00
[2021-11-24 13:33:09,166] {processor.py:171} INFO - Processing /home/dante/DWBI/Apache/py_env/lib/python3.8/site-packages/airflow/example_dags/example_branch_python_dop_operator_3.py took 0.053 seconds
[2021-11-24 13:33:45,823] {processor.py:163} INFO - Started process (PID=48585) to work on /home/dante/DWBI/Apache/py_env/lib/python3.8/site-packages/airflow/example_dags/example_branch_python_dop_operator_3.py
[2021-11-24 13:33:45,831] {processor.py:620} INFO - Processing file /home/dante/DWBI/Apache/py_env/lib/python3.8/site-packages/airflow/example_dags/example_branch_python_dop_operator_3.py for tasks to queue
[2021-11-24 13:33:45,832] {logging_mixin.py:109} INFO - [2021-11-24 13:33:45,832] {dagbag.py:500} INFO - Filling up the DagBag from /home/dante/DWBI/Apache/py_env/lib/python3.8/site-packages/airflow/example_dags/example_branch_python_dop_operator_3.py
[2021-11-24 13:33:45,846] {processor.py:632} INFO - DAG(s) dict_keys(['example_branch_dop_operator_v3']) retrieved from /home/dante/DWBI/Apache/py_env/lib/python3.8/site-packages/airflow/example_dags/example_branch_python_dop_operator_3.py
[2021-11-24 13:33:45,852] {logging_mixin.py:109} INFO - [2021-11-24 13:33:45,852] {dag.py:2389} INFO - Sync 1 DAGs
[2021-11-24 13:33:45,864] {logging_mixin.py:109} INFO - [2021-11-24 13:33:45,863] {dag.py:2921} INFO - Setting next_dagrun for example_branch_dop_operator_v3 to 2021-11-24T12:32:00+00:00
[2021-11-24 13:33:45,881] {processor.py:171} INFO - Processing /home/dante/DWBI/Apache/py_env/lib/python3.8/site-packages/airflow/example_dags/example_branch_python_dop_operator_3.py took 0.060 seconds
[2021-11-24 13:34:24,348] {processor.py:163} INFO - Started process (PID=48721) to work on /home/dante/DWBI/Apache/py_env/lib/python3.8/site-packages/airflow/example_dags/example_branch_python_dop_operator_3.py
[2021-11-24 13:34:24,352] {processor.py:620} INFO - Processing file /home/dante/DWBI/Apache/py_env/lib/python3.8/site-packages/airflow/example_dags/example_branch_python_dop_operator_3.py for tasks to queue
[2021-11-24 13:34:24,354] {logging_mixin.py:109} INFO - [2021-11-24 13:34:24,354] {dagbag.py:500} INFO - Filling up the DagBag from /home/dante/DWBI/Apache/py_env/lib/python3.8/site-packages/airflow/example_dags/example_branch_python_dop_operator_3.py
[2021-11-24 13:34:24,385] {processor.py:632} INFO - DAG(s) dict_keys(['example_branch_dop_operator_v3']) retrieved from /home/dante/DWBI/Apache/py_env/lib/python3.8/site-packages/airflow/example_dags/example_branch_python_dop_operator_3.py
[2021-11-24 13:34:24,392] {logging_mixin.py:109} INFO - [2021-11-24 13:34:24,392] {dag.py:2389} INFO - Sync 1 DAGs
[2021-11-24 13:34:24,405] {logging_mixin.py:109} INFO - [2021-11-24 13:34:24,405] {dag.py:2921} INFO - Setting next_dagrun for example_branch_dop_operator_v3 to 2021-11-24T12:33:00+00:00
[2021-11-24 13:34:24,414] {processor.py:171} INFO - Processing /home/dante/DWBI/Apache/py_env/lib/python3.8/site-packages/airflow/example_dags/example_branch_python_dop_operator_3.py took 0.072 seconds
[2021-11-24 13:35:06,492] {processor.py:163} INFO - Started process (PID=48840) to work on /home/dante/DWBI/Apache/py_env/lib/python3.8/site-packages/airflow/example_dags/example_branch_python_dop_operator_3.py
[2021-11-24 13:35:06,503] {processor.py:620} INFO - Processing file /home/dante/DWBI/Apache/py_env/lib/python3.8/site-packages/airflow/example_dags/example_branch_python_dop_operator_3.py for tasks to queue
[2021-11-24 13:35:06,504] {logging_mixin.py:109} INFO - [2021-11-24 13:35:06,504] {dagbag.py:500} INFO - Filling up the DagBag from /home/dante/DWBI/Apache/py_env/lib/python3.8/site-packages/airflow/example_dags/example_branch_python_dop_operator_3.py
[2021-11-24 13:35:06,542] {processor.py:632} INFO - DAG(s) dict_keys(['example_branch_dop_operator_v3']) retrieved from /home/dante/DWBI/Apache/py_env/lib/python3.8/site-packages/airflow/example_dags/example_branch_python_dop_operator_3.py
[2021-11-24 13:35:06,549] {logging_mixin.py:109} INFO - [2021-11-24 13:35:06,549] {dag.py:2389} INFO - Sync 1 DAGs
[2021-11-24 13:35:06,562] {logging_mixin.py:109} INFO - [2021-11-24 13:35:06,562] {dag.py:2921} INFO - Setting next_dagrun for example_branch_dop_operator_v3 to 2021-11-24T12:34:00+00:00
[2021-11-24 13:35:06,569] {processor.py:171} INFO - Processing /home/dante/DWBI/Apache/py_env/lib/python3.8/site-packages/airflow/example_dags/example_branch_python_dop_operator_3.py took 0.080 seconds
[2021-11-24 13:35:43,324] {processor.py:163} INFO - Started process (PID=48935) to work on /home/dante/DWBI/Apache/py_env/lib/python3.8/site-packages/airflow/example_dags/example_branch_python_dop_operator_3.py
[2021-11-24 13:35:43,326] {processor.py:620} INFO - Processing file /home/dante/DWBI/Apache/py_env/lib/python3.8/site-packages/airflow/example_dags/example_branch_python_dop_operator_3.py for tasks to queue
[2021-11-24 13:35:43,327] {logging_mixin.py:109} INFO - [2021-11-24 13:35:43,326] {dagbag.py:500} INFO - Filling up the DagBag from /home/dante/DWBI/Apache/py_env/lib/python3.8/site-packages/airflow/example_dags/example_branch_python_dop_operator_3.py
[2021-11-24 13:35:43,344] {processor.py:632} INFO - DAG(s) dict_keys(['example_branch_dop_operator_v3']) retrieved from /home/dante/DWBI/Apache/py_env/lib/python3.8/site-packages/airflow/example_dags/example_branch_python_dop_operator_3.py
[2021-11-24 13:35:43,351] {logging_mixin.py:109} INFO - [2021-11-24 13:35:43,351] {dag.py:2389} INFO - Sync 1 DAGs
[2021-11-24 13:35:43,363] {logging_mixin.py:109} INFO - [2021-11-24 13:35:43,363] {dag.py:2921} INFO - Setting next_dagrun for example_branch_dop_operator_v3 to 2021-11-24T12:34:00+00:00
[2021-11-24 13:35:43,371] {processor.py:171} INFO - Processing /home/dante/DWBI/Apache/py_env/lib/python3.8/site-packages/airflow/example_dags/example_branch_python_dop_operator_3.py took 0.049 seconds
[2021-11-24 13:36:23,254] {processor.py:163} INFO - Started process (PID=49034) to work on /home/dante/DWBI/Apache/py_env/lib/python3.8/site-packages/airflow/example_dags/example_branch_python_dop_operator_3.py
[2021-11-24 13:36:23,264] {processor.py:620} INFO - Processing file /home/dante/DWBI/Apache/py_env/lib/python3.8/site-packages/airflow/example_dags/example_branch_python_dop_operator_3.py for tasks to queue
[2021-11-24 13:36:23,265] {logging_mixin.py:109} INFO - [2021-11-24 13:36:23,265] {dagbag.py:500} INFO - Filling up the DagBag from /home/dante/DWBI/Apache/py_env/lib/python3.8/site-packages/airflow/example_dags/example_branch_python_dop_operator_3.py
[2021-11-24 13:36:23,296] {processor.py:632} INFO - DAG(s) dict_keys(['example_branch_dop_operator_v3']) retrieved from /home/dante/DWBI/Apache/py_env/lib/python3.8/site-packages/airflow/example_dags/example_branch_python_dop_operator_3.py
[2021-11-24 13:36:23,303] {logging_mixin.py:109} INFO - [2021-11-24 13:36:23,303] {dag.py:2389} INFO - Sync 1 DAGs
[2021-11-24 13:36:23,316] {logging_mixin.py:109} INFO - [2021-11-24 13:36:23,316] {dag.py:2921} INFO - Setting next_dagrun for example_branch_dop_operator_v3 to 2021-11-24T12:35:00+00:00
[2021-11-24 13:36:23,338] {processor.py:171} INFO - Processing /home/dante/DWBI/Apache/py_env/lib/python3.8/site-packages/airflow/example_dags/example_branch_python_dop_operator_3.py took 0.089 seconds
[2021-11-24 13:37:05,291] {processor.py:163} INFO - Started process (PID=49160) to work on /home/dante/DWBI/Apache/py_env/lib/python3.8/site-packages/airflow/example_dags/example_branch_python_dop_operator_3.py
[2021-11-24 13:37:05,302] {processor.py:620} INFO - Processing file /home/dante/DWBI/Apache/py_env/lib/python3.8/site-packages/airflow/example_dags/example_branch_python_dop_operator_3.py for tasks to queue
[2021-11-24 13:37:05,304] {logging_mixin.py:109} INFO - [2021-11-24 13:37:05,304] {dagbag.py:500} INFO - Filling up the DagBag from /home/dante/DWBI/Apache/py_env/lib/python3.8/site-packages/airflow/example_dags/example_branch_python_dop_operator_3.py
[2021-11-24 13:37:05,338] {processor.py:632} INFO - DAG(s) dict_keys(['example_branch_dop_operator_v3']) retrieved from /home/dante/DWBI/Apache/py_env/lib/python3.8/site-packages/airflow/example_dags/example_branch_python_dop_operator_3.py
[2021-11-24 13:37:05,345] {logging_mixin.py:109} INFO - [2021-11-24 13:37:05,345] {dag.py:2389} INFO - Sync 1 DAGs
[2021-11-24 13:37:05,357] {logging_mixin.py:109} INFO - [2021-11-24 13:37:05,357] {dag.py:2921} INFO - Setting next_dagrun for example_branch_dop_operator_v3 to 2021-11-24T12:36:00+00:00
[2021-11-24 13:37:05,367] {processor.py:171} INFO - Processing /home/dante/DWBI/Apache/py_env/lib/python3.8/site-packages/airflow/example_dags/example_branch_python_dop_operator_3.py took 0.083 seconds
[2021-11-24 13:37:42,300] {processor.py:163} INFO - Started process (PID=49299) to work on /home/dante/DWBI/Apache/py_env/lib/python3.8/site-packages/airflow/example_dags/example_branch_python_dop_operator_3.py
[2021-11-24 13:37:42,309] {processor.py:620} INFO - Processing file /home/dante/DWBI/Apache/py_env/lib/python3.8/site-packages/airflow/example_dags/example_branch_python_dop_operator_3.py for tasks to queue
[2021-11-24 13:37:42,310] {logging_mixin.py:109} INFO - [2021-11-24 13:37:42,310] {dagbag.py:500} INFO - Filling up the DagBag from /home/dante/DWBI/Apache/py_env/lib/python3.8/site-packages/airflow/example_dags/example_branch_python_dop_operator_3.py
[2021-11-24 13:37:42,328] {processor.py:632} INFO - DAG(s) dict_keys(['example_branch_dop_operator_v3']) retrieved from /home/dante/DWBI/Apache/py_env/lib/python3.8/site-packages/airflow/example_dags/example_branch_python_dop_operator_3.py
[2021-11-24 13:37:42,335] {logging_mixin.py:109} INFO - [2021-11-24 13:37:42,335] {dag.py:2389} INFO - Sync 1 DAGs
[2021-11-24 13:37:42,347] {logging_mixin.py:109} INFO - [2021-11-24 13:37:42,347] {dag.py:2921} INFO - Setting next_dagrun for example_branch_dop_operator_v3 to 2021-11-24T12:36:00+00:00
[2021-11-24 13:37:42,355] {processor.py:171} INFO - Processing /home/dante/DWBI/Apache/py_env/lib/python3.8/site-packages/airflow/example_dags/example_branch_python_dop_operator_3.py took 0.057 seconds
[2021-11-24 13:38:23,943] {processor.py:163} INFO - Started process (PID=49401) to work on /home/dante/DWBI/Apache/py_env/lib/python3.8/site-packages/airflow/example_dags/example_branch_python_dop_operator_3.py
[2021-11-24 13:38:23,953] {processor.py:620} INFO - Processing file /home/dante/DWBI/Apache/py_env/lib/python3.8/site-packages/airflow/example_dags/example_branch_python_dop_operator_3.py for tasks to queue
[2021-11-24 13:38:23,954] {logging_mixin.py:109} INFO - [2021-11-24 13:38:23,954] {dagbag.py:500} INFO - Filling up the DagBag from /home/dante/DWBI/Apache/py_env/lib/python3.8/site-packages/airflow/example_dags/example_branch_python_dop_operator_3.py
[2021-11-24 13:38:23,977] {processor.py:632} INFO - DAG(s) dict_keys(['example_branch_dop_operator_v3']) retrieved from /home/dante/DWBI/Apache/py_env/lib/python3.8/site-packages/airflow/example_dags/example_branch_python_dop_operator_3.py
[2021-11-24 13:38:23,986] {logging_mixin.py:109} INFO - [2021-11-24 13:38:23,986] {dag.py:2389} INFO - Sync 1 DAGs
[2021-11-24 13:38:23,998] {logging_mixin.py:109} INFO - [2021-11-24 13:38:23,998] {dag.py:2921} INFO - Setting next_dagrun for example_branch_dop_operator_v3 to 2021-11-24T12:37:00+00:00
[2021-11-24 13:38:24,011] {processor.py:171} INFO - Processing /home/dante/DWBI/Apache/py_env/lib/python3.8/site-packages/airflow/example_dags/example_branch_python_dop_operator_3.py took 0.070 seconds
[2021-11-24 13:39:01,761] {processor.py:163} INFO - Started process (PID=49459) to work on /home/dante/DWBI/Apache/py_env/lib/python3.8/site-packages/airflow/example_dags/example_branch_python_dop_operator_3.py
[2021-11-24 13:39:01,764] {processor.py:620} INFO - Processing file /home/dante/DWBI/Apache/py_env/lib/python3.8/site-packages/airflow/example_dags/example_branch_python_dop_operator_3.py for tasks to queue
[2021-11-24 13:39:01,766] {logging_mixin.py:109} INFO - [2021-11-24 13:39:01,766] {dagbag.py:500} INFO - Filling up the DagBag from /home/dante/DWBI/Apache/py_env/lib/python3.8/site-packages/airflow/example_dags/example_branch_python_dop_operator_3.py
[2021-11-24 13:39:01,794] {processor.py:632} INFO - DAG(s) dict_keys(['example_branch_dop_operator_v3']) retrieved from /home/dante/DWBI/Apache/py_env/lib/python3.8/site-packages/airflow/example_dags/example_branch_python_dop_operator_3.py
[2021-11-24 13:39:01,808] {logging_mixin.py:109} INFO - [2021-11-24 13:39:01,808] {dag.py:2389} INFO - Sync 1 DAGs
[2021-11-24 13:39:01,834] {logging_mixin.py:109} INFO - [2021-11-24 13:39:01,834] {dag.py:2921} INFO - Setting next_dagrun for example_branch_dop_operator_v3 to 2021-11-24T12:38:00+00:00
[2021-11-24 13:39:01,845] {processor.py:171} INFO - Processing /home/dante/DWBI/Apache/py_env/lib/python3.8/site-packages/airflow/example_dags/example_branch_python_dop_operator_3.py took 0.091 seconds
[2021-11-24 13:39:40,348] {processor.py:163} INFO - Started process (PID=49607) to work on /home/dante/DWBI/Apache/py_env/lib/python3.8/site-packages/airflow/example_dags/example_branch_python_dop_operator_3.py
[2021-11-24 13:39:40,357] {processor.py:620} INFO - Processing file /home/dante/DWBI/Apache/py_env/lib/python3.8/site-packages/airflow/example_dags/example_branch_python_dop_operator_3.py for tasks to queue
[2021-11-24 13:39:40,357] {logging_mixin.py:109} INFO - [2021-11-24 13:39:40,357] {dagbag.py:500} INFO - Filling up the DagBag from /home/dante/DWBI/Apache/py_env/lib/python3.8/site-packages/airflow/example_dags/example_branch_python_dop_operator_3.py
[2021-11-24 13:39:40,378] {processor.py:632} INFO - DAG(s) dict_keys(['example_branch_dop_operator_v3']) retrieved from /home/dante/DWBI/Apache/py_env/lib/python3.8/site-packages/airflow/example_dags/example_branch_python_dop_operator_3.py
[2021-11-24 13:39:40,387] {logging_mixin.py:109} INFO - [2021-11-24 13:39:40,387] {dag.py:2389} INFO - Sync 1 DAGs
[2021-11-24 13:39:40,399] {logging_mixin.py:109} INFO - [2021-11-24 13:39:40,399] {dag.py:2921} INFO - Setting next_dagrun for example_branch_dop_operator_v3 to 2021-11-24T12:38:00+00:00
[2021-11-24 13:39:40,416] {processor.py:171} INFO - Processing /home/dante/DWBI/Apache/py_env/lib/python3.8/site-packages/airflow/example_dags/example_branch_python_dop_operator_3.py took 0.070 seconds
[2021-11-24 13:40:20,018] {processor.py:163} INFO - Started process (PID=49697) to work on /home/dante/DWBI/Apache/py_env/lib/python3.8/site-packages/airflow/example_dags/example_branch_python_dop_operator_3.py
[2021-11-24 13:40:20,020] {processor.py:620} INFO - Processing file /home/dante/DWBI/Apache/py_env/lib/python3.8/site-packages/airflow/example_dags/example_branch_python_dop_operator_3.py for tasks to queue
[2021-11-24 13:40:20,021] {logging_mixin.py:109} INFO - [2021-11-24 13:40:20,021] {dagbag.py:500} INFO - Filling up the DagBag from /home/dante/DWBI/Apache/py_env/lib/python3.8/site-packages/airflow/example_dags/example_branch_python_dop_operator_3.py
[2021-11-24 13:40:20,035] {processor.py:632} INFO - DAG(s) dict_keys(['example_branch_dop_operator_v3']) retrieved from /home/dante/DWBI/Apache/py_env/lib/python3.8/site-packages/airflow/example_dags/example_branch_python_dop_operator_3.py
[2021-11-24 13:40:20,042] {logging_mixin.py:109} INFO - [2021-11-24 13:40:20,042] {dag.py:2389} INFO - Sync 1 DAGs
[2021-11-24 13:40:20,057] {logging_mixin.py:109} INFO - [2021-11-24 13:40:20,057] {dag.py:2921} INFO - Setting next_dagrun for example_branch_dop_operator_v3 to 2021-11-24T12:39:00+00:00
[2021-11-24 13:40:20,066] {processor.py:171} INFO - Processing /home/dante/DWBI/Apache/py_env/lib/python3.8/site-packages/airflow/example_dags/example_branch_python_dop_operator_3.py took 0.049 seconds
[2021-11-24 13:40:59,680] {processor.py:163} INFO - Started process (PID=49773) to work on /home/dante/DWBI/Apache/py_env/lib/python3.8/site-packages/airflow/example_dags/example_branch_python_dop_operator_3.py
[2021-11-24 13:40:59,689] {processor.py:620} INFO - Processing file /home/dante/DWBI/Apache/py_env/lib/python3.8/site-packages/airflow/example_dags/example_branch_python_dop_operator_3.py for tasks to queue
[2021-11-24 13:40:59,690] {logging_mixin.py:109} INFO - [2021-11-24 13:40:59,690] {dagbag.py:500} INFO - Filling up the DagBag from /home/dante/DWBI/Apache/py_env/lib/python3.8/site-packages/airflow/example_dags/example_branch_python_dop_operator_3.py
[2021-11-24 13:40:59,713] {processor.py:632} INFO - DAG(s) dict_keys(['example_branch_dop_operator_v3']) retrieved from /home/dante/DWBI/Apache/py_env/lib/python3.8/site-packages/airflow/example_dags/example_branch_python_dop_operator_3.py
[2021-11-24 13:40:59,722] {logging_mixin.py:109} INFO - [2021-11-24 13:40:59,721] {dag.py:2389} INFO - Sync 1 DAGs
[2021-11-24 13:40:59,734] {logging_mixin.py:109} INFO - [2021-11-24 13:40:59,734] {dag.py:2921} INFO - Setting next_dagrun for example_branch_dop_operator_v3 to 2021-11-24T12:39:00+00:00
[2021-11-24 13:40:59,752] {processor.py:171} INFO - Processing /home/dante/DWBI/Apache/py_env/lib/python3.8/site-packages/airflow/example_dags/example_branch_python_dop_operator_3.py took 0.075 seconds
[2021-11-24 13:41:35,431] {processor.py:163} INFO - Started process (PID=49841) to work on /home/dante/DWBI/Apache/py_env/lib/python3.8/site-packages/airflow/example_dags/example_branch_python_dop_operator_3.py
[2021-11-24 13:41:35,435] {processor.py:620} INFO - Processing file /home/dante/DWBI/Apache/py_env/lib/python3.8/site-packages/airflow/example_dags/example_branch_python_dop_operator_3.py for tasks to queue
[2021-11-24 13:41:35,436] {logging_mixin.py:109} INFO - [2021-11-24 13:41:35,436] {dagbag.py:500} INFO - Filling up the DagBag from /home/dante/DWBI/Apache/py_env/lib/python3.8/site-packages/airflow/example_dags/example_branch_python_dop_operator_3.py
[2021-11-24 13:41:35,465] {processor.py:632} INFO - DAG(s) dict_keys(['example_branch_dop_operator_v3']) retrieved from /home/dante/DWBI/Apache/py_env/lib/python3.8/site-packages/airflow/example_dags/example_branch_python_dop_operator_3.py
[2021-11-24 13:41:35,471] {logging_mixin.py:109} INFO - [2021-11-24 13:41:35,471] {dag.py:2389} INFO - Sync 1 DAGs
[2021-11-24 13:41:35,484] {logging_mixin.py:109} INFO - [2021-11-24 13:41:35,483] {dag.py:2921} INFO - Setting next_dagrun for example_branch_dop_operator_v3 to 2021-11-24T12:40:00+00:00
[2021-11-24 13:41:35,491] {processor.py:171} INFO - Processing /home/dante/DWBI/Apache/py_env/lib/python3.8/site-packages/airflow/example_dags/example_branch_python_dop_operator_3.py took 0.067 seconds
[2021-11-24 13:42:11,381] {processor.py:163} INFO - Started process (PID=49976) to work on /home/dante/DWBI/Apache/py_env/lib/python3.8/site-packages/airflow/example_dags/example_branch_python_dop_operator_3.py
[2021-11-24 13:42:11,392] {processor.py:620} INFO - Processing file /home/dante/DWBI/Apache/py_env/lib/python3.8/site-packages/airflow/example_dags/example_branch_python_dop_operator_3.py for tasks to queue
[2021-11-24 13:42:11,393] {logging_mixin.py:109} INFO - [2021-11-24 13:42:11,393] {dagbag.py:500} INFO - Filling up the DagBag from /home/dante/DWBI/Apache/py_env/lib/python3.8/site-packages/airflow/example_dags/example_branch_python_dop_operator_3.py
[2021-11-24 13:42:11,427] {processor.py:632} INFO - DAG(s) dict_keys(['example_branch_dop_operator_v3']) retrieved from /home/dante/DWBI/Apache/py_env/lib/python3.8/site-packages/airflow/example_dags/example_branch_python_dop_operator_3.py
[2021-11-24 13:42:11,434] {logging_mixin.py:109} INFO - [2021-11-24 13:42:11,434] {dag.py:2389} INFO - Sync 1 DAGs
[2021-11-24 13:42:11,446] {logging_mixin.py:109} INFO - [2021-11-24 13:42:11,446] {dag.py:2921} INFO - Setting next_dagrun for example_branch_dop_operator_v3 to 2021-11-24T12:41:00+00:00
[2021-11-24 13:42:11,471] {processor.py:171} INFO - Processing /home/dante/DWBI/Apache/py_env/lib/python3.8/site-packages/airflow/example_dags/example_branch_python_dop_operator_3.py took 0.097 seconds
