[2021-11-24 13:02:07,624] {processor.py:163} INFO - Started process (PID=42710) to work on /home/dante/DWBI/Apache/py_env/lib/python3.8/site-packages/airflow/example_dags/example_trigger_controller_dag.py
[2021-11-24 13:02:07,625] {processor.py:620} INFO - Processing file /home/dante/DWBI/Apache/py_env/lib/python3.8/site-packages/airflow/example_dags/example_trigger_controller_dag.py for tasks to queue
[2021-11-24 13:02:07,625] {logging_mixin.py:109} INFO - [2021-11-24 13:02:07,625] {dagbag.py:500} INFO - Filling up the DagBag from /home/dante/DWBI/Apache/py_env/lib/python3.8/site-packages/airflow/example_dags/example_trigger_controller_dag.py
[2021-11-24 13:02:07,645] {processor.py:632} INFO - DAG(s) dict_keys(['example_trigger_controller_dag']) retrieved from /home/dante/DWBI/Apache/py_env/lib/python3.8/site-packages/airflow/example_dags/example_trigger_controller_dag.py
[2021-11-24 13:02:07,652] {logging_mixin.py:109} INFO - [2021-11-24 13:02:07,652] {dag.py:2389} INFO - Sync 1 DAGs
[2021-11-24 13:02:07,662] {logging_mixin.py:109} INFO - [2021-11-24 13:02:07,662] {dag.py:2921} INFO - Setting next_dagrun for example_trigger_controller_dag to 2021-01-01T00:00:00+00:00
[2021-11-24 13:02:07,669] {processor.py:171} INFO - Processing /home/dante/DWBI/Apache/py_env/lib/python3.8/site-packages/airflow/example_dags/example_trigger_controller_dag.py took 0.047 seconds
[2021-11-24 13:02:46,737] {processor.py:163} INFO - Started process (PID=42768) to work on /home/dante/DWBI/Apache/py_env/lib/python3.8/site-packages/airflow/example_dags/example_trigger_controller_dag.py
[2021-11-24 13:02:46,740] {processor.py:620} INFO - Processing file /home/dante/DWBI/Apache/py_env/lib/python3.8/site-packages/airflow/example_dags/example_trigger_controller_dag.py for tasks to queue
[2021-11-24 13:02:46,740] {logging_mixin.py:109} INFO - [2021-11-24 13:02:46,740] {dagbag.py:500} INFO - Filling up the DagBag from /home/dante/DWBI/Apache/py_env/lib/python3.8/site-packages/airflow/example_dags/example_trigger_controller_dag.py
[2021-11-24 13:02:46,755] {processor.py:632} INFO - DAG(s) dict_keys(['example_trigger_controller_dag']) retrieved from /home/dante/DWBI/Apache/py_env/lib/python3.8/site-packages/airflow/example_dags/example_trigger_controller_dag.py
[2021-11-24 13:02:46,762] {logging_mixin.py:109} INFO - [2021-11-24 13:02:46,762] {dag.py:2389} INFO - Sync 1 DAGs
[2021-11-24 13:02:46,773] {logging_mixin.py:109} INFO - [2021-11-24 13:02:46,773] {dag.py:2921} INFO - Setting next_dagrun for example_trigger_controller_dag to 2021-01-01T00:00:00+00:00
[2021-11-24 13:02:46,781] {processor.py:171} INFO - Processing /home/dante/DWBI/Apache/py_env/lib/python3.8/site-packages/airflow/example_dags/example_trigger_controller_dag.py took 0.046 seconds
[2021-11-24 13:03:25,922] {processor.py:163} INFO - Started process (PID=42888) to work on /home/dante/DWBI/Apache/py_env/lib/python3.8/site-packages/airflow/example_dags/example_trigger_controller_dag.py
[2021-11-24 13:03:25,931] {processor.py:620} INFO - Processing file /home/dante/DWBI/Apache/py_env/lib/python3.8/site-packages/airflow/example_dags/example_trigger_controller_dag.py for tasks to queue
[2021-11-24 13:03:25,931] {logging_mixin.py:109} INFO - [2021-11-24 13:03:25,931] {dagbag.py:500} INFO - Filling up the DagBag from /home/dante/DWBI/Apache/py_env/lib/python3.8/site-packages/airflow/example_dags/example_trigger_controller_dag.py
[2021-11-24 13:03:25,943] {processor.py:632} INFO - DAG(s) dict_keys(['example_trigger_controller_dag']) retrieved from /home/dante/DWBI/Apache/py_env/lib/python3.8/site-packages/airflow/example_dags/example_trigger_controller_dag.py
[2021-11-24 13:03:25,949] {logging_mixin.py:109} INFO - [2021-11-24 13:03:25,949] {dag.py:2389} INFO - Sync 1 DAGs
[2021-11-24 13:03:25,959] {logging_mixin.py:109} INFO - [2021-11-24 13:03:25,959] {dag.py:2921} INFO - Setting next_dagrun for example_trigger_controller_dag to 2021-01-01T00:00:00+00:00
[2021-11-24 13:03:25,967] {processor.py:171} INFO - Processing /home/dante/DWBI/Apache/py_env/lib/python3.8/site-packages/airflow/example_dags/example_trigger_controller_dag.py took 0.047 seconds
[2021-11-24 13:04:04,089] {processor.py:163} INFO - Started process (PID=42948) to work on /home/dante/DWBI/Apache/py_env/lib/python3.8/site-packages/airflow/example_dags/example_trigger_controller_dag.py
[2021-11-24 13:04:04,091] {processor.py:620} INFO - Processing file /home/dante/DWBI/Apache/py_env/lib/python3.8/site-packages/airflow/example_dags/example_trigger_controller_dag.py for tasks to queue
[2021-11-24 13:04:04,092] {logging_mixin.py:109} INFO - [2021-11-24 13:04:04,092] {dagbag.py:500} INFO - Filling up the DagBag from /home/dante/DWBI/Apache/py_env/lib/python3.8/site-packages/airflow/example_dags/example_trigger_controller_dag.py
[2021-11-24 13:04:04,104] {processor.py:632} INFO - DAG(s) dict_keys(['example_trigger_controller_dag']) retrieved from /home/dante/DWBI/Apache/py_env/lib/python3.8/site-packages/airflow/example_dags/example_trigger_controller_dag.py
[2021-11-24 13:04:04,111] {logging_mixin.py:109} INFO - [2021-11-24 13:04:04,111] {dag.py:2389} INFO - Sync 1 DAGs
[2021-11-24 13:04:04,121] {logging_mixin.py:109} INFO - [2021-11-24 13:04:04,121] {dag.py:2921} INFO - Setting next_dagrun for example_trigger_controller_dag to 2021-01-01T00:00:00+00:00
[2021-11-24 13:04:04,131] {processor.py:171} INFO - Processing /home/dante/DWBI/Apache/py_env/lib/python3.8/site-packages/airflow/example_dags/example_trigger_controller_dag.py took 0.044 seconds
[2021-11-24 13:04:51,751] {processor.py:163} INFO - Started process (PID=43152) to work on /home/dante/DWBI/Apache/py_env/lib/python3.8/site-packages/airflow/example_dags/example_trigger_controller_dag.py
[2021-11-24 13:04:51,760] {processor.py:620} INFO - Processing file /home/dante/DWBI/Apache/py_env/lib/python3.8/site-packages/airflow/example_dags/example_trigger_controller_dag.py for tasks to queue
[2021-11-24 13:04:51,761] {logging_mixin.py:109} INFO - [2021-11-24 13:04:51,761] {dagbag.py:500} INFO - Filling up the DagBag from /home/dante/DWBI/Apache/py_env/lib/python3.8/site-packages/airflow/example_dags/example_trigger_controller_dag.py
[2021-11-24 13:04:51,776] {processor.py:632} INFO - DAG(s) dict_keys(['example_trigger_controller_dag']) retrieved from /home/dante/DWBI/Apache/py_env/lib/python3.8/site-packages/airflow/example_dags/example_trigger_controller_dag.py
[2021-11-24 13:04:51,783] {logging_mixin.py:109} INFO - [2021-11-24 13:04:51,783] {dag.py:2389} INFO - Sync 1 DAGs
[2021-11-24 13:04:51,793] {logging_mixin.py:109} INFO - [2021-11-24 13:04:51,793] {dag.py:2921} INFO - Setting next_dagrun for example_trigger_controller_dag to 2021-01-01T00:00:00+00:00
[2021-11-24 13:04:51,801] {processor.py:171} INFO - Processing /home/dante/DWBI/Apache/py_env/lib/python3.8/site-packages/airflow/example_dags/example_trigger_controller_dag.py took 0.052 seconds
[2021-11-24 13:05:30,406] {processor.py:163} INFO - Started process (PID=43235) to work on /home/dante/DWBI/Apache/py_env/lib/python3.8/site-packages/airflow/example_dags/example_trigger_controller_dag.py
[2021-11-24 13:05:30,419] {processor.py:620} INFO - Processing file /home/dante/DWBI/Apache/py_env/lib/python3.8/site-packages/airflow/example_dags/example_trigger_controller_dag.py for tasks to queue
[2021-11-24 13:05:30,420] {logging_mixin.py:109} INFO - [2021-11-24 13:05:30,420] {dagbag.py:500} INFO - Filling up the DagBag from /home/dante/DWBI/Apache/py_env/lib/python3.8/site-packages/airflow/example_dags/example_trigger_controller_dag.py
[2021-11-24 13:05:30,451] {processor.py:632} INFO - DAG(s) dict_keys(['example_trigger_controller_dag']) retrieved from /home/dante/DWBI/Apache/py_env/lib/python3.8/site-packages/airflow/example_dags/example_trigger_controller_dag.py
[2021-11-24 13:05:30,458] {logging_mixin.py:109} INFO - [2021-11-24 13:05:30,458] {dag.py:2389} INFO - Sync 1 DAGs
[2021-11-24 13:05:30,467] {logging_mixin.py:109} INFO - [2021-11-24 13:05:30,467] {dag.py:2921} INFO - Setting next_dagrun for example_trigger_controller_dag to 2021-01-01T00:00:00+00:00
[2021-11-24 13:05:30,477] {processor.py:171} INFO - Processing /home/dante/DWBI/Apache/py_env/lib/python3.8/site-packages/airflow/example_dags/example_trigger_controller_dag.py took 0.077 seconds
[2021-11-24 13:06:11,891] {processor.py:163} INFO - Started process (PID=43300) to work on /home/dante/DWBI/Apache/py_env/lib/python3.8/site-packages/airflow/example_dags/example_trigger_controller_dag.py
[2021-11-24 13:06:11,903] {processor.py:620} INFO - Processing file /home/dante/DWBI/Apache/py_env/lib/python3.8/site-packages/airflow/example_dags/example_trigger_controller_dag.py for tasks to queue
[2021-11-24 13:06:11,905] {logging_mixin.py:109} INFO - [2021-11-24 13:06:11,904] {dagbag.py:500} INFO - Filling up the DagBag from /home/dante/DWBI/Apache/py_env/lib/python3.8/site-packages/airflow/example_dags/example_trigger_controller_dag.py
[2021-11-24 13:06:11,933] {processor.py:632} INFO - DAG(s) dict_keys(['example_trigger_controller_dag']) retrieved from /home/dante/DWBI/Apache/py_env/lib/python3.8/site-packages/airflow/example_dags/example_trigger_controller_dag.py
[2021-11-24 13:06:11,941] {logging_mixin.py:109} INFO - [2021-11-24 13:06:11,941] {dag.py:2389} INFO - Sync 1 DAGs
[2021-11-24 13:06:11,950] {logging_mixin.py:109} INFO - [2021-11-24 13:06:11,950] {dag.py:2921} INFO - Setting next_dagrun for example_trigger_controller_dag to 2021-01-01T00:00:00+00:00
[2021-11-24 13:06:11,975] {processor.py:171} INFO - Processing /home/dante/DWBI/Apache/py_env/lib/python3.8/site-packages/airflow/example_dags/example_trigger_controller_dag.py took 0.091 seconds
[2021-11-24 13:06:53,024] {processor.py:163} INFO - Started process (PID=43384) to work on /home/dante/DWBI/Apache/py_env/lib/python3.8/site-packages/airflow/example_dags/example_trigger_controller_dag.py
[2021-11-24 13:06:53,025] {processor.py:620} INFO - Processing file /home/dante/DWBI/Apache/py_env/lib/python3.8/site-packages/airflow/example_dags/example_trigger_controller_dag.py for tasks to queue
[2021-11-24 13:06:53,025] {logging_mixin.py:109} INFO - [2021-11-24 13:06:53,025] {dagbag.py:500} INFO - Filling up the DagBag from /home/dante/DWBI/Apache/py_env/lib/python3.8/site-packages/airflow/example_dags/example_trigger_controller_dag.py
[2021-11-24 13:06:53,042] {processor.py:632} INFO - DAG(s) dict_keys(['example_trigger_controller_dag']) retrieved from /home/dante/DWBI/Apache/py_env/lib/python3.8/site-packages/airflow/example_dags/example_trigger_controller_dag.py
[2021-11-24 13:06:53,051] {logging_mixin.py:109} INFO - [2021-11-24 13:06:53,051] {dag.py:2389} INFO - Sync 1 DAGs
[2021-11-24 13:06:53,061] {logging_mixin.py:109} INFO - [2021-11-24 13:06:53,061] {dag.py:2921} INFO - Setting next_dagrun for example_trigger_controller_dag to 2021-01-01T00:00:00+00:00
[2021-11-24 13:06:53,069] {processor.py:171} INFO - Processing /home/dante/DWBI/Apache/py_env/lib/python3.8/site-packages/airflow/example_dags/example_trigger_controller_dag.py took 0.048 seconds
[2021-11-24 13:07:29,733] {processor.py:163} INFO - Started process (PID=43432) to work on /home/dante/DWBI/Apache/py_env/lib/python3.8/site-packages/airflow/example_dags/example_trigger_controller_dag.py
[2021-11-24 13:07:29,742] {processor.py:620} INFO - Processing file /home/dante/DWBI/Apache/py_env/lib/python3.8/site-packages/airflow/example_dags/example_trigger_controller_dag.py for tasks to queue
[2021-11-24 13:07:29,742] {logging_mixin.py:109} INFO - [2021-11-24 13:07:29,742] {dagbag.py:500} INFO - Filling up the DagBag from /home/dante/DWBI/Apache/py_env/lib/python3.8/site-packages/airflow/example_dags/example_trigger_controller_dag.py
[2021-11-24 13:07:29,754] {processor.py:632} INFO - DAG(s) dict_keys(['example_trigger_controller_dag']) retrieved from /home/dante/DWBI/Apache/py_env/lib/python3.8/site-packages/airflow/example_dags/example_trigger_controller_dag.py
[2021-11-24 13:07:29,761] {logging_mixin.py:109} INFO - [2021-11-24 13:07:29,761] {dag.py:2389} INFO - Sync 1 DAGs
[2021-11-24 13:07:29,770] {logging_mixin.py:109} INFO - [2021-11-24 13:07:29,770] {dag.py:2921} INFO - Setting next_dagrun for example_trigger_controller_dag to 2021-01-01T00:00:00+00:00
[2021-11-24 13:07:29,777] {processor.py:171} INFO - Processing /home/dante/DWBI/Apache/py_env/lib/python3.8/site-packages/airflow/example_dags/example_trigger_controller_dag.py took 0.045 seconds
[2021-11-24 13:08:09,615] {processor.py:163} INFO - Started process (PID=43499) to work on /home/dante/DWBI/Apache/py_env/lib/python3.8/site-packages/airflow/example_dags/example_trigger_controller_dag.py
[2021-11-24 13:08:09,625] {processor.py:620} INFO - Processing file /home/dante/DWBI/Apache/py_env/lib/python3.8/site-packages/airflow/example_dags/example_trigger_controller_dag.py for tasks to queue
[2021-11-24 13:08:09,626] {logging_mixin.py:109} INFO - [2021-11-24 13:08:09,625] {dagbag.py:500} INFO - Filling up the DagBag from /home/dante/DWBI/Apache/py_env/lib/python3.8/site-packages/airflow/example_dags/example_trigger_controller_dag.py
[2021-11-24 13:08:09,645] {processor.py:632} INFO - DAG(s) dict_keys(['example_trigger_controller_dag']) retrieved from /home/dante/DWBI/Apache/py_env/lib/python3.8/site-packages/airflow/example_dags/example_trigger_controller_dag.py
[2021-11-24 13:08:09,654] {logging_mixin.py:109} INFO - [2021-11-24 13:08:09,654] {dag.py:2389} INFO - Sync 1 DAGs
[2021-11-24 13:08:09,663] {logging_mixin.py:109} INFO - [2021-11-24 13:08:09,663] {dag.py:2921} INFO - Setting next_dagrun for example_trigger_controller_dag to 2021-01-01T00:00:00+00:00
[2021-11-24 13:08:09,673] {processor.py:171} INFO - Processing /home/dante/DWBI/Apache/py_env/lib/python3.8/site-packages/airflow/example_dags/example_trigger_controller_dag.py took 0.060 seconds
[2021-11-24 13:08:50,518] {processor.py:163} INFO - Started process (PID=43577) to work on /home/dante/DWBI/Apache/py_env/lib/python3.8/site-packages/airflow/example_dags/example_trigger_controller_dag.py
[2021-11-24 13:08:50,528] {processor.py:620} INFO - Processing file /home/dante/DWBI/Apache/py_env/lib/python3.8/site-packages/airflow/example_dags/example_trigger_controller_dag.py for tasks to queue
[2021-11-24 13:08:50,528] {logging_mixin.py:109} INFO - [2021-11-24 13:08:50,528] {dagbag.py:500} INFO - Filling up the DagBag from /home/dante/DWBI/Apache/py_env/lib/python3.8/site-packages/airflow/example_dags/example_trigger_controller_dag.py
[2021-11-24 13:08:50,542] {processor.py:632} INFO - DAG(s) dict_keys(['example_trigger_controller_dag']) retrieved from /home/dante/DWBI/Apache/py_env/lib/python3.8/site-packages/airflow/example_dags/example_trigger_controller_dag.py
[2021-11-24 13:08:50,549] {logging_mixin.py:109} INFO - [2021-11-24 13:08:50,549] {dag.py:2389} INFO - Sync 1 DAGs
[2021-11-24 13:08:50,557] {logging_mixin.py:109} INFO - [2021-11-24 13:08:50,557] {dag.py:2921} INFO - Setting next_dagrun for example_trigger_controller_dag to 2021-01-01T00:00:00+00:00
[2021-11-24 13:08:50,581] {processor.py:171} INFO - Processing /home/dante/DWBI/Apache/py_env/lib/python3.8/site-packages/airflow/example_dags/example_trigger_controller_dag.py took 0.064 seconds
[2021-11-24 13:09:30,816] {processor.py:163} INFO - Started process (PID=43673) to work on /home/dante/DWBI/Apache/py_env/lib/python3.8/site-packages/airflow/example_dags/example_trigger_controller_dag.py
[2021-11-24 13:09:30,827] {processor.py:620} INFO - Processing file /home/dante/DWBI/Apache/py_env/lib/python3.8/site-packages/airflow/example_dags/example_trigger_controller_dag.py for tasks to queue
[2021-11-24 13:09:30,828] {logging_mixin.py:109} INFO - [2021-11-24 13:09:30,828] {dagbag.py:500} INFO - Filling up the DagBag from /home/dante/DWBI/Apache/py_env/lib/python3.8/site-packages/airflow/example_dags/example_trigger_controller_dag.py
[2021-11-24 13:09:30,862] {processor.py:632} INFO - DAG(s) dict_keys(['example_trigger_controller_dag']) retrieved from /home/dante/DWBI/Apache/py_env/lib/python3.8/site-packages/airflow/example_dags/example_trigger_controller_dag.py
[2021-11-24 13:09:30,871] {logging_mixin.py:109} INFO - [2021-11-24 13:09:30,871] {dag.py:2389} INFO - Sync 1 DAGs
[2021-11-24 13:09:30,882] {logging_mixin.py:109} INFO - [2021-11-24 13:09:30,882] {dag.py:2921} INFO - Setting next_dagrun for example_trigger_controller_dag to 2021-01-01T00:00:00+00:00
[2021-11-24 13:09:30,907] {processor.py:171} INFO - Processing /home/dante/DWBI/Apache/py_env/lib/python3.8/site-packages/airflow/example_dags/example_trigger_controller_dag.py took 0.095 seconds
[2021-11-24 13:10:16,939] {processor.py:163} INFO - Started process (PID=43906) to work on /home/dante/DWBI/Apache/py_env/lib/python3.8/site-packages/airflow/example_dags/example_trigger_controller_dag.py
[2021-11-24 13:10:16,941] {processor.py:620} INFO - Processing file /home/dante/DWBI/Apache/py_env/lib/python3.8/site-packages/airflow/example_dags/example_trigger_controller_dag.py for tasks to queue
[2021-11-24 13:10:16,942] {logging_mixin.py:109} INFO - [2021-11-24 13:10:16,942] {dagbag.py:500} INFO - Filling up the DagBag from /home/dante/DWBI/Apache/py_env/lib/python3.8/site-packages/airflow/example_dags/example_trigger_controller_dag.py
[2021-11-24 13:10:16,961] {processor.py:632} INFO - DAG(s) dict_keys(['example_trigger_controller_dag']) retrieved from /home/dante/DWBI/Apache/py_env/lib/python3.8/site-packages/airflow/example_dags/example_trigger_controller_dag.py
[2021-11-24 13:10:16,970] {logging_mixin.py:109} INFO - [2021-11-24 13:10:16,969] {dag.py:2389} INFO - Sync 1 DAGs
[2021-11-24 13:10:16,979] {logging_mixin.py:109} INFO - [2021-11-24 13:10:16,979] {dag.py:2921} INFO - Setting next_dagrun for example_trigger_controller_dag to 2021-01-01T00:00:00+00:00
[2021-11-24 13:10:16,987] {processor.py:171} INFO - Processing /home/dante/DWBI/Apache/py_env/lib/python3.8/site-packages/airflow/example_dags/example_trigger_controller_dag.py took 0.051 seconds
[2021-11-24 13:10:56,747] {processor.py:163} INFO - Started process (PID=44113) to work on /home/dante/DWBI/Apache/py_env/lib/python3.8/site-packages/airflow/example_dags/example_trigger_controller_dag.py
[2021-11-24 13:10:56,759] {processor.py:620} INFO - Processing file /home/dante/DWBI/Apache/py_env/lib/python3.8/site-packages/airflow/example_dags/example_trigger_controller_dag.py for tasks to queue
[2021-11-24 13:10:56,760] {logging_mixin.py:109} INFO - [2021-11-24 13:10:56,760] {dagbag.py:500} INFO - Filling up the DagBag from /home/dante/DWBI/Apache/py_env/lib/python3.8/site-packages/airflow/example_dags/example_trigger_controller_dag.py
[2021-11-24 13:10:56,791] {processor.py:632} INFO - DAG(s) dict_keys(['example_trigger_controller_dag']) retrieved from /home/dante/DWBI/Apache/py_env/lib/python3.8/site-packages/airflow/example_dags/example_trigger_controller_dag.py
[2021-11-24 13:10:56,799] {logging_mixin.py:109} INFO - [2021-11-24 13:10:56,799] {dag.py:2389} INFO - Sync 1 DAGs
[2021-11-24 13:10:56,808] {logging_mixin.py:109} INFO - [2021-11-24 13:10:56,808] {dag.py:2921} INFO - Setting next_dagrun for example_trigger_controller_dag to 2021-01-01T00:00:00+00:00
[2021-11-24 13:10:56,816] {processor.py:171} INFO - Processing /home/dante/DWBI/Apache/py_env/lib/python3.8/site-packages/airflow/example_dags/example_trigger_controller_dag.py took 0.076 seconds
[2021-11-24 13:11:36,453] {processor.py:163} INFO - Started process (PID=44231) to work on /home/dante/DWBI/Apache/py_env/lib/python3.8/site-packages/airflow/example_dags/example_trigger_controller_dag.py
[2021-11-24 13:11:36,457] {processor.py:620} INFO - Processing file /home/dante/DWBI/Apache/py_env/lib/python3.8/site-packages/airflow/example_dags/example_trigger_controller_dag.py for tasks to queue
[2021-11-24 13:11:36,458] {logging_mixin.py:109} INFO - [2021-11-24 13:11:36,458] {dagbag.py:500} INFO - Filling up the DagBag from /home/dante/DWBI/Apache/py_env/lib/python3.8/site-packages/airflow/example_dags/example_trigger_controller_dag.py
[2021-11-24 13:11:36,487] {processor.py:632} INFO - DAG(s) dict_keys(['example_trigger_controller_dag']) retrieved from /home/dante/DWBI/Apache/py_env/lib/python3.8/site-packages/airflow/example_dags/example_trigger_controller_dag.py
[2021-11-24 13:11:36,495] {logging_mixin.py:109} INFO - [2021-11-24 13:11:36,495] {dag.py:2389} INFO - Sync 1 DAGs
[2021-11-24 13:11:36,506] {logging_mixin.py:109} INFO - [2021-11-24 13:11:36,505] {dag.py:2921} INFO - Setting next_dagrun for example_trigger_controller_dag to 2021-01-01T00:00:00+00:00
[2021-11-24 13:11:36,513] {processor.py:171} INFO - Processing /home/dante/DWBI/Apache/py_env/lib/python3.8/site-packages/airflow/example_dags/example_trigger_controller_dag.py took 0.067 seconds
[2021-11-24 13:12:15,483] {processor.py:163} INFO - Started process (PID=44301) to work on /home/dante/DWBI/Apache/py_env/lib/python3.8/site-packages/airflow/example_dags/example_trigger_controller_dag.py
[2021-11-24 13:12:15,485] {processor.py:620} INFO - Processing file /home/dante/DWBI/Apache/py_env/lib/python3.8/site-packages/airflow/example_dags/example_trigger_controller_dag.py for tasks to queue
[2021-11-24 13:12:15,485] {logging_mixin.py:109} INFO - [2021-11-24 13:12:15,485] {dagbag.py:500} INFO - Filling up the DagBag from /home/dante/DWBI/Apache/py_env/lib/python3.8/site-packages/airflow/example_dags/example_trigger_controller_dag.py
[2021-11-24 13:12:15,502] {processor.py:632} INFO - DAG(s) dict_keys(['example_trigger_controller_dag']) retrieved from /home/dante/DWBI/Apache/py_env/lib/python3.8/site-packages/airflow/example_dags/example_trigger_controller_dag.py
[2021-11-24 13:12:15,509] {logging_mixin.py:109} INFO - [2021-11-24 13:12:15,509] {dag.py:2389} INFO - Sync 1 DAGs
[2021-11-24 13:12:15,519] {logging_mixin.py:109} INFO - [2021-11-24 13:12:15,519] {dag.py:2921} INFO - Setting next_dagrun for example_trigger_controller_dag to 2021-01-01T00:00:00+00:00
[2021-11-24 13:12:15,527] {processor.py:171} INFO - Processing /home/dante/DWBI/Apache/py_env/lib/python3.8/site-packages/airflow/example_dags/example_trigger_controller_dag.py took 0.048 seconds
[2021-11-24 13:12:55,203] {processor.py:163} INFO - Started process (PID=44356) to work on /home/dante/DWBI/Apache/py_env/lib/python3.8/site-packages/airflow/example_dags/example_trigger_controller_dag.py
[2021-11-24 13:12:55,214] {processor.py:620} INFO - Processing file /home/dante/DWBI/Apache/py_env/lib/python3.8/site-packages/airflow/example_dags/example_trigger_controller_dag.py for tasks to queue
[2021-11-24 13:12:55,216] {logging_mixin.py:109} INFO - [2021-11-24 13:12:55,215] {dagbag.py:500} INFO - Filling up the DagBag from /home/dante/DWBI/Apache/py_env/lib/python3.8/site-packages/airflow/example_dags/example_trigger_controller_dag.py
[2021-11-24 13:12:55,239] {processor.py:632} INFO - DAG(s) dict_keys(['example_trigger_controller_dag']) retrieved from /home/dante/DWBI/Apache/py_env/lib/python3.8/site-packages/airflow/example_dags/example_trigger_controller_dag.py
[2021-11-24 13:12:55,246] {logging_mixin.py:109} INFO - [2021-11-24 13:12:55,246] {dag.py:2389} INFO - Sync 1 DAGs
[2021-11-24 13:12:55,256] {logging_mixin.py:109} INFO - [2021-11-24 13:12:55,256] {dag.py:2921} INFO - Setting next_dagrun for example_trigger_controller_dag to 2021-01-01T00:00:00+00:00
[2021-11-24 13:12:55,264] {processor.py:171} INFO - Processing /home/dante/DWBI/Apache/py_env/lib/python3.8/site-packages/airflow/example_dags/example_trigger_controller_dag.py took 0.068 seconds
[2021-11-24 13:13:34,912] {processor.py:163} INFO - Started process (PID=44513) to work on /home/dante/DWBI/Apache/py_env/lib/python3.8/site-packages/airflow/example_dags/example_trigger_controller_dag.py
[2021-11-24 13:13:34,914] {processor.py:620} INFO - Processing file /home/dante/DWBI/Apache/py_env/lib/python3.8/site-packages/airflow/example_dags/example_trigger_controller_dag.py for tasks to queue
[2021-11-24 13:13:34,915] {logging_mixin.py:109} INFO - [2021-11-24 13:13:34,915] {dagbag.py:500} INFO - Filling up the DagBag from /home/dante/DWBI/Apache/py_env/lib/python3.8/site-packages/airflow/example_dags/example_trigger_controller_dag.py
[2021-11-24 13:13:34,932] {processor.py:632} INFO - DAG(s) dict_keys(['example_trigger_controller_dag']) retrieved from /home/dante/DWBI/Apache/py_env/lib/python3.8/site-packages/airflow/example_dags/example_trigger_controller_dag.py
[2021-11-24 13:13:34,940] {logging_mixin.py:109} INFO - [2021-11-24 13:13:34,940] {dag.py:2389} INFO - Sync 1 DAGs
[2021-11-24 13:13:34,950] {logging_mixin.py:109} INFO - [2021-11-24 13:13:34,949] {dag.py:2921} INFO - Setting next_dagrun for example_trigger_controller_dag to 2021-01-01T00:00:00+00:00
[2021-11-24 13:13:34,957] {processor.py:171} INFO - Processing /home/dante/DWBI/Apache/py_env/lib/python3.8/site-packages/airflow/example_dags/example_trigger_controller_dag.py took 0.047 seconds
[2021-11-24 13:14:13,768] {processor.py:163} INFO - Started process (PID=44573) to work on /home/dante/DWBI/Apache/py_env/lib/python3.8/site-packages/airflow/example_dags/example_trigger_controller_dag.py
[2021-11-24 13:14:13,770] {processor.py:620} INFO - Processing file /home/dante/DWBI/Apache/py_env/lib/python3.8/site-packages/airflow/example_dags/example_trigger_controller_dag.py for tasks to queue
[2021-11-24 13:14:13,770] {logging_mixin.py:109} INFO - [2021-11-24 13:14:13,770] {dagbag.py:500} INFO - Filling up the DagBag from /home/dante/DWBI/Apache/py_env/lib/python3.8/site-packages/airflow/example_dags/example_trigger_controller_dag.py
[2021-11-24 13:14:13,785] {processor.py:632} INFO - DAG(s) dict_keys(['example_trigger_controller_dag']) retrieved from /home/dante/DWBI/Apache/py_env/lib/python3.8/site-packages/airflow/example_dags/example_trigger_controller_dag.py
[2021-11-24 13:14:13,792] {logging_mixin.py:109} INFO - [2021-11-24 13:14:13,792] {dag.py:2389} INFO - Sync 1 DAGs
[2021-11-24 13:14:13,801] {logging_mixin.py:109} INFO - [2021-11-24 13:14:13,801] {dag.py:2921} INFO - Setting next_dagrun for example_trigger_controller_dag to 2021-01-01T00:00:00+00:00
[2021-11-24 13:14:13,809] {processor.py:171} INFO - Processing /home/dante/DWBI/Apache/py_env/lib/python3.8/site-packages/airflow/example_dags/example_trigger_controller_dag.py took 0.043 seconds
[2021-11-24 13:14:51,920] {processor.py:163} INFO - Started process (PID=44719) to work on /home/dante/DWBI/Apache/py_env/lib/python3.8/site-packages/airflow/example_dags/example_trigger_controller_dag.py
[2021-11-24 13:14:51,929] {processor.py:620} INFO - Processing file /home/dante/DWBI/Apache/py_env/lib/python3.8/site-packages/airflow/example_dags/example_trigger_controller_dag.py for tasks to queue
[2021-11-24 13:14:51,929] {logging_mixin.py:109} INFO - [2021-11-24 13:14:51,929] {dagbag.py:500} INFO - Filling up the DagBag from /home/dante/DWBI/Apache/py_env/lib/python3.8/site-packages/airflow/example_dags/example_trigger_controller_dag.py
[2021-11-24 13:14:51,942] {processor.py:632} INFO - DAG(s) dict_keys(['example_trigger_controller_dag']) retrieved from /home/dante/DWBI/Apache/py_env/lib/python3.8/site-packages/airflow/example_dags/example_trigger_controller_dag.py
[2021-11-24 13:14:51,949] {logging_mixin.py:109} INFO - [2021-11-24 13:14:51,948] {dag.py:2389} INFO - Sync 1 DAGs
[2021-11-24 13:14:51,958] {logging_mixin.py:109} INFO - [2021-11-24 13:14:51,957] {dag.py:2921} INFO - Setting next_dagrun for example_trigger_controller_dag to 2021-01-01T00:00:00+00:00
[2021-11-24 13:14:51,965] {processor.py:171} INFO - Processing /home/dante/DWBI/Apache/py_env/lib/python3.8/site-packages/airflow/example_dags/example_trigger_controller_dag.py took 0.047 seconds
[2021-11-24 13:15:31,737] {processor.py:163} INFO - Started process (PID=44810) to work on /home/dante/DWBI/Apache/py_env/lib/python3.8/site-packages/airflow/example_dags/example_trigger_controller_dag.py
[2021-11-24 13:15:31,741] {processor.py:620} INFO - Processing file /home/dante/DWBI/Apache/py_env/lib/python3.8/site-packages/airflow/example_dags/example_trigger_controller_dag.py for tasks to queue
[2021-11-24 13:15:31,743] {logging_mixin.py:109} INFO - [2021-11-24 13:15:31,742] {dagbag.py:500} INFO - Filling up the DagBag from /home/dante/DWBI/Apache/py_env/lib/python3.8/site-packages/airflow/example_dags/example_trigger_controller_dag.py
[2021-11-24 13:15:31,770] {processor.py:632} INFO - DAG(s) dict_keys(['example_trigger_controller_dag']) retrieved from /home/dante/DWBI/Apache/py_env/lib/python3.8/site-packages/airflow/example_dags/example_trigger_controller_dag.py
[2021-11-24 13:15:31,776] {logging_mixin.py:109} INFO - [2021-11-24 13:15:31,776] {dag.py:2389} INFO - Sync 1 DAGs
[2021-11-24 13:15:31,785] {logging_mixin.py:109} INFO - [2021-11-24 13:15:31,785] {dag.py:2921} INFO - Setting next_dagrun for example_trigger_controller_dag to 2021-01-01T00:00:00+00:00
[2021-11-24 13:15:31,792] {processor.py:171} INFO - Processing /home/dante/DWBI/Apache/py_env/lib/python3.8/site-packages/airflow/example_dags/example_trigger_controller_dag.py took 0.062 seconds
[2021-11-24 13:16:13,278] {processor.py:163} INFO - Started process (PID=45333) to work on /home/dante/DWBI/Apache/py_env/lib/python3.8/site-packages/airflow/example_dags/example_trigger_controller_dag.py
[2021-11-24 13:16:13,283] {processor.py:620} INFO - Processing file /home/dante/DWBI/Apache/py_env/lib/python3.8/site-packages/airflow/example_dags/example_trigger_controller_dag.py for tasks to queue
[2021-11-24 13:16:13,284] {logging_mixin.py:109} INFO - [2021-11-24 13:16:13,284] {dagbag.py:500} INFO - Filling up the DagBag from /home/dante/DWBI/Apache/py_env/lib/python3.8/site-packages/airflow/example_dags/example_trigger_controller_dag.py
[2021-11-24 13:16:13,319] {processor.py:632} INFO - DAG(s) dict_keys(['example_trigger_controller_dag']) retrieved from /home/dante/DWBI/Apache/py_env/lib/python3.8/site-packages/airflow/example_dags/example_trigger_controller_dag.py
[2021-11-24 13:16:13,328] {logging_mixin.py:109} INFO - [2021-11-24 13:16:13,328] {dag.py:2389} INFO - Sync 1 DAGs
[2021-11-24 13:16:13,340] {logging_mixin.py:109} INFO - [2021-11-24 13:16:13,339] {dag.py:2921} INFO - Setting next_dagrun for example_trigger_controller_dag to 2021-01-01T00:00:00+00:00
[2021-11-24 13:16:13,351] {processor.py:171} INFO - Processing /home/dante/DWBI/Apache/py_env/lib/python3.8/site-packages/airflow/example_dags/example_trigger_controller_dag.py took 0.078 seconds
[2021-11-24 13:16:48,621] {processor.py:163} INFO - Started process (PID=45422) to work on /home/dante/DWBI/Apache/py_env/lib/python3.8/site-packages/airflow/example_dags/example_trigger_controller_dag.py
[2021-11-24 13:16:48,631] {processor.py:620} INFO - Processing file /home/dante/DWBI/Apache/py_env/lib/python3.8/site-packages/airflow/example_dags/example_trigger_controller_dag.py for tasks to queue
[2021-11-24 13:16:48,631] {logging_mixin.py:109} INFO - [2021-11-24 13:16:48,631] {dagbag.py:500} INFO - Filling up the DagBag from /home/dante/DWBI/Apache/py_env/lib/python3.8/site-packages/airflow/example_dags/example_trigger_controller_dag.py
[2021-11-24 13:16:48,657] {processor.py:632} INFO - DAG(s) dict_keys(['example_trigger_controller_dag']) retrieved from /home/dante/DWBI/Apache/py_env/lib/python3.8/site-packages/airflow/example_dags/example_trigger_controller_dag.py
[2021-11-24 13:16:48,666] {logging_mixin.py:109} INFO - [2021-11-24 13:16:48,666] {dag.py:2389} INFO - Sync 1 DAGs
[2021-11-24 13:16:48,677] {logging_mixin.py:109} INFO - [2021-11-24 13:16:48,676] {dag.py:2921} INFO - Setting next_dagrun for example_trigger_controller_dag to 2021-01-01T00:00:00+00:00
[2021-11-24 13:16:48,685] {processor.py:171} INFO - Processing /home/dante/DWBI/Apache/py_env/lib/python3.8/site-packages/airflow/example_dags/example_trigger_controller_dag.py took 0.067 seconds
[2021-11-24 13:17:25,244] {processor.py:163} INFO - Started process (PID=45560) to work on /home/dante/DWBI/Apache/py_env/lib/python3.8/site-packages/airflow/example_dags/example_trigger_controller_dag.py
[2021-11-24 13:17:25,248] {processor.py:620} INFO - Processing file /home/dante/DWBI/Apache/py_env/lib/python3.8/site-packages/airflow/example_dags/example_trigger_controller_dag.py for tasks to queue
[2021-11-24 13:17:25,249] {logging_mixin.py:109} INFO - [2021-11-24 13:17:25,249] {dagbag.py:500} INFO - Filling up the DagBag from /home/dante/DWBI/Apache/py_env/lib/python3.8/site-packages/airflow/example_dags/example_trigger_controller_dag.py
[2021-11-24 13:17:25,275] {processor.py:632} INFO - DAG(s) dict_keys(['example_trigger_controller_dag']) retrieved from /home/dante/DWBI/Apache/py_env/lib/python3.8/site-packages/airflow/example_dags/example_trigger_controller_dag.py
[2021-11-24 13:17:25,282] {logging_mixin.py:109} INFO - [2021-11-24 13:17:25,282] {dag.py:2389} INFO - Sync 1 DAGs
[2021-11-24 13:17:25,291] {logging_mixin.py:109} INFO - [2021-11-24 13:17:25,291] {dag.py:2921} INFO - Setting next_dagrun for example_trigger_controller_dag to 2021-01-01T00:00:00+00:00
[2021-11-24 13:17:25,299] {processor.py:171} INFO - Processing /home/dante/DWBI/Apache/py_env/lib/python3.8/site-packages/airflow/example_dags/example_trigger_controller_dag.py took 0.062 seconds
[2021-11-24 13:18:04,866] {processor.py:163} INFO - Started process (PID=45608) to work on /home/dante/DWBI/Apache/py_env/lib/python3.8/site-packages/airflow/example_dags/example_trigger_controller_dag.py
[2021-11-24 13:18:04,868] {processor.py:620} INFO - Processing file /home/dante/DWBI/Apache/py_env/lib/python3.8/site-packages/airflow/example_dags/example_trigger_controller_dag.py for tasks to queue
[2021-11-24 13:18:04,869] {logging_mixin.py:109} INFO - [2021-11-24 13:18:04,869] {dagbag.py:500} INFO - Filling up the DagBag from /home/dante/DWBI/Apache/py_env/lib/python3.8/site-packages/airflow/example_dags/example_trigger_controller_dag.py
[2021-11-24 13:18:04,881] {processor.py:632} INFO - DAG(s) dict_keys(['example_trigger_controller_dag']) retrieved from /home/dante/DWBI/Apache/py_env/lib/python3.8/site-packages/airflow/example_dags/example_trigger_controller_dag.py
[2021-11-24 13:18:04,888] {logging_mixin.py:109} INFO - [2021-11-24 13:18:04,887] {dag.py:2389} INFO - Sync 1 DAGs
[2021-11-24 13:18:04,896] {logging_mixin.py:109} INFO - [2021-11-24 13:18:04,896] {dag.py:2921} INFO - Setting next_dagrun for example_trigger_controller_dag to 2021-01-01T00:00:00+00:00
[2021-11-24 13:18:04,903] {processor.py:171} INFO - Processing /home/dante/DWBI/Apache/py_env/lib/python3.8/site-packages/airflow/example_dags/example_trigger_controller_dag.py took 0.039 seconds
[2021-11-24 13:18:46,023] {processor.py:163} INFO - Started process (PID=45690) to work on /home/dante/DWBI/Apache/py_env/lib/python3.8/site-packages/airflow/example_dags/example_trigger_controller_dag.py
[2021-11-24 13:18:46,034] {processor.py:620} INFO - Processing file /home/dante/DWBI/Apache/py_env/lib/python3.8/site-packages/airflow/example_dags/example_trigger_controller_dag.py for tasks to queue
[2021-11-24 13:18:46,034] {logging_mixin.py:109} INFO - [2021-11-24 13:18:46,034] {dagbag.py:500} INFO - Filling up the DagBag from /home/dante/DWBI/Apache/py_env/lib/python3.8/site-packages/airflow/example_dags/example_trigger_controller_dag.py
[2021-11-24 13:18:46,054] {processor.py:632} INFO - DAG(s) dict_keys(['example_trigger_controller_dag']) retrieved from /home/dante/DWBI/Apache/py_env/lib/python3.8/site-packages/airflow/example_dags/example_trigger_controller_dag.py
[2021-11-24 13:18:46,063] {logging_mixin.py:109} INFO - [2021-11-24 13:18:46,063] {dag.py:2389} INFO - Sync 1 DAGs
[2021-11-24 13:18:46,072] {logging_mixin.py:109} INFO - [2021-11-24 13:18:46,072] {dag.py:2921} INFO - Setting next_dagrun for example_trigger_controller_dag to 2021-01-01T00:00:00+00:00
[2021-11-24 13:18:46,080] {processor.py:171} INFO - Processing /home/dante/DWBI/Apache/py_env/lib/python3.8/site-packages/airflow/example_dags/example_trigger_controller_dag.py took 0.059 seconds
[2021-11-24 13:19:22,928] {processor.py:163} INFO - Started process (PID=45742) to work on /home/dante/DWBI/Apache/py_env/lib/python3.8/site-packages/airflow/example_dags/example_trigger_controller_dag.py
[2021-11-24 13:19:22,938] {processor.py:620} INFO - Processing file /home/dante/DWBI/Apache/py_env/lib/python3.8/site-packages/airflow/example_dags/example_trigger_controller_dag.py for tasks to queue
[2021-11-24 13:19:22,939] {logging_mixin.py:109} INFO - [2021-11-24 13:19:22,939] {dagbag.py:500} INFO - Filling up the DagBag from /home/dante/DWBI/Apache/py_env/lib/python3.8/site-packages/airflow/example_dags/example_trigger_controller_dag.py
[2021-11-24 13:19:22,953] {processor.py:632} INFO - DAG(s) dict_keys(['example_trigger_controller_dag']) retrieved from /home/dante/DWBI/Apache/py_env/lib/python3.8/site-packages/airflow/example_dags/example_trigger_controller_dag.py
[2021-11-24 13:19:22,960] {logging_mixin.py:109} INFO - [2021-11-24 13:19:22,960] {dag.py:2389} INFO - Sync 1 DAGs
[2021-11-24 13:19:22,969] {logging_mixin.py:109} INFO - [2021-11-24 13:19:22,969] {dag.py:2921} INFO - Setting next_dagrun for example_trigger_controller_dag to 2021-01-01T00:00:00+00:00
[2021-11-24 13:19:22,976] {processor.py:171} INFO - Processing /home/dante/DWBI/Apache/py_env/lib/python3.8/site-packages/airflow/example_dags/example_trigger_controller_dag.py took 0.051 seconds
[2021-11-24 13:20:05,089] {processor.py:163} INFO - Started process (PID=45805) to work on /home/dante/DWBI/Apache/py_env/lib/python3.8/site-packages/airflow/example_dags/example_trigger_controller_dag.py
[2021-11-24 13:20:05,100] {processor.py:620} INFO - Processing file /home/dante/DWBI/Apache/py_env/lib/python3.8/site-packages/airflow/example_dags/example_trigger_controller_dag.py for tasks to queue
[2021-11-24 13:20:05,101] {logging_mixin.py:109} INFO - [2021-11-24 13:20:05,101] {dagbag.py:500} INFO - Filling up the DagBag from /home/dante/DWBI/Apache/py_env/lib/python3.8/site-packages/airflow/example_dags/example_trigger_controller_dag.py
[2021-11-24 13:20:05,135] {processor.py:632} INFO - DAG(s) dict_keys(['example_trigger_controller_dag']) retrieved from /home/dante/DWBI/Apache/py_env/lib/python3.8/site-packages/airflow/example_dags/example_trigger_controller_dag.py
[2021-11-24 13:20:05,142] {logging_mixin.py:109} INFO - [2021-11-24 13:20:05,142] {dag.py:2389} INFO - Sync 1 DAGs
[2021-11-24 13:20:05,151] {logging_mixin.py:109} INFO - [2021-11-24 13:20:05,151] {dag.py:2921} INFO - Setting next_dagrun for example_trigger_controller_dag to 2021-01-01T00:00:00+00:00
[2021-11-24 13:20:05,159] {processor.py:171} INFO - Processing /home/dante/DWBI/Apache/py_env/lib/python3.8/site-packages/airflow/example_dags/example_trigger_controller_dag.py took 0.072 seconds
[2021-11-24 13:20:45,373] {processor.py:163} INFO - Started process (PID=45862) to work on /home/dante/DWBI/Apache/py_env/lib/python3.8/site-packages/airflow/example_dags/example_trigger_controller_dag.py
[2021-11-24 13:20:45,375] {processor.py:620} INFO - Processing file /home/dante/DWBI/Apache/py_env/lib/python3.8/site-packages/airflow/example_dags/example_trigger_controller_dag.py for tasks to queue
[2021-11-24 13:20:45,375] {logging_mixin.py:109} INFO - [2021-11-24 13:20:45,375] {dagbag.py:500} INFO - Filling up the DagBag from /home/dante/DWBI/Apache/py_env/lib/python3.8/site-packages/airflow/example_dags/example_trigger_controller_dag.py
[2021-11-24 13:20:45,390] {processor.py:632} INFO - DAG(s) dict_keys(['example_trigger_controller_dag']) retrieved from /home/dante/DWBI/Apache/py_env/lib/python3.8/site-packages/airflow/example_dags/example_trigger_controller_dag.py
[2021-11-24 13:20:45,398] {logging_mixin.py:109} INFO - [2021-11-24 13:20:45,398] {dag.py:2389} INFO - Sync 1 DAGs
[2021-11-24 13:20:45,408] {logging_mixin.py:109} INFO - [2021-11-24 13:20:45,408] {dag.py:2921} INFO - Setting next_dagrun for example_trigger_controller_dag to 2021-01-01T00:00:00+00:00
[2021-11-24 13:20:45,415] {processor.py:171} INFO - Processing /home/dante/DWBI/Apache/py_env/lib/python3.8/site-packages/airflow/example_dags/example_trigger_controller_dag.py took 0.045 seconds
[2021-11-24 13:21:23,555] {processor.py:163} INFO - Started process (PID=45926) to work on /home/dante/DWBI/Apache/py_env/lib/python3.8/site-packages/airflow/example_dags/example_trigger_controller_dag.py
[2021-11-24 13:21:23,566] {processor.py:620} INFO - Processing file /home/dante/DWBI/Apache/py_env/lib/python3.8/site-packages/airflow/example_dags/example_trigger_controller_dag.py for tasks to queue
[2021-11-24 13:21:23,567] {logging_mixin.py:109} INFO - [2021-11-24 13:21:23,567] {dagbag.py:500} INFO - Filling up the DagBag from /home/dante/DWBI/Apache/py_env/lib/python3.8/site-packages/airflow/example_dags/example_trigger_controller_dag.py
[2021-11-24 13:21:23,606] {processor.py:632} INFO - DAG(s) dict_keys(['example_trigger_controller_dag']) retrieved from /home/dante/DWBI/Apache/py_env/lib/python3.8/site-packages/airflow/example_dags/example_trigger_controller_dag.py
[2021-11-24 13:21:23,621] {logging_mixin.py:109} INFO - [2021-11-24 13:21:23,621] {dag.py:2389} INFO - Sync 1 DAGs
[2021-11-24 13:21:23,642] {logging_mixin.py:109} INFO - [2021-11-24 13:21:23,642] {dag.py:2921} INFO - Setting next_dagrun for example_trigger_controller_dag to 2021-01-01T00:00:00+00:00
[2021-11-24 13:21:23,666] {processor.py:171} INFO - Processing /home/dante/DWBI/Apache/py_env/lib/python3.8/site-packages/airflow/example_dags/example_trigger_controller_dag.py took 0.118 seconds
[2021-11-24 13:22:01,668] {processor.py:163} INFO - Started process (PID=46017) to work on /home/dante/DWBI/Apache/py_env/lib/python3.8/site-packages/airflow/example_dags/example_trigger_controller_dag.py
[2021-11-24 13:22:01,671] {processor.py:620} INFO - Processing file /home/dante/DWBI/Apache/py_env/lib/python3.8/site-packages/airflow/example_dags/example_trigger_controller_dag.py for tasks to queue
[2021-11-24 13:22:01,672] {logging_mixin.py:109} INFO - [2021-11-24 13:22:01,672] {dagbag.py:500} INFO - Filling up the DagBag from /home/dante/DWBI/Apache/py_env/lib/python3.8/site-packages/airflow/example_dags/example_trigger_controller_dag.py
[2021-11-24 13:22:01,698] {processor.py:632} INFO - DAG(s) dict_keys(['example_trigger_controller_dag']) retrieved from /home/dante/DWBI/Apache/py_env/lib/python3.8/site-packages/airflow/example_dags/example_trigger_controller_dag.py
[2021-11-24 13:22:01,706] {logging_mixin.py:109} INFO - [2021-11-24 13:22:01,705] {dag.py:2389} INFO - Sync 1 DAGs
[2021-11-24 13:22:01,716] {logging_mixin.py:109} INFO - [2021-11-24 13:22:01,716] {dag.py:2921} INFO - Setting next_dagrun for example_trigger_controller_dag to 2021-01-01T00:00:00+00:00
[2021-11-24 13:22:01,724] {processor.py:171} INFO - Processing /home/dante/DWBI/Apache/py_env/lib/python3.8/site-packages/airflow/example_dags/example_trigger_controller_dag.py took 0.060 seconds
[2021-11-24 13:22:40,041] {processor.py:163} INFO - Started process (PID=46078) to work on /home/dante/DWBI/Apache/py_env/lib/python3.8/site-packages/airflow/example_dags/example_trigger_controller_dag.py
[2021-11-24 13:22:40,043] {processor.py:620} INFO - Processing file /home/dante/DWBI/Apache/py_env/lib/python3.8/site-packages/airflow/example_dags/example_trigger_controller_dag.py for tasks to queue
[2021-11-24 13:22:40,044] {logging_mixin.py:109} INFO - [2021-11-24 13:22:40,044] {dagbag.py:500} INFO - Filling up the DagBag from /home/dante/DWBI/Apache/py_env/lib/python3.8/site-packages/airflow/example_dags/example_trigger_controller_dag.py
[2021-11-24 13:22:40,056] {processor.py:632} INFO - DAG(s) dict_keys(['example_trigger_controller_dag']) retrieved from /home/dante/DWBI/Apache/py_env/lib/python3.8/site-packages/airflow/example_dags/example_trigger_controller_dag.py
[2021-11-24 13:22:40,063] {logging_mixin.py:109} INFO - [2021-11-24 13:22:40,063] {dag.py:2389} INFO - Sync 1 DAGs
[2021-11-24 13:22:40,072] {logging_mixin.py:109} INFO - [2021-11-24 13:22:40,072] {dag.py:2921} INFO - Setting next_dagrun for example_trigger_controller_dag to 2021-01-01T00:00:00+00:00
[2021-11-24 13:22:40,080] {processor.py:171} INFO - Processing /home/dante/DWBI/Apache/py_env/lib/python3.8/site-packages/airflow/example_dags/example_trigger_controller_dag.py took 0.041 seconds
[2021-11-24 13:23:23,751] {processor.py:163} INFO - Started process (PID=46480) to work on /home/dante/DWBI/Apache/py_env/lib/python3.8/site-packages/airflow/example_dags/example_trigger_controller_dag.py
[2021-11-24 13:23:23,760] {processor.py:620} INFO - Processing file /home/dante/DWBI/Apache/py_env/lib/python3.8/site-packages/airflow/example_dags/example_trigger_controller_dag.py for tasks to queue
[2021-11-24 13:23:23,761] {logging_mixin.py:109} INFO - [2021-11-24 13:23:23,761] {dagbag.py:500} INFO - Filling up the DagBag from /home/dante/DWBI/Apache/py_env/lib/python3.8/site-packages/airflow/example_dags/example_trigger_controller_dag.py
[2021-11-24 13:23:23,779] {processor.py:632} INFO - DAG(s) dict_keys(['example_trigger_controller_dag']) retrieved from /home/dante/DWBI/Apache/py_env/lib/python3.8/site-packages/airflow/example_dags/example_trigger_controller_dag.py
[2021-11-24 13:23:23,787] {logging_mixin.py:109} INFO - [2021-11-24 13:23:23,787] {dag.py:2389} INFO - Sync 1 DAGs
[2021-11-24 13:23:23,797] {logging_mixin.py:109} INFO - [2021-11-24 13:23:23,796] {dag.py:2921} INFO - Setting next_dagrun for example_trigger_controller_dag to 2021-01-01T00:00:00+00:00
[2021-11-24 13:23:23,812] {processor.py:171} INFO - Processing /home/dante/DWBI/Apache/py_env/lib/python3.8/site-packages/airflow/example_dags/example_trigger_controller_dag.py took 0.063 seconds
[2021-11-24 13:24:02,294] {processor.py:163} INFO - Started process (PID=46550) to work on /home/dante/DWBI/Apache/py_env/lib/python3.8/site-packages/airflow/example_dags/example_trigger_controller_dag.py
[2021-11-24 13:24:02,303] {processor.py:620} INFO - Processing file /home/dante/DWBI/Apache/py_env/lib/python3.8/site-packages/airflow/example_dags/example_trigger_controller_dag.py for tasks to queue
[2021-11-24 13:24:02,303] {logging_mixin.py:109} INFO - [2021-11-24 13:24:02,303] {dagbag.py:500} INFO - Filling up the DagBag from /home/dante/DWBI/Apache/py_env/lib/python3.8/site-packages/airflow/example_dags/example_trigger_controller_dag.py
[2021-11-24 13:24:02,317] {processor.py:632} INFO - DAG(s) dict_keys(['example_trigger_controller_dag']) retrieved from /home/dante/DWBI/Apache/py_env/lib/python3.8/site-packages/airflow/example_dags/example_trigger_controller_dag.py
[2021-11-24 13:24:02,324] {logging_mixin.py:109} INFO - [2021-11-24 13:24:02,324] {dag.py:2389} INFO - Sync 1 DAGs
[2021-11-24 13:24:02,333] {logging_mixin.py:109} INFO - [2021-11-24 13:24:02,333] {dag.py:2921} INFO - Setting next_dagrun for example_trigger_controller_dag to 2021-01-01T00:00:00+00:00
[2021-11-24 13:24:02,347] {processor.py:171} INFO - Processing /home/dante/DWBI/Apache/py_env/lib/python3.8/site-packages/airflow/example_dags/example_trigger_controller_dag.py took 0.056 seconds
[2021-11-24 13:24:43,796] {processor.py:163} INFO - Started process (PID=46726) to work on /home/dante/DWBI/Apache/py_env/lib/python3.8/site-packages/airflow/example_dags/example_trigger_controller_dag.py
[2021-11-24 13:24:43,805] {processor.py:620} INFO - Processing file /home/dante/DWBI/Apache/py_env/lib/python3.8/site-packages/airflow/example_dags/example_trigger_controller_dag.py for tasks to queue
[2021-11-24 13:24:43,806] {logging_mixin.py:109} INFO - [2021-11-24 13:24:43,806] {dagbag.py:500} INFO - Filling up the DagBag from /home/dante/DWBI/Apache/py_env/lib/python3.8/site-packages/airflow/example_dags/example_trigger_controller_dag.py
[2021-11-24 13:24:43,820] {processor.py:632} INFO - DAG(s) dict_keys(['example_trigger_controller_dag']) retrieved from /home/dante/DWBI/Apache/py_env/lib/python3.8/site-packages/airflow/example_dags/example_trigger_controller_dag.py
[2021-11-24 13:24:43,827] {logging_mixin.py:109} INFO - [2021-11-24 13:24:43,827] {dag.py:2389} INFO - Sync 1 DAGs
[2021-11-24 13:24:43,836] {logging_mixin.py:109} INFO - [2021-11-24 13:24:43,836] {dag.py:2921} INFO - Setting next_dagrun for example_trigger_controller_dag to 2021-01-01T00:00:00+00:00
[2021-11-24 13:24:43,846] {processor.py:171} INFO - Processing /home/dante/DWBI/Apache/py_env/lib/python3.8/site-packages/airflow/example_dags/example_trigger_controller_dag.py took 0.053 seconds
[2021-11-24 13:25:19,761] {processor.py:163} INFO - Started process (PID=46802) to work on /home/dante/DWBI/Apache/py_env/lib/python3.8/site-packages/airflow/example_dags/example_trigger_controller_dag.py
[2021-11-24 13:25:19,772] {processor.py:620} INFO - Processing file /home/dante/DWBI/Apache/py_env/lib/python3.8/site-packages/airflow/example_dags/example_trigger_controller_dag.py for tasks to queue
[2021-11-24 13:25:19,773] {logging_mixin.py:109} INFO - [2021-11-24 13:25:19,773] {dagbag.py:500} INFO - Filling up the DagBag from /home/dante/DWBI/Apache/py_env/lib/python3.8/site-packages/airflow/example_dags/example_trigger_controller_dag.py
[2021-11-24 13:25:19,804] {processor.py:632} INFO - DAG(s) dict_keys(['example_trigger_controller_dag']) retrieved from /home/dante/DWBI/Apache/py_env/lib/python3.8/site-packages/airflow/example_dags/example_trigger_controller_dag.py
[2021-11-24 13:25:19,811] {logging_mixin.py:109} INFO - [2021-11-24 13:25:19,811] {dag.py:2389} INFO - Sync 1 DAGs
[2021-11-24 13:25:19,821] {logging_mixin.py:109} INFO - [2021-11-24 13:25:19,821] {dag.py:2921} INFO - Setting next_dagrun for example_trigger_controller_dag to 2021-01-01T00:00:00+00:00
[2021-11-24 13:25:19,829] {processor.py:171} INFO - Processing /home/dante/DWBI/Apache/py_env/lib/python3.8/site-packages/airflow/example_dags/example_trigger_controller_dag.py took 0.073 seconds
[2021-11-24 13:25:56,101] {processor.py:163} INFO - Started process (PID=46854) to work on /home/dante/DWBI/Apache/py_env/lib/python3.8/site-packages/airflow/example_dags/example_trigger_controller_dag.py
[2021-11-24 13:25:56,102] {processor.py:620} INFO - Processing file /home/dante/DWBI/Apache/py_env/lib/python3.8/site-packages/airflow/example_dags/example_trigger_controller_dag.py for tasks to queue
[2021-11-24 13:25:56,102] {logging_mixin.py:109} INFO - [2021-11-24 13:25:56,102] {dagbag.py:500} INFO - Filling up the DagBag from /home/dante/DWBI/Apache/py_env/lib/python3.8/site-packages/airflow/example_dags/example_trigger_controller_dag.py
[2021-11-24 13:25:56,115] {processor.py:632} INFO - DAG(s) dict_keys(['example_trigger_controller_dag']) retrieved from /home/dante/DWBI/Apache/py_env/lib/python3.8/site-packages/airflow/example_dags/example_trigger_controller_dag.py
[2021-11-24 13:25:56,122] {logging_mixin.py:109} INFO - [2021-11-24 13:25:56,122] {dag.py:2389} INFO - Sync 1 DAGs
[2021-11-24 13:25:56,133] {logging_mixin.py:109} INFO - [2021-11-24 13:25:56,133] {dag.py:2921} INFO - Setting next_dagrun for example_trigger_controller_dag to 2021-01-01T00:00:00+00:00
[2021-11-24 13:25:56,141] {processor.py:171} INFO - Processing /home/dante/DWBI/Apache/py_env/lib/python3.8/site-packages/airflow/example_dags/example_trigger_controller_dag.py took 0.042 seconds
[2021-11-24 13:26:33,269] {processor.py:163} INFO - Started process (PID=46934) to work on /home/dante/DWBI/Apache/py_env/lib/python3.8/site-packages/airflow/example_dags/example_trigger_controller_dag.py
[2021-11-24 13:26:33,271] {processor.py:620} INFO - Processing file /home/dante/DWBI/Apache/py_env/lib/python3.8/site-packages/airflow/example_dags/example_trigger_controller_dag.py for tasks to queue
[2021-11-24 13:26:33,272] {logging_mixin.py:109} INFO - [2021-11-24 13:26:33,272] {dagbag.py:500} INFO - Filling up the DagBag from /home/dante/DWBI/Apache/py_env/lib/python3.8/site-packages/airflow/example_dags/example_trigger_controller_dag.py
[2021-11-24 13:26:33,288] {processor.py:632} INFO - DAG(s) dict_keys(['example_trigger_controller_dag']) retrieved from /home/dante/DWBI/Apache/py_env/lib/python3.8/site-packages/airflow/example_dags/example_trigger_controller_dag.py
[2021-11-24 13:26:33,296] {logging_mixin.py:109} INFO - [2021-11-24 13:26:33,296] {dag.py:2389} INFO - Sync 1 DAGs
[2021-11-24 13:26:33,305] {logging_mixin.py:109} INFO - [2021-11-24 13:26:33,305] {dag.py:2921} INFO - Setting next_dagrun for example_trigger_controller_dag to 2021-01-01T00:00:00+00:00
[2021-11-24 13:26:33,312] {processor.py:171} INFO - Processing /home/dante/DWBI/Apache/py_env/lib/python3.8/site-packages/airflow/example_dags/example_trigger_controller_dag.py took 0.045 seconds
[2021-11-24 13:27:11,815] {processor.py:163} INFO - Started process (PID=47071) to work on /home/dante/DWBI/Apache/py_env/lib/python3.8/site-packages/airflow/example_dags/example_trigger_controller_dag.py
[2021-11-24 13:27:11,817] {processor.py:620} INFO - Processing file /home/dante/DWBI/Apache/py_env/lib/python3.8/site-packages/airflow/example_dags/example_trigger_controller_dag.py for tasks to queue
[2021-11-24 13:27:11,818] {logging_mixin.py:109} INFO - [2021-11-24 13:27:11,818] {dagbag.py:500} INFO - Filling up the DagBag from /home/dante/DWBI/Apache/py_env/lib/python3.8/site-packages/airflow/example_dags/example_trigger_controller_dag.py
[2021-11-24 13:27:11,832] {processor.py:632} INFO - DAG(s) dict_keys(['example_trigger_controller_dag']) retrieved from /home/dante/DWBI/Apache/py_env/lib/python3.8/site-packages/airflow/example_dags/example_trigger_controller_dag.py
[2021-11-24 13:27:11,839] {logging_mixin.py:109} INFO - [2021-11-24 13:27:11,839] {dag.py:2389} INFO - Sync 1 DAGs
[2021-11-24 13:27:11,848] {logging_mixin.py:109} INFO - [2021-11-24 13:27:11,848] {dag.py:2921} INFO - Setting next_dagrun for example_trigger_controller_dag to 2021-01-01T00:00:00+00:00
[2021-11-24 13:27:11,855] {processor.py:171} INFO - Processing /home/dante/DWBI/Apache/py_env/lib/python3.8/site-packages/airflow/example_dags/example_trigger_controller_dag.py took 0.042 seconds
[2021-11-24 13:27:52,512] {processor.py:163} INFO - Started process (PID=47137) to work on /home/dante/DWBI/Apache/py_env/lib/python3.8/site-packages/airflow/example_dags/example_trigger_controller_dag.py
[2021-11-24 13:27:52,514] {processor.py:620} INFO - Processing file /home/dante/DWBI/Apache/py_env/lib/python3.8/site-packages/airflow/example_dags/example_trigger_controller_dag.py for tasks to queue
[2021-11-24 13:27:52,515] {logging_mixin.py:109} INFO - [2021-11-24 13:27:52,514] {dagbag.py:500} INFO - Filling up the DagBag from /home/dante/DWBI/Apache/py_env/lib/python3.8/site-packages/airflow/example_dags/example_trigger_controller_dag.py
[2021-11-24 13:27:52,530] {processor.py:632} INFO - DAG(s) dict_keys(['example_trigger_controller_dag']) retrieved from /home/dante/DWBI/Apache/py_env/lib/python3.8/site-packages/airflow/example_dags/example_trigger_controller_dag.py
[2021-11-24 13:27:52,537] {logging_mixin.py:109} INFO - [2021-11-24 13:27:52,537] {dag.py:2389} INFO - Sync 1 DAGs
[2021-11-24 13:27:52,546] {logging_mixin.py:109} INFO - [2021-11-24 13:27:52,546] {dag.py:2921} INFO - Setting next_dagrun for example_trigger_controller_dag to 2021-01-01T00:00:00+00:00
[2021-11-24 13:27:52,555] {processor.py:171} INFO - Processing /home/dante/DWBI/Apache/py_env/lib/python3.8/site-packages/airflow/example_dags/example_trigger_controller_dag.py took 0.045 seconds
[2021-11-24 13:28:31,118] {processor.py:163} INFO - Started process (PID=47306) to work on /home/dante/DWBI/Apache/py_env/lib/python3.8/site-packages/airflow/example_dags/example_trigger_controller_dag.py
[2021-11-24 13:28:31,120] {processor.py:620} INFO - Processing file /home/dante/DWBI/Apache/py_env/lib/python3.8/site-packages/airflow/example_dags/example_trigger_controller_dag.py for tasks to queue
[2021-11-24 13:28:31,121] {logging_mixin.py:109} INFO - [2021-11-24 13:28:31,121] {dagbag.py:500} INFO - Filling up the DagBag from /home/dante/DWBI/Apache/py_env/lib/python3.8/site-packages/airflow/example_dags/example_trigger_controller_dag.py
[2021-11-24 13:28:31,138] {processor.py:632} INFO - DAG(s) dict_keys(['example_trigger_controller_dag']) retrieved from /home/dante/DWBI/Apache/py_env/lib/python3.8/site-packages/airflow/example_dags/example_trigger_controller_dag.py
[2021-11-24 13:28:31,148] {logging_mixin.py:109} INFO - [2021-11-24 13:28:31,148] {dag.py:2389} INFO - Sync 1 DAGs
[2021-11-24 13:28:31,159] {logging_mixin.py:109} INFO - [2021-11-24 13:28:31,159] {dag.py:2921} INFO - Setting next_dagrun for example_trigger_controller_dag to 2021-01-01T00:00:00+00:00
[2021-11-24 13:28:31,168] {processor.py:171} INFO - Processing /home/dante/DWBI/Apache/py_env/lib/python3.8/site-packages/airflow/example_dags/example_trigger_controller_dag.py took 0.054 seconds
[2021-11-24 13:29:08,070] {processor.py:163} INFO - Started process (PID=47399) to work on /home/dante/DWBI/Apache/py_env/lib/python3.8/site-packages/airflow/example_dags/example_trigger_controller_dag.py
[2021-11-24 13:29:08,072] {processor.py:620} INFO - Processing file /home/dante/DWBI/Apache/py_env/lib/python3.8/site-packages/airflow/example_dags/example_trigger_controller_dag.py for tasks to queue
[2021-11-24 13:29:08,073] {logging_mixin.py:109} INFO - [2021-11-24 13:29:08,073] {dagbag.py:500} INFO - Filling up the DagBag from /home/dante/DWBI/Apache/py_env/lib/python3.8/site-packages/airflow/example_dags/example_trigger_controller_dag.py
[2021-11-24 13:29:08,091] {processor.py:632} INFO - DAG(s) dict_keys(['example_trigger_controller_dag']) retrieved from /home/dante/DWBI/Apache/py_env/lib/python3.8/site-packages/airflow/example_dags/example_trigger_controller_dag.py
[2021-11-24 13:29:08,100] {logging_mixin.py:109} INFO - [2021-11-24 13:29:08,100] {dag.py:2389} INFO - Sync 1 DAGs
[2021-11-24 13:29:08,110] {logging_mixin.py:109} INFO - [2021-11-24 13:29:08,110] {dag.py:2921} INFO - Setting next_dagrun for example_trigger_controller_dag to 2021-01-01T00:00:00+00:00
[2021-11-24 13:29:08,117] {processor.py:171} INFO - Processing /home/dante/DWBI/Apache/py_env/lib/python3.8/site-packages/airflow/example_dags/example_trigger_controller_dag.py took 0.050 seconds
[2021-11-24 13:29:51,446] {processor.py:163} INFO - Started process (PID=47474) to work on /home/dante/DWBI/Apache/py_env/lib/python3.8/site-packages/airflow/example_dags/example_trigger_controller_dag.py
[2021-11-24 13:29:51,457] {processor.py:620} INFO - Processing file /home/dante/DWBI/Apache/py_env/lib/python3.8/site-packages/airflow/example_dags/example_trigger_controller_dag.py for tasks to queue
[2021-11-24 13:29:51,458] {logging_mixin.py:109} INFO - [2021-11-24 13:29:51,458] {dagbag.py:500} INFO - Filling up the DagBag from /home/dante/DWBI/Apache/py_env/lib/python3.8/site-packages/airflow/example_dags/example_trigger_controller_dag.py
[2021-11-24 13:29:51,480] {processor.py:632} INFO - DAG(s) dict_keys(['example_trigger_controller_dag']) retrieved from /home/dante/DWBI/Apache/py_env/lib/python3.8/site-packages/airflow/example_dags/example_trigger_controller_dag.py
[2021-11-24 13:29:51,488] {logging_mixin.py:109} INFO - [2021-11-24 13:29:51,488] {dag.py:2389} INFO - Sync 1 DAGs
[2021-11-24 13:29:51,499] {logging_mixin.py:109} INFO - [2021-11-24 13:29:51,499] {dag.py:2921} INFO - Setting next_dagrun for example_trigger_controller_dag to 2021-01-01T00:00:00+00:00
[2021-11-24 13:29:51,513] {processor.py:171} INFO - Processing /home/dante/DWBI/Apache/py_env/lib/python3.8/site-packages/airflow/example_dags/example_trigger_controller_dag.py took 0.074 seconds
[2021-11-24 13:30:28,255] {processor.py:163} INFO - Started process (PID=47549) to work on /home/dante/DWBI/Apache/py_env/lib/python3.8/site-packages/airflow/example_dags/example_trigger_controller_dag.py
[2021-11-24 13:30:28,264] {processor.py:620} INFO - Processing file /home/dante/DWBI/Apache/py_env/lib/python3.8/site-packages/airflow/example_dags/example_trigger_controller_dag.py for tasks to queue
[2021-11-24 13:30:28,265] {logging_mixin.py:109} INFO - [2021-11-24 13:30:28,265] {dagbag.py:500} INFO - Filling up the DagBag from /home/dante/DWBI/Apache/py_env/lib/python3.8/site-packages/airflow/example_dags/example_trigger_controller_dag.py
[2021-11-24 13:30:28,283] {processor.py:632} INFO - DAG(s) dict_keys(['example_trigger_controller_dag']) retrieved from /home/dante/DWBI/Apache/py_env/lib/python3.8/site-packages/airflow/example_dags/example_trigger_controller_dag.py
[2021-11-24 13:30:28,292] {logging_mixin.py:109} INFO - [2021-11-24 13:30:28,292] {dag.py:2389} INFO - Sync 1 DAGs
[2021-11-24 13:30:28,302] {logging_mixin.py:109} INFO - [2021-11-24 13:30:28,302] {dag.py:2921} INFO - Setting next_dagrun for example_trigger_controller_dag to 2021-01-01T00:00:00+00:00
[2021-11-24 13:30:28,319] {processor.py:171} INFO - Processing /home/dante/DWBI/Apache/py_env/lib/python3.8/site-packages/airflow/example_dags/example_trigger_controller_dag.py took 0.066 seconds
[2021-11-24 13:31:04,190] {processor.py:163} INFO - Started process (PID=47601) to work on /home/dante/DWBI/Apache/py_env/lib/python3.8/site-packages/airflow/example_dags/example_trigger_controller_dag.py
[2021-11-24 13:31:04,199] {processor.py:620} INFO - Processing file /home/dante/DWBI/Apache/py_env/lib/python3.8/site-packages/airflow/example_dags/example_trigger_controller_dag.py for tasks to queue
[2021-11-24 13:31:04,200] {logging_mixin.py:109} INFO - [2021-11-24 13:31:04,200] {dagbag.py:500} INFO - Filling up the DagBag from /home/dante/DWBI/Apache/py_env/lib/python3.8/site-packages/airflow/example_dags/example_trigger_controller_dag.py
[2021-11-24 13:31:04,222] {processor.py:632} INFO - DAG(s) dict_keys(['example_trigger_controller_dag']) retrieved from /home/dante/DWBI/Apache/py_env/lib/python3.8/site-packages/airflow/example_dags/example_trigger_controller_dag.py
[2021-11-24 13:31:04,231] {logging_mixin.py:109} INFO - [2021-11-24 13:31:04,231] {dag.py:2389} INFO - Sync 1 DAGs
[2021-11-24 13:31:04,240] {logging_mixin.py:109} INFO - [2021-11-24 13:31:04,240] {dag.py:2921} INFO - Setting next_dagrun for example_trigger_controller_dag to 2021-01-01T00:00:00+00:00
[2021-11-24 13:31:04,248] {processor.py:171} INFO - Processing /home/dante/DWBI/Apache/py_env/lib/python3.8/site-packages/airflow/example_dags/example_trigger_controller_dag.py took 0.061 seconds
[2021-11-24 13:31:44,468] {processor.py:163} INFO - Started process (PID=47732) to work on /home/dante/DWBI/Apache/py_env/lib/python3.8/site-packages/airflow/example_dags/example_trigger_controller_dag.py
[2021-11-24 13:31:44,470] {processor.py:620} INFO - Processing file /home/dante/DWBI/Apache/py_env/lib/python3.8/site-packages/airflow/example_dags/example_trigger_controller_dag.py for tasks to queue
[2021-11-24 13:31:44,471] {logging_mixin.py:109} INFO - [2021-11-24 13:31:44,470] {dagbag.py:500} INFO - Filling up the DagBag from /home/dante/DWBI/Apache/py_env/lib/python3.8/site-packages/airflow/example_dags/example_trigger_controller_dag.py
[2021-11-24 13:31:44,484] {processor.py:632} INFO - DAG(s) dict_keys(['example_trigger_controller_dag']) retrieved from /home/dante/DWBI/Apache/py_env/lib/python3.8/site-packages/airflow/example_dags/example_trigger_controller_dag.py
[2021-11-24 13:31:44,492] {logging_mixin.py:109} INFO - [2021-11-24 13:31:44,492] {dag.py:2389} INFO - Sync 1 DAGs
[2021-11-24 13:31:44,502] {logging_mixin.py:109} INFO - [2021-11-24 13:31:44,502] {dag.py:2921} INFO - Setting next_dagrun for example_trigger_controller_dag to 2021-01-01T00:00:00+00:00
[2021-11-24 13:31:44,509] {processor.py:171} INFO - Processing /home/dante/DWBI/Apache/py_env/lib/python3.8/site-packages/airflow/example_dags/example_trigger_controller_dag.py took 0.044 seconds
[2021-11-24 13:32:25,915] {processor.py:163} INFO - Started process (PID=48140) to work on /home/dante/DWBI/Apache/py_env/lib/python3.8/site-packages/airflow/example_dags/example_trigger_controller_dag.py
[2021-11-24 13:32:25,927] {processor.py:620} INFO - Processing file /home/dante/DWBI/Apache/py_env/lib/python3.8/site-packages/airflow/example_dags/example_trigger_controller_dag.py for tasks to queue
[2021-11-24 13:32:25,928] {logging_mixin.py:109} INFO - [2021-11-24 13:32:25,928] {dagbag.py:500} INFO - Filling up the DagBag from /home/dante/DWBI/Apache/py_env/lib/python3.8/site-packages/airflow/example_dags/example_trigger_controller_dag.py
[2021-11-24 13:32:25,960] {processor.py:632} INFO - DAG(s) dict_keys(['example_trigger_controller_dag']) retrieved from /home/dante/DWBI/Apache/py_env/lib/python3.8/site-packages/airflow/example_dags/example_trigger_controller_dag.py
[2021-11-24 13:32:25,969] {logging_mixin.py:109} INFO - [2021-11-24 13:32:25,969] {dag.py:2389} INFO - Sync 1 DAGs
[2021-11-24 13:32:25,979] {logging_mixin.py:109} INFO - [2021-11-24 13:32:25,978] {dag.py:2921} INFO - Setting next_dagrun for example_trigger_controller_dag to 2021-01-01T00:00:00+00:00
[2021-11-24 13:32:25,988] {processor.py:171} INFO - Processing /home/dante/DWBI/Apache/py_env/lib/python3.8/site-packages/airflow/example_dags/example_trigger_controller_dag.py took 0.075 seconds
[2021-11-24 13:33:06,323] {processor.py:163} INFO - Started process (PID=48426) to work on /home/dante/DWBI/Apache/py_env/lib/python3.8/site-packages/airflow/example_dags/example_trigger_controller_dag.py
[2021-11-24 13:33:06,328] {processor.py:620} INFO - Processing file /home/dante/DWBI/Apache/py_env/lib/python3.8/site-packages/airflow/example_dags/example_trigger_controller_dag.py for tasks to queue
[2021-11-24 13:33:06,329] {logging_mixin.py:109} INFO - [2021-11-24 13:33:06,329] {dagbag.py:500} INFO - Filling up the DagBag from /home/dante/DWBI/Apache/py_env/lib/python3.8/site-packages/airflow/example_dags/example_trigger_controller_dag.py
[2021-11-24 13:33:06,353] {processor.py:632} INFO - DAG(s) dict_keys(['example_trigger_controller_dag']) retrieved from /home/dante/DWBI/Apache/py_env/lib/python3.8/site-packages/airflow/example_dags/example_trigger_controller_dag.py
[2021-11-24 13:33:06,360] {logging_mixin.py:109} INFO - [2021-11-24 13:33:06,360] {dag.py:2389} INFO - Sync 1 DAGs
[2021-11-24 13:33:06,369] {logging_mixin.py:109} INFO - [2021-11-24 13:33:06,369] {dag.py:2921} INFO - Setting next_dagrun for example_trigger_controller_dag to 2021-01-01T00:00:00+00:00
[2021-11-24 13:33:06,376] {processor.py:171} INFO - Processing /home/dante/DWBI/Apache/py_env/lib/python3.8/site-packages/airflow/example_dags/example_trigger_controller_dag.py took 0.060 seconds
[2021-11-24 13:33:49,016] {processor.py:163} INFO - Started process (PID=48629) to work on /home/dante/DWBI/Apache/py_env/lib/python3.8/site-packages/airflow/example_dags/example_trigger_controller_dag.py
[2021-11-24 13:33:49,028] {processor.py:620} INFO - Processing file /home/dante/DWBI/Apache/py_env/lib/python3.8/site-packages/airflow/example_dags/example_trigger_controller_dag.py for tasks to queue
[2021-11-24 13:33:49,029] {logging_mixin.py:109} INFO - [2021-11-24 13:33:49,029] {dagbag.py:500} INFO - Filling up the DagBag from /home/dante/DWBI/Apache/py_env/lib/python3.8/site-packages/airflow/example_dags/example_trigger_controller_dag.py
[2021-11-24 13:33:49,060] {processor.py:632} INFO - DAG(s) dict_keys(['example_trigger_controller_dag']) retrieved from /home/dante/DWBI/Apache/py_env/lib/python3.8/site-packages/airflow/example_dags/example_trigger_controller_dag.py
[2021-11-24 13:33:49,068] {logging_mixin.py:109} INFO - [2021-11-24 13:33:49,068] {dag.py:2389} INFO - Sync 1 DAGs
[2021-11-24 13:33:49,076] {logging_mixin.py:109} INFO - [2021-11-24 13:33:49,076] {dag.py:2921} INFO - Setting next_dagrun for example_trigger_controller_dag to 2021-01-01T00:00:00+00:00
[2021-11-24 13:33:49,094] {processor.py:171} INFO - Processing /home/dante/DWBI/Apache/py_env/lib/python3.8/site-packages/airflow/example_dags/example_trigger_controller_dag.py took 0.084 seconds
[2021-11-24 13:34:27,884] {processor.py:163} INFO - Started process (PID=48734) to work on /home/dante/DWBI/Apache/py_env/lib/python3.8/site-packages/airflow/example_dags/example_trigger_controller_dag.py
[2021-11-24 13:34:27,886] {processor.py:620} INFO - Processing file /home/dante/DWBI/Apache/py_env/lib/python3.8/site-packages/airflow/example_dags/example_trigger_controller_dag.py for tasks to queue
[2021-11-24 13:34:27,887] {logging_mixin.py:109} INFO - [2021-11-24 13:34:27,886] {dagbag.py:500} INFO - Filling up the DagBag from /home/dante/DWBI/Apache/py_env/lib/python3.8/site-packages/airflow/example_dags/example_trigger_controller_dag.py
[2021-11-24 13:34:27,902] {processor.py:632} INFO - DAG(s) dict_keys(['example_trigger_controller_dag']) retrieved from /home/dante/DWBI/Apache/py_env/lib/python3.8/site-packages/airflow/example_dags/example_trigger_controller_dag.py
[2021-11-24 13:34:27,908] {logging_mixin.py:109} INFO - [2021-11-24 13:34:27,908] {dag.py:2389} INFO - Sync 1 DAGs
[2021-11-24 13:34:27,917] {logging_mixin.py:109} INFO - [2021-11-24 13:34:27,917] {dag.py:2921} INFO - Setting next_dagrun for example_trigger_controller_dag to 2021-01-01T00:00:00+00:00
[2021-11-24 13:34:27,927] {processor.py:171} INFO - Processing /home/dante/DWBI/Apache/py_env/lib/python3.8/site-packages/airflow/example_dags/example_trigger_controller_dag.py took 0.046 seconds
[2021-11-24 13:35:09,178] {processor.py:163} INFO - Started process (PID=48843) to work on /home/dante/DWBI/Apache/py_env/lib/python3.8/site-packages/airflow/example_dags/example_trigger_controller_dag.py
[2021-11-24 13:35:09,189] {processor.py:620} INFO - Processing file /home/dante/DWBI/Apache/py_env/lib/python3.8/site-packages/airflow/example_dags/example_trigger_controller_dag.py for tasks to queue
[2021-11-24 13:35:09,191] {logging_mixin.py:109} INFO - [2021-11-24 13:35:09,191] {dagbag.py:500} INFO - Filling up the DagBag from /home/dante/DWBI/Apache/py_env/lib/python3.8/site-packages/airflow/example_dags/example_trigger_controller_dag.py
[2021-11-24 13:35:09,221] {processor.py:632} INFO - DAG(s) dict_keys(['example_trigger_controller_dag']) retrieved from /home/dante/DWBI/Apache/py_env/lib/python3.8/site-packages/airflow/example_dags/example_trigger_controller_dag.py
[2021-11-24 13:35:09,228] {logging_mixin.py:109} INFO - [2021-11-24 13:35:09,228] {dag.py:2389} INFO - Sync 1 DAGs
[2021-11-24 13:35:09,237] {logging_mixin.py:109} INFO - [2021-11-24 13:35:09,236] {dag.py:2921} INFO - Setting next_dagrun for example_trigger_controller_dag to 2021-01-01T00:00:00+00:00
[2021-11-24 13:35:09,244] {processor.py:171} INFO - Processing /home/dante/DWBI/Apache/py_env/lib/python3.8/site-packages/airflow/example_dags/example_trigger_controller_dag.py took 0.072 seconds
[2021-11-24 13:35:46,997] {processor.py:163} INFO - Started process (PID=48939) to work on /home/dante/DWBI/Apache/py_env/lib/python3.8/site-packages/airflow/example_dags/example_trigger_controller_dag.py
[2021-11-24 13:35:46,998] {processor.py:620} INFO - Processing file /home/dante/DWBI/Apache/py_env/lib/python3.8/site-packages/airflow/example_dags/example_trigger_controller_dag.py for tasks to queue
[2021-11-24 13:35:46,998] {logging_mixin.py:109} INFO - [2021-11-24 13:35:46,998] {dagbag.py:500} INFO - Filling up the DagBag from /home/dante/DWBI/Apache/py_env/lib/python3.8/site-packages/airflow/example_dags/example_trigger_controller_dag.py
[2021-11-24 13:35:47,013] {processor.py:632} INFO - DAG(s) dict_keys(['example_trigger_controller_dag']) retrieved from /home/dante/DWBI/Apache/py_env/lib/python3.8/site-packages/airflow/example_dags/example_trigger_controller_dag.py
[2021-11-24 13:35:47,020] {logging_mixin.py:109} INFO - [2021-11-24 13:35:47,020] {dag.py:2389} INFO - Sync 1 DAGs
[2021-11-24 13:35:47,030] {logging_mixin.py:109} INFO - [2021-11-24 13:35:47,029] {dag.py:2921} INFO - Setting next_dagrun for example_trigger_controller_dag to 2021-01-01T00:00:00+00:00
[2021-11-24 13:35:47,041] {processor.py:171} INFO - Processing /home/dante/DWBI/Apache/py_env/lib/python3.8/site-packages/airflow/example_dags/example_trigger_controller_dag.py took 0.047 seconds
[2021-11-24 13:36:26,150] {processor.py:163} INFO - Started process (PID=49038) to work on /home/dante/DWBI/Apache/py_env/lib/python3.8/site-packages/airflow/example_dags/example_trigger_controller_dag.py
[2021-11-24 13:36:26,161] {processor.py:620} INFO - Processing file /home/dante/DWBI/Apache/py_env/lib/python3.8/site-packages/airflow/example_dags/example_trigger_controller_dag.py for tasks to queue
[2021-11-24 13:36:26,163] {logging_mixin.py:109} INFO - [2021-11-24 13:36:26,163] {dagbag.py:500} INFO - Filling up the DagBag from /home/dante/DWBI/Apache/py_env/lib/python3.8/site-packages/airflow/example_dags/example_trigger_controller_dag.py
[2021-11-24 13:36:26,193] {processor.py:632} INFO - DAG(s) dict_keys(['example_trigger_controller_dag']) retrieved from /home/dante/DWBI/Apache/py_env/lib/python3.8/site-packages/airflow/example_dags/example_trigger_controller_dag.py
[2021-11-24 13:36:26,201] {logging_mixin.py:109} INFO - [2021-11-24 13:36:26,201] {dag.py:2389} INFO - Sync 1 DAGs
[2021-11-24 13:36:26,209] {logging_mixin.py:109} INFO - [2021-11-24 13:36:26,209] {dag.py:2921} INFO - Setting next_dagrun for example_trigger_controller_dag to 2021-01-01T00:00:00+00:00
[2021-11-24 13:36:26,229] {processor.py:171} INFO - Processing /home/dante/DWBI/Apache/py_env/lib/python3.8/site-packages/airflow/example_dags/example_trigger_controller_dag.py took 0.086 seconds
[2021-11-24 13:37:08,522] {processor.py:163} INFO - Started process (PID=49174) to work on /home/dante/DWBI/Apache/py_env/lib/python3.8/site-packages/airflow/example_dags/example_trigger_controller_dag.py
[2021-11-24 13:37:08,533] {processor.py:620} INFO - Processing file /home/dante/DWBI/Apache/py_env/lib/python3.8/site-packages/airflow/example_dags/example_trigger_controller_dag.py for tasks to queue
[2021-11-24 13:37:08,535] {logging_mixin.py:109} INFO - [2021-11-24 13:37:08,534] {dagbag.py:500} INFO - Filling up the DagBag from /home/dante/DWBI/Apache/py_env/lib/python3.8/site-packages/airflow/example_dags/example_trigger_controller_dag.py
[2021-11-24 13:37:08,565] {processor.py:632} INFO - DAG(s) dict_keys(['example_trigger_controller_dag']) retrieved from /home/dante/DWBI/Apache/py_env/lib/python3.8/site-packages/airflow/example_dags/example_trigger_controller_dag.py
[2021-11-24 13:37:08,573] {logging_mixin.py:109} INFO - [2021-11-24 13:37:08,573] {dag.py:2389} INFO - Sync 1 DAGs
[2021-11-24 13:37:08,581] {logging_mixin.py:109} INFO - [2021-11-24 13:37:08,581] {dag.py:2921} INFO - Setting next_dagrun for example_trigger_controller_dag to 2021-01-01T00:00:00+00:00
[2021-11-24 13:37:08,589] {processor.py:171} INFO - Processing /home/dante/DWBI/Apache/py_env/lib/python3.8/site-packages/airflow/example_dags/example_trigger_controller_dag.py took 0.073 seconds
[2021-11-24 13:37:45,346] {processor.py:163} INFO - Started process (PID=49316) to work on /home/dante/DWBI/Apache/py_env/lib/python3.8/site-packages/airflow/example_dags/example_trigger_controller_dag.py
[2021-11-24 13:37:45,348] {processor.py:620} INFO - Processing file /home/dante/DWBI/Apache/py_env/lib/python3.8/site-packages/airflow/example_dags/example_trigger_controller_dag.py for tasks to queue
[2021-11-24 13:37:45,349] {logging_mixin.py:109} INFO - [2021-11-24 13:37:45,349] {dagbag.py:500} INFO - Filling up the DagBag from /home/dante/DWBI/Apache/py_env/lib/python3.8/site-packages/airflow/example_dags/example_trigger_controller_dag.py
[2021-11-24 13:37:45,369] {processor.py:632} INFO - DAG(s) dict_keys(['example_trigger_controller_dag']) retrieved from /home/dante/DWBI/Apache/py_env/lib/python3.8/site-packages/airflow/example_dags/example_trigger_controller_dag.py
[2021-11-24 13:37:45,379] {logging_mixin.py:109} INFO - [2021-11-24 13:37:45,379] {dag.py:2389} INFO - Sync 1 DAGs
[2021-11-24 13:37:45,388] {logging_mixin.py:109} INFO - [2021-11-24 13:37:45,388] {dag.py:2921} INFO - Setting next_dagrun for example_trigger_controller_dag to 2021-01-01T00:00:00+00:00
[2021-11-24 13:37:45,395] {processor.py:171} INFO - Processing /home/dante/DWBI/Apache/py_env/lib/python3.8/site-packages/airflow/example_dags/example_trigger_controller_dag.py took 0.052 seconds
[2021-11-24 13:38:26,818] {processor.py:163} INFO - Started process (PID=49405) to work on /home/dante/DWBI/Apache/py_env/lib/python3.8/site-packages/airflow/example_dags/example_trigger_controller_dag.py
[2021-11-24 13:38:26,823] {processor.py:620} INFO - Processing file /home/dante/DWBI/Apache/py_env/lib/python3.8/site-packages/airflow/example_dags/example_trigger_controller_dag.py for tasks to queue
[2021-11-24 13:38:26,825] {logging_mixin.py:109} INFO - [2021-11-24 13:38:26,824] {dagbag.py:500} INFO - Filling up the DagBag from /home/dante/DWBI/Apache/py_env/lib/python3.8/site-packages/airflow/example_dags/example_trigger_controller_dag.py
[2021-11-24 13:38:26,852] {processor.py:632} INFO - DAG(s) dict_keys(['example_trigger_controller_dag']) retrieved from /home/dante/DWBI/Apache/py_env/lib/python3.8/site-packages/airflow/example_dags/example_trigger_controller_dag.py
[2021-11-24 13:38:26,859] {logging_mixin.py:109} INFO - [2021-11-24 13:38:26,859] {dag.py:2389} INFO - Sync 1 DAGs
[2021-11-24 13:38:26,868] {logging_mixin.py:109} INFO - [2021-11-24 13:38:26,868] {dag.py:2921} INFO - Setting next_dagrun for example_trigger_controller_dag to 2021-01-01T00:00:00+00:00
[2021-11-24 13:38:26,875] {processor.py:171} INFO - Processing /home/dante/DWBI/Apache/py_env/lib/python3.8/site-packages/airflow/example_dags/example_trigger_controller_dag.py took 0.063 seconds
[2021-11-24 13:39:12,080] {processor.py:163} INFO - Started process (PID=49545) to work on /home/dante/DWBI/Apache/py_env/lib/python3.8/site-packages/airflow/example_dags/example_trigger_controller_dag.py
[2021-11-24 13:39:12,084] {processor.py:620} INFO - Processing file /home/dante/DWBI/Apache/py_env/lib/python3.8/site-packages/airflow/example_dags/example_trigger_controller_dag.py for tasks to queue
[2021-11-24 13:39:12,085] {logging_mixin.py:109} INFO - [2021-11-24 13:39:12,085] {dagbag.py:500} INFO - Filling up the DagBag from /home/dante/DWBI/Apache/py_env/lib/python3.8/site-packages/airflow/example_dags/example_trigger_controller_dag.py
[2021-11-24 13:39:12,111] {processor.py:632} INFO - DAG(s) dict_keys(['example_trigger_controller_dag']) retrieved from /home/dante/DWBI/Apache/py_env/lib/python3.8/site-packages/airflow/example_dags/example_trigger_controller_dag.py
[2021-11-24 13:39:12,118] {logging_mixin.py:109} INFO - [2021-11-24 13:39:12,118] {dag.py:2389} INFO - Sync 1 DAGs
[2021-11-24 13:39:12,128] {logging_mixin.py:109} INFO - [2021-11-24 13:39:12,127] {dag.py:2921} INFO - Setting next_dagrun for example_trigger_controller_dag to 2021-01-01T00:00:00+00:00
[2021-11-24 13:39:12,136] {processor.py:171} INFO - Processing /home/dante/DWBI/Apache/py_env/lib/python3.8/site-packages/airflow/example_dags/example_trigger_controller_dag.py took 0.062 seconds
[2021-11-24 13:39:48,360] {processor.py:163} INFO - Started process (PID=49617) to work on /home/dante/DWBI/Apache/py_env/lib/python3.8/site-packages/airflow/example_dags/example_trigger_controller_dag.py
[2021-11-24 13:39:48,362] {processor.py:620} INFO - Processing file /home/dante/DWBI/Apache/py_env/lib/python3.8/site-packages/airflow/example_dags/example_trigger_controller_dag.py for tasks to queue
[2021-11-24 13:39:48,362] {logging_mixin.py:109} INFO - [2021-11-24 13:39:48,362] {dagbag.py:500} INFO - Filling up the DagBag from /home/dante/DWBI/Apache/py_env/lib/python3.8/site-packages/airflow/example_dags/example_trigger_controller_dag.py
[2021-11-24 13:39:48,379] {processor.py:632} INFO - DAG(s) dict_keys(['example_trigger_controller_dag']) retrieved from /home/dante/DWBI/Apache/py_env/lib/python3.8/site-packages/airflow/example_dags/example_trigger_controller_dag.py
[2021-11-24 13:39:48,387] {logging_mixin.py:109} INFO - [2021-11-24 13:39:48,387] {dag.py:2389} INFO - Sync 1 DAGs
[2021-11-24 13:39:48,396] {logging_mixin.py:109} INFO - [2021-11-24 13:39:48,396] {dag.py:2921} INFO - Setting next_dagrun for example_trigger_controller_dag to 2021-01-01T00:00:00+00:00
[2021-11-24 13:39:48,404] {processor.py:171} INFO - Processing /home/dante/DWBI/Apache/py_env/lib/python3.8/site-packages/airflow/example_dags/example_trigger_controller_dag.py took 0.047 seconds
[2021-11-24 13:40:28,718] {processor.py:163} INFO - Started process (PID=49721) to work on /home/dante/DWBI/Apache/py_env/lib/python3.8/site-packages/airflow/example_dags/example_trigger_controller_dag.py
[2021-11-24 13:40:28,729] {processor.py:620} INFO - Processing file /home/dante/DWBI/Apache/py_env/lib/python3.8/site-packages/airflow/example_dags/example_trigger_controller_dag.py for tasks to queue
[2021-11-24 13:40:28,730] {logging_mixin.py:109} INFO - [2021-11-24 13:40:28,730] {dagbag.py:500} INFO - Filling up the DagBag from /home/dante/DWBI/Apache/py_env/lib/python3.8/site-packages/airflow/example_dags/example_trigger_controller_dag.py
[2021-11-24 13:40:28,757] {processor.py:632} INFO - DAG(s) dict_keys(['example_trigger_controller_dag']) retrieved from /home/dante/DWBI/Apache/py_env/lib/python3.8/site-packages/airflow/example_dags/example_trigger_controller_dag.py
[2021-11-24 13:40:28,764] {logging_mixin.py:109} INFO - [2021-11-24 13:40:28,764] {dag.py:2389} INFO - Sync 1 DAGs
[2021-11-24 13:40:28,773] {logging_mixin.py:109} INFO - [2021-11-24 13:40:28,773] {dag.py:2921} INFO - Setting next_dagrun for example_trigger_controller_dag to 2021-01-01T00:00:00+00:00
[2021-11-24 13:40:28,780] {processor.py:171} INFO - Processing /home/dante/DWBI/Apache/py_env/lib/python3.8/site-packages/airflow/example_dags/example_trigger_controller_dag.py took 0.070 seconds
[2021-11-24 13:41:08,148] {processor.py:163} INFO - Started process (PID=49790) to work on /home/dante/DWBI/Apache/py_env/lib/python3.8/site-packages/airflow/example_dags/example_trigger_controller_dag.py
[2021-11-24 13:41:08,158] {processor.py:620} INFO - Processing file /home/dante/DWBI/Apache/py_env/lib/python3.8/site-packages/airflow/example_dags/example_trigger_controller_dag.py for tasks to queue
[2021-11-24 13:41:08,158] {logging_mixin.py:109} INFO - [2021-11-24 13:41:08,158] {dagbag.py:500} INFO - Filling up the DagBag from /home/dante/DWBI/Apache/py_env/lib/python3.8/site-packages/airflow/example_dags/example_trigger_controller_dag.py
[2021-11-24 13:41:08,172] {processor.py:632} INFO - DAG(s) dict_keys(['example_trigger_controller_dag']) retrieved from /home/dante/DWBI/Apache/py_env/lib/python3.8/site-packages/airflow/example_dags/example_trigger_controller_dag.py
[2021-11-24 13:41:08,179] {logging_mixin.py:109} INFO - [2021-11-24 13:41:08,179] {dag.py:2389} INFO - Sync 1 DAGs
[2021-11-24 13:41:08,188] {logging_mixin.py:109} INFO - [2021-11-24 13:41:08,188] {dag.py:2921} INFO - Setting next_dagrun for example_trigger_controller_dag to 2021-01-01T00:00:00+00:00
[2021-11-24 13:41:08,195] {processor.py:171} INFO - Processing /home/dante/DWBI/Apache/py_env/lib/python3.8/site-packages/airflow/example_dags/example_trigger_controller_dag.py took 0.051 seconds
[2021-11-24 13:41:49,437] {processor.py:163} INFO - Started process (PID=49922) to work on /home/dante/DWBI/Apache/py_env/lib/python3.8/site-packages/airflow/example_dags/example_trigger_controller_dag.py
[2021-11-24 13:41:49,439] {processor.py:620} INFO - Processing file /home/dante/DWBI/Apache/py_env/lib/python3.8/site-packages/airflow/example_dags/example_trigger_controller_dag.py for tasks to queue
[2021-11-24 13:41:49,440] {logging_mixin.py:109} INFO - [2021-11-24 13:41:49,440] {dagbag.py:500} INFO - Filling up the DagBag from /home/dante/DWBI/Apache/py_env/lib/python3.8/site-packages/airflow/example_dags/example_trigger_controller_dag.py
[2021-11-24 13:41:49,455] {processor.py:632} INFO - DAG(s) dict_keys(['example_trigger_controller_dag']) retrieved from /home/dante/DWBI/Apache/py_env/lib/python3.8/site-packages/airflow/example_dags/example_trigger_controller_dag.py
[2021-11-24 13:41:49,462] {logging_mixin.py:109} INFO - [2021-11-24 13:41:49,462] {dag.py:2389} INFO - Sync 1 DAGs
[2021-11-24 13:41:49,471] {logging_mixin.py:109} INFO - [2021-11-24 13:41:49,471] {dag.py:2921} INFO - Setting next_dagrun for example_trigger_controller_dag to 2021-01-01T00:00:00+00:00
[2021-11-24 13:41:49,479] {processor.py:171} INFO - Processing /home/dante/DWBI/Apache/py_env/lib/python3.8/site-packages/airflow/example_dags/example_trigger_controller_dag.py took 0.044 seconds
[2021-11-24 13:42:25,845] {processor.py:163} INFO - Started process (PID=50001) to work on /home/dante/DWBI/Apache/py_env/lib/python3.8/site-packages/airflow/example_dags/example_trigger_controller_dag.py
[2021-11-24 13:42:25,854] {processor.py:620} INFO - Processing file /home/dante/DWBI/Apache/py_env/lib/python3.8/site-packages/airflow/example_dags/example_trigger_controller_dag.py for tasks to queue
[2021-11-24 13:42:25,855] {logging_mixin.py:109} INFO - [2021-11-24 13:42:25,855] {dagbag.py:500} INFO - Filling up the DagBag from /home/dante/DWBI/Apache/py_env/lib/python3.8/site-packages/airflow/example_dags/example_trigger_controller_dag.py
[2021-11-24 13:42:25,873] {processor.py:632} INFO - DAG(s) dict_keys(['example_trigger_controller_dag']) retrieved from /home/dante/DWBI/Apache/py_env/lib/python3.8/site-packages/airflow/example_dags/example_trigger_controller_dag.py
[2021-11-24 13:42:25,883] {logging_mixin.py:109} INFO - [2021-11-24 13:42:25,883] {dag.py:2389} INFO - Sync 1 DAGs
[2021-11-24 13:42:25,893] {logging_mixin.py:109} INFO - [2021-11-24 13:42:25,893] {dag.py:2921} INFO - Setting next_dagrun for example_trigger_controller_dag to 2021-01-01T00:00:00+00:00
[2021-11-24 13:42:25,916] {processor.py:171} INFO - Processing /home/dante/DWBI/Apache/py_env/lib/python3.8/site-packages/airflow/example_dags/example_trigger_controller_dag.py took 0.074 seconds
