[2021-11-24 13:01:45,881] {processor.py:163} INFO - Started process (PID=42685) to work on /home/dante/DWBI/Apache/py_env/lib/python3.8/site-packages/airflow/example_dags/example_complex.py
[2021-11-24 13:01:45,882] {processor.py:620} INFO - Processing file /home/dante/DWBI/Apache/py_env/lib/python3.8/site-packages/airflow/example_dags/example_complex.py for tasks to queue
[2021-11-24 13:01:45,882] {logging_mixin.py:109} INFO - [2021-11-24 13:01:45,882] {dagbag.py:500} INFO - Filling up the DagBag from /home/dante/DWBI/Apache/py_env/lib/python3.8/site-packages/airflow/example_dags/example_complex.py
[2021-11-24 13:01:45,905] {processor.py:632} INFO - DAG(s) dict_keys(['example_complex']) retrieved from /home/dante/DWBI/Apache/py_env/lib/python3.8/site-packages/airflow/example_dags/example_complex.py
[2021-11-24 13:01:45,916] {logging_mixin.py:109} INFO - [2021-11-24 13:01:45,916] {dag.py:2389} INFO - Sync 1 DAGs
[2021-11-24 13:01:45,924] {logging_mixin.py:109} INFO - [2021-11-24 13:01:45,924] {dag.py:2921} INFO - Setting next_dagrun for example_complex to None
[2021-11-24 13:01:45,938] {processor.py:171} INFO - Processing /home/dante/DWBI/Apache/py_env/lib/python3.8/site-packages/airflow/example_dags/example_complex.py took 0.059 seconds
[2021-11-24 13:02:24,185] {processor.py:163} INFO - Started process (PID=42735) to work on /home/dante/DWBI/Apache/py_env/lib/python3.8/site-packages/airflow/example_dags/example_complex.py
[2021-11-24 13:02:24,197] {processor.py:620} INFO - Processing file /home/dante/DWBI/Apache/py_env/lib/python3.8/site-packages/airflow/example_dags/example_complex.py for tasks to queue
[2021-11-24 13:02:24,198] {logging_mixin.py:109} INFO - [2021-11-24 13:02:24,198] {dagbag.py:500} INFO - Filling up the DagBag from /home/dante/DWBI/Apache/py_env/lib/python3.8/site-packages/airflow/example_dags/example_complex.py
[2021-11-24 13:02:24,246] {processor.py:632} INFO - DAG(s) dict_keys(['example_complex']) retrieved from /home/dante/DWBI/Apache/py_env/lib/python3.8/site-packages/airflow/example_dags/example_complex.py
[2021-11-24 13:02:24,257] {logging_mixin.py:109} INFO - [2021-11-24 13:02:24,256] {dag.py:2389} INFO - Sync 1 DAGs
[2021-11-24 13:02:24,265] {logging_mixin.py:109} INFO - [2021-11-24 13:02:24,265] {dag.py:2921} INFO - Setting next_dagrun for example_complex to None
[2021-11-24 13:02:24,277] {processor.py:171} INFO - Processing /home/dante/DWBI/Apache/py_env/lib/python3.8/site-packages/airflow/example_dags/example_complex.py took 0.095 seconds
[2021-11-24 13:03:02,777] {processor.py:163} INFO - Started process (PID=42845) to work on /home/dante/DWBI/Apache/py_env/lib/python3.8/site-packages/airflow/example_dags/example_complex.py
[2021-11-24 13:03:02,787] {processor.py:620} INFO - Processing file /home/dante/DWBI/Apache/py_env/lib/python3.8/site-packages/airflow/example_dags/example_complex.py for tasks to queue
[2021-11-24 13:03:02,788] {logging_mixin.py:109} INFO - [2021-11-24 13:03:02,788] {dagbag.py:500} INFO - Filling up the DagBag from /home/dante/DWBI/Apache/py_env/lib/python3.8/site-packages/airflow/example_dags/example_complex.py
[2021-11-24 13:03:02,825] {processor.py:632} INFO - DAG(s) dict_keys(['example_complex']) retrieved from /home/dante/DWBI/Apache/py_env/lib/python3.8/site-packages/airflow/example_dags/example_complex.py
[2021-11-24 13:03:02,835] {logging_mixin.py:109} INFO - [2021-11-24 13:03:02,835] {dag.py:2389} INFO - Sync 1 DAGs
[2021-11-24 13:03:02,845] {logging_mixin.py:109} INFO - [2021-11-24 13:03:02,845] {dag.py:2921} INFO - Setting next_dagrun for example_complex to None
[2021-11-24 13:03:02,859] {processor.py:171} INFO - Processing /home/dante/DWBI/Apache/py_env/lib/python3.8/site-packages/airflow/example_dags/example_complex.py took 0.085 seconds
[2021-11-24 13:03:40,237] {processor.py:163} INFO - Started process (PID=42907) to work on /home/dante/DWBI/Apache/py_env/lib/python3.8/site-packages/airflow/example_dags/example_complex.py
[2021-11-24 13:03:40,247] {processor.py:620} INFO - Processing file /home/dante/DWBI/Apache/py_env/lib/python3.8/site-packages/airflow/example_dags/example_complex.py for tasks to queue
[2021-11-24 13:03:40,247] {logging_mixin.py:109} INFO - [2021-11-24 13:03:40,247] {dagbag.py:500} INFO - Filling up the DagBag from /home/dante/DWBI/Apache/py_env/lib/python3.8/site-packages/airflow/example_dags/example_complex.py
[2021-11-24 13:03:40,279] {processor.py:632} INFO - DAG(s) dict_keys(['example_complex']) retrieved from /home/dante/DWBI/Apache/py_env/lib/python3.8/site-packages/airflow/example_dags/example_complex.py
[2021-11-24 13:03:40,290] {logging_mixin.py:109} INFO - [2021-11-24 13:03:40,290] {dag.py:2389} INFO - Sync 1 DAGs
[2021-11-24 13:03:40,298] {logging_mixin.py:109} INFO - [2021-11-24 13:03:40,298] {dag.py:2921} INFO - Setting next_dagrun for example_complex to None
[2021-11-24 13:03:40,305] {processor.py:171} INFO - Processing /home/dante/DWBI/Apache/py_env/lib/python3.8/site-packages/airflow/example_dags/example_complex.py took 0.071 seconds
[2021-11-24 13:04:17,987] {processor.py:163} INFO - Started process (PID=42962) to work on /home/dante/DWBI/Apache/py_env/lib/python3.8/site-packages/airflow/example_dags/example_complex.py
[2021-11-24 13:04:17,998] {processor.py:620} INFO - Processing file /home/dante/DWBI/Apache/py_env/lib/python3.8/site-packages/airflow/example_dags/example_complex.py for tasks to queue
[2021-11-24 13:04:17,999] {logging_mixin.py:109} INFO - [2021-11-24 13:04:17,999] {dagbag.py:500} INFO - Filling up the DagBag from /home/dante/DWBI/Apache/py_env/lib/python3.8/site-packages/airflow/example_dags/example_complex.py
[2021-11-24 13:04:18,039] {processor.py:632} INFO - DAG(s) dict_keys(['example_complex']) retrieved from /home/dante/DWBI/Apache/py_env/lib/python3.8/site-packages/airflow/example_dags/example_complex.py
[2021-11-24 13:04:18,049] {logging_mixin.py:109} INFO - [2021-11-24 13:04:18,049] {dag.py:2389} INFO - Sync 1 DAGs
[2021-11-24 13:04:18,058] {logging_mixin.py:109} INFO - [2021-11-24 13:04:18,058] {dag.py:2921} INFO - Setting next_dagrun for example_complex to None
[2021-11-24 13:04:18,065] {processor.py:171} INFO - Processing /home/dante/DWBI/Apache/py_env/lib/python3.8/site-packages/airflow/example_dags/example_complex.py took 0.085 seconds
[2021-11-24 13:04:59,792] {processor.py:163} INFO - Started process (PID=43175) to work on /home/dante/DWBI/Apache/py_env/lib/python3.8/site-packages/airflow/example_dags/example_complex.py
[2021-11-24 13:04:59,794] {processor.py:620} INFO - Processing file /home/dante/DWBI/Apache/py_env/lib/python3.8/site-packages/airflow/example_dags/example_complex.py for tasks to queue
[2021-11-24 13:04:59,795] {logging_mixin.py:109} INFO - [2021-11-24 13:04:59,795] {dagbag.py:500} INFO - Filling up the DagBag from /home/dante/DWBI/Apache/py_env/lib/python3.8/site-packages/airflow/example_dags/example_complex.py
[2021-11-24 13:04:59,816] {processor.py:632} INFO - DAG(s) dict_keys(['example_complex']) retrieved from /home/dante/DWBI/Apache/py_env/lib/python3.8/site-packages/airflow/example_dags/example_complex.py
[2021-11-24 13:04:59,827] {logging_mixin.py:109} INFO - [2021-11-24 13:04:59,827] {dag.py:2389} INFO - Sync 1 DAGs
[2021-11-24 13:04:59,837] {logging_mixin.py:109} INFO - [2021-11-24 13:04:59,837] {dag.py:2921} INFO - Setting next_dagrun for example_complex to None
[2021-11-24 13:04:59,846] {processor.py:171} INFO - Processing /home/dante/DWBI/Apache/py_env/lib/python3.8/site-packages/airflow/example_dags/example_complex.py took 0.056 seconds
[2021-11-24 13:05:36,103] {processor.py:163} INFO - Started process (PID=43242) to work on /home/dante/DWBI/Apache/py_env/lib/python3.8/site-packages/airflow/example_dags/example_complex.py
[2021-11-24 13:05:36,105] {processor.py:620} INFO - Processing file /home/dante/DWBI/Apache/py_env/lib/python3.8/site-packages/airflow/example_dags/example_complex.py for tasks to queue
[2021-11-24 13:05:36,105] {logging_mixin.py:109} INFO - [2021-11-24 13:05:36,105] {dagbag.py:500} INFO - Filling up the DagBag from /home/dante/DWBI/Apache/py_env/lib/python3.8/site-packages/airflow/example_dags/example_complex.py
[2021-11-24 13:05:36,128] {processor.py:632} INFO - DAG(s) dict_keys(['example_complex']) retrieved from /home/dante/DWBI/Apache/py_env/lib/python3.8/site-packages/airflow/example_dags/example_complex.py
[2021-11-24 13:05:36,139] {logging_mixin.py:109} INFO - [2021-11-24 13:05:36,139] {dag.py:2389} INFO - Sync 1 DAGs
[2021-11-24 13:05:36,148] {logging_mixin.py:109} INFO - [2021-11-24 13:05:36,148] {dag.py:2921} INFO - Setting next_dagrun for example_complex to None
[2021-11-24 13:05:36,156] {processor.py:171} INFO - Processing /home/dante/DWBI/Apache/py_env/lib/python3.8/site-packages/airflow/example_dags/example_complex.py took 0.055 seconds
[2021-11-24 13:06:15,055] {processor.py:163} INFO - Started process (PID=43304) to work on /home/dante/DWBI/Apache/py_env/lib/python3.8/site-packages/airflow/example_dags/example_complex.py
[2021-11-24 13:06:15,064] {processor.py:620} INFO - Processing file /home/dante/DWBI/Apache/py_env/lib/python3.8/site-packages/airflow/example_dags/example_complex.py for tasks to queue
[2021-11-24 13:06:15,064] {logging_mixin.py:109} INFO - [2021-11-24 13:06:15,064] {dagbag.py:500} INFO - Filling up the DagBag from /home/dante/DWBI/Apache/py_env/lib/python3.8/site-packages/airflow/example_dags/example_complex.py
[2021-11-24 13:06:15,091] {processor.py:632} INFO - DAG(s) dict_keys(['example_complex']) retrieved from /home/dante/DWBI/Apache/py_env/lib/python3.8/site-packages/airflow/example_dags/example_complex.py
[2021-11-24 13:06:15,104] {logging_mixin.py:109} INFO - [2021-11-24 13:06:15,103] {dag.py:2389} INFO - Sync 1 DAGs
[2021-11-24 13:06:15,112] {logging_mixin.py:109} INFO - [2021-11-24 13:06:15,112] {dag.py:2921} INFO - Setting next_dagrun for example_complex to None
[2021-11-24 13:06:15,121] {processor.py:171} INFO - Processing /home/dante/DWBI/Apache/py_env/lib/python3.8/site-packages/airflow/example_dags/example_complex.py took 0.068 seconds
[2021-11-24 13:06:48,455] {processor.py:163} INFO - Started process (PID=43379) to work on /home/dante/DWBI/Apache/py_env/lib/python3.8/site-packages/airflow/example_dags/example_complex.py
[2021-11-24 13:06:48,460] {processor.py:620} INFO - Processing file /home/dante/DWBI/Apache/py_env/lib/python3.8/site-packages/airflow/example_dags/example_complex.py for tasks to queue
[2021-11-24 13:06:48,461] {logging_mixin.py:109} INFO - [2021-11-24 13:06:48,461] {dagbag.py:500} INFO - Filling up the DagBag from /home/dante/DWBI/Apache/py_env/lib/python3.8/site-packages/airflow/example_dags/example_complex.py
[2021-11-24 13:06:48,498] {processor.py:632} INFO - DAG(s) dict_keys(['example_complex']) retrieved from /home/dante/DWBI/Apache/py_env/lib/python3.8/site-packages/airflow/example_dags/example_complex.py
[2021-11-24 13:06:48,508] {logging_mixin.py:109} INFO - [2021-11-24 13:06:48,508] {dag.py:2389} INFO - Sync 1 DAGs
[2021-11-24 13:06:48,517] {logging_mixin.py:109} INFO - [2021-11-24 13:06:48,517] {dag.py:2921} INFO - Setting next_dagrun for example_complex to None
[2021-11-24 13:06:48,524] {processor.py:171} INFO - Processing /home/dante/DWBI/Apache/py_env/lib/python3.8/site-packages/airflow/example_dags/example_complex.py took 0.075 seconds
[2021-11-24 13:07:25,733] {processor.py:163} INFO - Started process (PID=43428) to work on /home/dante/DWBI/Apache/py_env/lib/python3.8/site-packages/airflow/example_dags/example_complex.py
[2021-11-24 13:07:25,743] {processor.py:620} INFO - Processing file /home/dante/DWBI/Apache/py_env/lib/python3.8/site-packages/airflow/example_dags/example_complex.py for tasks to queue
[2021-11-24 13:07:25,744] {logging_mixin.py:109} INFO - [2021-11-24 13:07:25,744] {dagbag.py:500} INFO - Filling up the DagBag from /home/dante/DWBI/Apache/py_env/lib/python3.8/site-packages/airflow/example_dags/example_complex.py
[2021-11-24 13:07:25,784] {processor.py:632} INFO - DAG(s) dict_keys(['example_complex']) retrieved from /home/dante/DWBI/Apache/py_env/lib/python3.8/site-packages/airflow/example_dags/example_complex.py
[2021-11-24 13:07:25,795] {logging_mixin.py:109} INFO - [2021-11-24 13:07:25,795] {dag.py:2389} INFO - Sync 1 DAGs
[2021-11-24 13:07:25,804] {logging_mixin.py:109} INFO - [2021-11-24 13:07:25,804] {dag.py:2921} INFO - Setting next_dagrun for example_complex to None
[2021-11-24 13:07:25,811] {processor.py:171} INFO - Processing /home/dante/DWBI/Apache/py_env/lib/python3.8/site-packages/airflow/example_dags/example_complex.py took 0.081 seconds
[2021-11-24 13:08:03,339] {processor.py:163} INFO - Started process (PID=43479) to work on /home/dante/DWBI/Apache/py_env/lib/python3.8/site-packages/airflow/example_dags/example_complex.py
[2021-11-24 13:08:03,351] {processor.py:620} INFO - Processing file /home/dante/DWBI/Apache/py_env/lib/python3.8/site-packages/airflow/example_dags/example_complex.py for tasks to queue
[2021-11-24 13:08:03,353] {logging_mixin.py:109} INFO - [2021-11-24 13:08:03,352] {dagbag.py:500} INFO - Filling up the DagBag from /home/dante/DWBI/Apache/py_env/lib/python3.8/site-packages/airflow/example_dags/example_complex.py
[2021-11-24 13:08:03,391] {processor.py:632} INFO - DAG(s) dict_keys(['example_complex']) retrieved from /home/dante/DWBI/Apache/py_env/lib/python3.8/site-packages/airflow/example_dags/example_complex.py
[2021-11-24 13:08:03,402] {logging_mixin.py:109} INFO - [2021-11-24 13:08:03,402] {dag.py:2389} INFO - Sync 1 DAGs
[2021-11-24 13:08:03,411] {logging_mixin.py:109} INFO - [2021-11-24 13:08:03,411] {dag.py:2921} INFO - Setting next_dagrun for example_complex to None
[2021-11-24 13:08:03,429] {processor.py:171} INFO - Processing /home/dante/DWBI/Apache/py_env/lib/python3.8/site-packages/airflow/example_dags/example_complex.py took 0.096 seconds
[2021-11-24 13:08:37,172] {processor.py:163} INFO - Started process (PID=43547) to work on /home/dante/DWBI/Apache/py_env/lib/python3.8/site-packages/airflow/example_dags/example_complex.py
[2021-11-24 13:08:37,183] {processor.py:620} INFO - Processing file /home/dante/DWBI/Apache/py_env/lib/python3.8/site-packages/airflow/example_dags/example_complex.py for tasks to queue
[2021-11-24 13:08:37,183] {logging_mixin.py:109} INFO - [2021-11-24 13:08:37,183] {dagbag.py:500} INFO - Filling up the DagBag from /home/dante/DWBI/Apache/py_env/lib/python3.8/site-packages/airflow/example_dags/example_complex.py
[2021-11-24 13:08:37,215] {processor.py:632} INFO - DAG(s) dict_keys(['example_complex']) retrieved from /home/dante/DWBI/Apache/py_env/lib/python3.8/site-packages/airflow/example_dags/example_complex.py
[2021-11-24 13:08:37,225] {logging_mixin.py:109} INFO - [2021-11-24 13:08:37,225] {dag.py:2389} INFO - Sync 1 DAGs
[2021-11-24 13:08:37,234] {logging_mixin.py:109} INFO - [2021-11-24 13:08:37,234] {dag.py:2921} INFO - Setting next_dagrun for example_complex to None
[2021-11-24 13:08:37,244] {processor.py:171} INFO - Processing /home/dante/DWBI/Apache/py_env/lib/python3.8/site-packages/airflow/example_dags/example_complex.py took 0.074 seconds
[2021-11-24 13:09:13,344] {processor.py:163} INFO - Started process (PID=43607) to work on /home/dante/DWBI/Apache/py_env/lib/python3.8/site-packages/airflow/example_dags/example_complex.py
[2021-11-24 13:09:13,353] {processor.py:620} INFO - Processing file /home/dante/DWBI/Apache/py_env/lib/python3.8/site-packages/airflow/example_dags/example_complex.py for tasks to queue
[2021-11-24 13:09:13,353] {logging_mixin.py:109} INFO - [2021-11-24 13:09:13,353] {dagbag.py:500} INFO - Filling up the DagBag from /home/dante/DWBI/Apache/py_env/lib/python3.8/site-packages/airflow/example_dags/example_complex.py
[2021-11-24 13:09:13,373] {processor.py:632} INFO - DAG(s) dict_keys(['example_complex']) retrieved from /home/dante/DWBI/Apache/py_env/lib/python3.8/site-packages/airflow/example_dags/example_complex.py
[2021-11-24 13:09:13,384] {logging_mixin.py:109} INFO - [2021-11-24 13:09:13,384] {dag.py:2389} INFO - Sync 1 DAGs
[2021-11-24 13:09:13,392] {logging_mixin.py:109} INFO - [2021-11-24 13:09:13,392] {dag.py:2921} INFO - Setting next_dagrun for example_complex to None
[2021-11-24 13:09:13,421] {processor.py:171} INFO - Processing /home/dante/DWBI/Apache/py_env/lib/python3.8/site-packages/airflow/example_dags/example_complex.py took 0.079 seconds
[2021-11-24 13:09:54,080] {processor.py:163} INFO - Started process (PID=43806) to work on /home/dante/DWBI/Apache/py_env/lib/python3.8/site-packages/airflow/example_dags/example_complex.py
[2021-11-24 13:09:54,091] {processor.py:620} INFO - Processing file /home/dante/DWBI/Apache/py_env/lib/python3.8/site-packages/airflow/example_dags/example_complex.py for tasks to queue
[2021-11-24 13:09:54,092] {logging_mixin.py:109} INFO - [2021-11-24 13:09:54,091] {dagbag.py:500} INFO - Filling up the DagBag from /home/dante/DWBI/Apache/py_env/lib/python3.8/site-packages/airflow/example_dags/example_complex.py
[2021-11-24 13:09:54,121] {processor.py:632} INFO - DAG(s) dict_keys(['example_complex']) retrieved from /home/dante/DWBI/Apache/py_env/lib/python3.8/site-packages/airflow/example_dags/example_complex.py
[2021-11-24 13:09:54,132] {logging_mixin.py:109} INFO - [2021-11-24 13:09:54,132] {dag.py:2389} INFO - Sync 1 DAGs
[2021-11-24 13:09:54,140] {logging_mixin.py:109} INFO - [2021-11-24 13:09:54,140] {dag.py:2921} INFO - Setting next_dagrun for example_complex to None
[2021-11-24 13:09:54,158] {processor.py:171} INFO - Processing /home/dante/DWBI/Apache/py_env/lib/python3.8/site-packages/airflow/example_dags/example_complex.py took 0.080 seconds
[2021-11-24 13:10:29,192] {processor.py:163} INFO - Started process (PID=43991) to work on /home/dante/DWBI/Apache/py_env/lib/python3.8/site-packages/airflow/example_dags/example_complex.py
[2021-11-24 13:10:29,195] {processor.py:620} INFO - Processing file /home/dante/DWBI/Apache/py_env/lib/python3.8/site-packages/airflow/example_dags/example_complex.py for tasks to queue
[2021-11-24 13:10:29,197] {logging_mixin.py:109} INFO - [2021-11-24 13:10:29,197] {dagbag.py:500} INFO - Filling up the DagBag from /home/dante/DWBI/Apache/py_env/lib/python3.8/site-packages/airflow/example_dags/example_complex.py
[2021-11-24 13:10:29,238] {processor.py:632} INFO - DAG(s) dict_keys(['example_complex']) retrieved from /home/dante/DWBI/Apache/py_env/lib/python3.8/site-packages/airflow/example_dags/example_complex.py
[2021-11-24 13:10:29,248] {logging_mixin.py:109} INFO - [2021-11-24 13:10:29,248] {dag.py:2389} INFO - Sync 1 DAGs
[2021-11-24 13:10:29,256] {logging_mixin.py:109} INFO - [2021-11-24 13:10:29,256] {dag.py:2921} INFO - Setting next_dagrun for example_complex to None
[2021-11-24 13:10:29,263] {processor.py:171} INFO - Processing /home/dante/DWBI/Apache/py_env/lib/python3.8/site-packages/airflow/example_dags/example_complex.py took 0.076 seconds
[2021-11-24 13:11:10,147] {processor.py:163} INFO - Started process (PID=44140) to work on /home/dante/DWBI/Apache/py_env/lib/python3.8/site-packages/airflow/example_dags/example_complex.py
[2021-11-24 13:11:10,158] {processor.py:620} INFO - Processing file /home/dante/DWBI/Apache/py_env/lib/python3.8/site-packages/airflow/example_dags/example_complex.py for tasks to queue
[2021-11-24 13:11:10,159] {logging_mixin.py:109} INFO - [2021-11-24 13:11:10,159] {dagbag.py:500} INFO - Filling up the DagBag from /home/dante/DWBI/Apache/py_env/lib/python3.8/site-packages/airflow/example_dags/example_complex.py
[2021-11-24 13:11:10,197] {processor.py:632} INFO - DAG(s) dict_keys(['example_complex']) retrieved from /home/dante/DWBI/Apache/py_env/lib/python3.8/site-packages/airflow/example_dags/example_complex.py
[2021-11-24 13:11:10,207] {logging_mixin.py:109} INFO - [2021-11-24 13:11:10,207] {dag.py:2389} INFO - Sync 1 DAGs
[2021-11-24 13:11:10,216] {logging_mixin.py:109} INFO - [2021-11-24 13:11:10,216] {dag.py:2921} INFO - Setting next_dagrun for example_complex to None
[2021-11-24 13:11:10,239] {processor.py:171} INFO - Processing /home/dante/DWBI/Apache/py_env/lib/python3.8/site-packages/airflow/example_dags/example_complex.py took 0.099 seconds
[2021-11-24 13:11:46,100] {processor.py:163} INFO - Started process (PID=44247) to work on /home/dante/DWBI/Apache/py_env/lib/python3.8/site-packages/airflow/example_dags/example_complex.py
[2021-11-24 13:11:46,110] {processor.py:620} INFO - Processing file /home/dante/DWBI/Apache/py_env/lib/python3.8/site-packages/airflow/example_dags/example_complex.py for tasks to queue
[2021-11-24 13:11:46,110] {logging_mixin.py:109} INFO - [2021-11-24 13:11:46,110] {dagbag.py:500} INFO - Filling up the DagBag from /home/dante/DWBI/Apache/py_env/lib/python3.8/site-packages/airflow/example_dags/example_complex.py
[2021-11-24 13:11:46,139] {processor.py:632} INFO - DAG(s) dict_keys(['example_complex']) retrieved from /home/dante/DWBI/Apache/py_env/lib/python3.8/site-packages/airflow/example_dags/example_complex.py
[2021-11-24 13:11:46,150] {logging_mixin.py:109} INFO - [2021-11-24 13:11:46,150] {dag.py:2389} INFO - Sync 1 DAGs
[2021-11-24 13:11:46,158] {logging_mixin.py:109} INFO - [2021-11-24 13:11:46,158] {dag.py:2921} INFO - Setting next_dagrun for example_complex to None
[2021-11-24 13:11:46,172] {processor.py:171} INFO - Processing /home/dante/DWBI/Apache/py_env/lib/python3.8/site-packages/airflow/example_dags/example_complex.py took 0.074 seconds
[2021-11-24 13:12:20,637] {processor.py:163} INFO - Started process (PID=44306) to work on /home/dante/DWBI/Apache/py_env/lib/python3.8/site-packages/airflow/example_dags/example_complex.py
[2021-11-24 13:12:20,639] {processor.py:620} INFO - Processing file /home/dante/DWBI/Apache/py_env/lib/python3.8/site-packages/airflow/example_dags/example_complex.py for tasks to queue
[2021-11-24 13:12:20,640] {logging_mixin.py:109} INFO - [2021-11-24 13:12:20,640] {dagbag.py:500} INFO - Filling up the DagBag from /home/dante/DWBI/Apache/py_env/lib/python3.8/site-packages/airflow/example_dags/example_complex.py
[2021-11-24 13:12:20,660] {processor.py:632} INFO - DAG(s) dict_keys(['example_complex']) retrieved from /home/dante/DWBI/Apache/py_env/lib/python3.8/site-packages/airflow/example_dags/example_complex.py
[2021-11-24 13:12:20,670] {logging_mixin.py:109} INFO - [2021-11-24 13:12:20,670] {dag.py:2389} INFO - Sync 1 DAGs
[2021-11-24 13:12:20,678] {logging_mixin.py:109} INFO - [2021-11-24 13:12:20,678] {dag.py:2921} INFO - Setting next_dagrun for example_complex to None
[2021-11-24 13:12:20,686] {processor.py:171} INFO - Processing /home/dante/DWBI/Apache/py_env/lib/python3.8/site-packages/airflow/example_dags/example_complex.py took 0.051 seconds
[2021-11-24 13:12:59,398] {processor.py:163} INFO - Started process (PID=44394) to work on /home/dante/DWBI/Apache/py_env/lib/python3.8/site-packages/airflow/example_dags/example_complex.py
[2021-11-24 13:12:59,408] {processor.py:620} INFO - Processing file /home/dante/DWBI/Apache/py_env/lib/python3.8/site-packages/airflow/example_dags/example_complex.py for tasks to queue
[2021-11-24 13:12:59,409] {logging_mixin.py:109} INFO - [2021-11-24 13:12:59,409] {dagbag.py:500} INFO - Filling up the DagBag from /home/dante/DWBI/Apache/py_env/lib/python3.8/site-packages/airflow/example_dags/example_complex.py
[2021-11-24 13:12:59,442] {processor.py:632} INFO - DAG(s) dict_keys(['example_complex']) retrieved from /home/dante/DWBI/Apache/py_env/lib/python3.8/site-packages/airflow/example_dags/example_complex.py
[2021-11-24 13:12:59,456] {logging_mixin.py:109} INFO - [2021-11-24 13:12:59,456] {dag.py:2389} INFO - Sync 1 DAGs
[2021-11-24 13:12:59,468] {logging_mixin.py:109} INFO - [2021-11-24 13:12:59,467] {dag.py:2921} INFO - Setting next_dagrun for example_complex to None
[2021-11-24 13:12:59,482] {processor.py:171} INFO - Processing /home/dante/DWBI/Apache/py_env/lib/python3.8/site-packages/airflow/example_dags/example_complex.py took 0.087 seconds
[2021-11-24 13:13:38,535] {processor.py:163} INFO - Started process (PID=44517) to work on /home/dante/DWBI/Apache/py_env/lib/python3.8/site-packages/airflow/example_dags/example_complex.py
[2021-11-24 13:13:38,546] {processor.py:620} INFO - Processing file /home/dante/DWBI/Apache/py_env/lib/python3.8/site-packages/airflow/example_dags/example_complex.py for tasks to queue
[2021-11-24 13:13:38,547] {logging_mixin.py:109} INFO - [2021-11-24 13:13:38,547] {dagbag.py:500} INFO - Filling up the DagBag from /home/dante/DWBI/Apache/py_env/lib/python3.8/site-packages/airflow/example_dags/example_complex.py
[2021-11-24 13:13:38,582] {processor.py:632} INFO - DAG(s) dict_keys(['example_complex']) retrieved from /home/dante/DWBI/Apache/py_env/lib/python3.8/site-packages/airflow/example_dags/example_complex.py
[2021-11-24 13:13:38,592] {logging_mixin.py:109} INFO - [2021-11-24 13:13:38,592] {dag.py:2389} INFO - Sync 1 DAGs
[2021-11-24 13:13:38,600] {logging_mixin.py:109} INFO - [2021-11-24 13:13:38,600] {dag.py:2921} INFO - Setting next_dagrun for example_complex to None
[2021-11-24 13:13:38,625] {processor.py:171} INFO - Processing /home/dante/DWBI/Apache/py_env/lib/python3.8/site-packages/airflow/example_dags/example_complex.py took 0.094 seconds
[2021-11-24 13:14:15,448] {processor.py:163} INFO - Started process (PID=44575) to work on /home/dante/DWBI/Apache/py_env/lib/python3.8/site-packages/airflow/example_dags/example_complex.py
[2021-11-24 13:14:15,449] {processor.py:620} INFO - Processing file /home/dante/DWBI/Apache/py_env/lib/python3.8/site-packages/airflow/example_dags/example_complex.py for tasks to queue
[2021-11-24 13:14:15,450] {logging_mixin.py:109} INFO - [2021-11-24 13:14:15,450] {dagbag.py:500} INFO - Filling up the DagBag from /home/dante/DWBI/Apache/py_env/lib/python3.8/site-packages/airflow/example_dags/example_complex.py
[2021-11-24 13:14:15,468] {processor.py:632} INFO - DAG(s) dict_keys(['example_complex']) retrieved from /home/dante/DWBI/Apache/py_env/lib/python3.8/site-packages/airflow/example_dags/example_complex.py
[2021-11-24 13:14:15,479] {logging_mixin.py:109} INFO - [2021-11-24 13:14:15,479] {dag.py:2389} INFO - Sync 1 DAGs
[2021-11-24 13:14:15,490] {logging_mixin.py:109} INFO - [2021-11-24 13:14:15,490] {dag.py:2921} INFO - Setting next_dagrun for example_complex to None
[2021-11-24 13:14:15,497] {processor.py:171} INFO - Processing /home/dante/DWBI/Apache/py_env/lib/python3.8/site-packages/airflow/example_dags/example_complex.py took 0.051 seconds
[2021-11-24 13:14:48,845] {processor.py:163} INFO - Started process (PID=44705) to work on /home/dante/DWBI/Apache/py_env/lib/python3.8/site-packages/airflow/example_dags/example_complex.py
[2021-11-24 13:14:48,856] {processor.py:620} INFO - Processing file /home/dante/DWBI/Apache/py_env/lib/python3.8/site-packages/airflow/example_dags/example_complex.py for tasks to queue
[2021-11-24 13:14:48,858] {logging_mixin.py:109} INFO - [2021-11-24 13:14:48,857] {dagbag.py:500} INFO - Filling up the DagBag from /home/dante/DWBI/Apache/py_env/lib/python3.8/site-packages/airflow/example_dags/example_complex.py
[2021-11-24 13:14:48,905] {processor.py:632} INFO - DAG(s) dict_keys(['example_complex']) retrieved from /home/dante/DWBI/Apache/py_env/lib/python3.8/site-packages/airflow/example_dags/example_complex.py
[2021-11-24 13:14:48,916] {logging_mixin.py:109} INFO - [2021-11-24 13:14:48,915] {dag.py:2389} INFO - Sync 1 DAGs
[2021-11-24 13:14:48,926] {logging_mixin.py:109} INFO - [2021-11-24 13:14:48,926] {dag.py:2921} INFO - Setting next_dagrun for example_complex to None
[2021-11-24 13:14:48,956] {processor.py:171} INFO - Processing /home/dante/DWBI/Apache/py_env/lib/python3.8/site-packages/airflow/example_dags/example_complex.py took 0.113 seconds
[2021-11-24 13:15:28,302] {processor.py:163} INFO - Started process (PID=44802) to work on /home/dante/DWBI/Apache/py_env/lib/python3.8/site-packages/airflow/example_dags/example_complex.py
[2021-11-24 13:15:28,312] {processor.py:620} INFO - Processing file /home/dante/DWBI/Apache/py_env/lib/python3.8/site-packages/airflow/example_dags/example_complex.py for tasks to queue
[2021-11-24 13:15:28,312] {logging_mixin.py:109} INFO - [2021-11-24 13:15:28,312] {dagbag.py:500} INFO - Filling up the DagBag from /home/dante/DWBI/Apache/py_env/lib/python3.8/site-packages/airflow/example_dags/example_complex.py
[2021-11-24 13:15:28,348] {processor.py:632} INFO - DAG(s) dict_keys(['example_complex']) retrieved from /home/dante/DWBI/Apache/py_env/lib/python3.8/site-packages/airflow/example_dags/example_complex.py
[2021-11-24 13:15:28,359] {logging_mixin.py:109} INFO - [2021-11-24 13:15:28,359] {dag.py:2389} INFO - Sync 1 DAGs
[2021-11-24 13:15:28,368] {logging_mixin.py:109} INFO - [2021-11-24 13:15:28,368] {dag.py:2921} INFO - Setting next_dagrun for example_complex to None
[2021-11-24 13:15:28,377] {processor.py:171} INFO - Processing /home/dante/DWBI/Apache/py_env/lib/python3.8/site-packages/airflow/example_dags/example_complex.py took 0.077 seconds
[2021-11-24 13:16:09,190] {processor.py:163} INFO - Started process (PID=45324) to work on /home/dante/DWBI/Apache/py_env/lib/python3.8/site-packages/airflow/example_dags/example_complex.py
[2021-11-24 13:16:09,192] {processor.py:620} INFO - Processing file /home/dante/DWBI/Apache/py_env/lib/python3.8/site-packages/airflow/example_dags/example_complex.py for tasks to queue
[2021-11-24 13:16:09,192] {logging_mixin.py:109} INFO - [2021-11-24 13:16:09,192] {dagbag.py:500} INFO - Filling up the DagBag from /home/dante/DWBI/Apache/py_env/lib/python3.8/site-packages/airflow/example_dags/example_complex.py
[2021-11-24 13:16:09,224] {processor.py:632} INFO - DAG(s) dict_keys(['example_complex']) retrieved from /home/dante/DWBI/Apache/py_env/lib/python3.8/site-packages/airflow/example_dags/example_complex.py
[2021-11-24 13:16:09,241] {logging_mixin.py:109} INFO - [2021-11-24 13:16:09,241] {dag.py:2389} INFO - Sync 1 DAGs
[2021-11-24 13:16:09,256] {logging_mixin.py:109} INFO - [2021-11-24 13:16:09,256] {dag.py:2921} INFO - Setting next_dagrun for example_complex to None
[2021-11-24 13:16:09,267] {processor.py:171} INFO - Processing /home/dante/DWBI/Apache/py_env/lib/python3.8/site-packages/airflow/example_dags/example_complex.py took 0.080 seconds
[2021-11-24 13:16:44,603] {processor.py:163} INFO - Started process (PID=45418) to work on /home/dante/DWBI/Apache/py_env/lib/python3.8/site-packages/airflow/example_dags/example_complex.py
[2021-11-24 13:16:44,607] {processor.py:620} INFO - Processing file /home/dante/DWBI/Apache/py_env/lib/python3.8/site-packages/airflow/example_dags/example_complex.py for tasks to queue
[2021-11-24 13:16:44,608] {logging_mixin.py:109} INFO - [2021-11-24 13:16:44,608] {dagbag.py:500} INFO - Filling up the DagBag from /home/dante/DWBI/Apache/py_env/lib/python3.8/site-packages/airflow/example_dags/example_complex.py
[2021-11-24 13:16:44,647] {processor.py:632} INFO - DAG(s) dict_keys(['example_complex']) retrieved from /home/dante/DWBI/Apache/py_env/lib/python3.8/site-packages/airflow/example_dags/example_complex.py
[2021-11-24 13:16:44,660] {logging_mixin.py:109} INFO - [2021-11-24 13:16:44,660] {dag.py:2389} INFO - Sync 1 DAGs
[2021-11-24 13:16:44,672] {logging_mixin.py:109} INFO - [2021-11-24 13:16:44,672] {dag.py:2921} INFO - Setting next_dagrun for example_complex to None
[2021-11-24 13:16:44,681] {processor.py:171} INFO - Processing /home/dante/DWBI/Apache/py_env/lib/python3.8/site-packages/airflow/example_dags/example_complex.py took 0.085 seconds
[2021-11-24 13:17:20,764] {processor.py:163} INFO - Started process (PID=45556) to work on /home/dante/DWBI/Apache/py_env/lib/python3.8/site-packages/airflow/example_dags/example_complex.py
[2021-11-24 13:17:20,776] {processor.py:620} INFO - Processing file /home/dante/DWBI/Apache/py_env/lib/python3.8/site-packages/airflow/example_dags/example_complex.py for tasks to queue
[2021-11-24 13:17:20,777] {logging_mixin.py:109} INFO - [2021-11-24 13:17:20,777] {dagbag.py:500} INFO - Filling up the DagBag from /home/dante/DWBI/Apache/py_env/lib/python3.8/site-packages/airflow/example_dags/example_complex.py
[2021-11-24 13:17:20,816] {processor.py:632} INFO - DAG(s) dict_keys(['example_complex']) retrieved from /home/dante/DWBI/Apache/py_env/lib/python3.8/site-packages/airflow/example_dags/example_complex.py
[2021-11-24 13:17:20,831] {logging_mixin.py:109} INFO - [2021-11-24 13:17:20,830] {dag.py:2389} INFO - Sync 1 DAGs
[2021-11-24 13:17:20,841] {logging_mixin.py:109} INFO - [2021-11-24 13:17:20,841] {dag.py:2921} INFO - Setting next_dagrun for example_complex to None
[2021-11-24 13:17:20,856] {processor.py:171} INFO - Processing /home/dante/DWBI/Apache/py_env/lib/python3.8/site-packages/airflow/example_dags/example_complex.py took 0.099 seconds
[2021-11-24 13:18:00,877] {processor.py:163} INFO - Started process (PID=45604) to work on /home/dante/DWBI/Apache/py_env/lib/python3.8/site-packages/airflow/example_dags/example_complex.py
[2021-11-24 13:18:00,887] {processor.py:620} INFO - Processing file /home/dante/DWBI/Apache/py_env/lib/python3.8/site-packages/airflow/example_dags/example_complex.py for tasks to queue
[2021-11-24 13:18:00,888] {logging_mixin.py:109} INFO - [2021-11-24 13:18:00,888] {dagbag.py:500} INFO - Filling up the DagBag from /home/dante/DWBI/Apache/py_env/lib/python3.8/site-packages/airflow/example_dags/example_complex.py
[2021-11-24 13:18:00,918] {processor.py:632} INFO - DAG(s) dict_keys(['example_complex']) retrieved from /home/dante/DWBI/Apache/py_env/lib/python3.8/site-packages/airflow/example_dags/example_complex.py
[2021-11-24 13:18:00,929] {logging_mixin.py:109} INFO - [2021-11-24 13:18:00,928] {dag.py:2389} INFO - Sync 1 DAGs
[2021-11-24 13:18:00,937] {logging_mixin.py:109} INFO - [2021-11-24 13:18:00,937] {dag.py:2921} INFO - Setting next_dagrun for example_complex to None
[2021-11-24 13:18:00,944] {processor.py:171} INFO - Processing /home/dante/DWBI/Apache/py_env/lib/python3.8/site-packages/airflow/example_dags/example_complex.py took 0.070 seconds
[2021-11-24 13:18:33,412] {processor.py:163} INFO - Started process (PID=45675) to work on /home/dante/DWBI/Apache/py_env/lib/python3.8/site-packages/airflow/example_dags/example_complex.py
[2021-11-24 13:18:33,423] {processor.py:620} INFO - Processing file /home/dante/DWBI/Apache/py_env/lib/python3.8/site-packages/airflow/example_dags/example_complex.py for tasks to queue
[2021-11-24 13:18:33,425] {logging_mixin.py:109} INFO - [2021-11-24 13:18:33,424] {dagbag.py:500} INFO - Filling up the DagBag from /home/dante/DWBI/Apache/py_env/lib/python3.8/site-packages/airflow/example_dags/example_complex.py
[2021-11-24 13:18:33,465] {processor.py:632} INFO - DAG(s) dict_keys(['example_complex']) retrieved from /home/dante/DWBI/Apache/py_env/lib/python3.8/site-packages/airflow/example_dags/example_complex.py
[2021-11-24 13:18:33,475] {logging_mixin.py:109} INFO - [2021-11-24 13:18:33,475] {dag.py:2389} INFO - Sync 1 DAGs
[2021-11-24 13:18:33,484] {logging_mixin.py:109} INFO - [2021-11-24 13:18:33,484] {dag.py:2921} INFO - Setting next_dagrun for example_complex to None
[2021-11-24 13:18:33,499] {processor.py:171} INFO - Processing /home/dante/DWBI/Apache/py_env/lib/python3.8/site-packages/airflow/example_dags/example_complex.py took 0.093 seconds
[2021-11-24 13:19:10,888] {processor.py:163} INFO - Started process (PID=45728) to work on /home/dante/DWBI/Apache/py_env/lib/python3.8/site-packages/airflow/example_dags/example_complex.py
[2021-11-24 13:19:10,897] {processor.py:620} INFO - Processing file /home/dante/DWBI/Apache/py_env/lib/python3.8/site-packages/airflow/example_dags/example_complex.py for tasks to queue
[2021-11-24 13:19:10,898] {logging_mixin.py:109} INFO - [2021-11-24 13:19:10,898] {dagbag.py:500} INFO - Filling up the DagBag from /home/dante/DWBI/Apache/py_env/lib/python3.8/site-packages/airflow/example_dags/example_complex.py
[2021-11-24 13:19:10,932] {processor.py:632} INFO - DAG(s) dict_keys(['example_complex']) retrieved from /home/dante/DWBI/Apache/py_env/lib/python3.8/site-packages/airflow/example_dags/example_complex.py
[2021-11-24 13:19:10,943] {logging_mixin.py:109} INFO - [2021-11-24 13:19:10,943] {dag.py:2389} INFO - Sync 1 DAGs
[2021-11-24 13:19:10,952] {logging_mixin.py:109} INFO - [2021-11-24 13:19:10,952] {dag.py:2921} INFO - Setting next_dagrun for example_complex to None
[2021-11-24 13:19:10,984] {processor.py:171} INFO - Processing /home/dante/DWBI/Apache/py_env/lib/python3.8/site-packages/airflow/example_dags/example_complex.py took 0.099 seconds
[2021-11-24 13:19:45,659] {processor.py:163} INFO - Started process (PID=45773) to work on /home/dante/DWBI/Apache/py_env/lib/python3.8/site-packages/airflow/example_dags/example_complex.py
[2021-11-24 13:19:45,671] {processor.py:620} INFO - Processing file /home/dante/DWBI/Apache/py_env/lib/python3.8/site-packages/airflow/example_dags/example_complex.py for tasks to queue
[2021-11-24 13:19:45,672] {logging_mixin.py:109} INFO - [2021-11-24 13:19:45,672] {dagbag.py:500} INFO - Filling up the DagBag from /home/dante/DWBI/Apache/py_env/lib/python3.8/site-packages/airflow/example_dags/example_complex.py
[2021-11-24 13:19:45,695] {processor.py:632} INFO - DAG(s) dict_keys(['example_complex']) retrieved from /home/dante/DWBI/Apache/py_env/lib/python3.8/site-packages/airflow/example_dags/example_complex.py
[2021-11-24 13:19:45,706] {logging_mixin.py:109} INFO - [2021-11-24 13:19:45,706] {dag.py:2389} INFO - Sync 1 DAGs
[2021-11-24 13:19:45,715] {logging_mixin.py:109} INFO - [2021-11-24 13:19:45,715] {dag.py:2921} INFO - Setting next_dagrun for example_complex to None
[2021-11-24 13:19:45,727] {processor.py:171} INFO - Processing /home/dante/DWBI/Apache/py_env/lib/python3.8/site-packages/airflow/example_dags/example_complex.py took 0.074 seconds
[2021-11-24 13:20:20,518] {processor.py:163} INFO - Started process (PID=45823) to work on /home/dante/DWBI/Apache/py_env/lib/python3.8/site-packages/airflow/example_dags/example_complex.py
[2021-11-24 13:20:20,529] {processor.py:620} INFO - Processing file /home/dante/DWBI/Apache/py_env/lib/python3.8/site-packages/airflow/example_dags/example_complex.py for tasks to queue
[2021-11-24 13:20:20,531] {logging_mixin.py:109} INFO - [2021-11-24 13:20:20,531] {dagbag.py:500} INFO - Filling up the DagBag from /home/dante/DWBI/Apache/py_env/lib/python3.8/site-packages/airflow/example_dags/example_complex.py
[2021-11-24 13:20:20,554] {processor.py:632} INFO - DAG(s) dict_keys(['example_complex']) retrieved from /home/dante/DWBI/Apache/py_env/lib/python3.8/site-packages/airflow/example_dags/example_complex.py
[2021-11-24 13:20:20,564] {logging_mixin.py:109} INFO - [2021-11-24 13:20:20,564] {dag.py:2389} INFO - Sync 1 DAGs
[2021-11-24 13:20:20,573] {logging_mixin.py:109} INFO - [2021-11-24 13:20:20,573] {dag.py:2921} INFO - Setting next_dagrun for example_complex to None
[2021-11-24 13:20:20,587] {processor.py:171} INFO - Processing /home/dante/DWBI/Apache/py_env/lib/python3.8/site-packages/airflow/example_dags/example_complex.py took 0.071 seconds
[2021-11-24 13:20:56,947] {processor.py:163} INFO - Started process (PID=45879) to work on /home/dante/DWBI/Apache/py_env/lib/python3.8/site-packages/airflow/example_dags/example_complex.py
[2021-11-24 13:20:56,951] {processor.py:620} INFO - Processing file /home/dante/DWBI/Apache/py_env/lib/python3.8/site-packages/airflow/example_dags/example_complex.py for tasks to queue
[2021-11-24 13:20:56,951] {logging_mixin.py:109} INFO - [2021-11-24 13:20:56,951] {dagbag.py:500} INFO - Filling up the DagBag from /home/dante/DWBI/Apache/py_env/lib/python3.8/site-packages/airflow/example_dags/example_complex.py
[2021-11-24 13:20:56,990] {processor.py:632} INFO - DAG(s) dict_keys(['example_complex']) retrieved from /home/dante/DWBI/Apache/py_env/lib/python3.8/site-packages/airflow/example_dags/example_complex.py
[2021-11-24 13:20:57,000] {logging_mixin.py:109} INFO - [2021-11-24 13:20:57,000] {dag.py:2389} INFO - Sync 1 DAGs
[2021-11-24 13:20:57,009] {logging_mixin.py:109} INFO - [2021-11-24 13:20:57,009] {dag.py:2921} INFO - Setting next_dagrun for example_complex to None
[2021-11-24 13:20:57,037] {processor.py:171} INFO - Processing /home/dante/DWBI/Apache/py_env/lib/python3.8/site-packages/airflow/example_dags/example_complex.py took 0.092 seconds
[2021-11-24 13:21:35,203] {processor.py:163} INFO - Started process (PID=45941) to work on /home/dante/DWBI/Apache/py_env/lib/python3.8/site-packages/airflow/example_dags/example_complex.py
[2021-11-24 13:21:35,212] {processor.py:620} INFO - Processing file /home/dante/DWBI/Apache/py_env/lib/python3.8/site-packages/airflow/example_dags/example_complex.py for tasks to queue
[2021-11-24 13:21:35,213] {logging_mixin.py:109} INFO - [2021-11-24 13:21:35,213] {dagbag.py:500} INFO - Filling up the DagBag from /home/dante/DWBI/Apache/py_env/lib/python3.8/site-packages/airflow/example_dags/example_complex.py
[2021-11-24 13:21:35,240] {processor.py:632} INFO - DAG(s) dict_keys(['example_complex']) retrieved from /home/dante/DWBI/Apache/py_env/lib/python3.8/site-packages/airflow/example_dags/example_complex.py
[2021-11-24 13:21:35,251] {logging_mixin.py:109} INFO - [2021-11-24 13:21:35,251] {dag.py:2389} INFO - Sync 1 DAGs
[2021-11-24 13:21:35,259] {logging_mixin.py:109} INFO - [2021-11-24 13:21:35,259] {dag.py:2921} INFO - Setting next_dagrun for example_complex to None
[2021-11-24 13:21:35,280] {processor.py:171} INFO - Processing /home/dante/DWBI/Apache/py_env/lib/python3.8/site-packages/airflow/example_dags/example_complex.py took 0.080 seconds
[2021-11-24 13:22:14,825] {processor.py:163} INFO - Started process (PID=46050) to work on /home/dante/DWBI/Apache/py_env/lib/python3.8/site-packages/airflow/example_dags/example_complex.py
[2021-11-24 13:22:14,835] {processor.py:620} INFO - Processing file /home/dante/DWBI/Apache/py_env/lib/python3.8/site-packages/airflow/example_dags/example_complex.py for tasks to queue
[2021-11-24 13:22:14,837] {logging_mixin.py:109} INFO - [2021-11-24 13:22:14,837] {dagbag.py:500} INFO - Filling up the DagBag from /home/dante/DWBI/Apache/py_env/lib/python3.8/site-packages/airflow/example_dags/example_complex.py
[2021-11-24 13:22:14,869] {processor.py:632} INFO - DAG(s) dict_keys(['example_complex']) retrieved from /home/dante/DWBI/Apache/py_env/lib/python3.8/site-packages/airflow/example_dags/example_complex.py
[2021-11-24 13:22:14,880] {logging_mixin.py:109} INFO - [2021-11-24 13:22:14,880] {dag.py:2389} INFO - Sync 1 DAGs
[2021-11-24 13:22:14,890] {logging_mixin.py:109} INFO - [2021-11-24 13:22:14,890] {dag.py:2921} INFO - Setting next_dagrun for example_complex to None
[2021-11-24 13:22:14,903] {processor.py:171} INFO - Processing /home/dante/DWBI/Apache/py_env/lib/python3.8/site-packages/airflow/example_dags/example_complex.py took 0.085 seconds
[2021-11-24 13:22:55,345] {processor.py:163} INFO - Started process (PID=46268) to work on /home/dante/DWBI/Apache/py_env/lib/python3.8/site-packages/airflow/example_dags/example_complex.py
[2021-11-24 13:22:55,353] {processor.py:620} INFO - Processing file /home/dante/DWBI/Apache/py_env/lib/python3.8/site-packages/airflow/example_dags/example_complex.py for tasks to queue
[2021-11-24 13:22:55,358] {logging_mixin.py:109} INFO - [2021-11-24 13:22:55,357] {dagbag.py:500} INFO - Filling up the DagBag from /home/dante/DWBI/Apache/py_env/lib/python3.8/site-packages/airflow/example_dags/example_complex.py
[2021-11-24 13:22:55,400] {processor.py:632} INFO - DAG(s) dict_keys(['example_complex']) retrieved from /home/dante/DWBI/Apache/py_env/lib/python3.8/site-packages/airflow/example_dags/example_complex.py
[2021-11-24 13:22:55,425] {logging_mixin.py:109} INFO - [2021-11-24 13:22:55,425] {dag.py:2389} INFO - Sync 1 DAGs
[2021-11-24 13:22:55,452] {logging_mixin.py:109} INFO - [2021-11-24 13:22:55,452] {dag.py:2921} INFO - Setting next_dagrun for example_complex to None
[2021-11-24 13:22:55,469] {processor.py:171} INFO - Processing /home/dante/DWBI/Apache/py_env/lib/python3.8/site-packages/airflow/example_dags/example_complex.py took 0.130 seconds
[2021-11-24 13:23:36,699] {processor.py:163} INFO - Started process (PID=46496) to work on /home/dante/DWBI/Apache/py_env/lib/python3.8/site-packages/airflow/example_dags/example_complex.py
[2021-11-24 13:23:36,701] {processor.py:620} INFO - Processing file /home/dante/DWBI/Apache/py_env/lib/python3.8/site-packages/airflow/example_dags/example_complex.py for tasks to queue
[2021-11-24 13:23:36,702] {logging_mixin.py:109} INFO - [2021-11-24 13:23:36,702] {dagbag.py:500} INFO - Filling up the DagBag from /home/dante/DWBI/Apache/py_env/lib/python3.8/site-packages/airflow/example_dags/example_complex.py
[2021-11-24 13:23:36,730] {processor.py:632} INFO - DAG(s) dict_keys(['example_complex']) retrieved from /home/dante/DWBI/Apache/py_env/lib/python3.8/site-packages/airflow/example_dags/example_complex.py
[2021-11-24 13:23:36,741] {logging_mixin.py:109} INFO - [2021-11-24 13:23:36,741] {dag.py:2389} INFO - Sync 1 DAGs
[2021-11-24 13:23:36,750] {logging_mixin.py:109} INFO - [2021-11-24 13:23:36,750] {dag.py:2921} INFO - Setting next_dagrun for example_complex to None
[2021-11-24 13:23:36,757] {processor.py:171} INFO - Processing /home/dante/DWBI/Apache/py_env/lib/python3.8/site-packages/airflow/example_dags/example_complex.py took 0.060 seconds
[2021-11-24 13:24:13,237] {processor.py:163} INFO - Started process (PID=46565) to work on /home/dante/DWBI/Apache/py_env/lib/python3.8/site-packages/airflow/example_dags/example_complex.py
[2021-11-24 13:24:13,241] {processor.py:620} INFO - Processing file /home/dante/DWBI/Apache/py_env/lib/python3.8/site-packages/airflow/example_dags/example_complex.py for tasks to queue
[2021-11-24 13:24:13,242] {logging_mixin.py:109} INFO - [2021-11-24 13:24:13,242] {dagbag.py:500} INFO - Filling up the DagBag from /home/dante/DWBI/Apache/py_env/lib/python3.8/site-packages/airflow/example_dags/example_complex.py
[2021-11-24 13:24:13,265] {processor.py:632} INFO - DAG(s) dict_keys(['example_complex']) retrieved from /home/dante/DWBI/Apache/py_env/lib/python3.8/site-packages/airflow/example_dags/example_complex.py
[2021-11-24 13:24:13,275] {logging_mixin.py:109} INFO - [2021-11-24 13:24:13,275] {dag.py:2389} INFO - Sync 1 DAGs
[2021-11-24 13:24:13,283] {logging_mixin.py:109} INFO - [2021-11-24 13:24:13,283] {dag.py:2921} INFO - Setting next_dagrun for example_complex to None
[2021-11-24 13:24:13,290] {processor.py:171} INFO - Processing /home/dante/DWBI/Apache/py_env/lib/python3.8/site-packages/airflow/example_dags/example_complex.py took 0.056 seconds
[2021-11-24 13:24:49,059] {processor.py:163} INFO - Started process (PID=46731) to work on /home/dante/DWBI/Apache/py_env/lib/python3.8/site-packages/airflow/example_dags/example_complex.py
[2021-11-24 13:24:49,068] {processor.py:620} INFO - Processing file /home/dante/DWBI/Apache/py_env/lib/python3.8/site-packages/airflow/example_dags/example_complex.py for tasks to queue
[2021-11-24 13:24:49,069] {logging_mixin.py:109} INFO - [2021-11-24 13:24:49,069] {dagbag.py:500} INFO - Filling up the DagBag from /home/dante/DWBI/Apache/py_env/lib/python3.8/site-packages/airflow/example_dags/example_complex.py
[2021-11-24 13:24:49,104] {processor.py:632} INFO - DAG(s) dict_keys(['example_complex']) retrieved from /home/dante/DWBI/Apache/py_env/lib/python3.8/site-packages/airflow/example_dags/example_complex.py
[2021-11-24 13:24:49,115] {logging_mixin.py:109} INFO - [2021-11-24 13:24:49,115] {dag.py:2389} INFO - Sync 1 DAGs
[2021-11-24 13:24:49,124] {logging_mixin.py:109} INFO - [2021-11-24 13:24:49,124] {dag.py:2921} INFO - Setting next_dagrun for example_complex to None
[2021-11-24 13:24:49,132] {processor.py:171} INFO - Processing /home/dante/DWBI/Apache/py_env/lib/python3.8/site-packages/airflow/example_dags/example_complex.py took 0.076 seconds
[2021-11-24 13:25:25,756] {processor.py:163} INFO - Started process (PID=46810) to work on /home/dante/DWBI/Apache/py_env/lib/python3.8/site-packages/airflow/example_dags/example_complex.py
[2021-11-24 13:25:25,765] {processor.py:620} INFO - Processing file /home/dante/DWBI/Apache/py_env/lib/python3.8/site-packages/airflow/example_dags/example_complex.py for tasks to queue
[2021-11-24 13:25:25,766] {logging_mixin.py:109} INFO - [2021-11-24 13:25:25,766] {dagbag.py:500} INFO - Filling up the DagBag from /home/dante/DWBI/Apache/py_env/lib/python3.8/site-packages/airflow/example_dags/example_complex.py
[2021-11-24 13:25:25,791] {processor.py:632} INFO - DAG(s) dict_keys(['example_complex']) retrieved from /home/dante/DWBI/Apache/py_env/lib/python3.8/site-packages/airflow/example_dags/example_complex.py
[2021-11-24 13:25:25,801] {logging_mixin.py:109} INFO - [2021-11-24 13:25:25,801] {dag.py:2389} INFO - Sync 1 DAGs
[2021-11-24 13:25:25,810] {logging_mixin.py:109} INFO - [2021-11-24 13:25:25,810] {dag.py:2921} INFO - Setting next_dagrun for example_complex to None
[2021-11-24 13:25:25,817] {processor.py:171} INFO - Processing /home/dante/DWBI/Apache/py_env/lib/python3.8/site-packages/airflow/example_dags/example_complex.py took 0.063 seconds
[2021-11-24 13:26:01,706] {processor.py:163} INFO - Started process (PID=46861) to work on /home/dante/DWBI/Apache/py_env/lib/python3.8/site-packages/airflow/example_dags/example_complex.py
[2021-11-24 13:26:01,708] {processor.py:620} INFO - Processing file /home/dante/DWBI/Apache/py_env/lib/python3.8/site-packages/airflow/example_dags/example_complex.py for tasks to queue
[2021-11-24 13:26:01,709] {logging_mixin.py:109} INFO - [2021-11-24 13:26:01,709] {dagbag.py:500} INFO - Filling up the DagBag from /home/dante/DWBI/Apache/py_env/lib/python3.8/site-packages/airflow/example_dags/example_complex.py
[2021-11-24 13:26:01,737] {processor.py:632} INFO - DAG(s) dict_keys(['example_complex']) retrieved from /home/dante/DWBI/Apache/py_env/lib/python3.8/site-packages/airflow/example_dags/example_complex.py
[2021-11-24 13:26:01,751] {logging_mixin.py:109} INFO - [2021-11-24 13:26:01,751] {dag.py:2389} INFO - Sync 1 DAGs
[2021-11-24 13:26:01,763] {logging_mixin.py:109} INFO - [2021-11-24 13:26:01,763] {dag.py:2921} INFO - Setting next_dagrun for example_complex to None
[2021-11-24 13:26:01,772] {processor.py:171} INFO - Processing /home/dante/DWBI/Apache/py_env/lib/python3.8/site-packages/airflow/example_dags/example_complex.py took 0.069 seconds
[2021-11-24 13:26:37,070] {processor.py:163} INFO - Started process (PID=46965) to work on /home/dante/DWBI/Apache/py_env/lib/python3.8/site-packages/airflow/example_dags/example_complex.py
[2021-11-24 13:26:37,079] {processor.py:620} INFO - Processing file /home/dante/DWBI/Apache/py_env/lib/python3.8/site-packages/airflow/example_dags/example_complex.py for tasks to queue
[2021-11-24 13:26:37,080] {logging_mixin.py:109} INFO - [2021-11-24 13:26:37,080] {dagbag.py:500} INFO - Filling up the DagBag from /home/dante/DWBI/Apache/py_env/lib/python3.8/site-packages/airflow/example_dags/example_complex.py
[2021-11-24 13:26:37,102] {processor.py:632} INFO - DAG(s) dict_keys(['example_complex']) retrieved from /home/dante/DWBI/Apache/py_env/lib/python3.8/site-packages/airflow/example_dags/example_complex.py
[2021-11-24 13:26:37,112] {logging_mixin.py:109} INFO - [2021-11-24 13:26:37,112] {dag.py:2389} INFO - Sync 1 DAGs
[2021-11-24 13:26:37,121] {logging_mixin.py:109} INFO - [2021-11-24 13:26:37,121] {dag.py:2921} INFO - Setting next_dagrun for example_complex to None
[2021-11-24 13:26:37,130] {processor.py:171} INFO - Processing /home/dante/DWBI/Apache/py_env/lib/python3.8/site-packages/airflow/example_dags/example_complex.py took 0.063 seconds
[2021-11-24 13:27:14,120] {processor.py:163} INFO - Started process (PID=47075) to work on /home/dante/DWBI/Apache/py_env/lib/python3.8/site-packages/airflow/example_dags/example_complex.py
[2021-11-24 13:27:14,124] {processor.py:620} INFO - Processing file /home/dante/DWBI/Apache/py_env/lib/python3.8/site-packages/airflow/example_dags/example_complex.py for tasks to queue
[2021-11-24 13:27:14,126] {logging_mixin.py:109} INFO - [2021-11-24 13:27:14,126] {dagbag.py:500} INFO - Filling up the DagBag from /home/dante/DWBI/Apache/py_env/lib/python3.8/site-packages/airflow/example_dags/example_complex.py
[2021-11-24 13:27:14,163] {processor.py:632} INFO - DAG(s) dict_keys(['example_complex']) retrieved from /home/dante/DWBI/Apache/py_env/lib/python3.8/site-packages/airflow/example_dags/example_complex.py
[2021-11-24 13:27:14,175] {logging_mixin.py:109} INFO - [2021-11-24 13:27:14,175] {dag.py:2389} INFO - Sync 1 DAGs
[2021-11-24 13:27:14,185] {logging_mixin.py:109} INFO - [2021-11-24 13:27:14,185] {dag.py:2921} INFO - Setting next_dagrun for example_complex to None
[2021-11-24 13:27:14,193] {processor.py:171} INFO - Processing /home/dante/DWBI/Apache/py_env/lib/python3.8/site-packages/airflow/example_dags/example_complex.py took 0.079 seconds
[2021-11-24 13:27:48,874] {processor.py:163} INFO - Started process (PID=47124) to work on /home/dante/DWBI/Apache/py_env/lib/python3.8/site-packages/airflow/example_dags/example_complex.py
[2021-11-24 13:27:48,883] {processor.py:620} INFO - Processing file /home/dante/DWBI/Apache/py_env/lib/python3.8/site-packages/airflow/example_dags/example_complex.py for tasks to queue
[2021-11-24 13:27:48,884] {logging_mixin.py:109} INFO - [2021-11-24 13:27:48,884] {dagbag.py:500} INFO - Filling up the DagBag from /home/dante/DWBI/Apache/py_env/lib/python3.8/site-packages/airflow/example_dags/example_complex.py
[2021-11-24 13:27:48,919] {processor.py:632} INFO - DAG(s) dict_keys(['example_complex']) retrieved from /home/dante/DWBI/Apache/py_env/lib/python3.8/site-packages/airflow/example_dags/example_complex.py
[2021-11-24 13:27:48,930] {logging_mixin.py:109} INFO - [2021-11-24 13:27:48,930] {dag.py:2389} INFO - Sync 1 DAGs
[2021-11-24 13:27:48,939] {logging_mixin.py:109} INFO - [2021-11-24 13:27:48,939] {dag.py:2921} INFO - Setting next_dagrun for example_complex to None
[2021-11-24 13:27:48,952] {processor.py:171} INFO - Processing /home/dante/DWBI/Apache/py_env/lib/python3.8/site-packages/airflow/example_dags/example_complex.py took 0.080 seconds
[2021-11-24 13:28:27,530] {processor.py:163} INFO - Started process (PID=47302) to work on /home/dante/DWBI/Apache/py_env/lib/python3.8/site-packages/airflow/example_dags/example_complex.py
[2021-11-24 13:28:27,532] {processor.py:620} INFO - Processing file /home/dante/DWBI/Apache/py_env/lib/python3.8/site-packages/airflow/example_dags/example_complex.py for tasks to queue
[2021-11-24 13:28:27,533] {logging_mixin.py:109} INFO - [2021-11-24 13:28:27,533] {dagbag.py:500} INFO - Filling up the DagBag from /home/dante/DWBI/Apache/py_env/lib/python3.8/site-packages/airflow/example_dags/example_complex.py
[2021-11-24 13:28:27,565] {processor.py:632} INFO - DAG(s) dict_keys(['example_complex']) retrieved from /home/dante/DWBI/Apache/py_env/lib/python3.8/site-packages/airflow/example_dags/example_complex.py
[2021-11-24 13:28:27,575] {logging_mixin.py:109} INFO - [2021-11-24 13:28:27,575] {dag.py:2389} INFO - Sync 1 DAGs
[2021-11-24 13:28:27,584] {logging_mixin.py:109} INFO - [2021-11-24 13:28:27,584] {dag.py:2921} INFO - Setting next_dagrun for example_complex to None
[2021-11-24 13:28:27,591] {processor.py:171} INFO - Processing /home/dante/DWBI/Apache/py_env/lib/python3.8/site-packages/airflow/example_dags/example_complex.py took 0.063 seconds
[2021-11-24 13:29:05,227] {processor.py:163} INFO - Started process (PID=47395) to work on /home/dante/DWBI/Apache/py_env/lib/python3.8/site-packages/airflow/example_dags/example_complex.py
[2021-11-24 13:29:05,236] {processor.py:620} INFO - Processing file /home/dante/DWBI/Apache/py_env/lib/python3.8/site-packages/airflow/example_dags/example_complex.py for tasks to queue
[2021-11-24 13:29:05,236] {logging_mixin.py:109} INFO - [2021-11-24 13:29:05,236] {dagbag.py:500} INFO - Filling up the DagBag from /home/dante/DWBI/Apache/py_env/lib/python3.8/site-packages/airflow/example_dags/example_complex.py
[2021-11-24 13:29:05,255] {processor.py:632} INFO - DAG(s) dict_keys(['example_complex']) retrieved from /home/dante/DWBI/Apache/py_env/lib/python3.8/site-packages/airflow/example_dags/example_complex.py
[2021-11-24 13:29:05,266] {logging_mixin.py:109} INFO - [2021-11-24 13:29:05,266] {dag.py:2389} INFO - Sync 1 DAGs
[2021-11-24 13:29:05,275] {logging_mixin.py:109} INFO - [2021-11-24 13:29:05,275] {dag.py:2921} INFO - Setting next_dagrun for example_complex to None
[2021-11-24 13:29:05,284] {processor.py:171} INFO - Processing /home/dante/DWBI/Apache/py_env/lib/python3.8/site-packages/airflow/example_dags/example_complex.py took 0.059 seconds
[2021-11-24 13:29:42,089] {processor.py:163} INFO - Started process (PID=47454) to work on /home/dante/DWBI/Apache/py_env/lib/python3.8/site-packages/airflow/example_dags/example_complex.py
[2021-11-24 13:29:42,099] {processor.py:620} INFO - Processing file /home/dante/DWBI/Apache/py_env/lib/python3.8/site-packages/airflow/example_dags/example_complex.py for tasks to queue
[2021-11-24 13:29:42,100] {logging_mixin.py:109} INFO - [2021-11-24 13:29:42,099] {dagbag.py:500} INFO - Filling up the DagBag from /home/dante/DWBI/Apache/py_env/lib/python3.8/site-packages/airflow/example_dags/example_complex.py
[2021-11-24 13:29:42,119] {processor.py:632} INFO - DAG(s) dict_keys(['example_complex']) retrieved from /home/dante/DWBI/Apache/py_env/lib/python3.8/site-packages/airflow/example_dags/example_complex.py
[2021-11-24 13:29:42,129] {logging_mixin.py:109} INFO - [2021-11-24 13:29:42,129] {dag.py:2389} INFO - Sync 1 DAGs
[2021-11-24 13:29:42,137] {logging_mixin.py:109} INFO - [2021-11-24 13:29:42,137] {dag.py:2921} INFO - Setting next_dagrun for example_complex to None
[2021-11-24 13:29:42,146] {processor.py:171} INFO - Processing /home/dante/DWBI/Apache/py_env/lib/python3.8/site-packages/airflow/example_dags/example_complex.py took 0.059 seconds
[2021-11-24 13:30:18,868] {processor.py:163} INFO - Started process (PID=47540) to work on /home/dante/DWBI/Apache/py_env/lib/python3.8/site-packages/airflow/example_dags/example_complex.py
[2021-11-24 13:30:18,878] {processor.py:620} INFO - Processing file /home/dante/DWBI/Apache/py_env/lib/python3.8/site-packages/airflow/example_dags/example_complex.py for tasks to queue
[2021-11-24 13:30:18,879] {logging_mixin.py:109} INFO - [2021-11-24 13:30:18,879] {dagbag.py:500} INFO - Filling up the DagBag from /home/dante/DWBI/Apache/py_env/lib/python3.8/site-packages/airflow/example_dags/example_complex.py
[2021-11-24 13:30:18,901] {processor.py:632} INFO - DAG(s) dict_keys(['example_complex']) retrieved from /home/dante/DWBI/Apache/py_env/lib/python3.8/site-packages/airflow/example_dags/example_complex.py
[2021-11-24 13:30:18,911] {logging_mixin.py:109} INFO - [2021-11-24 13:30:18,911] {dag.py:2389} INFO - Sync 1 DAGs
[2021-11-24 13:30:18,920] {logging_mixin.py:109} INFO - [2021-11-24 13:30:18,920] {dag.py:2921} INFO - Setting next_dagrun for example_complex to None
[2021-11-24 13:30:18,937] {processor.py:171} INFO - Processing /home/dante/DWBI/Apache/py_env/lib/python3.8/site-packages/airflow/example_dags/example_complex.py took 0.072 seconds
[2021-11-24 13:30:54,915] {processor.py:163} INFO - Started process (PID=47591) to work on /home/dante/DWBI/Apache/py_env/lib/python3.8/site-packages/airflow/example_dags/example_complex.py
[2021-11-24 13:30:54,924] {processor.py:620} INFO - Processing file /home/dante/DWBI/Apache/py_env/lib/python3.8/site-packages/airflow/example_dags/example_complex.py for tasks to queue
[2021-11-24 13:30:54,925] {logging_mixin.py:109} INFO - [2021-11-24 13:30:54,925] {dagbag.py:500} INFO - Filling up the DagBag from /home/dante/DWBI/Apache/py_env/lib/python3.8/site-packages/airflow/example_dags/example_complex.py
[2021-11-24 13:30:54,948] {processor.py:632} INFO - DAG(s) dict_keys(['example_complex']) retrieved from /home/dante/DWBI/Apache/py_env/lib/python3.8/site-packages/airflow/example_dags/example_complex.py
[2021-11-24 13:30:54,958] {logging_mixin.py:109} INFO - [2021-11-24 13:30:54,958] {dag.py:2389} INFO - Sync 1 DAGs
[2021-11-24 13:30:54,967] {logging_mixin.py:109} INFO - [2021-11-24 13:30:54,967] {dag.py:2921} INFO - Setting next_dagrun for example_complex to None
[2021-11-24 13:30:54,985] {processor.py:171} INFO - Processing /home/dante/DWBI/Apache/py_env/lib/python3.8/site-packages/airflow/example_dags/example_complex.py took 0.073 seconds
[2021-11-24 13:31:31,874] {processor.py:163} INFO - Started process (PID=47649) to work on /home/dante/DWBI/Apache/py_env/lib/python3.8/site-packages/airflow/example_dags/example_complex.py
[2021-11-24 13:31:31,884] {processor.py:620} INFO - Processing file /home/dante/DWBI/Apache/py_env/lib/python3.8/site-packages/airflow/example_dags/example_complex.py for tasks to queue
[2021-11-24 13:31:31,884] {logging_mixin.py:109} INFO - [2021-11-24 13:31:31,884] {dagbag.py:500} INFO - Filling up the DagBag from /home/dante/DWBI/Apache/py_env/lib/python3.8/site-packages/airflow/example_dags/example_complex.py
[2021-11-24 13:31:31,914] {processor.py:632} INFO - DAG(s) dict_keys(['example_complex']) retrieved from /home/dante/DWBI/Apache/py_env/lib/python3.8/site-packages/airflow/example_dags/example_complex.py
[2021-11-24 13:31:31,925] {logging_mixin.py:109} INFO - [2021-11-24 13:31:31,925] {dag.py:2389} INFO - Sync 1 DAGs
[2021-11-24 13:31:31,934] {logging_mixin.py:109} INFO - [2021-11-24 13:31:31,934] {dag.py:2921} INFO - Setting next_dagrun for example_complex to None
[2021-11-24 13:31:31,942] {processor.py:171} INFO - Processing /home/dante/DWBI/Apache/py_env/lib/python3.8/site-packages/airflow/example_dags/example_complex.py took 0.071 seconds
[2021-11-24 13:32:08,737] {processor.py:163} INFO - Started process (PID=47793) to work on /home/dante/DWBI/Apache/py_env/lib/python3.8/site-packages/airflow/example_dags/example_complex.py
[2021-11-24 13:32:08,748] {processor.py:620} INFO - Processing file /home/dante/DWBI/Apache/py_env/lib/python3.8/site-packages/airflow/example_dags/example_complex.py for tasks to queue
[2021-11-24 13:32:08,749] {logging_mixin.py:109} INFO - [2021-11-24 13:32:08,749] {dagbag.py:500} INFO - Filling up the DagBag from /home/dante/DWBI/Apache/py_env/lib/python3.8/site-packages/airflow/example_dags/example_complex.py
[2021-11-24 13:32:08,786] {processor.py:632} INFO - DAG(s) dict_keys(['example_complex']) retrieved from /home/dante/DWBI/Apache/py_env/lib/python3.8/site-packages/airflow/example_dags/example_complex.py
[2021-11-24 13:32:08,796] {logging_mixin.py:109} INFO - [2021-11-24 13:32:08,796] {dag.py:2389} INFO - Sync 1 DAGs
[2021-11-24 13:32:08,805] {logging_mixin.py:109} INFO - [2021-11-24 13:32:08,805] {dag.py:2921} INFO - Setting next_dagrun for example_complex to None
[2021-11-24 13:32:08,832] {processor.py:171} INFO - Processing /home/dante/DWBI/Apache/py_env/lib/python3.8/site-packages/airflow/example_dags/example_complex.py took 0.101 seconds
[2021-11-24 13:32:45,255] {processor.py:163} INFO - Started process (PID=48290) to work on /home/dante/DWBI/Apache/py_env/lib/python3.8/site-packages/airflow/example_dags/example_complex.py
[2021-11-24 13:32:45,257] {processor.py:620} INFO - Processing file /home/dante/DWBI/Apache/py_env/lib/python3.8/site-packages/airflow/example_dags/example_complex.py for tasks to queue
[2021-11-24 13:32:45,257] {logging_mixin.py:109} INFO - [2021-11-24 13:32:45,257] {dagbag.py:500} INFO - Filling up the DagBag from /home/dante/DWBI/Apache/py_env/lib/python3.8/site-packages/airflow/example_dags/example_complex.py
[2021-11-24 13:32:45,279] {processor.py:632} INFO - DAG(s) dict_keys(['example_complex']) retrieved from /home/dante/DWBI/Apache/py_env/lib/python3.8/site-packages/airflow/example_dags/example_complex.py
[2021-11-24 13:32:45,290] {logging_mixin.py:109} INFO - [2021-11-24 13:32:45,290] {dag.py:2389} INFO - Sync 1 DAGs
[2021-11-24 13:32:45,299] {logging_mixin.py:109} INFO - [2021-11-24 13:32:45,299] {dag.py:2921} INFO - Setting next_dagrun for example_complex to None
[2021-11-24 13:32:45,307] {processor.py:171} INFO - Processing /home/dante/DWBI/Apache/py_env/lib/python3.8/site-packages/airflow/example_dags/example_complex.py took 0.054 seconds
[2021-11-24 13:33:21,234] {processor.py:163} INFO - Started process (PID=48505) to work on /home/dante/DWBI/Apache/py_env/lib/python3.8/site-packages/airflow/example_dags/example_complex.py
[2021-11-24 13:33:21,244] {processor.py:620} INFO - Processing file /home/dante/DWBI/Apache/py_env/lib/python3.8/site-packages/airflow/example_dags/example_complex.py for tasks to queue
[2021-11-24 13:33:21,246] {logging_mixin.py:109} INFO - [2021-11-24 13:33:21,245] {dagbag.py:500} INFO - Filling up the DagBag from /home/dante/DWBI/Apache/py_env/lib/python3.8/site-packages/airflow/example_dags/example_complex.py
[2021-11-24 13:33:21,284] {processor.py:632} INFO - DAG(s) dict_keys(['example_complex']) retrieved from /home/dante/DWBI/Apache/py_env/lib/python3.8/site-packages/airflow/example_dags/example_complex.py
[2021-11-24 13:33:21,295] {logging_mixin.py:109} INFO - [2021-11-24 13:33:21,295] {dag.py:2389} INFO - Sync 1 DAGs
[2021-11-24 13:33:21,304] {logging_mixin.py:109} INFO - [2021-11-24 13:33:21,304] {dag.py:2921} INFO - Setting next_dagrun for example_complex to None
[2021-11-24 13:33:21,318] {processor.py:171} INFO - Processing /home/dante/DWBI/Apache/py_env/lib/python3.8/site-packages/airflow/example_dags/example_complex.py took 0.091 seconds
[2021-11-24 13:33:59,523] {processor.py:163} INFO - Started process (PID=48640) to work on /home/dante/DWBI/Apache/py_env/lib/python3.8/site-packages/airflow/example_dags/example_complex.py
[2021-11-24 13:33:59,532] {processor.py:620} INFO - Processing file /home/dante/DWBI/Apache/py_env/lib/python3.8/site-packages/airflow/example_dags/example_complex.py for tasks to queue
[2021-11-24 13:33:59,533] {logging_mixin.py:109} INFO - [2021-11-24 13:33:59,533] {dagbag.py:500} INFO - Filling up the DagBag from /home/dante/DWBI/Apache/py_env/lib/python3.8/site-packages/airflow/example_dags/example_complex.py
[2021-11-24 13:33:59,554] {processor.py:632} INFO - DAG(s) dict_keys(['example_complex']) retrieved from /home/dante/DWBI/Apache/py_env/lib/python3.8/site-packages/airflow/example_dags/example_complex.py
[2021-11-24 13:33:59,564] {logging_mixin.py:109} INFO - [2021-11-24 13:33:59,564] {dag.py:2389} INFO - Sync 1 DAGs
[2021-11-24 13:33:59,572] {logging_mixin.py:109} INFO - [2021-11-24 13:33:59,572] {dag.py:2921} INFO - Setting next_dagrun for example_complex to None
[2021-11-24 13:33:59,594] {processor.py:171} INFO - Processing /home/dante/DWBI/Apache/py_env/lib/python3.8/site-packages/airflow/example_dags/example_complex.py took 0.073 seconds
[2021-11-24 13:34:38,277] {processor.py:163} INFO - Started process (PID=48757) to work on /home/dante/DWBI/Apache/py_env/lib/python3.8/site-packages/airflow/example_dags/example_complex.py
[2021-11-24 13:34:38,281] {processor.py:620} INFO - Processing file /home/dante/DWBI/Apache/py_env/lib/python3.8/site-packages/airflow/example_dags/example_complex.py for tasks to queue
[2021-11-24 13:34:38,283] {logging_mixin.py:109} INFO - [2021-11-24 13:34:38,282] {dagbag.py:500} INFO - Filling up the DagBag from /home/dante/DWBI/Apache/py_env/lib/python3.8/site-packages/airflow/example_dags/example_complex.py
[2021-11-24 13:34:38,331] {processor.py:632} INFO - DAG(s) dict_keys(['example_complex']) retrieved from /home/dante/DWBI/Apache/py_env/lib/python3.8/site-packages/airflow/example_dags/example_complex.py
[2021-11-24 13:34:38,350] {logging_mixin.py:109} INFO - [2021-11-24 13:34:38,350] {dag.py:2389} INFO - Sync 1 DAGs
[2021-11-24 13:34:38,362] {logging_mixin.py:109} INFO - [2021-11-24 13:34:38,362] {dag.py:2921} INFO - Setting next_dagrun for example_complex to None
[2021-11-24 13:34:38,373] {processor.py:171} INFO - Processing /home/dante/DWBI/Apache/py_env/lib/python3.8/site-packages/airflow/example_dags/example_complex.py took 0.103 seconds
[2021-11-24 13:35:11,442] {processor.py:163} INFO - Started process (PID=48854) to work on /home/dante/DWBI/Apache/py_env/lib/python3.8/site-packages/airflow/example_dags/example_complex.py
[2021-11-24 13:35:11,451] {processor.py:620} INFO - Processing file /home/dante/DWBI/Apache/py_env/lib/python3.8/site-packages/airflow/example_dags/example_complex.py for tasks to queue
[2021-11-24 13:35:11,452] {logging_mixin.py:109} INFO - [2021-11-24 13:35:11,452] {dagbag.py:500} INFO - Filling up the DagBag from /home/dante/DWBI/Apache/py_env/lib/python3.8/site-packages/airflow/example_dags/example_complex.py
[2021-11-24 13:35:11,483] {processor.py:632} INFO - DAG(s) dict_keys(['example_complex']) retrieved from /home/dante/DWBI/Apache/py_env/lib/python3.8/site-packages/airflow/example_dags/example_complex.py
[2021-11-24 13:35:11,494] {logging_mixin.py:109} INFO - [2021-11-24 13:35:11,493] {dag.py:2389} INFO - Sync 1 DAGs
[2021-11-24 13:35:11,502] {logging_mixin.py:109} INFO - [2021-11-24 13:35:11,502] {dag.py:2921} INFO - Setting next_dagrun for example_complex to None
[2021-11-24 13:35:11,526] {processor.py:171} INFO - Processing /home/dante/DWBI/Apache/py_env/lib/python3.8/site-packages/airflow/example_dags/example_complex.py took 0.087 seconds
[2021-11-24 13:35:48,468] {processor.py:163} INFO - Started process (PID=48949) to work on /home/dante/DWBI/Apache/py_env/lib/python3.8/site-packages/airflow/example_dags/example_complex.py
[2021-11-24 13:35:48,479] {processor.py:620} INFO - Processing file /home/dante/DWBI/Apache/py_env/lib/python3.8/site-packages/airflow/example_dags/example_complex.py for tasks to queue
[2021-11-24 13:35:48,480] {logging_mixin.py:109} INFO - [2021-11-24 13:35:48,480] {dagbag.py:500} INFO - Filling up the DagBag from /home/dante/DWBI/Apache/py_env/lib/python3.8/site-packages/airflow/example_dags/example_complex.py
[2021-11-24 13:35:48,520] {processor.py:632} INFO - DAG(s) dict_keys(['example_complex']) retrieved from /home/dante/DWBI/Apache/py_env/lib/python3.8/site-packages/airflow/example_dags/example_complex.py
[2021-11-24 13:35:48,530] {logging_mixin.py:109} INFO - [2021-11-24 13:35:48,530] {dag.py:2389} INFO - Sync 1 DAGs
[2021-11-24 13:35:48,539] {logging_mixin.py:109} INFO - [2021-11-24 13:35:48,539] {dag.py:2921} INFO - Setting next_dagrun for example_complex to None
[2021-11-24 13:35:48,565] {processor.py:171} INFO - Processing /home/dante/DWBI/Apache/py_env/lib/python3.8/site-packages/airflow/example_dags/example_complex.py took 0.104 seconds
[2021-11-24 13:36:20,977] {processor.py:163} INFO - Started process (PID=49032) to work on /home/dante/DWBI/Apache/py_env/lib/python3.8/site-packages/airflow/example_dags/example_complex.py
[2021-11-24 13:36:20,979] {processor.py:620} INFO - Processing file /home/dante/DWBI/Apache/py_env/lib/python3.8/site-packages/airflow/example_dags/example_complex.py for tasks to queue
[2021-11-24 13:36:20,980] {logging_mixin.py:109} INFO - [2021-11-24 13:36:20,980] {dagbag.py:500} INFO - Filling up the DagBag from /home/dante/DWBI/Apache/py_env/lib/python3.8/site-packages/airflow/example_dags/example_complex.py
[2021-11-24 13:36:21,009] {processor.py:632} INFO - DAG(s) dict_keys(['example_complex']) retrieved from /home/dante/DWBI/Apache/py_env/lib/python3.8/site-packages/airflow/example_dags/example_complex.py
[2021-11-24 13:36:21,020] {logging_mixin.py:109} INFO - [2021-11-24 13:36:21,020] {dag.py:2389} INFO - Sync 1 DAGs
[2021-11-24 13:36:21,028] {logging_mixin.py:109} INFO - [2021-11-24 13:36:21,028] {dag.py:2921} INFO - Setting next_dagrun for example_complex to None
[2021-11-24 13:36:21,036] {processor.py:171} INFO - Processing /home/dante/DWBI/Apache/py_env/lib/python3.8/site-packages/airflow/example_dags/example_complex.py took 0.061 seconds
[2021-11-24 13:36:55,250] {processor.py:163} INFO - Started process (PID=49144) to work on /home/dante/DWBI/Apache/py_env/lib/python3.8/site-packages/airflow/example_dags/example_complex.py
[2021-11-24 13:36:55,261] {processor.py:620} INFO - Processing file /home/dante/DWBI/Apache/py_env/lib/python3.8/site-packages/airflow/example_dags/example_complex.py for tasks to queue
[2021-11-24 13:36:55,262] {logging_mixin.py:109} INFO - [2021-11-24 13:36:55,262] {dagbag.py:500} INFO - Filling up the DagBag from /home/dante/DWBI/Apache/py_env/lib/python3.8/site-packages/airflow/example_dags/example_complex.py
[2021-11-24 13:36:55,297] {processor.py:632} INFO - DAG(s) dict_keys(['example_complex']) retrieved from /home/dante/DWBI/Apache/py_env/lib/python3.8/site-packages/airflow/example_dags/example_complex.py
[2021-11-24 13:36:55,307] {logging_mixin.py:109} INFO - [2021-11-24 13:36:55,307] {dag.py:2389} INFO - Sync 1 DAGs
[2021-11-24 13:36:55,316] {logging_mixin.py:109} INFO - [2021-11-24 13:36:55,316] {dag.py:2921} INFO - Setting next_dagrun for example_complex to None
[2021-11-24 13:36:55,323] {processor.py:171} INFO - Processing /home/dante/DWBI/Apache/py_env/lib/python3.8/site-packages/airflow/example_dags/example_complex.py took 0.080 seconds
[2021-11-24 13:37:33,274] {processor.py:163} INFO - Started process (PID=49286) to work on /home/dante/DWBI/Apache/py_env/lib/python3.8/site-packages/airflow/example_dags/example_complex.py
[2021-11-24 13:37:33,283] {processor.py:620} INFO - Processing file /home/dante/DWBI/Apache/py_env/lib/python3.8/site-packages/airflow/example_dags/example_complex.py for tasks to queue
[2021-11-24 13:37:33,284] {logging_mixin.py:109} INFO - [2021-11-24 13:37:33,284] {dagbag.py:500} INFO - Filling up the DagBag from /home/dante/DWBI/Apache/py_env/lib/python3.8/site-packages/airflow/example_dags/example_complex.py
[2021-11-24 13:37:33,303] {processor.py:632} INFO - DAG(s) dict_keys(['example_complex']) retrieved from /home/dante/DWBI/Apache/py_env/lib/python3.8/site-packages/airflow/example_dags/example_complex.py
[2021-11-24 13:37:33,312] {logging_mixin.py:109} INFO - [2021-11-24 13:37:33,312] {dag.py:2389} INFO - Sync 1 DAGs
[2021-11-24 13:37:33,321] {logging_mixin.py:109} INFO - [2021-11-24 13:37:33,321] {dag.py:2921} INFO - Setting next_dagrun for example_complex to None
[2021-11-24 13:37:33,328] {processor.py:171} INFO - Processing /home/dante/DWBI/Apache/py_env/lib/python3.8/site-packages/airflow/example_dags/example_complex.py took 0.055 seconds
[2021-11-24 13:38:11,243] {processor.py:163} INFO - Started process (PID=49373) to work on /home/dante/DWBI/Apache/py_env/lib/python3.8/site-packages/airflow/example_dags/example_complex.py
[2021-11-24 13:38:11,246] {processor.py:620} INFO - Processing file /home/dante/DWBI/Apache/py_env/lib/python3.8/site-packages/airflow/example_dags/example_complex.py for tasks to queue
[2021-11-24 13:38:11,247] {logging_mixin.py:109} INFO - [2021-11-24 13:38:11,247] {dagbag.py:500} INFO - Filling up the DagBag from /home/dante/DWBI/Apache/py_env/lib/python3.8/site-packages/airflow/example_dags/example_complex.py
[2021-11-24 13:38:11,278] {processor.py:632} INFO - DAG(s) dict_keys(['example_complex']) retrieved from /home/dante/DWBI/Apache/py_env/lib/python3.8/site-packages/airflow/example_dags/example_complex.py
[2021-11-24 13:38:11,291] {logging_mixin.py:109} INFO - [2021-11-24 13:38:11,291] {dag.py:2389} INFO - Sync 1 DAGs
[2021-11-24 13:38:11,303] {logging_mixin.py:109} INFO - [2021-11-24 13:38:11,303] {dag.py:2921} INFO - Setting next_dagrun for example_complex to None
[2021-11-24 13:38:11,312] {processor.py:171} INFO - Processing /home/dante/DWBI/Apache/py_env/lib/python3.8/site-packages/airflow/example_dags/example_complex.py took 0.072 seconds
[2021-11-24 13:38:47,457] {processor.py:163} INFO - Started process (PID=49433) to work on /home/dante/DWBI/Apache/py_env/lib/python3.8/site-packages/airflow/example_dags/example_complex.py
[2021-11-24 13:38:47,467] {processor.py:620} INFO - Processing file /home/dante/DWBI/Apache/py_env/lib/python3.8/site-packages/airflow/example_dags/example_complex.py for tasks to queue
[2021-11-24 13:38:47,467] {logging_mixin.py:109} INFO - [2021-11-24 13:38:47,467] {dagbag.py:500} INFO - Filling up the DagBag from /home/dante/DWBI/Apache/py_env/lib/python3.8/site-packages/airflow/example_dags/example_complex.py
[2021-11-24 13:38:47,495] {processor.py:632} INFO - DAG(s) dict_keys(['example_complex']) retrieved from /home/dante/DWBI/Apache/py_env/lib/python3.8/site-packages/airflow/example_dags/example_complex.py
[2021-11-24 13:38:47,507] {logging_mixin.py:109} INFO - [2021-11-24 13:38:47,507] {dag.py:2389} INFO - Sync 1 DAGs
[2021-11-24 13:38:47,518] {logging_mixin.py:109} INFO - [2021-11-24 13:38:47,518] {dag.py:2921} INFO - Setting next_dagrun for example_complex to None
[2021-11-24 13:38:47,528] {processor.py:171} INFO - Processing /home/dante/DWBI/Apache/py_env/lib/python3.8/site-packages/airflow/example_dags/example_complex.py took 0.073 seconds
[2021-11-24 13:39:22,618] {processor.py:163} INFO - Started process (PID=49567) to work on /home/dante/DWBI/Apache/py_env/lib/python3.8/site-packages/airflow/example_dags/example_complex.py
[2021-11-24 13:39:22,624] {processor.py:620} INFO - Processing file /home/dante/DWBI/Apache/py_env/lib/python3.8/site-packages/airflow/example_dags/example_complex.py for tasks to queue
[2021-11-24 13:39:22,626] {logging_mixin.py:109} INFO - [2021-11-24 13:39:22,625] {dagbag.py:500} INFO - Filling up the DagBag from /home/dante/DWBI/Apache/py_env/lib/python3.8/site-packages/airflow/example_dags/example_complex.py
[2021-11-24 13:39:22,663] {processor.py:632} INFO - DAG(s) dict_keys(['example_complex']) retrieved from /home/dante/DWBI/Apache/py_env/lib/python3.8/site-packages/airflow/example_dags/example_complex.py
[2021-11-24 13:39:22,675] {logging_mixin.py:109} INFO - [2021-11-24 13:39:22,674] {dag.py:2389} INFO - Sync 1 DAGs
[2021-11-24 13:39:22,685] {logging_mixin.py:109} INFO - [2021-11-24 13:39:22,684] {dag.py:2921} INFO - Setting next_dagrun for example_complex to None
[2021-11-24 13:39:22,693] {processor.py:171} INFO - Processing /home/dante/DWBI/Apache/py_env/lib/python3.8/site-packages/airflow/example_dags/example_complex.py took 0.082 seconds
[2021-11-24 13:39:58,882] {processor.py:163} INFO - Started process (PID=49652) to work on /home/dante/DWBI/Apache/py_env/lib/python3.8/site-packages/airflow/example_dags/example_complex.py
[2021-11-24 13:39:58,891] {processor.py:620} INFO - Processing file /home/dante/DWBI/Apache/py_env/lib/python3.8/site-packages/airflow/example_dags/example_complex.py for tasks to queue
[2021-11-24 13:39:58,891] {logging_mixin.py:109} INFO - [2021-11-24 13:39:58,891] {dagbag.py:500} INFO - Filling up the DagBag from /home/dante/DWBI/Apache/py_env/lib/python3.8/site-packages/airflow/example_dags/example_complex.py
[2021-11-24 13:39:58,911] {processor.py:632} INFO - DAG(s) dict_keys(['example_complex']) retrieved from /home/dante/DWBI/Apache/py_env/lib/python3.8/site-packages/airflow/example_dags/example_complex.py
[2021-11-24 13:39:58,922] {logging_mixin.py:109} INFO - [2021-11-24 13:39:58,922] {dag.py:2389} INFO - Sync 1 DAGs
[2021-11-24 13:39:58,932] {logging_mixin.py:109} INFO - [2021-11-24 13:39:58,932] {dag.py:2921} INFO - Setting next_dagrun for example_complex to None
[2021-11-24 13:39:58,947] {processor.py:171} INFO - Processing /home/dante/DWBI/Apache/py_env/lib/python3.8/site-packages/airflow/example_dags/example_complex.py took 0.066 seconds
[2021-11-24 13:40:31,546] {processor.py:163} INFO - Started process (PID=49730) to work on /home/dante/DWBI/Apache/py_env/lib/python3.8/site-packages/airflow/example_dags/example_complex.py
[2021-11-24 13:40:31,547] {processor.py:620} INFO - Processing file /home/dante/DWBI/Apache/py_env/lib/python3.8/site-packages/airflow/example_dags/example_complex.py for tasks to queue
[2021-11-24 13:40:31,547] {logging_mixin.py:109} INFO - [2021-11-24 13:40:31,547] {dagbag.py:500} INFO - Filling up the DagBag from /home/dante/DWBI/Apache/py_env/lib/python3.8/site-packages/airflow/example_dags/example_complex.py
[2021-11-24 13:40:31,568] {processor.py:632} INFO - DAG(s) dict_keys(['example_complex']) retrieved from /home/dante/DWBI/Apache/py_env/lib/python3.8/site-packages/airflow/example_dags/example_complex.py
[2021-11-24 13:40:31,579] {logging_mixin.py:109} INFO - [2021-11-24 13:40:31,579] {dag.py:2389} INFO - Sync 1 DAGs
[2021-11-24 13:40:31,588] {logging_mixin.py:109} INFO - [2021-11-24 13:40:31,588] {dag.py:2921} INFO - Setting next_dagrun for example_complex to None
[2021-11-24 13:40:31,606] {processor.py:171} INFO - Processing /home/dante/DWBI/Apache/py_env/lib/python3.8/site-packages/airflow/example_dags/example_complex.py took 0.062 seconds
[2021-11-24 13:41:11,822] {processor.py:163} INFO - Started process (PID=49798) to work on /home/dante/DWBI/Apache/py_env/lib/python3.8/site-packages/airflow/example_dags/example_complex.py
[2021-11-24 13:41:11,832] {processor.py:620} INFO - Processing file /home/dante/DWBI/Apache/py_env/lib/python3.8/site-packages/airflow/example_dags/example_complex.py for tasks to queue
[2021-11-24 13:41:11,833] {logging_mixin.py:109} INFO - [2021-11-24 13:41:11,833] {dagbag.py:500} INFO - Filling up the DagBag from /home/dante/DWBI/Apache/py_env/lib/python3.8/site-packages/airflow/example_dags/example_complex.py
[2021-11-24 13:41:11,873] {processor.py:632} INFO - DAG(s) dict_keys(['example_complex']) retrieved from /home/dante/DWBI/Apache/py_env/lib/python3.8/site-packages/airflow/example_dags/example_complex.py
[2021-11-24 13:41:11,884] {logging_mixin.py:109} INFO - [2021-11-24 13:41:11,884] {dag.py:2389} INFO - Sync 1 DAGs
[2021-11-24 13:41:11,892] {logging_mixin.py:109} INFO - [2021-11-24 13:41:11,892] {dag.py:2921} INFO - Setting next_dagrun for example_complex to None
[2021-11-24 13:41:11,899] {processor.py:171} INFO - Processing /home/dante/DWBI/Apache/py_env/lib/python3.8/site-packages/airflow/example_dags/example_complex.py took 0.079 seconds
[2021-11-24 13:41:46,592] {processor.py:163} INFO - Started process (PID=49907) to work on /home/dante/DWBI/Apache/py_env/lib/python3.8/site-packages/airflow/example_dags/example_complex.py
[2021-11-24 13:41:46,596] {processor.py:620} INFO - Processing file /home/dante/DWBI/Apache/py_env/lib/python3.8/site-packages/airflow/example_dags/example_complex.py for tasks to queue
[2021-11-24 13:41:46,597] {logging_mixin.py:109} INFO - [2021-11-24 13:41:46,597] {dagbag.py:500} INFO - Filling up the DagBag from /home/dante/DWBI/Apache/py_env/lib/python3.8/site-packages/airflow/example_dags/example_complex.py
[2021-11-24 13:41:46,632] {processor.py:632} INFO - DAG(s) dict_keys(['example_complex']) retrieved from /home/dante/DWBI/Apache/py_env/lib/python3.8/site-packages/airflow/example_dags/example_complex.py
[2021-11-24 13:41:46,642] {logging_mixin.py:109} INFO - [2021-11-24 13:41:46,642] {dag.py:2389} INFO - Sync 1 DAGs
[2021-11-24 13:41:46,651] {logging_mixin.py:109} INFO - [2021-11-24 13:41:46,651] {dag.py:2921} INFO - Setting next_dagrun for example_complex to None
[2021-11-24 13:41:46,659] {processor.py:171} INFO - Processing /home/dante/DWBI/Apache/py_env/lib/python3.8/site-packages/airflow/example_dags/example_complex.py took 0.074 seconds
[2021-11-24 13:42:22,855] {processor.py:163} INFO - Started process (PID=49998) to work on /home/dante/DWBI/Apache/py_env/lib/python3.8/site-packages/airflow/example_dags/example_complex.py
[2021-11-24 13:42:22,864] {processor.py:620} INFO - Processing file /home/dante/DWBI/Apache/py_env/lib/python3.8/site-packages/airflow/example_dags/example_complex.py for tasks to queue
[2021-11-24 13:42:22,865] {logging_mixin.py:109} INFO - [2021-11-24 13:42:22,865] {dagbag.py:500} INFO - Filling up the DagBag from /home/dante/DWBI/Apache/py_env/lib/python3.8/site-packages/airflow/example_dags/example_complex.py
[2021-11-24 13:42:22,891] {processor.py:632} INFO - DAG(s) dict_keys(['example_complex']) retrieved from /home/dante/DWBI/Apache/py_env/lib/python3.8/site-packages/airflow/example_dags/example_complex.py
[2021-11-24 13:42:22,902] {logging_mixin.py:109} INFO - [2021-11-24 13:42:22,902] {dag.py:2389} INFO - Sync 1 DAGs
[2021-11-24 13:42:22,910] {logging_mixin.py:109} INFO - [2021-11-24 13:42:22,910] {dag.py:2921} INFO - Setting next_dagrun for example_complex to None
[2021-11-24 13:42:22,919] {processor.py:171} INFO - Processing /home/dante/DWBI/Apache/py_env/lib/python3.8/site-packages/airflow/example_dags/example_complex.py took 0.067 seconds
