[2021-11-24 13:01:43,576] {processor.py:163} INFO - Started process (PID=42668) to work on /home/dante/DWBI/Apache/py_env/lib/python3.8/site-packages/airflow/example_dags/example_latest_only.py
[2021-11-24 13:01:43,577] {processor.py:620} INFO - Processing file /home/dante/DWBI/Apache/py_env/lib/python3.8/site-packages/airflow/example_dags/example_latest_only.py for tasks to queue
[2021-11-24 13:01:43,578] {logging_mixin.py:109} INFO - [2021-11-24 13:01:43,578] {dagbag.py:500} INFO - Filling up the DagBag from /home/dante/DWBI/Apache/py_env/lib/python3.8/site-packages/airflow/example_dags/example_latest_only.py
[2021-11-24 13:01:43,606] {processor.py:632} INFO - DAG(s) dict_keys(['latest_only']) retrieved from /home/dante/DWBI/Apache/py_env/lib/python3.8/site-packages/airflow/example_dags/example_latest_only.py
[2021-11-24 13:01:43,614] {logging_mixin.py:109} INFO - [2021-11-24 13:01:43,614] {dag.py:2389} INFO - Sync 1 DAGs
[2021-11-24 13:01:43,624] {logging_mixin.py:109} INFO - [2021-11-24 13:01:43,624] {dag.py:2921} INFO - Setting next_dagrun for latest_only to 2021-11-24T08:01:43.624390+00:00
[2021-11-24 13:01:43,633] {processor.py:171} INFO - Processing /home/dante/DWBI/Apache/py_env/lib/python3.8/site-packages/airflow/example_dags/example_latest_only.py took 0.061 seconds
[2021-11-24 13:02:21,877] {processor.py:163} INFO - Started process (PID=42733) to work on /home/dante/DWBI/Apache/py_env/lib/python3.8/site-packages/airflow/example_dags/example_latest_only.py
[2021-11-24 13:02:21,887] {processor.py:620} INFO - Processing file /home/dante/DWBI/Apache/py_env/lib/python3.8/site-packages/airflow/example_dags/example_latest_only.py for tasks to queue
[2021-11-24 13:02:21,887] {logging_mixin.py:109} INFO - [2021-11-24 13:02:21,887] {dagbag.py:500} INFO - Filling up the DagBag from /home/dante/DWBI/Apache/py_env/lib/python3.8/site-packages/airflow/example_dags/example_latest_only.py
[2021-11-24 13:02:21,908] {processor.py:632} INFO - DAG(s) dict_keys(['latest_only']) retrieved from /home/dante/DWBI/Apache/py_env/lib/python3.8/site-packages/airflow/example_dags/example_latest_only.py
[2021-11-24 13:02:21,918] {logging_mixin.py:109} INFO - [2021-11-24 13:02:21,918] {dag.py:2389} INFO - Sync 1 DAGs
[2021-11-24 13:02:21,929] {logging_mixin.py:109} INFO - [2021-11-24 13:02:21,929] {dag.py:2921} INFO - Setting next_dagrun for latest_only to 2021-11-24T08:02:21.929402+00:00
[2021-11-24 13:02:21,937] {processor.py:171} INFO - Processing /home/dante/DWBI/Apache/py_env/lib/python3.8/site-packages/airflow/example_dags/example_latest_only.py took 0.062 seconds
[2021-11-24 13:03:01,053] {processor.py:163} INFO - Started process (PID=42843) to work on /home/dante/DWBI/Apache/py_env/lib/python3.8/site-packages/airflow/example_dags/example_latest_only.py
[2021-11-24 13:03:01,057] {processor.py:620} INFO - Processing file /home/dante/DWBI/Apache/py_env/lib/python3.8/site-packages/airflow/example_dags/example_latest_only.py for tasks to queue
[2021-11-24 13:03:01,059] {logging_mixin.py:109} INFO - [2021-11-24 13:03:01,058] {dagbag.py:500} INFO - Filling up the DagBag from /home/dante/DWBI/Apache/py_env/lib/python3.8/site-packages/airflow/example_dags/example_latest_only.py
[2021-11-24 13:03:01,089] {processor.py:632} INFO - DAG(s) dict_keys(['latest_only']) retrieved from /home/dante/DWBI/Apache/py_env/lib/python3.8/site-packages/airflow/example_dags/example_latest_only.py
[2021-11-24 13:03:01,096] {logging_mixin.py:109} INFO - [2021-11-24 13:03:01,096] {dag.py:2389} INFO - Sync 1 DAGs
[2021-11-24 13:03:01,107] {logging_mixin.py:109} INFO - [2021-11-24 13:03:01,106] {dag.py:2921} INFO - Setting next_dagrun for latest_only to 2021-11-24T08:03:01.106711+00:00
[2021-11-24 13:03:01,115] {processor.py:171} INFO - Processing /home/dante/DWBI/Apache/py_env/lib/python3.8/site-packages/airflow/example_dags/example_latest_only.py took 0.068 seconds
[2021-11-24 13:03:37,923] {processor.py:163} INFO - Started process (PID=42904) to work on /home/dante/DWBI/Apache/py_env/lib/python3.8/site-packages/airflow/example_dags/example_latest_only.py
[2021-11-24 13:03:37,925] {processor.py:620} INFO - Processing file /home/dante/DWBI/Apache/py_env/lib/python3.8/site-packages/airflow/example_dags/example_latest_only.py for tasks to queue
[2021-11-24 13:03:37,926] {logging_mixin.py:109} INFO - [2021-11-24 13:03:37,926] {dagbag.py:500} INFO - Filling up the DagBag from /home/dante/DWBI/Apache/py_env/lib/python3.8/site-packages/airflow/example_dags/example_latest_only.py
[2021-11-24 13:03:37,943] {processor.py:632} INFO - DAG(s) dict_keys(['latest_only']) retrieved from /home/dante/DWBI/Apache/py_env/lib/python3.8/site-packages/airflow/example_dags/example_latest_only.py
[2021-11-24 13:03:37,952] {logging_mixin.py:109} INFO - [2021-11-24 13:03:37,952] {dag.py:2389} INFO - Sync 1 DAGs
[2021-11-24 13:03:37,962] {logging_mixin.py:109} INFO - [2021-11-24 13:03:37,962] {dag.py:2921} INFO - Setting next_dagrun for latest_only to 2021-11-24T08:03:37.962119+00:00
[2021-11-24 13:03:37,972] {processor.py:171} INFO - Processing /home/dante/DWBI/Apache/py_env/lib/python3.8/site-packages/airflow/example_dags/example_latest_only.py took 0.051 seconds
[2021-11-24 13:04:15,693] {processor.py:163} INFO - Started process (PID=42960) to work on /home/dante/DWBI/Apache/py_env/lib/python3.8/site-packages/airflow/example_dags/example_latest_only.py
[2021-11-24 13:04:15,702] {processor.py:620} INFO - Processing file /home/dante/DWBI/Apache/py_env/lib/python3.8/site-packages/airflow/example_dags/example_latest_only.py for tasks to queue
[2021-11-24 13:04:15,703] {logging_mixin.py:109} INFO - [2021-11-24 13:04:15,703] {dagbag.py:500} INFO - Filling up the DagBag from /home/dante/DWBI/Apache/py_env/lib/python3.8/site-packages/airflow/example_dags/example_latest_only.py
[2021-11-24 13:04:15,715] {processor.py:632} INFO - DAG(s) dict_keys(['latest_only']) retrieved from /home/dante/DWBI/Apache/py_env/lib/python3.8/site-packages/airflow/example_dags/example_latest_only.py
[2021-11-24 13:04:15,723] {logging_mixin.py:109} INFO - [2021-11-24 13:04:15,723] {dag.py:2389} INFO - Sync 1 DAGs
[2021-11-24 13:04:15,732] {logging_mixin.py:109} INFO - [2021-11-24 13:04:15,732] {dag.py:2921} INFO - Setting next_dagrun for latest_only to 2021-11-24T08:04:15.731995+00:00
[2021-11-24 13:04:15,747] {processor.py:171} INFO - Processing /home/dante/DWBI/Apache/py_env/lib/python3.8/site-packages/airflow/example_dags/example_latest_only.py took 0.055 seconds
[2021-11-24 13:04:58,105] {processor.py:163} INFO - Started process (PID=43171) to work on /home/dante/DWBI/Apache/py_env/lib/python3.8/site-packages/airflow/example_dags/example_latest_only.py
[2021-11-24 13:04:58,116] {processor.py:620} INFO - Processing file /home/dante/DWBI/Apache/py_env/lib/python3.8/site-packages/airflow/example_dags/example_latest_only.py for tasks to queue
[2021-11-24 13:04:58,117] {logging_mixin.py:109} INFO - [2021-11-24 13:04:58,117] {dagbag.py:500} INFO - Filling up the DagBag from /home/dante/DWBI/Apache/py_env/lib/python3.8/site-packages/airflow/example_dags/example_latest_only.py
[2021-11-24 13:04:58,156] {processor.py:632} INFO - DAG(s) dict_keys(['latest_only']) retrieved from /home/dante/DWBI/Apache/py_env/lib/python3.8/site-packages/airflow/example_dags/example_latest_only.py
[2021-11-24 13:04:58,164] {logging_mixin.py:109} INFO - [2021-11-24 13:04:58,164] {dag.py:2389} INFO - Sync 1 DAGs
[2021-11-24 13:04:58,173] {logging_mixin.py:109} INFO - [2021-11-24 13:04:58,173] {dag.py:2921} INFO - Setting next_dagrun for latest_only to 2021-11-24T08:04:58.172859+00:00
[2021-11-24 13:04:58,198] {processor.py:171} INFO - Processing /home/dante/DWBI/Apache/py_env/lib/python3.8/site-packages/airflow/example_dags/example_latest_only.py took 0.096 seconds
[2021-11-24 13:05:34,424] {processor.py:163} INFO - Started process (PID=43240) to work on /home/dante/DWBI/Apache/py_env/lib/python3.8/site-packages/airflow/example_dags/example_latest_only.py
[2021-11-24 13:05:34,436] {processor.py:620} INFO - Processing file /home/dante/DWBI/Apache/py_env/lib/python3.8/site-packages/airflow/example_dags/example_latest_only.py for tasks to queue
[2021-11-24 13:05:34,437] {logging_mixin.py:109} INFO - [2021-11-24 13:05:34,437] {dagbag.py:500} INFO - Filling up the DagBag from /home/dante/DWBI/Apache/py_env/lib/python3.8/site-packages/airflow/example_dags/example_latest_only.py
[2021-11-24 13:05:34,456] {processor.py:632} INFO - DAG(s) dict_keys(['latest_only']) retrieved from /home/dante/DWBI/Apache/py_env/lib/python3.8/site-packages/airflow/example_dags/example_latest_only.py
[2021-11-24 13:05:34,465] {logging_mixin.py:109} INFO - [2021-11-24 13:05:34,465] {dag.py:2389} INFO - Sync 1 DAGs
[2021-11-24 13:05:34,474] {logging_mixin.py:109} INFO - [2021-11-24 13:05:34,474] {dag.py:2921} INFO - Setting next_dagrun for latest_only to 2021-11-24T08:05:34.474226+00:00
[2021-11-24 13:05:34,490] {processor.py:171} INFO - Processing /home/dante/DWBI/Apache/py_env/lib/python3.8/site-packages/airflow/example_dags/example_latest_only.py took 0.069 seconds
[2021-11-24 13:06:07,375] {processor.py:163} INFO - Started process (PID=43294) to work on /home/dante/DWBI/Apache/py_env/lib/python3.8/site-packages/airflow/example_dags/example_latest_only.py
[2021-11-24 13:06:07,378] {processor.py:620} INFO - Processing file /home/dante/DWBI/Apache/py_env/lib/python3.8/site-packages/airflow/example_dags/example_latest_only.py for tasks to queue
[2021-11-24 13:06:07,378] {logging_mixin.py:109} INFO - [2021-11-24 13:06:07,378] {dagbag.py:500} INFO - Filling up the DagBag from /home/dante/DWBI/Apache/py_env/lib/python3.8/site-packages/airflow/example_dags/example_latest_only.py
[2021-11-24 13:06:07,396] {processor.py:632} INFO - DAG(s) dict_keys(['latest_only']) retrieved from /home/dante/DWBI/Apache/py_env/lib/python3.8/site-packages/airflow/example_dags/example_latest_only.py
[2021-11-24 13:06:07,403] {logging_mixin.py:109} INFO - [2021-11-24 13:06:07,403] {dag.py:2389} INFO - Sync 1 DAGs
[2021-11-24 13:06:07,413] {logging_mixin.py:109} INFO - [2021-11-24 13:06:07,413] {dag.py:2921} INFO - Setting next_dagrun for latest_only to 2021-11-24T08:06:07.413016+00:00
[2021-11-24 13:06:07,421] {processor.py:171} INFO - Processing /home/dante/DWBI/Apache/py_env/lib/python3.8/site-packages/airflow/example_dags/example_latest_only.py took 0.048 seconds
[2021-11-24 13:06:41,033] {processor.py:163} INFO - Started process (PID=43371) to work on /home/dante/DWBI/Apache/py_env/lib/python3.8/site-packages/airflow/example_dags/example_latest_only.py
[2021-11-24 13:06:41,045] {processor.py:620} INFO - Processing file /home/dante/DWBI/Apache/py_env/lib/python3.8/site-packages/airflow/example_dags/example_latest_only.py for tasks to queue
[2021-11-24 13:06:41,046] {logging_mixin.py:109} INFO - [2021-11-24 13:06:41,046] {dagbag.py:500} INFO - Filling up the DagBag from /home/dante/DWBI/Apache/py_env/lib/python3.8/site-packages/airflow/example_dags/example_latest_only.py
[2021-11-24 13:06:41,068] {processor.py:632} INFO - DAG(s) dict_keys(['latest_only']) retrieved from /home/dante/DWBI/Apache/py_env/lib/python3.8/site-packages/airflow/example_dags/example_latest_only.py
[2021-11-24 13:06:41,076] {logging_mixin.py:109} INFO - [2021-11-24 13:06:41,076] {dag.py:2389} INFO - Sync 1 DAGs
[2021-11-24 13:06:41,087] {logging_mixin.py:109} INFO - [2021-11-24 13:06:41,086] {dag.py:2921} INFO - Setting next_dagrun for latest_only to 2021-11-24T08:06:41.086667+00:00
[2021-11-24 13:06:41,095] {processor.py:171} INFO - Processing /home/dante/DWBI/Apache/py_env/lib/python3.8/site-packages/airflow/example_dags/example_latest_only.py took 0.069 seconds
[2021-11-24 13:07:19,395] {processor.py:163} INFO - Started process (PID=43422) to work on /home/dante/DWBI/Apache/py_env/lib/python3.8/site-packages/airflow/example_dags/example_latest_only.py
[2021-11-24 13:07:19,398] {processor.py:620} INFO - Processing file /home/dante/DWBI/Apache/py_env/lib/python3.8/site-packages/airflow/example_dags/example_latest_only.py for tasks to queue
[2021-11-24 13:07:19,399] {logging_mixin.py:109} INFO - [2021-11-24 13:07:19,399] {dagbag.py:500} INFO - Filling up the DagBag from /home/dante/DWBI/Apache/py_env/lib/python3.8/site-packages/airflow/example_dags/example_latest_only.py
[2021-11-24 13:07:19,419] {processor.py:632} INFO - DAG(s) dict_keys(['latest_only']) retrieved from /home/dante/DWBI/Apache/py_env/lib/python3.8/site-packages/airflow/example_dags/example_latest_only.py
[2021-11-24 13:07:19,428] {logging_mixin.py:109} INFO - [2021-11-24 13:07:19,428] {dag.py:2389} INFO - Sync 1 DAGs
[2021-11-24 13:07:19,437] {logging_mixin.py:109} INFO - [2021-11-24 13:07:19,437] {dag.py:2921} INFO - Setting next_dagrun for latest_only to 2021-11-24T08:07:19.437487+00:00
[2021-11-24 13:07:19,445] {processor.py:171} INFO - Processing /home/dante/DWBI/Apache/py_env/lib/python3.8/site-packages/airflow/example_dags/example_latest_only.py took 0.052 seconds
[2021-11-24 13:07:57,033] {processor.py:163} INFO - Started process (PID=43470) to work on /home/dante/DWBI/Apache/py_env/lib/python3.8/site-packages/airflow/example_dags/example_latest_only.py
[2021-11-24 13:07:57,044] {processor.py:620} INFO - Processing file /home/dante/DWBI/Apache/py_env/lib/python3.8/site-packages/airflow/example_dags/example_latest_only.py for tasks to queue
[2021-11-24 13:07:57,046] {logging_mixin.py:109} INFO - [2021-11-24 13:07:57,046] {dagbag.py:500} INFO - Filling up the DagBag from /home/dante/DWBI/Apache/py_env/lib/python3.8/site-packages/airflow/example_dags/example_latest_only.py
[2021-11-24 13:07:57,077] {processor.py:632} INFO - DAG(s) dict_keys(['latest_only']) retrieved from /home/dante/DWBI/Apache/py_env/lib/python3.8/site-packages/airflow/example_dags/example_latest_only.py
[2021-11-24 13:07:57,084] {logging_mixin.py:109} INFO - [2021-11-24 13:07:57,084] {dag.py:2389} INFO - Sync 1 DAGs
[2021-11-24 13:07:57,093] {logging_mixin.py:109} INFO - [2021-11-24 13:07:57,093] {dag.py:2921} INFO - Setting next_dagrun for latest_only to 2021-11-24T08:07:57.093581+00:00
[2021-11-24 13:07:57,117] {processor.py:171} INFO - Processing /home/dante/DWBI/Apache/py_env/lib/python3.8/site-packages/airflow/example_dags/example_latest_only.py took 0.090 seconds
[2021-11-24 13:08:34,863] {processor.py:163} INFO - Started process (PID=43536) to work on /home/dante/DWBI/Apache/py_env/lib/python3.8/site-packages/airflow/example_dags/example_latest_only.py
[2021-11-24 13:08:34,873] {processor.py:620} INFO - Processing file /home/dante/DWBI/Apache/py_env/lib/python3.8/site-packages/airflow/example_dags/example_latest_only.py for tasks to queue
[2021-11-24 13:08:34,875] {logging_mixin.py:109} INFO - [2021-11-24 13:08:34,875] {dagbag.py:500} INFO - Filling up the DagBag from /home/dante/DWBI/Apache/py_env/lib/python3.8/site-packages/airflow/example_dags/example_latest_only.py
[2021-11-24 13:08:34,908] {processor.py:632} INFO - DAG(s) dict_keys(['latest_only']) retrieved from /home/dante/DWBI/Apache/py_env/lib/python3.8/site-packages/airflow/example_dags/example_latest_only.py
[2021-11-24 13:08:34,915] {logging_mixin.py:109} INFO - [2021-11-24 13:08:34,915] {dag.py:2389} INFO - Sync 1 DAGs
[2021-11-24 13:08:34,925] {logging_mixin.py:109} INFO - [2021-11-24 13:08:34,925] {dag.py:2921} INFO - Setting next_dagrun for latest_only to 2021-11-24T08:08:34.925133+00:00
[2021-11-24 13:08:34,932] {processor.py:171} INFO - Processing /home/dante/DWBI/Apache/py_env/lib/python3.8/site-packages/airflow/example_dags/example_latest_only.py took 0.072 seconds
[2021-11-24 13:09:11,353] {processor.py:163} INFO - Started process (PID=43604) to work on /home/dante/DWBI/Apache/py_env/lib/python3.8/site-packages/airflow/example_dags/example_latest_only.py
[2021-11-24 13:09:11,362] {processor.py:620} INFO - Processing file /home/dante/DWBI/Apache/py_env/lib/python3.8/site-packages/airflow/example_dags/example_latest_only.py for tasks to queue
[2021-11-24 13:09:11,362] {logging_mixin.py:109} INFO - [2021-11-24 13:09:11,362] {dagbag.py:500} INFO - Filling up the DagBag from /home/dante/DWBI/Apache/py_env/lib/python3.8/site-packages/airflow/example_dags/example_latest_only.py
[2021-11-24 13:09:11,377] {processor.py:632} INFO - DAG(s) dict_keys(['latest_only']) retrieved from /home/dante/DWBI/Apache/py_env/lib/python3.8/site-packages/airflow/example_dags/example_latest_only.py
[2021-11-24 13:09:11,385] {logging_mixin.py:109} INFO - [2021-11-24 13:09:11,385] {dag.py:2389} INFO - Sync 1 DAGs
[2021-11-24 13:09:11,395] {logging_mixin.py:109} INFO - [2021-11-24 13:09:11,395] {dag.py:2921} INFO - Setting next_dagrun for latest_only to 2021-11-24T08:09:11.394927+00:00
[2021-11-24 13:09:11,403] {processor.py:171} INFO - Processing /home/dante/DWBI/Apache/py_env/lib/python3.8/site-packages/airflow/example_dags/example_latest_only.py took 0.052 seconds
[2021-11-24 13:09:46,154] {processor.py:163} INFO - Started process (PID=43741) to work on /home/dante/DWBI/Apache/py_env/lib/python3.8/site-packages/airflow/example_dags/example_latest_only.py
[2021-11-24 13:09:46,165] {processor.py:620} INFO - Processing file /home/dante/DWBI/Apache/py_env/lib/python3.8/site-packages/airflow/example_dags/example_latest_only.py for tasks to queue
[2021-11-24 13:09:46,167] {logging_mixin.py:109} INFO - [2021-11-24 13:09:46,167] {dagbag.py:500} INFO - Filling up the DagBag from /home/dante/DWBI/Apache/py_env/lib/python3.8/site-packages/airflow/example_dags/example_latest_only.py
[2021-11-24 13:09:46,200] {processor.py:632} INFO - DAG(s) dict_keys(['latest_only']) retrieved from /home/dante/DWBI/Apache/py_env/lib/python3.8/site-packages/airflow/example_dags/example_latest_only.py
[2021-11-24 13:09:46,208] {logging_mixin.py:109} INFO - [2021-11-24 13:09:46,207] {dag.py:2389} INFO - Sync 1 DAGs
[2021-11-24 13:09:46,217] {logging_mixin.py:109} INFO - [2021-11-24 13:09:46,217] {dag.py:2921} INFO - Setting next_dagrun for latest_only to 2021-11-24T08:09:46.217288+00:00
[2021-11-24 13:09:46,225] {processor.py:171} INFO - Processing /home/dante/DWBI/Apache/py_env/lib/python3.8/site-packages/airflow/example_dags/example_latest_only.py took 0.073 seconds
[2021-11-24 13:10:23,284] {processor.py:163} INFO - Started process (PID=43946) to work on /home/dante/DWBI/Apache/py_env/lib/python3.8/site-packages/airflow/example_dags/example_latest_only.py
[2021-11-24 13:10:23,288] {processor.py:620} INFO - Processing file /home/dante/DWBI/Apache/py_env/lib/python3.8/site-packages/airflow/example_dags/example_latest_only.py for tasks to queue
[2021-11-24 13:10:23,289] {logging_mixin.py:109} INFO - [2021-11-24 13:10:23,289] {dagbag.py:500} INFO - Filling up the DagBag from /home/dante/DWBI/Apache/py_env/lib/python3.8/site-packages/airflow/example_dags/example_latest_only.py
[2021-11-24 13:10:23,319] {processor.py:632} INFO - DAG(s) dict_keys(['latest_only']) retrieved from /home/dante/DWBI/Apache/py_env/lib/python3.8/site-packages/airflow/example_dags/example_latest_only.py
[2021-11-24 13:10:23,334] {logging_mixin.py:109} INFO - [2021-11-24 13:10:23,334] {dag.py:2389} INFO - Sync 1 DAGs
[2021-11-24 13:10:23,355] {logging_mixin.py:109} INFO - [2021-11-24 13:10:23,355] {dag.py:2921} INFO - Setting next_dagrun for latest_only to 2021-11-24T08:10:23.354494+00:00
[2021-11-24 13:10:23,370] {processor.py:171} INFO - Processing /home/dante/DWBI/Apache/py_env/lib/python3.8/site-packages/airflow/example_dags/example_latest_only.py took 0.091 seconds
[2021-11-24 13:11:02,452] {processor.py:163} INFO - Started process (PID=44126) to work on /home/dante/DWBI/Apache/py_env/lib/python3.8/site-packages/airflow/example_dags/example_latest_only.py
[2021-11-24 13:11:02,461] {processor.py:620} INFO - Processing file /home/dante/DWBI/Apache/py_env/lib/python3.8/site-packages/airflow/example_dags/example_latest_only.py for tasks to queue
[2021-11-24 13:11:02,462] {logging_mixin.py:109} INFO - [2021-11-24 13:11:02,462] {dagbag.py:500} INFO - Filling up the DagBag from /home/dante/DWBI/Apache/py_env/lib/python3.8/site-packages/airflow/example_dags/example_latest_only.py
[2021-11-24 13:11:02,480] {processor.py:632} INFO - DAG(s) dict_keys(['latest_only']) retrieved from /home/dante/DWBI/Apache/py_env/lib/python3.8/site-packages/airflow/example_dags/example_latest_only.py
[2021-11-24 13:11:02,488] {logging_mixin.py:109} INFO - [2021-11-24 13:11:02,488] {dag.py:2389} INFO - Sync 1 DAGs
[2021-11-24 13:11:02,498] {logging_mixin.py:109} INFO - [2021-11-24 13:11:02,498] {dag.py:2921} INFO - Setting next_dagrun for latest_only to 2021-11-24T08:11:02.498433+00:00
[2021-11-24 13:11:02,507] {processor.py:171} INFO - Processing /home/dante/DWBI/Apache/py_env/lib/python3.8/site-packages/airflow/example_dags/example_latest_only.py took 0.056 seconds
[2021-11-24 13:11:41,706] {processor.py:163} INFO - Started process (PID=44241) to work on /home/dante/DWBI/Apache/py_env/lib/python3.8/site-packages/airflow/example_dags/example_latest_only.py
[2021-11-24 13:11:41,712] {processor.py:620} INFO - Processing file /home/dante/DWBI/Apache/py_env/lib/python3.8/site-packages/airflow/example_dags/example_latest_only.py for tasks to queue
[2021-11-24 13:11:41,713] {logging_mixin.py:109} INFO - [2021-11-24 13:11:41,712] {dagbag.py:500} INFO - Filling up the DagBag from /home/dante/DWBI/Apache/py_env/lib/python3.8/site-packages/airflow/example_dags/example_latest_only.py
[2021-11-24 13:11:41,727] {processor.py:632} INFO - DAG(s) dict_keys(['latest_only']) retrieved from /home/dante/DWBI/Apache/py_env/lib/python3.8/site-packages/airflow/example_dags/example_latest_only.py
[2021-11-24 13:11:41,735] {logging_mixin.py:109} INFO - [2021-11-24 13:11:41,735] {dag.py:2389} INFO - Sync 1 DAGs
[2021-11-24 13:11:41,745] {logging_mixin.py:109} INFO - [2021-11-24 13:11:41,744] {dag.py:2921} INFO - Setting next_dagrun for latest_only to 2021-11-24T08:11:41.744729+00:00
[2021-11-24 13:11:41,752] {processor.py:171} INFO - Processing /home/dante/DWBI/Apache/py_env/lib/python3.8/site-packages/airflow/example_dags/example_latest_only.py took 0.049 seconds
[2021-11-24 13:12:18,942] {processor.py:163} INFO - Started process (PID=44304) to work on /home/dante/DWBI/Apache/py_env/lib/python3.8/site-packages/airflow/example_dags/example_latest_only.py
[2021-11-24 13:12:18,951] {processor.py:620} INFO - Processing file /home/dante/DWBI/Apache/py_env/lib/python3.8/site-packages/airflow/example_dags/example_latest_only.py for tasks to queue
[2021-11-24 13:12:18,952] {logging_mixin.py:109} INFO - [2021-11-24 13:12:18,952] {dagbag.py:500} INFO - Filling up the DagBag from /home/dante/DWBI/Apache/py_env/lib/python3.8/site-packages/airflow/example_dags/example_latest_only.py
[2021-11-24 13:12:18,969] {processor.py:632} INFO - DAG(s) dict_keys(['latest_only']) retrieved from /home/dante/DWBI/Apache/py_env/lib/python3.8/site-packages/airflow/example_dags/example_latest_only.py
[2021-11-24 13:12:18,977] {logging_mixin.py:109} INFO - [2021-11-24 13:12:18,977] {dag.py:2389} INFO - Sync 1 DAGs
[2021-11-24 13:12:18,987] {logging_mixin.py:109} INFO - [2021-11-24 13:12:18,987] {dag.py:2921} INFO - Setting next_dagrun for latest_only to 2021-11-24T08:12:18.987172+00:00
[2021-11-24 13:12:19,013] {processor.py:171} INFO - Processing /home/dante/DWBI/Apache/py_env/lib/python3.8/site-packages/airflow/example_dags/example_latest_only.py took 0.074 seconds
[2021-11-24 13:12:51,740] {processor.py:163} INFO - Started process (PID=44348) to work on /home/dante/DWBI/Apache/py_env/lib/python3.8/site-packages/airflow/example_dags/example_latest_only.py
[2021-11-24 13:12:51,744] {processor.py:620} INFO - Processing file /home/dante/DWBI/Apache/py_env/lib/python3.8/site-packages/airflow/example_dags/example_latest_only.py for tasks to queue
[2021-11-24 13:12:51,746] {logging_mixin.py:109} INFO - [2021-11-24 13:12:51,745] {dagbag.py:500} INFO - Filling up the DagBag from /home/dante/DWBI/Apache/py_env/lib/python3.8/site-packages/airflow/example_dags/example_latest_only.py
[2021-11-24 13:12:51,773] {processor.py:632} INFO - DAG(s) dict_keys(['latest_only']) retrieved from /home/dante/DWBI/Apache/py_env/lib/python3.8/site-packages/airflow/example_dags/example_latest_only.py
[2021-11-24 13:12:51,780] {logging_mixin.py:109} INFO - [2021-11-24 13:12:51,780] {dag.py:2389} INFO - Sync 1 DAGs
[2021-11-24 13:12:51,788] {logging_mixin.py:109} INFO - [2021-11-24 13:12:51,788] {dag.py:2921} INFO - Setting next_dagrun for latest_only to 2021-11-24T08:12:51.788640+00:00
[2021-11-24 13:12:51,796] {processor.py:171} INFO - Processing /home/dante/DWBI/Apache/py_env/lib/python3.8/site-packages/airflow/example_dags/example_latest_only.py took 0.062 seconds
[2021-11-24 13:13:30,906] {processor.py:163} INFO - Started process (PID=44508) to work on /home/dante/DWBI/Apache/py_env/lib/python3.8/site-packages/airflow/example_dags/example_latest_only.py
[2021-11-24 13:13:30,915] {processor.py:620} INFO - Processing file /home/dante/DWBI/Apache/py_env/lib/python3.8/site-packages/airflow/example_dags/example_latest_only.py for tasks to queue
[2021-11-24 13:13:30,917] {logging_mixin.py:109} INFO - [2021-11-24 13:13:30,916] {dagbag.py:500} INFO - Filling up the DagBag from /home/dante/DWBI/Apache/py_env/lib/python3.8/site-packages/airflow/example_dags/example_latest_only.py
[2021-11-24 13:13:30,936] {processor.py:632} INFO - DAG(s) dict_keys(['latest_only']) retrieved from /home/dante/DWBI/Apache/py_env/lib/python3.8/site-packages/airflow/example_dags/example_latest_only.py
[2021-11-24 13:13:30,944] {logging_mixin.py:109} INFO - [2021-11-24 13:13:30,944] {dag.py:2389} INFO - Sync 1 DAGs
[2021-11-24 13:13:30,954] {logging_mixin.py:109} INFO - [2021-11-24 13:13:30,954] {dag.py:2921} INFO - Setting next_dagrun for latest_only to 2021-11-24T08:13:30.954479+00:00
[2021-11-24 13:13:30,986] {processor.py:171} INFO - Processing /home/dante/DWBI/Apache/py_env/lib/python3.8/site-packages/airflow/example_dags/example_latest_only.py took 0.083 seconds
[2021-11-24 13:14:09,807] {processor.py:163} INFO - Started process (PID=44566) to work on /home/dante/DWBI/Apache/py_env/lib/python3.8/site-packages/airflow/example_dags/example_latest_only.py
[2021-11-24 13:14:09,811] {processor.py:620} INFO - Processing file /home/dante/DWBI/Apache/py_env/lib/python3.8/site-packages/airflow/example_dags/example_latest_only.py for tasks to queue
[2021-11-24 13:14:09,811] {logging_mixin.py:109} INFO - [2021-11-24 13:14:09,811] {dagbag.py:500} INFO - Filling up the DagBag from /home/dante/DWBI/Apache/py_env/lib/python3.8/site-packages/airflow/example_dags/example_latest_only.py
[2021-11-24 13:14:09,825] {processor.py:632} INFO - DAG(s) dict_keys(['latest_only']) retrieved from /home/dante/DWBI/Apache/py_env/lib/python3.8/site-packages/airflow/example_dags/example_latest_only.py
[2021-11-24 13:14:09,832] {logging_mixin.py:109} INFO - [2021-11-24 13:14:09,832] {dag.py:2389} INFO - Sync 1 DAGs
[2021-11-24 13:14:09,841] {logging_mixin.py:109} INFO - [2021-11-24 13:14:09,841] {dag.py:2921} INFO - Setting next_dagrun for latest_only to 2021-11-24T08:14:09.841454+00:00
[2021-11-24 13:14:09,849] {processor.py:171} INFO - Processing /home/dante/DWBI/Apache/py_env/lib/python3.8/site-packages/airflow/example_dags/example_latest_only.py took 0.043 seconds
[2021-11-24 13:14:46,789] {processor.py:163} INFO - Started process (PID=44703) to work on /home/dante/DWBI/Apache/py_env/lib/python3.8/site-packages/airflow/example_dags/example_latest_only.py
[2021-11-24 13:14:46,793] {processor.py:620} INFO - Processing file /home/dante/DWBI/Apache/py_env/lib/python3.8/site-packages/airflow/example_dags/example_latest_only.py for tasks to queue
[2021-11-24 13:14:46,795] {logging_mixin.py:109} INFO - [2021-11-24 13:14:46,795] {dagbag.py:500} INFO - Filling up the DagBag from /home/dante/DWBI/Apache/py_env/lib/python3.8/site-packages/airflow/example_dags/example_latest_only.py
[2021-11-24 13:14:46,825] {processor.py:632} INFO - DAG(s) dict_keys(['latest_only']) retrieved from /home/dante/DWBI/Apache/py_env/lib/python3.8/site-packages/airflow/example_dags/example_latest_only.py
[2021-11-24 13:14:46,833] {logging_mixin.py:109} INFO - [2021-11-24 13:14:46,832] {dag.py:2389} INFO - Sync 1 DAGs
[2021-11-24 13:14:46,843] {logging_mixin.py:109} INFO - [2021-11-24 13:14:46,842] {dag.py:2921} INFO - Setting next_dagrun for latest_only to 2021-11-24T08:14:46.842770+00:00
[2021-11-24 13:14:46,851] {processor.py:171} INFO - Processing /home/dante/DWBI/Apache/py_env/lib/python3.8/site-packages/airflow/example_dags/example_latest_only.py took 0.069 seconds
[2021-11-24 13:15:20,318] {processor.py:163} INFO - Started process (PID=44786) to work on /home/dante/DWBI/Apache/py_env/lib/python3.8/site-packages/airflow/example_dags/example_latest_only.py
[2021-11-24 13:15:20,320] {processor.py:620} INFO - Processing file /home/dante/DWBI/Apache/py_env/lib/python3.8/site-packages/airflow/example_dags/example_latest_only.py for tasks to queue
[2021-11-24 13:15:20,322] {logging_mixin.py:109} INFO - [2021-11-24 13:15:20,321] {dagbag.py:500} INFO - Filling up the DagBag from /home/dante/DWBI/Apache/py_env/lib/python3.8/site-packages/airflow/example_dags/example_latest_only.py
[2021-11-24 13:15:20,346] {processor.py:632} INFO - DAG(s) dict_keys(['latest_only']) retrieved from /home/dante/DWBI/Apache/py_env/lib/python3.8/site-packages/airflow/example_dags/example_latest_only.py
[2021-11-24 13:15:20,353] {logging_mixin.py:109} INFO - [2021-11-24 13:15:20,353] {dag.py:2389} INFO - Sync 1 DAGs
[2021-11-24 13:15:20,361] {logging_mixin.py:109} INFO - [2021-11-24 13:15:20,361] {dag.py:2921} INFO - Setting next_dagrun for latest_only to 2021-11-24T08:15:20.361562+00:00
[2021-11-24 13:15:20,369] {processor.py:171} INFO - Processing /home/dante/DWBI/Apache/py_env/lib/python3.8/site-packages/airflow/example_dags/example_latest_only.py took 0.058 seconds
[2021-11-24 13:16:00,518] {processor.py:163} INFO - Started process (PID=45258) to work on /home/dante/DWBI/Apache/py_env/lib/python3.8/site-packages/airflow/example_dags/example_latest_only.py
[2021-11-24 13:16:00,527] {processor.py:620} INFO - Processing file /home/dante/DWBI/Apache/py_env/lib/python3.8/site-packages/airflow/example_dags/example_latest_only.py for tasks to queue
[2021-11-24 13:16:00,528] {logging_mixin.py:109} INFO - [2021-11-24 13:16:00,528] {dagbag.py:500} INFO - Filling up the DagBag from /home/dante/DWBI/Apache/py_env/lib/python3.8/site-packages/airflow/example_dags/example_latest_only.py
[2021-11-24 13:16:00,558] {processor.py:632} INFO - DAG(s) dict_keys(['latest_only']) retrieved from /home/dante/DWBI/Apache/py_env/lib/python3.8/site-packages/airflow/example_dags/example_latest_only.py
[2021-11-24 13:16:00,567] {logging_mixin.py:109} INFO - [2021-11-24 13:16:00,567] {dag.py:2389} INFO - Sync 1 DAGs
[2021-11-24 13:16:00,577] {logging_mixin.py:109} INFO - [2021-11-24 13:16:00,577] {dag.py:2921} INFO - Setting next_dagrun for latest_only to 2021-11-24T08:16:00.576790+00:00
[2021-11-24 13:16:00,585] {processor.py:171} INFO - Processing /home/dante/DWBI/Apache/py_env/lib/python3.8/site-packages/airflow/example_dags/example_latest_only.py took 0.069 seconds
[2021-11-24 13:16:33,870] {processor.py:163} INFO - Started process (PID=45370) to work on /home/dante/DWBI/Apache/py_env/lib/python3.8/site-packages/airflow/example_dags/example_latest_only.py
[2021-11-24 13:16:33,875] {processor.py:620} INFO - Processing file /home/dante/DWBI/Apache/py_env/lib/python3.8/site-packages/airflow/example_dags/example_latest_only.py for tasks to queue
[2021-11-24 13:16:33,876] {logging_mixin.py:109} INFO - [2021-11-24 13:16:33,876] {dagbag.py:500} INFO - Filling up the DagBag from /home/dante/DWBI/Apache/py_env/lib/python3.8/site-packages/airflow/example_dags/example_latest_only.py
[2021-11-24 13:16:33,889] {processor.py:632} INFO - DAG(s) dict_keys(['latest_only']) retrieved from /home/dante/DWBI/Apache/py_env/lib/python3.8/site-packages/airflow/example_dags/example_latest_only.py
[2021-11-24 13:16:33,896] {logging_mixin.py:109} INFO - [2021-11-24 13:16:33,896] {dag.py:2389} INFO - Sync 1 DAGs
[2021-11-24 13:16:33,905] {logging_mixin.py:109} INFO - [2021-11-24 13:16:33,905] {dag.py:2921} INFO - Setting next_dagrun for latest_only to 2021-11-24T08:16:33.905514+00:00
[2021-11-24 13:16:33,913] {processor.py:171} INFO - Processing /home/dante/DWBI/Apache/py_env/lib/python3.8/site-packages/airflow/example_dags/example_latest_only.py took 0.045 seconds
[2021-11-24 13:17:09,580] {processor.py:163} INFO - Started process (PID=45540) to work on /home/dante/DWBI/Apache/py_env/lib/python3.8/site-packages/airflow/example_dags/example_latest_only.py
[2021-11-24 13:17:09,583] {processor.py:620} INFO - Processing file /home/dante/DWBI/Apache/py_env/lib/python3.8/site-packages/airflow/example_dags/example_latest_only.py for tasks to queue
[2021-11-24 13:17:09,584] {logging_mixin.py:109} INFO - [2021-11-24 13:17:09,584] {dagbag.py:500} INFO - Filling up the DagBag from /home/dante/DWBI/Apache/py_env/lib/python3.8/site-packages/airflow/example_dags/example_latest_only.py
[2021-11-24 13:17:09,603] {processor.py:632} INFO - DAG(s) dict_keys(['latest_only']) retrieved from /home/dante/DWBI/Apache/py_env/lib/python3.8/site-packages/airflow/example_dags/example_latest_only.py
[2021-11-24 13:17:09,610] {logging_mixin.py:109} INFO - [2021-11-24 13:17:09,610] {dag.py:2389} INFO - Sync 1 DAGs
[2021-11-24 13:17:09,619] {logging_mixin.py:109} INFO - [2021-11-24 13:17:09,619] {dag.py:2921} INFO - Setting next_dagrun for latest_only to 2021-11-24T08:17:09.619367+00:00
[2021-11-24 13:17:09,627] {processor.py:171} INFO - Processing /home/dante/DWBI/Apache/py_env/lib/python3.8/site-packages/airflow/example_dags/example_latest_only.py took 0.051 seconds
[2021-11-24 13:17:46,454] {processor.py:163} INFO - Started process (PID=45588) to work on /home/dante/DWBI/Apache/py_env/lib/python3.8/site-packages/airflow/example_dags/example_latest_only.py
[2021-11-24 13:17:46,463] {processor.py:620} INFO - Processing file /home/dante/DWBI/Apache/py_env/lib/python3.8/site-packages/airflow/example_dags/example_latest_only.py for tasks to queue
[2021-11-24 13:17:46,465] {logging_mixin.py:109} INFO - [2021-11-24 13:17:46,464] {dagbag.py:500} INFO - Filling up the DagBag from /home/dante/DWBI/Apache/py_env/lib/python3.8/site-packages/airflow/example_dags/example_latest_only.py
[2021-11-24 13:17:46,494] {processor.py:632} INFO - DAG(s) dict_keys(['latest_only']) retrieved from /home/dante/DWBI/Apache/py_env/lib/python3.8/site-packages/airflow/example_dags/example_latest_only.py
[2021-11-24 13:17:46,502] {logging_mixin.py:109} INFO - [2021-11-24 13:17:46,501] {dag.py:2389} INFO - Sync 1 DAGs
[2021-11-24 13:17:46,511] {logging_mixin.py:109} INFO - [2021-11-24 13:17:46,511] {dag.py:2921} INFO - Setting next_dagrun for latest_only to 2021-11-24T08:17:46.510855+00:00
[2021-11-24 13:17:46,527] {processor.py:171} INFO - Processing /home/dante/DWBI/Apache/py_env/lib/python3.8/site-packages/airflow/example_dags/example_latest_only.py took 0.080 seconds
[2021-11-24 13:18:25,844] {processor.py:163} INFO - Started process (PID=45647) to work on /home/dante/DWBI/Apache/py_env/lib/python3.8/site-packages/airflow/example_dags/example_latest_only.py
[2021-11-24 13:18:25,847] {processor.py:620} INFO - Processing file /home/dante/DWBI/Apache/py_env/lib/python3.8/site-packages/airflow/example_dags/example_latest_only.py for tasks to queue
[2021-11-24 13:18:25,849] {logging_mixin.py:109} INFO - [2021-11-24 13:18:25,848] {dagbag.py:500} INFO - Filling up the DagBag from /home/dante/DWBI/Apache/py_env/lib/python3.8/site-packages/airflow/example_dags/example_latest_only.py
[2021-11-24 13:18:25,879] {processor.py:632} INFO - DAG(s) dict_keys(['latest_only']) retrieved from /home/dante/DWBI/Apache/py_env/lib/python3.8/site-packages/airflow/example_dags/example_latest_only.py
[2021-11-24 13:18:25,886] {logging_mixin.py:109} INFO - [2021-11-24 13:18:25,886] {dag.py:2389} INFO - Sync 1 DAGs
[2021-11-24 13:18:25,895] {logging_mixin.py:109} INFO - [2021-11-24 13:18:25,895] {dag.py:2921} INFO - Setting next_dagrun for latest_only to 2021-11-24T08:18:25.895107+00:00
[2021-11-24 13:18:25,903] {processor.py:171} INFO - Processing /home/dante/DWBI/Apache/py_env/lib/python3.8/site-packages/airflow/example_dags/example_latest_only.py took 0.066 seconds
[2021-11-24 13:19:04,478] {processor.py:163} INFO - Started process (PID=45718) to work on /home/dante/DWBI/Apache/py_env/lib/python3.8/site-packages/airflow/example_dags/example_latest_only.py
[2021-11-24 13:19:04,489] {processor.py:620} INFO - Processing file /home/dante/DWBI/Apache/py_env/lib/python3.8/site-packages/airflow/example_dags/example_latest_only.py for tasks to queue
[2021-11-24 13:19:04,490] {logging_mixin.py:109} INFO - [2021-11-24 13:19:04,490] {dagbag.py:500} INFO - Filling up the DagBag from /home/dante/DWBI/Apache/py_env/lib/python3.8/site-packages/airflow/example_dags/example_latest_only.py
[2021-11-24 13:19:04,525] {processor.py:632} INFO - DAG(s) dict_keys(['latest_only']) retrieved from /home/dante/DWBI/Apache/py_env/lib/python3.8/site-packages/airflow/example_dags/example_latest_only.py
[2021-11-24 13:19:04,534] {logging_mixin.py:109} INFO - [2021-11-24 13:19:04,533] {dag.py:2389} INFO - Sync 1 DAGs
[2021-11-24 13:19:04,544] {logging_mixin.py:109} INFO - [2021-11-24 13:19:04,544] {dag.py:2921} INFO - Setting next_dagrun for latest_only to 2021-11-24T08:19:04.544586+00:00
[2021-11-24 13:19:04,554] {processor.py:171} INFO - Processing /home/dante/DWBI/Apache/py_env/lib/python3.8/site-packages/airflow/example_dags/example_latest_only.py took 0.078 seconds
[2021-11-24 13:19:43,334] {processor.py:163} INFO - Started process (PID=45771) to work on /home/dante/DWBI/Apache/py_env/lib/python3.8/site-packages/airflow/example_dags/example_latest_only.py
[2021-11-24 13:19:43,338] {processor.py:620} INFO - Processing file /home/dante/DWBI/Apache/py_env/lib/python3.8/site-packages/airflow/example_dags/example_latest_only.py for tasks to queue
[2021-11-24 13:19:43,338] {logging_mixin.py:109} INFO - [2021-11-24 13:19:43,338] {dagbag.py:500} INFO - Filling up the DagBag from /home/dante/DWBI/Apache/py_env/lib/python3.8/site-packages/airflow/example_dags/example_latest_only.py
[2021-11-24 13:19:43,354] {processor.py:632} INFO - DAG(s) dict_keys(['latest_only']) retrieved from /home/dante/DWBI/Apache/py_env/lib/python3.8/site-packages/airflow/example_dags/example_latest_only.py
[2021-11-24 13:19:43,362] {logging_mixin.py:109} INFO - [2021-11-24 13:19:43,362] {dag.py:2389} INFO - Sync 1 DAGs
[2021-11-24 13:19:43,372] {logging_mixin.py:109} INFO - [2021-11-24 13:19:43,372] {dag.py:2921} INFO - Setting next_dagrun for latest_only to 2021-11-24T08:19:43.372385+00:00
[2021-11-24 13:19:43,380] {processor.py:171} INFO - Processing /home/dante/DWBI/Apache/py_env/lib/python3.8/site-packages/airflow/example_dags/example_latest_only.py took 0.047 seconds
[2021-11-24 13:20:19,069] {processor.py:163} INFO - Started process (PID=45820) to work on /home/dante/DWBI/Apache/py_env/lib/python3.8/site-packages/airflow/example_dags/example_latest_only.py
[2021-11-24 13:20:19,079] {processor.py:620} INFO - Processing file /home/dante/DWBI/Apache/py_env/lib/python3.8/site-packages/airflow/example_dags/example_latest_only.py for tasks to queue
[2021-11-24 13:20:19,080] {logging_mixin.py:109} INFO - [2021-11-24 13:20:19,080] {dagbag.py:500} INFO - Filling up the DagBag from /home/dante/DWBI/Apache/py_env/lib/python3.8/site-packages/airflow/example_dags/example_latest_only.py
[2021-11-24 13:20:19,103] {processor.py:632} INFO - DAG(s) dict_keys(['latest_only']) retrieved from /home/dante/DWBI/Apache/py_env/lib/python3.8/site-packages/airflow/example_dags/example_latest_only.py
[2021-11-24 13:20:19,114] {logging_mixin.py:109} INFO - [2021-11-24 13:20:19,114] {dag.py:2389} INFO - Sync 1 DAGs
[2021-11-24 13:20:19,124] {logging_mixin.py:109} INFO - [2021-11-24 13:20:19,124] {dag.py:2921} INFO - Setting next_dagrun for latest_only to 2021-11-24T08:20:19.124386+00:00
[2021-11-24 13:20:19,136] {processor.py:171} INFO - Processing /home/dante/DWBI/Apache/py_env/lib/python3.8/site-packages/airflow/example_dags/example_latest_only.py took 0.070 seconds
[2021-11-24 13:20:55,267] {processor.py:163} INFO - Started process (PID=45872) to work on /home/dante/DWBI/Apache/py_env/lib/python3.8/site-packages/airflow/example_dags/example_latest_only.py
[2021-11-24 13:20:55,276] {processor.py:620} INFO - Processing file /home/dante/DWBI/Apache/py_env/lib/python3.8/site-packages/airflow/example_dags/example_latest_only.py for tasks to queue
[2021-11-24 13:20:55,277] {logging_mixin.py:109} INFO - [2021-11-24 13:20:55,277] {dagbag.py:500} INFO - Filling up the DagBag from /home/dante/DWBI/Apache/py_env/lib/python3.8/site-packages/airflow/example_dags/example_latest_only.py
[2021-11-24 13:20:55,296] {processor.py:632} INFO - DAG(s) dict_keys(['latest_only']) retrieved from /home/dante/DWBI/Apache/py_env/lib/python3.8/site-packages/airflow/example_dags/example_latest_only.py
[2021-11-24 13:20:55,306] {logging_mixin.py:109} INFO - [2021-11-24 13:20:55,306] {dag.py:2389} INFO - Sync 1 DAGs
[2021-11-24 13:20:55,316] {logging_mixin.py:109} INFO - [2021-11-24 13:20:55,316] {dag.py:2921} INFO - Setting next_dagrun for latest_only to 2021-11-24T08:20:55.316365+00:00
[2021-11-24 13:20:55,332] {processor.py:171} INFO - Processing /home/dante/DWBI/Apache/py_env/lib/python3.8/site-packages/airflow/example_dags/example_latest_only.py took 0.067 seconds
[2021-11-24 13:21:26,829] {processor.py:163} INFO - Started process (PID=45929) to work on /home/dante/DWBI/Apache/py_env/lib/python3.8/site-packages/airflow/example_dags/example_latest_only.py
[2021-11-24 13:21:26,839] {processor.py:620} INFO - Processing file /home/dante/DWBI/Apache/py_env/lib/python3.8/site-packages/airflow/example_dags/example_latest_only.py for tasks to queue
[2021-11-24 13:21:26,839] {logging_mixin.py:109} INFO - [2021-11-24 13:21:26,839] {dagbag.py:500} INFO - Filling up the DagBag from /home/dante/DWBI/Apache/py_env/lib/python3.8/site-packages/airflow/example_dags/example_latest_only.py
[2021-11-24 13:21:26,858] {processor.py:632} INFO - DAG(s) dict_keys(['latest_only']) retrieved from /home/dante/DWBI/Apache/py_env/lib/python3.8/site-packages/airflow/example_dags/example_latest_only.py
[2021-11-24 13:21:26,867] {logging_mixin.py:109} INFO - [2021-11-24 13:21:26,867] {dag.py:2389} INFO - Sync 1 DAGs
[2021-11-24 13:21:26,878] {logging_mixin.py:109} INFO - [2021-11-24 13:21:26,878] {dag.py:2921} INFO - Setting next_dagrun for latest_only to 2021-11-24T08:21:26.877837+00:00
[2021-11-24 13:21:26,885] {processor.py:171} INFO - Processing /home/dante/DWBI/Apache/py_env/lib/python3.8/site-packages/airflow/example_dags/example_latest_only.py took 0.058 seconds
[2021-11-24 13:22:04,530] {processor.py:163} INFO - Started process (PID=46020) to work on /home/dante/DWBI/Apache/py_env/lib/python3.8/site-packages/airflow/example_dags/example_latest_only.py
[2021-11-24 13:22:04,540] {processor.py:620} INFO - Processing file /home/dante/DWBI/Apache/py_env/lib/python3.8/site-packages/airflow/example_dags/example_latest_only.py for tasks to queue
[2021-11-24 13:22:04,542] {logging_mixin.py:109} INFO - [2021-11-24 13:22:04,541] {dagbag.py:500} INFO - Filling up the DagBag from /home/dante/DWBI/Apache/py_env/lib/python3.8/site-packages/airflow/example_dags/example_latest_only.py
[2021-11-24 13:22:04,571] {processor.py:632} INFO - DAG(s) dict_keys(['latest_only']) retrieved from /home/dante/DWBI/Apache/py_env/lib/python3.8/site-packages/airflow/example_dags/example_latest_only.py
[2021-11-24 13:22:04,578] {logging_mixin.py:109} INFO - [2021-11-24 13:22:04,578] {dag.py:2389} INFO - Sync 1 DAGs
[2021-11-24 13:22:04,588] {logging_mixin.py:109} INFO - [2021-11-24 13:22:04,588] {dag.py:2921} INFO - Setting next_dagrun for latest_only to 2021-11-24T08:22:04.587880+00:00
[2021-11-24 13:22:04,604] {processor.py:171} INFO - Processing /home/dante/DWBI/Apache/py_env/lib/python3.8/site-packages/airflow/example_dags/example_latest_only.py took 0.081 seconds
[2021-11-24 13:22:43,984] {processor.py:163} INFO - Started process (PID=46089) to work on /home/dante/DWBI/Apache/py_env/lib/python3.8/site-packages/airflow/example_dags/example_latest_only.py
[2021-11-24 13:22:43,989] {processor.py:620} INFO - Processing file /home/dante/DWBI/Apache/py_env/lib/python3.8/site-packages/airflow/example_dags/example_latest_only.py for tasks to queue
[2021-11-24 13:22:43,991] {logging_mixin.py:109} INFO - [2021-11-24 13:22:43,991] {dagbag.py:500} INFO - Filling up the DagBag from /home/dante/DWBI/Apache/py_env/lib/python3.8/site-packages/airflow/example_dags/example_latest_only.py
[2021-11-24 13:22:44,019] {processor.py:632} INFO - DAG(s) dict_keys(['latest_only']) retrieved from /home/dante/DWBI/Apache/py_env/lib/python3.8/site-packages/airflow/example_dags/example_latest_only.py
[2021-11-24 13:22:44,026] {logging_mixin.py:109} INFO - [2021-11-24 13:22:44,026] {dag.py:2389} INFO - Sync 1 DAGs
[2021-11-24 13:22:44,036] {logging_mixin.py:109} INFO - [2021-11-24 13:22:44,036] {dag.py:2921} INFO - Setting next_dagrun for latest_only to 2021-11-24T08:22:44.036114+00:00
[2021-11-24 13:22:44,045] {processor.py:171} INFO - Processing /home/dante/DWBI/Apache/py_env/lib/python3.8/site-packages/airflow/example_dags/example_latest_only.py took 0.067 seconds
[2021-11-24 13:23:19,166] {processor.py:163} INFO - Started process (PID=46475) to work on /home/dante/DWBI/Apache/py_env/lib/python3.8/site-packages/airflow/example_dags/example_latest_only.py
[2021-11-24 13:23:19,168] {processor.py:620} INFO - Processing file /home/dante/DWBI/Apache/py_env/lib/python3.8/site-packages/airflow/example_dags/example_latest_only.py for tasks to queue
[2021-11-24 13:23:19,168] {logging_mixin.py:109} INFO - [2021-11-24 13:23:19,168] {dagbag.py:500} INFO - Filling up the DagBag from /home/dante/DWBI/Apache/py_env/lib/python3.8/site-packages/airflow/example_dags/example_latest_only.py
[2021-11-24 13:23:19,181] {processor.py:632} INFO - DAG(s) dict_keys(['latest_only']) retrieved from /home/dante/DWBI/Apache/py_env/lib/python3.8/site-packages/airflow/example_dags/example_latest_only.py
[2021-11-24 13:23:19,188] {logging_mixin.py:109} INFO - [2021-11-24 13:23:19,188] {dag.py:2389} INFO - Sync 1 DAGs
[2021-11-24 13:23:19,196] {logging_mixin.py:109} INFO - [2021-11-24 13:23:19,196] {dag.py:2921} INFO - Setting next_dagrun for latest_only to 2021-11-24T08:23:19.196586+00:00
[2021-11-24 13:23:19,204] {processor.py:171} INFO - Processing /home/dante/DWBI/Apache/py_env/lib/python3.8/site-packages/airflow/example_dags/example_latest_only.py took 0.040 seconds
[2021-11-24 13:23:57,689] {processor.py:163} INFO - Started process (PID=46546) to work on /home/dante/DWBI/Apache/py_env/lib/python3.8/site-packages/airflow/example_dags/example_latest_only.py
[2021-11-24 13:23:57,701] {processor.py:620} INFO - Processing file /home/dante/DWBI/Apache/py_env/lib/python3.8/site-packages/airflow/example_dags/example_latest_only.py for tasks to queue
[2021-11-24 13:23:57,703] {logging_mixin.py:109} INFO - [2021-11-24 13:23:57,702] {dagbag.py:500} INFO - Filling up the DagBag from /home/dante/DWBI/Apache/py_env/lib/python3.8/site-packages/airflow/example_dags/example_latest_only.py
[2021-11-24 13:23:57,730] {processor.py:632} INFO - DAG(s) dict_keys(['latest_only']) retrieved from /home/dante/DWBI/Apache/py_env/lib/python3.8/site-packages/airflow/example_dags/example_latest_only.py
[2021-11-24 13:23:57,737] {logging_mixin.py:109} INFO - [2021-11-24 13:23:57,737] {dag.py:2389} INFO - Sync 1 DAGs
[2021-11-24 13:23:57,747] {logging_mixin.py:109} INFO - [2021-11-24 13:23:57,747] {dag.py:2921} INFO - Setting next_dagrun for latest_only to 2021-11-24T08:23:57.746796+00:00
[2021-11-24 13:23:57,763] {processor.py:171} INFO - Processing /home/dante/DWBI/Apache/py_env/lib/python3.8/site-packages/airflow/example_dags/example_latest_only.py took 0.081 seconds
[2021-11-24 13:24:33,484] {processor.py:163} INFO - Started process (PID=46681) to work on /home/dante/DWBI/Apache/py_env/lib/python3.8/site-packages/airflow/example_dags/example_latest_only.py
[2021-11-24 13:24:33,486] {processor.py:620} INFO - Processing file /home/dante/DWBI/Apache/py_env/lib/python3.8/site-packages/airflow/example_dags/example_latest_only.py for tasks to queue
[2021-11-24 13:24:33,487] {logging_mixin.py:109} INFO - [2021-11-24 13:24:33,487] {dagbag.py:500} INFO - Filling up the DagBag from /home/dante/DWBI/Apache/py_env/lib/python3.8/site-packages/airflow/example_dags/example_latest_only.py
[2021-11-24 13:24:33,511] {processor.py:632} INFO - DAG(s) dict_keys(['latest_only']) retrieved from /home/dante/DWBI/Apache/py_env/lib/python3.8/site-packages/airflow/example_dags/example_latest_only.py
[2021-11-24 13:24:33,523] {logging_mixin.py:109} INFO - [2021-11-24 13:24:33,523] {dag.py:2389} INFO - Sync 1 DAGs
[2021-11-24 13:24:33,539] {logging_mixin.py:109} INFO - [2021-11-24 13:24:33,539] {dag.py:2921} INFO - Setting next_dagrun for latest_only to 2021-11-24T08:24:33.539022+00:00
[2021-11-24 13:24:33,553] {processor.py:171} INFO - Processing /home/dante/DWBI/Apache/py_env/lib/python3.8/site-packages/airflow/example_dags/example_latest_only.py took 0.072 seconds
[2021-11-24 13:25:08,268] {processor.py:163} INFO - Started process (PID=46786) to work on /home/dante/DWBI/Apache/py_env/lib/python3.8/site-packages/airflow/example_dags/example_latest_only.py
[2021-11-24 13:25:08,278] {processor.py:620} INFO - Processing file /home/dante/DWBI/Apache/py_env/lib/python3.8/site-packages/airflow/example_dags/example_latest_only.py for tasks to queue
[2021-11-24 13:25:08,279] {logging_mixin.py:109} INFO - [2021-11-24 13:25:08,279] {dagbag.py:500} INFO - Filling up the DagBag from /home/dante/DWBI/Apache/py_env/lib/python3.8/site-packages/airflow/example_dags/example_latest_only.py
[2021-11-24 13:25:08,298] {processor.py:632} INFO - DAG(s) dict_keys(['latest_only']) retrieved from /home/dante/DWBI/Apache/py_env/lib/python3.8/site-packages/airflow/example_dags/example_latest_only.py
[2021-11-24 13:25:08,307] {logging_mixin.py:109} INFO - [2021-11-24 13:25:08,307] {dag.py:2389} INFO - Sync 1 DAGs
[2021-11-24 13:25:08,317] {logging_mixin.py:109} INFO - [2021-11-24 13:25:08,316] {dag.py:2921} INFO - Setting next_dagrun for latest_only to 2021-11-24T08:25:08.316750+00:00
[2021-11-24 13:25:08,328] {processor.py:171} INFO - Processing /home/dante/DWBI/Apache/py_env/lib/python3.8/site-packages/airflow/example_dags/example_latest_only.py took 0.062 seconds
[2021-11-24 13:25:44,942] {processor.py:163} INFO - Started process (PID=46843) to work on /home/dante/DWBI/Apache/py_env/lib/python3.8/site-packages/airflow/example_dags/example_latest_only.py
[2021-11-24 13:25:44,944] {processor.py:620} INFO - Processing file /home/dante/DWBI/Apache/py_env/lib/python3.8/site-packages/airflow/example_dags/example_latest_only.py for tasks to queue
[2021-11-24 13:25:44,945] {logging_mixin.py:109} INFO - [2021-11-24 13:25:44,945] {dagbag.py:500} INFO - Filling up the DagBag from /home/dante/DWBI/Apache/py_env/lib/python3.8/site-packages/airflow/example_dags/example_latest_only.py
[2021-11-24 13:25:44,958] {processor.py:632} INFO - DAG(s) dict_keys(['latest_only']) retrieved from /home/dante/DWBI/Apache/py_env/lib/python3.8/site-packages/airflow/example_dags/example_latest_only.py
[2021-11-24 13:25:44,966] {logging_mixin.py:109} INFO - [2021-11-24 13:25:44,966] {dag.py:2389} INFO - Sync 1 DAGs
[2021-11-24 13:25:44,976] {logging_mixin.py:109} INFO - [2021-11-24 13:25:44,976] {dag.py:2921} INFO - Setting next_dagrun for latest_only to 2021-11-24T08:25:44.976433+00:00
[2021-11-24 13:25:44,984] {processor.py:171} INFO - Processing /home/dante/DWBI/Apache/py_env/lib/python3.8/site-packages/airflow/example_dags/example_latest_only.py took 0.044 seconds
[2021-11-24 13:26:20,477] {processor.py:163} INFO - Started process (PID=46919) to work on /home/dante/DWBI/Apache/py_env/lib/python3.8/site-packages/airflow/example_dags/example_latest_only.py
[2021-11-24 13:26:20,486] {processor.py:620} INFO - Processing file /home/dante/DWBI/Apache/py_env/lib/python3.8/site-packages/airflow/example_dags/example_latest_only.py for tasks to queue
[2021-11-24 13:26:20,486] {logging_mixin.py:109} INFO - [2021-11-24 13:26:20,486] {dagbag.py:500} INFO - Filling up the DagBag from /home/dante/DWBI/Apache/py_env/lib/python3.8/site-packages/airflow/example_dags/example_latest_only.py
[2021-11-24 13:26:20,501] {processor.py:632} INFO - DAG(s) dict_keys(['latest_only']) retrieved from /home/dante/DWBI/Apache/py_env/lib/python3.8/site-packages/airflow/example_dags/example_latest_only.py
[2021-11-24 13:26:20,508] {logging_mixin.py:109} INFO - [2021-11-24 13:26:20,507] {dag.py:2389} INFO - Sync 1 DAGs
[2021-11-24 13:26:20,518] {logging_mixin.py:109} INFO - [2021-11-24 13:26:20,517] {dag.py:2921} INFO - Setting next_dagrun for latest_only to 2021-11-24T08:26:20.517767+00:00
[2021-11-24 13:26:20,538] {processor.py:171} INFO - Processing /home/dante/DWBI/Apache/py_env/lib/python3.8/site-packages/airflow/example_dags/example_latest_only.py took 0.065 seconds
[2021-11-24 13:26:58,962] {processor.py:163} INFO - Started process (PID=47050) to work on /home/dante/DWBI/Apache/py_env/lib/python3.8/site-packages/airflow/example_dags/example_latest_only.py
[2021-11-24 13:26:58,965] {processor.py:620} INFO - Processing file /home/dante/DWBI/Apache/py_env/lib/python3.8/site-packages/airflow/example_dags/example_latest_only.py for tasks to queue
[2021-11-24 13:26:58,965] {logging_mixin.py:109} INFO - [2021-11-24 13:26:58,965] {dagbag.py:500} INFO - Filling up the DagBag from /home/dante/DWBI/Apache/py_env/lib/python3.8/site-packages/airflow/example_dags/example_latest_only.py
[2021-11-24 13:26:58,980] {processor.py:632} INFO - DAG(s) dict_keys(['latest_only']) retrieved from /home/dante/DWBI/Apache/py_env/lib/python3.8/site-packages/airflow/example_dags/example_latest_only.py
[2021-11-24 13:26:58,988] {logging_mixin.py:109} INFO - [2021-11-24 13:26:58,988] {dag.py:2389} INFO - Sync 1 DAGs
[2021-11-24 13:26:58,997] {logging_mixin.py:109} INFO - [2021-11-24 13:26:58,997] {dag.py:2921} INFO - Setting next_dagrun for latest_only to 2021-11-24T08:26:58.997601+00:00
[2021-11-24 13:26:59,007] {processor.py:171} INFO - Processing /home/dante/DWBI/Apache/py_env/lib/python3.8/site-packages/airflow/example_dags/example_latest_only.py took 0.047 seconds
[2021-11-24 13:27:31,643] {processor.py:163} INFO - Started process (PID=47099) to work on /home/dante/DWBI/Apache/py_env/lib/python3.8/site-packages/airflow/example_dags/example_latest_only.py
[2021-11-24 13:27:31,654] {processor.py:620} INFO - Processing file /home/dante/DWBI/Apache/py_env/lib/python3.8/site-packages/airflow/example_dags/example_latest_only.py for tasks to queue
[2021-11-24 13:27:31,655] {logging_mixin.py:109} INFO - [2021-11-24 13:27:31,655] {dagbag.py:500} INFO - Filling up the DagBag from /home/dante/DWBI/Apache/py_env/lib/python3.8/site-packages/airflow/example_dags/example_latest_only.py
[2021-11-24 13:27:31,688] {processor.py:632} INFO - DAG(s) dict_keys(['latest_only']) retrieved from /home/dante/DWBI/Apache/py_env/lib/python3.8/site-packages/airflow/example_dags/example_latest_only.py
[2021-11-24 13:27:31,696] {logging_mixin.py:109} INFO - [2021-11-24 13:27:31,696] {dag.py:2389} INFO - Sync 1 DAGs
[2021-11-24 13:27:31,706] {logging_mixin.py:109} INFO - [2021-11-24 13:27:31,706] {dag.py:2921} INFO - Setting next_dagrun for latest_only to 2021-11-24T08:27:31.705798+00:00
[2021-11-24 13:27:31,718] {processor.py:171} INFO - Processing /home/dante/DWBI/Apache/py_env/lib/python3.8/site-packages/airflow/example_dags/example_latest_only.py took 0.077 seconds
[2021-11-24 13:28:10,081] {processor.py:163} INFO - Started process (PID=47236) to work on /home/dante/DWBI/Apache/py_env/lib/python3.8/site-packages/airflow/example_dags/example_latest_only.py
[2021-11-24 13:28:10,092] {processor.py:620} INFO - Processing file /home/dante/DWBI/Apache/py_env/lib/python3.8/site-packages/airflow/example_dags/example_latest_only.py for tasks to queue
[2021-11-24 13:28:10,094] {logging_mixin.py:109} INFO - [2021-11-24 13:28:10,093] {dagbag.py:500} INFO - Filling up the DagBag from /home/dante/DWBI/Apache/py_env/lib/python3.8/site-packages/airflow/example_dags/example_latest_only.py
[2021-11-24 13:28:10,124] {processor.py:632} INFO - DAG(s) dict_keys(['latest_only']) retrieved from /home/dante/DWBI/Apache/py_env/lib/python3.8/site-packages/airflow/example_dags/example_latest_only.py
[2021-11-24 13:28:10,131] {logging_mixin.py:109} INFO - [2021-11-24 13:28:10,131] {dag.py:2389} INFO - Sync 1 DAGs
[2021-11-24 13:28:10,141] {logging_mixin.py:109} INFO - [2021-11-24 13:28:10,141] {dag.py:2921} INFO - Setting next_dagrun for latest_only to 2021-11-24T08:28:10.140916+00:00
[2021-11-24 13:28:10,151] {processor.py:171} INFO - Processing /home/dante/DWBI/Apache/py_env/lib/python3.8/site-packages/airflow/example_dags/example_latest_only.py took 0.077 seconds
[2021-11-24 13:28:48,014] {processor.py:163} INFO - Started process (PID=47364) to work on /home/dante/DWBI/Apache/py_env/lib/python3.8/site-packages/airflow/example_dags/example_latest_only.py
[2021-11-24 13:28:48,023] {processor.py:620} INFO - Processing file /home/dante/DWBI/Apache/py_env/lib/python3.8/site-packages/airflow/example_dags/example_latest_only.py for tasks to queue
[2021-11-24 13:28:48,023] {logging_mixin.py:109} INFO - [2021-11-24 13:28:48,023] {dagbag.py:500} INFO - Filling up the DagBag from /home/dante/DWBI/Apache/py_env/lib/python3.8/site-packages/airflow/example_dags/example_latest_only.py
[2021-11-24 13:28:48,039] {processor.py:632} INFO - DAG(s) dict_keys(['latest_only']) retrieved from /home/dante/DWBI/Apache/py_env/lib/python3.8/site-packages/airflow/example_dags/example_latest_only.py
[2021-11-24 13:28:48,045] {logging_mixin.py:109} INFO - [2021-11-24 13:28:48,045] {dag.py:2389} INFO - Sync 1 DAGs
[2021-11-24 13:28:48,054] {logging_mixin.py:109} INFO - [2021-11-24 13:28:48,054] {dag.py:2921} INFO - Setting next_dagrun for latest_only to 2021-11-24T08:28:48.054496+00:00
[2021-11-24 13:28:48,066] {processor.py:171} INFO - Processing /home/dante/DWBI/Apache/py_env/lib/python3.8/site-packages/airflow/example_dags/example_latest_only.py took 0.054 seconds
[2021-11-24 13:29:24,880] {processor.py:163} INFO - Started process (PID=47427) to work on /home/dante/DWBI/Apache/py_env/lib/python3.8/site-packages/airflow/example_dags/example_latest_only.py
[2021-11-24 13:29:24,889] {processor.py:620} INFO - Processing file /home/dante/DWBI/Apache/py_env/lib/python3.8/site-packages/airflow/example_dags/example_latest_only.py for tasks to queue
[2021-11-24 13:29:24,890] {logging_mixin.py:109} INFO - [2021-11-24 13:29:24,890] {dagbag.py:500} INFO - Filling up the DagBag from /home/dante/DWBI/Apache/py_env/lib/python3.8/site-packages/airflow/example_dags/example_latest_only.py
[2021-11-24 13:29:24,911] {processor.py:632} INFO - DAG(s) dict_keys(['latest_only']) retrieved from /home/dante/DWBI/Apache/py_env/lib/python3.8/site-packages/airflow/example_dags/example_latest_only.py
[2021-11-24 13:29:24,921] {logging_mixin.py:109} INFO - [2021-11-24 13:29:24,921] {dag.py:2389} INFO - Sync 1 DAGs
[2021-11-24 13:29:24,932] {logging_mixin.py:109} INFO - [2021-11-24 13:29:24,931] {dag.py:2921} INFO - Setting next_dagrun for latest_only to 2021-11-24T08:29:24.931723+00:00
[2021-11-24 13:29:24,939] {processor.py:171} INFO - Processing /home/dante/DWBI/Apache/py_env/lib/python3.8/site-packages/airflow/example_dags/example_latest_only.py took 0.061 seconds
[2021-11-24 13:30:00,636] {processor.py:163} INFO - Started process (PID=47484) to work on /home/dante/DWBI/Apache/py_env/lib/python3.8/site-packages/airflow/example_dags/example_latest_only.py
[2021-11-24 13:30:00,647] {processor.py:620} INFO - Processing file /home/dante/DWBI/Apache/py_env/lib/python3.8/site-packages/airflow/example_dags/example_latest_only.py for tasks to queue
[2021-11-24 13:30:00,648] {logging_mixin.py:109} INFO - [2021-11-24 13:30:00,648] {dagbag.py:500} INFO - Filling up the DagBag from /home/dante/DWBI/Apache/py_env/lib/python3.8/site-packages/airflow/example_dags/example_latest_only.py
[2021-11-24 13:30:00,671] {processor.py:632} INFO - DAG(s) dict_keys(['latest_only']) retrieved from /home/dante/DWBI/Apache/py_env/lib/python3.8/site-packages/airflow/example_dags/example_latest_only.py
[2021-11-24 13:30:00,678] {logging_mixin.py:109} INFO - [2021-11-24 13:30:00,677] {dag.py:2389} INFO - Sync 1 DAGs
[2021-11-24 13:30:00,687] {logging_mixin.py:109} INFO - [2021-11-24 13:30:00,687] {dag.py:2921} INFO - Setting next_dagrun for latest_only to 2021-11-24T08:30:00.686828+00:00
[2021-11-24 13:30:00,711] {processor.py:171} INFO - Processing /home/dante/DWBI/Apache/py_env/lib/python3.8/site-packages/airflow/example_dags/example_latest_only.py took 0.082 seconds
[2021-11-24 13:30:37,276] {processor.py:163} INFO - Started process (PID=47565) to work on /home/dante/DWBI/Apache/py_env/lib/python3.8/site-packages/airflow/example_dags/example_latest_only.py
[2021-11-24 13:30:37,285] {processor.py:620} INFO - Processing file /home/dante/DWBI/Apache/py_env/lib/python3.8/site-packages/airflow/example_dags/example_latest_only.py for tasks to queue
[2021-11-24 13:30:37,286] {logging_mixin.py:109} INFO - [2021-11-24 13:30:37,286] {dagbag.py:500} INFO - Filling up the DagBag from /home/dante/DWBI/Apache/py_env/lib/python3.8/site-packages/airflow/example_dags/example_latest_only.py
[2021-11-24 13:30:37,311] {processor.py:632} INFO - DAG(s) dict_keys(['latest_only']) retrieved from /home/dante/DWBI/Apache/py_env/lib/python3.8/site-packages/airflow/example_dags/example_latest_only.py
[2021-11-24 13:30:37,321] {logging_mixin.py:109} INFO - [2021-11-24 13:30:37,320] {dag.py:2389} INFO - Sync 1 DAGs
[2021-11-24 13:30:37,330] {logging_mixin.py:109} INFO - [2021-11-24 13:30:37,330] {dag.py:2921} INFO - Setting next_dagrun for latest_only to 2021-11-24T08:30:37.330452+00:00
[2021-11-24 13:30:37,338] {processor.py:171} INFO - Processing /home/dante/DWBI/Apache/py_env/lib/python3.8/site-packages/airflow/example_dags/example_latest_only.py took 0.065 seconds
[2021-11-24 13:31:12,296] {processor.py:163} INFO - Started process (PID=47617) to work on /home/dante/DWBI/Apache/py_env/lib/python3.8/site-packages/airflow/example_dags/example_latest_only.py
[2021-11-24 13:31:12,298] {processor.py:620} INFO - Processing file /home/dante/DWBI/Apache/py_env/lib/python3.8/site-packages/airflow/example_dags/example_latest_only.py for tasks to queue
[2021-11-24 13:31:12,298] {logging_mixin.py:109} INFO - [2021-11-24 13:31:12,298] {dagbag.py:500} INFO - Filling up the DagBag from /home/dante/DWBI/Apache/py_env/lib/python3.8/site-packages/airflow/example_dags/example_latest_only.py
[2021-11-24 13:31:12,311] {processor.py:632} INFO - DAG(s) dict_keys(['latest_only']) retrieved from /home/dante/DWBI/Apache/py_env/lib/python3.8/site-packages/airflow/example_dags/example_latest_only.py
[2021-11-24 13:31:12,318] {logging_mixin.py:109} INFO - [2021-11-24 13:31:12,318] {dag.py:2389} INFO - Sync 1 DAGs
[2021-11-24 13:31:12,327] {logging_mixin.py:109} INFO - [2021-11-24 13:31:12,327] {dag.py:2921} INFO - Setting next_dagrun for latest_only to 2021-11-24T08:31:12.327273+00:00
[2021-11-24 13:31:12,335] {processor.py:171} INFO - Processing /home/dante/DWBI/Apache/py_env/lib/python3.8/site-packages/airflow/example_dags/example_latest_only.py took 0.041 seconds
[2021-11-24 13:31:46,780] {processor.py:163} INFO - Started process (PID=47734) to work on /home/dante/DWBI/Apache/py_env/lib/python3.8/site-packages/airflow/example_dags/example_latest_only.py
[2021-11-24 13:31:46,789] {processor.py:620} INFO - Processing file /home/dante/DWBI/Apache/py_env/lib/python3.8/site-packages/airflow/example_dags/example_latest_only.py for tasks to queue
[2021-11-24 13:31:46,790] {logging_mixin.py:109} INFO - [2021-11-24 13:31:46,790] {dagbag.py:500} INFO - Filling up the DagBag from /home/dante/DWBI/Apache/py_env/lib/python3.8/site-packages/airflow/example_dags/example_latest_only.py
[2021-11-24 13:31:46,814] {processor.py:632} INFO - DAG(s) dict_keys(['latest_only']) retrieved from /home/dante/DWBI/Apache/py_env/lib/python3.8/site-packages/airflow/example_dags/example_latest_only.py
[2021-11-24 13:31:46,824] {logging_mixin.py:109} INFO - [2021-11-24 13:31:46,824] {dag.py:2389} INFO - Sync 1 DAGs
[2021-11-24 13:31:46,834] {logging_mixin.py:109} INFO - [2021-11-24 13:31:46,834] {dag.py:2921} INFO - Setting next_dagrun for latest_only to 2021-11-24T08:31:46.834396+00:00
[2021-11-24 13:31:46,854] {processor.py:171} INFO - Processing /home/dante/DWBI/Apache/py_env/lib/python3.8/site-packages/airflow/example_dags/example_latest_only.py took 0.076 seconds
[2021-11-24 13:32:21,928] {processor.py:163} INFO - Started process (PID=48136) to work on /home/dante/DWBI/Apache/py_env/lib/python3.8/site-packages/airflow/example_dags/example_latest_only.py
[2021-11-24 13:32:21,939] {processor.py:620} INFO - Processing file /home/dante/DWBI/Apache/py_env/lib/python3.8/site-packages/airflow/example_dags/example_latest_only.py for tasks to queue
[2021-11-24 13:32:21,941] {logging_mixin.py:109} INFO - [2021-11-24 13:32:21,940] {dagbag.py:500} INFO - Filling up the DagBag from /home/dante/DWBI/Apache/py_env/lib/python3.8/site-packages/airflow/example_dags/example_latest_only.py
[2021-11-24 13:32:21,970] {processor.py:632} INFO - DAG(s) dict_keys(['latest_only']) retrieved from /home/dante/DWBI/Apache/py_env/lib/python3.8/site-packages/airflow/example_dags/example_latest_only.py
[2021-11-24 13:32:21,978] {logging_mixin.py:109} INFO - [2021-11-24 13:32:21,978] {dag.py:2389} INFO - Sync 1 DAGs
[2021-11-24 13:32:21,988] {logging_mixin.py:109} INFO - [2021-11-24 13:32:21,988] {dag.py:2921} INFO - Setting next_dagrun for latest_only to 2021-11-24T08:32:21.987832+00:00
[2021-11-24 13:32:21,995] {processor.py:171} INFO - Processing /home/dante/DWBI/Apache/py_env/lib/python3.8/site-packages/airflow/example_dags/example_latest_only.py took 0.074 seconds
[2021-11-24 13:32:56,985] {processor.py:163} INFO - Started process (PID=48411) to work on /home/dante/DWBI/Apache/py_env/lib/python3.8/site-packages/airflow/example_dags/example_latest_only.py
[2021-11-24 13:32:56,997] {processor.py:620} INFO - Processing file /home/dante/DWBI/Apache/py_env/lib/python3.8/site-packages/airflow/example_dags/example_latest_only.py for tasks to queue
[2021-11-24 13:32:56,999] {logging_mixin.py:109} INFO - [2021-11-24 13:32:56,998] {dagbag.py:500} INFO - Filling up the DagBag from /home/dante/DWBI/Apache/py_env/lib/python3.8/site-packages/airflow/example_dags/example_latest_only.py
[2021-11-24 13:32:57,041] {processor.py:632} INFO - DAG(s) dict_keys(['latest_only']) retrieved from /home/dante/DWBI/Apache/py_env/lib/python3.8/site-packages/airflow/example_dags/example_latest_only.py
[2021-11-24 13:32:57,058] {logging_mixin.py:109} INFO - [2021-11-24 13:32:57,058] {dag.py:2389} INFO - Sync 1 DAGs
[2021-11-24 13:32:57,080] {logging_mixin.py:109} INFO - [2021-11-24 13:32:57,080] {dag.py:2921} INFO - Setting next_dagrun for latest_only to 2021-11-24T08:32:57.079840+00:00
[2021-11-24 13:32:57,098] {processor.py:171} INFO - Processing /home/dante/DWBI/Apache/py_env/lib/python3.8/site-packages/airflow/example_dags/example_latest_only.py took 0.120 seconds
[2021-11-24 13:33:37,173] {processor.py:163} INFO - Started process (PID=48524) to work on /home/dante/DWBI/Apache/py_env/lib/python3.8/site-packages/airflow/example_dags/example_latest_only.py
[2021-11-24 13:33:37,184] {processor.py:620} INFO - Processing file /home/dante/DWBI/Apache/py_env/lib/python3.8/site-packages/airflow/example_dags/example_latest_only.py for tasks to queue
[2021-11-24 13:33:37,186] {logging_mixin.py:109} INFO - [2021-11-24 13:33:37,186] {dagbag.py:500} INFO - Filling up the DagBag from /home/dante/DWBI/Apache/py_env/lib/python3.8/site-packages/airflow/example_dags/example_latest_only.py
[2021-11-24 13:33:37,217] {processor.py:632} INFO - DAG(s) dict_keys(['latest_only']) retrieved from /home/dante/DWBI/Apache/py_env/lib/python3.8/site-packages/airflow/example_dags/example_latest_only.py
[2021-11-24 13:33:37,224] {logging_mixin.py:109} INFO - [2021-11-24 13:33:37,224] {dag.py:2389} INFO - Sync 1 DAGs
[2021-11-24 13:33:37,234] {logging_mixin.py:109} INFO - [2021-11-24 13:33:37,233] {dag.py:2921} INFO - Setting next_dagrun for latest_only to 2021-11-24T08:33:37.233749+00:00
[2021-11-24 13:33:37,262] {processor.py:171} INFO - Processing /home/dante/DWBI/Apache/py_env/lib/python3.8/site-packages/airflow/example_dags/example_latest_only.py took 0.096 seconds
[2021-11-24 13:34:16,122] {processor.py:163} INFO - Started process (PID=48707) to work on /home/dante/DWBI/Apache/py_env/lib/python3.8/site-packages/airflow/example_dags/example_latest_only.py
[2021-11-24 13:34:16,131] {processor.py:620} INFO - Processing file /home/dante/DWBI/Apache/py_env/lib/python3.8/site-packages/airflow/example_dags/example_latest_only.py for tasks to queue
[2021-11-24 13:34:16,132] {logging_mixin.py:109} INFO - [2021-11-24 13:34:16,132] {dagbag.py:500} INFO - Filling up the DagBag from /home/dante/DWBI/Apache/py_env/lib/python3.8/site-packages/airflow/example_dags/example_latest_only.py
[2021-11-24 13:34:16,147] {processor.py:632} INFO - DAG(s) dict_keys(['latest_only']) retrieved from /home/dante/DWBI/Apache/py_env/lib/python3.8/site-packages/airflow/example_dags/example_latest_only.py
[2021-11-24 13:34:16,154] {logging_mixin.py:109} INFO - [2021-11-24 13:34:16,154] {dag.py:2389} INFO - Sync 1 DAGs
[2021-11-24 13:34:16,163] {logging_mixin.py:109} INFO - [2021-11-24 13:34:16,163] {dag.py:2921} INFO - Setting next_dagrun for latest_only to 2021-11-24T08:34:16.163672+00:00
[2021-11-24 13:34:16,171] {processor.py:171} INFO - Processing /home/dante/DWBI/Apache/py_env/lib/python3.8/site-packages/airflow/example_dags/example_latest_only.py took 0.051 seconds
[2021-11-24 13:34:56,023] {processor.py:163} INFO - Started process (PID=48816) to work on /home/dante/DWBI/Apache/py_env/lib/python3.8/site-packages/airflow/example_dags/example_latest_only.py
[2021-11-24 13:34:56,033] {processor.py:620} INFO - Processing file /home/dante/DWBI/Apache/py_env/lib/python3.8/site-packages/airflow/example_dags/example_latest_only.py for tasks to queue
[2021-11-24 13:34:56,033] {logging_mixin.py:109} INFO - [2021-11-24 13:34:56,033] {dagbag.py:500} INFO - Filling up the DagBag from /home/dante/DWBI/Apache/py_env/lib/python3.8/site-packages/airflow/example_dags/example_latest_only.py
[2021-11-24 13:34:56,049] {processor.py:632} INFO - DAG(s) dict_keys(['latest_only']) retrieved from /home/dante/DWBI/Apache/py_env/lib/python3.8/site-packages/airflow/example_dags/example_latest_only.py
[2021-11-24 13:34:56,056] {logging_mixin.py:109} INFO - [2021-11-24 13:34:56,056] {dag.py:2389} INFO - Sync 1 DAGs
[2021-11-24 13:34:56,066] {logging_mixin.py:109} INFO - [2021-11-24 13:34:56,066] {dag.py:2921} INFO - Setting next_dagrun for latest_only to 2021-11-24T08:34:56.066323+00:00
[2021-11-24 13:34:56,090] {processor.py:171} INFO - Processing /home/dante/DWBI/Apache/py_env/lib/python3.8/site-packages/airflow/example_dags/example_latest_only.py took 0.070 seconds
[2021-11-24 13:35:33,024] {processor.py:163} INFO - Started process (PID=48924) to work on /home/dante/DWBI/Apache/py_env/lib/python3.8/site-packages/airflow/example_dags/example_latest_only.py
[2021-11-24 13:35:33,034] {processor.py:620} INFO - Processing file /home/dante/DWBI/Apache/py_env/lib/python3.8/site-packages/airflow/example_dags/example_latest_only.py for tasks to queue
[2021-11-24 13:35:33,035] {logging_mixin.py:109} INFO - [2021-11-24 13:35:33,034] {dagbag.py:500} INFO - Filling up the DagBag from /home/dante/DWBI/Apache/py_env/lib/python3.8/site-packages/airflow/example_dags/example_latest_only.py
[2021-11-24 13:35:33,058] {processor.py:632} INFO - DAG(s) dict_keys(['latest_only']) retrieved from /home/dante/DWBI/Apache/py_env/lib/python3.8/site-packages/airflow/example_dags/example_latest_only.py
[2021-11-24 13:35:33,079] {logging_mixin.py:109} INFO - [2021-11-24 13:35:33,079] {dag.py:2389} INFO - Sync 1 DAGs
[2021-11-24 13:35:33,097] {logging_mixin.py:109} INFO - [2021-11-24 13:35:33,097] {dag.py:2921} INFO - Setting next_dagrun for latest_only to 2021-11-24T08:35:33.097361+00:00
[2021-11-24 13:35:33,111] {processor.py:171} INFO - Processing /home/dante/DWBI/Apache/py_env/lib/python3.8/site-packages/airflow/example_dags/example_latest_only.py took 0.090 seconds
[2021-11-24 13:36:06,443] {processor.py:163} INFO - Started process (PID=48974) to work on /home/dante/DWBI/Apache/py_env/lib/python3.8/site-packages/airflow/example_dags/example_latest_only.py
[2021-11-24 13:36:06,452] {processor.py:620} INFO - Processing file /home/dante/DWBI/Apache/py_env/lib/python3.8/site-packages/airflow/example_dags/example_latest_only.py for tasks to queue
[2021-11-24 13:36:06,452] {logging_mixin.py:109} INFO - [2021-11-24 13:36:06,452] {dagbag.py:500} INFO - Filling up the DagBag from /home/dante/DWBI/Apache/py_env/lib/python3.8/site-packages/airflow/example_dags/example_latest_only.py
[2021-11-24 13:36:06,465] {processor.py:632} INFO - DAG(s) dict_keys(['latest_only']) retrieved from /home/dante/DWBI/Apache/py_env/lib/python3.8/site-packages/airflow/example_dags/example_latest_only.py
[2021-11-24 13:36:06,472] {logging_mixin.py:109} INFO - [2021-11-24 13:36:06,472] {dag.py:2389} INFO - Sync 1 DAGs
[2021-11-24 13:36:06,480] {logging_mixin.py:109} INFO - [2021-11-24 13:36:06,480] {dag.py:2921} INFO - Setting next_dagrun for latest_only to 2021-11-24T08:36:06.480584+00:00
[2021-11-24 13:36:06,488] {processor.py:171} INFO - Processing /home/dante/DWBI/Apache/py_env/lib/python3.8/site-packages/airflow/example_dags/example_latest_only.py took 0.047 seconds
[2021-11-24 13:36:46,645] {processor.py:163} INFO - Started process (PID=49105) to work on /home/dante/DWBI/Apache/py_env/lib/python3.8/site-packages/airflow/example_dags/example_latest_only.py
[2021-11-24 13:36:46,656] {processor.py:620} INFO - Processing file /home/dante/DWBI/Apache/py_env/lib/python3.8/site-packages/airflow/example_dags/example_latest_only.py for tasks to queue
[2021-11-24 13:36:46,658] {logging_mixin.py:109} INFO - [2021-11-24 13:36:46,657] {dagbag.py:500} INFO - Filling up the DagBag from /home/dante/DWBI/Apache/py_env/lib/python3.8/site-packages/airflow/example_dags/example_latest_only.py
[2021-11-24 13:36:46,691] {processor.py:632} INFO - DAG(s) dict_keys(['latest_only']) retrieved from /home/dante/DWBI/Apache/py_env/lib/python3.8/site-packages/airflow/example_dags/example_latest_only.py
[2021-11-24 13:36:46,698] {logging_mixin.py:109} INFO - [2021-11-24 13:36:46,698] {dag.py:2389} INFO - Sync 1 DAGs
[2021-11-24 13:36:46,708] {logging_mixin.py:109} INFO - [2021-11-24 13:36:46,708] {dag.py:2921} INFO - Setting next_dagrun for latest_only to 2021-11-24T08:36:46.707944+00:00
[2021-11-24 13:36:46,727] {processor.py:171} INFO - Processing /home/dante/DWBI/Apache/py_env/lib/python3.8/site-packages/airflow/example_dags/example_latest_only.py took 0.084 seconds
[2021-11-24 13:37:20,446] {processor.py:163} INFO - Started process (PID=49263) to work on /home/dante/DWBI/Apache/py_env/lib/python3.8/site-packages/airflow/example_dags/example_latest_only.py
[2021-11-24 13:37:20,457] {processor.py:620} INFO - Processing file /home/dante/DWBI/Apache/py_env/lib/python3.8/site-packages/airflow/example_dags/example_latest_only.py for tasks to queue
[2021-11-24 13:37:20,458] {logging_mixin.py:109} INFO - [2021-11-24 13:37:20,458] {dagbag.py:500} INFO - Filling up the DagBag from /home/dante/DWBI/Apache/py_env/lib/python3.8/site-packages/airflow/example_dags/example_latest_only.py
[2021-11-24 13:37:20,489] {processor.py:632} INFO - DAG(s) dict_keys(['latest_only']) retrieved from /home/dante/DWBI/Apache/py_env/lib/python3.8/site-packages/airflow/example_dags/example_latest_only.py
[2021-11-24 13:37:20,497] {logging_mixin.py:109} INFO - [2021-11-24 13:37:20,497] {dag.py:2389} INFO - Sync 1 DAGs
[2021-11-24 13:37:20,506] {logging_mixin.py:109} INFO - [2021-11-24 13:37:20,506] {dag.py:2921} INFO - Setting next_dagrun for latest_only to 2021-11-24T08:37:20.505816+00:00
[2021-11-24 13:37:20,533] {processor.py:171} INFO - Processing /home/dante/DWBI/Apache/py_env/lib/python3.8/site-packages/airflow/example_dags/example_latest_only.py took 0.094 seconds
[2021-11-24 13:37:57,191] {processor.py:163} INFO - Started process (PID=49331) to work on /home/dante/DWBI/Apache/py_env/lib/python3.8/site-packages/airflow/example_dags/example_latest_only.py
[2021-11-24 13:37:57,200] {processor.py:620} INFO - Processing file /home/dante/DWBI/Apache/py_env/lib/python3.8/site-packages/airflow/example_dags/example_latest_only.py for tasks to queue
[2021-11-24 13:37:57,201] {logging_mixin.py:109} INFO - [2021-11-24 13:37:57,201] {dagbag.py:500} INFO - Filling up the DagBag from /home/dante/DWBI/Apache/py_env/lib/python3.8/site-packages/airflow/example_dags/example_latest_only.py
[2021-11-24 13:37:57,216] {processor.py:632} INFO - DAG(s) dict_keys(['latest_only']) retrieved from /home/dante/DWBI/Apache/py_env/lib/python3.8/site-packages/airflow/example_dags/example_latest_only.py
[2021-11-24 13:37:57,224] {logging_mixin.py:109} INFO - [2021-11-24 13:37:57,223] {dag.py:2389} INFO - Sync 1 DAGs
[2021-11-24 13:37:57,234] {logging_mixin.py:109} INFO - [2021-11-24 13:37:57,234] {dag.py:2921} INFO - Setting next_dagrun for latest_only to 2021-11-24T08:37:57.233995+00:00
[2021-11-24 13:37:57,260] {processor.py:171} INFO - Processing /home/dante/DWBI/Apache/py_env/lib/python3.8/site-packages/airflow/example_dags/example_latest_only.py took 0.072 seconds
[2021-11-24 13:38:30,780] {processor.py:163} INFO - Started process (PID=49409) to work on /home/dante/DWBI/Apache/py_env/lib/python3.8/site-packages/airflow/example_dags/example_latest_only.py
[2021-11-24 13:38:30,784] {processor.py:620} INFO - Processing file /home/dante/DWBI/Apache/py_env/lib/python3.8/site-packages/airflow/example_dags/example_latest_only.py for tasks to queue
[2021-11-24 13:38:30,785] {logging_mixin.py:109} INFO - [2021-11-24 13:38:30,785] {dagbag.py:500} INFO - Filling up the DagBag from /home/dante/DWBI/Apache/py_env/lib/python3.8/site-packages/airflow/example_dags/example_latest_only.py
[2021-11-24 13:38:30,802] {processor.py:632} INFO - DAG(s) dict_keys(['latest_only']) retrieved from /home/dante/DWBI/Apache/py_env/lib/python3.8/site-packages/airflow/example_dags/example_latest_only.py
[2021-11-24 13:38:30,810] {logging_mixin.py:109} INFO - [2021-11-24 13:38:30,810] {dag.py:2389} INFO - Sync 1 DAGs
[2021-11-24 13:38:30,821] {logging_mixin.py:109} INFO - [2021-11-24 13:38:30,821] {dag.py:2921} INFO - Setting next_dagrun for latest_only to 2021-11-24T08:38:30.821154+00:00
[2021-11-24 13:38:30,829] {processor.py:171} INFO - Processing /home/dante/DWBI/Apache/py_env/lib/python3.8/site-packages/airflow/example_dags/example_latest_only.py took 0.051 seconds
[2021-11-24 13:39:06,928] {processor.py:163} INFO - Started process (PID=49499) to work on /home/dante/DWBI/Apache/py_env/lib/python3.8/site-packages/airflow/example_dags/example_latest_only.py
[2021-11-24 13:39:06,932] {processor.py:620} INFO - Processing file /home/dante/DWBI/Apache/py_env/lib/python3.8/site-packages/airflow/example_dags/example_latest_only.py for tasks to queue
[2021-11-24 13:39:06,933] {logging_mixin.py:109} INFO - [2021-11-24 13:39:06,933] {dagbag.py:500} INFO - Filling up the DagBag from /home/dante/DWBI/Apache/py_env/lib/python3.8/site-packages/airflow/example_dags/example_latest_only.py
[2021-11-24 13:39:06,961] {processor.py:632} INFO - DAG(s) dict_keys(['latest_only']) retrieved from /home/dante/DWBI/Apache/py_env/lib/python3.8/site-packages/airflow/example_dags/example_latest_only.py
[2021-11-24 13:39:06,968] {logging_mixin.py:109} INFO - [2021-11-24 13:39:06,968] {dag.py:2389} INFO - Sync 1 DAGs
[2021-11-24 13:39:06,977] {logging_mixin.py:109} INFO - [2021-11-24 13:39:06,977] {dag.py:2921} INFO - Setting next_dagrun for latest_only to 2021-11-24T08:39:06.977074+00:00
[2021-11-24 13:39:06,984] {processor.py:171} INFO - Processing /home/dante/DWBI/Apache/py_env/lib/python3.8/site-packages/airflow/example_dags/example_latest_only.py took 0.063 seconds
[2021-11-24 13:39:43,204] {processor.py:163} INFO - Started process (PID=49612) to work on /home/dante/DWBI/Apache/py_env/lib/python3.8/site-packages/airflow/example_dags/example_latest_only.py
[2021-11-24 13:39:43,214] {processor.py:620} INFO - Processing file /home/dante/DWBI/Apache/py_env/lib/python3.8/site-packages/airflow/example_dags/example_latest_only.py for tasks to queue
[2021-11-24 13:39:43,215] {logging_mixin.py:109} INFO - [2021-11-24 13:39:43,215] {dagbag.py:500} INFO - Filling up the DagBag from /home/dante/DWBI/Apache/py_env/lib/python3.8/site-packages/airflow/example_dags/example_latest_only.py
[2021-11-24 13:39:43,242] {processor.py:632} INFO - DAG(s) dict_keys(['latest_only']) retrieved from /home/dante/DWBI/Apache/py_env/lib/python3.8/site-packages/airflow/example_dags/example_latest_only.py
[2021-11-24 13:39:43,249] {logging_mixin.py:109} INFO - [2021-11-24 13:39:43,249] {dag.py:2389} INFO - Sync 1 DAGs
[2021-11-24 13:39:43,258] {logging_mixin.py:109} INFO - [2021-11-24 13:39:43,257] {dag.py:2921} INFO - Setting next_dagrun for latest_only to 2021-11-24T08:39:43.257746+00:00
[2021-11-24 13:39:43,267] {processor.py:171} INFO - Processing /home/dante/DWBI/Apache/py_env/lib/python3.8/site-packages/airflow/example_dags/example_latest_only.py took 0.070 seconds
[2021-11-24 13:40:17,203] {processor.py:163} INFO - Started process (PID=49674) to work on /home/dante/DWBI/Apache/py_env/lib/python3.8/site-packages/airflow/example_dags/example_latest_only.py
[2021-11-24 13:40:17,214] {processor.py:620} INFO - Processing file /home/dante/DWBI/Apache/py_env/lib/python3.8/site-packages/airflow/example_dags/example_latest_only.py for tasks to queue
[2021-11-24 13:40:17,216] {logging_mixin.py:109} INFO - [2021-11-24 13:40:17,215] {dagbag.py:500} INFO - Filling up the DagBag from /home/dante/DWBI/Apache/py_env/lib/python3.8/site-packages/airflow/example_dags/example_latest_only.py
[2021-11-24 13:40:17,232] {processor.py:632} INFO - DAG(s) dict_keys(['latest_only']) retrieved from /home/dante/DWBI/Apache/py_env/lib/python3.8/site-packages/airflow/example_dags/example_latest_only.py
[2021-11-24 13:40:17,239] {logging_mixin.py:109} INFO - [2021-11-24 13:40:17,239] {dag.py:2389} INFO - Sync 1 DAGs
[2021-11-24 13:40:17,249] {logging_mixin.py:109} INFO - [2021-11-24 13:40:17,249] {dag.py:2921} INFO - Setting next_dagrun for latest_only to 2021-11-24T08:40:17.249144+00:00
[2021-11-24 13:40:17,257] {processor.py:171} INFO - Processing /home/dante/DWBI/Apache/py_env/lib/python3.8/site-packages/airflow/example_dags/example_latest_only.py took 0.061 seconds
[2021-11-24 13:40:56,234] {processor.py:163} INFO - Started process (PID=49770) to work on /home/dante/DWBI/Apache/py_env/lib/python3.8/site-packages/airflow/example_dags/example_latest_only.py
[2021-11-24 13:40:56,238] {processor.py:620} INFO - Processing file /home/dante/DWBI/Apache/py_env/lib/python3.8/site-packages/airflow/example_dags/example_latest_only.py for tasks to queue
[2021-11-24 13:40:56,239] {logging_mixin.py:109} INFO - [2021-11-24 13:40:56,239] {dagbag.py:500} INFO - Filling up the DagBag from /home/dante/DWBI/Apache/py_env/lib/python3.8/site-packages/airflow/example_dags/example_latest_only.py
[2021-11-24 13:40:56,267] {processor.py:632} INFO - DAG(s) dict_keys(['latest_only']) retrieved from /home/dante/DWBI/Apache/py_env/lib/python3.8/site-packages/airflow/example_dags/example_latest_only.py
[2021-11-24 13:40:56,274] {logging_mixin.py:109} INFO - [2021-11-24 13:40:56,274] {dag.py:2389} INFO - Sync 1 DAGs
[2021-11-24 13:40:56,283] {logging_mixin.py:109} INFO - [2021-11-24 13:40:56,283] {dag.py:2921} INFO - Setting next_dagrun for latest_only to 2021-11-24T08:40:56.283460+00:00
[2021-11-24 13:40:56,291] {processor.py:171} INFO - Processing /home/dante/DWBI/Apache/py_env/lib/python3.8/site-packages/airflow/example_dags/example_latest_only.py took 0.064 seconds
[2021-11-24 13:41:32,722] {processor.py:163} INFO - Started process (PID=49835) to work on /home/dante/DWBI/Apache/py_env/lib/python3.8/site-packages/airflow/example_dags/example_latest_only.py
[2021-11-24 13:41:32,726] {processor.py:620} INFO - Processing file /home/dante/DWBI/Apache/py_env/lib/python3.8/site-packages/airflow/example_dags/example_latest_only.py for tasks to queue
[2021-11-24 13:41:32,727] {logging_mixin.py:109} INFO - [2021-11-24 13:41:32,727] {dagbag.py:500} INFO - Filling up the DagBag from /home/dante/DWBI/Apache/py_env/lib/python3.8/site-packages/airflow/example_dags/example_latest_only.py
[2021-11-24 13:41:32,755] {processor.py:632} INFO - DAG(s) dict_keys(['latest_only']) retrieved from /home/dante/DWBI/Apache/py_env/lib/python3.8/site-packages/airflow/example_dags/example_latest_only.py
[2021-11-24 13:41:32,763] {logging_mixin.py:109} INFO - [2021-11-24 13:41:32,763] {dag.py:2389} INFO - Sync 1 DAGs
[2021-11-24 13:41:32,774] {logging_mixin.py:109} INFO - [2021-11-24 13:41:32,774] {dag.py:2921} INFO - Setting next_dagrun for latest_only to 2021-11-24T08:41:32.774163+00:00
[2021-11-24 13:41:32,784] {processor.py:171} INFO - Processing /home/dante/DWBI/Apache/py_env/lib/python3.8/site-packages/airflow/example_dags/example_latest_only.py took 0.068 seconds
[2021-11-24 13:42:08,872] {processor.py:163} INFO - Started process (PID=49963) to work on /home/dante/DWBI/Apache/py_env/lib/python3.8/site-packages/airflow/example_dags/example_latest_only.py
[2021-11-24 13:42:08,874] {processor.py:620} INFO - Processing file /home/dante/DWBI/Apache/py_env/lib/python3.8/site-packages/airflow/example_dags/example_latest_only.py for tasks to queue
[2021-11-24 13:42:08,874] {logging_mixin.py:109} INFO - [2021-11-24 13:42:08,874] {dagbag.py:500} INFO - Filling up the DagBag from /home/dante/DWBI/Apache/py_env/lib/python3.8/site-packages/airflow/example_dags/example_latest_only.py
[2021-11-24 13:42:08,890] {processor.py:632} INFO - DAG(s) dict_keys(['latest_only']) retrieved from /home/dante/DWBI/Apache/py_env/lib/python3.8/site-packages/airflow/example_dags/example_latest_only.py
[2021-11-24 13:42:08,896] {logging_mixin.py:109} INFO - [2021-11-24 13:42:08,896] {dag.py:2389} INFO - Sync 1 DAGs
[2021-11-24 13:42:08,905] {logging_mixin.py:109} INFO - [2021-11-24 13:42:08,905] {dag.py:2921} INFO - Setting next_dagrun for latest_only to 2021-11-24T08:42:08.905393+00:00
[2021-11-24 13:42:08,913] {processor.py:171} INFO - Processing /home/dante/DWBI/Apache/py_env/lib/python3.8/site-packages/airflow/example_dags/example_latest_only.py took 0.043 seconds
