[2021-11-24 13:02:09,229] {processor.py:163} INFO - Started process (PID=42712) to work on /home/dante/DWBI/Apache/py_env/lib/python3.8/site-packages/airflow/example_dags/example_branch_day_of_week_operator.py
[2021-11-24 13:02:09,230] {processor.py:620} INFO - Processing file /home/dante/DWBI/Apache/py_env/lib/python3.8/site-packages/airflow/example_dags/example_branch_day_of_week_operator.py for tasks to queue
[2021-11-24 13:02:09,230] {logging_mixin.py:109} INFO - [2021-11-24 13:02:09,230] {dagbag.py:500} INFO - Filling up the DagBag from /home/dante/DWBI/Apache/py_env/lib/python3.8/site-packages/airflow/example_dags/example_branch_day_of_week_operator.py
[2021-11-24 13:02:09,248] {processor.py:632} INFO - DAG(s) dict_keys(['example_weekday_branch_operator']) retrieved from /home/dante/DWBI/Apache/py_env/lib/python3.8/site-packages/airflow/example_dags/example_branch_day_of_week_operator.py
[2021-11-24 13:02:09,255] {logging_mixin.py:109} INFO - [2021-11-24 13:02:09,255] {dag.py:2389} INFO - Sync 1 DAGs
[2021-11-24 13:02:09,266] {logging_mixin.py:109} INFO - [2021-11-24 13:02:09,266] {dag.py:2921} INFO - Setting next_dagrun for example_weekday_branch_operator to 2021-11-23 00:00:00+00:00
[2021-11-24 13:02:09,273] {processor.py:171} INFO - Processing /home/dante/DWBI/Apache/py_env/lib/python3.8/site-packages/airflow/example_dags/example_branch_day_of_week_operator.py took 0.047 seconds
[2021-11-24 13:02:48,794] {processor.py:163} INFO - Started process (PID=42770) to work on /home/dante/DWBI/Apache/py_env/lib/python3.8/site-packages/airflow/example_dags/example_branch_day_of_week_operator.py
[2021-11-24 13:02:48,796] {processor.py:620} INFO - Processing file /home/dante/DWBI/Apache/py_env/lib/python3.8/site-packages/airflow/example_dags/example_branch_day_of_week_operator.py for tasks to queue
[2021-11-24 13:02:48,797] {logging_mixin.py:109} INFO - [2021-11-24 13:02:48,797] {dagbag.py:500} INFO - Filling up the DagBag from /home/dante/DWBI/Apache/py_env/lib/python3.8/site-packages/airflow/example_dags/example_branch_day_of_week_operator.py
[2021-11-24 13:02:48,811] {processor.py:632} INFO - DAG(s) dict_keys(['example_weekday_branch_operator']) retrieved from /home/dante/DWBI/Apache/py_env/lib/python3.8/site-packages/airflow/example_dags/example_branch_day_of_week_operator.py
[2021-11-24 13:02:48,817] {logging_mixin.py:109} INFO - [2021-11-24 13:02:48,817] {dag.py:2389} INFO - Sync 1 DAGs
[2021-11-24 13:02:48,828] {logging_mixin.py:109} INFO - [2021-11-24 13:02:48,828] {dag.py:2921} INFO - Setting next_dagrun for example_weekday_branch_operator to 2021-11-23 00:00:00+00:00
[2021-11-24 13:02:48,836] {processor.py:171} INFO - Processing /home/dante/DWBI/Apache/py_env/lib/python3.8/site-packages/airflow/example_dags/example_branch_day_of_week_operator.py took 0.044 seconds
[2021-11-24 13:03:33,931] {processor.py:163} INFO - Started process (PID=42896) to work on /home/dante/DWBI/Apache/py_env/lib/python3.8/site-packages/airflow/example_dags/example_branch_day_of_week_operator.py
[2021-11-24 13:03:33,935] {processor.py:620} INFO - Processing file /home/dante/DWBI/Apache/py_env/lib/python3.8/site-packages/airflow/example_dags/example_branch_day_of_week_operator.py for tasks to queue
[2021-11-24 13:03:33,937] {logging_mixin.py:109} INFO - [2021-11-24 13:03:33,937] {dagbag.py:500} INFO - Filling up the DagBag from /home/dante/DWBI/Apache/py_env/lib/python3.8/site-packages/airflow/example_dags/example_branch_day_of_week_operator.py
[2021-11-24 13:03:33,964] {processor.py:632} INFO - DAG(s) dict_keys(['example_weekday_branch_operator']) retrieved from /home/dante/DWBI/Apache/py_env/lib/python3.8/site-packages/airflow/example_dags/example_branch_day_of_week_operator.py
[2021-11-24 13:03:33,974] {logging_mixin.py:109} INFO - [2021-11-24 13:03:33,974] {dag.py:2389} INFO - Sync 1 DAGs
[2021-11-24 13:03:33,985] {logging_mixin.py:109} INFO - [2021-11-24 13:03:33,985] {dag.py:2921} INFO - Setting next_dagrun for example_weekday_branch_operator to 2021-11-23 00:00:00+00:00
[2021-11-24 13:03:33,995] {processor.py:171} INFO - Processing /home/dante/DWBI/Apache/py_env/lib/python3.8/site-packages/airflow/example_dags/example_branch_day_of_week_operator.py took 0.071 seconds
[2021-11-24 13:04:11,652] {processor.py:163} INFO - Started process (PID=42956) to work on /home/dante/DWBI/Apache/py_env/lib/python3.8/site-packages/airflow/example_dags/example_branch_day_of_week_operator.py
[2021-11-24 13:04:11,662] {processor.py:620} INFO - Processing file /home/dante/DWBI/Apache/py_env/lib/python3.8/site-packages/airflow/example_dags/example_branch_day_of_week_operator.py for tasks to queue
[2021-11-24 13:04:11,663] {logging_mixin.py:109} INFO - [2021-11-24 13:04:11,663] {dagbag.py:500} INFO - Filling up the DagBag from /home/dante/DWBI/Apache/py_env/lib/python3.8/site-packages/airflow/example_dags/example_branch_day_of_week_operator.py
[2021-11-24 13:04:11,696] {processor.py:632} INFO - DAG(s) dict_keys(['example_weekday_branch_operator']) retrieved from /home/dante/DWBI/Apache/py_env/lib/python3.8/site-packages/airflow/example_dags/example_branch_day_of_week_operator.py
[2021-11-24 13:04:11,704] {logging_mixin.py:109} INFO - [2021-11-24 13:04:11,704] {dag.py:2389} INFO - Sync 1 DAGs
[2021-11-24 13:04:11,715] {logging_mixin.py:109} INFO - [2021-11-24 13:04:11,715] {dag.py:2921} INFO - Setting next_dagrun for example_weekday_branch_operator to 2021-11-23 00:00:00+00:00
[2021-11-24 13:04:11,738] {processor.py:171} INFO - Processing /home/dante/DWBI/Apache/py_env/lib/python3.8/site-packages/airflow/example_dags/example_branch_day_of_week_operator.py took 0.088 seconds
[2021-11-24 13:05:04,949] {processor.py:163} INFO - Started process (PID=43184) to work on /home/dante/DWBI/Apache/py_env/lib/python3.8/site-packages/airflow/example_dags/example_branch_day_of_week_operator.py
[2021-11-24 13:05:04,951] {processor.py:620} INFO - Processing file /home/dante/DWBI/Apache/py_env/lib/python3.8/site-packages/airflow/example_dags/example_branch_day_of_week_operator.py for tasks to queue
[2021-11-24 13:05:04,952] {logging_mixin.py:109} INFO - [2021-11-24 13:05:04,952] {dagbag.py:500} INFO - Filling up the DagBag from /home/dante/DWBI/Apache/py_env/lib/python3.8/site-packages/airflow/example_dags/example_branch_day_of_week_operator.py
[2021-11-24 13:05:04,974] {processor.py:632} INFO - DAG(s) dict_keys(['example_weekday_branch_operator']) retrieved from /home/dante/DWBI/Apache/py_env/lib/python3.8/site-packages/airflow/example_dags/example_branch_day_of_week_operator.py
[2021-11-24 13:05:04,982] {logging_mixin.py:109} INFO - [2021-11-24 13:05:04,982] {dag.py:2389} INFO - Sync 1 DAGs
[2021-11-24 13:05:04,996] {logging_mixin.py:109} INFO - [2021-11-24 13:05:04,996] {dag.py:2921} INFO - Setting next_dagrun for example_weekday_branch_operator to 2021-11-23 00:00:00+00:00
[2021-11-24 13:05:05,007] {processor.py:171} INFO - Processing /home/dante/DWBI/Apache/py_env/lib/python3.8/site-packages/airflow/example_dags/example_branch_day_of_week_operator.py took 0.061 seconds
[2021-11-24 13:05:42,627] {processor.py:163} INFO - Started process (PID=43258) to work on /home/dante/DWBI/Apache/py_env/lib/python3.8/site-packages/airflow/example_dags/example_branch_day_of_week_operator.py
[2021-11-24 13:05:42,629] {processor.py:620} INFO - Processing file /home/dante/DWBI/Apache/py_env/lib/python3.8/site-packages/airflow/example_dags/example_branch_day_of_week_operator.py for tasks to queue
[2021-11-24 13:05:42,630] {logging_mixin.py:109} INFO - [2021-11-24 13:05:42,630] {dagbag.py:500} INFO - Filling up the DagBag from /home/dante/DWBI/Apache/py_env/lib/python3.8/site-packages/airflow/example_dags/example_branch_day_of_week_operator.py
[2021-11-24 13:05:42,648] {processor.py:632} INFO - DAG(s) dict_keys(['example_weekday_branch_operator']) retrieved from /home/dante/DWBI/Apache/py_env/lib/python3.8/site-packages/airflow/example_dags/example_branch_day_of_week_operator.py
[2021-11-24 13:05:42,655] {logging_mixin.py:109} INFO - [2021-11-24 13:05:42,655] {dag.py:2389} INFO - Sync 1 DAGs
[2021-11-24 13:05:42,665] {logging_mixin.py:109} INFO - [2021-11-24 13:05:42,665] {dag.py:2921} INFO - Setting next_dagrun for example_weekday_branch_operator to 2021-11-23 00:00:00+00:00
[2021-11-24 13:05:42,675] {processor.py:171} INFO - Processing /home/dante/DWBI/Apache/py_env/lib/python3.8/site-packages/airflow/example_dags/example_branch_day_of_week_operator.py took 0.054 seconds
[2021-11-24 13:06:20,166] {processor.py:163} INFO - Started process (PID=43309) to work on /home/dante/DWBI/Apache/py_env/lib/python3.8/site-packages/airflow/example_dags/example_branch_day_of_week_operator.py
[2021-11-24 13:06:20,175] {processor.py:620} INFO - Processing file /home/dante/DWBI/Apache/py_env/lib/python3.8/site-packages/airflow/example_dags/example_branch_day_of_week_operator.py for tasks to queue
[2021-11-24 13:06:20,176] {logging_mixin.py:109} INFO - [2021-11-24 13:06:20,175] {dagbag.py:500} INFO - Filling up the DagBag from /home/dante/DWBI/Apache/py_env/lib/python3.8/site-packages/airflow/example_dags/example_branch_day_of_week_operator.py
[2021-11-24 13:06:20,190] {processor.py:632} INFO - DAG(s) dict_keys(['example_weekday_branch_operator']) retrieved from /home/dante/DWBI/Apache/py_env/lib/python3.8/site-packages/airflow/example_dags/example_branch_day_of_week_operator.py
[2021-11-24 13:06:20,196] {logging_mixin.py:109} INFO - [2021-11-24 13:06:20,196] {dag.py:2389} INFO - Sync 1 DAGs
[2021-11-24 13:06:20,205] {logging_mixin.py:109} INFO - [2021-11-24 13:06:20,205] {dag.py:2921} INFO - Setting next_dagrun for example_weekday_branch_operator to 2021-11-23 00:00:00+00:00
[2021-11-24 13:06:20,222] {processor.py:171} INFO - Processing /home/dante/DWBI/Apache/py_env/lib/python3.8/site-packages/airflow/example_dags/example_branch_day_of_week_operator.py took 0.058 seconds
[2021-11-24 13:07:01,094] {processor.py:163} INFO - Started process (PID=43392) to work on /home/dante/DWBI/Apache/py_env/lib/python3.8/site-packages/airflow/example_dags/example_branch_day_of_week_operator.py
[2021-11-24 13:07:01,103] {processor.py:620} INFO - Processing file /home/dante/DWBI/Apache/py_env/lib/python3.8/site-packages/airflow/example_dags/example_branch_day_of_week_operator.py for tasks to queue
[2021-11-24 13:07:01,104] {logging_mixin.py:109} INFO - [2021-11-24 13:07:01,104] {dagbag.py:500} INFO - Filling up the DagBag from /home/dante/DWBI/Apache/py_env/lib/python3.8/site-packages/airflow/example_dags/example_branch_day_of_week_operator.py
[2021-11-24 13:07:01,137] {processor.py:632} INFO - DAG(s) dict_keys(['example_weekday_branch_operator']) retrieved from /home/dante/DWBI/Apache/py_env/lib/python3.8/site-packages/airflow/example_dags/example_branch_day_of_week_operator.py
[2021-11-24 13:07:01,146] {logging_mixin.py:109} INFO - [2021-11-24 13:07:01,146] {dag.py:2389} INFO - Sync 1 DAGs
[2021-11-24 13:07:01,156] {logging_mixin.py:109} INFO - [2021-11-24 13:07:01,156] {dag.py:2921} INFO - Setting next_dagrun for example_weekday_branch_operator to 2021-11-23 00:00:00+00:00
[2021-11-24 13:07:01,163] {processor.py:171} INFO - Processing /home/dante/DWBI/Apache/py_env/lib/python3.8/site-packages/airflow/example_dags/example_branch_day_of_week_operator.py took 0.072 seconds
[2021-11-24 13:07:38,511] {processor.py:163} INFO - Started process (PID=43441) to work on /home/dante/DWBI/Apache/py_env/lib/python3.8/site-packages/airflow/example_dags/example_branch_day_of_week_operator.py
[2021-11-24 13:07:38,516] {processor.py:620} INFO - Processing file /home/dante/DWBI/Apache/py_env/lib/python3.8/site-packages/airflow/example_dags/example_branch_day_of_week_operator.py for tasks to queue
[2021-11-24 13:07:38,517] {logging_mixin.py:109} INFO - [2021-11-24 13:07:38,517] {dagbag.py:500} INFO - Filling up the DagBag from /home/dante/DWBI/Apache/py_env/lib/python3.8/site-packages/airflow/example_dags/example_branch_day_of_week_operator.py
[2021-11-24 13:07:38,536] {processor.py:632} INFO - DAG(s) dict_keys(['example_weekday_branch_operator']) retrieved from /home/dante/DWBI/Apache/py_env/lib/python3.8/site-packages/airflow/example_dags/example_branch_day_of_week_operator.py
[2021-11-24 13:07:38,544] {logging_mixin.py:109} INFO - [2021-11-24 13:07:38,544] {dag.py:2389} INFO - Sync 1 DAGs
[2021-11-24 13:07:38,554] {logging_mixin.py:109} INFO - [2021-11-24 13:07:38,554] {dag.py:2921} INFO - Setting next_dagrun for example_weekday_branch_operator to 2021-11-23 00:00:00+00:00
[2021-11-24 13:07:38,561] {processor.py:171} INFO - Processing /home/dante/DWBI/Apache/py_env/lib/python3.8/site-packages/airflow/example_dags/example_branch_day_of_week_operator.py took 0.053 seconds
[2021-11-24 13:08:16,982] {processor.py:163} INFO - Started process (PID=43518) to work on /home/dante/DWBI/Apache/py_env/lib/python3.8/site-packages/airflow/example_dags/example_branch_day_of_week_operator.py
[2021-11-24 13:08:16,991] {processor.py:620} INFO - Processing file /home/dante/DWBI/Apache/py_env/lib/python3.8/site-packages/airflow/example_dags/example_branch_day_of_week_operator.py for tasks to queue
[2021-11-24 13:08:16,992] {logging_mixin.py:109} INFO - [2021-11-24 13:08:16,991] {dagbag.py:500} INFO - Filling up the DagBag from /home/dante/DWBI/Apache/py_env/lib/python3.8/site-packages/airflow/example_dags/example_branch_day_of_week_operator.py
[2021-11-24 13:08:17,007] {processor.py:632} INFO - DAG(s) dict_keys(['example_weekday_branch_operator']) retrieved from /home/dante/DWBI/Apache/py_env/lib/python3.8/site-packages/airflow/example_dags/example_branch_day_of_week_operator.py
[2021-11-24 13:08:17,014] {logging_mixin.py:109} INFO - [2021-11-24 13:08:17,014] {dag.py:2389} INFO - Sync 1 DAGs
[2021-11-24 13:08:17,024] {logging_mixin.py:109} INFO - [2021-11-24 13:08:17,024] {dag.py:2921} INFO - Setting next_dagrun for example_weekday_branch_operator to 2021-11-23 00:00:00+00:00
[2021-11-24 13:08:17,053] {processor.py:171} INFO - Processing /home/dante/DWBI/Apache/py_env/lib/python3.8/site-packages/airflow/example_dags/example_branch_day_of_week_operator.py took 0.073 seconds
[2021-11-24 13:09:01,002] {processor.py:163} INFO - Started process (PID=43587) to work on /home/dante/DWBI/Apache/py_env/lib/python3.8/site-packages/airflow/example_dags/example_branch_day_of_week_operator.py
[2021-11-24 13:09:01,014] {processor.py:620} INFO - Processing file /home/dante/DWBI/Apache/py_env/lib/python3.8/site-packages/airflow/example_dags/example_branch_day_of_week_operator.py for tasks to queue
[2021-11-24 13:09:01,016] {logging_mixin.py:109} INFO - [2021-11-24 13:09:01,015] {dagbag.py:500} INFO - Filling up the DagBag from /home/dante/DWBI/Apache/py_env/lib/python3.8/site-packages/airflow/example_dags/example_branch_day_of_week_operator.py
[2021-11-24 13:09:01,048] {processor.py:632} INFO - DAG(s) dict_keys(['example_weekday_branch_operator']) retrieved from /home/dante/DWBI/Apache/py_env/lib/python3.8/site-packages/airflow/example_dags/example_branch_day_of_week_operator.py
[2021-11-24 13:09:01,055] {logging_mixin.py:109} INFO - [2021-11-24 13:09:01,055] {dag.py:2389} INFO - Sync 1 DAGs
[2021-11-24 13:09:01,066] {logging_mixin.py:109} INFO - [2021-11-24 13:09:01,066] {dag.py:2921} INFO - Setting next_dagrun for example_weekday_branch_operator to 2021-11-23 00:00:00+00:00
[2021-11-24 13:09:01,098] {processor.py:171} INFO - Processing /home/dante/DWBI/Apache/py_env/lib/python3.8/site-packages/airflow/example_dags/example_branch_day_of_week_operator.py took 0.103 seconds
[2021-11-24 13:09:41,018] {processor.py:163} INFO - Started process (PID=43721) to work on /home/dante/DWBI/Apache/py_env/lib/python3.8/site-packages/airflow/example_dags/example_branch_day_of_week_operator.py
[2021-11-24 13:09:41,029] {processor.py:620} INFO - Processing file /home/dante/DWBI/Apache/py_env/lib/python3.8/site-packages/airflow/example_dags/example_branch_day_of_week_operator.py for tasks to queue
[2021-11-24 13:09:41,030] {logging_mixin.py:109} INFO - [2021-11-24 13:09:41,030] {dagbag.py:500} INFO - Filling up the DagBag from /home/dante/DWBI/Apache/py_env/lib/python3.8/site-packages/airflow/example_dags/example_branch_day_of_week_operator.py
[2021-11-24 13:09:41,073] {processor.py:632} INFO - DAG(s) dict_keys(['example_weekday_branch_operator']) retrieved from /home/dante/DWBI/Apache/py_env/lib/python3.8/site-packages/airflow/example_dags/example_branch_day_of_week_operator.py
[2021-11-24 13:09:41,095] {logging_mixin.py:109} INFO - [2021-11-24 13:09:41,095] {dag.py:2389} INFO - Sync 1 DAGs
[2021-11-24 13:09:41,128] {logging_mixin.py:109} INFO - [2021-11-24 13:09:41,127] {dag.py:2921} INFO - Setting next_dagrun for example_weekday_branch_operator to 2021-11-23 00:00:00+00:00
[2021-11-24 13:09:41,155] {processor.py:171} INFO - Processing /home/dante/DWBI/Apache/py_env/lib/python3.8/site-packages/airflow/example_dags/example_branch_day_of_week_operator.py took 0.142 seconds
[2021-11-24 13:10:26,122] {processor.py:163} INFO - Started process (PID=43966) to work on /home/dante/DWBI/Apache/py_env/lib/python3.8/site-packages/airflow/example_dags/example_branch_day_of_week_operator.py
[2021-11-24 13:10:26,126] {processor.py:620} INFO - Processing file /home/dante/DWBI/Apache/py_env/lib/python3.8/site-packages/airflow/example_dags/example_branch_day_of_week_operator.py for tasks to queue
[2021-11-24 13:10:26,127] {logging_mixin.py:109} INFO - [2021-11-24 13:10:26,127] {dagbag.py:500} INFO - Filling up the DagBag from /home/dante/DWBI/Apache/py_env/lib/python3.8/site-packages/airflow/example_dags/example_branch_day_of_week_operator.py
[2021-11-24 13:10:26,145] {processor.py:632} INFO - DAG(s) dict_keys(['example_weekday_branch_operator']) retrieved from /home/dante/DWBI/Apache/py_env/lib/python3.8/site-packages/airflow/example_dags/example_branch_day_of_week_operator.py
[2021-11-24 13:10:26,152] {logging_mixin.py:109} INFO - [2021-11-24 13:10:26,152] {dag.py:2389} INFO - Sync 1 DAGs
[2021-11-24 13:10:26,162] {logging_mixin.py:109} INFO - [2021-11-24 13:10:26,162] {dag.py:2921} INFO - Setting next_dagrun for example_weekday_branch_operator to 2021-11-23 00:00:00+00:00
[2021-11-24 13:10:26,171] {processor.py:171} INFO - Processing /home/dante/DWBI/Apache/py_env/lib/python3.8/site-packages/airflow/example_dags/example_branch_day_of_week_operator.py took 0.055 seconds
[2021-11-24 13:11:06,158] {processor.py:163} INFO - Started process (PID=44129) to work on /home/dante/DWBI/Apache/py_env/lib/python3.8/site-packages/airflow/example_dags/example_branch_day_of_week_operator.py
[2021-11-24 13:11:06,167] {processor.py:620} INFO - Processing file /home/dante/DWBI/Apache/py_env/lib/python3.8/site-packages/airflow/example_dags/example_branch_day_of_week_operator.py for tasks to queue
[2021-11-24 13:11:06,167] {logging_mixin.py:109} INFO - [2021-11-24 13:11:06,167] {dagbag.py:500} INFO - Filling up the DagBag from /home/dante/DWBI/Apache/py_env/lib/python3.8/site-packages/airflow/example_dags/example_branch_day_of_week_operator.py
[2021-11-24 13:11:06,182] {processor.py:632} INFO - DAG(s) dict_keys(['example_weekday_branch_operator']) retrieved from /home/dante/DWBI/Apache/py_env/lib/python3.8/site-packages/airflow/example_dags/example_branch_day_of_week_operator.py
[2021-11-24 13:11:06,188] {logging_mixin.py:109} INFO - [2021-11-24 13:11:06,188] {dag.py:2389} INFO - Sync 1 DAGs
[2021-11-24 13:11:06,198] {logging_mixin.py:109} INFO - [2021-11-24 13:11:06,198] {dag.py:2921} INFO - Setting next_dagrun for example_weekday_branch_operator to 2021-11-23 00:00:00+00:00
[2021-11-24 13:11:06,218] {processor.py:171} INFO - Processing /home/dante/DWBI/Apache/py_env/lib/python3.8/site-packages/airflow/example_dags/example_branch_day_of_week_operator.py took 0.062 seconds
[2021-11-24 13:11:44,550] {processor.py:163} INFO - Started process (PID=44245) to work on /home/dante/DWBI/Apache/py_env/lib/python3.8/site-packages/airflow/example_dags/example_branch_day_of_week_operator.py
[2021-11-24 13:11:44,555] {processor.py:620} INFO - Processing file /home/dante/DWBI/Apache/py_env/lib/python3.8/site-packages/airflow/example_dags/example_branch_day_of_week_operator.py for tasks to queue
[2021-11-24 13:11:44,556] {logging_mixin.py:109} INFO - [2021-11-24 13:11:44,556] {dagbag.py:500} INFO - Filling up the DagBag from /home/dante/DWBI/Apache/py_env/lib/python3.8/site-packages/airflow/example_dags/example_branch_day_of_week_operator.py
[2021-11-24 13:11:44,585] {processor.py:632} INFO - DAG(s) dict_keys(['example_weekday_branch_operator']) retrieved from /home/dante/DWBI/Apache/py_env/lib/python3.8/site-packages/airflow/example_dags/example_branch_day_of_week_operator.py
[2021-11-24 13:11:44,592] {logging_mixin.py:109} INFO - [2021-11-24 13:11:44,592] {dag.py:2389} INFO - Sync 1 DAGs
[2021-11-24 13:11:44,602] {logging_mixin.py:109} INFO - [2021-11-24 13:11:44,602] {dag.py:2921} INFO - Setting next_dagrun for example_weekday_branch_operator to 2021-11-23 00:00:00+00:00
[2021-11-24 13:11:44,611] {processor.py:171} INFO - Processing /home/dante/DWBI/Apache/py_env/lib/python3.8/site-packages/airflow/example_dags/example_branch_day_of_week_operator.py took 0.067 seconds
[2021-11-24 13:12:25,569] {processor.py:163} INFO - Started process (PID=44310) to work on /home/dante/DWBI/Apache/py_env/lib/python3.8/site-packages/airflow/example_dags/example_branch_day_of_week_operator.py
[2021-11-24 13:12:25,572] {processor.py:620} INFO - Processing file /home/dante/DWBI/Apache/py_env/lib/python3.8/site-packages/airflow/example_dags/example_branch_day_of_week_operator.py for tasks to queue
[2021-11-24 13:12:25,573] {logging_mixin.py:109} INFO - [2021-11-24 13:12:25,573] {dagbag.py:500} INFO - Filling up the DagBag from /home/dante/DWBI/Apache/py_env/lib/python3.8/site-packages/airflow/example_dags/example_branch_day_of_week_operator.py
[2021-11-24 13:12:25,598] {processor.py:632} INFO - DAG(s) dict_keys(['example_weekday_branch_operator']) retrieved from /home/dante/DWBI/Apache/py_env/lib/python3.8/site-packages/airflow/example_dags/example_branch_day_of_week_operator.py
[2021-11-24 13:12:25,605] {logging_mixin.py:109} INFO - [2021-11-24 13:12:25,605] {dag.py:2389} INFO - Sync 1 DAGs
[2021-11-24 13:12:25,615] {logging_mixin.py:109} INFO - [2021-11-24 13:12:25,615] {dag.py:2921} INFO - Setting next_dagrun for example_weekday_branch_operator to 2021-11-23 00:00:00+00:00
[2021-11-24 13:12:25,622] {processor.py:171} INFO - Processing /home/dante/DWBI/Apache/py_env/lib/python3.8/site-packages/airflow/example_dags/example_branch_day_of_week_operator.py took 0.057 seconds
[2021-11-24 13:13:03,395] {processor.py:163} INFO - Started process (PID=44427) to work on /home/dante/DWBI/Apache/py_env/lib/python3.8/site-packages/airflow/example_dags/example_branch_day_of_week_operator.py
[2021-11-24 13:13:03,398] {processor.py:620} INFO - Processing file /home/dante/DWBI/Apache/py_env/lib/python3.8/site-packages/airflow/example_dags/example_branch_day_of_week_operator.py for tasks to queue
[2021-11-24 13:13:03,400] {logging_mixin.py:109} INFO - [2021-11-24 13:13:03,400] {dagbag.py:500} INFO - Filling up the DagBag from /home/dante/DWBI/Apache/py_env/lib/python3.8/site-packages/airflow/example_dags/example_branch_day_of_week_operator.py
[2021-11-24 13:13:03,431] {processor.py:632} INFO - DAG(s) dict_keys(['example_weekday_branch_operator']) retrieved from /home/dante/DWBI/Apache/py_env/lib/python3.8/site-packages/airflow/example_dags/example_branch_day_of_week_operator.py
[2021-11-24 13:13:03,438] {logging_mixin.py:109} INFO - [2021-11-24 13:13:03,437] {dag.py:2389} INFO - Sync 1 DAGs
[2021-11-24 13:13:03,448] {logging_mixin.py:109} INFO - [2021-11-24 13:13:03,448] {dag.py:2921} INFO - Setting next_dagrun for example_weekday_branch_operator to 2021-11-23 00:00:00+00:00
[2021-11-24 13:13:03,456] {processor.py:171} INFO - Processing /home/dante/DWBI/Apache/py_env/lib/python3.8/site-packages/airflow/example_dags/example_branch_day_of_week_operator.py took 0.067 seconds
[2021-11-24 13:13:44,100] {processor.py:163} INFO - Started process (PID=44527) to work on /home/dante/DWBI/Apache/py_env/lib/python3.8/site-packages/airflow/example_dags/example_branch_day_of_week_operator.py
[2021-11-24 13:13:44,103] {processor.py:620} INFO - Processing file /home/dante/DWBI/Apache/py_env/lib/python3.8/site-packages/airflow/example_dags/example_branch_day_of_week_operator.py for tasks to queue
[2021-11-24 13:13:44,103] {logging_mixin.py:109} INFO - [2021-11-24 13:13:44,103] {dagbag.py:500} INFO - Filling up the DagBag from /home/dante/DWBI/Apache/py_env/lib/python3.8/site-packages/airflow/example_dags/example_branch_day_of_week_operator.py
[2021-11-24 13:13:44,124] {processor.py:632} INFO - DAG(s) dict_keys(['example_weekday_branch_operator']) retrieved from /home/dante/DWBI/Apache/py_env/lib/python3.8/site-packages/airflow/example_dags/example_branch_day_of_week_operator.py
[2021-11-24 13:13:44,131] {logging_mixin.py:109} INFO - [2021-11-24 13:13:44,131] {dag.py:2389} INFO - Sync 1 DAGs
[2021-11-24 13:13:44,143] {logging_mixin.py:109} INFO - [2021-11-24 13:13:44,143] {dag.py:2921} INFO - Setting next_dagrun for example_weekday_branch_operator to 2021-11-23 00:00:00+00:00
[2021-11-24 13:13:44,151] {processor.py:171} INFO - Processing /home/dante/DWBI/Apache/py_env/lib/python3.8/site-packages/airflow/example_dags/example_branch_day_of_week_operator.py took 0.055 seconds
[2021-11-24 13:14:21,742] {processor.py:163} INFO - Started process (PID=44587) to work on /home/dante/DWBI/Apache/py_env/lib/python3.8/site-packages/airflow/example_dags/example_branch_day_of_week_operator.py
[2021-11-24 13:14:21,750] {processor.py:620} INFO - Processing file /home/dante/DWBI/Apache/py_env/lib/python3.8/site-packages/airflow/example_dags/example_branch_day_of_week_operator.py for tasks to queue
[2021-11-24 13:14:21,751] {logging_mixin.py:109} INFO - [2021-11-24 13:14:21,751] {dagbag.py:500} INFO - Filling up the DagBag from /home/dante/DWBI/Apache/py_env/lib/python3.8/site-packages/airflow/example_dags/example_branch_day_of_week_operator.py
[2021-11-24 13:14:21,765] {processor.py:632} INFO - DAG(s) dict_keys(['example_weekday_branch_operator']) retrieved from /home/dante/DWBI/Apache/py_env/lib/python3.8/site-packages/airflow/example_dags/example_branch_day_of_week_operator.py
[2021-11-24 13:14:21,771] {logging_mixin.py:109} INFO - [2021-11-24 13:14:21,771] {dag.py:2389} INFO - Sync 1 DAGs
[2021-11-24 13:14:21,782] {logging_mixin.py:109} INFO - [2021-11-24 13:14:21,782] {dag.py:2921} INFO - Setting next_dagrun for example_weekday_branch_operator to 2021-11-23 00:00:00+00:00
[2021-11-24 13:14:21,791] {processor.py:171} INFO - Processing /home/dante/DWBI/Apache/py_env/lib/python3.8/site-packages/airflow/example_dags/example_branch_day_of_week_operator.py took 0.051 seconds
[2021-11-24 13:15:02,106] {processor.py:163} INFO - Started process (PID=44745) to work on /home/dante/DWBI/Apache/py_env/lib/python3.8/site-packages/airflow/example_dags/example_branch_day_of_week_operator.py
[2021-11-24 13:15:02,116] {processor.py:620} INFO - Processing file /home/dante/DWBI/Apache/py_env/lib/python3.8/site-packages/airflow/example_dags/example_branch_day_of_week_operator.py for tasks to queue
[2021-11-24 13:15:02,116] {logging_mixin.py:109} INFO - [2021-11-24 13:15:02,116] {dagbag.py:500} INFO - Filling up the DagBag from /home/dante/DWBI/Apache/py_env/lib/python3.8/site-packages/airflow/example_dags/example_branch_day_of_week_operator.py
[2021-11-24 13:15:02,133] {processor.py:632} INFO - DAG(s) dict_keys(['example_weekday_branch_operator']) retrieved from /home/dante/DWBI/Apache/py_env/lib/python3.8/site-packages/airflow/example_dags/example_branch_day_of_week_operator.py
[2021-11-24 13:15:02,141] {logging_mixin.py:109} INFO - [2021-11-24 13:15:02,141] {dag.py:2389} INFO - Sync 1 DAGs
[2021-11-24 13:15:02,151] {logging_mixin.py:109} INFO - [2021-11-24 13:15:02,151] {dag.py:2921} INFO - Setting next_dagrun for example_weekday_branch_operator to 2021-11-23 00:00:00+00:00
[2021-11-24 13:15:02,161] {processor.py:171} INFO - Processing /home/dante/DWBI/Apache/py_env/lib/python3.8/site-packages/airflow/example_dags/example_branch_day_of_week_operator.py took 0.057 seconds
[2021-11-24 13:15:41,053] {processor.py:163} INFO - Started process (PID=44822) to work on /home/dante/DWBI/Apache/py_env/lib/python3.8/site-packages/airflow/example_dags/example_branch_day_of_week_operator.py
[2021-11-24 13:15:41,063] {processor.py:620} INFO - Processing file /home/dante/DWBI/Apache/py_env/lib/python3.8/site-packages/airflow/example_dags/example_branch_day_of_week_operator.py for tasks to queue
[2021-11-24 13:15:41,064] {logging_mixin.py:109} INFO - [2021-11-24 13:15:41,064] {dagbag.py:500} INFO - Filling up the DagBag from /home/dante/DWBI/Apache/py_env/lib/python3.8/site-packages/airflow/example_dags/example_branch_day_of_week_operator.py
[2021-11-24 13:15:41,097] {processor.py:632} INFO - DAG(s) dict_keys(['example_weekday_branch_operator']) retrieved from /home/dante/DWBI/Apache/py_env/lib/python3.8/site-packages/airflow/example_dags/example_branch_day_of_week_operator.py
[2021-11-24 13:15:41,110] {logging_mixin.py:109} INFO - [2021-11-24 13:15:41,110] {dag.py:2389} INFO - Sync 1 DAGs
[2021-11-24 13:15:41,128] {logging_mixin.py:109} INFO - [2021-11-24 13:15:41,128] {dag.py:2921} INFO - Setting next_dagrun for example_weekday_branch_operator to 2021-11-23 00:00:00+00:00
[2021-11-24 13:15:41,168] {processor.py:171} INFO - Processing /home/dante/DWBI/Apache/py_env/lib/python3.8/site-packages/airflow/example_dags/example_branch_day_of_week_operator.py took 0.120 seconds
[2021-11-24 13:16:22,522] {processor.py:163} INFO - Started process (PID=45347) to work on /home/dante/DWBI/Apache/py_env/lib/python3.8/site-packages/airflow/example_dags/example_branch_day_of_week_operator.py
[2021-11-24 13:16:22,524] {processor.py:620} INFO - Processing file /home/dante/DWBI/Apache/py_env/lib/python3.8/site-packages/airflow/example_dags/example_branch_day_of_week_operator.py for tasks to queue
[2021-11-24 13:16:22,525] {logging_mixin.py:109} INFO - [2021-11-24 13:16:22,525] {dagbag.py:500} INFO - Filling up the DagBag from /home/dante/DWBI/Apache/py_env/lib/python3.8/site-packages/airflow/example_dags/example_branch_day_of_week_operator.py
[2021-11-24 13:16:22,546] {processor.py:632} INFO - DAG(s) dict_keys(['example_weekday_branch_operator']) retrieved from /home/dante/DWBI/Apache/py_env/lib/python3.8/site-packages/airflow/example_dags/example_branch_day_of_week_operator.py
[2021-11-24 13:16:22,554] {logging_mixin.py:109} INFO - [2021-11-24 13:16:22,554] {dag.py:2389} INFO - Sync 1 DAGs
[2021-11-24 13:16:22,565] {logging_mixin.py:109} INFO - [2021-11-24 13:16:22,565] {dag.py:2921} INFO - Setting next_dagrun for example_weekday_branch_operator to 2021-11-23 00:00:00+00:00
[2021-11-24 13:16:22,572] {processor.py:171} INFO - Processing /home/dante/DWBI/Apache/py_env/lib/python3.8/site-packages/airflow/example_dags/example_branch_day_of_week_operator.py took 0.053 seconds
[2021-11-24 13:17:01,316] {processor.py:163} INFO - Started process (PID=45449) to work on /home/dante/DWBI/Apache/py_env/lib/python3.8/site-packages/airflow/example_dags/example_branch_day_of_week_operator.py
[2021-11-24 13:17:01,317] {processor.py:620} INFO - Processing file /home/dante/DWBI/Apache/py_env/lib/python3.8/site-packages/airflow/example_dags/example_branch_day_of_week_operator.py for tasks to queue
[2021-11-24 13:17:01,318] {logging_mixin.py:109} INFO - [2021-11-24 13:17:01,318] {dagbag.py:500} INFO - Filling up the DagBag from /home/dante/DWBI/Apache/py_env/lib/python3.8/site-packages/airflow/example_dags/example_branch_day_of_week_operator.py
[2021-11-24 13:17:01,338] {processor.py:632} INFO - DAG(s) dict_keys(['example_weekday_branch_operator']) retrieved from /home/dante/DWBI/Apache/py_env/lib/python3.8/site-packages/airflow/example_dags/example_branch_day_of_week_operator.py
[2021-11-24 13:17:01,346] {logging_mixin.py:109} INFO - [2021-11-24 13:17:01,346] {dag.py:2389} INFO - Sync 1 DAGs
[2021-11-24 13:17:01,358] {logging_mixin.py:109} INFO - [2021-11-24 13:17:01,358] {dag.py:2921} INFO - Setting next_dagrun for example_weekday_branch_operator to 2021-11-23 00:00:00+00:00
[2021-11-24 13:17:01,367] {processor.py:171} INFO - Processing /home/dante/DWBI/Apache/py_env/lib/python3.8/site-packages/airflow/example_dags/example_branch_day_of_week_operator.py took 0.053 seconds
[2021-11-24 13:17:43,094] {processor.py:163} INFO - Started process (PID=45578) to work on /home/dante/DWBI/Apache/py_env/lib/python3.8/site-packages/airflow/example_dags/example_branch_day_of_week_operator.py
[2021-11-24 13:17:43,104] {processor.py:620} INFO - Processing file /home/dante/DWBI/Apache/py_env/lib/python3.8/site-packages/airflow/example_dags/example_branch_day_of_week_operator.py for tasks to queue
[2021-11-24 13:17:43,106] {logging_mixin.py:109} INFO - [2021-11-24 13:17:43,105] {dagbag.py:500} INFO - Filling up the DagBag from /home/dante/DWBI/Apache/py_env/lib/python3.8/site-packages/airflow/example_dags/example_branch_day_of_week_operator.py
[2021-11-24 13:17:43,142] {processor.py:632} INFO - DAG(s) dict_keys(['example_weekday_branch_operator']) retrieved from /home/dante/DWBI/Apache/py_env/lib/python3.8/site-packages/airflow/example_dags/example_branch_day_of_week_operator.py
[2021-11-24 13:17:43,149] {logging_mixin.py:109} INFO - [2021-11-24 13:17:43,149] {dag.py:2389} INFO - Sync 1 DAGs
[2021-11-24 13:17:43,159] {logging_mixin.py:109} INFO - [2021-11-24 13:17:43,159] {dag.py:2921} INFO - Setting next_dagrun for example_weekday_branch_operator to 2021-11-23 00:00:00+00:00
[2021-11-24 13:17:43,167] {processor.py:171} INFO - Processing /home/dante/DWBI/Apache/py_env/lib/python3.8/site-packages/airflow/example_dags/example_branch_day_of_week_operator.py took 0.076 seconds
[2021-11-24 13:18:21,838] {processor.py:163} INFO - Started process (PID=45643) to work on /home/dante/DWBI/Apache/py_env/lib/python3.8/site-packages/airflow/example_dags/example_branch_day_of_week_operator.py
[2021-11-24 13:18:21,850] {processor.py:620} INFO - Processing file /home/dante/DWBI/Apache/py_env/lib/python3.8/site-packages/airflow/example_dags/example_branch_day_of_week_operator.py for tasks to queue
[2021-11-24 13:18:21,852] {logging_mixin.py:109} INFO - [2021-11-24 13:18:21,851] {dagbag.py:500} INFO - Filling up the DagBag from /home/dante/DWBI/Apache/py_env/lib/python3.8/site-packages/airflow/example_dags/example_branch_day_of_week_operator.py
[2021-11-24 13:18:21,887] {processor.py:632} INFO - DAG(s) dict_keys(['example_weekday_branch_operator']) retrieved from /home/dante/DWBI/Apache/py_env/lib/python3.8/site-packages/airflow/example_dags/example_branch_day_of_week_operator.py
[2021-11-24 13:18:21,895] {logging_mixin.py:109} INFO - [2021-11-24 13:18:21,894] {dag.py:2389} INFO - Sync 1 DAGs
[2021-11-24 13:18:21,905] {logging_mixin.py:109} INFO - [2021-11-24 13:18:21,905] {dag.py:2921} INFO - Setting next_dagrun for example_weekday_branch_operator to 2021-11-23 00:00:00+00:00
[2021-11-24 13:18:21,917] {processor.py:171} INFO - Processing /home/dante/DWBI/Apache/py_env/lib/python3.8/site-packages/airflow/example_dags/example_branch_day_of_week_operator.py took 0.081 seconds
[2021-11-24 13:19:01,581] {processor.py:163} INFO - Started process (PID=45715) to work on /home/dante/DWBI/Apache/py_env/lib/python3.8/site-packages/airflow/example_dags/example_branch_day_of_week_operator.py
[2021-11-24 13:19:01,590] {processor.py:620} INFO - Processing file /home/dante/DWBI/Apache/py_env/lib/python3.8/site-packages/airflow/example_dags/example_branch_day_of_week_operator.py for tasks to queue
[2021-11-24 13:19:01,591] {logging_mixin.py:109} INFO - [2021-11-24 13:19:01,591] {dagbag.py:500} INFO - Filling up the DagBag from /home/dante/DWBI/Apache/py_env/lib/python3.8/site-packages/airflow/example_dags/example_branch_day_of_week_operator.py
[2021-11-24 13:19:01,606] {processor.py:632} INFO - DAG(s) dict_keys(['example_weekday_branch_operator']) retrieved from /home/dante/DWBI/Apache/py_env/lib/python3.8/site-packages/airflow/example_dags/example_branch_day_of_week_operator.py
[2021-11-24 13:19:01,614] {logging_mixin.py:109} INFO - [2021-11-24 13:19:01,614] {dag.py:2389} INFO - Sync 1 DAGs
[2021-11-24 13:19:01,624] {logging_mixin.py:109} INFO - [2021-11-24 13:19:01,623] {dag.py:2921} INFO - Setting next_dagrun for example_weekday_branch_operator to 2021-11-23 00:00:00+00:00
[2021-11-24 13:19:01,631] {processor.py:171} INFO - Processing /home/dante/DWBI/Apache/py_env/lib/python3.8/site-packages/airflow/example_dags/example_branch_day_of_week_operator.py took 0.052 seconds
[2021-11-24 13:19:40,490] {processor.py:163} INFO - Started process (PID=45767) to work on /home/dante/DWBI/Apache/py_env/lib/python3.8/site-packages/airflow/example_dags/example_branch_day_of_week_operator.py
[2021-11-24 13:19:40,499] {processor.py:620} INFO - Processing file /home/dante/DWBI/Apache/py_env/lib/python3.8/site-packages/airflow/example_dags/example_branch_day_of_week_operator.py for tasks to queue
[2021-11-24 13:19:40,499] {logging_mixin.py:109} INFO - [2021-11-24 13:19:40,499] {dagbag.py:500} INFO - Filling up the DagBag from /home/dante/DWBI/Apache/py_env/lib/python3.8/site-packages/airflow/example_dags/example_branch_day_of_week_operator.py
[2021-11-24 13:19:40,522] {processor.py:632} INFO - DAG(s) dict_keys(['example_weekday_branch_operator']) retrieved from /home/dante/DWBI/Apache/py_env/lib/python3.8/site-packages/airflow/example_dags/example_branch_day_of_week_operator.py
[2021-11-24 13:19:40,530] {logging_mixin.py:109} INFO - [2021-11-24 13:19:40,530] {dag.py:2389} INFO - Sync 1 DAGs
[2021-11-24 13:19:40,540] {logging_mixin.py:109} INFO - [2021-11-24 13:19:40,540] {dag.py:2921} INFO - Setting next_dagrun for example_weekday_branch_operator to 2021-11-23 00:00:00+00:00
[2021-11-24 13:19:40,547] {processor.py:171} INFO - Processing /home/dante/DWBI/Apache/py_env/lib/python3.8/site-packages/airflow/example_dags/example_branch_day_of_week_operator.py took 0.060 seconds
[2021-11-24 13:20:23,576] {processor.py:163} INFO - Started process (PID=45826) to work on /home/dante/DWBI/Apache/py_env/lib/python3.8/site-packages/airflow/example_dags/example_branch_day_of_week_operator.py
[2021-11-24 13:20:23,578] {processor.py:620} INFO - Processing file /home/dante/DWBI/Apache/py_env/lib/python3.8/site-packages/airflow/example_dags/example_branch_day_of_week_operator.py for tasks to queue
[2021-11-24 13:20:23,579] {logging_mixin.py:109} INFO - [2021-11-24 13:20:23,579] {dagbag.py:500} INFO - Filling up the DagBag from /home/dante/DWBI/Apache/py_env/lib/python3.8/site-packages/airflow/example_dags/example_branch_day_of_week_operator.py
[2021-11-24 13:20:23,597] {processor.py:632} INFO - DAG(s) dict_keys(['example_weekday_branch_operator']) retrieved from /home/dante/DWBI/Apache/py_env/lib/python3.8/site-packages/airflow/example_dags/example_branch_day_of_week_operator.py
[2021-11-24 13:20:23,605] {logging_mixin.py:109} INFO - [2021-11-24 13:20:23,605] {dag.py:2389} INFO - Sync 1 DAGs
[2021-11-24 13:20:23,615] {logging_mixin.py:109} INFO - [2021-11-24 13:20:23,615] {dag.py:2921} INFO - Setting next_dagrun for example_weekday_branch_operator to 2021-11-23 00:00:00+00:00
[2021-11-24 13:20:23,623] {processor.py:171} INFO - Processing /home/dante/DWBI/Apache/py_env/lib/python3.8/site-packages/airflow/example_dags/example_branch_day_of_week_operator.py took 0.049 seconds
[2021-11-24 13:21:00,386] {processor.py:163} INFO - Started process (PID=45882) to work on /home/dante/DWBI/Apache/py_env/lib/python3.8/site-packages/airflow/example_dags/example_branch_day_of_week_operator.py
[2021-11-24 13:21:00,396] {processor.py:620} INFO - Processing file /home/dante/DWBI/Apache/py_env/lib/python3.8/site-packages/airflow/example_dags/example_branch_day_of_week_operator.py for tasks to queue
[2021-11-24 13:21:00,398] {logging_mixin.py:109} INFO - [2021-11-24 13:21:00,397] {dagbag.py:500} INFO - Filling up the DagBag from /home/dante/DWBI/Apache/py_env/lib/python3.8/site-packages/airflow/example_dags/example_branch_day_of_week_operator.py
[2021-11-24 13:21:00,433] {processor.py:632} INFO - DAG(s) dict_keys(['example_weekday_branch_operator']) retrieved from /home/dante/DWBI/Apache/py_env/lib/python3.8/site-packages/airflow/example_dags/example_branch_day_of_week_operator.py
[2021-11-24 13:21:00,440] {logging_mixin.py:109} INFO - [2021-11-24 13:21:00,440] {dag.py:2389} INFO - Sync 1 DAGs
[2021-11-24 13:21:00,450] {logging_mixin.py:109} INFO - [2021-11-24 13:21:00,450] {dag.py:2921} INFO - Setting next_dagrun for example_weekday_branch_operator to 2021-11-23 00:00:00+00:00
[2021-11-24 13:21:00,480] {processor.py:171} INFO - Processing /home/dante/DWBI/Apache/py_env/lib/python3.8/site-packages/airflow/example_dags/example_branch_day_of_week_operator.py took 0.096 seconds
[2021-11-24 13:21:38,564] {processor.py:163} INFO - Started process (PID=45970) to work on /home/dante/DWBI/Apache/py_env/lib/python3.8/site-packages/airflow/example_dags/example_branch_day_of_week_operator.py
[2021-11-24 13:21:38,575] {processor.py:620} INFO - Processing file /home/dante/DWBI/Apache/py_env/lib/python3.8/site-packages/airflow/example_dags/example_branch_day_of_week_operator.py for tasks to queue
[2021-11-24 13:21:38,576] {logging_mixin.py:109} INFO - [2021-11-24 13:21:38,576] {dagbag.py:500} INFO - Filling up the DagBag from /home/dante/DWBI/Apache/py_env/lib/python3.8/site-packages/airflow/example_dags/example_branch_day_of_week_operator.py
[2021-11-24 13:21:38,597] {processor.py:632} INFO - DAG(s) dict_keys(['example_weekday_branch_operator']) retrieved from /home/dante/DWBI/Apache/py_env/lib/python3.8/site-packages/airflow/example_dags/example_branch_day_of_week_operator.py
[2021-11-24 13:21:38,608] {logging_mixin.py:109} INFO - [2021-11-24 13:21:38,607] {dag.py:2389} INFO - Sync 1 DAGs
[2021-11-24 13:21:38,620] {logging_mixin.py:109} INFO - [2021-11-24 13:21:38,620] {dag.py:2921} INFO - Setting next_dagrun for example_weekday_branch_operator to 2021-11-23 00:00:00+00:00
[2021-11-24 13:21:38,639] {processor.py:171} INFO - Processing /home/dante/DWBI/Apache/py_env/lib/python3.8/site-packages/airflow/example_dags/example_branch_day_of_week_operator.py took 0.081 seconds
[2021-11-24 13:22:18,244] {processor.py:163} INFO - Started process (PID=46053) to work on /home/dante/DWBI/Apache/py_env/lib/python3.8/site-packages/airflow/example_dags/example_branch_day_of_week_operator.py
[2021-11-24 13:22:18,246] {processor.py:620} INFO - Processing file /home/dante/DWBI/Apache/py_env/lib/python3.8/site-packages/airflow/example_dags/example_branch_day_of_week_operator.py for tasks to queue
[2021-11-24 13:22:18,247] {logging_mixin.py:109} INFO - [2021-11-24 13:22:18,247] {dagbag.py:500} INFO - Filling up the DagBag from /home/dante/DWBI/Apache/py_env/lib/python3.8/site-packages/airflow/example_dags/example_branch_day_of_week_operator.py
[2021-11-24 13:22:18,264] {processor.py:632} INFO - DAG(s) dict_keys(['example_weekday_branch_operator']) retrieved from /home/dante/DWBI/Apache/py_env/lib/python3.8/site-packages/airflow/example_dags/example_branch_day_of_week_operator.py
[2021-11-24 13:22:18,271] {logging_mixin.py:109} INFO - [2021-11-24 13:22:18,271] {dag.py:2389} INFO - Sync 1 DAGs
[2021-11-24 13:22:18,281] {logging_mixin.py:109} INFO - [2021-11-24 13:22:18,281] {dag.py:2921} INFO - Setting next_dagrun for example_weekday_branch_operator to 2021-11-23 00:00:00+00:00
[2021-11-24 13:22:18,289] {processor.py:171} INFO - Processing /home/dante/DWBI/Apache/py_env/lib/python3.8/site-packages/airflow/example_dags/example_branch_day_of_week_operator.py took 0.046 seconds
[2021-11-24 13:22:59,024] {processor.py:163} INFO - Started process (PID=46431) to work on /home/dante/DWBI/Apache/py_env/lib/python3.8/site-packages/airflow/example_dags/example_branch_day_of_week_operator.py
[2021-11-24 13:22:59,031] {processor.py:620} INFO - Processing file /home/dante/DWBI/Apache/py_env/lib/python3.8/site-packages/airflow/example_dags/example_branch_day_of_week_operator.py for tasks to queue
[2021-11-24 13:22:59,032] {logging_mixin.py:109} INFO - [2021-11-24 13:22:59,032] {dagbag.py:500} INFO - Filling up the DagBag from /home/dante/DWBI/Apache/py_env/lib/python3.8/site-packages/airflow/example_dags/example_branch_day_of_week_operator.py
[2021-11-24 13:22:59,061] {processor.py:632} INFO - DAG(s) dict_keys(['example_weekday_branch_operator']) retrieved from /home/dante/DWBI/Apache/py_env/lib/python3.8/site-packages/airflow/example_dags/example_branch_day_of_week_operator.py
[2021-11-24 13:22:59,067] {logging_mixin.py:109} INFO - [2021-11-24 13:22:59,067] {dag.py:2389} INFO - Sync 1 DAGs
[2021-11-24 13:22:59,077] {logging_mixin.py:109} INFO - [2021-11-24 13:22:59,077] {dag.py:2921} INFO - Setting next_dagrun for example_weekday_branch_operator to 2021-11-23 00:00:00+00:00
[2021-11-24 13:22:59,084] {processor.py:171} INFO - Processing /home/dante/DWBI/Apache/py_env/lib/python3.8/site-packages/airflow/example_dags/example_branch_day_of_week_operator.py took 0.065 seconds
[2021-11-24 13:23:39,103] {processor.py:163} INFO - Started process (PID=46499) to work on /home/dante/DWBI/Apache/py_env/lib/python3.8/site-packages/airflow/example_dags/example_branch_day_of_week_operator.py
[2021-11-24 13:23:39,105] {processor.py:620} INFO - Processing file /home/dante/DWBI/Apache/py_env/lib/python3.8/site-packages/airflow/example_dags/example_branch_day_of_week_operator.py for tasks to queue
[2021-11-24 13:23:39,106] {logging_mixin.py:109} INFO - [2021-11-24 13:23:39,106] {dagbag.py:500} INFO - Filling up the DagBag from /home/dante/DWBI/Apache/py_env/lib/python3.8/site-packages/airflow/example_dags/example_branch_day_of_week_operator.py
[2021-11-24 13:23:39,121] {processor.py:632} INFO - DAG(s) dict_keys(['example_weekday_branch_operator']) retrieved from /home/dante/DWBI/Apache/py_env/lib/python3.8/site-packages/airflow/example_dags/example_branch_day_of_week_operator.py
[2021-11-24 13:23:39,127] {logging_mixin.py:109} INFO - [2021-11-24 13:23:39,127] {dag.py:2389} INFO - Sync 1 DAGs
[2021-11-24 13:23:39,139] {logging_mixin.py:109} INFO - [2021-11-24 13:23:39,139] {dag.py:2921} INFO - Setting next_dagrun for example_weekday_branch_operator to 2021-11-23 00:00:00+00:00
[2021-11-24 13:23:39,147] {processor.py:171} INFO - Processing /home/dante/DWBI/Apache/py_env/lib/python3.8/site-packages/airflow/example_dags/example_branch_day_of_week_operator.py took 0.046 seconds
[2021-11-24 13:24:16,683] {processor.py:163} INFO - Started process (PID=46568) to work on /home/dante/DWBI/Apache/py_env/lib/python3.8/site-packages/airflow/example_dags/example_branch_day_of_week_operator.py
[2021-11-24 13:24:16,693] {processor.py:620} INFO - Processing file /home/dante/DWBI/Apache/py_env/lib/python3.8/site-packages/airflow/example_dags/example_branch_day_of_week_operator.py for tasks to queue
[2021-11-24 13:24:16,694] {logging_mixin.py:109} INFO - [2021-11-24 13:24:16,694] {dagbag.py:500} INFO - Filling up the DagBag from /home/dante/DWBI/Apache/py_env/lib/python3.8/site-packages/airflow/example_dags/example_branch_day_of_week_operator.py
[2021-11-24 13:24:16,711] {processor.py:632} INFO - DAG(s) dict_keys(['example_weekday_branch_operator']) retrieved from /home/dante/DWBI/Apache/py_env/lib/python3.8/site-packages/airflow/example_dags/example_branch_day_of_week_operator.py
[2021-11-24 13:24:16,719] {logging_mixin.py:109} INFO - [2021-11-24 13:24:16,719] {dag.py:2389} INFO - Sync 1 DAGs
[2021-11-24 13:24:16,729] {logging_mixin.py:109} INFO - [2021-11-24 13:24:16,729] {dag.py:2921} INFO - Setting next_dagrun for example_weekday_branch_operator to 2021-11-23 00:00:00+00:00
[2021-11-24 13:24:16,746] {processor.py:171} INFO - Processing /home/dante/DWBI/Apache/py_env/lib/python3.8/site-packages/airflow/example_dags/example_branch_day_of_week_operator.py took 0.065 seconds
[2021-11-24 13:24:58,964] {processor.py:163} INFO - Started process (PID=46747) to work on /home/dante/DWBI/Apache/py_env/lib/python3.8/site-packages/airflow/example_dags/example_branch_day_of_week_operator.py
[2021-11-24 13:24:58,974] {processor.py:620} INFO - Processing file /home/dante/DWBI/Apache/py_env/lib/python3.8/site-packages/airflow/example_dags/example_branch_day_of_week_operator.py for tasks to queue
[2021-11-24 13:24:58,975] {logging_mixin.py:109} INFO - [2021-11-24 13:24:58,975] {dagbag.py:500} INFO - Filling up the DagBag from /home/dante/DWBI/Apache/py_env/lib/python3.8/site-packages/airflow/example_dags/example_branch_day_of_week_operator.py
[2021-11-24 13:24:59,015] {processor.py:632} INFO - DAG(s) dict_keys(['example_weekday_branch_operator']) retrieved from /home/dante/DWBI/Apache/py_env/lib/python3.8/site-packages/airflow/example_dags/example_branch_day_of_week_operator.py
[2021-11-24 13:24:59,030] {logging_mixin.py:109} INFO - [2021-11-24 13:24:59,030] {dag.py:2389} INFO - Sync 1 DAGs
[2021-11-24 13:24:59,052] {logging_mixin.py:109} INFO - [2021-11-24 13:24:59,052] {dag.py:2921} INFO - Setting next_dagrun for example_weekday_branch_operator to 2021-11-23 00:00:00+00:00
[2021-11-24 13:24:59,073] {processor.py:171} INFO - Processing /home/dante/DWBI/Apache/py_env/lib/python3.8/site-packages/airflow/example_dags/example_branch_day_of_week_operator.py took 0.111 seconds
[2021-11-24 13:25:36,385] {processor.py:163} INFO - Started process (PID=46824) to work on /home/dante/DWBI/Apache/py_env/lib/python3.8/site-packages/airflow/example_dags/example_branch_day_of_week_operator.py
[2021-11-24 13:25:36,396] {processor.py:620} INFO - Processing file /home/dante/DWBI/Apache/py_env/lib/python3.8/site-packages/airflow/example_dags/example_branch_day_of_week_operator.py for tasks to queue
[2021-11-24 13:25:36,398] {logging_mixin.py:109} INFO - [2021-11-24 13:25:36,397] {dagbag.py:500} INFO - Filling up the DagBag from /home/dante/DWBI/Apache/py_env/lib/python3.8/site-packages/airflow/example_dags/example_branch_day_of_week_operator.py
[2021-11-24 13:25:36,426] {processor.py:632} INFO - DAG(s) dict_keys(['example_weekday_branch_operator']) retrieved from /home/dante/DWBI/Apache/py_env/lib/python3.8/site-packages/airflow/example_dags/example_branch_day_of_week_operator.py
[2021-11-24 13:25:36,433] {logging_mixin.py:109} INFO - [2021-11-24 13:25:36,433] {dag.py:2389} INFO - Sync 1 DAGs
[2021-11-24 13:25:36,443] {logging_mixin.py:109} INFO - [2021-11-24 13:25:36,443] {dag.py:2921} INFO - Setting next_dagrun for example_weekday_branch_operator to 2021-11-23 00:00:00+00:00
[2021-11-24 13:25:36,451] {processor.py:171} INFO - Processing /home/dante/DWBI/Apache/py_env/lib/python3.8/site-packages/airflow/example_dags/example_branch_day_of_week_operator.py took 0.073 seconds
[2021-11-24 13:26:18,792] {processor.py:163} INFO - Started process (PID=46912) to work on /home/dante/DWBI/Apache/py_env/lib/python3.8/site-packages/airflow/example_dags/example_branch_day_of_week_operator.py
[2021-11-24 13:26:18,803] {processor.py:620} INFO - Processing file /home/dante/DWBI/Apache/py_env/lib/python3.8/site-packages/airflow/example_dags/example_branch_day_of_week_operator.py for tasks to queue
[2021-11-24 13:26:18,804] {logging_mixin.py:109} INFO - [2021-11-24 13:26:18,804] {dagbag.py:500} INFO - Filling up the DagBag from /home/dante/DWBI/Apache/py_env/lib/python3.8/site-packages/airflow/example_dags/example_branch_day_of_week_operator.py
[2021-11-24 13:26:18,840] {processor.py:632} INFO - DAG(s) dict_keys(['example_weekday_branch_operator']) retrieved from /home/dante/DWBI/Apache/py_env/lib/python3.8/site-packages/airflow/example_dags/example_branch_day_of_week_operator.py
[2021-11-24 13:26:18,848] {logging_mixin.py:109} INFO - [2021-11-24 13:26:18,847] {dag.py:2389} INFO - Sync 1 DAGs
[2021-11-24 13:26:18,858] {logging_mixin.py:109} INFO - [2021-11-24 13:26:18,858] {dag.py:2921} INFO - Setting next_dagrun for example_weekday_branch_operator to 2021-11-23 00:00:00+00:00
[2021-11-24 13:26:18,865] {processor.py:171} INFO - Processing /home/dante/DWBI/Apache/py_env/lib/python3.8/site-packages/airflow/example_dags/example_branch_day_of_week_operator.py took 0.075 seconds
[2021-11-24 13:26:56,678] {processor.py:163} INFO - Started process (PID=47048) to work on /home/dante/DWBI/Apache/py_env/lib/python3.8/site-packages/airflow/example_dags/example_branch_day_of_week_operator.py
[2021-11-24 13:26:56,687] {processor.py:620} INFO - Processing file /home/dante/DWBI/Apache/py_env/lib/python3.8/site-packages/airflow/example_dags/example_branch_day_of_week_operator.py for tasks to queue
[2021-11-24 13:26:56,687] {logging_mixin.py:109} INFO - [2021-11-24 13:26:56,687] {dagbag.py:500} INFO - Filling up the DagBag from /home/dante/DWBI/Apache/py_env/lib/python3.8/site-packages/airflow/example_dags/example_branch_day_of_week_operator.py
[2021-11-24 13:26:56,701] {processor.py:632} INFO - DAG(s) dict_keys(['example_weekday_branch_operator']) retrieved from /home/dante/DWBI/Apache/py_env/lib/python3.8/site-packages/airflow/example_dags/example_branch_day_of_week_operator.py
[2021-11-24 13:26:56,708] {logging_mixin.py:109} INFO - [2021-11-24 13:26:56,708] {dag.py:2389} INFO - Sync 1 DAGs
[2021-11-24 13:26:56,718] {logging_mixin.py:109} INFO - [2021-11-24 13:26:56,718] {dag.py:2921} INFO - Setting next_dagrun for example_weekday_branch_operator to 2021-11-23 00:00:00+00:00
[2021-11-24 13:26:56,727] {processor.py:171} INFO - Processing /home/dante/DWBI/Apache/py_env/lib/python3.8/site-packages/airflow/example_dags/example_branch_day_of_week_operator.py took 0.051 seconds
[2021-11-24 13:27:36,779] {processor.py:163} INFO - Started process (PID=47105) to work on /home/dante/DWBI/Apache/py_env/lib/python3.8/site-packages/airflow/example_dags/example_branch_day_of_week_operator.py
[2021-11-24 13:27:36,790] {processor.py:620} INFO - Processing file /home/dante/DWBI/Apache/py_env/lib/python3.8/site-packages/airflow/example_dags/example_branch_day_of_week_operator.py for tasks to queue
[2021-11-24 13:27:36,792] {logging_mixin.py:109} INFO - [2021-11-24 13:27:36,791] {dagbag.py:500} INFO - Filling up the DagBag from /home/dante/DWBI/Apache/py_env/lib/python3.8/site-packages/airflow/example_dags/example_branch_day_of_week_operator.py
[2021-11-24 13:27:36,827] {processor.py:632} INFO - DAG(s) dict_keys(['example_weekday_branch_operator']) retrieved from /home/dante/DWBI/Apache/py_env/lib/python3.8/site-packages/airflow/example_dags/example_branch_day_of_week_operator.py
[2021-11-24 13:27:36,834] {logging_mixin.py:109} INFO - [2021-11-24 13:27:36,834] {dag.py:2389} INFO - Sync 1 DAGs
[2021-11-24 13:27:36,845] {logging_mixin.py:109} INFO - [2021-11-24 13:27:36,845] {dag.py:2921} INFO - Setting next_dagrun for example_weekday_branch_operator to 2021-11-23 00:00:00+00:00
[2021-11-24 13:27:36,854] {processor.py:171} INFO - Processing /home/dante/DWBI/Apache/py_env/lib/python3.8/site-packages/airflow/example_dags/example_branch_day_of_week_operator.py took 0.078 seconds
[2021-11-24 13:28:15,252] {processor.py:163} INFO - Started process (PID=47275) to work on /home/dante/DWBI/Apache/py_env/lib/python3.8/site-packages/airflow/example_dags/example_branch_day_of_week_operator.py
[2021-11-24 13:28:15,263] {processor.py:620} INFO - Processing file /home/dante/DWBI/Apache/py_env/lib/python3.8/site-packages/airflow/example_dags/example_branch_day_of_week_operator.py for tasks to queue
[2021-11-24 13:28:15,264] {logging_mixin.py:109} INFO - [2021-11-24 13:28:15,264] {dagbag.py:500} INFO - Filling up the DagBag from /home/dante/DWBI/Apache/py_env/lib/python3.8/site-packages/airflow/example_dags/example_branch_day_of_week_operator.py
[2021-11-24 13:28:15,298] {processor.py:632} INFO - DAG(s) dict_keys(['example_weekday_branch_operator']) retrieved from /home/dante/DWBI/Apache/py_env/lib/python3.8/site-packages/airflow/example_dags/example_branch_day_of_week_operator.py
[2021-11-24 13:28:15,306] {logging_mixin.py:109} INFO - [2021-11-24 13:28:15,305] {dag.py:2389} INFO - Sync 1 DAGs
[2021-11-24 13:28:15,316] {logging_mixin.py:109} INFO - [2021-11-24 13:28:15,315] {dag.py:2921} INFO - Setting next_dagrun for example_weekday_branch_operator to 2021-11-23 00:00:00+00:00
[2021-11-24 13:28:15,325] {processor.py:171} INFO - Processing /home/dante/DWBI/Apache/py_env/lib/python3.8/site-packages/airflow/example_dags/example_branch_day_of_week_operator.py took 0.079 seconds
[2021-11-24 13:28:53,487] {processor.py:163} INFO - Started process (PID=47370) to work on /home/dante/DWBI/Apache/py_env/lib/python3.8/site-packages/airflow/example_dags/example_branch_day_of_week_operator.py
[2021-11-24 13:28:53,497] {processor.py:620} INFO - Processing file /home/dante/DWBI/Apache/py_env/lib/python3.8/site-packages/airflow/example_dags/example_branch_day_of_week_operator.py for tasks to queue
[2021-11-24 13:28:53,498] {logging_mixin.py:109} INFO - [2021-11-24 13:28:53,498] {dagbag.py:500} INFO - Filling up the DagBag from /home/dante/DWBI/Apache/py_env/lib/python3.8/site-packages/airflow/example_dags/example_branch_day_of_week_operator.py
[2021-11-24 13:28:53,529] {processor.py:632} INFO - DAG(s) dict_keys(['example_weekday_branch_operator']) retrieved from /home/dante/DWBI/Apache/py_env/lib/python3.8/site-packages/airflow/example_dags/example_branch_day_of_week_operator.py
[2021-11-24 13:28:53,537] {logging_mixin.py:109} INFO - [2021-11-24 13:28:53,537] {dag.py:2389} INFO - Sync 1 DAGs
[2021-11-24 13:28:53,548] {logging_mixin.py:109} INFO - [2021-11-24 13:28:53,548] {dag.py:2921} INFO - Setting next_dagrun for example_weekday_branch_operator to 2021-11-23 00:00:00+00:00
[2021-11-24 13:28:53,569] {processor.py:171} INFO - Processing /home/dante/DWBI/Apache/py_env/lib/python3.8/site-packages/airflow/example_dags/example_branch_day_of_week_operator.py took 0.085 seconds
[2021-11-24 13:29:29,289] {processor.py:163} INFO - Started process (PID=47432) to work on /home/dante/DWBI/Apache/py_env/lib/python3.8/site-packages/airflow/example_dags/example_branch_day_of_week_operator.py
[2021-11-24 13:29:29,300] {processor.py:620} INFO - Processing file /home/dante/DWBI/Apache/py_env/lib/python3.8/site-packages/airflow/example_dags/example_branch_day_of_week_operator.py for tasks to queue
[2021-11-24 13:29:29,301] {logging_mixin.py:109} INFO - [2021-11-24 13:29:29,301] {dagbag.py:500} INFO - Filling up the DagBag from /home/dante/DWBI/Apache/py_env/lib/python3.8/site-packages/airflow/example_dags/example_branch_day_of_week_operator.py
[2021-11-24 13:29:29,333] {processor.py:632} INFO - DAG(s) dict_keys(['example_weekday_branch_operator']) retrieved from /home/dante/DWBI/Apache/py_env/lib/python3.8/site-packages/airflow/example_dags/example_branch_day_of_week_operator.py
[2021-11-24 13:29:29,340] {logging_mixin.py:109} INFO - [2021-11-24 13:29:29,340] {dag.py:2389} INFO - Sync 1 DAGs
[2021-11-24 13:29:29,349] {logging_mixin.py:109} INFO - [2021-11-24 13:29:29,349] {dag.py:2921} INFO - Setting next_dagrun for example_weekday_branch_operator to 2021-11-23 00:00:00+00:00
[2021-11-24 13:29:29,361] {processor.py:171} INFO - Processing /home/dante/DWBI/Apache/py_env/lib/python3.8/site-packages/airflow/example_dags/example_branch_day_of_week_operator.py took 0.079 seconds
[2021-11-24 13:30:05,777] {processor.py:163} INFO - Started process (PID=47499) to work on /home/dante/DWBI/Apache/py_env/lib/python3.8/site-packages/airflow/example_dags/example_branch_day_of_week_operator.py
[2021-11-24 13:30:05,788] {processor.py:620} INFO - Processing file /home/dante/DWBI/Apache/py_env/lib/python3.8/site-packages/airflow/example_dags/example_branch_day_of_week_operator.py for tasks to queue
[2021-11-24 13:30:05,789] {logging_mixin.py:109} INFO - [2021-11-24 13:30:05,789] {dagbag.py:500} INFO - Filling up the DagBag from /home/dante/DWBI/Apache/py_env/lib/python3.8/site-packages/airflow/example_dags/example_branch_day_of_week_operator.py
[2021-11-24 13:30:05,823] {processor.py:632} INFO - DAG(s) dict_keys(['example_weekday_branch_operator']) retrieved from /home/dante/DWBI/Apache/py_env/lib/python3.8/site-packages/airflow/example_dags/example_branch_day_of_week_operator.py
[2021-11-24 13:30:05,831] {logging_mixin.py:109} INFO - [2021-11-24 13:30:05,830] {dag.py:2389} INFO - Sync 1 DAGs
[2021-11-24 13:30:05,842] {logging_mixin.py:109} INFO - [2021-11-24 13:30:05,842] {dag.py:2921} INFO - Setting next_dagrun for example_weekday_branch_operator to 2021-11-23 00:00:00+00:00
[2021-11-24 13:30:05,851] {processor.py:171} INFO - Processing /home/dante/DWBI/Apache/py_env/lib/python3.8/site-packages/airflow/example_dags/example_branch_day_of_week_operator.py took 0.080 seconds
[2021-11-24 13:30:42,449] {processor.py:163} INFO - Started process (PID=47572) to work on /home/dante/DWBI/Apache/py_env/lib/python3.8/site-packages/airflow/example_dags/example_branch_day_of_week_operator.py
[2021-11-24 13:30:42,458] {processor.py:620} INFO - Processing file /home/dante/DWBI/Apache/py_env/lib/python3.8/site-packages/airflow/example_dags/example_branch_day_of_week_operator.py for tasks to queue
[2021-11-24 13:30:42,459] {logging_mixin.py:109} INFO - [2021-11-24 13:30:42,458] {dagbag.py:500} INFO - Filling up the DagBag from /home/dante/DWBI/Apache/py_env/lib/python3.8/site-packages/airflow/example_dags/example_branch_day_of_week_operator.py
[2021-11-24 13:30:42,474] {processor.py:632} INFO - DAG(s) dict_keys(['example_weekday_branch_operator']) retrieved from /home/dante/DWBI/Apache/py_env/lib/python3.8/site-packages/airflow/example_dags/example_branch_day_of_week_operator.py
[2021-11-24 13:30:42,481] {logging_mixin.py:109} INFO - [2021-11-24 13:30:42,481] {dag.py:2389} INFO - Sync 1 DAGs
[2021-11-24 13:30:42,492] {logging_mixin.py:109} INFO - [2021-11-24 13:30:42,491] {dag.py:2921} INFO - Setting next_dagrun for example_weekday_branch_operator to 2021-11-23 00:00:00+00:00
[2021-11-24 13:30:42,511] {processor.py:171} INFO - Processing /home/dante/DWBI/Apache/py_env/lib/python3.8/site-packages/airflow/example_dags/example_branch_day_of_week_operator.py took 0.065 seconds
[2021-11-24 13:31:23,773] {processor.py:163} INFO - Started process (PID=47631) to work on /home/dante/DWBI/Apache/py_env/lib/python3.8/site-packages/airflow/example_dags/example_branch_day_of_week_operator.py
[2021-11-24 13:31:23,783] {processor.py:620} INFO - Processing file /home/dante/DWBI/Apache/py_env/lib/python3.8/site-packages/airflow/example_dags/example_branch_day_of_week_operator.py for tasks to queue
[2021-11-24 13:31:23,785] {logging_mixin.py:109} INFO - [2021-11-24 13:31:23,785] {dagbag.py:500} INFO - Filling up the DagBag from /home/dante/DWBI/Apache/py_env/lib/python3.8/site-packages/airflow/example_dags/example_branch_day_of_week_operator.py
[2021-11-24 13:31:23,813] {processor.py:632} INFO - DAG(s) dict_keys(['example_weekday_branch_operator']) retrieved from /home/dante/DWBI/Apache/py_env/lib/python3.8/site-packages/airflow/example_dags/example_branch_day_of_week_operator.py
[2021-11-24 13:31:23,820] {logging_mixin.py:109} INFO - [2021-11-24 13:31:23,820] {dag.py:2389} INFO - Sync 1 DAGs
[2021-11-24 13:31:23,830] {logging_mixin.py:109} INFO - [2021-11-24 13:31:23,830] {dag.py:2921} INFO - Setting next_dagrun for example_weekday_branch_operator to 2021-11-23 00:00:00+00:00
[2021-11-24 13:31:23,838] {processor.py:171} INFO - Processing /home/dante/DWBI/Apache/py_env/lib/python3.8/site-packages/airflow/example_dags/example_branch_day_of_week_operator.py took 0.072 seconds
[2021-11-24 13:32:05,073] {processor.py:163} INFO - Started process (PID=47790) to work on /home/dante/DWBI/Apache/py_env/lib/python3.8/site-packages/airflow/example_dags/example_branch_day_of_week_operator.py
[2021-11-24 13:32:05,082] {processor.py:620} INFO - Processing file /home/dante/DWBI/Apache/py_env/lib/python3.8/site-packages/airflow/example_dags/example_branch_day_of_week_operator.py for tasks to queue
[2021-11-24 13:32:05,083] {logging_mixin.py:109} INFO - [2021-11-24 13:32:05,083] {dagbag.py:500} INFO - Filling up the DagBag from /home/dante/DWBI/Apache/py_env/lib/python3.8/site-packages/airflow/example_dags/example_branch_day_of_week_operator.py
[2021-11-24 13:32:05,098] {processor.py:632} INFO - DAG(s) dict_keys(['example_weekday_branch_operator']) retrieved from /home/dante/DWBI/Apache/py_env/lib/python3.8/site-packages/airflow/example_dags/example_branch_day_of_week_operator.py
[2021-11-24 13:32:05,106] {logging_mixin.py:109} INFO - [2021-11-24 13:32:05,106] {dag.py:2389} INFO - Sync 1 DAGs
[2021-11-24 13:32:05,116] {logging_mixin.py:109} INFO - [2021-11-24 13:32:05,116] {dag.py:2921} INFO - Setting next_dagrun for example_weekday_branch_operator to 2021-11-23 00:00:00+00:00
[2021-11-24 13:32:05,136] {processor.py:171} INFO - Processing /home/dante/DWBI/Apache/py_env/lib/python3.8/site-packages/airflow/example_dags/example_branch_day_of_week_operator.py took 0.065 seconds
[2021-11-24 13:32:42,543] {processor.py:163} INFO - Started process (PID=48287) to work on /home/dante/DWBI/Apache/py_env/lib/python3.8/site-packages/airflow/example_dags/example_branch_day_of_week_operator.py
[2021-11-24 13:32:42,546] {processor.py:620} INFO - Processing file /home/dante/DWBI/Apache/py_env/lib/python3.8/site-packages/airflow/example_dags/example_branch_day_of_week_operator.py for tasks to queue
[2021-11-24 13:32:42,546] {logging_mixin.py:109} INFO - [2021-11-24 13:32:42,546] {dagbag.py:500} INFO - Filling up the DagBag from /home/dante/DWBI/Apache/py_env/lib/python3.8/site-packages/airflow/example_dags/example_branch_day_of_week_operator.py
[2021-11-24 13:32:42,568] {processor.py:632} INFO - DAG(s) dict_keys(['example_weekday_branch_operator']) retrieved from /home/dante/DWBI/Apache/py_env/lib/python3.8/site-packages/airflow/example_dags/example_branch_day_of_week_operator.py
[2021-11-24 13:32:42,577] {logging_mixin.py:109} INFO - [2021-11-24 13:32:42,577] {dag.py:2389} INFO - Sync 1 DAGs
[2021-11-24 13:32:42,587] {logging_mixin.py:109} INFO - [2021-11-24 13:32:42,587] {dag.py:2921} INFO - Setting next_dagrun for example_weekday_branch_operator to 2021-11-23 00:00:00+00:00
[2021-11-24 13:32:42,595] {processor.py:171} INFO - Processing /home/dante/DWBI/Apache/py_env/lib/python3.8/site-packages/airflow/example_dags/example_branch_day_of_week_operator.py took 0.054 seconds
[2021-11-24 13:33:18,896] {processor.py:163} INFO - Started process (PID=48503) to work on /home/dante/DWBI/Apache/py_env/lib/python3.8/site-packages/airflow/example_dags/example_branch_day_of_week_operator.py
[2021-11-24 13:33:18,906] {processor.py:620} INFO - Processing file /home/dante/DWBI/Apache/py_env/lib/python3.8/site-packages/airflow/example_dags/example_branch_day_of_week_operator.py for tasks to queue
[2021-11-24 13:33:18,908] {logging_mixin.py:109} INFO - [2021-11-24 13:33:18,907] {dagbag.py:500} INFO - Filling up the DagBag from /home/dante/DWBI/Apache/py_env/lib/python3.8/site-packages/airflow/example_dags/example_branch_day_of_week_operator.py
[2021-11-24 13:33:18,923] {processor.py:632} INFO - DAG(s) dict_keys(['example_weekday_branch_operator']) retrieved from /home/dante/DWBI/Apache/py_env/lib/python3.8/site-packages/airflow/example_dags/example_branch_day_of_week_operator.py
[2021-11-24 13:33:18,929] {logging_mixin.py:109} INFO - [2021-11-24 13:33:18,929] {dag.py:2389} INFO - Sync 1 DAGs
[2021-11-24 13:33:18,939] {logging_mixin.py:109} INFO - [2021-11-24 13:33:18,939] {dag.py:2921} INFO - Setting next_dagrun for example_weekday_branch_operator to 2021-11-23 00:00:00+00:00
[2021-11-24 13:33:18,962] {processor.py:171} INFO - Processing /home/dante/DWBI/Apache/py_env/lib/python3.8/site-packages/airflow/example_dags/example_branch_day_of_week_operator.py took 0.069 seconds
[2021-11-24 13:33:56,475] {processor.py:163} INFO - Started process (PID=48637) to work on /home/dante/DWBI/Apache/py_env/lib/python3.8/site-packages/airflow/example_dags/example_branch_day_of_week_operator.py
[2021-11-24 13:33:56,485] {processor.py:620} INFO - Processing file /home/dante/DWBI/Apache/py_env/lib/python3.8/site-packages/airflow/example_dags/example_branch_day_of_week_operator.py for tasks to queue
[2021-11-24 13:33:56,486] {logging_mixin.py:109} INFO - [2021-11-24 13:33:56,486] {dagbag.py:500} INFO - Filling up the DagBag from /home/dante/DWBI/Apache/py_env/lib/python3.8/site-packages/airflow/example_dags/example_branch_day_of_week_operator.py
[2021-11-24 13:33:56,506] {processor.py:632} INFO - DAG(s) dict_keys(['example_weekday_branch_operator']) retrieved from /home/dante/DWBI/Apache/py_env/lib/python3.8/site-packages/airflow/example_dags/example_branch_day_of_week_operator.py
[2021-11-24 13:33:56,515] {logging_mixin.py:109} INFO - [2021-11-24 13:33:56,515] {dag.py:2389} INFO - Sync 1 DAGs
[2021-11-24 13:33:56,526] {logging_mixin.py:109} INFO - [2021-11-24 13:33:56,525] {dag.py:2921} INFO - Setting next_dagrun for example_weekday_branch_operator to 2021-11-23 00:00:00+00:00
[2021-11-24 13:33:56,533] {processor.py:171} INFO - Processing /home/dante/DWBI/Apache/py_env/lib/python3.8/site-packages/airflow/example_dags/example_branch_day_of_week_operator.py took 0.060 seconds
[2021-11-24 13:34:35,868] {processor.py:163} INFO - Started process (PID=48754) to work on /home/dante/DWBI/Apache/py_env/lib/python3.8/site-packages/airflow/example_dags/example_branch_day_of_week_operator.py
[2021-11-24 13:34:35,878] {processor.py:620} INFO - Processing file /home/dante/DWBI/Apache/py_env/lib/python3.8/site-packages/airflow/example_dags/example_branch_day_of_week_operator.py for tasks to queue
[2021-11-24 13:34:35,880] {logging_mixin.py:109} INFO - [2021-11-24 13:34:35,879] {dagbag.py:500} INFO - Filling up the DagBag from /home/dante/DWBI/Apache/py_env/lib/python3.8/site-packages/airflow/example_dags/example_branch_day_of_week_operator.py
[2021-11-24 13:34:35,913] {processor.py:632} INFO - DAG(s) dict_keys(['example_weekday_branch_operator']) retrieved from /home/dante/DWBI/Apache/py_env/lib/python3.8/site-packages/airflow/example_dags/example_branch_day_of_week_operator.py
[2021-11-24 13:34:35,932] {logging_mixin.py:109} INFO - [2021-11-24 13:34:35,932] {dag.py:2389} INFO - Sync 1 DAGs
[2021-11-24 13:34:35,958] {logging_mixin.py:109} INFO - [2021-11-24 13:34:35,958] {dag.py:2921} INFO - Setting next_dagrun for example_weekday_branch_operator to 2021-11-23 00:00:00+00:00
[2021-11-24 13:34:35,984] {processor.py:171} INFO - Processing /home/dante/DWBI/Apache/py_env/lib/python3.8/site-packages/airflow/example_dags/example_branch_day_of_week_operator.py took 0.120 seconds
[2021-11-24 13:35:17,024] {processor.py:163} INFO - Started process (PID=48865) to work on /home/dante/DWBI/Apache/py_env/lib/python3.8/site-packages/airflow/example_dags/example_branch_day_of_week_operator.py
[2021-11-24 13:35:17,028] {processor.py:620} INFO - Processing file /home/dante/DWBI/Apache/py_env/lib/python3.8/site-packages/airflow/example_dags/example_branch_day_of_week_operator.py for tasks to queue
[2021-11-24 13:35:17,029] {logging_mixin.py:109} INFO - [2021-11-24 13:35:17,029] {dagbag.py:500} INFO - Filling up the DagBag from /home/dante/DWBI/Apache/py_env/lib/python3.8/site-packages/airflow/example_dags/example_branch_day_of_week_operator.py
[2021-11-24 13:35:17,052] {processor.py:632} INFO - DAG(s) dict_keys(['example_weekday_branch_operator']) retrieved from /home/dante/DWBI/Apache/py_env/lib/python3.8/site-packages/airflow/example_dags/example_branch_day_of_week_operator.py
[2021-11-24 13:35:17,059] {logging_mixin.py:109} INFO - [2021-11-24 13:35:17,059] {dag.py:2389} INFO - Sync 1 DAGs
[2021-11-24 13:35:17,071] {logging_mixin.py:109} INFO - [2021-11-24 13:35:17,070] {dag.py:2921} INFO - Setting next_dagrun for example_weekday_branch_operator to 2021-11-23 00:00:00+00:00
[2021-11-24 13:35:17,079] {processor.py:171} INFO - Processing /home/dante/DWBI/Apache/py_env/lib/python3.8/site-packages/airflow/example_dags/example_branch_day_of_week_operator.py took 0.062 seconds
[2021-11-24 13:35:54,893] {processor.py:163} INFO - Started process (PID=48957) to work on /home/dante/DWBI/Apache/py_env/lib/python3.8/site-packages/airflow/example_dags/example_branch_day_of_week_operator.py
[2021-11-24 13:35:54,904] {processor.py:620} INFO - Processing file /home/dante/DWBI/Apache/py_env/lib/python3.8/site-packages/airflow/example_dags/example_branch_day_of_week_operator.py for tasks to queue
[2021-11-24 13:35:54,905] {logging_mixin.py:109} INFO - [2021-11-24 13:35:54,905] {dagbag.py:500} INFO - Filling up the DagBag from /home/dante/DWBI/Apache/py_env/lib/python3.8/site-packages/airflow/example_dags/example_branch_day_of_week_operator.py
[2021-11-24 13:35:54,922] {processor.py:632} INFO - DAG(s) dict_keys(['example_weekday_branch_operator']) retrieved from /home/dante/DWBI/Apache/py_env/lib/python3.8/site-packages/airflow/example_dags/example_branch_day_of_week_operator.py
[2021-11-24 13:35:54,930] {logging_mixin.py:109} INFO - [2021-11-24 13:35:54,929] {dag.py:2389} INFO - Sync 1 DAGs
[2021-11-24 13:35:54,940] {logging_mixin.py:109} INFO - [2021-11-24 13:35:54,940] {dag.py:2921} INFO - Setting next_dagrun for example_weekday_branch_operator to 2021-11-23 00:00:00+00:00
[2021-11-24 13:35:54,947] {processor.py:171} INFO - Processing /home/dante/DWBI/Apache/py_env/lib/python3.8/site-packages/airflow/example_dags/example_branch_day_of_week_operator.py took 0.056 seconds
[2021-11-24 13:36:33,894] {processor.py:163} INFO - Started process (PID=49057) to work on /home/dante/DWBI/Apache/py_env/lib/python3.8/site-packages/airflow/example_dags/example_branch_day_of_week_operator.py
[2021-11-24 13:36:33,903] {processor.py:620} INFO - Processing file /home/dante/DWBI/Apache/py_env/lib/python3.8/site-packages/airflow/example_dags/example_branch_day_of_week_operator.py for tasks to queue
[2021-11-24 13:36:33,904] {logging_mixin.py:109} INFO - [2021-11-24 13:36:33,904] {dagbag.py:500} INFO - Filling up the DagBag from /home/dante/DWBI/Apache/py_env/lib/python3.8/site-packages/airflow/example_dags/example_branch_day_of_week_operator.py
[2021-11-24 13:36:33,924] {processor.py:632} INFO - DAG(s) dict_keys(['example_weekday_branch_operator']) retrieved from /home/dante/DWBI/Apache/py_env/lib/python3.8/site-packages/airflow/example_dags/example_branch_day_of_week_operator.py
[2021-11-24 13:36:33,931] {logging_mixin.py:109} INFO - [2021-11-24 13:36:33,931] {dag.py:2389} INFO - Sync 1 DAGs
[2021-11-24 13:36:33,941] {logging_mixin.py:109} INFO - [2021-11-24 13:36:33,941] {dag.py:2921} INFO - Setting next_dagrun for example_weekday_branch_operator to 2021-11-23 00:00:00+00:00
[2021-11-24 13:36:33,948] {processor.py:171} INFO - Processing /home/dante/DWBI/Apache/py_env/lib/python3.8/site-packages/airflow/example_dags/example_branch_day_of_week_operator.py took 0.056 seconds
[2021-11-24 13:37:16,611] {processor.py:163} INFO - Started process (PID=49258) to work on /home/dante/DWBI/Apache/py_env/lib/python3.8/site-packages/airflow/example_dags/example_branch_day_of_week_operator.py
[2021-11-24 13:37:16,613] {processor.py:620} INFO - Processing file /home/dante/DWBI/Apache/py_env/lib/python3.8/site-packages/airflow/example_dags/example_branch_day_of_week_operator.py for tasks to queue
[2021-11-24 13:37:16,613] {logging_mixin.py:109} INFO - [2021-11-24 13:37:16,613] {dagbag.py:500} INFO - Filling up the DagBag from /home/dante/DWBI/Apache/py_env/lib/python3.8/site-packages/airflow/example_dags/example_branch_day_of_week_operator.py
[2021-11-24 13:37:16,627] {processor.py:632} INFO - DAG(s) dict_keys(['example_weekday_branch_operator']) retrieved from /home/dante/DWBI/Apache/py_env/lib/python3.8/site-packages/airflow/example_dags/example_branch_day_of_week_operator.py
[2021-11-24 13:37:16,634] {logging_mixin.py:109} INFO - [2021-11-24 13:37:16,634] {dag.py:2389} INFO - Sync 1 DAGs
[2021-11-24 13:37:16,646] {logging_mixin.py:109} INFO - [2021-11-24 13:37:16,646] {dag.py:2921} INFO - Setting next_dagrun for example_weekday_branch_operator to 2021-11-23 00:00:00+00:00
[2021-11-24 13:37:16,655] {processor.py:171} INFO - Processing /home/dante/DWBI/Apache/py_env/lib/python3.8/site-packages/airflow/example_dags/example_branch_day_of_week_operator.py took 0.046 seconds
[2021-11-24 13:38:00,143] {processor.py:163} INFO - Started process (PID=49334) to work on /home/dante/DWBI/Apache/py_env/lib/python3.8/site-packages/airflow/example_dags/example_branch_day_of_week_operator.py
[2021-11-24 13:38:00,152] {processor.py:620} INFO - Processing file /home/dante/DWBI/Apache/py_env/lib/python3.8/site-packages/airflow/example_dags/example_branch_day_of_week_operator.py for tasks to queue
[2021-11-24 13:38:00,153] {logging_mixin.py:109} INFO - [2021-11-24 13:38:00,153] {dagbag.py:500} INFO - Filling up the DagBag from /home/dante/DWBI/Apache/py_env/lib/python3.8/site-packages/airflow/example_dags/example_branch_day_of_week_operator.py
[2021-11-24 13:38:00,174] {processor.py:632} INFO - DAG(s) dict_keys(['example_weekday_branch_operator']) retrieved from /home/dante/DWBI/Apache/py_env/lib/python3.8/site-packages/airflow/example_dags/example_branch_day_of_week_operator.py
[2021-11-24 13:38:00,183] {logging_mixin.py:109} INFO - [2021-11-24 13:38:00,183] {dag.py:2389} INFO - Sync 1 DAGs
[2021-11-24 13:38:00,195] {logging_mixin.py:109} INFO - [2021-11-24 13:38:00,195] {dag.py:2921} INFO - Setting next_dagrun for example_weekday_branch_operator to 2021-11-23 00:00:00+00:00
[2021-11-24 13:38:00,203] {processor.py:171} INFO - Processing /home/dante/DWBI/Apache/py_env/lib/python3.8/site-packages/airflow/example_dags/example_branch_day_of_week_operator.py took 0.063 seconds
[2021-11-24 13:38:44,542] {processor.py:163} INFO - Started process (PID=49424) to work on /home/dante/DWBI/Apache/py_env/lib/python3.8/site-packages/airflow/example_dags/example_branch_day_of_week_operator.py
[2021-11-24 13:38:44,552] {processor.py:620} INFO - Processing file /home/dante/DWBI/Apache/py_env/lib/python3.8/site-packages/airflow/example_dags/example_branch_day_of_week_operator.py for tasks to queue
[2021-11-24 13:38:44,553] {logging_mixin.py:109} INFO - [2021-11-24 13:38:44,553] {dagbag.py:500} INFO - Filling up the DagBag from /home/dante/DWBI/Apache/py_env/lib/python3.8/site-packages/airflow/example_dags/example_branch_day_of_week_operator.py
[2021-11-24 13:38:44,570] {processor.py:632} INFO - DAG(s) dict_keys(['example_weekday_branch_operator']) retrieved from /home/dante/DWBI/Apache/py_env/lib/python3.8/site-packages/airflow/example_dags/example_branch_day_of_week_operator.py
[2021-11-24 13:38:44,577] {logging_mixin.py:109} INFO - [2021-11-24 13:38:44,577] {dag.py:2389} INFO - Sync 1 DAGs
[2021-11-24 13:38:44,588] {logging_mixin.py:109} INFO - [2021-11-24 13:38:44,587] {dag.py:2921} INFO - Setting next_dagrun for example_weekday_branch_operator to 2021-11-23 00:00:00+00:00
[2021-11-24 13:38:44,594] {processor.py:171} INFO - Processing /home/dante/DWBI/Apache/py_env/lib/python3.8/site-packages/airflow/example_dags/example_branch_day_of_week_operator.py took 0.055 seconds
[2021-11-24 13:39:28,907] {processor.py:163} INFO - Started process (PID=49581) to work on /home/dante/DWBI/Apache/py_env/lib/python3.8/site-packages/airflow/example_dags/example_branch_day_of_week_operator.py
[2021-11-24 13:39:28,916] {processor.py:620} INFO - Processing file /home/dante/DWBI/Apache/py_env/lib/python3.8/site-packages/airflow/example_dags/example_branch_day_of_week_operator.py for tasks to queue
[2021-11-24 13:39:28,917] {logging_mixin.py:109} INFO - [2021-11-24 13:39:28,917] {dagbag.py:500} INFO - Filling up the DagBag from /home/dante/DWBI/Apache/py_env/lib/python3.8/site-packages/airflow/example_dags/example_branch_day_of_week_operator.py
[2021-11-24 13:39:28,933] {processor.py:632} INFO - DAG(s) dict_keys(['example_weekday_branch_operator']) retrieved from /home/dante/DWBI/Apache/py_env/lib/python3.8/site-packages/airflow/example_dags/example_branch_day_of_week_operator.py
[2021-11-24 13:39:28,941] {logging_mixin.py:109} INFO - [2021-11-24 13:39:28,940] {dag.py:2389} INFO - Sync 1 DAGs
[2021-11-24 13:39:28,952] {logging_mixin.py:109} INFO - [2021-11-24 13:39:28,952] {dag.py:2921} INFO - Setting next_dagrun for example_weekday_branch_operator to 2021-11-23 00:00:00+00:00
[2021-11-24 13:39:28,960] {processor.py:171} INFO - Processing /home/dante/DWBI/Apache/py_env/lib/python3.8/site-packages/airflow/example_dags/example_branch_day_of_week_operator.py took 0.055 seconds
[2021-11-24 13:40:12,036] {processor.py:163} INFO - Started process (PID=49668) to work on /home/dante/DWBI/Apache/py_env/lib/python3.8/site-packages/airflow/example_dags/example_branch_day_of_week_operator.py
[2021-11-24 13:40:12,045] {processor.py:620} INFO - Processing file /home/dante/DWBI/Apache/py_env/lib/python3.8/site-packages/airflow/example_dags/example_branch_day_of_week_operator.py for tasks to queue
[2021-11-24 13:40:12,046] {logging_mixin.py:109} INFO - [2021-11-24 13:40:12,046] {dagbag.py:500} INFO - Filling up the DagBag from /home/dante/DWBI/Apache/py_env/lib/python3.8/site-packages/airflow/example_dags/example_branch_day_of_week_operator.py
[2021-11-24 13:40:12,062] {processor.py:632} INFO - DAG(s) dict_keys(['example_weekday_branch_operator']) retrieved from /home/dante/DWBI/Apache/py_env/lib/python3.8/site-packages/airflow/example_dags/example_branch_day_of_week_operator.py
[2021-11-24 13:40:12,068] {logging_mixin.py:109} INFO - [2021-11-24 13:40:12,068] {dag.py:2389} INFO - Sync 1 DAGs
[2021-11-24 13:40:12,078] {logging_mixin.py:109} INFO - [2021-11-24 13:40:12,078] {dag.py:2921} INFO - Setting next_dagrun for example_weekday_branch_operator to 2021-11-23 00:00:00+00:00
[2021-11-24 13:40:12,085] {processor.py:171} INFO - Processing /home/dante/DWBI/Apache/py_env/lib/python3.8/site-packages/airflow/example_dags/example_branch_day_of_week_operator.py took 0.052 seconds
[2021-11-24 13:40:51,056] {processor.py:163} INFO - Started process (PID=49765) to work on /home/dante/DWBI/Apache/py_env/lib/python3.8/site-packages/airflow/example_dags/example_branch_day_of_week_operator.py
[2021-11-24 13:40:51,059] {processor.py:620} INFO - Processing file /home/dante/DWBI/Apache/py_env/lib/python3.8/site-packages/airflow/example_dags/example_branch_day_of_week_operator.py for tasks to queue
[2021-11-24 13:40:51,059] {logging_mixin.py:109} INFO - [2021-11-24 13:40:51,059] {dagbag.py:500} INFO - Filling up the DagBag from /home/dante/DWBI/Apache/py_env/lib/python3.8/site-packages/airflow/example_dags/example_branch_day_of_week_operator.py
[2021-11-24 13:40:51,079] {processor.py:632} INFO - DAG(s) dict_keys(['example_weekday_branch_operator']) retrieved from /home/dante/DWBI/Apache/py_env/lib/python3.8/site-packages/airflow/example_dags/example_branch_day_of_week_operator.py
[2021-11-24 13:40:51,088] {logging_mixin.py:109} INFO - [2021-11-24 13:40:51,088] {dag.py:2389} INFO - Sync 1 DAGs
[2021-11-24 13:40:51,099] {logging_mixin.py:109} INFO - [2021-11-24 13:40:51,099] {dag.py:2921} INFO - Setting next_dagrun for example_weekday_branch_operator to 2021-11-23 00:00:00+00:00
[2021-11-24 13:40:51,107] {processor.py:171} INFO - Processing /home/dante/DWBI/Apache/py_env/lib/python3.8/site-packages/airflow/example_dags/example_branch_day_of_week_operator.py took 0.053 seconds
[2021-11-24 13:41:28,709] {processor.py:163} INFO - Started process (PID=49827) to work on /home/dante/DWBI/Apache/py_env/lib/python3.8/site-packages/airflow/example_dags/example_branch_day_of_week_operator.py
[2021-11-24 13:41:28,718] {processor.py:620} INFO - Processing file /home/dante/DWBI/Apache/py_env/lib/python3.8/site-packages/airflow/example_dags/example_branch_day_of_week_operator.py for tasks to queue
[2021-11-24 13:41:28,718] {logging_mixin.py:109} INFO - [2021-11-24 13:41:28,718] {dagbag.py:500} INFO - Filling up the DagBag from /home/dante/DWBI/Apache/py_env/lib/python3.8/site-packages/airflow/example_dags/example_branch_day_of_week_operator.py
[2021-11-24 13:41:28,734] {processor.py:632} INFO - DAG(s) dict_keys(['example_weekday_branch_operator']) retrieved from /home/dante/DWBI/Apache/py_env/lib/python3.8/site-packages/airflow/example_dags/example_branch_day_of_week_operator.py
[2021-11-24 13:41:28,741] {logging_mixin.py:109} INFO - [2021-11-24 13:41:28,741] {dag.py:2389} INFO - Sync 1 DAGs
[2021-11-24 13:41:28,751] {logging_mixin.py:109} INFO - [2021-11-24 13:41:28,751] {dag.py:2921} INFO - Setting next_dagrun for example_weekday_branch_operator to 2021-11-23 00:00:00+00:00
[2021-11-24 13:41:28,774] {processor.py:171} INFO - Processing /home/dante/DWBI/Apache/py_env/lib/python3.8/site-packages/airflow/example_dags/example_branch_day_of_week_operator.py took 0.067 seconds
[2021-11-24 13:42:06,237] {processor.py:163} INFO - Started process (PID=49956) to work on /home/dante/DWBI/Apache/py_env/lib/python3.8/site-packages/airflow/example_dags/example_branch_day_of_week_operator.py
[2021-11-24 13:42:06,249] {processor.py:620} INFO - Processing file /home/dante/DWBI/Apache/py_env/lib/python3.8/site-packages/airflow/example_dags/example_branch_day_of_week_operator.py for tasks to queue
[2021-11-24 13:42:06,250] {logging_mixin.py:109} INFO - [2021-11-24 13:42:06,250] {dagbag.py:500} INFO - Filling up the DagBag from /home/dante/DWBI/Apache/py_env/lib/python3.8/site-packages/airflow/example_dags/example_branch_day_of_week_operator.py
[2021-11-24 13:42:06,279] {processor.py:632} INFO - DAG(s) dict_keys(['example_weekday_branch_operator']) retrieved from /home/dante/DWBI/Apache/py_env/lib/python3.8/site-packages/airflow/example_dags/example_branch_day_of_week_operator.py
[2021-11-24 13:42:06,286] {logging_mixin.py:109} INFO - [2021-11-24 13:42:06,286] {dag.py:2389} INFO - Sync 1 DAGs
[2021-11-24 13:42:06,296] {logging_mixin.py:109} INFO - [2021-11-24 13:42:06,296] {dag.py:2921} INFO - Setting next_dagrun for example_weekday_branch_operator to 2021-11-23 00:00:00+00:00
[2021-11-24 13:42:06,304] {processor.py:171} INFO - Processing /home/dante/DWBI/Apache/py_env/lib/python3.8/site-packages/airflow/example_dags/example_branch_day_of_week_operator.py took 0.075 seconds
