[2021-11-24 13:01:48,724] {processor.py:163} INFO - Started process (PID=42689) to work on /home/dante/DWBI/Apache/py_env/lib/python3.8/site-packages/airflow/example_dags/example_python_operator.py
[2021-11-24 13:01:48,727] {processor.py:620} INFO - Processing file /home/dante/DWBI/Apache/py_env/lib/python3.8/site-packages/airflow/example_dags/example_python_operator.py for tasks to queue
[2021-11-24 13:01:48,728] {logging_mixin.py:109} INFO - [2021-11-24 13:01:48,727] {dagbag.py:500} INFO - Filling up the DagBag from /home/dante/DWBI/Apache/py_env/lib/python3.8/site-packages/airflow/example_dags/example_python_operator.py
[2021-11-24 13:01:48,748] {processor.py:632} INFO - DAG(s) dict_keys(['example_python_operator']) retrieved from /home/dante/DWBI/Apache/py_env/lib/python3.8/site-packages/airflow/example_dags/example_python_operator.py
[2021-11-24 13:01:48,755] {logging_mixin.py:109} INFO - [2021-11-24 13:01:48,755] {dag.py:2389} INFO - Sync 1 DAGs
[2021-11-24 13:01:48,764] {logging_mixin.py:109} INFO - [2021-11-24 13:01:48,764] {dag.py:2921} INFO - Setting next_dagrun for example_python_operator to None
[2021-11-24 13:01:48,774] {processor.py:171} INFO - Processing /home/dante/DWBI/Apache/py_env/lib/python3.8/site-packages/airflow/example_dags/example_python_operator.py took 0.055 seconds
[2021-11-24 13:02:27,093] {processor.py:163} INFO - Started process (PID=42739) to work on /home/dante/DWBI/Apache/py_env/lib/python3.8/site-packages/airflow/example_dags/example_python_operator.py
[2021-11-24 13:02:27,104] {processor.py:620} INFO - Processing file /home/dante/DWBI/Apache/py_env/lib/python3.8/site-packages/airflow/example_dags/example_python_operator.py for tasks to queue
[2021-11-24 13:02:27,104] {logging_mixin.py:109} INFO - [2021-11-24 13:02:27,104] {dagbag.py:500} INFO - Filling up the DagBag from /home/dante/DWBI/Apache/py_env/lib/python3.8/site-packages/airflow/example_dags/example_python_operator.py
[2021-11-24 13:02:27,128] {processor.py:632} INFO - DAG(s) dict_keys(['example_python_operator']) retrieved from /home/dante/DWBI/Apache/py_env/lib/python3.8/site-packages/airflow/example_dags/example_python_operator.py
[2021-11-24 13:02:27,138] {logging_mixin.py:109} INFO - [2021-11-24 13:02:27,138] {dag.py:2389} INFO - Sync 1 DAGs
[2021-11-24 13:02:27,149] {logging_mixin.py:109} INFO - [2021-11-24 13:02:27,149] {dag.py:2921} INFO - Setting next_dagrun for example_python_operator to None
[2021-11-24 13:02:27,172] {processor.py:171} INFO - Processing /home/dante/DWBI/Apache/py_env/lib/python3.8/site-packages/airflow/example_dags/example_python_operator.py took 0.082 seconds
[2021-11-24 13:03:06,232] {processor.py:163} INFO - Started process (PID=42848) to work on /home/dante/DWBI/Apache/py_env/lib/python3.8/site-packages/airflow/example_dags/example_python_operator.py
[2021-11-24 13:03:06,242] {processor.py:620} INFO - Processing file /home/dante/DWBI/Apache/py_env/lib/python3.8/site-packages/airflow/example_dags/example_python_operator.py for tasks to queue
[2021-11-24 13:03:06,243] {logging_mixin.py:109} INFO - [2021-11-24 13:03:06,243] {dagbag.py:500} INFO - Filling up the DagBag from /home/dante/DWBI/Apache/py_env/lib/python3.8/site-packages/airflow/example_dags/example_python_operator.py
[2021-11-24 13:03:06,275] {processor.py:632} INFO - DAG(s) dict_keys(['example_python_operator']) retrieved from /home/dante/DWBI/Apache/py_env/lib/python3.8/site-packages/airflow/example_dags/example_python_operator.py
[2021-11-24 13:03:06,285] {logging_mixin.py:109} INFO - [2021-11-24 13:03:06,285] {dag.py:2389} INFO - Sync 1 DAGs
[2021-11-24 13:03:06,293] {logging_mixin.py:109} INFO - [2021-11-24 13:03:06,293] {dag.py:2921} INFO - Setting next_dagrun for example_python_operator to None
[2021-11-24 13:03:06,308] {processor.py:171} INFO - Processing /home/dante/DWBI/Apache/py_env/lib/python3.8/site-packages/airflow/example_dags/example_python_operator.py took 0.081 seconds
[2021-11-24 13:03:43,092] {processor.py:163} INFO - Started process (PID=42911) to work on /home/dante/DWBI/Apache/py_env/lib/python3.8/site-packages/airflow/example_dags/example_python_operator.py
[2021-11-24 13:03:43,094] {processor.py:620} INFO - Processing file /home/dante/DWBI/Apache/py_env/lib/python3.8/site-packages/airflow/example_dags/example_python_operator.py for tasks to queue
[2021-11-24 13:03:43,094] {logging_mixin.py:109} INFO - [2021-11-24 13:03:43,094] {dagbag.py:500} INFO - Filling up the DagBag from /home/dante/DWBI/Apache/py_env/lib/python3.8/site-packages/airflow/example_dags/example_python_operator.py
[2021-11-24 13:03:43,110] {processor.py:632} INFO - DAG(s) dict_keys(['example_python_operator']) retrieved from /home/dante/DWBI/Apache/py_env/lib/python3.8/site-packages/airflow/example_dags/example_python_operator.py
[2021-11-24 13:03:43,117] {logging_mixin.py:109} INFO - [2021-11-24 13:03:43,117] {dag.py:2389} INFO - Sync 1 DAGs
[2021-11-24 13:03:43,127] {logging_mixin.py:109} INFO - [2021-11-24 13:03:43,127] {dag.py:2921} INFO - Setting next_dagrun for example_python_operator to None
[2021-11-24 13:03:43,136] {processor.py:171} INFO - Processing /home/dante/DWBI/Apache/py_env/lib/python3.8/site-packages/airflow/example_dags/example_python_operator.py took 0.046 seconds
[2021-11-24 13:04:20,848] {processor.py:163} INFO - Started process (PID=42965) to work on /home/dante/DWBI/Apache/py_env/lib/python3.8/site-packages/airflow/example_dags/example_python_operator.py
[2021-11-24 13:04:20,857] {processor.py:620} INFO - Processing file /home/dante/DWBI/Apache/py_env/lib/python3.8/site-packages/airflow/example_dags/example_python_operator.py for tasks to queue
[2021-11-24 13:04:20,858] {logging_mixin.py:109} INFO - [2021-11-24 13:04:20,857] {dagbag.py:500} INFO - Filling up the DagBag from /home/dante/DWBI/Apache/py_env/lib/python3.8/site-packages/airflow/example_dags/example_python_operator.py
[2021-11-24 13:04:20,879] {processor.py:632} INFO - DAG(s) dict_keys(['example_python_operator']) retrieved from /home/dante/DWBI/Apache/py_env/lib/python3.8/site-packages/airflow/example_dags/example_python_operator.py
[2021-11-24 13:04:20,886] {logging_mixin.py:109} INFO - [2021-11-24 13:04:20,886] {dag.py:2389} INFO - Sync 1 DAGs
[2021-11-24 13:04:20,896] {logging_mixin.py:109} INFO - [2021-11-24 13:04:20,896] {dag.py:2921} INFO - Setting next_dagrun for example_python_operator to None
[2021-11-24 13:04:20,918] {processor.py:171} INFO - Processing /home/dante/DWBI/Apache/py_env/lib/python3.8/site-packages/airflow/example_dags/example_python_operator.py took 0.073 seconds
[2021-11-24 13:05:03,240] {processor.py:163} INFO - Started process (PID=43181) to work on /home/dante/DWBI/Apache/py_env/lib/python3.8/site-packages/airflow/example_dags/example_python_operator.py
[2021-11-24 13:05:03,251] {processor.py:620} INFO - Processing file /home/dante/DWBI/Apache/py_env/lib/python3.8/site-packages/airflow/example_dags/example_python_operator.py for tasks to queue
[2021-11-24 13:05:03,253] {logging_mixin.py:109} INFO - [2021-11-24 13:05:03,252] {dagbag.py:500} INFO - Filling up the DagBag from /home/dante/DWBI/Apache/py_env/lib/python3.8/site-packages/airflow/example_dags/example_python_operator.py
[2021-11-24 13:05:03,271] {processor.py:632} INFO - DAG(s) dict_keys(['example_python_operator']) retrieved from /home/dante/DWBI/Apache/py_env/lib/python3.8/site-packages/airflow/example_dags/example_python_operator.py
[2021-11-24 13:05:03,278] {logging_mixin.py:109} INFO - [2021-11-24 13:05:03,278] {dag.py:2389} INFO - Sync 1 DAGs
[2021-11-24 13:05:03,287] {logging_mixin.py:109} INFO - [2021-11-24 13:05:03,287] {dag.py:2921} INFO - Setting next_dagrun for example_python_operator to None
[2021-11-24 13:05:03,316] {processor.py:171} INFO - Processing /home/dante/DWBI/Apache/py_env/lib/python3.8/site-packages/airflow/example_dags/example_python_operator.py took 0.078 seconds
[2021-11-24 13:05:40,502] {processor.py:163} INFO - Started process (PID=43255) to work on /home/dante/DWBI/Apache/py_env/lib/python3.8/site-packages/airflow/example_dags/example_python_operator.py
[2021-11-24 13:05:40,511] {processor.py:620} INFO - Processing file /home/dante/DWBI/Apache/py_env/lib/python3.8/site-packages/airflow/example_dags/example_python_operator.py for tasks to queue
[2021-11-24 13:05:40,511] {logging_mixin.py:109} INFO - [2021-11-24 13:05:40,511] {dagbag.py:500} INFO - Filling up the DagBag from /home/dante/DWBI/Apache/py_env/lib/python3.8/site-packages/airflow/example_dags/example_python_operator.py
[2021-11-24 13:05:40,527] {processor.py:632} INFO - DAG(s) dict_keys(['example_python_operator']) retrieved from /home/dante/DWBI/Apache/py_env/lib/python3.8/site-packages/airflow/example_dags/example_python_operator.py
[2021-11-24 13:05:40,534] {logging_mixin.py:109} INFO - [2021-11-24 13:05:40,534] {dag.py:2389} INFO - Sync 1 DAGs
[2021-11-24 13:05:40,543] {logging_mixin.py:109} INFO - [2021-11-24 13:05:40,543] {dag.py:2921} INFO - Setting next_dagrun for example_python_operator to None
[2021-11-24 13:05:40,566] {processor.py:171} INFO - Processing /home/dante/DWBI/Apache/py_env/lib/python3.8/site-packages/airflow/example_dags/example_python_operator.py took 0.066 seconds
[2021-11-24 13:06:17,661] {processor.py:163} INFO - Started process (PID=43307) to work on /home/dante/DWBI/Apache/py_env/lib/python3.8/site-packages/airflow/example_dags/example_python_operator.py
[2021-11-24 13:06:17,664] {processor.py:620} INFO - Processing file /home/dante/DWBI/Apache/py_env/lib/python3.8/site-packages/airflow/example_dags/example_python_operator.py for tasks to queue
[2021-11-24 13:06:17,665] {logging_mixin.py:109} INFO - [2021-11-24 13:06:17,665] {dagbag.py:500} INFO - Filling up the DagBag from /home/dante/DWBI/Apache/py_env/lib/python3.8/site-packages/airflow/example_dags/example_python_operator.py
[2021-11-24 13:06:17,699] {processor.py:632} INFO - DAG(s) dict_keys(['example_python_operator']) retrieved from /home/dante/DWBI/Apache/py_env/lib/python3.8/site-packages/airflow/example_dags/example_python_operator.py
[2021-11-24 13:06:17,707] {logging_mixin.py:109} INFO - [2021-11-24 13:06:17,707] {dag.py:2389} INFO - Sync 1 DAGs
[2021-11-24 13:06:17,716] {logging_mixin.py:109} INFO - [2021-11-24 13:06:17,716] {dag.py:2921} INFO - Setting next_dagrun for example_python_operator to None
[2021-11-24 13:06:17,725] {processor.py:171} INFO - Processing /home/dante/DWBI/Apache/py_env/lib/python3.8/site-packages/airflow/example_dags/example_python_operator.py took 0.067 seconds
[2021-11-24 13:06:55,864] {processor.py:163} INFO - Started process (PID=43387) to work on /home/dante/DWBI/Apache/py_env/lib/python3.8/site-packages/airflow/example_dags/example_python_operator.py
[2021-11-24 13:06:55,866] {processor.py:620} INFO - Processing file /home/dante/DWBI/Apache/py_env/lib/python3.8/site-packages/airflow/example_dags/example_python_operator.py for tasks to queue
[2021-11-24 13:06:55,866] {logging_mixin.py:109} INFO - [2021-11-24 13:06:55,866] {dagbag.py:500} INFO - Filling up the DagBag from /home/dante/DWBI/Apache/py_env/lib/python3.8/site-packages/airflow/example_dags/example_python_operator.py
[2021-11-24 13:06:55,883] {processor.py:632} INFO - DAG(s) dict_keys(['example_python_operator']) retrieved from /home/dante/DWBI/Apache/py_env/lib/python3.8/site-packages/airflow/example_dags/example_python_operator.py
[2021-11-24 13:06:55,891] {logging_mixin.py:109} INFO - [2021-11-24 13:06:55,891] {dag.py:2389} INFO - Sync 1 DAGs
[2021-11-24 13:06:55,901] {logging_mixin.py:109} INFO - [2021-11-24 13:06:55,901] {dag.py:2921} INFO - Setting next_dagrun for example_python_operator to None
[2021-11-24 13:06:55,909] {processor.py:171} INFO - Processing /home/dante/DWBI/Apache/py_env/lib/python3.8/site-packages/airflow/example_dags/example_python_operator.py took 0.047 seconds
[2021-11-24 13:07:33,180] {processor.py:163} INFO - Started process (PID=43436) to work on /home/dante/DWBI/Apache/py_env/lib/python3.8/site-packages/airflow/example_dags/example_python_operator.py
[2021-11-24 13:07:33,182] {processor.py:620} INFO - Processing file /home/dante/DWBI/Apache/py_env/lib/python3.8/site-packages/airflow/example_dags/example_python_operator.py for tasks to queue
[2021-11-24 13:07:33,183] {logging_mixin.py:109} INFO - [2021-11-24 13:07:33,183] {dagbag.py:500} INFO - Filling up the DagBag from /home/dante/DWBI/Apache/py_env/lib/python3.8/site-packages/airflow/example_dags/example_python_operator.py
[2021-11-24 13:07:33,197] {processor.py:632} INFO - DAG(s) dict_keys(['example_python_operator']) retrieved from /home/dante/DWBI/Apache/py_env/lib/python3.8/site-packages/airflow/example_dags/example_python_operator.py
[2021-11-24 13:07:33,204] {logging_mixin.py:109} INFO - [2021-11-24 13:07:33,204] {dag.py:2389} INFO - Sync 1 DAGs
[2021-11-24 13:07:33,213] {logging_mixin.py:109} INFO - [2021-11-24 13:07:33,213] {dag.py:2921} INFO - Setting next_dagrun for example_python_operator to None
[2021-11-24 13:07:33,220] {processor.py:171} INFO - Processing /home/dante/DWBI/Apache/py_env/lib/python3.8/site-packages/airflow/example_dags/example_python_operator.py took 0.042 seconds
[2021-11-24 13:08:06,167] {processor.py:163} INFO - Started process (PID=43488) to work on /home/dante/DWBI/Apache/py_env/lib/python3.8/site-packages/airflow/example_dags/example_python_operator.py
[2021-11-24 13:08:06,168] {processor.py:620} INFO - Processing file /home/dante/DWBI/Apache/py_env/lib/python3.8/site-packages/airflow/example_dags/example_python_operator.py for tasks to queue
[2021-11-24 13:08:06,169] {logging_mixin.py:109} INFO - [2021-11-24 13:08:06,169] {dagbag.py:500} INFO - Filling up the DagBag from /home/dante/DWBI/Apache/py_env/lib/python3.8/site-packages/airflow/example_dags/example_python_operator.py
[2021-11-24 13:08:06,196] {processor.py:632} INFO - DAG(s) dict_keys(['example_python_operator']) retrieved from /home/dante/DWBI/Apache/py_env/lib/python3.8/site-packages/airflow/example_dags/example_python_operator.py
[2021-11-24 13:08:06,205] {logging_mixin.py:109} INFO - [2021-11-24 13:08:06,205] {dag.py:2389} INFO - Sync 1 DAGs
[2021-11-24 13:08:06,214] {logging_mixin.py:109} INFO - [2021-11-24 13:08:06,214] {dag.py:2921} INFO - Setting next_dagrun for example_python_operator to None
[2021-11-24 13:08:06,221] {processor.py:171} INFO - Processing /home/dante/DWBI/Apache/py_env/lib/python3.8/site-packages/airflow/example_dags/example_python_operator.py took 0.057 seconds
[2021-11-24 13:08:46,521] {processor.py:163} INFO - Started process (PID=43564) to work on /home/dante/DWBI/Apache/py_env/lib/python3.8/site-packages/airflow/example_dags/example_python_operator.py
[2021-11-24 13:08:46,530] {processor.py:620} INFO - Processing file /home/dante/DWBI/Apache/py_env/lib/python3.8/site-packages/airflow/example_dags/example_python_operator.py for tasks to queue
[2021-11-24 13:08:46,531] {logging_mixin.py:109} INFO - [2021-11-24 13:08:46,531] {dagbag.py:500} INFO - Filling up the DagBag from /home/dante/DWBI/Apache/py_env/lib/python3.8/site-packages/airflow/example_dags/example_python_operator.py
[2021-11-24 13:08:46,553] {processor.py:632} INFO - DAG(s) dict_keys(['example_python_operator']) retrieved from /home/dante/DWBI/Apache/py_env/lib/python3.8/site-packages/airflow/example_dags/example_python_operator.py
[2021-11-24 13:08:46,562] {logging_mixin.py:109} INFO - [2021-11-24 13:08:46,562] {dag.py:2389} INFO - Sync 1 DAGs
[2021-11-24 13:08:46,572] {logging_mixin.py:109} INFO - [2021-11-24 13:08:46,572] {dag.py:2921} INFO - Setting next_dagrun for example_python_operator to None
[2021-11-24 13:08:46,579] {processor.py:171} INFO - Processing /home/dante/DWBI/Apache/py_env/lib/python3.8/site-packages/airflow/example_dags/example_python_operator.py took 0.060 seconds
[2021-11-24 13:09:21,774] {processor.py:163} INFO - Started process (PID=43625) to work on /home/dante/DWBI/Apache/py_env/lib/python3.8/site-packages/airflow/example_dags/example_python_operator.py
[2021-11-24 13:09:21,784] {processor.py:620} INFO - Processing file /home/dante/DWBI/Apache/py_env/lib/python3.8/site-packages/airflow/example_dags/example_python_operator.py for tasks to queue
[2021-11-24 13:09:21,785] {logging_mixin.py:109} INFO - [2021-11-24 13:09:21,784] {dagbag.py:500} INFO - Filling up the DagBag from /home/dante/DWBI/Apache/py_env/lib/python3.8/site-packages/airflow/example_dags/example_python_operator.py
[2021-11-24 13:09:21,812] {processor.py:632} INFO - DAG(s) dict_keys(['example_python_operator']) retrieved from /home/dante/DWBI/Apache/py_env/lib/python3.8/site-packages/airflow/example_dags/example_python_operator.py
[2021-11-24 13:09:21,821] {logging_mixin.py:109} INFO - [2021-11-24 13:09:21,821] {dag.py:2389} INFO - Sync 1 DAGs
[2021-11-24 13:09:21,830] {logging_mixin.py:109} INFO - [2021-11-24 13:09:21,830] {dag.py:2921} INFO - Setting next_dagrun for example_python_operator to None
[2021-11-24 13:09:21,853] {processor.py:171} INFO - Processing /home/dante/DWBI/Apache/py_env/lib/python3.8/site-packages/airflow/example_dags/example_python_operator.py took 0.081 seconds
[2021-11-24 13:10:02,899] {processor.py:163} INFO - Started process (PID=43815) to work on /home/dante/DWBI/Apache/py_env/lib/python3.8/site-packages/airflow/example_dags/example_python_operator.py
[2021-11-24 13:10:02,901] {processor.py:620} INFO - Processing file /home/dante/DWBI/Apache/py_env/lib/python3.8/site-packages/airflow/example_dags/example_python_operator.py for tasks to queue
[2021-11-24 13:10:02,901] {logging_mixin.py:109} INFO - [2021-11-24 13:10:02,901] {dagbag.py:500} INFO - Filling up the DagBag from /home/dante/DWBI/Apache/py_env/lib/python3.8/site-packages/airflow/example_dags/example_python_operator.py
[2021-11-24 13:10:02,918] {processor.py:632} INFO - DAG(s) dict_keys(['example_python_operator']) retrieved from /home/dante/DWBI/Apache/py_env/lib/python3.8/site-packages/airflow/example_dags/example_python_operator.py
[2021-11-24 13:10:02,925] {logging_mixin.py:109} INFO - [2021-11-24 13:10:02,925] {dag.py:2389} INFO - Sync 1 DAGs
[2021-11-24 13:10:02,934] {logging_mixin.py:109} INFO - [2021-11-24 13:10:02,934] {dag.py:2921} INFO - Setting next_dagrun for example_python_operator to None
[2021-11-24 13:10:02,941] {processor.py:171} INFO - Processing /home/dante/DWBI/Apache/py_env/lib/python3.8/site-packages/airflow/example_dags/example_python_operator.py took 0.044 seconds
[2021-11-24 13:10:36,427] {processor.py:163} INFO - Started process (PID=44000) to work on /home/dante/DWBI/Apache/py_env/lib/python3.8/site-packages/airflow/example_dags/example_python_operator.py
[2021-11-24 13:10:36,431] {processor.py:620} INFO - Processing file /home/dante/DWBI/Apache/py_env/lib/python3.8/site-packages/airflow/example_dags/example_python_operator.py for tasks to queue
[2021-11-24 13:10:36,432] {logging_mixin.py:109} INFO - [2021-11-24 13:10:36,432] {dagbag.py:500} INFO - Filling up the DagBag from /home/dante/DWBI/Apache/py_env/lib/python3.8/site-packages/airflow/example_dags/example_python_operator.py
[2021-11-24 13:10:36,460] {processor.py:632} INFO - DAG(s) dict_keys(['example_python_operator']) retrieved from /home/dante/DWBI/Apache/py_env/lib/python3.8/site-packages/airflow/example_dags/example_python_operator.py
[2021-11-24 13:10:36,467] {logging_mixin.py:109} INFO - [2021-11-24 13:10:36,467] {dag.py:2389} INFO - Sync 1 DAGs
[2021-11-24 13:10:36,476] {logging_mixin.py:109} INFO - [2021-11-24 13:10:36,476] {dag.py:2921} INFO - Setting next_dagrun for example_python_operator to None
[2021-11-24 13:10:36,483] {processor.py:171} INFO - Processing /home/dante/DWBI/Apache/py_env/lib/python3.8/site-packages/airflow/example_dags/example_python_operator.py took 0.064 seconds
[2021-11-24 13:11:12,997] {processor.py:163} INFO - Started process (PID=44144) to work on /home/dante/DWBI/Apache/py_env/lib/python3.8/site-packages/airflow/example_dags/example_python_operator.py
[2021-11-24 13:11:13,000] {processor.py:620} INFO - Processing file /home/dante/DWBI/Apache/py_env/lib/python3.8/site-packages/airflow/example_dags/example_python_operator.py for tasks to queue
[2021-11-24 13:11:13,000] {logging_mixin.py:109} INFO - [2021-11-24 13:11:13,000] {dagbag.py:500} INFO - Filling up the DagBag from /home/dante/DWBI/Apache/py_env/lib/python3.8/site-packages/airflow/example_dags/example_python_operator.py
[2021-11-24 13:11:13,019] {processor.py:632} INFO - DAG(s) dict_keys(['example_python_operator']) retrieved from /home/dante/DWBI/Apache/py_env/lib/python3.8/site-packages/airflow/example_dags/example_python_operator.py
[2021-11-24 13:11:13,027] {logging_mixin.py:109} INFO - [2021-11-24 13:11:13,027] {dag.py:2389} INFO - Sync 1 DAGs
[2021-11-24 13:11:13,036] {logging_mixin.py:109} INFO - [2021-11-24 13:11:13,036] {dag.py:2921} INFO - Setting next_dagrun for example_python_operator to None
[2021-11-24 13:11:13,043] {processor.py:171} INFO - Processing /home/dante/DWBI/Apache/py_env/lib/python3.8/site-packages/airflow/example_dags/example_python_operator.py took 0.048 seconds
[2021-11-24 13:11:49,533] {processor.py:163} INFO - Started process (PID=44250) to work on /home/dante/DWBI/Apache/py_env/lib/python3.8/site-packages/airflow/example_dags/example_python_operator.py
[2021-11-24 13:11:49,539] {processor.py:620} INFO - Processing file /home/dante/DWBI/Apache/py_env/lib/python3.8/site-packages/airflow/example_dags/example_python_operator.py for tasks to queue
[2021-11-24 13:11:49,540] {logging_mixin.py:109} INFO - [2021-11-24 13:11:49,539] {dagbag.py:500} INFO - Filling up the DagBag from /home/dante/DWBI/Apache/py_env/lib/python3.8/site-packages/airflow/example_dags/example_python_operator.py
[2021-11-24 13:11:49,559] {processor.py:632} INFO - DAG(s) dict_keys(['example_python_operator']) retrieved from /home/dante/DWBI/Apache/py_env/lib/python3.8/site-packages/airflow/example_dags/example_python_operator.py
[2021-11-24 13:11:49,567] {logging_mixin.py:109} INFO - [2021-11-24 13:11:49,567] {dag.py:2389} INFO - Sync 1 DAGs
[2021-11-24 13:11:49,576] {logging_mixin.py:109} INFO - [2021-11-24 13:11:49,576] {dag.py:2921} INFO - Setting next_dagrun for example_python_operator to None
[2021-11-24 13:11:49,600] {processor.py:171} INFO - Processing /home/dante/DWBI/Apache/py_env/lib/python3.8/site-packages/airflow/example_dags/example_python_operator.py took 0.070 seconds
[2021-11-24 13:12:29,332] {processor.py:163} INFO - Started process (PID=44314) to work on /home/dante/DWBI/Apache/py_env/lib/python3.8/site-packages/airflow/example_dags/example_python_operator.py
[2021-11-24 13:12:29,341] {processor.py:620} INFO - Processing file /home/dante/DWBI/Apache/py_env/lib/python3.8/site-packages/airflow/example_dags/example_python_operator.py for tasks to queue
[2021-11-24 13:12:29,342] {logging_mixin.py:109} INFO - [2021-11-24 13:12:29,342] {dagbag.py:500} INFO - Filling up the DagBag from /home/dante/DWBI/Apache/py_env/lib/python3.8/site-packages/airflow/example_dags/example_python_operator.py
[2021-11-24 13:12:29,356] {processor.py:632} INFO - DAG(s) dict_keys(['example_python_operator']) retrieved from /home/dante/DWBI/Apache/py_env/lib/python3.8/site-packages/airflow/example_dags/example_python_operator.py
[2021-11-24 13:12:29,362] {logging_mixin.py:109} INFO - [2021-11-24 13:12:29,362] {dag.py:2389} INFO - Sync 1 DAGs
[2021-11-24 13:12:29,371] {logging_mixin.py:109} INFO - [2021-11-24 13:12:29,371] {dag.py:2921} INFO - Setting next_dagrun for example_python_operator to None
[2021-11-24 13:12:29,401] {processor.py:171} INFO - Processing /home/dante/DWBI/Apache/py_env/lib/python3.8/site-packages/airflow/example_dags/example_python_operator.py took 0.071 seconds
[2021-11-24 13:13:06,901] {processor.py:163} INFO - Started process (PID=44461) to work on /home/dante/DWBI/Apache/py_env/lib/python3.8/site-packages/airflow/example_dags/example_python_operator.py
[2021-11-24 13:13:06,910] {processor.py:620} INFO - Processing file /home/dante/DWBI/Apache/py_env/lib/python3.8/site-packages/airflow/example_dags/example_python_operator.py for tasks to queue
[2021-11-24 13:13:06,910] {logging_mixin.py:109} INFO - [2021-11-24 13:13:06,910] {dagbag.py:500} INFO - Filling up the DagBag from /home/dante/DWBI/Apache/py_env/lib/python3.8/site-packages/airflow/example_dags/example_python_operator.py
[2021-11-24 13:13:06,925] {processor.py:632} INFO - DAG(s) dict_keys(['example_python_operator']) retrieved from /home/dante/DWBI/Apache/py_env/lib/python3.8/site-packages/airflow/example_dags/example_python_operator.py
[2021-11-24 13:13:06,932] {logging_mixin.py:109} INFO - [2021-11-24 13:13:06,932] {dag.py:2389} INFO - Sync 1 DAGs
[2021-11-24 13:13:06,941] {logging_mixin.py:109} INFO - [2021-11-24 13:13:06,941] {dag.py:2921} INFO - Setting next_dagrun for example_python_operator to None
[2021-11-24 13:13:06,949] {processor.py:171} INFO - Processing /home/dante/DWBI/Apache/py_env/lib/python3.8/site-packages/airflow/example_dags/example_python_operator.py took 0.049 seconds
[2021-11-24 13:13:41,241] {processor.py:163} INFO - Started process (PID=44523) to work on /home/dante/DWBI/Apache/py_env/lib/python3.8/site-packages/airflow/example_dags/example_python_operator.py
[2021-11-24 13:13:41,250] {processor.py:620} INFO - Processing file /home/dante/DWBI/Apache/py_env/lib/python3.8/site-packages/airflow/example_dags/example_python_operator.py for tasks to queue
[2021-11-24 13:13:41,251] {logging_mixin.py:109} INFO - [2021-11-24 13:13:41,251] {dagbag.py:500} INFO - Filling up the DagBag from /home/dante/DWBI/Apache/py_env/lib/python3.8/site-packages/airflow/example_dags/example_python_operator.py
[2021-11-24 13:13:41,275] {processor.py:632} INFO - DAG(s) dict_keys(['example_python_operator']) retrieved from /home/dante/DWBI/Apache/py_env/lib/python3.8/site-packages/airflow/example_dags/example_python_operator.py
[2021-11-24 13:13:41,282] {logging_mixin.py:109} INFO - [2021-11-24 13:13:41,282] {dag.py:2389} INFO - Sync 1 DAGs
[2021-11-24 13:13:41,294] {logging_mixin.py:109} INFO - [2021-11-24 13:13:41,293] {dag.py:2921} INFO - Setting next_dagrun for example_python_operator to None
[2021-11-24 13:13:41,321] {processor.py:171} INFO - Processing /home/dante/DWBI/Apache/py_env/lib/python3.8/site-packages/airflow/example_dags/example_python_operator.py took 0.084 seconds
[2021-11-24 13:14:18,335] {processor.py:163} INFO - Started process (PID=44578) to work on /home/dante/DWBI/Apache/py_env/lib/python3.8/site-packages/airflow/example_dags/example_python_operator.py
[2021-11-24 13:14:18,345] {processor.py:620} INFO - Processing file /home/dante/DWBI/Apache/py_env/lib/python3.8/site-packages/airflow/example_dags/example_python_operator.py for tasks to queue
[2021-11-24 13:14:18,346] {logging_mixin.py:109} INFO - [2021-11-24 13:14:18,346] {dagbag.py:500} INFO - Filling up the DagBag from /home/dante/DWBI/Apache/py_env/lib/python3.8/site-packages/airflow/example_dags/example_python_operator.py
[2021-11-24 13:14:18,370] {processor.py:632} INFO - DAG(s) dict_keys(['example_python_operator']) retrieved from /home/dante/DWBI/Apache/py_env/lib/python3.8/site-packages/airflow/example_dags/example_python_operator.py
[2021-11-24 13:14:18,379] {logging_mixin.py:109} INFO - [2021-11-24 13:14:18,379] {dag.py:2389} INFO - Sync 1 DAGs
[2021-11-24 13:14:18,389] {logging_mixin.py:109} INFO - [2021-11-24 13:14:18,389] {dag.py:2921} INFO - Setting next_dagrun for example_python_operator to None
[2021-11-24 13:14:18,408] {processor.py:171} INFO - Processing /home/dante/DWBI/Apache/py_env/lib/python3.8/site-packages/airflow/example_dags/example_python_operator.py took 0.076 seconds
[2021-11-24 13:14:58,310] {processor.py:163} INFO - Started process (PID=44737) to work on /home/dante/DWBI/Apache/py_env/lib/python3.8/site-packages/airflow/example_dags/example_python_operator.py
[2021-11-24 13:14:58,320] {processor.py:620} INFO - Processing file /home/dante/DWBI/Apache/py_env/lib/python3.8/site-packages/airflow/example_dags/example_python_operator.py for tasks to queue
[2021-11-24 13:14:58,321] {logging_mixin.py:109} INFO - [2021-11-24 13:14:58,320] {dagbag.py:500} INFO - Filling up the DagBag from /home/dante/DWBI/Apache/py_env/lib/python3.8/site-packages/airflow/example_dags/example_python_operator.py
[2021-11-24 13:14:58,339] {processor.py:632} INFO - DAG(s) dict_keys(['example_python_operator']) retrieved from /home/dante/DWBI/Apache/py_env/lib/python3.8/site-packages/airflow/example_dags/example_python_operator.py
[2021-11-24 13:14:58,347] {logging_mixin.py:109} INFO - [2021-11-24 13:14:58,347] {dag.py:2389} INFO - Sync 1 DAGs
[2021-11-24 13:14:58,357] {logging_mixin.py:109} INFO - [2021-11-24 13:14:58,357] {dag.py:2921} INFO - Setting next_dagrun for example_python_operator to None
[2021-11-24 13:14:58,366] {processor.py:171} INFO - Processing /home/dante/DWBI/Apache/py_env/lib/python3.8/site-packages/airflow/example_dags/example_python_operator.py took 0.058 seconds
[2021-11-24 13:15:38,013] {processor.py:163} INFO - Started process (PID=44816) to work on /home/dante/DWBI/Apache/py_env/lib/python3.8/site-packages/airflow/example_dags/example_python_operator.py
[2021-11-24 13:15:38,024] {processor.py:620} INFO - Processing file /home/dante/DWBI/Apache/py_env/lib/python3.8/site-packages/airflow/example_dags/example_python_operator.py for tasks to queue
[2021-11-24 13:15:38,026] {logging_mixin.py:109} INFO - [2021-11-24 13:15:38,026] {dagbag.py:500} INFO - Filling up the DagBag from /home/dante/DWBI/Apache/py_env/lib/python3.8/site-packages/airflow/example_dags/example_python_operator.py
[2021-11-24 13:15:38,057] {processor.py:632} INFO - DAG(s) dict_keys(['example_python_operator']) retrieved from /home/dante/DWBI/Apache/py_env/lib/python3.8/site-packages/airflow/example_dags/example_python_operator.py
[2021-11-24 13:15:38,065] {logging_mixin.py:109} INFO - [2021-11-24 13:15:38,064] {dag.py:2389} INFO - Sync 1 DAGs
[2021-11-24 13:15:38,074] {logging_mixin.py:109} INFO - [2021-11-24 13:15:38,074] {dag.py:2921} INFO - Setting next_dagrun for example_python_operator to None
[2021-11-24 13:15:38,093] {processor.py:171} INFO - Processing /home/dante/DWBI/Apache/py_env/lib/python3.8/site-packages/airflow/example_dags/example_python_operator.py took 0.087 seconds
[2021-11-24 13:16:18,985] {processor.py:163} INFO - Started process (PID=45344) to work on /home/dante/DWBI/Apache/py_env/lib/python3.8/site-packages/airflow/example_dags/example_python_operator.py
[2021-11-24 13:16:18,987] {processor.py:620} INFO - Processing file /home/dante/DWBI/Apache/py_env/lib/python3.8/site-packages/airflow/example_dags/example_python_operator.py for tasks to queue
[2021-11-24 13:16:18,988] {logging_mixin.py:109} INFO - [2021-11-24 13:16:18,988] {dagbag.py:500} INFO - Filling up the DagBag from /home/dante/DWBI/Apache/py_env/lib/python3.8/site-packages/airflow/example_dags/example_python_operator.py
[2021-11-24 13:16:19,008] {processor.py:632} INFO - DAG(s) dict_keys(['example_python_operator']) retrieved from /home/dante/DWBI/Apache/py_env/lib/python3.8/site-packages/airflow/example_dags/example_python_operator.py
[2021-11-24 13:16:19,016] {logging_mixin.py:109} INFO - [2021-11-24 13:16:19,016] {dag.py:2389} INFO - Sync 1 DAGs
[2021-11-24 13:16:19,026] {logging_mixin.py:109} INFO - [2021-11-24 13:16:19,026] {dag.py:2921} INFO - Setting next_dagrun for example_python_operator to None
[2021-11-24 13:16:19,037] {processor.py:171} INFO - Processing /home/dante/DWBI/Apache/py_env/lib/python3.8/site-packages/airflow/example_dags/example_python_operator.py took 0.054 seconds
[2021-11-24 13:16:55,016] {processor.py:163} INFO - Started process (PID=45436) to work on /home/dante/DWBI/Apache/py_env/lib/python3.8/site-packages/airflow/example_dags/example_python_operator.py
[2021-11-24 13:16:55,027] {processor.py:620} INFO - Processing file /home/dante/DWBI/Apache/py_env/lib/python3.8/site-packages/airflow/example_dags/example_python_operator.py for tasks to queue
[2021-11-24 13:16:55,029] {logging_mixin.py:109} INFO - [2021-11-24 13:16:55,028] {dagbag.py:500} INFO - Filling up the DagBag from /home/dante/DWBI/Apache/py_env/lib/python3.8/site-packages/airflow/example_dags/example_python_operator.py
[2021-11-24 13:16:55,061] {processor.py:632} INFO - DAG(s) dict_keys(['example_python_operator']) retrieved from /home/dante/DWBI/Apache/py_env/lib/python3.8/site-packages/airflow/example_dags/example_python_operator.py
[2021-11-24 13:16:55,068] {logging_mixin.py:109} INFO - [2021-11-24 13:16:55,068] {dag.py:2389} INFO - Sync 1 DAGs
[2021-11-24 13:16:55,077] {logging_mixin.py:109} INFO - [2021-11-24 13:16:55,077] {dag.py:2921} INFO - Setting next_dagrun for example_python_operator to None
[2021-11-24 13:16:55,099] {processor.py:171} INFO - Processing /home/dante/DWBI/Apache/py_env/lib/python3.8/site-packages/airflow/example_dags/example_python_operator.py took 0.090 seconds
[2021-11-24 13:17:32,930] {processor.py:163} INFO - Started process (PID=45568) to work on /home/dante/DWBI/Apache/py_env/lib/python3.8/site-packages/airflow/example_dags/example_python_operator.py
[2021-11-24 13:17:32,933] {processor.py:620} INFO - Processing file /home/dante/DWBI/Apache/py_env/lib/python3.8/site-packages/airflow/example_dags/example_python_operator.py for tasks to queue
[2021-11-24 13:17:32,935] {logging_mixin.py:109} INFO - [2021-11-24 13:17:32,934] {dagbag.py:500} INFO - Filling up the DagBag from /home/dante/DWBI/Apache/py_env/lib/python3.8/site-packages/airflow/example_dags/example_python_operator.py
[2021-11-24 13:17:32,960] {processor.py:632} INFO - DAG(s) dict_keys(['example_python_operator']) retrieved from /home/dante/DWBI/Apache/py_env/lib/python3.8/site-packages/airflow/example_dags/example_python_operator.py
[2021-11-24 13:17:32,970] {logging_mixin.py:109} INFO - [2021-11-24 13:17:32,969] {dag.py:2389} INFO - Sync 1 DAGs
[2021-11-24 13:17:32,981] {logging_mixin.py:109} INFO - [2021-11-24 13:17:32,981] {dag.py:2921} INFO - Setting next_dagrun for example_python_operator to None
[2021-11-24 13:17:32,990] {processor.py:171} INFO - Processing /home/dante/DWBI/Apache/py_env/lib/python3.8/site-packages/airflow/example_dags/example_python_operator.py took 0.067 seconds
[2021-11-24 13:18:11,158] {processor.py:163} INFO - Started process (PID=45625) to work on /home/dante/DWBI/Apache/py_env/lib/python3.8/site-packages/airflow/example_dags/example_python_operator.py
[2021-11-24 13:18:11,168] {processor.py:620} INFO - Processing file /home/dante/DWBI/Apache/py_env/lib/python3.8/site-packages/airflow/example_dags/example_python_operator.py for tasks to queue
[2021-11-24 13:18:11,169] {logging_mixin.py:109} INFO - [2021-11-24 13:18:11,169] {dagbag.py:500} INFO - Filling up the DagBag from /home/dante/DWBI/Apache/py_env/lib/python3.8/site-packages/airflow/example_dags/example_python_operator.py
[2021-11-24 13:18:11,206] {processor.py:632} INFO - DAG(s) dict_keys(['example_python_operator']) retrieved from /home/dante/DWBI/Apache/py_env/lib/python3.8/site-packages/airflow/example_dags/example_python_operator.py
[2021-11-24 13:18:11,214] {logging_mixin.py:109} INFO - [2021-11-24 13:18:11,214] {dag.py:2389} INFO - Sync 1 DAGs
[2021-11-24 13:18:11,223] {logging_mixin.py:109} INFO - [2021-11-24 13:18:11,223] {dag.py:2921} INFO - Setting next_dagrun for example_python_operator to None
[2021-11-24 13:18:11,236] {processor.py:171} INFO - Processing /home/dante/DWBI/Apache/py_env/lib/python3.8/site-packages/airflow/example_dags/example_python_operator.py took 0.081 seconds
[2021-11-24 13:18:50,292] {processor.py:163} INFO - Started process (PID=45702) to work on /home/dante/DWBI/Apache/py_env/lib/python3.8/site-packages/airflow/example_dags/example_python_operator.py
[2021-11-24 13:18:50,293] {processor.py:620} INFO - Processing file /home/dante/DWBI/Apache/py_env/lib/python3.8/site-packages/airflow/example_dags/example_python_operator.py for tasks to queue
[2021-11-24 13:18:50,294] {logging_mixin.py:109} INFO - [2021-11-24 13:18:50,294] {dagbag.py:500} INFO - Filling up the DagBag from /home/dante/DWBI/Apache/py_env/lib/python3.8/site-packages/airflow/example_dags/example_python_operator.py
[2021-11-24 13:18:50,311] {processor.py:632} INFO - DAG(s) dict_keys(['example_python_operator']) retrieved from /home/dante/DWBI/Apache/py_env/lib/python3.8/site-packages/airflow/example_dags/example_python_operator.py
[2021-11-24 13:18:50,318] {logging_mixin.py:109} INFO - [2021-11-24 13:18:50,318] {dag.py:2389} INFO - Sync 1 DAGs
[2021-11-24 13:18:50,328] {logging_mixin.py:109} INFO - [2021-11-24 13:18:50,328] {dag.py:2921} INFO - Setting next_dagrun for example_python_operator to None
[2021-11-24 13:18:50,336] {processor.py:171} INFO - Processing /home/dante/DWBI/Apache/py_env/lib/python3.8/site-packages/airflow/example_dags/example_python_operator.py took 0.046 seconds
[2021-11-24 13:19:28,080] {processor.py:163} INFO - Started process (PID=45755) to work on /home/dante/DWBI/Apache/py_env/lib/python3.8/site-packages/airflow/example_dags/example_python_operator.py
[2021-11-24 13:19:28,090] {processor.py:620} INFO - Processing file /home/dante/DWBI/Apache/py_env/lib/python3.8/site-packages/airflow/example_dags/example_python_operator.py for tasks to queue
[2021-11-24 13:19:28,091] {logging_mixin.py:109} INFO - [2021-11-24 13:19:28,091] {dagbag.py:500} INFO - Filling up the DagBag from /home/dante/DWBI/Apache/py_env/lib/python3.8/site-packages/airflow/example_dags/example_python_operator.py
[2021-11-24 13:19:28,112] {processor.py:632} INFO - DAG(s) dict_keys(['example_python_operator']) retrieved from /home/dante/DWBI/Apache/py_env/lib/python3.8/site-packages/airflow/example_dags/example_python_operator.py
[2021-11-24 13:19:28,121] {logging_mixin.py:109} INFO - [2021-11-24 13:19:28,121] {dag.py:2389} INFO - Sync 1 DAGs
[2021-11-24 13:19:28,131] {logging_mixin.py:109} INFO - [2021-11-24 13:19:28,131] {dag.py:2921} INFO - Setting next_dagrun for example_python_operator to None
[2021-11-24 13:19:28,141] {processor.py:171} INFO - Processing /home/dante/DWBI/Apache/py_env/lib/python3.8/site-packages/airflow/example_dags/example_python_operator.py took 0.063 seconds
[2021-11-24 13:20:02,243] {processor.py:163} INFO - Started process (PID=45799) to work on /home/dante/DWBI/Apache/py_env/lib/python3.8/site-packages/airflow/example_dags/example_python_operator.py
[2021-11-24 13:20:02,252] {processor.py:620} INFO - Processing file /home/dante/DWBI/Apache/py_env/lib/python3.8/site-packages/airflow/example_dags/example_python_operator.py for tasks to queue
[2021-11-24 13:20:02,253] {logging_mixin.py:109} INFO - [2021-11-24 13:20:02,252] {dagbag.py:500} INFO - Filling up the DagBag from /home/dante/DWBI/Apache/py_env/lib/python3.8/site-packages/airflow/example_dags/example_python_operator.py
[2021-11-24 13:20:02,269] {processor.py:632} INFO - DAG(s) dict_keys(['example_python_operator']) retrieved from /home/dante/DWBI/Apache/py_env/lib/python3.8/site-packages/airflow/example_dags/example_python_operator.py
[2021-11-24 13:20:02,277] {logging_mixin.py:109} INFO - [2021-11-24 13:20:02,276] {dag.py:2389} INFO - Sync 1 DAGs
[2021-11-24 13:20:02,286] {logging_mixin.py:109} INFO - [2021-11-24 13:20:02,286] {dag.py:2921} INFO - Setting next_dagrun for example_python_operator to None
[2021-11-24 13:20:02,313] {processor.py:171} INFO - Processing /home/dante/DWBI/Apache/py_env/lib/python3.8/site-packages/airflow/example_dags/example_python_operator.py took 0.073 seconds
[2021-11-24 13:20:36,445] {processor.py:163} INFO - Started process (PID=45846) to work on /home/dante/DWBI/Apache/py_env/lib/python3.8/site-packages/airflow/example_dags/example_python_operator.py
[2021-11-24 13:20:36,448] {processor.py:620} INFO - Processing file /home/dante/DWBI/Apache/py_env/lib/python3.8/site-packages/airflow/example_dags/example_python_operator.py for tasks to queue
[2021-11-24 13:20:36,449] {logging_mixin.py:109} INFO - [2021-11-24 13:20:36,449] {dagbag.py:500} INFO - Filling up the DagBag from /home/dante/DWBI/Apache/py_env/lib/python3.8/site-packages/airflow/example_dags/example_python_operator.py
[2021-11-24 13:20:36,479] {processor.py:632} INFO - DAG(s) dict_keys(['example_python_operator']) retrieved from /home/dante/DWBI/Apache/py_env/lib/python3.8/site-packages/airflow/example_dags/example_python_operator.py
[2021-11-24 13:20:36,486] {logging_mixin.py:109} INFO - [2021-11-24 13:20:36,486] {dag.py:2389} INFO - Sync 1 DAGs
[2021-11-24 13:20:36,495] {logging_mixin.py:109} INFO - [2021-11-24 13:20:36,495] {dag.py:2921} INFO - Setting next_dagrun for example_python_operator to None
[2021-11-24 13:20:36,503] {processor.py:171} INFO - Processing /home/dante/DWBI/Apache/py_env/lib/python3.8/site-packages/airflow/example_dags/example_python_operator.py took 0.064 seconds
[2021-11-24 13:21:10,739] {processor.py:163} INFO - Started process (PID=45905) to work on /home/dante/DWBI/Apache/py_env/lib/python3.8/site-packages/airflow/example_dags/example_python_operator.py
[2021-11-24 13:21:10,751] {processor.py:620} INFO - Processing file /home/dante/DWBI/Apache/py_env/lib/python3.8/site-packages/airflow/example_dags/example_python_operator.py for tasks to queue
[2021-11-24 13:21:10,753] {logging_mixin.py:109} INFO - [2021-11-24 13:21:10,752] {dagbag.py:500} INFO - Filling up the DagBag from /home/dante/DWBI/Apache/py_env/lib/python3.8/site-packages/airflow/example_dags/example_python_operator.py
[2021-11-24 13:21:10,770] {processor.py:632} INFO - DAG(s) dict_keys(['example_python_operator']) retrieved from /home/dante/DWBI/Apache/py_env/lib/python3.8/site-packages/airflow/example_dags/example_python_operator.py
[2021-11-24 13:21:10,777] {logging_mixin.py:109} INFO - [2021-11-24 13:21:10,777] {dag.py:2389} INFO - Sync 1 DAGs
[2021-11-24 13:21:10,786] {logging_mixin.py:109} INFO - [2021-11-24 13:21:10,786] {dag.py:2921} INFO - Setting next_dagrun for example_python_operator to None
[2021-11-24 13:21:10,794] {processor.py:171} INFO - Processing /home/dante/DWBI/Apache/py_env/lib/python3.8/site-packages/airflow/example_dags/example_python_operator.py took 0.061 seconds
[2021-11-24 13:21:51,573] {processor.py:163} INFO - Started process (PID=45999) to work on /home/dante/DWBI/Apache/py_env/lib/python3.8/site-packages/airflow/example_dags/example_python_operator.py
[2021-11-24 13:21:51,576] {processor.py:620} INFO - Processing file /home/dante/DWBI/Apache/py_env/lib/python3.8/site-packages/airflow/example_dags/example_python_operator.py for tasks to queue
[2021-11-24 13:21:51,578] {logging_mixin.py:109} INFO - [2021-11-24 13:21:51,578] {dagbag.py:500} INFO - Filling up the DagBag from /home/dante/DWBI/Apache/py_env/lib/python3.8/site-packages/airflow/example_dags/example_python_operator.py
[2021-11-24 13:21:51,616] {processor.py:632} INFO - DAG(s) dict_keys(['example_python_operator']) retrieved from /home/dante/DWBI/Apache/py_env/lib/python3.8/site-packages/airflow/example_dags/example_python_operator.py
[2021-11-24 13:21:51,624] {logging_mixin.py:109} INFO - [2021-11-24 13:21:51,624] {dag.py:2389} INFO - Sync 1 DAGs
[2021-11-24 13:21:51,633] {logging_mixin.py:109} INFO - [2021-11-24 13:21:51,633] {dag.py:2921} INFO - Setting next_dagrun for example_python_operator to None
[2021-11-24 13:21:51,640] {processor.py:171} INFO - Processing /home/dante/DWBI/Apache/py_env/lib/python3.8/site-packages/airflow/example_dags/example_python_operator.py took 0.069 seconds
[2021-11-24 13:22:29,526] {processor.py:163} INFO - Started process (PID=46066) to work on /home/dante/DWBI/Apache/py_env/lib/python3.8/site-packages/airflow/example_dags/example_python_operator.py
[2021-11-24 13:22:29,530] {processor.py:620} INFO - Processing file /home/dante/DWBI/Apache/py_env/lib/python3.8/site-packages/airflow/example_dags/example_python_operator.py for tasks to queue
[2021-11-24 13:22:29,532] {logging_mixin.py:109} INFO - [2021-11-24 13:22:29,531] {dagbag.py:500} INFO - Filling up the DagBag from /home/dante/DWBI/Apache/py_env/lib/python3.8/site-packages/airflow/example_dags/example_python_operator.py
[2021-11-24 13:22:29,563] {processor.py:632} INFO - DAG(s) dict_keys(['example_python_operator']) retrieved from /home/dante/DWBI/Apache/py_env/lib/python3.8/site-packages/airflow/example_dags/example_python_operator.py
[2021-11-24 13:22:29,571] {logging_mixin.py:109} INFO - [2021-11-24 13:22:29,571] {dag.py:2389} INFO - Sync 1 DAGs
[2021-11-24 13:22:29,581] {logging_mixin.py:109} INFO - [2021-11-24 13:22:29,580] {dag.py:2921} INFO - Setting next_dagrun for example_python_operator to None
[2021-11-24 13:22:29,588] {processor.py:171} INFO - Processing /home/dante/DWBI/Apache/py_env/lib/python3.8/site-packages/airflow/example_dags/example_python_operator.py took 0.068 seconds
[2021-11-24 13:23:05,487] {processor.py:163} INFO - Started process (PID=46441) to work on /home/dante/DWBI/Apache/py_env/lib/python3.8/site-packages/airflow/example_dags/example_python_operator.py
[2021-11-24 13:23:05,498] {processor.py:620} INFO - Processing file /home/dante/DWBI/Apache/py_env/lib/python3.8/site-packages/airflow/example_dags/example_python_operator.py for tasks to queue
[2021-11-24 13:23:05,499] {logging_mixin.py:109} INFO - [2021-11-24 13:23:05,499] {dagbag.py:500} INFO - Filling up the DagBag from /home/dante/DWBI/Apache/py_env/lib/python3.8/site-packages/airflow/example_dags/example_python_operator.py
[2021-11-24 13:23:05,537] {processor.py:632} INFO - DAG(s) dict_keys(['example_python_operator']) retrieved from /home/dante/DWBI/Apache/py_env/lib/python3.8/site-packages/airflow/example_dags/example_python_operator.py
[2021-11-24 13:23:05,545] {logging_mixin.py:109} INFO - [2021-11-24 13:23:05,544] {dag.py:2389} INFO - Sync 1 DAGs
[2021-11-24 13:23:05,554] {logging_mixin.py:109} INFO - [2021-11-24 13:23:05,554] {dag.py:2921} INFO - Setting next_dagrun for example_python_operator to None
[2021-11-24 13:23:05,577] {processor.py:171} INFO - Processing /home/dante/DWBI/Apache/py_env/lib/python3.8/site-packages/airflow/example_dags/example_python_operator.py took 0.093 seconds
[2021-11-24 13:23:43,398] {processor.py:163} INFO - Started process (PID=46506) to work on /home/dante/DWBI/Apache/py_env/lib/python3.8/site-packages/airflow/example_dags/example_python_operator.py
[2021-11-24 13:23:43,409] {processor.py:620} INFO - Processing file /home/dante/DWBI/Apache/py_env/lib/python3.8/site-packages/airflow/example_dags/example_python_operator.py for tasks to queue
[2021-11-24 13:23:43,410] {logging_mixin.py:109} INFO - [2021-11-24 13:23:43,410] {dagbag.py:500} INFO - Filling up the DagBag from /home/dante/DWBI/Apache/py_env/lib/python3.8/site-packages/airflow/example_dags/example_python_operator.py
[2021-11-24 13:23:43,441] {processor.py:632} INFO - DAG(s) dict_keys(['example_python_operator']) retrieved from /home/dante/DWBI/Apache/py_env/lib/python3.8/site-packages/airflow/example_dags/example_python_operator.py
[2021-11-24 13:23:43,448] {logging_mixin.py:109} INFO - [2021-11-24 13:23:43,448] {dag.py:2389} INFO - Sync 1 DAGs
[2021-11-24 13:23:43,457] {logging_mixin.py:109} INFO - [2021-11-24 13:23:43,457] {dag.py:2921} INFO - Setting next_dagrun for example_python_operator to None
[2021-11-24 13:23:43,474] {processor.py:171} INFO - Processing /home/dante/DWBI/Apache/py_env/lib/python3.8/site-packages/airflow/example_dags/example_python_operator.py took 0.083 seconds
[2021-11-24 13:24:19,564] {processor.py:163} INFO - Started process (PID=46571) to work on /home/dante/DWBI/Apache/py_env/lib/python3.8/site-packages/airflow/example_dags/example_python_operator.py
[2021-11-24 13:24:19,576] {processor.py:620} INFO - Processing file /home/dante/DWBI/Apache/py_env/lib/python3.8/site-packages/airflow/example_dags/example_python_operator.py for tasks to queue
[2021-11-24 13:24:19,578] {logging_mixin.py:109} INFO - [2021-11-24 13:24:19,578] {dagbag.py:500} INFO - Filling up the DagBag from /home/dante/DWBI/Apache/py_env/lib/python3.8/site-packages/airflow/example_dags/example_python_operator.py
[2021-11-24 13:24:19,611] {processor.py:632} INFO - DAG(s) dict_keys(['example_python_operator']) retrieved from /home/dante/DWBI/Apache/py_env/lib/python3.8/site-packages/airflow/example_dags/example_python_operator.py
[2021-11-24 13:24:19,618] {logging_mixin.py:109} INFO - [2021-11-24 13:24:19,618] {dag.py:2389} INFO - Sync 1 DAGs
[2021-11-24 13:24:19,627] {logging_mixin.py:109} INFO - [2021-11-24 13:24:19,626] {dag.py:2921} INFO - Setting next_dagrun for example_python_operator to None
[2021-11-24 13:24:19,635] {processor.py:171} INFO - Processing /home/dante/DWBI/Apache/py_env/lib/python3.8/site-packages/airflow/example_dags/example_python_operator.py took 0.077 seconds
[2021-11-24 13:24:54,607] {processor.py:163} INFO - Started process (PID=46737) to work on /home/dante/DWBI/Apache/py_env/lib/python3.8/site-packages/airflow/example_dags/example_python_operator.py
[2021-11-24 13:24:54,610] {processor.py:620} INFO - Processing file /home/dante/DWBI/Apache/py_env/lib/python3.8/site-packages/airflow/example_dags/example_python_operator.py for tasks to queue
[2021-11-24 13:24:54,610] {logging_mixin.py:109} INFO - [2021-11-24 13:24:54,610] {dagbag.py:500} INFO - Filling up the DagBag from /home/dante/DWBI/Apache/py_env/lib/python3.8/site-packages/airflow/example_dags/example_python_operator.py
[2021-11-24 13:24:54,627] {processor.py:632} INFO - DAG(s) dict_keys(['example_python_operator']) retrieved from /home/dante/DWBI/Apache/py_env/lib/python3.8/site-packages/airflow/example_dags/example_python_operator.py
[2021-11-24 13:24:54,634] {logging_mixin.py:109} INFO - [2021-11-24 13:24:54,634] {dag.py:2389} INFO - Sync 1 DAGs
[2021-11-24 13:24:54,644] {logging_mixin.py:109} INFO - [2021-11-24 13:24:54,644] {dag.py:2921} INFO - Setting next_dagrun for example_python_operator to None
[2021-11-24 13:24:54,652] {processor.py:171} INFO - Processing /home/dante/DWBI/Apache/py_env/lib/python3.8/site-packages/airflow/example_dags/example_python_operator.py took 0.048 seconds
[2021-11-24 13:25:31,559] {processor.py:163} INFO - Started process (PID=46818) to work on /home/dante/DWBI/Apache/py_env/lib/python3.8/site-packages/airflow/example_dags/example_python_operator.py
[2021-11-24 13:25:31,564] {processor.py:620} INFO - Processing file /home/dante/DWBI/Apache/py_env/lib/python3.8/site-packages/airflow/example_dags/example_python_operator.py for tasks to queue
[2021-11-24 13:25:31,566] {logging_mixin.py:109} INFO - [2021-11-24 13:25:31,565] {dagbag.py:500} INFO - Filling up the DagBag from /home/dante/DWBI/Apache/py_env/lib/python3.8/site-packages/airflow/example_dags/example_python_operator.py
[2021-11-24 13:25:31,596] {processor.py:632} INFO - DAG(s) dict_keys(['example_python_operator']) retrieved from /home/dante/DWBI/Apache/py_env/lib/python3.8/site-packages/airflow/example_dags/example_python_operator.py
[2021-11-24 13:25:31,605] {logging_mixin.py:109} INFO - [2021-11-24 13:25:31,605] {dag.py:2389} INFO - Sync 1 DAGs
[2021-11-24 13:25:31,617] {logging_mixin.py:109} INFO - [2021-11-24 13:25:31,617] {dag.py:2921} INFO - Setting next_dagrun for example_python_operator to None
[2021-11-24 13:25:31,628] {processor.py:171} INFO - Processing /home/dante/DWBI/Apache/py_env/lib/python3.8/site-packages/airflow/example_dags/example_python_operator.py took 0.075 seconds
[2021-11-24 13:26:08,079] {processor.py:163} INFO - Started process (PID=46888) to work on /home/dante/DWBI/Apache/py_env/lib/python3.8/site-packages/airflow/example_dags/example_python_operator.py
[2021-11-24 13:26:08,084] {processor.py:620} INFO - Processing file /home/dante/DWBI/Apache/py_env/lib/python3.8/site-packages/airflow/example_dags/example_python_operator.py for tasks to queue
[2021-11-24 13:26:08,085] {logging_mixin.py:109} INFO - [2021-11-24 13:26:08,085] {dagbag.py:500} INFO - Filling up the DagBag from /home/dante/DWBI/Apache/py_env/lib/python3.8/site-packages/airflow/example_dags/example_python_operator.py
[2021-11-24 13:26:08,111] {processor.py:632} INFO - DAG(s) dict_keys(['example_python_operator']) retrieved from /home/dante/DWBI/Apache/py_env/lib/python3.8/site-packages/airflow/example_dags/example_python_operator.py
[2021-11-24 13:26:08,120] {logging_mixin.py:109} INFO - [2021-11-24 13:26:08,120] {dag.py:2389} INFO - Sync 1 DAGs
[2021-11-24 13:26:08,130] {logging_mixin.py:109} INFO - [2021-11-24 13:26:08,130] {dag.py:2921} INFO - Setting next_dagrun for example_python_operator to None
[2021-11-24 13:26:08,137] {processor.py:171} INFO - Processing /home/dante/DWBI/Apache/py_env/lib/python3.8/site-packages/airflow/example_dags/example_python_operator.py took 0.062 seconds
[2021-11-24 13:26:43,829] {processor.py:163} INFO - Started process (PID=46982) to work on /home/dante/DWBI/Apache/py_env/lib/python3.8/site-packages/airflow/example_dags/example_python_operator.py
[2021-11-24 13:26:43,831] {processor.py:620} INFO - Processing file /home/dante/DWBI/Apache/py_env/lib/python3.8/site-packages/airflow/example_dags/example_python_operator.py for tasks to queue
[2021-11-24 13:26:43,832] {logging_mixin.py:109} INFO - [2021-11-24 13:26:43,832] {dagbag.py:500} INFO - Filling up the DagBag from /home/dante/DWBI/Apache/py_env/lib/python3.8/site-packages/airflow/example_dags/example_python_operator.py
[2021-11-24 13:26:43,859] {processor.py:632} INFO - DAG(s) dict_keys(['example_python_operator']) retrieved from /home/dante/DWBI/Apache/py_env/lib/python3.8/site-packages/airflow/example_dags/example_python_operator.py
[2021-11-24 13:26:43,866] {logging_mixin.py:109} INFO - [2021-11-24 13:26:43,866] {dag.py:2389} INFO - Sync 1 DAGs
[2021-11-24 13:26:43,875] {logging_mixin.py:109} INFO - [2021-11-24 13:26:43,875] {dag.py:2921} INFO - Setting next_dagrun for example_python_operator to None
[2021-11-24 13:26:43,883] {processor.py:171} INFO - Processing /home/dante/DWBI/Apache/py_env/lib/python3.8/site-packages/airflow/example_dags/example_python_operator.py took 0.058 seconds
[2021-11-24 13:27:22,929] {processor.py:163} INFO - Started process (PID=47091) to work on /home/dante/DWBI/Apache/py_env/lib/python3.8/site-packages/airflow/example_dags/example_python_operator.py
[2021-11-24 13:27:22,939] {processor.py:620} INFO - Processing file /home/dante/DWBI/Apache/py_env/lib/python3.8/site-packages/airflow/example_dags/example_python_operator.py for tasks to queue
[2021-11-24 13:27:22,939] {logging_mixin.py:109} INFO - [2021-11-24 13:27:22,939] {dagbag.py:500} INFO - Filling up the DagBag from /home/dante/DWBI/Apache/py_env/lib/python3.8/site-packages/airflow/example_dags/example_python_operator.py
[2021-11-24 13:27:22,967] {processor.py:632} INFO - DAG(s) dict_keys(['example_python_operator']) retrieved from /home/dante/DWBI/Apache/py_env/lib/python3.8/site-packages/airflow/example_dags/example_python_operator.py
[2021-11-24 13:27:22,975] {logging_mixin.py:109} INFO - [2021-11-24 13:27:22,975] {dag.py:2389} INFO - Sync 1 DAGs
[2021-11-24 13:27:22,984] {logging_mixin.py:109} INFO - [2021-11-24 13:27:22,984] {dag.py:2921} INFO - Setting next_dagrun for example_python_operator to None
[2021-11-24 13:27:22,996] {processor.py:171} INFO - Processing /home/dante/DWBI/Apache/py_env/lib/python3.8/site-packages/airflow/example_dags/example_python_operator.py took 0.070 seconds
[2021-11-24 13:28:01,055] {processor.py:163} INFO - Started process (PID=47160) to work on /home/dante/DWBI/Apache/py_env/lib/python3.8/site-packages/airflow/example_dags/example_python_operator.py
[2021-11-24 13:28:01,060] {processor.py:620} INFO - Processing file /home/dante/DWBI/Apache/py_env/lib/python3.8/site-packages/airflow/example_dags/example_python_operator.py for tasks to queue
[2021-11-24 13:28:01,061] {logging_mixin.py:109} INFO - [2021-11-24 13:28:01,061] {dagbag.py:500} INFO - Filling up the DagBag from /home/dante/DWBI/Apache/py_env/lib/python3.8/site-packages/airflow/example_dags/example_python_operator.py
[2021-11-24 13:28:01,087] {processor.py:632} INFO - DAG(s) dict_keys(['example_python_operator']) retrieved from /home/dante/DWBI/Apache/py_env/lib/python3.8/site-packages/airflow/example_dags/example_python_operator.py
[2021-11-24 13:28:01,095] {logging_mixin.py:109} INFO - [2021-11-24 13:28:01,095] {dag.py:2389} INFO - Sync 1 DAGs
[2021-11-24 13:28:01,104] {logging_mixin.py:109} INFO - [2021-11-24 13:28:01,104] {dag.py:2921} INFO - Setting next_dagrun for example_python_operator to None
[2021-11-24 13:28:01,113] {processor.py:171} INFO - Processing /home/dante/DWBI/Apache/py_env/lib/python3.8/site-packages/airflow/example_dags/example_python_operator.py took 0.064 seconds
[2021-11-24 13:28:35,123] {processor.py:163} INFO - Started process (PID=47316) to work on /home/dante/DWBI/Apache/py_env/lib/python3.8/site-packages/airflow/example_dags/example_python_operator.py
[2021-11-24 13:28:35,127] {processor.py:620} INFO - Processing file /home/dante/DWBI/Apache/py_env/lib/python3.8/site-packages/airflow/example_dags/example_python_operator.py for tasks to queue
[2021-11-24 13:28:35,129] {logging_mixin.py:109} INFO - [2021-11-24 13:28:35,129] {dagbag.py:500} INFO - Filling up the DagBag from /home/dante/DWBI/Apache/py_env/lib/python3.8/site-packages/airflow/example_dags/example_python_operator.py
[2021-11-24 13:28:35,173] {processor.py:632} INFO - DAG(s) dict_keys(['example_python_operator']) retrieved from /home/dante/DWBI/Apache/py_env/lib/python3.8/site-packages/airflow/example_dags/example_python_operator.py
[2021-11-24 13:28:35,192] {logging_mixin.py:109} INFO - [2021-11-24 13:28:35,192] {dag.py:2389} INFO - Sync 1 DAGs
[2021-11-24 13:28:35,220] {logging_mixin.py:109} INFO - [2021-11-24 13:28:35,220] {dag.py:2921} INFO - Setting next_dagrun for example_python_operator to None
[2021-11-24 13:28:35,242] {processor.py:171} INFO - Processing /home/dante/DWBI/Apache/py_env/lib/python3.8/site-packages/airflow/example_dags/example_python_operator.py took 0.127 seconds
[2021-11-24 13:29:12,068] {processor.py:163} INFO - Started process (PID=47411) to work on /home/dante/DWBI/Apache/py_env/lib/python3.8/site-packages/airflow/example_dags/example_python_operator.py
[2021-11-24 13:29:12,070] {processor.py:620} INFO - Processing file /home/dante/DWBI/Apache/py_env/lib/python3.8/site-packages/airflow/example_dags/example_python_operator.py for tasks to queue
[2021-11-24 13:29:12,071] {logging_mixin.py:109} INFO - [2021-11-24 13:29:12,071] {dagbag.py:500} INFO - Filling up the DagBag from /home/dante/DWBI/Apache/py_env/lib/python3.8/site-packages/airflow/example_dags/example_python_operator.py
[2021-11-24 13:29:12,093] {processor.py:632} INFO - DAG(s) dict_keys(['example_python_operator']) retrieved from /home/dante/DWBI/Apache/py_env/lib/python3.8/site-packages/airflow/example_dags/example_python_operator.py
[2021-11-24 13:29:12,102] {logging_mixin.py:109} INFO - [2021-11-24 13:29:12,102] {dag.py:2389} INFO - Sync 1 DAGs
[2021-11-24 13:29:12,112] {logging_mixin.py:109} INFO - [2021-11-24 13:29:12,111] {dag.py:2921} INFO - Setting next_dagrun for example_python_operator to None
[2021-11-24 13:29:12,120] {processor.py:171} INFO - Processing /home/dante/DWBI/Apache/py_env/lib/python3.8/site-packages/airflow/example_dags/example_python_operator.py took 0.054 seconds
[2021-11-24 13:29:48,622] {processor.py:163} INFO - Started process (PID=47464) to work on /home/dante/DWBI/Apache/py_env/lib/python3.8/site-packages/airflow/example_dags/example_python_operator.py
[2021-11-24 13:29:48,624] {processor.py:620} INFO - Processing file /home/dante/DWBI/Apache/py_env/lib/python3.8/site-packages/airflow/example_dags/example_python_operator.py for tasks to queue
[2021-11-24 13:29:48,625] {logging_mixin.py:109} INFO - [2021-11-24 13:29:48,625] {dagbag.py:500} INFO - Filling up the DagBag from /home/dante/DWBI/Apache/py_env/lib/python3.8/site-packages/airflow/example_dags/example_python_operator.py
[2021-11-24 13:29:48,644] {processor.py:632} INFO - DAG(s) dict_keys(['example_python_operator']) retrieved from /home/dante/DWBI/Apache/py_env/lib/python3.8/site-packages/airflow/example_dags/example_python_operator.py
[2021-11-24 13:29:48,653] {logging_mixin.py:109} INFO - [2021-11-24 13:29:48,652] {dag.py:2389} INFO - Sync 1 DAGs
[2021-11-24 13:29:48,664] {logging_mixin.py:109} INFO - [2021-11-24 13:29:48,664] {dag.py:2921} INFO - Setting next_dagrun for example_python_operator to None
[2021-11-24 13:29:48,672] {processor.py:171} INFO - Processing /home/dante/DWBI/Apache/py_env/lib/python3.8/site-packages/airflow/example_dags/example_python_operator.py took 0.054 seconds
[2021-11-24 13:30:25,259] {processor.py:163} INFO - Started process (PID=47546) to work on /home/dante/DWBI/Apache/py_env/lib/python3.8/site-packages/airflow/example_dags/example_python_operator.py
[2021-11-24 13:30:25,268] {processor.py:620} INFO - Processing file /home/dante/DWBI/Apache/py_env/lib/python3.8/site-packages/airflow/example_dags/example_python_operator.py for tasks to queue
[2021-11-24 13:30:25,269] {logging_mixin.py:109} INFO - [2021-11-24 13:30:25,269] {dagbag.py:500} INFO - Filling up the DagBag from /home/dante/DWBI/Apache/py_env/lib/python3.8/site-packages/airflow/example_dags/example_python_operator.py
[2021-11-24 13:30:25,287] {processor.py:632} INFO - DAG(s) dict_keys(['example_python_operator']) retrieved from /home/dante/DWBI/Apache/py_env/lib/python3.8/site-packages/airflow/example_dags/example_python_operator.py
[2021-11-24 13:30:25,295] {logging_mixin.py:109} INFO - [2021-11-24 13:30:25,295] {dag.py:2389} INFO - Sync 1 DAGs
[2021-11-24 13:30:25,304] {logging_mixin.py:109} INFO - [2021-11-24 13:30:25,304] {dag.py:2921} INFO - Setting next_dagrun for example_python_operator to None
[2021-11-24 13:30:25,323] {processor.py:171} INFO - Processing /home/dante/DWBI/Apache/py_env/lib/python3.8/site-packages/airflow/example_dags/example_python_operator.py took 0.067 seconds
[2021-11-24 13:31:01,485] {processor.py:163} INFO - Started process (PID=47598) to work on /home/dante/DWBI/Apache/py_env/lib/python3.8/site-packages/airflow/example_dags/example_python_operator.py
[2021-11-24 13:31:01,497] {processor.py:620} INFO - Processing file /home/dante/DWBI/Apache/py_env/lib/python3.8/site-packages/airflow/example_dags/example_python_operator.py for tasks to queue
[2021-11-24 13:31:01,498] {logging_mixin.py:109} INFO - [2021-11-24 13:31:01,498] {dagbag.py:500} INFO - Filling up the DagBag from /home/dante/DWBI/Apache/py_env/lib/python3.8/site-packages/airflow/example_dags/example_python_operator.py
[2021-11-24 13:31:01,522] {processor.py:632} INFO - DAG(s) dict_keys(['example_python_operator']) retrieved from /home/dante/DWBI/Apache/py_env/lib/python3.8/site-packages/airflow/example_dags/example_python_operator.py
[2021-11-24 13:31:01,530] {logging_mixin.py:109} INFO - [2021-11-24 13:31:01,530] {dag.py:2389} INFO - Sync 1 DAGs
[2021-11-24 13:31:01,540] {logging_mixin.py:109} INFO - [2021-11-24 13:31:01,540] {dag.py:2921} INFO - Setting next_dagrun for example_python_operator to None
[2021-11-24 13:31:01,558] {processor.py:171} INFO - Processing /home/dante/DWBI/Apache/py_env/lib/python3.8/site-packages/airflow/example_dags/example_python_operator.py took 0.080 seconds
[2021-11-24 13:31:40,569] {processor.py:163} INFO - Started process (PID=47709) to work on /home/dante/DWBI/Apache/py_env/lib/python3.8/site-packages/airflow/example_dags/example_python_operator.py
[2021-11-24 13:31:40,580] {processor.py:620} INFO - Processing file /home/dante/DWBI/Apache/py_env/lib/python3.8/site-packages/airflow/example_dags/example_python_operator.py for tasks to queue
[2021-11-24 13:31:40,581] {logging_mixin.py:109} INFO - [2021-11-24 13:31:40,581] {dagbag.py:500} INFO - Filling up the DagBag from /home/dante/DWBI/Apache/py_env/lib/python3.8/site-packages/airflow/example_dags/example_python_operator.py
[2021-11-24 13:31:40,612] {processor.py:632} INFO - DAG(s) dict_keys(['example_python_operator']) retrieved from /home/dante/DWBI/Apache/py_env/lib/python3.8/site-packages/airflow/example_dags/example_python_operator.py
[2021-11-24 13:31:40,620] {logging_mixin.py:109} INFO - [2021-11-24 13:31:40,620] {dag.py:2389} INFO - Sync 1 DAGs
[2021-11-24 13:31:40,629] {logging_mixin.py:109} INFO - [2021-11-24 13:31:40,628] {dag.py:2921} INFO - Setting next_dagrun for example_python_operator to None
[2021-11-24 13:31:40,650] {processor.py:171} INFO - Processing /home/dante/DWBI/Apache/py_env/lib/python3.8/site-packages/airflow/example_dags/example_python_operator.py took 0.087 seconds
[2021-11-24 13:32:16,151] {processor.py:163} INFO - Started process (PID=48046) to work on /home/dante/DWBI/Apache/py_env/lib/python3.8/site-packages/airflow/example_dags/example_python_operator.py
[2021-11-24 13:32:16,160] {processor.py:620} INFO - Processing file /home/dante/DWBI/Apache/py_env/lib/python3.8/site-packages/airflow/example_dags/example_python_operator.py for tasks to queue
[2021-11-24 13:32:16,160] {logging_mixin.py:109} INFO - [2021-11-24 13:32:16,160] {dagbag.py:500} INFO - Filling up the DagBag from /home/dante/DWBI/Apache/py_env/lib/python3.8/site-packages/airflow/example_dags/example_python_operator.py
[2021-11-24 13:32:16,174] {processor.py:632} INFO - DAG(s) dict_keys(['example_python_operator']) retrieved from /home/dante/DWBI/Apache/py_env/lib/python3.8/site-packages/airflow/example_dags/example_python_operator.py
[2021-11-24 13:32:16,180] {logging_mixin.py:109} INFO - [2021-11-24 13:32:16,180] {dag.py:2389} INFO - Sync 1 DAGs
[2021-11-24 13:32:16,190] {logging_mixin.py:109} INFO - [2021-11-24 13:32:16,189] {dag.py:2921} INFO - Setting next_dagrun for example_python_operator to None
[2021-11-24 13:32:16,201] {processor.py:171} INFO - Processing /home/dante/DWBI/Apache/py_env/lib/python3.8/site-packages/airflow/example_dags/example_python_operator.py took 0.052 seconds
[2021-11-24 13:32:51,801] {processor.py:163} INFO - Started process (PID=48398) to work on /home/dante/DWBI/Apache/py_env/lib/python3.8/site-packages/airflow/example_dags/example_python_operator.py
[2021-11-24 13:32:51,805] {processor.py:620} INFO - Processing file /home/dante/DWBI/Apache/py_env/lib/python3.8/site-packages/airflow/example_dags/example_python_operator.py for tasks to queue
[2021-11-24 13:32:51,808] {logging_mixin.py:109} INFO - [2021-11-24 13:32:51,807] {dagbag.py:500} INFO - Filling up the DagBag from /home/dante/DWBI/Apache/py_env/lib/python3.8/site-packages/airflow/example_dags/example_python_operator.py
[2021-11-24 13:32:51,834] {processor.py:632} INFO - DAG(s) dict_keys(['example_python_operator']) retrieved from /home/dante/DWBI/Apache/py_env/lib/python3.8/site-packages/airflow/example_dags/example_python_operator.py
[2021-11-24 13:32:51,844] {logging_mixin.py:109} INFO - [2021-11-24 13:32:51,844] {dag.py:2389} INFO - Sync 1 DAGs
[2021-11-24 13:32:51,854] {logging_mixin.py:109} INFO - [2021-11-24 13:32:51,854] {dag.py:2921} INFO - Setting next_dagrun for example_python_operator to None
[2021-11-24 13:32:51,863] {processor.py:171} INFO - Processing /home/dante/DWBI/Apache/py_env/lib/python3.8/site-packages/airflow/example_dags/example_python_operator.py took 0.069 seconds
[2021-11-24 13:33:29,393] {processor.py:163} INFO - Started process (PID=48515) to work on /home/dante/DWBI/Apache/py_env/lib/python3.8/site-packages/airflow/example_dags/example_python_operator.py
[2021-11-24 13:33:29,404] {processor.py:620} INFO - Processing file /home/dante/DWBI/Apache/py_env/lib/python3.8/site-packages/airflow/example_dags/example_python_operator.py for tasks to queue
[2021-11-24 13:33:29,405] {logging_mixin.py:109} INFO - [2021-11-24 13:33:29,405] {dagbag.py:500} INFO - Filling up the DagBag from /home/dante/DWBI/Apache/py_env/lib/python3.8/site-packages/airflow/example_dags/example_python_operator.py
[2021-11-24 13:33:29,440] {processor.py:632} INFO - DAG(s) dict_keys(['example_python_operator']) retrieved from /home/dante/DWBI/Apache/py_env/lib/python3.8/site-packages/airflow/example_dags/example_python_operator.py
[2021-11-24 13:33:29,448] {logging_mixin.py:109} INFO - [2021-11-24 13:33:29,448] {dag.py:2389} INFO - Sync 1 DAGs
[2021-11-24 13:33:29,456] {logging_mixin.py:109} INFO - [2021-11-24 13:33:29,456] {dag.py:2921} INFO - Setting next_dagrun for example_python_operator to None
[2021-11-24 13:33:29,465] {processor.py:171} INFO - Processing /home/dante/DWBI/Apache/py_env/lib/python3.8/site-packages/airflow/example_dags/example_python_operator.py took 0.079 seconds
[2021-11-24 13:34:08,219] {processor.py:163} INFO - Started process (PID=48648) to work on /home/dante/DWBI/Apache/py_env/lib/python3.8/site-packages/airflow/example_dags/example_python_operator.py
[2021-11-24 13:34:08,230] {processor.py:620} INFO - Processing file /home/dante/DWBI/Apache/py_env/lib/python3.8/site-packages/airflow/example_dags/example_python_operator.py for tasks to queue
[2021-11-24 13:34:08,231] {logging_mixin.py:109} INFO - [2021-11-24 13:34:08,231] {dagbag.py:500} INFO - Filling up the DagBag from /home/dante/DWBI/Apache/py_env/lib/python3.8/site-packages/airflow/example_dags/example_python_operator.py
[2021-11-24 13:34:08,260] {processor.py:632} INFO - DAG(s) dict_keys(['example_python_operator']) retrieved from /home/dante/DWBI/Apache/py_env/lib/python3.8/site-packages/airflow/example_dags/example_python_operator.py
[2021-11-24 13:34:08,267] {logging_mixin.py:109} INFO - [2021-11-24 13:34:08,267] {dag.py:2389} INFO - Sync 1 DAGs
[2021-11-24 13:34:08,276] {logging_mixin.py:109} INFO - [2021-11-24 13:34:08,276] {dag.py:2921} INFO - Setting next_dagrun for example_python_operator to None
[2021-11-24 13:34:08,303] {processor.py:171} INFO - Processing /home/dante/DWBI/Apache/py_env/lib/python3.8/site-packages/airflow/example_dags/example_python_operator.py took 0.092 seconds
[2021-11-24 13:34:47,789] {processor.py:163} INFO - Started process (PID=48795) to work on /home/dante/DWBI/Apache/py_env/lib/python3.8/site-packages/airflow/example_dags/example_python_operator.py
[2021-11-24 13:34:47,792] {processor.py:620} INFO - Processing file /home/dante/DWBI/Apache/py_env/lib/python3.8/site-packages/airflow/example_dags/example_python_operator.py for tasks to queue
[2021-11-24 13:34:47,793] {logging_mixin.py:109} INFO - [2021-11-24 13:34:47,792] {dagbag.py:500} INFO - Filling up the DagBag from /home/dante/DWBI/Apache/py_env/lib/python3.8/site-packages/airflow/example_dags/example_python_operator.py
[2021-11-24 13:34:47,810] {processor.py:632} INFO - DAG(s) dict_keys(['example_python_operator']) retrieved from /home/dante/DWBI/Apache/py_env/lib/python3.8/site-packages/airflow/example_dags/example_python_operator.py
[2021-11-24 13:34:47,816] {logging_mixin.py:109} INFO - [2021-11-24 13:34:47,816] {dag.py:2389} INFO - Sync 1 DAGs
[2021-11-24 13:34:47,825] {logging_mixin.py:109} INFO - [2021-11-24 13:34:47,825] {dag.py:2921} INFO - Setting next_dagrun for example_python_operator to None
[2021-11-24 13:34:47,832] {processor.py:171} INFO - Processing /home/dante/DWBI/Apache/py_env/lib/python3.8/site-packages/airflow/example_dags/example_python_operator.py took 0.046 seconds
[2021-11-24 13:35:25,216] {processor.py:163} INFO - Started process (PID=48881) to work on /home/dante/DWBI/Apache/py_env/lib/python3.8/site-packages/airflow/example_dags/example_python_operator.py
[2021-11-24 13:35:25,226] {processor.py:620} INFO - Processing file /home/dante/DWBI/Apache/py_env/lib/python3.8/site-packages/airflow/example_dags/example_python_operator.py for tasks to queue
[2021-11-24 13:35:25,227] {logging_mixin.py:109} INFO - [2021-11-24 13:35:25,226] {dagbag.py:500} INFO - Filling up the DagBag from /home/dante/DWBI/Apache/py_env/lib/python3.8/site-packages/airflow/example_dags/example_python_operator.py
[2021-11-24 13:35:25,248] {processor.py:632} INFO - DAG(s) dict_keys(['example_python_operator']) retrieved from /home/dante/DWBI/Apache/py_env/lib/python3.8/site-packages/airflow/example_dags/example_python_operator.py
[2021-11-24 13:35:25,256] {logging_mixin.py:109} INFO - [2021-11-24 13:35:25,256] {dag.py:2389} INFO - Sync 1 DAGs
[2021-11-24 13:35:25,265] {logging_mixin.py:109} INFO - [2021-11-24 13:35:25,265] {dag.py:2921} INFO - Setting next_dagrun for example_python_operator to None
[2021-11-24 13:35:25,282] {processor.py:171} INFO - Processing /home/dante/DWBI/Apache/py_env/lib/python3.8/site-packages/airflow/example_dags/example_python_operator.py took 0.068 seconds
[2021-11-24 13:36:00,145] {processor.py:163} INFO - Started process (PID=48968) to work on /home/dante/DWBI/Apache/py_env/lib/python3.8/site-packages/airflow/example_dags/example_python_operator.py
[2021-11-24 13:36:00,156] {processor.py:620} INFO - Processing file /home/dante/DWBI/Apache/py_env/lib/python3.8/site-packages/airflow/example_dags/example_python_operator.py for tasks to queue
[2021-11-24 13:36:00,158] {logging_mixin.py:109} INFO - [2021-11-24 13:36:00,158] {dagbag.py:500} INFO - Filling up the DagBag from /home/dante/DWBI/Apache/py_env/lib/python3.8/site-packages/airflow/example_dags/example_python_operator.py
[2021-11-24 13:36:00,192] {processor.py:632} INFO - DAG(s) dict_keys(['example_python_operator']) retrieved from /home/dante/DWBI/Apache/py_env/lib/python3.8/site-packages/airflow/example_dags/example_python_operator.py
[2021-11-24 13:36:00,200] {logging_mixin.py:109} INFO - [2021-11-24 13:36:00,199] {dag.py:2389} INFO - Sync 1 DAGs
[2021-11-24 13:36:00,208] {logging_mixin.py:109} INFO - [2021-11-24 13:36:00,208] {dag.py:2921} INFO - Setting next_dagrun for example_python_operator to None
[2021-11-24 13:36:00,216] {processor.py:171} INFO - Processing /home/dante/DWBI/Apache/py_env/lib/python3.8/site-packages/airflow/example_dags/example_python_operator.py took 0.077 seconds
[2021-11-24 13:36:38,964] {processor.py:163} INFO - Started process (PID=49091) to work on /home/dante/DWBI/Apache/py_env/lib/python3.8/site-packages/airflow/example_dags/example_python_operator.py
[2021-11-24 13:36:38,976] {processor.py:620} INFO - Processing file /home/dante/DWBI/Apache/py_env/lib/python3.8/site-packages/airflow/example_dags/example_python_operator.py for tasks to queue
[2021-11-24 13:36:38,977] {logging_mixin.py:109} INFO - [2021-11-24 13:36:38,977] {dagbag.py:500} INFO - Filling up the DagBag from /home/dante/DWBI/Apache/py_env/lib/python3.8/site-packages/airflow/example_dags/example_python_operator.py
[2021-11-24 13:36:39,007] {processor.py:632} INFO - DAG(s) dict_keys(['example_python_operator']) retrieved from /home/dante/DWBI/Apache/py_env/lib/python3.8/site-packages/airflow/example_dags/example_python_operator.py
[2021-11-24 13:36:39,014] {logging_mixin.py:109} INFO - [2021-11-24 13:36:39,014] {dag.py:2389} INFO - Sync 1 DAGs
[2021-11-24 13:36:39,023] {logging_mixin.py:109} INFO - [2021-11-24 13:36:39,023] {dag.py:2921} INFO - Setting next_dagrun for example_python_operator to None
[2021-11-24 13:36:39,037] {processor.py:171} INFO - Processing /home/dante/DWBI/Apache/py_env/lib/python3.8/site-packages/airflow/example_dags/example_python_operator.py took 0.079 seconds
[2021-11-24 13:37:12,623] {processor.py:163} INFO - Started process (PID=49254) to work on /home/dante/DWBI/Apache/py_env/lib/python3.8/site-packages/airflow/example_dags/example_python_operator.py
[2021-11-24 13:37:12,624] {processor.py:620} INFO - Processing file /home/dante/DWBI/Apache/py_env/lib/python3.8/site-packages/airflow/example_dags/example_python_operator.py for tasks to queue
[2021-11-24 13:37:12,625] {logging_mixin.py:109} INFO - [2021-11-24 13:37:12,625] {dagbag.py:500} INFO - Filling up the DagBag from /home/dante/DWBI/Apache/py_env/lib/python3.8/site-packages/airflow/example_dags/example_python_operator.py
[2021-11-24 13:37:12,640] {processor.py:632} INFO - DAG(s) dict_keys(['example_python_operator']) retrieved from /home/dante/DWBI/Apache/py_env/lib/python3.8/site-packages/airflow/example_dags/example_python_operator.py
[2021-11-24 13:37:12,648] {logging_mixin.py:109} INFO - [2021-11-24 13:37:12,648] {dag.py:2389} INFO - Sync 1 DAGs
[2021-11-24 13:37:12,657] {logging_mixin.py:109} INFO - [2021-11-24 13:37:12,657] {dag.py:2921} INFO - Setting next_dagrun for example_python_operator to None
[2021-11-24 13:37:12,663] {processor.py:171} INFO - Processing /home/dante/DWBI/Apache/py_env/lib/python3.8/site-packages/airflow/example_dags/example_python_operator.py took 0.042 seconds
[2021-11-24 13:37:49,531] {processor.py:163} INFO - Started process (PID=49321) to work on /home/dante/DWBI/Apache/py_env/lib/python3.8/site-packages/airflow/example_dags/example_python_operator.py
[2021-11-24 13:37:49,543] {processor.py:620} INFO - Processing file /home/dante/DWBI/Apache/py_env/lib/python3.8/site-packages/airflow/example_dags/example_python_operator.py for tasks to queue
[2021-11-24 13:37:49,544] {logging_mixin.py:109} INFO - [2021-11-24 13:37:49,544] {dagbag.py:500} INFO - Filling up the DagBag from /home/dante/DWBI/Apache/py_env/lib/python3.8/site-packages/airflow/example_dags/example_python_operator.py
[2021-11-24 13:37:49,577] {processor.py:632} INFO - DAG(s) dict_keys(['example_python_operator']) retrieved from /home/dante/DWBI/Apache/py_env/lib/python3.8/site-packages/airflow/example_dags/example_python_operator.py
[2021-11-24 13:37:49,583] {logging_mixin.py:109} INFO - [2021-11-24 13:37:49,583] {dag.py:2389} INFO - Sync 1 DAGs
[2021-11-24 13:37:49,592] {logging_mixin.py:109} INFO - [2021-11-24 13:37:49,592] {dag.py:2921} INFO - Setting next_dagrun for example_python_operator to None
[2021-11-24 13:37:49,611] {processor.py:171} INFO - Processing /home/dante/DWBI/Apache/py_env/lib/python3.8/site-packages/airflow/example_dags/example_python_operator.py took 0.086 seconds
[2021-11-24 13:38:31,951] {processor.py:163} INFO - Started process (PID=49410) to work on /home/dante/DWBI/Apache/py_env/lib/python3.8/site-packages/airflow/example_dags/example_python_operator.py
[2021-11-24 13:38:31,962] {processor.py:620} INFO - Processing file /home/dante/DWBI/Apache/py_env/lib/python3.8/site-packages/airflow/example_dags/example_python_operator.py for tasks to queue
[2021-11-24 13:38:31,963] {logging_mixin.py:109} INFO - [2021-11-24 13:38:31,963] {dagbag.py:500} INFO - Filling up the DagBag from /home/dante/DWBI/Apache/py_env/lib/python3.8/site-packages/airflow/example_dags/example_python_operator.py
[2021-11-24 13:38:31,995] {processor.py:632} INFO - DAG(s) dict_keys(['example_python_operator']) retrieved from /home/dante/DWBI/Apache/py_env/lib/python3.8/site-packages/airflow/example_dags/example_python_operator.py
[2021-11-24 13:38:32,002] {logging_mixin.py:109} INFO - [2021-11-24 13:38:32,002] {dag.py:2389} INFO - Sync 1 DAGs
[2021-11-24 13:38:32,011] {logging_mixin.py:109} INFO - [2021-11-24 13:38:32,010] {dag.py:2921} INFO - Setting next_dagrun for example_python_operator to None
[2021-11-24 13:38:32,023] {processor.py:171} INFO - Processing /home/dante/DWBI/Apache/py_env/lib/python3.8/site-packages/airflow/example_dags/example_python_operator.py took 0.079 seconds
[2021-11-24 13:39:08,089] {processor.py:163} INFO - Started process (PID=49500) to work on /home/dante/DWBI/Apache/py_env/lib/python3.8/site-packages/airflow/example_dags/example_python_operator.py
[2021-11-24 13:39:08,099] {processor.py:620} INFO - Processing file /home/dante/DWBI/Apache/py_env/lib/python3.8/site-packages/airflow/example_dags/example_python_operator.py for tasks to queue
[2021-11-24 13:39:08,100] {logging_mixin.py:109} INFO - [2021-11-24 13:39:08,100] {dagbag.py:500} INFO - Filling up the DagBag from /home/dante/DWBI/Apache/py_env/lib/python3.8/site-packages/airflow/example_dags/example_python_operator.py
[2021-11-24 13:39:08,128] {processor.py:632} INFO - DAG(s) dict_keys(['example_python_operator']) retrieved from /home/dante/DWBI/Apache/py_env/lib/python3.8/site-packages/airflow/example_dags/example_python_operator.py
[2021-11-24 13:39:08,136] {logging_mixin.py:109} INFO - [2021-11-24 13:39:08,136] {dag.py:2389} INFO - Sync 1 DAGs
[2021-11-24 13:39:08,147] {logging_mixin.py:109} INFO - [2021-11-24 13:39:08,147] {dag.py:2921} INFO - Setting next_dagrun for example_python_operator to None
[2021-11-24 13:39:08,162] {processor.py:171} INFO - Processing /home/dante/DWBI/Apache/py_env/lib/python3.8/site-packages/airflow/example_dags/example_python_operator.py took 0.079 seconds
[2021-11-24 13:39:44,365] {processor.py:163} INFO - Started process (PID=49613) to work on /home/dante/DWBI/Apache/py_env/lib/python3.8/site-packages/airflow/example_dags/example_python_operator.py
[2021-11-24 13:39:44,374] {processor.py:620} INFO - Processing file /home/dante/DWBI/Apache/py_env/lib/python3.8/site-packages/airflow/example_dags/example_python_operator.py for tasks to queue
[2021-11-24 13:39:44,375] {logging_mixin.py:109} INFO - [2021-11-24 13:39:44,374] {dagbag.py:500} INFO - Filling up the DagBag from /home/dante/DWBI/Apache/py_env/lib/python3.8/site-packages/airflow/example_dags/example_python_operator.py
[2021-11-24 13:39:44,393] {processor.py:632} INFO - DAG(s) dict_keys(['example_python_operator']) retrieved from /home/dante/DWBI/Apache/py_env/lib/python3.8/site-packages/airflow/example_dags/example_python_operator.py
[2021-11-24 13:39:44,401] {logging_mixin.py:109} INFO - [2021-11-24 13:39:44,401] {dag.py:2389} INFO - Sync 1 DAGs
[2021-11-24 13:39:44,411] {logging_mixin.py:109} INFO - [2021-11-24 13:39:44,411] {dag.py:2921} INFO - Setting next_dagrun for example_python_operator to None
[2021-11-24 13:39:44,424] {processor.py:171} INFO - Processing /home/dante/DWBI/Apache/py_env/lib/python3.8/site-packages/airflow/example_dags/example_python_operator.py took 0.062 seconds
[2021-11-24 13:40:24,949] {processor.py:163} INFO - Started process (PID=49716) to work on /home/dante/DWBI/Apache/py_env/lib/python3.8/site-packages/airflow/example_dags/example_python_operator.py
[2021-11-24 13:40:24,958] {processor.py:620} INFO - Processing file /home/dante/DWBI/Apache/py_env/lib/python3.8/site-packages/airflow/example_dags/example_python_operator.py for tasks to queue
[2021-11-24 13:40:24,959] {logging_mixin.py:109} INFO - [2021-11-24 13:40:24,959] {dagbag.py:500} INFO - Filling up the DagBag from /home/dante/DWBI/Apache/py_env/lib/python3.8/site-packages/airflow/example_dags/example_python_operator.py
[2021-11-24 13:40:24,978] {processor.py:632} INFO - DAG(s) dict_keys(['example_python_operator']) retrieved from /home/dante/DWBI/Apache/py_env/lib/python3.8/site-packages/airflow/example_dags/example_python_operator.py
[2021-11-24 13:40:24,988] {logging_mixin.py:109} INFO - [2021-11-24 13:40:24,988] {dag.py:2389} INFO - Sync 1 DAGs
[2021-11-24 13:40:25,001] {logging_mixin.py:109} INFO - [2021-11-24 13:40:25,000] {dag.py:2921} INFO - Setting next_dagrun for example_python_operator to None
[2021-11-24 13:40:25,009] {processor.py:171} INFO - Processing /home/dante/DWBI/Apache/py_env/lib/python3.8/site-packages/airflow/example_dags/example_python_operator.py took 0.061 seconds
[2021-11-24 13:41:04,197] {processor.py:163} INFO - Started process (PID=49784) to work on /home/dante/DWBI/Apache/py_env/lib/python3.8/site-packages/airflow/example_dags/example_python_operator.py
[2021-11-24 13:41:04,207] {processor.py:620} INFO - Processing file /home/dante/DWBI/Apache/py_env/lib/python3.8/site-packages/airflow/example_dags/example_python_operator.py for tasks to queue
[2021-11-24 13:41:04,208] {logging_mixin.py:109} INFO - [2021-11-24 13:41:04,208] {dagbag.py:500} INFO - Filling up the DagBag from /home/dante/DWBI/Apache/py_env/lib/python3.8/site-packages/airflow/example_dags/example_python_operator.py
[2021-11-24 13:41:04,235] {processor.py:632} INFO - DAG(s) dict_keys(['example_python_operator']) retrieved from /home/dante/DWBI/Apache/py_env/lib/python3.8/site-packages/airflow/example_dags/example_python_operator.py
[2021-11-24 13:41:04,244] {logging_mixin.py:109} INFO - [2021-11-24 13:41:04,244] {dag.py:2389} INFO - Sync 1 DAGs
[2021-11-24 13:41:04,254] {logging_mixin.py:109} INFO - [2021-11-24 13:41:04,254] {dag.py:2921} INFO - Setting next_dagrun for example_python_operator to None
[2021-11-24 13:41:04,274] {processor.py:171} INFO - Processing /home/dante/DWBI/Apache/py_env/lib/python3.8/site-packages/airflow/example_dags/example_python_operator.py took 0.080 seconds
[2021-11-24 13:41:40,026] {processor.py:163} INFO - Started process (PID=49885) to work on /home/dante/DWBI/Apache/py_env/lib/python3.8/site-packages/airflow/example_dags/example_python_operator.py
[2021-11-24 13:41:40,029] {processor.py:620} INFO - Processing file /home/dante/DWBI/Apache/py_env/lib/python3.8/site-packages/airflow/example_dags/example_python_operator.py for tasks to queue
[2021-11-24 13:41:40,029] {logging_mixin.py:109} INFO - [2021-11-24 13:41:40,029] {dagbag.py:500} INFO - Filling up the DagBag from /home/dante/DWBI/Apache/py_env/lib/python3.8/site-packages/airflow/example_dags/example_python_operator.py
[2021-11-24 13:41:40,046] {processor.py:632} INFO - DAG(s) dict_keys(['example_python_operator']) retrieved from /home/dante/DWBI/Apache/py_env/lib/python3.8/site-packages/airflow/example_dags/example_python_operator.py
[2021-11-24 13:41:40,054] {logging_mixin.py:109} INFO - [2021-11-24 13:41:40,054] {dag.py:2389} INFO - Sync 1 DAGs
[2021-11-24 13:41:40,063] {logging_mixin.py:109} INFO - [2021-11-24 13:41:40,063] {dag.py:2921} INFO - Setting next_dagrun for example_python_operator to None
[2021-11-24 13:41:40,071] {processor.py:171} INFO - Processing /home/dante/DWBI/Apache/py_env/lib/python3.8/site-packages/airflow/example_dags/example_python_operator.py took 0.047 seconds
[2021-11-24 13:42:16,607] {processor.py:163} INFO - Started process (PID=49992) to work on /home/dante/DWBI/Apache/py_env/lib/python3.8/site-packages/airflow/example_dags/example_python_operator.py
[2021-11-24 13:42:16,620] {processor.py:620} INFO - Processing file /home/dante/DWBI/Apache/py_env/lib/python3.8/site-packages/airflow/example_dags/example_python_operator.py for tasks to queue
[2021-11-24 13:42:16,621] {logging_mixin.py:109} INFO - [2021-11-24 13:42:16,621] {dagbag.py:500} INFO - Filling up the DagBag from /home/dante/DWBI/Apache/py_env/lib/python3.8/site-packages/airflow/example_dags/example_python_operator.py
[2021-11-24 13:42:16,646] {processor.py:632} INFO - DAG(s) dict_keys(['example_python_operator']) retrieved from /home/dante/DWBI/Apache/py_env/lib/python3.8/site-packages/airflow/example_dags/example_python_operator.py
[2021-11-24 13:42:16,653] {logging_mixin.py:109} INFO - [2021-11-24 13:42:16,653] {dag.py:2389} INFO - Sync 1 DAGs
[2021-11-24 13:42:16,662] {logging_mixin.py:109} INFO - [2021-11-24 13:42:16,662] {dag.py:2921} INFO - Setting next_dagrun for example_python_operator to None
[2021-11-24 13:42:16,669] {processor.py:171} INFO - Processing /home/dante/DWBI/Apache/py_env/lib/python3.8/site-packages/airflow/example_dags/example_python_operator.py took 0.071 seconds
