[2021-11-24 13:02:03,339] {processor.py:163} INFO - Started process (PID=42705) to work on /home/dante/DWBI/Apache/py_env/lib/python3.8/site-packages/airflow/example_dags/example_kubernetes_executor.py
[2021-11-24 13:02:03,339] {processor.py:620} INFO - Processing file /home/dante/DWBI/Apache/py_env/lib/python3.8/site-packages/airflow/example_dags/example_kubernetes_executor.py for tasks to queue
[2021-11-24 13:02:03,340] {logging_mixin.py:109} INFO - [2021-11-24 13:02:03,340] {dagbag.py:500} INFO - Filling up the DagBag from /home/dante/DWBI/Apache/py_env/lib/python3.8/site-packages/airflow/example_dags/example_kubernetes_executor.py
[2021-11-24 13:02:03,353] {processor.py:632} INFO - DAG(s) dict_keys(['example_kubernetes_executor']) retrieved from /home/dante/DWBI/Apache/py_env/lib/python3.8/site-packages/airflow/example_dags/example_kubernetes_executor.py
[2021-11-24 13:02:03,359] {logging_mixin.py:109} INFO - [2021-11-24 13:02:03,359] {dag.py:2389} INFO - Sync 1 DAGs
[2021-11-24 13:02:03,370] {logging_mixin.py:109} INFO - [2021-11-24 13:02:03,369] {dag.py:2921} INFO - Setting next_dagrun for example_kubernetes_executor to None
[2021-11-24 13:02:03,378] {processor.py:171} INFO - Processing /home/dante/DWBI/Apache/py_env/lib/python3.8/site-packages/airflow/example_dags/example_kubernetes_executor.py took 0.041 seconds
[2021-11-24 13:02:40,469] {processor.py:163} INFO - Started process (PID=42756) to work on /home/dante/DWBI/Apache/py_env/lib/python3.8/site-packages/airflow/example_dags/example_kubernetes_executor.py
[2021-11-24 13:02:40,473] {processor.py:620} INFO - Processing file /home/dante/DWBI/Apache/py_env/lib/python3.8/site-packages/airflow/example_dags/example_kubernetes_executor.py for tasks to queue
[2021-11-24 13:02:40,475] {logging_mixin.py:109} INFO - [2021-11-24 13:02:40,474] {dagbag.py:500} INFO - Filling up the DagBag from /home/dante/DWBI/Apache/py_env/lib/python3.8/site-packages/airflow/example_dags/example_kubernetes_executor.py
[2021-11-24 13:02:40,504] {processor.py:632} INFO - DAG(s) dict_keys(['example_kubernetes_executor']) retrieved from /home/dante/DWBI/Apache/py_env/lib/python3.8/site-packages/airflow/example_dags/example_kubernetes_executor.py
[2021-11-24 13:02:40,511] {logging_mixin.py:109} INFO - [2021-11-24 13:02:40,511] {dag.py:2389} INFO - Sync 1 DAGs
[2021-11-24 13:02:40,521] {logging_mixin.py:109} INFO - [2021-11-24 13:02:40,521] {dag.py:2921} INFO - Setting next_dagrun for example_kubernetes_executor to None
[2021-11-24 13:02:40,528] {processor.py:171} INFO - Processing /home/dante/DWBI/Apache/py_env/lib/python3.8/site-packages/airflow/example_dags/example_kubernetes_executor.py took 0.066 seconds
[2021-11-24 13:03:21,330] {processor.py:163} INFO - Started process (PID=42884) to work on /home/dante/DWBI/Apache/py_env/lib/python3.8/site-packages/airflow/example_dags/example_kubernetes_executor.py
[2021-11-24 13:03:21,340] {processor.py:620} INFO - Processing file /home/dante/DWBI/Apache/py_env/lib/python3.8/site-packages/airflow/example_dags/example_kubernetes_executor.py for tasks to queue
[2021-11-24 13:03:21,340] {logging_mixin.py:109} INFO - [2021-11-24 13:03:21,340] {dagbag.py:500} INFO - Filling up the DagBag from /home/dante/DWBI/Apache/py_env/lib/python3.8/site-packages/airflow/example_dags/example_kubernetes_executor.py
[2021-11-24 13:03:21,363] {processor.py:632} INFO - DAG(s) dict_keys(['example_kubernetes_executor']) retrieved from /home/dante/DWBI/Apache/py_env/lib/python3.8/site-packages/airflow/example_dags/example_kubernetes_executor.py
[2021-11-24 13:03:21,374] {logging_mixin.py:109} INFO - [2021-11-24 13:03:21,374] {dag.py:2389} INFO - Sync 1 DAGs
[2021-11-24 13:03:21,383] {logging_mixin.py:109} INFO - [2021-11-24 13:03:21,383] {dag.py:2921} INFO - Setting next_dagrun for example_kubernetes_executor to None
[2021-11-24 13:03:21,393] {processor.py:171} INFO - Processing /home/dante/DWBI/Apache/py_env/lib/python3.8/site-packages/airflow/example_dags/example_kubernetes_executor.py took 0.065 seconds
[2021-11-24 13:04:00,099] {processor.py:163} INFO - Started process (PID=42944) to work on /home/dante/DWBI/Apache/py_env/lib/python3.8/site-packages/airflow/example_dags/example_kubernetes_executor.py
[2021-11-24 13:04:00,109] {processor.py:620} INFO - Processing file /home/dante/DWBI/Apache/py_env/lib/python3.8/site-packages/airflow/example_dags/example_kubernetes_executor.py for tasks to queue
[2021-11-24 13:04:00,109] {logging_mixin.py:109} INFO - [2021-11-24 13:04:00,109] {dagbag.py:500} INFO - Filling up the DagBag from /home/dante/DWBI/Apache/py_env/lib/python3.8/site-packages/airflow/example_dags/example_kubernetes_executor.py
[2021-11-24 13:04:00,134] {processor.py:632} INFO - DAG(s) dict_keys(['example_kubernetes_executor']) retrieved from /home/dante/DWBI/Apache/py_env/lib/python3.8/site-packages/airflow/example_dags/example_kubernetes_executor.py
[2021-11-24 13:04:00,142] {logging_mixin.py:109} INFO - [2021-11-24 13:04:00,141] {dag.py:2389} INFO - Sync 1 DAGs
[2021-11-24 13:04:00,151] {logging_mixin.py:109} INFO - [2021-11-24 13:04:00,150] {dag.py:2921} INFO - Setting next_dagrun for example_kubernetes_executor to None
[2021-11-24 13:04:00,159] {processor.py:171} INFO - Processing /home/dante/DWBI/Apache/py_env/lib/python3.8/site-packages/airflow/example_dags/example_kubernetes_executor.py took 0.062 seconds
[2021-11-24 13:04:47,807] {processor.py:163} INFO - Started process (PID=43146) to work on /home/dante/DWBI/Apache/py_env/lib/python3.8/site-packages/airflow/example_dags/example_kubernetes_executor.py
[2021-11-24 13:04:47,818] {processor.py:620} INFO - Processing file /home/dante/DWBI/Apache/py_env/lib/python3.8/site-packages/airflow/example_dags/example_kubernetes_executor.py for tasks to queue
[2021-11-24 13:04:47,819] {logging_mixin.py:109} INFO - [2021-11-24 13:04:47,818] {dagbag.py:500} INFO - Filling up the DagBag from /home/dante/DWBI/Apache/py_env/lib/python3.8/site-packages/airflow/example_dags/example_kubernetes_executor.py
[2021-11-24 13:04:47,844] {processor.py:632} INFO - DAG(s) dict_keys(['example_kubernetes_executor']) retrieved from /home/dante/DWBI/Apache/py_env/lib/python3.8/site-packages/airflow/example_dags/example_kubernetes_executor.py
[2021-11-24 13:04:47,852] {logging_mixin.py:109} INFO - [2021-11-24 13:04:47,852] {dag.py:2389} INFO - Sync 1 DAGs
[2021-11-24 13:04:47,864] {logging_mixin.py:109} INFO - [2021-11-24 13:04:47,863] {dag.py:2921} INFO - Setting next_dagrun for example_kubernetes_executor to None
[2021-11-24 13:04:47,888] {processor.py:171} INFO - Processing /home/dante/DWBI/Apache/py_env/lib/python3.8/site-packages/airflow/example_dags/example_kubernetes_executor.py took 0.083 seconds
[2021-11-24 13:05:25,802] {processor.py:163} INFO - Started process (PID=43229) to work on /home/dante/DWBI/Apache/py_env/lib/python3.8/site-packages/airflow/example_dags/example_kubernetes_executor.py
[2021-11-24 13:05:25,806] {processor.py:620} INFO - Processing file /home/dante/DWBI/Apache/py_env/lib/python3.8/site-packages/airflow/example_dags/example_kubernetes_executor.py for tasks to queue
[2021-11-24 13:05:25,807] {logging_mixin.py:109} INFO - [2021-11-24 13:05:25,807] {dagbag.py:500} INFO - Filling up the DagBag from /home/dante/DWBI/Apache/py_env/lib/python3.8/site-packages/airflow/example_dags/example_kubernetes_executor.py
[2021-11-24 13:05:25,826] {processor.py:632} INFO - DAG(s) dict_keys(['example_kubernetes_executor']) retrieved from /home/dante/DWBI/Apache/py_env/lib/python3.8/site-packages/airflow/example_dags/example_kubernetes_executor.py
[2021-11-24 13:05:25,835] {logging_mixin.py:109} INFO - [2021-11-24 13:05:25,835] {dag.py:2389} INFO - Sync 1 DAGs
[2021-11-24 13:05:25,845] {logging_mixin.py:109} INFO - [2021-11-24 13:05:25,845] {dag.py:2921} INFO - Setting next_dagrun for example_kubernetes_executor to None
[2021-11-24 13:05:25,854] {processor.py:171} INFO - Processing /home/dante/DWBI/Apache/py_env/lib/python3.8/site-packages/airflow/example_dags/example_kubernetes_executor.py took 0.055 seconds
[2021-11-24 13:06:03,389] {processor.py:163} INFO - Started process (PID=43289) to work on /home/dante/DWBI/Apache/py_env/lib/python3.8/site-packages/airflow/example_dags/example_kubernetes_executor.py
[2021-11-24 13:06:03,399] {processor.py:620} INFO - Processing file /home/dante/DWBI/Apache/py_env/lib/python3.8/site-packages/airflow/example_dags/example_kubernetes_executor.py for tasks to queue
[2021-11-24 13:06:03,401] {logging_mixin.py:109} INFO - [2021-11-24 13:06:03,401] {dagbag.py:500} INFO - Filling up the DagBag from /home/dante/DWBI/Apache/py_env/lib/python3.8/site-packages/airflow/example_dags/example_kubernetes_executor.py
[2021-11-24 13:06:03,424] {processor.py:632} INFO - DAG(s) dict_keys(['example_kubernetes_executor']) retrieved from /home/dante/DWBI/Apache/py_env/lib/python3.8/site-packages/airflow/example_dags/example_kubernetes_executor.py
[2021-11-24 13:06:03,432] {logging_mixin.py:109} INFO - [2021-11-24 13:06:03,431] {dag.py:2389} INFO - Sync 1 DAGs
[2021-11-24 13:06:03,440] {logging_mixin.py:109} INFO - [2021-11-24 13:06:03,440] {dag.py:2921} INFO - Setting next_dagrun for example_kubernetes_executor to None
[2021-11-24 13:06:03,456] {processor.py:171} INFO - Processing /home/dante/DWBI/Apache/py_env/lib/python3.8/site-packages/airflow/example_dags/example_kubernetes_executor.py took 0.074 seconds
[2021-11-24 13:06:44,449] {processor.py:163} INFO - Started process (PID=43375) to work on /home/dante/DWBI/Apache/py_env/lib/python3.8/site-packages/airflow/example_dags/example_kubernetes_executor.py
[2021-11-24 13:06:44,458] {processor.py:620} INFO - Processing file /home/dante/DWBI/Apache/py_env/lib/python3.8/site-packages/airflow/example_dags/example_kubernetes_executor.py for tasks to queue
[2021-11-24 13:06:44,459] {logging_mixin.py:109} INFO - [2021-11-24 13:06:44,459] {dagbag.py:500} INFO - Filling up the DagBag from /home/dante/DWBI/Apache/py_env/lib/python3.8/site-packages/airflow/example_dags/example_kubernetes_executor.py
[2021-11-24 13:06:44,478] {processor.py:632} INFO - DAG(s) dict_keys(['example_kubernetes_executor']) retrieved from /home/dante/DWBI/Apache/py_env/lib/python3.8/site-packages/airflow/example_dags/example_kubernetes_executor.py
[2021-11-24 13:06:44,485] {logging_mixin.py:109} INFO - [2021-11-24 13:06:44,485] {dag.py:2389} INFO - Sync 1 DAGs
[2021-11-24 13:06:44,495] {logging_mixin.py:109} INFO - [2021-11-24 13:06:44,495] {dag.py:2921} INFO - Setting next_dagrun for example_kubernetes_executor to None
[2021-11-24 13:06:44,504] {processor.py:171} INFO - Processing /home/dante/DWBI/Apache/py_env/lib/python3.8/site-packages/airflow/example_dags/example_kubernetes_executor.py took 0.058 seconds
[2021-11-24 13:07:23,195] {processor.py:163} INFO - Started process (PID=43425) to work on /home/dante/DWBI/Apache/py_env/lib/python3.8/site-packages/airflow/example_dags/example_kubernetes_executor.py
[2021-11-24 13:07:23,204] {processor.py:620} INFO - Processing file /home/dante/DWBI/Apache/py_env/lib/python3.8/site-packages/airflow/example_dags/example_kubernetes_executor.py for tasks to queue
[2021-11-24 13:07:23,205] {logging_mixin.py:109} INFO - [2021-11-24 13:07:23,205] {dagbag.py:500} INFO - Filling up the DagBag from /home/dante/DWBI/Apache/py_env/lib/python3.8/site-packages/airflow/example_dags/example_kubernetes_executor.py
[2021-11-24 13:07:23,229] {processor.py:632} INFO - DAG(s) dict_keys(['example_kubernetes_executor']) retrieved from /home/dante/DWBI/Apache/py_env/lib/python3.8/site-packages/airflow/example_dags/example_kubernetes_executor.py
[2021-11-24 13:07:23,237] {logging_mixin.py:109} INFO - [2021-11-24 13:07:23,237] {dag.py:2389} INFO - Sync 1 DAGs
[2021-11-24 13:07:23,246] {logging_mixin.py:109} INFO - [2021-11-24 13:07:23,246] {dag.py:2921} INFO - Setting next_dagrun for example_kubernetes_executor to None
[2021-11-24 13:07:23,253] {processor.py:171} INFO - Processing /home/dante/DWBI/Apache/py_env/lib/python3.8/site-packages/airflow/example_dags/example_kubernetes_executor.py took 0.061 seconds
[2021-11-24 13:08:01,022] {processor.py:163} INFO - Started process (PID=43475) to work on /home/dante/DWBI/Apache/py_env/lib/python3.8/site-packages/airflow/example_dags/example_kubernetes_executor.py
[2021-11-24 13:08:01,024] {processor.py:620} INFO - Processing file /home/dante/DWBI/Apache/py_env/lib/python3.8/site-packages/airflow/example_dags/example_kubernetes_executor.py for tasks to queue
[2021-11-24 13:08:01,025] {logging_mixin.py:109} INFO - [2021-11-24 13:08:01,024] {dagbag.py:500} INFO - Filling up the DagBag from /home/dante/DWBI/Apache/py_env/lib/python3.8/site-packages/airflow/example_dags/example_kubernetes_executor.py
[2021-11-24 13:08:01,043] {processor.py:632} INFO - DAG(s) dict_keys(['example_kubernetes_executor']) retrieved from /home/dante/DWBI/Apache/py_env/lib/python3.8/site-packages/airflow/example_dags/example_kubernetes_executor.py
[2021-11-24 13:08:01,051] {logging_mixin.py:109} INFO - [2021-11-24 13:08:01,051] {dag.py:2389} INFO - Sync 1 DAGs
[2021-11-24 13:08:01,060] {logging_mixin.py:109} INFO - [2021-11-24 13:08:01,060] {dag.py:2921} INFO - Setting next_dagrun for example_kubernetes_executor to None
[2021-11-24 13:08:01,067] {processor.py:171} INFO - Processing /home/dante/DWBI/Apache/py_env/lib/python3.8/site-packages/airflow/example_dags/example_kubernetes_executor.py took 0.048 seconds
[2021-11-24 13:08:40,198] {processor.py:163} INFO - Started process (PID=43550) to work on /home/dante/DWBI/Apache/py_env/lib/python3.8/site-packages/airflow/example_dags/example_kubernetes_executor.py
[2021-11-24 13:08:40,207] {processor.py:620} INFO - Processing file /home/dante/DWBI/Apache/py_env/lib/python3.8/site-packages/airflow/example_dags/example_kubernetes_executor.py for tasks to queue
[2021-11-24 13:08:40,208] {logging_mixin.py:109} INFO - [2021-11-24 13:08:40,208] {dagbag.py:500} INFO - Filling up the DagBag from /home/dante/DWBI/Apache/py_env/lib/python3.8/site-packages/airflow/example_dags/example_kubernetes_executor.py
[2021-11-24 13:08:40,235] {processor.py:632} INFO - DAG(s) dict_keys(['example_kubernetes_executor']) retrieved from /home/dante/DWBI/Apache/py_env/lib/python3.8/site-packages/airflow/example_dags/example_kubernetes_executor.py
[2021-11-24 13:08:40,244] {logging_mixin.py:109} INFO - [2021-11-24 13:08:40,244] {dag.py:2389} INFO - Sync 1 DAGs
[2021-11-24 13:08:40,253] {logging_mixin.py:109} INFO - [2021-11-24 13:08:40,253] {dag.py:2921} INFO - Setting next_dagrun for example_kubernetes_executor to None
[2021-11-24 13:08:40,285] {processor.py:171} INFO - Processing /home/dante/DWBI/Apache/py_env/lib/python3.8/site-packages/airflow/example_dags/example_kubernetes_executor.py took 0.090 seconds
[2021-11-24 13:09:22,928] {processor.py:163} INFO - Started process (PID=43626) to work on /home/dante/DWBI/Apache/py_env/lib/python3.8/site-packages/airflow/example_dags/example_kubernetes_executor.py
[2021-11-24 13:09:22,930] {processor.py:620} INFO - Processing file /home/dante/DWBI/Apache/py_env/lib/python3.8/site-packages/airflow/example_dags/example_kubernetes_executor.py for tasks to queue
[2021-11-24 13:09:22,932] {logging_mixin.py:109} INFO - [2021-11-24 13:09:22,932] {dagbag.py:500} INFO - Filling up the DagBag from /home/dante/DWBI/Apache/py_env/lib/python3.8/site-packages/airflow/example_dags/example_kubernetes_executor.py
[2021-11-24 13:09:22,961] {processor.py:632} INFO - DAG(s) dict_keys(['example_kubernetes_executor']) retrieved from /home/dante/DWBI/Apache/py_env/lib/python3.8/site-packages/airflow/example_dags/example_kubernetes_executor.py
[2021-11-24 13:09:22,973] {logging_mixin.py:109} INFO - [2021-11-24 13:09:22,972] {dag.py:2389} INFO - Sync 1 DAGs
[2021-11-24 13:09:22,989] {logging_mixin.py:109} INFO - [2021-11-24 13:09:22,989] {dag.py:2921} INFO - Setting next_dagrun for example_kubernetes_executor to None
[2021-11-24 13:09:23,002] {processor.py:171} INFO - Processing /home/dante/DWBI/Apache/py_env/lib/python3.8/site-packages/airflow/example_dags/example_kubernetes_executor.py took 0.080 seconds
[2021-11-24 13:10:05,436] {processor.py:163} INFO - Started process (PID=43817) to work on /home/dante/DWBI/Apache/py_env/lib/python3.8/site-packages/airflow/example_dags/example_kubernetes_executor.py
[2021-11-24 13:10:05,446] {processor.py:620} INFO - Processing file /home/dante/DWBI/Apache/py_env/lib/python3.8/site-packages/airflow/example_dags/example_kubernetes_executor.py for tasks to queue
[2021-11-24 13:10:05,446] {logging_mixin.py:109} INFO - [2021-11-24 13:10:05,446] {dagbag.py:500} INFO - Filling up the DagBag from /home/dante/DWBI/Apache/py_env/lib/python3.8/site-packages/airflow/example_dags/example_kubernetes_executor.py
[2021-11-24 13:10:05,464] {processor.py:632} INFO - DAG(s) dict_keys(['example_kubernetes_executor']) retrieved from /home/dante/DWBI/Apache/py_env/lib/python3.8/site-packages/airflow/example_dags/example_kubernetes_executor.py
[2021-11-24 13:10:05,471] {logging_mixin.py:109} INFO - [2021-11-24 13:10:05,471] {dag.py:2389} INFO - Sync 1 DAGs
[2021-11-24 13:10:05,480] {logging_mixin.py:109} INFO - [2021-11-24 13:10:05,480] {dag.py:2921} INFO - Setting next_dagrun for example_kubernetes_executor to None
[2021-11-24 13:10:05,490] {processor.py:171} INFO - Processing /home/dante/DWBI/Apache/py_env/lib/python3.8/site-packages/airflow/example_dags/example_kubernetes_executor.py took 0.058 seconds
[2021-11-24 13:10:46,643] {processor.py:163} INFO - Started process (PID=44059) to work on /home/dante/DWBI/Apache/py_env/lib/python3.8/site-packages/airflow/example_dags/example_kubernetes_executor.py
[2021-11-24 13:10:46,653] {processor.py:620} INFO - Processing file /home/dante/DWBI/Apache/py_env/lib/python3.8/site-packages/airflow/example_dags/example_kubernetes_executor.py for tasks to queue
[2021-11-24 13:10:46,655] {logging_mixin.py:109} INFO - [2021-11-24 13:10:46,654] {dagbag.py:500} INFO - Filling up the DagBag from /home/dante/DWBI/Apache/py_env/lib/python3.8/site-packages/airflow/example_dags/example_kubernetes_executor.py
[2021-11-24 13:10:46,674] {processor.py:632} INFO - DAG(s) dict_keys(['example_kubernetes_executor']) retrieved from /home/dante/DWBI/Apache/py_env/lib/python3.8/site-packages/airflow/example_dags/example_kubernetes_executor.py
[2021-11-24 13:10:46,687] {logging_mixin.py:109} INFO - [2021-11-24 13:10:46,687] {dag.py:2389} INFO - Sync 1 DAGs
[2021-11-24 13:10:46,699] {logging_mixin.py:109} INFO - [2021-11-24 13:10:46,699] {dag.py:2921} INFO - Setting next_dagrun for example_kubernetes_executor to None
[2021-11-24 13:10:46,712] {processor.py:171} INFO - Processing /home/dante/DWBI/Apache/py_env/lib/python3.8/site-packages/airflow/example_dags/example_kubernetes_executor.py took 0.078 seconds
[2021-11-24 13:11:27,279] {processor.py:163} INFO - Started process (PID=44181) to work on /home/dante/DWBI/Apache/py_env/lib/python3.8/site-packages/airflow/example_dags/example_kubernetes_executor.py
[2021-11-24 13:11:27,288] {processor.py:620} INFO - Processing file /home/dante/DWBI/Apache/py_env/lib/python3.8/site-packages/airflow/example_dags/example_kubernetes_executor.py for tasks to queue
[2021-11-24 13:11:27,289] {logging_mixin.py:109} INFO - [2021-11-24 13:11:27,289] {dagbag.py:500} INFO - Filling up the DagBag from /home/dante/DWBI/Apache/py_env/lib/python3.8/site-packages/airflow/example_dags/example_kubernetes_executor.py
[2021-11-24 13:11:27,320] {processor.py:632} INFO - DAG(s) dict_keys(['example_kubernetes_executor']) retrieved from /home/dante/DWBI/Apache/py_env/lib/python3.8/site-packages/airflow/example_dags/example_kubernetes_executor.py
[2021-11-24 13:11:27,328] {logging_mixin.py:109} INFO - [2021-11-24 13:11:27,328] {dag.py:2389} INFO - Sync 1 DAGs
[2021-11-24 13:11:27,337] {logging_mixin.py:109} INFO - [2021-11-24 13:11:27,337] {dag.py:2921} INFO - Setting next_dagrun for example_kubernetes_executor to None
[2021-11-24 13:11:27,345] {processor.py:171} INFO - Processing /home/dante/DWBI/Apache/py_env/lib/python3.8/site-packages/airflow/example_dags/example_kubernetes_executor.py took 0.069 seconds
[2021-11-24 13:12:06,300] {processor.py:163} INFO - Started process (PID=44285) to work on /home/dante/DWBI/Apache/py_env/lib/python3.8/site-packages/airflow/example_dags/example_kubernetes_executor.py
[2021-11-24 13:12:06,309] {processor.py:620} INFO - Processing file /home/dante/DWBI/Apache/py_env/lib/python3.8/site-packages/airflow/example_dags/example_kubernetes_executor.py for tasks to queue
[2021-11-24 13:12:06,309] {logging_mixin.py:109} INFO - [2021-11-24 13:12:06,309] {dagbag.py:500} INFO - Filling up the DagBag from /home/dante/DWBI/Apache/py_env/lib/python3.8/site-packages/airflow/example_dags/example_kubernetes_executor.py
[2021-11-24 13:12:06,326] {processor.py:632} INFO - DAG(s) dict_keys(['example_kubernetes_executor']) retrieved from /home/dante/DWBI/Apache/py_env/lib/python3.8/site-packages/airflow/example_dags/example_kubernetes_executor.py
[2021-11-24 13:12:06,333] {logging_mixin.py:109} INFO - [2021-11-24 13:12:06,333] {dag.py:2389} INFO - Sync 1 DAGs
[2021-11-24 13:12:06,342] {logging_mixin.py:109} INFO - [2021-11-24 13:12:06,342] {dag.py:2921} INFO - Setting next_dagrun for example_kubernetes_executor to None
[2021-11-24 13:12:06,372] {processor.py:171} INFO - Processing /home/dante/DWBI/Apache/py_env/lib/python3.8/site-packages/airflow/example_dags/example_kubernetes_executor.py took 0.075 seconds
[2021-11-24 13:12:45,763] {processor.py:163} INFO - Started process (PID=44342) to work on /home/dante/DWBI/Apache/py_env/lib/python3.8/site-packages/airflow/example_dags/example_kubernetes_executor.py
[2021-11-24 13:12:45,766] {processor.py:620} INFO - Processing file /home/dante/DWBI/Apache/py_env/lib/python3.8/site-packages/airflow/example_dags/example_kubernetes_executor.py for tasks to queue
[2021-11-24 13:12:45,766] {logging_mixin.py:109} INFO - [2021-11-24 13:12:45,766] {dagbag.py:500} INFO - Filling up the DagBag from /home/dante/DWBI/Apache/py_env/lib/python3.8/site-packages/airflow/example_dags/example_kubernetes_executor.py
[2021-11-24 13:12:45,783] {processor.py:632} INFO - DAG(s) dict_keys(['example_kubernetes_executor']) retrieved from /home/dante/DWBI/Apache/py_env/lib/python3.8/site-packages/airflow/example_dags/example_kubernetes_executor.py
[2021-11-24 13:12:45,791] {logging_mixin.py:109} INFO - [2021-11-24 13:12:45,791] {dag.py:2389} INFO - Sync 1 DAGs
[2021-11-24 13:12:45,800] {logging_mixin.py:109} INFO - [2021-11-24 13:12:45,800] {dag.py:2921} INFO - Setting next_dagrun for example_kubernetes_executor to None
[2021-11-24 13:12:45,809] {processor.py:171} INFO - Processing /home/dante/DWBI/Apache/py_env/lib/python3.8/site-packages/airflow/example_dags/example_kubernetes_executor.py took 0.048 seconds
[2021-11-24 13:13:24,393] {processor.py:163} INFO - Started process (PID=44492) to work on /home/dante/DWBI/Apache/py_env/lib/python3.8/site-packages/airflow/example_dags/example_kubernetes_executor.py
[2021-11-24 13:13:24,403] {processor.py:620} INFO - Processing file /home/dante/DWBI/Apache/py_env/lib/python3.8/site-packages/airflow/example_dags/example_kubernetes_executor.py for tasks to queue
[2021-11-24 13:13:24,405] {logging_mixin.py:109} INFO - [2021-11-24 13:13:24,404] {dagbag.py:500} INFO - Filling up the DagBag from /home/dante/DWBI/Apache/py_env/lib/python3.8/site-packages/airflow/example_dags/example_kubernetes_executor.py
[2021-11-24 13:13:24,448] {processor.py:632} INFO - DAG(s) dict_keys(['example_kubernetes_executor']) retrieved from /home/dante/DWBI/Apache/py_env/lib/python3.8/site-packages/airflow/example_dags/example_kubernetes_executor.py
[2021-11-24 13:13:24,464] {logging_mixin.py:109} INFO - [2021-11-24 13:13:24,463] {dag.py:2389} INFO - Sync 1 DAGs
[2021-11-24 13:13:24,490] {logging_mixin.py:109} INFO - [2021-11-24 13:13:24,490] {dag.py:2921} INFO - Setting next_dagrun for example_kubernetes_executor to None
[2021-11-24 13:13:24,522] {processor.py:171} INFO - Processing /home/dante/DWBI/Apache/py_env/lib/python3.8/site-packages/airflow/example_dags/example_kubernetes_executor.py took 0.136 seconds
[2021-11-24 13:14:03,192] {processor.py:163} INFO - Started process (PID=44558) to work on /home/dante/DWBI/Apache/py_env/lib/python3.8/site-packages/airflow/example_dags/example_kubernetes_executor.py
[2021-11-24 13:14:03,203] {processor.py:620} INFO - Processing file /home/dante/DWBI/Apache/py_env/lib/python3.8/site-packages/airflow/example_dags/example_kubernetes_executor.py for tasks to queue
[2021-11-24 13:14:03,205] {logging_mixin.py:109} INFO - [2021-11-24 13:14:03,204] {dagbag.py:500} INFO - Filling up the DagBag from /home/dante/DWBI/Apache/py_env/lib/python3.8/site-packages/airflow/example_dags/example_kubernetes_executor.py
[2021-11-24 13:14:03,242] {processor.py:632} INFO - DAG(s) dict_keys(['example_kubernetes_executor']) retrieved from /home/dante/DWBI/Apache/py_env/lib/python3.8/site-packages/airflow/example_dags/example_kubernetes_executor.py
[2021-11-24 13:14:03,250] {logging_mixin.py:109} INFO - [2021-11-24 13:14:03,250] {dag.py:2389} INFO - Sync 1 DAGs
[2021-11-24 13:14:03,259] {logging_mixin.py:109} INFO - [2021-11-24 13:14:03,259] {dag.py:2921} INFO - Setting next_dagrun for example_kubernetes_executor to None
[2021-11-24 13:14:03,267] {processor.py:171} INFO - Processing /home/dante/DWBI/Apache/py_env/lib/python3.8/site-packages/airflow/example_dags/example_kubernetes_executor.py took 0.078 seconds
[2021-11-24 13:14:42,788] {processor.py:163} INFO - Started process (PID=44697) to work on /home/dante/DWBI/Apache/py_env/lib/python3.8/site-packages/airflow/example_dags/example_kubernetes_executor.py
[2021-11-24 13:14:42,799] {processor.py:620} INFO - Processing file /home/dante/DWBI/Apache/py_env/lib/python3.8/site-packages/airflow/example_dags/example_kubernetes_executor.py for tasks to queue
[2021-11-24 13:14:42,801] {logging_mixin.py:109} INFO - [2021-11-24 13:14:42,800] {dagbag.py:500} INFO - Filling up the DagBag from /home/dante/DWBI/Apache/py_env/lib/python3.8/site-packages/airflow/example_dags/example_kubernetes_executor.py
[2021-11-24 13:14:42,833] {processor.py:632} INFO - DAG(s) dict_keys(['example_kubernetes_executor']) retrieved from /home/dante/DWBI/Apache/py_env/lib/python3.8/site-packages/airflow/example_dags/example_kubernetes_executor.py
[2021-11-24 13:14:42,840] {logging_mixin.py:109} INFO - [2021-11-24 13:14:42,840] {dag.py:2389} INFO - Sync 1 DAGs
[2021-11-24 13:14:42,850] {logging_mixin.py:109} INFO - [2021-11-24 13:14:42,850] {dag.py:2921} INFO - Setting next_dagrun for example_kubernetes_executor to None
[2021-11-24 13:14:42,887] {processor.py:171} INFO - Processing /home/dante/DWBI/Apache/py_env/lib/python3.8/site-packages/airflow/example_dags/example_kubernetes_executor.py took 0.105 seconds
[2021-11-24 13:15:21,441] {processor.py:163} INFO - Started process (PID=44787) to work on /home/dante/DWBI/Apache/py_env/lib/python3.8/site-packages/airflow/example_dags/example_kubernetes_executor.py
[2021-11-24 13:15:21,450] {processor.py:620} INFO - Processing file /home/dante/DWBI/Apache/py_env/lib/python3.8/site-packages/airflow/example_dags/example_kubernetes_executor.py for tasks to queue
[2021-11-24 13:15:21,451] {logging_mixin.py:109} INFO - [2021-11-24 13:15:21,451] {dagbag.py:500} INFO - Filling up the DagBag from /home/dante/DWBI/Apache/py_env/lib/python3.8/site-packages/airflow/example_dags/example_kubernetes_executor.py
[2021-11-24 13:15:21,475] {processor.py:632} INFO - DAG(s) dict_keys(['example_kubernetes_executor']) retrieved from /home/dante/DWBI/Apache/py_env/lib/python3.8/site-packages/airflow/example_dags/example_kubernetes_executor.py
[2021-11-24 13:15:21,485] {logging_mixin.py:109} INFO - [2021-11-24 13:15:21,485] {dag.py:2389} INFO - Sync 1 DAGs
[2021-11-24 13:15:21,495] {logging_mixin.py:109} INFO - [2021-11-24 13:15:21,495] {dag.py:2921} INFO - Setting next_dagrun for example_kubernetes_executor to None
[2021-11-24 13:15:21,510] {processor.py:171} INFO - Processing /home/dante/DWBI/Apache/py_env/lib/python3.8/site-packages/airflow/example_dags/example_kubernetes_executor.py took 0.071 seconds
[2021-11-24 13:16:02,785] {processor.py:163} INFO - Started process (PID=45261) to work on /home/dante/DWBI/Apache/py_env/lib/python3.8/site-packages/airflow/example_dags/example_kubernetes_executor.py
[2021-11-24 13:16:02,794] {processor.py:620} INFO - Processing file /home/dante/DWBI/Apache/py_env/lib/python3.8/site-packages/airflow/example_dags/example_kubernetes_executor.py for tasks to queue
[2021-11-24 13:16:02,795] {logging_mixin.py:109} INFO - [2021-11-24 13:16:02,795] {dagbag.py:500} INFO - Filling up the DagBag from /home/dante/DWBI/Apache/py_env/lib/python3.8/site-packages/airflow/example_dags/example_kubernetes_executor.py
[2021-11-24 13:16:02,808] {processor.py:632} INFO - DAG(s) dict_keys(['example_kubernetes_executor']) retrieved from /home/dante/DWBI/Apache/py_env/lib/python3.8/site-packages/airflow/example_dags/example_kubernetes_executor.py
[2021-11-24 13:16:02,815] {logging_mixin.py:109} INFO - [2021-11-24 13:16:02,815] {dag.py:2389} INFO - Sync 1 DAGs
[2021-11-24 13:16:02,824] {logging_mixin.py:109} INFO - [2021-11-24 13:16:02,824] {dag.py:2921} INFO - Setting next_dagrun for example_kubernetes_executor to None
[2021-11-24 13:16:02,841] {processor.py:171} INFO - Processing /home/dante/DWBI/Apache/py_env/lib/python3.8/site-packages/airflow/example_dags/example_kubernetes_executor.py took 0.058 seconds
[2021-11-24 13:16:40,792] {processor.py:163} INFO - Started process (PID=45410) to work on /home/dante/DWBI/Apache/py_env/lib/python3.8/site-packages/airflow/example_dags/example_kubernetes_executor.py
[2021-11-24 13:16:40,802] {processor.py:620} INFO - Processing file /home/dante/DWBI/Apache/py_env/lib/python3.8/site-packages/airflow/example_dags/example_kubernetes_executor.py for tasks to queue
[2021-11-24 13:16:40,803] {logging_mixin.py:109} INFO - [2021-11-24 13:16:40,803] {dagbag.py:500} INFO - Filling up the DagBag from /home/dante/DWBI/Apache/py_env/lib/python3.8/site-packages/airflow/example_dags/example_kubernetes_executor.py
[2021-11-24 13:16:40,820] {processor.py:632} INFO - DAG(s) dict_keys(['example_kubernetes_executor']) retrieved from /home/dante/DWBI/Apache/py_env/lib/python3.8/site-packages/airflow/example_dags/example_kubernetes_executor.py
[2021-11-24 13:16:40,828] {logging_mixin.py:109} INFO - [2021-11-24 13:16:40,828] {dag.py:2389} INFO - Sync 1 DAGs
[2021-11-24 13:16:40,837] {logging_mixin.py:109} INFO - [2021-11-24 13:16:40,837] {dag.py:2921} INFO - Setting next_dagrun for example_kubernetes_executor to None
[2021-11-24 13:16:40,848] {processor.py:171} INFO - Processing /home/dante/DWBI/Apache/py_env/lib/python3.8/site-packages/airflow/example_dags/example_kubernetes_executor.py took 0.058 seconds
[2021-11-24 13:17:17,314] {processor.py:163} INFO - Started process (PID=45552) to work on /home/dante/DWBI/Apache/py_env/lib/python3.8/site-packages/airflow/example_dags/example_kubernetes_executor.py
[2021-11-24 13:17:17,323] {processor.py:620} INFO - Processing file /home/dante/DWBI/Apache/py_env/lib/python3.8/site-packages/airflow/example_dags/example_kubernetes_executor.py for tasks to queue
[2021-11-24 13:17:17,324] {logging_mixin.py:109} INFO - [2021-11-24 13:17:17,324] {dagbag.py:500} INFO - Filling up the DagBag from /home/dante/DWBI/Apache/py_env/lib/python3.8/site-packages/airflow/example_dags/example_kubernetes_executor.py
[2021-11-24 13:17:17,338] {processor.py:632} INFO - DAG(s) dict_keys(['example_kubernetes_executor']) retrieved from /home/dante/DWBI/Apache/py_env/lib/python3.8/site-packages/airflow/example_dags/example_kubernetes_executor.py
[2021-11-24 13:17:17,345] {logging_mixin.py:109} INFO - [2021-11-24 13:17:17,345] {dag.py:2389} INFO - Sync 1 DAGs
[2021-11-24 13:17:17,355] {logging_mixin.py:109} INFO - [2021-11-24 13:17:17,355] {dag.py:2921} INFO - Setting next_dagrun for example_kubernetes_executor to None
[2021-11-24 13:17:17,370] {processor.py:171} INFO - Processing /home/dante/DWBI/Apache/py_env/lib/python3.8/site-packages/airflow/example_dags/example_kubernetes_executor.py took 0.058 seconds
[2021-11-24 13:17:54,525] {processor.py:163} INFO - Started process (PID=45598) to work on /home/dante/DWBI/Apache/py_env/lib/python3.8/site-packages/airflow/example_dags/example_kubernetes_executor.py
[2021-11-24 13:17:54,535] {processor.py:620} INFO - Processing file /home/dante/DWBI/Apache/py_env/lib/python3.8/site-packages/airflow/example_dags/example_kubernetes_executor.py for tasks to queue
[2021-11-24 13:17:54,536] {logging_mixin.py:109} INFO - [2021-11-24 13:17:54,535] {dagbag.py:500} INFO - Filling up the DagBag from /home/dante/DWBI/Apache/py_env/lib/python3.8/site-packages/airflow/example_dags/example_kubernetes_executor.py
[2021-11-24 13:17:54,561] {processor.py:632} INFO - DAG(s) dict_keys(['example_kubernetes_executor']) retrieved from /home/dante/DWBI/Apache/py_env/lib/python3.8/site-packages/airflow/example_dags/example_kubernetes_executor.py
[2021-11-24 13:17:54,572] {logging_mixin.py:109} INFO - [2021-11-24 13:17:54,572] {dag.py:2389} INFO - Sync 1 DAGs
[2021-11-24 13:17:54,582] {logging_mixin.py:109} INFO - [2021-11-24 13:17:54,582] {dag.py:2921} INFO - Setting next_dagrun for example_kubernetes_executor to None
[2021-11-24 13:17:54,596] {processor.py:171} INFO - Processing /home/dante/DWBI/Apache/py_env/lib/python3.8/site-packages/airflow/example_dags/example_kubernetes_executor.py took 0.074 seconds
[2021-11-24 13:18:35,158] {processor.py:163} INFO - Started process (PID=45678) to work on /home/dante/DWBI/Apache/py_env/lib/python3.8/site-packages/airflow/example_dags/example_kubernetes_executor.py
[2021-11-24 13:18:35,159] {processor.py:620} INFO - Processing file /home/dante/DWBI/Apache/py_env/lib/python3.8/site-packages/airflow/example_dags/example_kubernetes_executor.py for tasks to queue
[2021-11-24 13:18:35,160] {logging_mixin.py:109} INFO - [2021-11-24 13:18:35,160] {dagbag.py:500} INFO - Filling up the DagBag from /home/dante/DWBI/Apache/py_env/lib/python3.8/site-packages/airflow/example_dags/example_kubernetes_executor.py
[2021-11-24 13:18:35,177] {processor.py:632} INFO - DAG(s) dict_keys(['example_kubernetes_executor']) retrieved from /home/dante/DWBI/Apache/py_env/lib/python3.8/site-packages/airflow/example_dags/example_kubernetes_executor.py
[2021-11-24 13:18:35,184] {logging_mixin.py:109} INFO - [2021-11-24 13:18:35,184] {dag.py:2389} INFO - Sync 1 DAGs
[2021-11-24 13:18:35,193] {logging_mixin.py:109} INFO - [2021-11-24 13:18:35,193] {dag.py:2921} INFO - Setting next_dagrun for example_kubernetes_executor to None
[2021-11-24 13:18:35,200] {processor.py:171} INFO - Processing /home/dante/DWBI/Apache/py_env/lib/python3.8/site-packages/airflow/example_dags/example_kubernetes_executor.py took 0.044 seconds
[2021-11-24 13:19:12,583] {processor.py:163} INFO - Started process (PID=45730) to work on /home/dante/DWBI/Apache/py_env/lib/python3.8/site-packages/airflow/example_dags/example_kubernetes_executor.py
[2021-11-24 13:19:12,585] {processor.py:620} INFO - Processing file /home/dante/DWBI/Apache/py_env/lib/python3.8/site-packages/airflow/example_dags/example_kubernetes_executor.py for tasks to queue
[2021-11-24 13:19:12,585] {logging_mixin.py:109} INFO - [2021-11-24 13:19:12,585] {dagbag.py:500} INFO - Filling up the DagBag from /home/dante/DWBI/Apache/py_env/lib/python3.8/site-packages/airflow/example_dags/example_kubernetes_executor.py
[2021-11-24 13:19:12,603] {processor.py:632} INFO - DAG(s) dict_keys(['example_kubernetes_executor']) retrieved from /home/dante/DWBI/Apache/py_env/lib/python3.8/site-packages/airflow/example_dags/example_kubernetes_executor.py
[2021-11-24 13:19:12,611] {logging_mixin.py:109} INFO - [2021-11-24 13:19:12,611] {dag.py:2389} INFO - Sync 1 DAGs
[2021-11-24 13:19:12,621] {logging_mixin.py:109} INFO - [2021-11-24 13:19:12,621] {dag.py:2921} INFO - Setting next_dagrun for example_kubernetes_executor to None
[2021-11-24 13:19:12,628] {processor.py:171} INFO - Processing /home/dante/DWBI/Apache/py_env/lib/python3.8/site-packages/airflow/example_dags/example_kubernetes_executor.py took 0.048 seconds
[2021-11-24 13:19:53,671] {processor.py:163} INFO - Started process (PID=45784) to work on /home/dante/DWBI/Apache/py_env/lib/python3.8/site-packages/airflow/example_dags/example_kubernetes_executor.py
[2021-11-24 13:19:53,674] {processor.py:620} INFO - Processing file /home/dante/DWBI/Apache/py_env/lib/python3.8/site-packages/airflow/example_dags/example_kubernetes_executor.py for tasks to queue
[2021-11-24 13:19:53,675] {logging_mixin.py:109} INFO - [2021-11-24 13:19:53,675] {dagbag.py:500} INFO - Filling up the DagBag from /home/dante/DWBI/Apache/py_env/lib/python3.8/site-packages/airflow/example_dags/example_kubernetes_executor.py
[2021-11-24 13:19:53,705] {processor.py:632} INFO - DAG(s) dict_keys(['example_kubernetes_executor']) retrieved from /home/dante/DWBI/Apache/py_env/lib/python3.8/site-packages/airflow/example_dags/example_kubernetes_executor.py
[2021-11-24 13:19:53,713] {logging_mixin.py:109} INFO - [2021-11-24 13:19:53,712] {dag.py:2389} INFO - Sync 1 DAGs
[2021-11-24 13:19:53,721] {logging_mixin.py:109} INFO - [2021-11-24 13:19:53,721] {dag.py:2921} INFO - Setting next_dagrun for example_kubernetes_executor to None
[2021-11-24 13:19:53,728] {processor.py:171} INFO - Processing /home/dante/DWBI/Apache/py_env/lib/python3.8/site-packages/airflow/example_dags/example_kubernetes_executor.py took 0.060 seconds
[2021-11-24 13:20:31,014] {processor.py:163} INFO - Started process (PID=45833) to work on /home/dante/DWBI/Apache/py_env/lib/python3.8/site-packages/airflow/example_dags/example_kubernetes_executor.py
[2021-11-24 13:20:31,023] {processor.py:620} INFO - Processing file /home/dante/DWBI/Apache/py_env/lib/python3.8/site-packages/airflow/example_dags/example_kubernetes_executor.py for tasks to queue
[2021-11-24 13:20:31,023] {logging_mixin.py:109} INFO - [2021-11-24 13:20:31,023] {dagbag.py:500} INFO - Filling up the DagBag from /home/dante/DWBI/Apache/py_env/lib/python3.8/site-packages/airflow/example_dags/example_kubernetes_executor.py
[2021-11-24 13:20:31,039] {processor.py:632} INFO - DAG(s) dict_keys(['example_kubernetes_executor']) retrieved from /home/dante/DWBI/Apache/py_env/lib/python3.8/site-packages/airflow/example_dags/example_kubernetes_executor.py
[2021-11-24 13:20:31,046] {logging_mixin.py:109} INFO - [2021-11-24 13:20:31,046] {dag.py:2389} INFO - Sync 1 DAGs
[2021-11-24 13:20:31,056] {logging_mixin.py:109} INFO - [2021-11-24 13:20:31,056] {dag.py:2921} INFO - Setting next_dagrun for example_kubernetes_executor to None
[2021-11-24 13:20:31,065] {processor.py:171} INFO - Processing /home/dante/DWBI/Apache/py_env/lib/python3.8/site-packages/airflow/example_dags/example_kubernetes_executor.py took 0.054 seconds
[2021-11-24 13:21:11,336] {processor.py:163} INFO - Started process (PID=45906) to work on /home/dante/DWBI/Apache/py_env/lib/python3.8/site-packages/airflow/example_dags/example_kubernetes_executor.py
[2021-11-24 13:21:11,338] {processor.py:620} INFO - Processing file /home/dante/DWBI/Apache/py_env/lib/python3.8/site-packages/airflow/example_dags/example_kubernetes_executor.py for tasks to queue
[2021-11-24 13:21:11,338] {logging_mixin.py:109} INFO - [2021-11-24 13:21:11,338] {dagbag.py:500} INFO - Filling up the DagBag from /home/dante/DWBI/Apache/py_env/lib/python3.8/site-packages/airflow/example_dags/example_kubernetes_executor.py
[2021-11-24 13:21:11,354] {processor.py:632} INFO - DAG(s) dict_keys(['example_kubernetes_executor']) retrieved from /home/dante/DWBI/Apache/py_env/lib/python3.8/site-packages/airflow/example_dags/example_kubernetes_executor.py
[2021-11-24 13:21:11,361] {logging_mixin.py:109} INFO - [2021-11-24 13:21:11,361] {dag.py:2389} INFO - Sync 1 DAGs
[2021-11-24 13:21:11,373] {logging_mixin.py:109} INFO - [2021-11-24 13:21:11,373] {dag.py:2921} INFO - Setting next_dagrun for example_kubernetes_executor to None
[2021-11-24 13:21:11,381] {processor.py:171} INFO - Processing /home/dante/DWBI/Apache/py_env/lib/python3.8/site-packages/airflow/example_dags/example_kubernetes_executor.py took 0.048 seconds
[2021-11-24 13:21:52,550] {processor.py:163} INFO - Started process (PID=46002) to work on /home/dante/DWBI/Apache/py_env/lib/python3.8/site-packages/airflow/example_dags/example_kubernetes_executor.py
[2021-11-24 13:21:52,559] {processor.py:620} INFO - Processing file /home/dante/DWBI/Apache/py_env/lib/python3.8/site-packages/airflow/example_dags/example_kubernetes_executor.py for tasks to queue
[2021-11-24 13:21:52,560] {logging_mixin.py:109} INFO - [2021-11-24 13:21:52,560] {dagbag.py:500} INFO - Filling up the DagBag from /home/dante/DWBI/Apache/py_env/lib/python3.8/site-packages/airflow/example_dags/example_kubernetes_executor.py
[2021-11-24 13:21:52,586] {processor.py:632} INFO - DAG(s) dict_keys(['example_kubernetes_executor']) retrieved from /home/dante/DWBI/Apache/py_env/lib/python3.8/site-packages/airflow/example_dags/example_kubernetes_executor.py
[2021-11-24 13:21:52,593] {logging_mixin.py:109} INFO - [2021-11-24 13:21:52,593] {dag.py:2389} INFO - Sync 1 DAGs
[2021-11-24 13:21:52,603] {logging_mixin.py:109} INFO - [2021-11-24 13:21:52,602] {dag.py:2921} INFO - Setting next_dagrun for example_kubernetes_executor to None
[2021-11-24 13:21:52,613] {processor.py:171} INFO - Processing /home/dante/DWBI/Apache/py_env/lib/python3.8/site-packages/airflow/example_dags/example_kubernetes_executor.py took 0.066 seconds
[2021-11-24 13:22:30,676] {processor.py:163} INFO - Started process (PID=46067) to work on /home/dante/DWBI/Apache/py_env/lib/python3.8/site-packages/airflow/example_dags/example_kubernetes_executor.py
[2021-11-24 13:22:30,687] {processor.py:620} INFO - Processing file /home/dante/DWBI/Apache/py_env/lib/python3.8/site-packages/airflow/example_dags/example_kubernetes_executor.py for tasks to queue
[2021-11-24 13:22:30,688] {logging_mixin.py:109} INFO - [2021-11-24 13:22:30,688] {dagbag.py:500} INFO - Filling up the DagBag from /home/dante/DWBI/Apache/py_env/lib/python3.8/site-packages/airflow/example_dags/example_kubernetes_executor.py
[2021-11-24 13:22:30,719] {processor.py:632} INFO - DAG(s) dict_keys(['example_kubernetes_executor']) retrieved from /home/dante/DWBI/Apache/py_env/lib/python3.8/site-packages/airflow/example_dags/example_kubernetes_executor.py
[2021-11-24 13:22:30,726] {logging_mixin.py:109} INFO - [2021-11-24 13:22:30,726] {dag.py:2389} INFO - Sync 1 DAGs
[2021-11-24 13:22:30,735] {logging_mixin.py:109} INFO - [2021-11-24 13:22:30,735] {dag.py:2921} INFO - Setting next_dagrun for example_kubernetes_executor to None
[2021-11-24 13:22:30,752] {processor.py:171} INFO - Processing /home/dante/DWBI/Apache/py_env/lib/python3.8/site-packages/airflow/example_dags/example_kubernetes_executor.py took 0.082 seconds
[2021-11-24 13:23:13,419] {processor.py:163} INFO - Started process (PID=46459) to work on /home/dante/DWBI/Apache/py_env/lib/python3.8/site-packages/airflow/example_dags/example_kubernetes_executor.py
[2021-11-24 13:23:13,422] {processor.py:620} INFO - Processing file /home/dante/DWBI/Apache/py_env/lib/python3.8/site-packages/airflow/example_dags/example_kubernetes_executor.py for tasks to queue
[2021-11-24 13:23:13,423] {logging_mixin.py:109} INFO - [2021-11-24 13:23:13,423] {dagbag.py:500} INFO - Filling up the DagBag from /home/dante/DWBI/Apache/py_env/lib/python3.8/site-packages/airflow/example_dags/example_kubernetes_executor.py
[2021-11-24 13:23:13,444] {processor.py:632} INFO - DAG(s) dict_keys(['example_kubernetes_executor']) retrieved from /home/dante/DWBI/Apache/py_env/lib/python3.8/site-packages/airflow/example_dags/example_kubernetes_executor.py
[2021-11-24 13:23:13,453] {logging_mixin.py:109} INFO - [2021-11-24 13:23:13,453] {dag.py:2389} INFO - Sync 1 DAGs
[2021-11-24 13:23:13,462] {logging_mixin.py:109} INFO - [2021-11-24 13:23:13,462] {dag.py:2921} INFO - Setting next_dagrun for example_kubernetes_executor to None
[2021-11-24 13:23:13,469] {processor.py:171} INFO - Processing /home/dante/DWBI/Apache/py_env/lib/python3.8/site-packages/airflow/example_dags/example_kubernetes_executor.py took 0.052 seconds
[2021-11-24 13:23:52,504] {processor.py:163} INFO - Started process (PID=46521) to work on /home/dante/DWBI/Apache/py_env/lib/python3.8/site-packages/airflow/example_dags/example_kubernetes_executor.py
[2021-11-24 13:23:52,514] {processor.py:620} INFO - Processing file /home/dante/DWBI/Apache/py_env/lib/python3.8/site-packages/airflow/example_dags/example_kubernetes_executor.py for tasks to queue
[2021-11-24 13:23:52,515] {logging_mixin.py:109} INFO - [2021-11-24 13:23:52,515] {dagbag.py:500} INFO - Filling up the DagBag from /home/dante/DWBI/Apache/py_env/lib/python3.8/site-packages/airflow/example_dags/example_kubernetes_executor.py
[2021-11-24 13:23:52,536] {processor.py:632} INFO - DAG(s) dict_keys(['example_kubernetes_executor']) retrieved from /home/dante/DWBI/Apache/py_env/lib/python3.8/site-packages/airflow/example_dags/example_kubernetes_executor.py
[2021-11-24 13:23:52,545] {logging_mixin.py:109} INFO - [2021-11-24 13:23:52,545] {dag.py:2389} INFO - Sync 1 DAGs
[2021-11-24 13:23:52,554] {logging_mixin.py:109} INFO - [2021-11-24 13:23:52,554] {dag.py:2921} INFO - Setting next_dagrun for example_kubernetes_executor to None
[2021-11-24 13:23:52,573] {processor.py:171} INFO - Processing /home/dante/DWBI/Apache/py_env/lib/python3.8/site-packages/airflow/example_dags/example_kubernetes_executor.py took 0.071 seconds
[2021-11-24 13:24:28,585] {processor.py:163} INFO - Started process (PID=46631) to work on /home/dante/DWBI/Apache/py_env/lib/python3.8/site-packages/airflow/example_dags/example_kubernetes_executor.py
[2021-11-24 13:24:28,587] {processor.py:620} INFO - Processing file /home/dante/DWBI/Apache/py_env/lib/python3.8/site-packages/airflow/example_dags/example_kubernetes_executor.py for tasks to queue
[2021-11-24 13:24:28,588] {logging_mixin.py:109} INFO - [2021-11-24 13:24:28,588] {dagbag.py:500} INFO - Filling up the DagBag from /home/dante/DWBI/Apache/py_env/lib/python3.8/site-packages/airflow/example_dags/example_kubernetes_executor.py
[2021-11-24 13:24:28,608] {processor.py:632} INFO - DAG(s) dict_keys(['example_kubernetes_executor']) retrieved from /home/dante/DWBI/Apache/py_env/lib/python3.8/site-packages/airflow/example_dags/example_kubernetes_executor.py
[2021-11-24 13:24:28,617] {logging_mixin.py:109} INFO - [2021-11-24 13:24:28,617] {dag.py:2389} INFO - Sync 1 DAGs
[2021-11-24 13:24:28,629] {logging_mixin.py:109} INFO - [2021-11-24 13:24:28,629] {dag.py:2921} INFO - Setting next_dagrun for example_kubernetes_executor to None
[2021-11-24 13:24:28,637] {processor.py:171} INFO - Processing /home/dante/DWBI/Apache/py_env/lib/python3.8/site-packages/airflow/example_dags/example_kubernetes_executor.py took 0.054 seconds
[2021-11-24 13:25:05,745] {processor.py:163} INFO - Started process (PID=46770) to work on /home/dante/DWBI/Apache/py_env/lib/python3.8/site-packages/airflow/example_dags/example_kubernetes_executor.py
[2021-11-24 13:25:05,749] {processor.py:620} INFO - Processing file /home/dante/DWBI/Apache/py_env/lib/python3.8/site-packages/airflow/example_dags/example_kubernetes_executor.py for tasks to queue
[2021-11-24 13:25:05,751] {logging_mixin.py:109} INFO - [2021-11-24 13:25:05,750] {dagbag.py:500} INFO - Filling up the DagBag from /home/dante/DWBI/Apache/py_env/lib/python3.8/site-packages/airflow/example_dags/example_kubernetes_executor.py
[2021-11-24 13:25:05,768] {processor.py:632} INFO - DAG(s) dict_keys(['example_kubernetes_executor']) retrieved from /home/dante/DWBI/Apache/py_env/lib/python3.8/site-packages/airflow/example_dags/example_kubernetes_executor.py
[2021-11-24 13:25:05,776] {logging_mixin.py:109} INFO - [2021-11-24 13:25:05,776] {dag.py:2389} INFO - Sync 1 DAGs
[2021-11-24 13:25:05,785] {logging_mixin.py:109} INFO - [2021-11-24 13:25:05,785] {dag.py:2921} INFO - Setting next_dagrun for example_kubernetes_executor to None
[2021-11-24 13:25:05,792] {processor.py:171} INFO - Processing /home/dante/DWBI/Apache/py_env/lib/python3.8/site-packages/airflow/example_dags/example_kubernetes_executor.py took 0.054 seconds
[2021-11-24 13:25:42,465] {processor.py:163} INFO - Started process (PID=46839) to work on /home/dante/DWBI/Apache/py_env/lib/python3.8/site-packages/airflow/example_dags/example_kubernetes_executor.py
[2021-11-24 13:25:42,469] {processor.py:620} INFO - Processing file /home/dante/DWBI/Apache/py_env/lib/python3.8/site-packages/airflow/example_dags/example_kubernetes_executor.py for tasks to queue
[2021-11-24 13:25:42,470] {logging_mixin.py:109} INFO - [2021-11-24 13:25:42,470] {dagbag.py:500} INFO - Filling up the DagBag from /home/dante/DWBI/Apache/py_env/lib/python3.8/site-packages/airflow/example_dags/example_kubernetes_executor.py
[2021-11-24 13:25:42,500] {processor.py:632} INFO - DAG(s) dict_keys(['example_kubernetes_executor']) retrieved from /home/dante/DWBI/Apache/py_env/lib/python3.8/site-packages/airflow/example_dags/example_kubernetes_executor.py
[2021-11-24 13:25:42,507] {logging_mixin.py:109} INFO - [2021-11-24 13:25:42,507] {dag.py:2389} INFO - Sync 1 DAGs
[2021-11-24 13:25:42,516] {logging_mixin.py:109} INFO - [2021-11-24 13:25:42,515] {dag.py:2921} INFO - Setting next_dagrun for example_kubernetes_executor to None
[2021-11-24 13:25:42,523] {processor.py:171} INFO - Processing /home/dante/DWBI/Apache/py_env/lib/python3.8/site-packages/airflow/example_dags/example_kubernetes_executor.py took 0.065 seconds
[2021-11-24 13:26:23,912] {processor.py:163} INFO - Started process (PID=46922) to work on /home/dante/DWBI/Apache/py_env/lib/python3.8/site-packages/airflow/example_dags/example_kubernetes_executor.py
[2021-11-24 13:26:23,917] {processor.py:620} INFO - Processing file /home/dante/DWBI/Apache/py_env/lib/python3.8/site-packages/airflow/example_dags/example_kubernetes_executor.py for tasks to queue
[2021-11-24 13:26:23,917] {logging_mixin.py:109} INFO - [2021-11-24 13:26:23,917] {dagbag.py:500} INFO - Filling up the DagBag from /home/dante/DWBI/Apache/py_env/lib/python3.8/site-packages/airflow/example_dags/example_kubernetes_executor.py
[2021-11-24 13:26:23,934] {processor.py:632} INFO - DAG(s) dict_keys(['example_kubernetes_executor']) retrieved from /home/dante/DWBI/Apache/py_env/lib/python3.8/site-packages/airflow/example_dags/example_kubernetes_executor.py
[2021-11-24 13:26:23,941] {logging_mixin.py:109} INFO - [2021-11-24 13:26:23,941] {dag.py:2389} INFO - Sync 1 DAGs
[2021-11-24 13:26:23,950] {logging_mixin.py:109} INFO - [2021-11-24 13:26:23,950] {dag.py:2921} INFO - Setting next_dagrun for example_kubernetes_executor to None
[2021-11-24 13:26:23,957] {processor.py:171} INFO - Processing /home/dante/DWBI/Apache/py_env/lib/python3.8/site-packages/airflow/example_dags/example_kubernetes_executor.py took 0.047 seconds
[2021-11-24 13:27:02,188] {processor.py:163} INFO - Started process (PID=47053) to work on /home/dante/DWBI/Apache/py_env/lib/python3.8/site-packages/airflow/example_dags/example_kubernetes_executor.py
[2021-11-24 13:27:02,197] {processor.py:620} INFO - Processing file /home/dante/DWBI/Apache/py_env/lib/python3.8/site-packages/airflow/example_dags/example_kubernetes_executor.py for tasks to queue
[2021-11-24 13:27:02,198] {logging_mixin.py:109} INFO - [2021-11-24 13:27:02,198] {dagbag.py:500} INFO - Filling up the DagBag from /home/dante/DWBI/Apache/py_env/lib/python3.8/site-packages/airflow/example_dags/example_kubernetes_executor.py
[2021-11-24 13:27:02,212] {processor.py:632} INFO - DAG(s) dict_keys(['example_kubernetes_executor']) retrieved from /home/dante/DWBI/Apache/py_env/lib/python3.8/site-packages/airflow/example_dags/example_kubernetes_executor.py
[2021-11-24 13:27:02,218] {logging_mixin.py:109} INFO - [2021-11-24 13:27:02,218] {dag.py:2389} INFO - Sync 1 DAGs
[2021-11-24 13:27:02,227] {logging_mixin.py:109} INFO - [2021-11-24 13:27:02,226] {dag.py:2921} INFO - Setting next_dagrun for example_kubernetes_executor to None
[2021-11-24 13:27:02,240] {processor.py:171} INFO - Processing /home/dante/DWBI/Apache/py_env/lib/python3.8/site-packages/airflow/example_dags/example_kubernetes_executor.py took 0.053 seconds
[2021-11-24 13:27:42,006] {processor.py:163} INFO - Started process (PID=47112) to work on /home/dante/DWBI/Apache/py_env/lib/python3.8/site-packages/airflow/example_dags/example_kubernetes_executor.py
[2021-11-24 13:27:42,015] {processor.py:620} INFO - Processing file /home/dante/DWBI/Apache/py_env/lib/python3.8/site-packages/airflow/example_dags/example_kubernetes_executor.py for tasks to queue
[2021-11-24 13:27:42,016] {logging_mixin.py:109} INFO - [2021-11-24 13:27:42,016] {dagbag.py:500} INFO - Filling up the DagBag from /home/dante/DWBI/Apache/py_env/lib/python3.8/site-packages/airflow/example_dags/example_kubernetes_executor.py
[2021-11-24 13:27:42,031] {processor.py:632} INFO - DAG(s) dict_keys(['example_kubernetes_executor']) retrieved from /home/dante/DWBI/Apache/py_env/lib/python3.8/site-packages/airflow/example_dags/example_kubernetes_executor.py
[2021-11-24 13:27:42,038] {logging_mixin.py:109} INFO - [2021-11-24 13:27:42,038] {dag.py:2389} INFO - Sync 1 DAGs
[2021-11-24 13:27:42,047] {logging_mixin.py:109} INFO - [2021-11-24 13:27:42,047] {dag.py:2921} INFO - Setting next_dagrun for example_kubernetes_executor to None
[2021-11-24 13:27:42,055] {processor.py:171} INFO - Processing /home/dante/DWBI/Apache/py_env/lib/python3.8/site-packages/airflow/example_dags/example_kubernetes_executor.py took 0.051 seconds
[2021-11-24 13:28:21,550] {processor.py:163} INFO - Started process (PID=47282) to work on /home/dante/DWBI/Apache/py_env/lib/python3.8/site-packages/airflow/example_dags/example_kubernetes_executor.py
[2021-11-24 13:28:21,563] {processor.py:620} INFO - Processing file /home/dante/DWBI/Apache/py_env/lib/python3.8/site-packages/airflow/example_dags/example_kubernetes_executor.py for tasks to queue
[2021-11-24 13:28:21,564] {logging_mixin.py:109} INFO - [2021-11-24 13:28:21,564] {dagbag.py:500} INFO - Filling up the DagBag from /home/dante/DWBI/Apache/py_env/lib/python3.8/site-packages/airflow/example_dags/example_kubernetes_executor.py
[2021-11-24 13:28:21,597] {processor.py:632} INFO - DAG(s) dict_keys(['example_kubernetes_executor']) retrieved from /home/dante/DWBI/Apache/py_env/lib/python3.8/site-packages/airflow/example_dags/example_kubernetes_executor.py
[2021-11-24 13:28:21,604] {logging_mixin.py:109} INFO - [2021-11-24 13:28:21,604] {dag.py:2389} INFO - Sync 1 DAGs
[2021-11-24 13:28:21,613] {logging_mixin.py:109} INFO - [2021-11-24 13:28:21,613] {dag.py:2921} INFO - Setting next_dagrun for example_kubernetes_executor to None
[2021-11-24 13:28:21,636] {processor.py:171} INFO - Processing /home/dante/DWBI/Apache/py_env/lib/python3.8/site-packages/airflow/example_dags/example_kubernetes_executor.py took 0.092 seconds
[2021-11-24 13:28:57,847] {processor.py:163} INFO - Started process (PID=47375) to work on /home/dante/DWBI/Apache/py_env/lib/python3.8/site-packages/airflow/example_dags/example_kubernetes_executor.py
[2021-11-24 13:28:57,850] {processor.py:620} INFO - Processing file /home/dante/DWBI/Apache/py_env/lib/python3.8/site-packages/airflow/example_dags/example_kubernetes_executor.py for tasks to queue
[2021-11-24 13:28:57,852] {logging_mixin.py:109} INFO - [2021-11-24 13:28:57,851] {dagbag.py:500} INFO - Filling up the DagBag from /home/dante/DWBI/Apache/py_env/lib/python3.8/site-packages/airflow/example_dags/example_kubernetes_executor.py
[2021-11-24 13:28:57,882] {processor.py:632} INFO - DAG(s) dict_keys(['example_kubernetes_executor']) retrieved from /home/dante/DWBI/Apache/py_env/lib/python3.8/site-packages/airflow/example_dags/example_kubernetes_executor.py
[2021-11-24 13:28:57,889] {logging_mixin.py:109} INFO - [2021-11-24 13:28:57,889] {dag.py:2389} INFO - Sync 1 DAGs
[2021-11-24 13:28:57,898] {logging_mixin.py:109} INFO - [2021-11-24 13:28:57,898] {dag.py:2921} INFO - Setting next_dagrun for example_kubernetes_executor to None
[2021-11-24 13:28:57,905] {processor.py:171} INFO - Processing /home/dante/DWBI/Apache/py_env/lib/python3.8/site-packages/airflow/example_dags/example_kubernetes_executor.py took 0.065 seconds
[2021-11-24 13:29:35,297] {processor.py:163} INFO - Started process (PID=47440) to work on /home/dante/DWBI/Apache/py_env/lib/python3.8/site-packages/airflow/example_dags/example_kubernetes_executor.py
[2021-11-24 13:29:35,308] {processor.py:620} INFO - Processing file /home/dante/DWBI/Apache/py_env/lib/python3.8/site-packages/airflow/example_dags/example_kubernetes_executor.py for tasks to queue
[2021-11-24 13:29:35,309] {logging_mixin.py:109} INFO - [2021-11-24 13:29:35,309] {dagbag.py:500} INFO - Filling up the DagBag from /home/dante/DWBI/Apache/py_env/lib/python3.8/site-packages/airflow/example_dags/example_kubernetes_executor.py
[2021-11-24 13:29:35,348] {processor.py:632} INFO - DAG(s) dict_keys(['example_kubernetes_executor']) retrieved from /home/dante/DWBI/Apache/py_env/lib/python3.8/site-packages/airflow/example_dags/example_kubernetes_executor.py
[2021-11-24 13:29:35,356] {logging_mixin.py:109} INFO - [2021-11-24 13:29:35,355] {dag.py:2389} INFO - Sync 1 DAGs
[2021-11-24 13:29:35,365] {logging_mixin.py:109} INFO - [2021-11-24 13:29:35,365] {dag.py:2921} INFO - Setting next_dagrun for example_kubernetes_executor to None
[2021-11-24 13:29:35,374] {processor.py:171} INFO - Processing /home/dante/DWBI/Apache/py_env/lib/python3.8/site-packages/airflow/example_dags/example_kubernetes_executor.py took 0.080 seconds
[2021-11-24 13:30:12,082] {processor.py:163} INFO - Started process (PID=47522) to work on /home/dante/DWBI/Apache/py_env/lib/python3.8/site-packages/airflow/example_dags/example_kubernetes_executor.py
[2021-11-24 13:30:12,091] {processor.py:620} INFO - Processing file /home/dante/DWBI/Apache/py_env/lib/python3.8/site-packages/airflow/example_dags/example_kubernetes_executor.py for tasks to queue
[2021-11-24 13:30:12,092] {logging_mixin.py:109} INFO - [2021-11-24 13:30:12,092] {dagbag.py:500} INFO - Filling up the DagBag from /home/dante/DWBI/Apache/py_env/lib/python3.8/site-packages/airflow/example_dags/example_kubernetes_executor.py
[2021-11-24 13:30:12,116] {processor.py:632} INFO - DAG(s) dict_keys(['example_kubernetes_executor']) retrieved from /home/dante/DWBI/Apache/py_env/lib/python3.8/site-packages/airflow/example_dags/example_kubernetes_executor.py
[2021-11-24 13:30:12,124] {logging_mixin.py:109} INFO - [2021-11-24 13:30:12,124] {dag.py:2389} INFO - Sync 1 DAGs
[2021-11-24 13:30:12,133] {logging_mixin.py:109} INFO - [2021-11-24 13:30:12,133] {dag.py:2921} INFO - Setting next_dagrun for example_kubernetes_executor to None
[2021-11-24 13:30:12,145] {processor.py:171} INFO - Processing /home/dante/DWBI/Apache/py_env/lib/python3.8/site-packages/airflow/example_dags/example_kubernetes_executor.py took 0.065 seconds
[2021-11-24 13:30:47,486] {processor.py:163} INFO - Started process (PID=47577) to work on /home/dante/DWBI/Apache/py_env/lib/python3.8/site-packages/airflow/example_dags/example_kubernetes_executor.py
[2021-11-24 13:30:47,491] {processor.py:620} INFO - Processing file /home/dante/DWBI/Apache/py_env/lib/python3.8/site-packages/airflow/example_dags/example_kubernetes_executor.py for tasks to queue
[2021-11-24 13:30:47,493] {logging_mixin.py:109} INFO - [2021-11-24 13:30:47,492] {dagbag.py:500} INFO - Filling up the DagBag from /home/dante/DWBI/Apache/py_env/lib/python3.8/site-packages/airflow/example_dags/example_kubernetes_executor.py
[2021-11-24 13:30:47,520] {processor.py:632} INFO - DAG(s) dict_keys(['example_kubernetes_executor']) retrieved from /home/dante/DWBI/Apache/py_env/lib/python3.8/site-packages/airflow/example_dags/example_kubernetes_executor.py
[2021-11-24 13:30:47,527] {logging_mixin.py:109} INFO - [2021-11-24 13:30:47,527] {dag.py:2389} INFO - Sync 1 DAGs
[2021-11-24 13:30:47,536] {logging_mixin.py:109} INFO - [2021-11-24 13:30:47,536] {dag.py:2921} INFO - Setting next_dagrun for example_kubernetes_executor to None
[2021-11-24 13:30:47,545] {processor.py:171} INFO - Processing /home/dante/DWBI/Apache/py_env/lib/python3.8/site-packages/airflow/example_dags/example_kubernetes_executor.py took 0.065 seconds
[2021-11-24 13:31:22,605] {processor.py:163} INFO - Started process (PID=47630) to work on /home/dante/DWBI/Apache/py_env/lib/python3.8/site-packages/airflow/example_dags/example_kubernetes_executor.py
[2021-11-24 13:31:22,608] {processor.py:620} INFO - Processing file /home/dante/DWBI/Apache/py_env/lib/python3.8/site-packages/airflow/example_dags/example_kubernetes_executor.py for tasks to queue
[2021-11-24 13:31:22,610] {logging_mixin.py:109} INFO - [2021-11-24 13:31:22,610] {dagbag.py:500} INFO - Filling up the DagBag from /home/dante/DWBI/Apache/py_env/lib/python3.8/site-packages/airflow/example_dags/example_kubernetes_executor.py
[2021-11-24 13:31:22,633] {processor.py:632} INFO - DAG(s) dict_keys(['example_kubernetes_executor']) retrieved from /home/dante/DWBI/Apache/py_env/lib/python3.8/site-packages/airflow/example_dags/example_kubernetes_executor.py
[2021-11-24 13:31:22,639] {logging_mixin.py:109} INFO - [2021-11-24 13:31:22,639] {dag.py:2389} INFO - Sync 1 DAGs
[2021-11-24 13:31:22,649] {logging_mixin.py:109} INFO - [2021-11-24 13:31:22,648] {dag.py:2921} INFO - Setting next_dagrun for example_kubernetes_executor to None
[2021-11-24 13:31:22,655] {processor.py:171} INFO - Processing /home/dante/DWBI/Apache/py_env/lib/python3.8/site-packages/airflow/example_dags/example_kubernetes_executor.py took 0.058 seconds
[2021-11-24 13:31:58,756] {processor.py:163} INFO - Started process (PID=47766) to work on /home/dante/DWBI/Apache/py_env/lib/python3.8/site-packages/airflow/example_dags/example_kubernetes_executor.py
[2021-11-24 13:31:58,757] {processor.py:620} INFO - Processing file /home/dante/DWBI/Apache/py_env/lib/python3.8/site-packages/airflow/example_dags/example_kubernetes_executor.py for tasks to queue
[2021-11-24 13:31:58,757] {logging_mixin.py:109} INFO - [2021-11-24 13:31:58,757] {dagbag.py:500} INFO - Filling up the DagBag from /home/dante/DWBI/Apache/py_env/lib/python3.8/site-packages/airflow/example_dags/example_kubernetes_executor.py
[2021-11-24 13:31:58,773] {processor.py:632} INFO - DAG(s) dict_keys(['example_kubernetes_executor']) retrieved from /home/dante/DWBI/Apache/py_env/lib/python3.8/site-packages/airflow/example_dags/example_kubernetes_executor.py
[2021-11-24 13:31:58,780] {logging_mixin.py:109} INFO - [2021-11-24 13:31:58,780] {dag.py:2389} INFO - Sync 1 DAGs
[2021-11-24 13:31:58,790] {logging_mixin.py:109} INFO - [2021-11-24 13:31:58,790] {dag.py:2921} INFO - Setting next_dagrun for example_kubernetes_executor to None
[2021-11-24 13:31:58,798] {processor.py:171} INFO - Processing /home/dante/DWBI/Apache/py_env/lib/python3.8/site-packages/airflow/example_dags/example_kubernetes_executor.py took 0.044 seconds
[2021-11-24 13:32:36,226] {processor.py:163} INFO - Started process (PID=48278) to work on /home/dante/DWBI/Apache/py_env/lib/python3.8/site-packages/airflow/example_dags/example_kubernetes_executor.py
[2021-11-24 13:32:36,235] {processor.py:620} INFO - Processing file /home/dante/DWBI/Apache/py_env/lib/python3.8/site-packages/airflow/example_dags/example_kubernetes_executor.py for tasks to queue
[2021-11-24 13:32:36,236] {logging_mixin.py:109} INFO - [2021-11-24 13:32:36,236] {dagbag.py:500} INFO - Filling up the DagBag from /home/dante/DWBI/Apache/py_env/lib/python3.8/site-packages/airflow/example_dags/example_kubernetes_executor.py
[2021-11-24 13:32:36,262] {processor.py:632} INFO - DAG(s) dict_keys(['example_kubernetes_executor']) retrieved from /home/dante/DWBI/Apache/py_env/lib/python3.8/site-packages/airflow/example_dags/example_kubernetes_executor.py
[2021-11-24 13:32:36,272] {logging_mixin.py:109} INFO - [2021-11-24 13:32:36,272] {dag.py:2389} INFO - Sync 1 DAGs
[2021-11-24 13:32:36,281] {logging_mixin.py:109} INFO - [2021-11-24 13:32:36,281] {dag.py:2921} INFO - Setting next_dagrun for example_kubernetes_executor to None
[2021-11-24 13:32:36,289] {processor.py:171} INFO - Processing /home/dante/DWBI/Apache/py_env/lib/python3.8/site-packages/airflow/example_dags/example_kubernetes_executor.py took 0.065 seconds
[2021-11-24 13:33:12,615] {processor.py:163} INFO - Started process (PID=48496) to work on /home/dante/DWBI/Apache/py_env/lib/python3.8/site-packages/airflow/example_dags/example_kubernetes_executor.py
[2021-11-24 13:33:12,621] {processor.py:620} INFO - Processing file /home/dante/DWBI/Apache/py_env/lib/python3.8/site-packages/airflow/example_dags/example_kubernetes_executor.py for tasks to queue
[2021-11-24 13:33:12,623] {logging_mixin.py:109} INFO - [2021-11-24 13:33:12,622] {dagbag.py:500} INFO - Filling up the DagBag from /home/dante/DWBI/Apache/py_env/lib/python3.8/site-packages/airflow/example_dags/example_kubernetes_executor.py
[2021-11-24 13:33:12,652] {processor.py:632} INFO - DAG(s) dict_keys(['example_kubernetes_executor']) retrieved from /home/dante/DWBI/Apache/py_env/lib/python3.8/site-packages/airflow/example_dags/example_kubernetes_executor.py
[2021-11-24 13:33:12,658] {logging_mixin.py:109} INFO - [2021-11-24 13:33:12,658] {dag.py:2389} INFO - Sync 1 DAGs
[2021-11-24 13:33:12,667] {logging_mixin.py:109} INFO - [2021-11-24 13:33:12,667] {dag.py:2921} INFO - Setting next_dagrun for example_kubernetes_executor to None
[2021-11-24 13:33:12,675] {processor.py:171} INFO - Processing /home/dante/DWBI/Apache/py_env/lib/python3.8/site-packages/airflow/example_dags/example_kubernetes_executor.py took 0.067 seconds
[2021-11-24 13:33:53,006] {processor.py:163} INFO - Started process (PID=48633) to work on /home/dante/DWBI/Apache/py_env/lib/python3.8/site-packages/airflow/example_dags/example_kubernetes_executor.py
[2021-11-24 13:33:53,008] {processor.py:620} INFO - Processing file /home/dante/DWBI/Apache/py_env/lib/python3.8/site-packages/airflow/example_dags/example_kubernetes_executor.py for tasks to queue
[2021-11-24 13:33:53,009] {logging_mixin.py:109} INFO - [2021-11-24 13:33:53,009] {dagbag.py:500} INFO - Filling up the DagBag from /home/dante/DWBI/Apache/py_env/lib/python3.8/site-packages/airflow/example_dags/example_kubernetes_executor.py
[2021-11-24 13:33:53,026] {processor.py:632} INFO - DAG(s) dict_keys(['example_kubernetes_executor']) retrieved from /home/dante/DWBI/Apache/py_env/lib/python3.8/site-packages/airflow/example_dags/example_kubernetes_executor.py
[2021-11-24 13:33:53,034] {logging_mixin.py:109} INFO - [2021-11-24 13:33:53,034] {dag.py:2389} INFO - Sync 1 DAGs
[2021-11-24 13:33:53,044] {logging_mixin.py:109} INFO - [2021-11-24 13:33:53,044] {dag.py:2921} INFO - Setting next_dagrun for example_kubernetes_executor to None
[2021-11-24 13:33:53,051] {processor.py:171} INFO - Processing /home/dante/DWBI/Apache/py_env/lib/python3.8/site-packages/airflow/example_dags/example_kubernetes_executor.py took 0.048 seconds
[2021-11-24 13:34:32,430] {processor.py:163} INFO - Started process (PID=48741) to work on /home/dante/DWBI/Apache/py_env/lib/python3.8/site-packages/airflow/example_dags/example_kubernetes_executor.py
[2021-11-24 13:34:32,439] {processor.py:620} INFO - Processing file /home/dante/DWBI/Apache/py_env/lib/python3.8/site-packages/airflow/example_dags/example_kubernetes_executor.py for tasks to queue
[2021-11-24 13:34:32,439] {logging_mixin.py:109} INFO - [2021-11-24 13:34:32,439] {dagbag.py:500} INFO - Filling up the DagBag from /home/dante/DWBI/Apache/py_env/lib/python3.8/site-packages/airflow/example_dags/example_kubernetes_executor.py
[2021-11-24 13:34:32,455] {processor.py:632} INFO - DAG(s) dict_keys(['example_kubernetes_executor']) retrieved from /home/dante/DWBI/Apache/py_env/lib/python3.8/site-packages/airflow/example_dags/example_kubernetes_executor.py
[2021-11-24 13:34:32,463] {logging_mixin.py:109} INFO - [2021-11-24 13:34:32,463] {dag.py:2389} INFO - Sync 1 DAGs
[2021-11-24 13:34:32,471] {logging_mixin.py:109} INFO - [2021-11-24 13:34:32,471] {dag.py:2921} INFO - Setting next_dagrun for example_kubernetes_executor to None
[2021-11-24 13:34:32,479] {processor.py:171} INFO - Processing /home/dante/DWBI/Apache/py_env/lib/python3.8/site-packages/airflow/example_dags/example_kubernetes_executor.py took 0.051 seconds
[2021-11-24 13:35:14,340] {processor.py:163} INFO - Started process (PID=48862) to work on /home/dante/DWBI/Apache/py_env/lib/python3.8/site-packages/airflow/example_dags/example_kubernetes_executor.py
[2021-11-24 13:35:14,349] {processor.py:620} INFO - Processing file /home/dante/DWBI/Apache/py_env/lib/python3.8/site-packages/airflow/example_dags/example_kubernetes_executor.py for tasks to queue
[2021-11-24 13:35:14,350] {logging_mixin.py:109} INFO - [2021-11-24 13:35:14,350] {dagbag.py:500} INFO - Filling up the DagBag from /home/dante/DWBI/Apache/py_env/lib/python3.8/site-packages/airflow/example_dags/example_kubernetes_executor.py
[2021-11-24 13:35:14,371] {processor.py:632} INFO - DAG(s) dict_keys(['example_kubernetes_executor']) retrieved from /home/dante/DWBI/Apache/py_env/lib/python3.8/site-packages/airflow/example_dags/example_kubernetes_executor.py
[2021-11-24 13:35:14,380] {logging_mixin.py:109} INFO - [2021-11-24 13:35:14,379] {dag.py:2389} INFO - Sync 1 DAGs
[2021-11-24 13:35:14,389] {logging_mixin.py:109} INFO - [2021-11-24 13:35:14,389] {dag.py:2921} INFO - Setting next_dagrun for example_kubernetes_executor to None
[2021-11-24 13:35:14,396] {processor.py:171} INFO - Processing /home/dante/DWBI/Apache/py_env/lib/python3.8/site-packages/airflow/example_dags/example_kubernetes_executor.py took 0.058 seconds
[2021-11-24 13:35:52,054] {processor.py:163} INFO - Started process (PID=48953) to work on /home/dante/DWBI/Apache/py_env/lib/python3.8/site-packages/airflow/example_dags/example_kubernetes_executor.py
[2021-11-24 13:35:52,063] {processor.py:620} INFO - Processing file /home/dante/DWBI/Apache/py_env/lib/python3.8/site-packages/airflow/example_dags/example_kubernetes_executor.py for tasks to queue
[2021-11-24 13:35:52,064] {logging_mixin.py:109} INFO - [2021-11-24 13:35:52,063] {dagbag.py:500} INFO - Filling up the DagBag from /home/dante/DWBI/Apache/py_env/lib/python3.8/site-packages/airflow/example_dags/example_kubernetes_executor.py
[2021-11-24 13:35:52,090] {processor.py:632} INFO - DAG(s) dict_keys(['example_kubernetes_executor']) retrieved from /home/dante/DWBI/Apache/py_env/lib/python3.8/site-packages/airflow/example_dags/example_kubernetes_executor.py
[2021-11-24 13:35:52,099] {logging_mixin.py:109} INFO - [2021-11-24 13:35:52,099] {dag.py:2389} INFO - Sync 1 DAGs
[2021-11-24 13:35:52,108] {logging_mixin.py:109} INFO - [2021-11-24 13:35:52,108] {dag.py:2921} INFO - Setting next_dagrun for example_kubernetes_executor to None
[2021-11-24 13:35:52,121] {processor.py:171} INFO - Processing /home/dante/DWBI/Apache/py_env/lib/python3.8/site-packages/airflow/example_dags/example_kubernetes_executor.py took 0.070 seconds
[2021-11-24 13:36:31,354] {processor.py:163} INFO - Started process (PID=49053) to work on /home/dante/DWBI/Apache/py_env/lib/python3.8/site-packages/airflow/example_dags/example_kubernetes_executor.py
[2021-11-24 13:36:31,365] {processor.py:620} INFO - Processing file /home/dante/DWBI/Apache/py_env/lib/python3.8/site-packages/airflow/example_dags/example_kubernetes_executor.py for tasks to queue
[2021-11-24 13:36:31,367] {logging_mixin.py:109} INFO - [2021-11-24 13:36:31,366] {dagbag.py:500} INFO - Filling up the DagBag from /home/dante/DWBI/Apache/py_env/lib/python3.8/site-packages/airflow/example_dags/example_kubernetes_executor.py
[2021-11-24 13:36:31,396] {processor.py:632} INFO - DAG(s) dict_keys(['example_kubernetes_executor']) retrieved from /home/dante/DWBI/Apache/py_env/lib/python3.8/site-packages/airflow/example_dags/example_kubernetes_executor.py
[2021-11-24 13:36:31,403] {logging_mixin.py:109} INFO - [2021-11-24 13:36:31,403] {dag.py:2389} INFO - Sync 1 DAGs
[2021-11-24 13:36:31,412] {logging_mixin.py:109} INFO - [2021-11-24 13:36:31,412] {dag.py:2921} INFO - Setting next_dagrun for example_kubernetes_executor to None
[2021-11-24 13:36:31,430] {processor.py:171} INFO - Processing /home/dante/DWBI/Apache/py_env/lib/python3.8/site-packages/airflow/example_dags/example_kubernetes_executor.py took 0.083 seconds
[2021-11-24 13:37:13,761] {processor.py:163} INFO - Started process (PID=49255) to work on /home/dante/DWBI/Apache/py_env/lib/python3.8/site-packages/airflow/example_dags/example_kubernetes_executor.py
[2021-11-24 13:37:13,771] {processor.py:620} INFO - Processing file /home/dante/DWBI/Apache/py_env/lib/python3.8/site-packages/airflow/example_dags/example_kubernetes_executor.py for tasks to queue
[2021-11-24 13:37:13,771] {logging_mixin.py:109} INFO - [2021-11-24 13:37:13,771] {dagbag.py:500} INFO - Filling up the DagBag from /home/dante/DWBI/Apache/py_env/lib/python3.8/site-packages/airflow/example_dags/example_kubernetes_executor.py
[2021-11-24 13:37:13,788] {processor.py:632} INFO - DAG(s) dict_keys(['example_kubernetes_executor']) retrieved from /home/dante/DWBI/Apache/py_env/lib/python3.8/site-packages/airflow/example_dags/example_kubernetes_executor.py
[2021-11-24 13:37:13,796] {logging_mixin.py:109} INFO - [2021-11-24 13:37:13,796] {dag.py:2389} INFO - Sync 1 DAGs
[2021-11-24 13:37:13,806] {logging_mixin.py:109} INFO - [2021-11-24 13:37:13,806] {dag.py:2921} INFO - Setting next_dagrun for example_kubernetes_executor to None
[2021-11-24 13:37:13,830] {processor.py:171} INFO - Processing /home/dante/DWBI/Apache/py_env/lib/python3.8/site-packages/airflow/example_dags/example_kubernetes_executor.py took 0.070 seconds
[2021-11-24 13:37:50,669] {processor.py:163} INFO - Started process (PID=49322) to work on /home/dante/DWBI/Apache/py_env/lib/python3.8/site-packages/airflow/example_dags/example_kubernetes_executor.py
[2021-11-24 13:37:50,680] {processor.py:620} INFO - Processing file /home/dante/DWBI/Apache/py_env/lib/python3.8/site-packages/airflow/example_dags/example_kubernetes_executor.py for tasks to queue
[2021-11-24 13:37:50,681] {logging_mixin.py:109} INFO - [2021-11-24 13:37:50,681] {dagbag.py:500} INFO - Filling up the DagBag from /home/dante/DWBI/Apache/py_env/lib/python3.8/site-packages/airflow/example_dags/example_kubernetes_executor.py
[2021-11-24 13:37:50,712] {processor.py:632} INFO - DAG(s) dict_keys(['example_kubernetes_executor']) retrieved from /home/dante/DWBI/Apache/py_env/lib/python3.8/site-packages/airflow/example_dags/example_kubernetes_executor.py
[2021-11-24 13:37:50,720] {logging_mixin.py:109} INFO - [2021-11-24 13:37:50,720] {dag.py:2389} INFO - Sync 1 DAGs
[2021-11-24 13:37:50,728] {logging_mixin.py:109} INFO - [2021-11-24 13:37:50,728] {dag.py:2921} INFO - Setting next_dagrun for example_kubernetes_executor to None
[2021-11-24 13:37:50,736] {processor.py:171} INFO - Processing /home/dante/DWBI/Apache/py_env/lib/python3.8/site-packages/airflow/example_dags/example_kubernetes_executor.py took 0.074 seconds
[2021-11-24 13:38:33,085] {processor.py:163} INFO - Started process (PID=49412) to work on /home/dante/DWBI/Apache/py_env/lib/python3.8/site-packages/airflow/example_dags/example_kubernetes_executor.py
[2021-11-24 13:38:33,089] {processor.py:620} INFO - Processing file /home/dante/DWBI/Apache/py_env/lib/python3.8/site-packages/airflow/example_dags/example_kubernetes_executor.py for tasks to queue
[2021-11-24 13:38:33,091] {logging_mixin.py:109} INFO - [2021-11-24 13:38:33,090] {dagbag.py:500} INFO - Filling up the DagBag from /home/dante/DWBI/Apache/py_env/lib/python3.8/site-packages/airflow/example_dags/example_kubernetes_executor.py
[2021-11-24 13:38:33,123] {processor.py:632} INFO - DAG(s) dict_keys(['example_kubernetes_executor']) retrieved from /home/dante/DWBI/Apache/py_env/lib/python3.8/site-packages/airflow/example_dags/example_kubernetes_executor.py
[2021-11-24 13:38:33,130] {logging_mixin.py:109} INFO - [2021-11-24 13:38:33,130] {dag.py:2389} INFO - Sync 1 DAGs
[2021-11-24 13:38:33,139] {logging_mixin.py:109} INFO - [2021-11-24 13:38:33,139] {dag.py:2921} INFO - Setting next_dagrun for example_kubernetes_executor to None
[2021-11-24 13:38:33,147] {processor.py:171} INFO - Processing /home/dante/DWBI/Apache/py_env/lib/python3.8/site-packages/airflow/example_dags/example_kubernetes_executor.py took 0.069 seconds
[2021-11-24 13:39:11,638] {processor.py:163} INFO - Started process (PID=49543) to work on /home/dante/DWBI/Apache/py_env/lib/python3.8/site-packages/airflow/example_dags/example_kubernetes_executor.py
[2021-11-24 13:39:11,649] {processor.py:620} INFO - Processing file /home/dante/DWBI/Apache/py_env/lib/python3.8/site-packages/airflow/example_dags/example_kubernetes_executor.py for tasks to queue
[2021-11-24 13:39:11,650] {logging_mixin.py:109} INFO - [2021-11-24 13:39:11,650] {dagbag.py:500} INFO - Filling up the DagBag from /home/dante/DWBI/Apache/py_env/lib/python3.8/site-packages/airflow/example_dags/example_kubernetes_executor.py
[2021-11-24 13:39:11,682] {processor.py:632} INFO - DAG(s) dict_keys(['example_kubernetes_executor']) retrieved from /home/dante/DWBI/Apache/py_env/lib/python3.8/site-packages/airflow/example_dags/example_kubernetes_executor.py
[2021-11-24 13:39:11,689] {logging_mixin.py:109} INFO - [2021-11-24 13:39:11,689] {dag.py:2389} INFO - Sync 1 DAGs
[2021-11-24 13:39:11,698] {logging_mixin.py:109} INFO - [2021-11-24 13:39:11,698] {dag.py:2921} INFO - Setting next_dagrun for example_kubernetes_executor to None
[2021-11-24 13:39:11,723] {processor.py:171} INFO - Processing /home/dante/DWBI/Apache/py_env/lib/python3.8/site-packages/airflow/example_dags/example_kubernetes_executor.py took 0.093 seconds
[2021-11-24 13:39:48,027] {processor.py:163} INFO - Started process (PID=49616) to work on /home/dante/DWBI/Apache/py_env/lib/python3.8/site-packages/airflow/example_dags/example_kubernetes_executor.py
[2021-11-24 13:39:48,030] {processor.py:620} INFO - Processing file /home/dante/DWBI/Apache/py_env/lib/python3.8/site-packages/airflow/example_dags/example_kubernetes_executor.py for tasks to queue
[2021-11-24 13:39:48,030] {logging_mixin.py:109} INFO - [2021-11-24 13:39:48,030] {dagbag.py:500} INFO - Filling up the DagBag from /home/dante/DWBI/Apache/py_env/lib/python3.8/site-packages/airflow/example_dags/example_kubernetes_executor.py
[2021-11-24 13:39:48,046] {processor.py:632} INFO - DAG(s) dict_keys(['example_kubernetes_executor']) retrieved from /home/dante/DWBI/Apache/py_env/lib/python3.8/site-packages/airflow/example_dags/example_kubernetes_executor.py
[2021-11-24 13:39:48,054] {logging_mixin.py:109} INFO - [2021-11-24 13:39:48,054] {dag.py:2389} INFO - Sync 1 DAGs
[2021-11-24 13:39:48,065] {logging_mixin.py:109} INFO - [2021-11-24 13:39:48,065] {dag.py:2921} INFO - Setting next_dagrun for example_kubernetes_executor to None
[2021-11-24 13:39:48,075] {processor.py:171} INFO - Processing /home/dante/DWBI/Apache/py_env/lib/python3.8/site-packages/airflow/example_dags/example_kubernetes_executor.py took 0.050 seconds
[2021-11-24 13:40:27,558] {processor.py:163} INFO - Started process (PID=49719) to work on /home/dante/DWBI/Apache/py_env/lib/python3.8/site-packages/airflow/example_dags/example_kubernetes_executor.py
[2021-11-24 13:40:27,567] {processor.py:620} INFO - Processing file /home/dante/DWBI/Apache/py_env/lib/python3.8/site-packages/airflow/example_dags/example_kubernetes_executor.py for tasks to queue
[2021-11-24 13:40:27,567] {logging_mixin.py:109} INFO - [2021-11-24 13:40:27,567] {dagbag.py:500} INFO - Filling up the DagBag from /home/dante/DWBI/Apache/py_env/lib/python3.8/site-packages/airflow/example_dags/example_kubernetes_executor.py
[2021-11-24 13:40:27,586] {processor.py:632} INFO - DAG(s) dict_keys(['example_kubernetes_executor']) retrieved from /home/dante/DWBI/Apache/py_env/lib/python3.8/site-packages/airflow/example_dags/example_kubernetes_executor.py
[2021-11-24 13:40:27,593] {logging_mixin.py:109} INFO - [2021-11-24 13:40:27,593] {dag.py:2389} INFO - Sync 1 DAGs
[2021-11-24 13:40:27,603] {logging_mixin.py:109} INFO - [2021-11-24 13:40:27,603] {dag.py:2921} INFO - Setting next_dagrun for example_kubernetes_executor to None
[2021-11-24 13:40:27,622] {processor.py:171} INFO - Processing /home/dante/DWBI/Apache/py_env/lib/python3.8/site-packages/airflow/example_dags/example_kubernetes_executor.py took 0.067 seconds
[2021-11-24 13:41:06,973] {processor.py:163} INFO - Started process (PID=49789) to work on /home/dante/DWBI/Apache/py_env/lib/python3.8/site-packages/airflow/example_dags/example_kubernetes_executor.py
[2021-11-24 13:41:06,984] {processor.py:620} INFO - Processing file /home/dante/DWBI/Apache/py_env/lib/python3.8/site-packages/airflow/example_dags/example_kubernetes_executor.py for tasks to queue
[2021-11-24 13:41:06,985] {logging_mixin.py:109} INFO - [2021-11-24 13:41:06,985] {dagbag.py:500} INFO - Filling up the DagBag from /home/dante/DWBI/Apache/py_env/lib/python3.8/site-packages/airflow/example_dags/example_kubernetes_executor.py
[2021-11-24 13:41:07,019] {processor.py:632} INFO - DAG(s) dict_keys(['example_kubernetes_executor']) retrieved from /home/dante/DWBI/Apache/py_env/lib/python3.8/site-packages/airflow/example_dags/example_kubernetes_executor.py
[2021-11-24 13:41:07,026] {logging_mixin.py:109} INFO - [2021-11-24 13:41:07,026] {dag.py:2389} INFO - Sync 1 DAGs
[2021-11-24 13:41:07,035] {logging_mixin.py:109} INFO - [2021-11-24 13:41:07,035] {dag.py:2921} INFO - Setting next_dagrun for example_kubernetes_executor to None
[2021-11-24 13:41:07,047] {processor.py:171} INFO - Processing /home/dante/DWBI/Apache/py_env/lib/python3.8/site-packages/airflow/example_dags/example_kubernetes_executor.py took 0.080 seconds
[2021-11-24 13:41:42,890] {processor.py:163} INFO - Started process (PID=49903) to work on /home/dante/DWBI/Apache/py_env/lib/python3.8/site-packages/airflow/example_dags/example_kubernetes_executor.py
[2021-11-24 13:41:42,892] {processor.py:620} INFO - Processing file /home/dante/DWBI/Apache/py_env/lib/python3.8/site-packages/airflow/example_dags/example_kubernetes_executor.py for tasks to queue
[2021-11-24 13:41:42,892] {logging_mixin.py:109} INFO - [2021-11-24 13:41:42,892] {dagbag.py:500} INFO - Filling up the DagBag from /home/dante/DWBI/Apache/py_env/lib/python3.8/site-packages/airflow/example_dags/example_kubernetes_executor.py
[2021-11-24 13:41:42,909] {processor.py:632} INFO - DAG(s) dict_keys(['example_kubernetes_executor']) retrieved from /home/dante/DWBI/Apache/py_env/lib/python3.8/site-packages/airflow/example_dags/example_kubernetes_executor.py
[2021-11-24 13:41:42,917] {logging_mixin.py:109} INFO - [2021-11-24 13:41:42,917] {dag.py:2389} INFO - Sync 1 DAGs
[2021-11-24 13:41:42,926] {logging_mixin.py:109} INFO - [2021-11-24 13:41:42,926] {dag.py:2921} INFO - Setting next_dagrun for example_kubernetes_executor to None
[2021-11-24 13:41:42,933] {processor.py:171} INFO - Processing /home/dante/DWBI/Apache/py_env/lib/python3.8/site-packages/airflow/example_dags/example_kubernetes_executor.py took 0.045 seconds
[2021-11-24 13:42:19,427] {processor.py:163} INFO - Started process (PID=49995) to work on /home/dante/DWBI/Apache/py_env/lib/python3.8/site-packages/airflow/example_dags/example_kubernetes_executor.py
[2021-11-24 13:42:19,429] {processor.py:620} INFO - Processing file /home/dante/DWBI/Apache/py_env/lib/python3.8/site-packages/airflow/example_dags/example_kubernetes_executor.py for tasks to queue
[2021-11-24 13:42:19,430] {logging_mixin.py:109} INFO - [2021-11-24 13:42:19,430] {dagbag.py:500} INFO - Filling up the DagBag from /home/dante/DWBI/Apache/py_env/lib/python3.8/site-packages/airflow/example_dags/example_kubernetes_executor.py
[2021-11-24 13:42:19,450] {processor.py:632} INFO - DAG(s) dict_keys(['example_kubernetes_executor']) retrieved from /home/dante/DWBI/Apache/py_env/lib/python3.8/site-packages/airflow/example_dags/example_kubernetes_executor.py
[2021-11-24 13:42:19,457] {logging_mixin.py:109} INFO - [2021-11-24 13:42:19,457] {dag.py:2389} INFO - Sync 1 DAGs
[2021-11-24 13:42:19,466] {logging_mixin.py:109} INFO - [2021-11-24 13:42:19,466] {dag.py:2921} INFO - Setting next_dagrun for example_kubernetes_executor to None
[2021-11-24 13:42:19,475] {processor.py:171} INFO - Processing /home/dante/DWBI/Apache/py_env/lib/python3.8/site-packages/airflow/example_dags/example_kubernetes_executor.py took 0.051 seconds
