[2021-11-24 13:01:38,261] {processor.py:163} INFO - Started process (PID=42628) to work on /home/dante/DWBI/Apache/py_env/lib/python3.8/site-packages/airflow/example_dags/tutorial.py
[2021-11-24 13:01:38,265] {processor.py:620} INFO - Processing file /home/dante/DWBI/Apache/py_env/lib/python3.8/site-packages/airflow/example_dags/tutorial.py for tasks to queue
[2021-11-24 13:01:38,266] {logging_mixin.py:109} INFO - [2021-11-24 13:01:38,266] {dagbag.py:500} INFO - Filling up the DagBag from /home/dante/DWBI/Apache/py_env/lib/python3.8/site-packages/airflow/example_dags/tutorial.py
[2021-11-24 13:01:38,303] {processor.py:632} INFO - DAG(s) dict_keys(['tutorial']) retrieved from /home/dante/DWBI/Apache/py_env/lib/python3.8/site-packages/airflow/example_dags/tutorial.py
[2021-11-24 13:01:38,322] {logging_mixin.py:109} INFO - [2021-11-24 13:01:38,321] {dag.py:2389} INFO - Sync 1 DAGs
[2021-11-24 13:01:38,344] {logging_mixin.py:109} INFO - [2021-11-24 13:01:38,344] {dag.py:2921} INFO - Setting next_dagrun for tutorial to 2021-11-23T12:01:38.344214+00:00
[2021-11-24 13:01:38,356] {processor.py:171} INFO - Processing /home/dante/DWBI/Apache/py_env/lib/python3.8/site-packages/airflow/example_dags/tutorial.py took 0.100 seconds
[2021-11-24 13:02:16,932] {processor.py:163} INFO - Started process (PID=42727) to work on /home/dante/DWBI/Apache/py_env/lib/python3.8/site-packages/airflow/example_dags/tutorial.py
[2021-11-24 13:02:16,942] {processor.py:620} INFO - Processing file /home/dante/DWBI/Apache/py_env/lib/python3.8/site-packages/airflow/example_dags/tutorial.py for tasks to queue
[2021-11-24 13:02:16,944] {logging_mixin.py:109} INFO - [2021-11-24 13:02:16,944] {dagbag.py:500} INFO - Filling up the DagBag from /home/dante/DWBI/Apache/py_env/lib/python3.8/site-packages/airflow/example_dags/tutorial.py
[2021-11-24 13:02:16,974] {processor.py:632} INFO - DAG(s) dict_keys(['tutorial']) retrieved from /home/dante/DWBI/Apache/py_env/lib/python3.8/site-packages/airflow/example_dags/tutorial.py
[2021-11-24 13:02:16,981] {logging_mixin.py:109} INFO - [2021-11-24 13:02:16,980] {dag.py:2389} INFO - Sync 1 DAGs
[2021-11-24 13:02:16,991] {logging_mixin.py:109} INFO - [2021-11-24 13:02:16,991] {dag.py:2921} INFO - Setting next_dagrun for tutorial to 2021-11-23T12:02:16.990918+00:00
[2021-11-24 13:02:17,000] {processor.py:171} INFO - Processing /home/dante/DWBI/Apache/py_env/lib/python3.8/site-packages/airflow/example_dags/tutorial.py took 0.075 seconds
[2021-11-24 13:02:55,015] {processor.py:163} INFO - Started process (PID=42779) to work on /home/dante/DWBI/Apache/py_env/lib/python3.8/site-packages/airflow/example_dags/tutorial.py
[2021-11-24 13:02:55,024] {processor.py:620} INFO - Processing file /home/dante/DWBI/Apache/py_env/lib/python3.8/site-packages/airflow/example_dags/tutorial.py for tasks to queue
[2021-11-24 13:02:55,024] {logging_mixin.py:109} INFO - [2021-11-24 13:02:55,024] {dagbag.py:500} INFO - Filling up the DagBag from /home/dante/DWBI/Apache/py_env/lib/python3.8/site-packages/airflow/example_dags/tutorial.py
[2021-11-24 13:02:55,038] {processor.py:632} INFO - DAG(s) dict_keys(['tutorial']) retrieved from /home/dante/DWBI/Apache/py_env/lib/python3.8/site-packages/airflow/example_dags/tutorial.py
[2021-11-24 13:02:55,044] {logging_mixin.py:109} INFO - [2021-11-24 13:02:55,044] {dag.py:2389} INFO - Sync 1 DAGs
[2021-11-24 13:02:55,054] {logging_mixin.py:109} INFO - [2021-11-24 13:02:55,054] {dag.py:2921} INFO - Setting next_dagrun for tutorial to 2021-11-23T12:02:55.054685+00:00
[2021-11-24 13:02:55,077] {processor.py:171} INFO - Processing /home/dante/DWBI/Apache/py_env/lib/python3.8/site-packages/airflow/example_dags/tutorial.py took 0.064 seconds
[2021-11-24 13:03:31,371] {processor.py:163} INFO - Started process (PID=42894) to work on /home/dante/DWBI/Apache/py_env/lib/python3.8/site-packages/airflow/example_dags/tutorial.py
[2021-11-24 13:03:31,382] {processor.py:620} INFO - Processing file /home/dante/DWBI/Apache/py_env/lib/python3.8/site-packages/airflow/example_dags/tutorial.py for tasks to queue
[2021-11-24 13:03:31,383] {logging_mixin.py:109} INFO - [2021-11-24 13:03:31,382] {dagbag.py:500} INFO - Filling up the DagBag from /home/dante/DWBI/Apache/py_env/lib/python3.8/site-packages/airflow/example_dags/tutorial.py
[2021-11-24 13:03:31,405] {processor.py:632} INFO - DAG(s) dict_keys(['tutorial']) retrieved from /home/dante/DWBI/Apache/py_env/lib/python3.8/site-packages/airflow/example_dags/tutorial.py
[2021-11-24 13:03:31,417] {logging_mixin.py:109} INFO - [2021-11-24 13:03:31,416] {dag.py:2389} INFO - Sync 1 DAGs
[2021-11-24 13:03:31,426] {logging_mixin.py:109} INFO - [2021-11-24 13:03:31,426] {dag.py:2921} INFO - Setting next_dagrun for tutorial to 2021-11-23T12:03:31.425972+00:00
[2021-11-24 13:03:31,440] {processor.py:171} INFO - Processing /home/dante/DWBI/Apache/py_env/lib/python3.8/site-packages/airflow/example_dags/tutorial.py took 0.071 seconds
[2021-11-24 13:04:08,125] {processor.py:163} INFO - Started process (PID=42952) to work on /home/dante/DWBI/Apache/py_env/lib/python3.8/site-packages/airflow/example_dags/tutorial.py
[2021-11-24 13:04:08,137] {processor.py:620} INFO - Processing file /home/dante/DWBI/Apache/py_env/lib/python3.8/site-packages/airflow/example_dags/tutorial.py for tasks to queue
[2021-11-24 13:04:08,138] {logging_mixin.py:109} INFO - [2021-11-24 13:04:08,138] {dagbag.py:500} INFO - Filling up the DagBag from /home/dante/DWBI/Apache/py_env/lib/python3.8/site-packages/airflow/example_dags/tutorial.py
[2021-11-24 13:04:08,171] {processor.py:632} INFO - DAG(s) dict_keys(['tutorial']) retrieved from /home/dante/DWBI/Apache/py_env/lib/python3.8/site-packages/airflow/example_dags/tutorial.py
[2021-11-24 13:04:08,180] {logging_mixin.py:109} INFO - [2021-11-24 13:04:08,180] {dag.py:2389} INFO - Sync 1 DAGs
[2021-11-24 13:04:08,190] {logging_mixin.py:109} INFO - [2021-11-24 13:04:08,190] {dag.py:2921} INFO - Setting next_dagrun for tutorial to 2021-11-23T12:04:08.190409+00:00
[2021-11-24 13:04:08,213] {processor.py:171} INFO - Processing /home/dante/DWBI/Apache/py_env/lib/python3.8/site-packages/airflow/example_dags/tutorial.py took 0.094 seconds
[2021-11-24 13:04:44,269] {processor.py:163} INFO - Started process (PID=43143) to work on /home/dante/DWBI/Apache/py_env/lib/python3.8/site-packages/airflow/example_dags/tutorial.py
[2021-11-24 13:04:44,279] {processor.py:620} INFO - Processing file /home/dante/DWBI/Apache/py_env/lib/python3.8/site-packages/airflow/example_dags/tutorial.py for tasks to queue
[2021-11-24 13:04:44,280] {logging_mixin.py:109} INFO - [2021-11-24 13:04:44,280] {dagbag.py:500} INFO - Filling up the DagBag from /home/dante/DWBI/Apache/py_env/lib/python3.8/site-packages/airflow/example_dags/tutorial.py
[2021-11-24 13:04:44,302] {processor.py:632} INFO - DAG(s) dict_keys(['tutorial']) retrieved from /home/dante/DWBI/Apache/py_env/lib/python3.8/site-packages/airflow/example_dags/tutorial.py
[2021-11-24 13:04:44,309] {logging_mixin.py:109} INFO - [2021-11-24 13:04:44,309] {dag.py:2389} INFO - Sync 1 DAGs
[2021-11-24 13:04:44,319] {logging_mixin.py:109} INFO - [2021-11-24 13:04:44,319] {dag.py:2921} INFO - Setting next_dagrun for tutorial to 2021-11-23T12:04:44.319203+00:00
[2021-11-24 13:04:44,331] {processor.py:171} INFO - Processing /home/dante/DWBI/Apache/py_env/lib/python3.8/site-packages/airflow/example_dags/tutorial.py took 0.068 seconds
[2021-11-24 13:05:19,974] {processor.py:163} INFO - Started process (PID=43216) to work on /home/dante/DWBI/Apache/py_env/lib/python3.8/site-packages/airflow/example_dags/tutorial.py
[2021-11-24 13:05:19,983] {processor.py:620} INFO - Processing file /home/dante/DWBI/Apache/py_env/lib/python3.8/site-packages/airflow/example_dags/tutorial.py for tasks to queue
[2021-11-24 13:05:19,983] {logging_mixin.py:109} INFO - [2021-11-24 13:05:19,983] {dagbag.py:500} INFO - Filling up the DagBag from /home/dante/DWBI/Apache/py_env/lib/python3.8/site-packages/airflow/example_dags/tutorial.py
[2021-11-24 13:05:20,008] {processor.py:632} INFO - DAG(s) dict_keys(['tutorial']) retrieved from /home/dante/DWBI/Apache/py_env/lib/python3.8/site-packages/airflow/example_dags/tutorial.py
[2021-11-24 13:05:20,016] {logging_mixin.py:109} INFO - [2021-11-24 13:05:20,015] {dag.py:2389} INFO - Sync 1 DAGs
[2021-11-24 13:05:20,024] {logging_mixin.py:109} INFO - [2021-11-24 13:05:20,024] {dag.py:2921} INFO - Setting next_dagrun for tutorial to 2021-11-23T12:05:20.024591+00:00
[2021-11-24 13:05:20,033] {processor.py:171} INFO - Processing /home/dante/DWBI/Apache/py_env/lib/python3.8/site-packages/airflow/example_dags/tutorial.py took 0.061 seconds
[2021-11-24 13:05:53,021] {processor.py:163} INFO - Started process (PID=43271) to work on /home/dante/DWBI/Apache/py_env/lib/python3.8/site-packages/airflow/example_dags/tutorial.py
[2021-11-24 13:05:53,031] {processor.py:620} INFO - Processing file /home/dante/DWBI/Apache/py_env/lib/python3.8/site-packages/airflow/example_dags/tutorial.py for tasks to queue
[2021-11-24 13:05:53,032] {logging_mixin.py:109} INFO - [2021-11-24 13:05:53,032] {dagbag.py:500} INFO - Filling up the DagBag from /home/dante/DWBI/Apache/py_env/lib/python3.8/site-packages/airflow/example_dags/tutorial.py
[2021-11-24 13:05:53,057] {processor.py:632} INFO - DAG(s) dict_keys(['tutorial']) retrieved from /home/dante/DWBI/Apache/py_env/lib/python3.8/site-packages/airflow/example_dags/tutorial.py
[2021-11-24 13:05:53,064] {logging_mixin.py:109} INFO - [2021-11-24 13:05:53,064] {dag.py:2389} INFO - Sync 1 DAGs
[2021-11-24 13:05:53,073] {logging_mixin.py:109} INFO - [2021-11-24 13:05:53,073] {dag.py:2921} INFO - Setting next_dagrun for tutorial to 2021-11-23T12:05:53.073555+00:00
[2021-11-24 13:05:53,082] {processor.py:171} INFO - Processing /home/dante/DWBI/Apache/py_env/lib/python3.8/site-packages/airflow/example_dags/tutorial.py took 0.063 seconds
[2021-11-24 13:06:32,981] {processor.py:163} INFO - Started process (PID=43330) to work on /home/dante/DWBI/Apache/py_env/lib/python3.8/site-packages/airflow/example_dags/tutorial.py
[2021-11-24 13:06:32,992] {processor.py:620} INFO - Processing file /home/dante/DWBI/Apache/py_env/lib/python3.8/site-packages/airflow/example_dags/tutorial.py for tasks to queue
[2021-11-24 13:06:32,993] {logging_mixin.py:109} INFO - [2021-11-24 13:06:32,993] {dagbag.py:500} INFO - Filling up the DagBag from /home/dante/DWBI/Apache/py_env/lib/python3.8/site-packages/airflow/example_dags/tutorial.py
[2021-11-24 13:06:33,025] {processor.py:632} INFO - DAG(s) dict_keys(['tutorial']) retrieved from /home/dante/DWBI/Apache/py_env/lib/python3.8/site-packages/airflow/example_dags/tutorial.py
[2021-11-24 13:06:33,032] {logging_mixin.py:109} INFO - [2021-11-24 13:06:33,032] {dag.py:2389} INFO - Sync 1 DAGs
[2021-11-24 13:06:33,041] {logging_mixin.py:109} INFO - [2021-11-24 13:06:33,041] {dag.py:2921} INFO - Setting next_dagrun for tutorial to 2021-11-23T12:06:33.041591+00:00
[2021-11-24 13:06:33,049] {processor.py:171} INFO - Processing /home/dante/DWBI/Apache/py_env/lib/python3.8/site-packages/airflow/example_dags/tutorial.py took 0.075 seconds
[2021-11-24 13:07:10,240] {processor.py:163} INFO - Started process (PID=43412) to work on /home/dante/DWBI/Apache/py_env/lib/python3.8/site-packages/airflow/example_dags/tutorial.py
[2021-11-24 13:07:10,251] {processor.py:620} INFO - Processing file /home/dante/DWBI/Apache/py_env/lib/python3.8/site-packages/airflow/example_dags/tutorial.py for tasks to queue
[2021-11-24 13:07:10,251] {logging_mixin.py:109} INFO - [2021-11-24 13:07:10,251] {dagbag.py:500} INFO - Filling up the DagBag from /home/dante/DWBI/Apache/py_env/lib/python3.8/site-packages/airflow/example_dags/tutorial.py
[2021-11-24 13:07:10,268] {processor.py:632} INFO - DAG(s) dict_keys(['tutorial']) retrieved from /home/dante/DWBI/Apache/py_env/lib/python3.8/site-packages/airflow/example_dags/tutorial.py
[2021-11-24 13:07:10,275] {logging_mixin.py:109} INFO - [2021-11-24 13:07:10,275] {dag.py:2389} INFO - Sync 1 DAGs
[2021-11-24 13:07:10,284] {logging_mixin.py:109} INFO - [2021-11-24 13:07:10,284] {dag.py:2921} INFO - Setting next_dagrun for tutorial to 2021-11-23T12:07:10.284001+00:00
[2021-11-24 13:07:10,291] {processor.py:171} INFO - Processing /home/dante/DWBI/Apache/py_env/lib/python3.8/site-packages/airflow/example_dags/tutorial.py took 0.053 seconds
[2021-11-24 13:07:47,851] {processor.py:163} INFO - Started process (PID=43461) to work on /home/dante/DWBI/Apache/py_env/lib/python3.8/site-packages/airflow/example_dags/tutorial.py
[2021-11-24 13:07:47,860] {processor.py:620} INFO - Processing file /home/dante/DWBI/Apache/py_env/lib/python3.8/site-packages/airflow/example_dags/tutorial.py for tasks to queue
[2021-11-24 13:07:47,861] {logging_mixin.py:109} INFO - [2021-11-24 13:07:47,861] {dagbag.py:500} INFO - Filling up the DagBag from /home/dante/DWBI/Apache/py_env/lib/python3.8/site-packages/airflow/example_dags/tutorial.py
[2021-11-24 13:07:47,881] {processor.py:632} INFO - DAG(s) dict_keys(['tutorial']) retrieved from /home/dante/DWBI/Apache/py_env/lib/python3.8/site-packages/airflow/example_dags/tutorial.py
[2021-11-24 13:07:47,889] {logging_mixin.py:109} INFO - [2021-11-24 13:07:47,889] {dag.py:2389} INFO - Sync 1 DAGs
[2021-11-24 13:07:47,900] {logging_mixin.py:109} INFO - [2021-11-24 13:07:47,900] {dag.py:2921} INFO - Setting next_dagrun for tutorial to 2021-11-23T12:07:47.900376+00:00
[2021-11-24 13:07:47,909] {processor.py:171} INFO - Processing /home/dante/DWBI/Apache/py_env/lib/python3.8/site-packages/airflow/example_dags/tutorial.py took 0.061 seconds
[2021-11-24 13:08:20,556] {processor.py:163} INFO - Started process (PID=43522) to work on /home/dante/DWBI/Apache/py_env/lib/python3.8/site-packages/airflow/example_dags/tutorial.py
[2021-11-24 13:08:20,565] {processor.py:620} INFO - Processing file /home/dante/DWBI/Apache/py_env/lib/python3.8/site-packages/airflow/example_dags/tutorial.py for tasks to queue
[2021-11-24 13:08:20,566] {logging_mixin.py:109} INFO - [2021-11-24 13:08:20,566] {dagbag.py:500} INFO - Filling up the DagBag from /home/dante/DWBI/Apache/py_env/lib/python3.8/site-packages/airflow/example_dags/tutorial.py
[2021-11-24 13:08:20,590] {processor.py:632} INFO - DAG(s) dict_keys(['tutorial']) retrieved from /home/dante/DWBI/Apache/py_env/lib/python3.8/site-packages/airflow/example_dags/tutorial.py
[2021-11-24 13:08:20,599] {logging_mixin.py:109} INFO - [2021-11-24 13:08:20,599] {dag.py:2389} INFO - Sync 1 DAGs
[2021-11-24 13:08:20,609] {logging_mixin.py:109} INFO - [2021-11-24 13:08:20,609] {dag.py:2921} INFO - Setting next_dagrun for tutorial to 2021-11-23T12:08:20.609040+00:00
[2021-11-24 13:08:20,620] {processor.py:171} INFO - Processing /home/dante/DWBI/Apache/py_env/lib/python3.8/site-packages/airflow/example_dags/tutorial.py took 0.066 seconds
[2021-11-24 13:08:54,699] {processor.py:163} INFO - Started process (PID=43581) to work on /home/dante/DWBI/Apache/py_env/lib/python3.8/site-packages/airflow/example_dags/tutorial.py
[2021-11-24 13:08:54,709] {processor.py:620} INFO - Processing file /home/dante/DWBI/Apache/py_env/lib/python3.8/site-packages/airflow/example_dags/tutorial.py for tasks to queue
[2021-11-24 13:08:54,710] {logging_mixin.py:109} INFO - [2021-11-24 13:08:54,709] {dagbag.py:500} INFO - Filling up the DagBag from /home/dante/DWBI/Apache/py_env/lib/python3.8/site-packages/airflow/example_dags/tutorial.py
[2021-11-24 13:08:54,736] {processor.py:632} INFO - DAG(s) dict_keys(['tutorial']) retrieved from /home/dante/DWBI/Apache/py_env/lib/python3.8/site-packages/airflow/example_dags/tutorial.py
[2021-11-24 13:08:54,746] {logging_mixin.py:109} INFO - [2021-11-24 13:08:54,746] {dag.py:2389} INFO - Sync 1 DAGs
[2021-11-24 13:08:54,757] {logging_mixin.py:109} INFO - [2021-11-24 13:08:54,757] {dag.py:2921} INFO - Setting next_dagrun for tutorial to 2021-11-23T12:08:54.757022+00:00
[2021-11-24 13:08:54,764] {processor.py:171} INFO - Processing /home/dante/DWBI/Apache/py_env/lib/python3.8/site-packages/airflow/example_dags/tutorial.py took 0.068 seconds
[2021-11-24 13:09:34,460] {processor.py:163} INFO - Started process (PID=43708) to work on /home/dante/DWBI/Apache/py_env/lib/python3.8/site-packages/airflow/example_dags/tutorial.py
[2021-11-24 13:09:34,470] {processor.py:620} INFO - Processing file /home/dante/DWBI/Apache/py_env/lib/python3.8/site-packages/airflow/example_dags/tutorial.py for tasks to queue
[2021-11-24 13:09:34,470] {logging_mixin.py:109} INFO - [2021-11-24 13:09:34,470] {dagbag.py:500} INFO - Filling up the DagBag from /home/dante/DWBI/Apache/py_env/lib/python3.8/site-packages/airflow/example_dags/tutorial.py
[2021-11-24 13:09:34,493] {processor.py:632} INFO - DAG(s) dict_keys(['tutorial']) retrieved from /home/dante/DWBI/Apache/py_env/lib/python3.8/site-packages/airflow/example_dags/tutorial.py
[2021-11-24 13:09:34,501] {logging_mixin.py:109} INFO - [2021-11-24 13:09:34,501] {dag.py:2389} INFO - Sync 1 DAGs
[2021-11-24 13:09:34,510] {logging_mixin.py:109} INFO - [2021-11-24 13:09:34,510] {dag.py:2921} INFO - Setting next_dagrun for tutorial to 2021-11-23T12:09:34.510226+00:00
[2021-11-24 13:09:34,518] {processor.py:171} INFO - Processing /home/dante/DWBI/Apache/py_env/lib/python3.8/site-packages/airflow/example_dags/tutorial.py took 0.060 seconds
[2021-11-24 13:10:10,607] {processor.py:163} INFO - Started process (PID=43863) to work on /home/dante/DWBI/Apache/py_env/lib/python3.8/site-packages/airflow/example_dags/tutorial.py
[2021-11-24 13:10:10,611] {processor.py:620} INFO - Processing file /home/dante/DWBI/Apache/py_env/lib/python3.8/site-packages/airflow/example_dags/tutorial.py for tasks to queue
[2021-11-24 13:10:10,612] {logging_mixin.py:109} INFO - [2021-11-24 13:10:10,612] {dagbag.py:500} INFO - Filling up the DagBag from /home/dante/DWBI/Apache/py_env/lib/python3.8/site-packages/airflow/example_dags/tutorial.py
[2021-11-24 13:10:10,645] {processor.py:632} INFO - DAG(s) dict_keys(['tutorial']) retrieved from /home/dante/DWBI/Apache/py_env/lib/python3.8/site-packages/airflow/example_dags/tutorial.py
[2021-11-24 13:10:10,655] {logging_mixin.py:109} INFO - [2021-11-24 13:10:10,655] {dag.py:2389} INFO - Sync 1 DAGs
[2021-11-24 13:10:10,668] {logging_mixin.py:109} INFO - [2021-11-24 13:10:10,668] {dag.py:2921} INFO - Setting next_dagrun for tutorial to 2021-11-23T12:10:10.668290+00:00
[2021-11-24 13:10:10,678] {processor.py:171} INFO - Processing /home/dante/DWBI/Apache/py_env/lib/python3.8/site-packages/airflow/example_dags/tutorial.py took 0.073 seconds
[2021-11-24 13:10:44,353] {processor.py:163} INFO - Started process (PID=44042) to work on /home/dante/DWBI/Apache/py_env/lib/python3.8/site-packages/airflow/example_dags/tutorial.py
[2021-11-24 13:10:44,364] {processor.py:620} INFO - Processing file /home/dante/DWBI/Apache/py_env/lib/python3.8/site-packages/airflow/example_dags/tutorial.py for tasks to queue
[2021-11-24 13:10:44,366] {logging_mixin.py:109} INFO - [2021-11-24 13:10:44,365] {dagbag.py:500} INFO - Filling up the DagBag from /home/dante/DWBI/Apache/py_env/lib/python3.8/site-packages/airflow/example_dags/tutorial.py
[2021-11-24 13:10:44,397] {processor.py:632} INFO - DAG(s) dict_keys(['tutorial']) retrieved from /home/dante/DWBI/Apache/py_env/lib/python3.8/site-packages/airflow/example_dags/tutorial.py
[2021-11-24 13:10:44,404] {logging_mixin.py:109} INFO - [2021-11-24 13:10:44,404] {dag.py:2389} INFO - Sync 1 DAGs
[2021-11-24 13:10:44,413] {logging_mixin.py:109} INFO - [2021-11-24 13:10:44,413] {dag.py:2921} INFO - Setting next_dagrun for tutorial to 2021-11-23T12:10:44.413377+00:00
[2021-11-24 13:10:44,435] {processor.py:171} INFO - Processing /home/dante/DWBI/Apache/py_env/lib/python3.8/site-packages/airflow/example_dags/tutorial.py took 0.089 seconds
[2021-11-24 13:11:17,014] {processor.py:163} INFO - Started process (PID=44150) to work on /home/dante/DWBI/Apache/py_env/lib/python3.8/site-packages/airflow/example_dags/tutorial.py
[2021-11-24 13:11:17,024] {processor.py:620} INFO - Processing file /home/dante/DWBI/Apache/py_env/lib/python3.8/site-packages/airflow/example_dags/tutorial.py for tasks to queue
[2021-11-24 13:11:17,025] {logging_mixin.py:109} INFO - [2021-11-24 13:11:17,025] {dagbag.py:500} INFO - Filling up the DagBag from /home/dante/DWBI/Apache/py_env/lib/python3.8/site-packages/airflow/example_dags/tutorial.py
[2021-11-24 13:11:17,046] {processor.py:632} INFO - DAG(s) dict_keys(['tutorial']) retrieved from /home/dante/DWBI/Apache/py_env/lib/python3.8/site-packages/airflow/example_dags/tutorial.py
[2021-11-24 13:11:17,053] {logging_mixin.py:109} INFO - [2021-11-24 13:11:17,053] {dag.py:2389} INFO - Sync 1 DAGs
[2021-11-24 13:11:17,064] {logging_mixin.py:109} INFO - [2021-11-24 13:11:17,064] {dag.py:2921} INFO - Setting next_dagrun for tutorial to 2021-11-23T12:11:17.063875+00:00
[2021-11-24 13:11:17,090] {processor.py:171} INFO - Processing /home/dante/DWBI/Apache/py_env/lib/python3.8/site-packages/airflow/example_dags/tutorial.py took 0.080 seconds
[2021-11-24 13:11:53,270] {processor.py:163} INFO - Started process (PID=44256) to work on /home/dante/DWBI/Apache/py_env/lib/python3.8/site-packages/airflow/example_dags/tutorial.py
[2021-11-24 13:11:53,279] {processor.py:620} INFO - Processing file /home/dante/DWBI/Apache/py_env/lib/python3.8/site-packages/airflow/example_dags/tutorial.py for tasks to queue
[2021-11-24 13:11:53,280] {logging_mixin.py:109} INFO - [2021-11-24 13:11:53,280] {dagbag.py:500} INFO - Filling up the DagBag from /home/dante/DWBI/Apache/py_env/lib/python3.8/site-packages/airflow/example_dags/tutorial.py
[2021-11-24 13:11:53,296] {processor.py:632} INFO - DAG(s) dict_keys(['tutorial']) retrieved from /home/dante/DWBI/Apache/py_env/lib/python3.8/site-packages/airflow/example_dags/tutorial.py
[2021-11-24 13:11:53,303] {logging_mixin.py:109} INFO - [2021-11-24 13:11:53,303] {dag.py:2389} INFO - Sync 1 DAGs
[2021-11-24 13:11:53,312] {logging_mixin.py:109} INFO - [2021-11-24 13:11:53,312] {dag.py:2921} INFO - Setting next_dagrun for tutorial to 2021-11-23T12:11:53.312685+00:00
[2021-11-24 13:11:53,354] {processor.py:171} INFO - Processing /home/dante/DWBI/Apache/py_env/lib/python3.8/site-packages/airflow/example_dags/tutorial.py took 0.086 seconds
[2021-11-24 13:12:27,033] {processor.py:163} INFO - Started process (PID=44312) to work on /home/dante/DWBI/Apache/py_env/lib/python3.8/site-packages/airflow/example_dags/tutorial.py
[2021-11-24 13:12:27,034] {processor.py:620} INFO - Processing file /home/dante/DWBI/Apache/py_env/lib/python3.8/site-packages/airflow/example_dags/tutorial.py for tasks to queue
[2021-11-24 13:12:27,035] {logging_mixin.py:109} INFO - [2021-11-24 13:12:27,034] {dagbag.py:500} INFO - Filling up the DagBag from /home/dante/DWBI/Apache/py_env/lib/python3.8/site-packages/airflow/example_dags/tutorial.py
[2021-11-24 13:12:27,051] {processor.py:632} INFO - DAG(s) dict_keys(['tutorial']) retrieved from /home/dante/DWBI/Apache/py_env/lib/python3.8/site-packages/airflow/example_dags/tutorial.py
[2021-11-24 13:12:27,058] {logging_mixin.py:109} INFO - [2021-11-24 13:12:27,058] {dag.py:2389} INFO - Sync 1 DAGs
[2021-11-24 13:12:27,068] {logging_mixin.py:109} INFO - [2021-11-24 13:12:27,068] {dag.py:2921} INFO - Setting next_dagrun for tutorial to 2021-11-23T12:12:27.068598+00:00
[2021-11-24 13:12:27,076] {processor.py:171} INFO - Processing /home/dante/DWBI/Apache/py_env/lib/python3.8/site-packages/airflow/example_dags/tutorial.py took 0.045 seconds
[2021-11-24 13:13:04,565] {processor.py:163} INFO - Started process (PID=44443) to work on /home/dante/DWBI/Apache/py_env/lib/python3.8/site-packages/airflow/example_dags/tutorial.py
[2021-11-24 13:13:04,568] {processor.py:620} INFO - Processing file /home/dante/DWBI/Apache/py_env/lib/python3.8/site-packages/airflow/example_dags/tutorial.py for tasks to queue
[2021-11-24 13:13:04,570] {logging_mixin.py:109} INFO - [2021-11-24 13:13:04,570] {dagbag.py:500} INFO - Filling up the DagBag from /home/dante/DWBI/Apache/py_env/lib/python3.8/site-packages/airflow/example_dags/tutorial.py
[2021-11-24 13:13:04,598] {processor.py:632} INFO - DAG(s) dict_keys(['tutorial']) retrieved from /home/dante/DWBI/Apache/py_env/lib/python3.8/site-packages/airflow/example_dags/tutorial.py
[2021-11-24 13:13:04,605] {logging_mixin.py:109} INFO - [2021-11-24 13:13:04,605] {dag.py:2389} INFO - Sync 1 DAGs
[2021-11-24 13:13:04,614] {logging_mixin.py:109} INFO - [2021-11-24 13:13:04,614] {dag.py:2921} INFO - Setting next_dagrun for tutorial to 2021-11-23T12:13:04.614180+00:00
[2021-11-24 13:13:04,622] {processor.py:171} INFO - Processing /home/dante/DWBI/Apache/py_env/lib/python3.8/site-packages/airflow/example_dags/tutorial.py took 0.063 seconds
[2021-11-24 13:13:37,251] {processor.py:163} INFO - Started process (PID=44516) to work on /home/dante/DWBI/Apache/py_env/lib/python3.8/site-packages/airflow/example_dags/tutorial.py
[2021-11-24 13:13:37,262] {processor.py:620} INFO - Processing file /home/dante/DWBI/Apache/py_env/lib/python3.8/site-packages/airflow/example_dags/tutorial.py for tasks to queue
[2021-11-24 13:13:37,263] {logging_mixin.py:109} INFO - [2021-11-24 13:13:37,263] {dagbag.py:500} INFO - Filling up the DagBag from /home/dante/DWBI/Apache/py_env/lib/python3.8/site-packages/airflow/example_dags/tutorial.py
[2021-11-24 13:13:37,297] {processor.py:632} INFO - DAG(s) dict_keys(['tutorial']) retrieved from /home/dante/DWBI/Apache/py_env/lib/python3.8/site-packages/airflow/example_dags/tutorial.py
[2021-11-24 13:13:37,303] {logging_mixin.py:109} INFO - [2021-11-24 13:13:37,303] {dag.py:2389} INFO - Sync 1 DAGs
[2021-11-24 13:13:37,313] {logging_mixin.py:109} INFO - [2021-11-24 13:13:37,313] {dag.py:2921} INFO - Setting next_dagrun for tutorial to 2021-11-23T12:13:37.312798+00:00
[2021-11-24 13:13:37,342] {processor.py:171} INFO - Processing /home/dante/DWBI/Apache/py_env/lib/python3.8/site-packages/airflow/example_dags/tutorial.py took 0.098 seconds
[2021-11-24 13:14:07,454] {processor.py:163} INFO - Started process (PID=44564) to work on /home/dante/DWBI/Apache/py_env/lib/python3.8/site-packages/airflow/example_dags/tutorial.py
[2021-11-24 13:14:07,458] {processor.py:620} INFO - Processing file /home/dante/DWBI/Apache/py_env/lib/python3.8/site-packages/airflow/example_dags/tutorial.py for tasks to queue
[2021-11-24 13:14:07,458] {logging_mixin.py:109} INFO - [2021-11-24 13:14:07,458] {dagbag.py:500} INFO - Filling up the DagBag from /home/dante/DWBI/Apache/py_env/lib/python3.8/site-packages/airflow/example_dags/tutorial.py
[2021-11-24 13:14:07,484] {processor.py:632} INFO - DAG(s) dict_keys(['tutorial']) retrieved from /home/dante/DWBI/Apache/py_env/lib/python3.8/site-packages/airflow/example_dags/tutorial.py
[2021-11-24 13:14:07,493] {logging_mixin.py:109} INFO - [2021-11-24 13:14:07,493] {dag.py:2389} INFO - Sync 1 DAGs
[2021-11-24 13:14:07,503] {logging_mixin.py:109} INFO - [2021-11-24 13:14:07,503] {dag.py:2921} INFO - Setting next_dagrun for tutorial to 2021-11-23T12:14:07.503192+00:00
[2021-11-24 13:14:07,511] {processor.py:171} INFO - Processing /home/dante/DWBI/Apache/py_env/lib/python3.8/site-packages/airflow/example_dags/tutorial.py took 0.060 seconds
[2021-11-24 13:14:38,776] {processor.py:163} INFO - Started process (PID=44691) to work on /home/dante/DWBI/Apache/py_env/lib/python3.8/site-packages/airflow/example_dags/tutorial.py
[2021-11-24 13:14:38,787] {processor.py:620} INFO - Processing file /home/dante/DWBI/Apache/py_env/lib/python3.8/site-packages/airflow/example_dags/tutorial.py for tasks to queue
[2021-11-24 13:14:38,789] {logging_mixin.py:109} INFO - [2021-11-24 13:14:38,789] {dagbag.py:500} INFO - Filling up the DagBag from /home/dante/DWBI/Apache/py_env/lib/python3.8/site-packages/airflow/example_dags/tutorial.py
[2021-11-24 13:14:38,815] {processor.py:632} INFO - DAG(s) dict_keys(['tutorial']) retrieved from /home/dante/DWBI/Apache/py_env/lib/python3.8/site-packages/airflow/example_dags/tutorial.py
[2021-11-24 13:14:38,822] {logging_mixin.py:109} INFO - [2021-11-24 13:14:38,822] {dag.py:2389} INFO - Sync 1 DAGs
[2021-11-24 13:14:38,831] {logging_mixin.py:109} INFO - [2021-11-24 13:14:38,831] {dag.py:2921} INFO - Setting next_dagrun for tutorial to 2021-11-23T12:14:38.831425+00:00
[2021-11-24 13:14:38,848] {processor.py:171} INFO - Processing /home/dante/DWBI/Apache/py_env/lib/python3.8/site-packages/airflow/example_dags/tutorial.py took 0.079 seconds
[2021-11-24 13:15:11,209] {processor.py:163} INFO - Started process (PID=44772) to work on /home/dante/DWBI/Apache/py_env/lib/python3.8/site-packages/airflow/example_dags/tutorial.py
[2021-11-24 13:15:11,220] {processor.py:620} INFO - Processing file /home/dante/DWBI/Apache/py_env/lib/python3.8/site-packages/airflow/example_dags/tutorial.py for tasks to queue
[2021-11-24 13:15:11,221] {logging_mixin.py:109} INFO - [2021-11-24 13:15:11,221] {dagbag.py:500} INFO - Filling up the DagBag from /home/dante/DWBI/Apache/py_env/lib/python3.8/site-packages/airflow/example_dags/tutorial.py
[2021-11-24 13:15:11,248] {processor.py:632} INFO - DAG(s) dict_keys(['tutorial']) retrieved from /home/dante/DWBI/Apache/py_env/lib/python3.8/site-packages/airflow/example_dags/tutorial.py
[2021-11-24 13:15:11,255] {logging_mixin.py:109} INFO - [2021-11-24 13:15:11,255] {dag.py:2389} INFO - Sync 1 DAGs
[2021-11-24 13:15:11,263] {logging_mixin.py:109} INFO - [2021-11-24 13:15:11,263] {dag.py:2921} INFO - Setting next_dagrun for tutorial to 2021-11-23T12:15:11.263683+00:00
[2021-11-24 13:15:11,285] {processor.py:171} INFO - Processing /home/dante/DWBI/Apache/py_env/lib/python3.8/site-packages/airflow/example_dags/tutorial.py took 0.083 seconds
[2021-11-24 13:15:43,554] {processor.py:163} INFO - Started process (PID=44829) to work on /home/dante/DWBI/Apache/py_env/lib/python3.8/site-packages/airflow/example_dags/tutorial.py
[2021-11-24 13:15:43,555] {processor.py:620} INFO - Processing file /home/dante/DWBI/Apache/py_env/lib/python3.8/site-packages/airflow/example_dags/tutorial.py for tasks to queue
[2021-11-24 13:15:43,556] {logging_mixin.py:109} INFO - [2021-11-24 13:15:43,556] {dagbag.py:500} INFO - Filling up the DagBag from /home/dante/DWBI/Apache/py_env/lib/python3.8/site-packages/airflow/example_dags/tutorial.py
[2021-11-24 13:15:43,573] {processor.py:632} INFO - DAG(s) dict_keys(['tutorial']) retrieved from /home/dante/DWBI/Apache/py_env/lib/python3.8/site-packages/airflow/example_dags/tutorial.py
[2021-11-24 13:15:43,580] {logging_mixin.py:109} INFO - [2021-11-24 13:15:43,580] {dag.py:2389} INFO - Sync 1 DAGs
[2021-11-24 13:15:43,590] {logging_mixin.py:109} INFO - [2021-11-24 13:15:43,590] {dag.py:2921} INFO - Setting next_dagrun for tutorial to 2021-11-23T12:15:43.590040+00:00
[2021-11-24 13:15:43,601] {processor.py:171} INFO - Processing /home/dante/DWBI/Apache/py_env/lib/python3.8/site-packages/airflow/example_dags/tutorial.py took 0.050 seconds
[2021-11-24 13:16:16,217] {processor.py:163} INFO - Started process (PID=45341) to work on /home/dante/DWBI/Apache/py_env/lib/python3.8/site-packages/airflow/example_dags/tutorial.py
[2021-11-24 13:16:16,219] {processor.py:620} INFO - Processing file /home/dante/DWBI/Apache/py_env/lib/python3.8/site-packages/airflow/example_dags/tutorial.py for tasks to queue
[2021-11-24 13:16:16,220] {logging_mixin.py:109} INFO - [2021-11-24 13:16:16,220] {dagbag.py:500} INFO - Filling up the DagBag from /home/dante/DWBI/Apache/py_env/lib/python3.8/site-packages/airflow/example_dags/tutorial.py
[2021-11-24 13:16:16,237] {processor.py:632} INFO - DAG(s) dict_keys(['tutorial']) retrieved from /home/dante/DWBI/Apache/py_env/lib/python3.8/site-packages/airflow/example_dags/tutorial.py
[2021-11-24 13:16:16,245] {logging_mixin.py:109} INFO - [2021-11-24 13:16:16,244] {dag.py:2389} INFO - Sync 1 DAGs
[2021-11-24 13:16:16,254] {logging_mixin.py:109} INFO - [2021-11-24 13:16:16,254] {dag.py:2921} INFO - Setting next_dagrun for tutorial to 2021-11-23T12:16:16.254366+00:00
[2021-11-24 13:16:16,263] {processor.py:171} INFO - Processing /home/dante/DWBI/Apache/py_env/lib/python3.8/site-packages/airflow/example_dags/tutorial.py took 0.050 seconds
[2021-11-24 13:16:51,470] {processor.py:163} INFO - Started process (PID=45426) to work on /home/dante/DWBI/Apache/py_env/lib/python3.8/site-packages/airflow/example_dags/tutorial.py
[2021-11-24 13:16:51,472] {processor.py:620} INFO - Processing file /home/dante/DWBI/Apache/py_env/lib/python3.8/site-packages/airflow/example_dags/tutorial.py for tasks to queue
[2021-11-24 13:16:51,472] {logging_mixin.py:109} INFO - [2021-11-24 13:16:51,472] {dagbag.py:500} INFO - Filling up the DagBag from /home/dante/DWBI/Apache/py_env/lib/python3.8/site-packages/airflow/example_dags/tutorial.py
[2021-11-24 13:16:51,486] {processor.py:632} INFO - DAG(s) dict_keys(['tutorial']) retrieved from /home/dante/DWBI/Apache/py_env/lib/python3.8/site-packages/airflow/example_dags/tutorial.py
[2021-11-24 13:16:51,493] {logging_mixin.py:109} INFO - [2021-11-24 13:16:51,493] {dag.py:2389} INFO - Sync 1 DAGs
[2021-11-24 13:16:51,502] {logging_mixin.py:109} INFO - [2021-11-24 13:16:51,502] {dag.py:2921} INFO - Setting next_dagrun for tutorial to 2021-11-23T12:16:51.501964+00:00
[2021-11-24 13:16:51,509] {processor.py:171} INFO - Processing /home/dante/DWBI/Apache/py_env/lib/python3.8/site-packages/airflow/example_dags/tutorial.py took 0.041 seconds
[2021-11-24 13:17:28,105] {processor.py:163} INFO - Started process (PID=45563) to work on /home/dante/DWBI/Apache/py_env/lib/python3.8/site-packages/airflow/example_dags/tutorial.py
[2021-11-24 13:17:28,109] {processor.py:620} INFO - Processing file /home/dante/DWBI/Apache/py_env/lib/python3.8/site-packages/airflow/example_dags/tutorial.py for tasks to queue
[2021-11-24 13:17:28,111] {logging_mixin.py:109} INFO - [2021-11-24 13:17:28,111] {dagbag.py:500} INFO - Filling up the DagBag from /home/dante/DWBI/Apache/py_env/lib/python3.8/site-packages/airflow/example_dags/tutorial.py
[2021-11-24 13:17:28,143] {processor.py:632} INFO - DAG(s) dict_keys(['tutorial']) retrieved from /home/dante/DWBI/Apache/py_env/lib/python3.8/site-packages/airflow/example_dags/tutorial.py
[2021-11-24 13:17:28,153] {logging_mixin.py:109} INFO - [2021-11-24 13:17:28,152] {dag.py:2389} INFO - Sync 1 DAGs
[2021-11-24 13:17:28,164] {logging_mixin.py:109} INFO - [2021-11-24 13:17:28,164] {dag.py:2921} INFO - Setting next_dagrun for tutorial to 2021-11-23T12:17:28.164415+00:00
[2021-11-24 13:17:28,172] {processor.py:171} INFO - Processing /home/dante/DWBI/Apache/py_env/lib/python3.8/site-packages/airflow/example_dags/tutorial.py took 0.074 seconds
[2021-11-24 13:17:59,696] {processor.py:163} INFO - Started process (PID=45603) to work on /home/dante/DWBI/Apache/py_env/lib/python3.8/site-packages/airflow/example_dags/tutorial.py
[2021-11-24 13:17:59,698] {processor.py:620} INFO - Processing file /home/dante/DWBI/Apache/py_env/lib/python3.8/site-packages/airflow/example_dags/tutorial.py for tasks to queue
[2021-11-24 13:17:59,699] {logging_mixin.py:109} INFO - [2021-11-24 13:17:59,699] {dagbag.py:500} INFO - Filling up the DagBag from /home/dante/DWBI/Apache/py_env/lib/python3.8/site-packages/airflow/example_dags/tutorial.py
[2021-11-24 13:17:59,718] {processor.py:632} INFO - DAG(s) dict_keys(['tutorial']) retrieved from /home/dante/DWBI/Apache/py_env/lib/python3.8/site-packages/airflow/example_dags/tutorial.py
[2021-11-24 13:17:59,726] {logging_mixin.py:109} INFO - [2021-11-24 13:17:59,726] {dag.py:2389} INFO - Sync 1 DAGs
[2021-11-24 13:17:59,736] {logging_mixin.py:109} INFO - [2021-11-24 13:17:59,736] {dag.py:2921} INFO - Setting next_dagrun for tutorial to 2021-11-23T12:17:59.735906+00:00
[2021-11-24 13:17:59,743] {processor.py:171} INFO - Processing /home/dante/DWBI/Apache/py_env/lib/python3.8/site-packages/airflow/example_dags/tutorial.py took 0.049 seconds
[2021-11-24 13:18:32,270] {processor.py:163} INFO - Started process (PID=45671) to work on /home/dante/DWBI/Apache/py_env/lib/python3.8/site-packages/airflow/example_dags/tutorial.py
[2021-11-24 13:18:32,282] {processor.py:620} INFO - Processing file /home/dante/DWBI/Apache/py_env/lib/python3.8/site-packages/airflow/example_dags/tutorial.py for tasks to queue
[2021-11-24 13:18:32,284] {logging_mixin.py:109} INFO - [2021-11-24 13:18:32,283] {dagbag.py:500} INFO - Filling up the DagBag from /home/dante/DWBI/Apache/py_env/lib/python3.8/site-packages/airflow/example_dags/tutorial.py
[2021-11-24 13:18:32,318] {processor.py:632} INFO - DAG(s) dict_keys(['tutorial']) retrieved from /home/dante/DWBI/Apache/py_env/lib/python3.8/site-packages/airflow/example_dags/tutorial.py
[2021-11-24 13:18:32,325] {logging_mixin.py:109} INFO - [2021-11-24 13:18:32,325] {dag.py:2389} INFO - Sync 1 DAGs
[2021-11-24 13:18:32,334] {logging_mixin.py:109} INFO - [2021-11-24 13:18:32,333] {dag.py:2921} INFO - Setting next_dagrun for tutorial to 2021-11-23T12:18:32.333778+00:00
[2021-11-24 13:18:32,341] {processor.py:171} INFO - Processing /home/dante/DWBI/Apache/py_env/lib/python3.8/site-packages/airflow/example_dags/tutorial.py took 0.077 seconds
[2021-11-24 13:19:09,725] {processor.py:163} INFO - Started process (PID=45726) to work on /home/dante/DWBI/Apache/py_env/lib/python3.8/site-packages/airflow/example_dags/tutorial.py
[2021-11-24 13:19:09,727] {processor.py:620} INFO - Processing file /home/dante/DWBI/Apache/py_env/lib/python3.8/site-packages/airflow/example_dags/tutorial.py for tasks to queue
[2021-11-24 13:19:09,727] {logging_mixin.py:109} INFO - [2021-11-24 13:19:09,727] {dagbag.py:500} INFO - Filling up the DagBag from /home/dante/DWBI/Apache/py_env/lib/python3.8/site-packages/airflow/example_dags/tutorial.py
[2021-11-24 13:19:09,747] {processor.py:632} INFO - DAG(s) dict_keys(['tutorial']) retrieved from /home/dante/DWBI/Apache/py_env/lib/python3.8/site-packages/airflow/example_dags/tutorial.py
[2021-11-24 13:19:09,755] {logging_mixin.py:109} INFO - [2021-11-24 13:19:09,755] {dag.py:2389} INFO - Sync 1 DAGs
[2021-11-24 13:19:09,764] {logging_mixin.py:109} INFO - [2021-11-24 13:19:09,764] {dag.py:2921} INFO - Setting next_dagrun for tutorial to 2021-11-23T12:19:09.764356+00:00
[2021-11-24 13:19:09,772] {processor.py:171} INFO - Processing /home/dante/DWBI/Apache/py_env/lib/python3.8/site-packages/airflow/example_dags/tutorial.py took 0.049 seconds
[2021-11-24 13:19:41,628] {processor.py:163} INFO - Started process (PID=45769) to work on /home/dante/DWBI/Apache/py_env/lib/python3.8/site-packages/airflow/example_dags/tutorial.py
[2021-11-24 13:19:41,637] {processor.py:620} INFO - Processing file /home/dante/DWBI/Apache/py_env/lib/python3.8/site-packages/airflow/example_dags/tutorial.py for tasks to queue
[2021-11-24 13:19:41,638] {logging_mixin.py:109} INFO - [2021-11-24 13:19:41,637] {dagbag.py:500} INFO - Filling up the DagBag from /home/dante/DWBI/Apache/py_env/lib/python3.8/site-packages/airflow/example_dags/tutorial.py
[2021-11-24 13:19:41,657] {processor.py:632} INFO - DAG(s) dict_keys(['tutorial']) retrieved from /home/dante/DWBI/Apache/py_env/lib/python3.8/site-packages/airflow/example_dags/tutorial.py
[2021-11-24 13:19:41,666] {logging_mixin.py:109} INFO - [2021-11-24 13:19:41,666] {dag.py:2389} INFO - Sync 1 DAGs
[2021-11-24 13:19:41,675] {logging_mixin.py:109} INFO - [2021-11-24 13:19:41,675] {dag.py:2921} INFO - Setting next_dagrun for tutorial to 2021-11-23T12:19:41.675620+00:00
[2021-11-24 13:19:41,689] {processor.py:171} INFO - Processing /home/dante/DWBI/Apache/py_env/lib/python3.8/site-packages/airflow/example_dags/tutorial.py took 0.064 seconds
[2021-11-24 13:20:16,742] {processor.py:163} INFO - Started process (PID=45818) to work on /home/dante/DWBI/Apache/py_env/lib/python3.8/site-packages/airflow/example_dags/tutorial.py
[2021-11-24 13:20:16,745] {processor.py:620} INFO - Processing file /home/dante/DWBI/Apache/py_env/lib/python3.8/site-packages/airflow/example_dags/tutorial.py for tasks to queue
[2021-11-24 13:20:16,745] {logging_mixin.py:109} INFO - [2021-11-24 13:20:16,745] {dagbag.py:500} INFO - Filling up the DagBag from /home/dante/DWBI/Apache/py_env/lib/python3.8/site-packages/airflow/example_dags/tutorial.py
[2021-11-24 13:20:16,764] {processor.py:632} INFO - DAG(s) dict_keys(['tutorial']) retrieved from /home/dante/DWBI/Apache/py_env/lib/python3.8/site-packages/airflow/example_dags/tutorial.py
[2021-11-24 13:20:16,772] {logging_mixin.py:109} INFO - [2021-11-24 13:20:16,772] {dag.py:2389} INFO - Sync 1 DAGs
[2021-11-24 13:20:16,781] {logging_mixin.py:109} INFO - [2021-11-24 13:20:16,781] {dag.py:2921} INFO - Setting next_dagrun for tutorial to 2021-11-23T12:20:16.781540+00:00
[2021-11-24 13:20:16,788] {processor.py:171} INFO - Processing /home/dante/DWBI/Apache/py_env/lib/python3.8/site-packages/airflow/example_dags/tutorial.py took 0.048 seconds
[2021-11-24 13:20:47,706] {processor.py:163} INFO - Started process (PID=45864) to work on /home/dante/DWBI/Apache/py_env/lib/python3.8/site-packages/airflow/example_dags/tutorial.py
[2021-11-24 13:20:47,716] {processor.py:620} INFO - Processing file /home/dante/DWBI/Apache/py_env/lib/python3.8/site-packages/airflow/example_dags/tutorial.py for tasks to queue
[2021-11-24 13:20:47,717] {logging_mixin.py:109} INFO - [2021-11-24 13:20:47,717] {dagbag.py:500} INFO - Filling up the DagBag from /home/dante/DWBI/Apache/py_env/lib/python3.8/site-packages/airflow/example_dags/tutorial.py
[2021-11-24 13:20:47,740] {processor.py:632} INFO - DAG(s) dict_keys(['tutorial']) retrieved from /home/dante/DWBI/Apache/py_env/lib/python3.8/site-packages/airflow/example_dags/tutorial.py
[2021-11-24 13:20:47,748] {logging_mixin.py:109} INFO - [2021-11-24 13:20:47,748] {dag.py:2389} INFO - Sync 1 DAGs
[2021-11-24 13:20:47,757] {logging_mixin.py:109} INFO - [2021-11-24 13:20:47,757] {dag.py:2921} INFO - Setting next_dagrun for tutorial to 2021-11-23T12:20:47.757441+00:00
[2021-11-24 13:20:47,766] {processor.py:171} INFO - Processing /home/dante/DWBI/Apache/py_env/lib/python3.8/site-packages/airflow/example_dags/tutorial.py took 0.061 seconds
[2021-11-24 13:21:19,924] {processor.py:163} INFO - Started process (PID=45915) to work on /home/dante/DWBI/Apache/py_env/lib/python3.8/site-packages/airflow/example_dags/tutorial.py
[2021-11-24 13:21:19,927] {processor.py:620} INFO - Processing file /home/dante/DWBI/Apache/py_env/lib/python3.8/site-packages/airflow/example_dags/tutorial.py for tasks to queue
[2021-11-24 13:21:19,929] {logging_mixin.py:109} INFO - [2021-11-24 13:21:19,928] {dagbag.py:500} INFO - Filling up the DagBag from /home/dante/DWBI/Apache/py_env/lib/python3.8/site-packages/airflow/example_dags/tutorial.py
[2021-11-24 13:21:19,961] {processor.py:632} INFO - DAG(s) dict_keys(['tutorial']) retrieved from /home/dante/DWBI/Apache/py_env/lib/python3.8/site-packages/airflow/example_dags/tutorial.py
[2021-11-24 13:21:19,968] {logging_mixin.py:109} INFO - [2021-11-24 13:21:19,968] {dag.py:2389} INFO - Sync 1 DAGs
[2021-11-24 13:21:19,977] {logging_mixin.py:109} INFO - [2021-11-24 13:21:19,977] {dag.py:2921} INFO - Setting next_dagrun for tutorial to 2021-11-23T12:21:19.977363+00:00
[2021-11-24 13:21:19,985] {processor.py:171} INFO - Processing /home/dante/DWBI/Apache/py_env/lib/python3.8/site-packages/airflow/example_dags/tutorial.py took 0.065 seconds
[2021-11-24 13:21:55,349] {processor.py:163} INFO - Started process (PID=46007) to work on /home/dante/DWBI/Apache/py_env/lib/python3.8/site-packages/airflow/example_dags/tutorial.py
[2021-11-24 13:21:55,360] {processor.py:620} INFO - Processing file /home/dante/DWBI/Apache/py_env/lib/python3.8/site-packages/airflow/example_dags/tutorial.py for tasks to queue
[2021-11-24 13:21:55,360] {logging_mixin.py:109} INFO - [2021-11-24 13:21:55,360] {dagbag.py:500} INFO - Filling up the DagBag from /home/dante/DWBI/Apache/py_env/lib/python3.8/site-packages/airflow/example_dags/tutorial.py
[2021-11-24 13:21:55,396] {processor.py:632} INFO - DAG(s) dict_keys(['tutorial']) retrieved from /home/dante/DWBI/Apache/py_env/lib/python3.8/site-packages/airflow/example_dags/tutorial.py
[2021-11-24 13:21:55,404] {logging_mixin.py:109} INFO - [2021-11-24 13:21:55,404] {dag.py:2389} INFO - Sync 1 DAGs
[2021-11-24 13:21:55,414] {logging_mixin.py:109} INFO - [2021-11-24 13:21:55,413] {dag.py:2921} INFO - Setting next_dagrun for tutorial to 2021-11-23T12:21:55.413742+00:00
[2021-11-24 13:21:55,430] {processor.py:171} INFO - Processing /home/dante/DWBI/Apache/py_env/lib/python3.8/site-packages/airflow/example_dags/tutorial.py took 0.083 seconds
[2021-11-24 13:22:29,211] {processor.py:163} INFO - Started process (PID=46065) to work on /home/dante/DWBI/Apache/py_env/lib/python3.8/site-packages/airflow/example_dags/tutorial.py
[2021-11-24 13:22:29,220] {processor.py:620} INFO - Processing file /home/dante/DWBI/Apache/py_env/lib/python3.8/site-packages/airflow/example_dags/tutorial.py for tasks to queue
[2021-11-24 13:22:29,220] {logging_mixin.py:109} INFO - [2021-11-24 13:22:29,220] {dagbag.py:500} INFO - Filling up the DagBag from /home/dante/DWBI/Apache/py_env/lib/python3.8/site-packages/airflow/example_dags/tutorial.py
[2021-11-24 13:22:29,236] {processor.py:632} INFO - DAG(s) dict_keys(['tutorial']) retrieved from /home/dante/DWBI/Apache/py_env/lib/python3.8/site-packages/airflow/example_dags/tutorial.py
[2021-11-24 13:22:29,243] {logging_mixin.py:109} INFO - [2021-11-24 13:22:29,243] {dag.py:2389} INFO - Sync 1 DAGs
[2021-11-24 13:22:29,253] {logging_mixin.py:109} INFO - [2021-11-24 13:22:29,253] {dag.py:2921} INFO - Setting next_dagrun for tutorial to 2021-11-23T12:22:29.253560+00:00
[2021-11-24 13:22:29,261] {processor.py:171} INFO - Processing /home/dante/DWBI/Apache/py_env/lib/python3.8/site-packages/airflow/example_dags/tutorial.py took 0.052 seconds
[2021-11-24 13:23:01,964] {processor.py:163} INFO - Started process (PID=46438) to work on /home/dante/DWBI/Apache/py_env/lib/python3.8/site-packages/airflow/example_dags/tutorial.py
[2021-11-24 13:23:01,973] {processor.py:620} INFO - Processing file /home/dante/DWBI/Apache/py_env/lib/python3.8/site-packages/airflow/example_dags/tutorial.py for tasks to queue
[2021-11-24 13:23:01,974] {logging_mixin.py:109} INFO - [2021-11-24 13:23:01,974] {dagbag.py:500} INFO - Filling up the DagBag from /home/dante/DWBI/Apache/py_env/lib/python3.8/site-packages/airflow/example_dags/tutorial.py
[2021-11-24 13:23:02,010] {processor.py:632} INFO - DAG(s) dict_keys(['tutorial']) retrieved from /home/dante/DWBI/Apache/py_env/lib/python3.8/site-packages/airflow/example_dags/tutorial.py
[2021-11-24 13:23:02,028] {logging_mixin.py:109} INFO - [2021-11-24 13:23:02,028] {dag.py:2389} INFO - Sync 1 DAGs
[2021-11-24 13:23:02,046] {logging_mixin.py:109} INFO - [2021-11-24 13:23:02,046] {dag.py:2921} INFO - Setting next_dagrun for tutorial to 2021-11-23T12:23:02.046028+00:00
[2021-11-24 13:23:02,070] {processor.py:171} INFO - Processing /home/dante/DWBI/Apache/py_env/lib/python3.8/site-packages/airflow/example_dags/tutorial.py took 0.113 seconds
[2021-11-24 13:23:35,542] {processor.py:163} INFO - Started process (PID=46495) to work on /home/dante/DWBI/Apache/py_env/lib/python3.8/site-packages/airflow/example_dags/tutorial.py
[2021-11-24 13:23:35,552] {processor.py:620} INFO - Processing file /home/dante/DWBI/Apache/py_env/lib/python3.8/site-packages/airflow/example_dags/tutorial.py for tasks to queue
[2021-11-24 13:23:35,554] {logging_mixin.py:109} INFO - [2021-11-24 13:23:35,554] {dagbag.py:500} INFO - Filling up the DagBag from /home/dante/DWBI/Apache/py_env/lib/python3.8/site-packages/airflow/example_dags/tutorial.py
[2021-11-24 13:23:35,591] {processor.py:632} INFO - DAG(s) dict_keys(['tutorial']) retrieved from /home/dante/DWBI/Apache/py_env/lib/python3.8/site-packages/airflow/example_dags/tutorial.py
[2021-11-24 13:23:35,599] {logging_mixin.py:109} INFO - [2021-11-24 13:23:35,598] {dag.py:2389} INFO - Sync 1 DAGs
[2021-11-24 13:23:35,608] {logging_mixin.py:109} INFO - [2021-11-24 13:23:35,608] {dag.py:2921} INFO - Setting next_dagrun for tutorial to 2021-11-23T12:23:35.608047+00:00
[2021-11-24 13:23:35,615] {processor.py:171} INFO - Processing /home/dante/DWBI/Apache/py_env/lib/python3.8/site-packages/airflow/example_dags/tutorial.py took 0.076 seconds
[2021-11-24 13:24:11,906] {processor.py:163} INFO - Started process (PID=46563) to work on /home/dante/DWBI/Apache/py_env/lib/python3.8/site-packages/airflow/example_dags/tutorial.py
[2021-11-24 13:24:11,908] {processor.py:620} INFO - Processing file /home/dante/DWBI/Apache/py_env/lib/python3.8/site-packages/airflow/example_dags/tutorial.py for tasks to queue
[2021-11-24 13:24:11,909] {logging_mixin.py:109} INFO - [2021-11-24 13:24:11,909] {dagbag.py:500} INFO - Filling up the DagBag from /home/dante/DWBI/Apache/py_env/lib/python3.8/site-packages/airflow/example_dags/tutorial.py
[2021-11-24 13:24:11,928] {processor.py:632} INFO - DAG(s) dict_keys(['tutorial']) retrieved from /home/dante/DWBI/Apache/py_env/lib/python3.8/site-packages/airflow/example_dags/tutorial.py
[2021-11-24 13:24:11,935] {logging_mixin.py:109} INFO - [2021-11-24 13:24:11,935] {dag.py:2389} INFO - Sync 1 DAGs
[2021-11-24 13:24:11,945] {logging_mixin.py:109} INFO - [2021-11-24 13:24:11,945] {dag.py:2921} INFO - Setting next_dagrun for tutorial to 2021-11-23T12:24:11.944979+00:00
[2021-11-24 13:24:11,952] {processor.py:171} INFO - Processing /home/dante/DWBI/Apache/py_env/lib/python3.8/site-packages/airflow/example_dags/tutorial.py took 0.049 seconds
[2021-11-24 13:24:46,759] {processor.py:163} INFO - Started process (PID=46729) to work on /home/dante/DWBI/Apache/py_env/lib/python3.8/site-packages/airflow/example_dags/tutorial.py
[2021-11-24 13:24:46,761] {processor.py:620} INFO - Processing file /home/dante/DWBI/Apache/py_env/lib/python3.8/site-packages/airflow/example_dags/tutorial.py for tasks to queue
[2021-11-24 13:24:46,761] {logging_mixin.py:109} INFO - [2021-11-24 13:24:46,761] {dagbag.py:500} INFO - Filling up the DagBag from /home/dante/DWBI/Apache/py_env/lib/python3.8/site-packages/airflow/example_dags/tutorial.py
[2021-11-24 13:24:46,776] {processor.py:632} INFO - DAG(s) dict_keys(['tutorial']) retrieved from /home/dante/DWBI/Apache/py_env/lib/python3.8/site-packages/airflow/example_dags/tutorial.py
[2021-11-24 13:24:46,783] {logging_mixin.py:109} INFO - [2021-11-24 13:24:46,783] {dag.py:2389} INFO - Sync 1 DAGs
[2021-11-24 13:24:46,793] {logging_mixin.py:109} INFO - [2021-11-24 13:24:46,792] {dag.py:2921} INFO - Setting next_dagrun for tutorial to 2021-11-23T12:24:46.792694+00:00
[2021-11-24 13:24:46,800] {processor.py:171} INFO - Processing /home/dante/DWBI/Apache/py_env/lib/python3.8/site-packages/airflow/example_dags/tutorial.py took 0.043 seconds
[2021-11-24 13:25:23,638] {processor.py:163} INFO - Started process (PID=46808) to work on /home/dante/DWBI/Apache/py_env/lib/python3.8/site-packages/airflow/example_dags/tutorial.py
[2021-11-24 13:25:23,649] {processor.py:620} INFO - Processing file /home/dante/DWBI/Apache/py_env/lib/python3.8/site-packages/airflow/example_dags/tutorial.py for tasks to queue
[2021-11-24 13:25:23,651] {logging_mixin.py:109} INFO - [2021-11-24 13:25:23,651] {dagbag.py:500} INFO - Filling up the DagBag from /home/dante/DWBI/Apache/py_env/lib/python3.8/site-packages/airflow/example_dags/tutorial.py
[2021-11-24 13:25:23,679] {processor.py:632} INFO - DAG(s) dict_keys(['tutorial']) retrieved from /home/dante/DWBI/Apache/py_env/lib/python3.8/site-packages/airflow/example_dags/tutorial.py
[2021-11-24 13:25:23,687] {logging_mixin.py:109} INFO - [2021-11-24 13:25:23,687] {dag.py:2389} INFO - Sync 1 DAGs
[2021-11-24 13:25:23,697] {logging_mixin.py:109} INFO - [2021-11-24 13:25:23,696] {dag.py:2921} INFO - Setting next_dagrun for tutorial to 2021-11-23T12:25:23.696699+00:00
[2021-11-24 13:25:23,708] {processor.py:171} INFO - Processing /home/dante/DWBI/Apache/py_env/lib/python3.8/site-packages/airflow/example_dags/tutorial.py took 0.077 seconds
[2021-11-24 13:25:59,295] {processor.py:163} INFO - Started process (PID=46858) to work on /home/dante/DWBI/Apache/py_env/lib/python3.8/site-packages/airflow/example_dags/tutorial.py
[2021-11-24 13:25:59,307] {processor.py:620} INFO - Processing file /home/dante/DWBI/Apache/py_env/lib/python3.8/site-packages/airflow/example_dags/tutorial.py for tasks to queue
[2021-11-24 13:25:59,308] {logging_mixin.py:109} INFO - [2021-11-24 13:25:59,308] {dagbag.py:500} INFO - Filling up the DagBag from /home/dante/DWBI/Apache/py_env/lib/python3.8/site-packages/airflow/example_dags/tutorial.py
[2021-11-24 13:25:59,342] {processor.py:632} INFO - DAG(s) dict_keys(['tutorial']) retrieved from /home/dante/DWBI/Apache/py_env/lib/python3.8/site-packages/airflow/example_dags/tutorial.py
[2021-11-24 13:25:59,349] {logging_mixin.py:109} INFO - [2021-11-24 13:25:59,349] {dag.py:2389} INFO - Sync 1 DAGs
[2021-11-24 13:25:59,360] {logging_mixin.py:109} INFO - [2021-11-24 13:25:59,360] {dag.py:2921} INFO - Setting next_dagrun for tutorial to 2021-11-23T12:25:59.360380+00:00
[2021-11-24 13:25:59,384] {processor.py:171} INFO - Processing /home/dante/DWBI/Apache/py_env/lib/python3.8/site-packages/airflow/example_dags/tutorial.py took 0.097 seconds
[2021-11-24 13:26:34,766] {processor.py:163} INFO - Started process (PID=46936) to work on /home/dante/DWBI/Apache/py_env/lib/python3.8/site-packages/airflow/example_dags/tutorial.py
[2021-11-24 13:26:34,768] {processor.py:620} INFO - Processing file /home/dante/DWBI/Apache/py_env/lib/python3.8/site-packages/airflow/example_dags/tutorial.py for tasks to queue
[2021-11-24 13:26:34,769] {logging_mixin.py:109} INFO - [2021-11-24 13:26:34,769] {dagbag.py:500} INFO - Filling up the DagBag from /home/dante/DWBI/Apache/py_env/lib/python3.8/site-packages/airflow/example_dags/tutorial.py
[2021-11-24 13:26:34,787] {processor.py:632} INFO - DAG(s) dict_keys(['tutorial']) retrieved from /home/dante/DWBI/Apache/py_env/lib/python3.8/site-packages/airflow/example_dags/tutorial.py
[2021-11-24 13:26:34,796] {logging_mixin.py:109} INFO - [2021-11-24 13:26:34,796] {dag.py:2389} INFO - Sync 1 DAGs
[2021-11-24 13:26:34,807] {logging_mixin.py:109} INFO - [2021-11-24 13:26:34,807] {dag.py:2921} INFO - Setting next_dagrun for tutorial to 2021-11-23T12:26:34.806935+00:00
[2021-11-24 13:26:34,815] {processor.py:171} INFO - Processing /home/dante/DWBI/Apache/py_env/lib/python3.8/site-packages/airflow/example_dags/tutorial.py took 0.051 seconds
[2021-11-24 13:27:06,192] {processor.py:163} INFO - Started process (PID=47058) to work on /home/dante/DWBI/Apache/py_env/lib/python3.8/site-packages/airflow/example_dags/tutorial.py
[2021-11-24 13:27:06,194] {processor.py:620} INFO - Processing file /home/dante/DWBI/Apache/py_env/lib/python3.8/site-packages/airflow/example_dags/tutorial.py for tasks to queue
[2021-11-24 13:27:06,195] {logging_mixin.py:109} INFO - [2021-11-24 13:27:06,195] {dagbag.py:500} INFO - Filling up the DagBag from /home/dante/DWBI/Apache/py_env/lib/python3.8/site-packages/airflow/example_dags/tutorial.py
[2021-11-24 13:27:06,213] {processor.py:632} INFO - DAG(s) dict_keys(['tutorial']) retrieved from /home/dante/DWBI/Apache/py_env/lib/python3.8/site-packages/airflow/example_dags/tutorial.py
[2021-11-24 13:27:06,221] {logging_mixin.py:109} INFO - [2021-11-24 13:27:06,221] {dag.py:2389} INFO - Sync 1 DAGs
[2021-11-24 13:27:06,231] {logging_mixin.py:109} INFO - [2021-11-24 13:27:06,231] {dag.py:2921} INFO - Setting next_dagrun for tutorial to 2021-11-23T12:27:06.231315+00:00
[2021-11-24 13:27:06,239] {processor.py:171} INFO - Processing /home/dante/DWBI/Apache/py_env/lib/python3.8/site-packages/airflow/example_dags/tutorial.py took 0.049 seconds
[2021-11-24 13:27:38,571] {processor.py:163} INFO - Started process (PID=47107) to work on /home/dante/DWBI/Apache/py_env/lib/python3.8/site-packages/airflow/example_dags/tutorial.py
[2021-11-24 13:27:38,581] {processor.py:620} INFO - Processing file /home/dante/DWBI/Apache/py_env/lib/python3.8/site-packages/airflow/example_dags/tutorial.py for tasks to queue
[2021-11-24 13:27:38,582] {logging_mixin.py:109} INFO - [2021-11-24 13:27:38,582] {dagbag.py:500} INFO - Filling up the DagBag from /home/dante/DWBI/Apache/py_env/lib/python3.8/site-packages/airflow/example_dags/tutorial.py
[2021-11-24 13:27:38,603] {processor.py:632} INFO - DAG(s) dict_keys(['tutorial']) retrieved from /home/dante/DWBI/Apache/py_env/lib/python3.8/site-packages/airflow/example_dags/tutorial.py
[2021-11-24 13:27:38,612] {logging_mixin.py:109} INFO - [2021-11-24 13:27:38,612] {dag.py:2389} INFO - Sync 1 DAGs
[2021-11-24 13:27:38,621] {logging_mixin.py:109} INFO - [2021-11-24 13:27:38,621] {dag.py:2921} INFO - Setting next_dagrun for tutorial to 2021-11-23T12:27:38.621306+00:00
[2021-11-24 13:27:38,632] {processor.py:171} INFO - Processing /home/dante/DWBI/Apache/py_env/lib/python3.8/site-packages/airflow/example_dags/tutorial.py took 0.063 seconds
[2021-11-24 13:28:16,425] {processor.py:163} INFO - Started process (PID=47276) to work on /home/dante/DWBI/Apache/py_env/lib/python3.8/site-packages/airflow/example_dags/tutorial.py
[2021-11-24 13:28:16,436] {processor.py:620} INFO - Processing file /home/dante/DWBI/Apache/py_env/lib/python3.8/site-packages/airflow/example_dags/tutorial.py for tasks to queue
[2021-11-24 13:28:16,437] {logging_mixin.py:109} INFO - [2021-11-24 13:28:16,437] {dagbag.py:500} INFO - Filling up the DagBag from /home/dante/DWBI/Apache/py_env/lib/python3.8/site-packages/airflow/example_dags/tutorial.py
[2021-11-24 13:28:16,468] {processor.py:632} INFO - DAG(s) dict_keys(['tutorial']) retrieved from /home/dante/DWBI/Apache/py_env/lib/python3.8/site-packages/airflow/example_dags/tutorial.py
[2021-11-24 13:28:16,474] {logging_mixin.py:109} INFO - [2021-11-24 13:28:16,474] {dag.py:2389} INFO - Sync 1 DAGs
[2021-11-24 13:28:16,483] {logging_mixin.py:109} INFO - [2021-11-24 13:28:16,483] {dag.py:2921} INFO - Setting next_dagrun for tutorial to 2021-11-23T12:28:16.482848+00:00
[2021-11-24 13:28:16,491] {processor.py:171} INFO - Processing /home/dante/DWBI/Apache/py_env/lib/python3.8/site-packages/airflow/example_dags/tutorial.py took 0.073 seconds
[2021-11-24 13:28:46,892] {processor.py:163} INFO - Started process (PID=47363) to work on /home/dante/DWBI/Apache/py_env/lib/python3.8/site-packages/airflow/example_dags/tutorial.py
[2021-11-24 13:28:46,895] {processor.py:620} INFO - Processing file /home/dante/DWBI/Apache/py_env/lib/python3.8/site-packages/airflow/example_dags/tutorial.py for tasks to queue
[2021-11-24 13:28:46,896] {logging_mixin.py:109} INFO - [2021-11-24 13:28:46,895] {dagbag.py:500} INFO - Filling up the DagBag from /home/dante/DWBI/Apache/py_env/lib/python3.8/site-packages/airflow/example_dags/tutorial.py
[2021-11-24 13:28:46,917] {processor.py:632} INFO - DAG(s) dict_keys(['tutorial']) retrieved from /home/dante/DWBI/Apache/py_env/lib/python3.8/site-packages/airflow/example_dags/tutorial.py
[2021-11-24 13:28:46,925] {logging_mixin.py:109} INFO - [2021-11-24 13:28:46,925] {dag.py:2389} INFO - Sync 1 DAGs
[2021-11-24 13:28:46,935] {logging_mixin.py:109} INFO - [2021-11-24 13:28:46,934] {dag.py:2921} INFO - Setting next_dagrun for tutorial to 2021-11-23T12:28:46.934689+00:00
[2021-11-24 13:28:46,943] {processor.py:171} INFO - Processing /home/dante/DWBI/Apache/py_env/lib/python3.8/site-packages/airflow/example_dags/tutorial.py took 0.058 seconds
[2021-11-24 13:29:23,749] {processor.py:163} INFO - Started process (PID=47426) to work on /home/dante/DWBI/Apache/py_env/lib/python3.8/site-packages/airflow/example_dags/tutorial.py
[2021-11-24 13:29:23,761] {processor.py:620} INFO - Processing file /home/dante/DWBI/Apache/py_env/lib/python3.8/site-packages/airflow/example_dags/tutorial.py for tasks to queue
[2021-11-24 13:29:23,763] {logging_mixin.py:109} INFO - [2021-11-24 13:29:23,762] {dagbag.py:500} INFO - Filling up the DagBag from /home/dante/DWBI/Apache/py_env/lib/python3.8/site-packages/airflow/example_dags/tutorial.py
[2021-11-24 13:29:23,795] {processor.py:632} INFO - DAG(s) dict_keys(['tutorial']) retrieved from /home/dante/DWBI/Apache/py_env/lib/python3.8/site-packages/airflow/example_dags/tutorial.py
[2021-11-24 13:29:23,802] {logging_mixin.py:109} INFO - [2021-11-24 13:29:23,802] {dag.py:2389} INFO - Sync 1 DAGs
[2021-11-24 13:29:23,812] {logging_mixin.py:109} INFO - [2021-11-24 13:29:23,812] {dag.py:2921} INFO - Setting next_dagrun for tutorial to 2021-11-23T12:29:23.812023+00:00
[2021-11-24 13:29:23,822] {processor.py:171} INFO - Processing /home/dante/DWBI/Apache/py_env/lib/python3.8/site-packages/airflow/example_dags/tutorial.py took 0.080 seconds
[2021-11-24 13:29:59,474] {processor.py:163} INFO - Started process (PID=47483) to work on /home/dante/DWBI/Apache/py_env/lib/python3.8/site-packages/airflow/example_dags/tutorial.py
[2021-11-24 13:29:59,483] {processor.py:620} INFO - Processing file /home/dante/DWBI/Apache/py_env/lib/python3.8/site-packages/airflow/example_dags/tutorial.py for tasks to queue
[2021-11-24 13:29:59,483] {logging_mixin.py:109} INFO - [2021-11-24 13:29:59,483] {dagbag.py:500} INFO - Filling up the DagBag from /home/dante/DWBI/Apache/py_env/lib/python3.8/site-packages/airflow/example_dags/tutorial.py
[2021-11-24 13:29:59,500] {processor.py:632} INFO - DAG(s) dict_keys(['tutorial']) retrieved from /home/dante/DWBI/Apache/py_env/lib/python3.8/site-packages/airflow/example_dags/tutorial.py
[2021-11-24 13:29:59,507] {logging_mixin.py:109} INFO - [2021-11-24 13:29:59,507] {dag.py:2389} INFO - Sync 1 DAGs
[2021-11-24 13:29:59,521] {logging_mixin.py:109} INFO - [2021-11-24 13:29:59,521] {dag.py:2921} INFO - Setting next_dagrun for tutorial to 2021-11-23T12:29:59.520792+00:00
[2021-11-24 13:29:59,538] {processor.py:171} INFO - Processing /home/dante/DWBI/Apache/py_env/lib/python3.8/site-packages/airflow/example_dags/tutorial.py took 0.065 seconds
[2021-11-24 13:30:36,127] {processor.py:163} INFO - Started process (PID=47564) to work on /home/dante/DWBI/Apache/py_env/lib/python3.8/site-packages/airflow/example_dags/tutorial.py
[2021-11-24 13:30:36,129] {processor.py:620} INFO - Processing file /home/dante/DWBI/Apache/py_env/lib/python3.8/site-packages/airflow/example_dags/tutorial.py for tasks to queue
[2021-11-24 13:30:36,129] {logging_mixin.py:109} INFO - [2021-11-24 13:30:36,129] {dagbag.py:500} INFO - Filling up the DagBag from /home/dante/DWBI/Apache/py_env/lib/python3.8/site-packages/airflow/example_dags/tutorial.py
[2021-11-24 13:30:36,145] {processor.py:632} INFO - DAG(s) dict_keys(['tutorial']) retrieved from /home/dante/DWBI/Apache/py_env/lib/python3.8/site-packages/airflow/example_dags/tutorial.py
[2021-11-24 13:30:36,151] {logging_mixin.py:109} INFO - [2021-11-24 13:30:36,151] {dag.py:2389} INFO - Sync 1 DAGs
[2021-11-24 13:30:36,160] {logging_mixin.py:109} INFO - [2021-11-24 13:30:36,160] {dag.py:2921} INFO - Setting next_dagrun for tutorial to 2021-11-23T12:30:36.160105+00:00
[2021-11-24 13:30:36,168] {processor.py:171} INFO - Processing /home/dante/DWBI/Apache/py_env/lib/python3.8/site-packages/airflow/example_dags/tutorial.py took 0.043 seconds
[2021-11-24 13:31:11,737] {processor.py:163} INFO - Started process (PID=47616) to work on /home/dante/DWBI/Apache/py_env/lib/python3.8/site-packages/airflow/example_dags/tutorial.py
[2021-11-24 13:31:11,746] {processor.py:620} INFO - Processing file /home/dante/DWBI/Apache/py_env/lib/python3.8/site-packages/airflow/example_dags/tutorial.py for tasks to queue
[2021-11-24 13:31:11,747] {logging_mixin.py:109} INFO - [2021-11-24 13:31:11,747] {dagbag.py:500} INFO - Filling up the DagBag from /home/dante/DWBI/Apache/py_env/lib/python3.8/site-packages/airflow/example_dags/tutorial.py
[2021-11-24 13:31:11,763] {processor.py:632} INFO - DAG(s) dict_keys(['tutorial']) retrieved from /home/dante/DWBI/Apache/py_env/lib/python3.8/site-packages/airflow/example_dags/tutorial.py
[2021-11-24 13:31:11,770] {logging_mixin.py:109} INFO - [2021-11-24 13:31:11,770] {dag.py:2389} INFO - Sync 1 DAGs
[2021-11-24 13:31:11,779] {logging_mixin.py:109} INFO - [2021-11-24 13:31:11,779] {dag.py:2921} INFO - Setting next_dagrun for tutorial to 2021-11-23T12:31:11.779507+00:00
[2021-11-24 13:31:11,794] {processor.py:171} INFO - Processing /home/dante/DWBI/Apache/py_env/lib/python3.8/site-packages/airflow/example_dags/tutorial.py took 0.059 seconds
[2021-11-24 13:31:45,639] {processor.py:163} INFO - Started process (PID=47733) to work on /home/dante/DWBI/Apache/py_env/lib/python3.8/site-packages/airflow/example_dags/tutorial.py
[2021-11-24 13:31:45,648] {processor.py:620} INFO - Processing file /home/dante/DWBI/Apache/py_env/lib/python3.8/site-packages/airflow/example_dags/tutorial.py for tasks to queue
[2021-11-24 13:31:45,649] {logging_mixin.py:109} INFO - [2021-11-24 13:31:45,649] {dagbag.py:500} INFO - Filling up the DagBag from /home/dante/DWBI/Apache/py_env/lib/python3.8/site-packages/airflow/example_dags/tutorial.py
[2021-11-24 13:31:45,675] {processor.py:632} INFO - DAG(s) dict_keys(['tutorial']) retrieved from /home/dante/DWBI/Apache/py_env/lib/python3.8/site-packages/airflow/example_dags/tutorial.py
[2021-11-24 13:31:45,685] {logging_mixin.py:109} INFO - [2021-11-24 13:31:45,685] {dag.py:2389} INFO - Sync 1 DAGs
[2021-11-24 13:31:45,694] {logging_mixin.py:109} INFO - [2021-11-24 13:31:45,694] {dag.py:2921} INFO - Setting next_dagrun for tutorial to 2021-11-23T12:31:45.694628+00:00
[2021-11-24 13:31:45,711] {processor.py:171} INFO - Processing /home/dante/DWBI/Apache/py_env/lib/python3.8/site-packages/airflow/example_dags/tutorial.py took 0.075 seconds
[2021-11-24 13:32:20,763] {processor.py:163} INFO - Started process (PID=48135) to work on /home/dante/DWBI/Apache/py_env/lib/python3.8/site-packages/airflow/example_dags/tutorial.py
[2021-11-24 13:32:20,765] {processor.py:620} INFO - Processing file /home/dante/DWBI/Apache/py_env/lib/python3.8/site-packages/airflow/example_dags/tutorial.py for tasks to queue
[2021-11-24 13:32:20,765] {logging_mixin.py:109} INFO - [2021-11-24 13:32:20,765] {dagbag.py:500} INFO - Filling up the DagBag from /home/dante/DWBI/Apache/py_env/lib/python3.8/site-packages/airflow/example_dags/tutorial.py
[2021-11-24 13:32:20,780] {processor.py:632} INFO - DAG(s) dict_keys(['tutorial']) retrieved from /home/dante/DWBI/Apache/py_env/lib/python3.8/site-packages/airflow/example_dags/tutorial.py
[2021-11-24 13:32:20,786] {logging_mixin.py:109} INFO - [2021-11-24 13:32:20,786] {dag.py:2389} INFO - Sync 1 DAGs
[2021-11-24 13:32:20,795] {logging_mixin.py:109} INFO - [2021-11-24 13:32:20,795] {dag.py:2921} INFO - Setting next_dagrun for tutorial to 2021-11-23T12:32:20.795052+00:00
[2021-11-24 13:32:20,803] {processor.py:171} INFO - Processing /home/dante/DWBI/Apache/py_env/lib/python3.8/site-packages/airflow/example_dags/tutorial.py took 0.041 seconds
[2021-11-24 13:32:55,801] {processor.py:163} INFO - Started process (PID=48407) to work on /home/dante/DWBI/Apache/py_env/lib/python3.8/site-packages/airflow/example_dags/tutorial.py
[2021-11-24 13:32:55,804] {processor.py:620} INFO - Processing file /home/dante/DWBI/Apache/py_env/lib/python3.8/site-packages/airflow/example_dags/tutorial.py for tasks to queue
[2021-11-24 13:32:55,806] {logging_mixin.py:109} INFO - [2021-11-24 13:32:55,806] {dagbag.py:500} INFO - Filling up the DagBag from /home/dante/DWBI/Apache/py_env/lib/python3.8/site-packages/airflow/example_dags/tutorial.py
[2021-11-24 13:32:55,836] {processor.py:632} INFO - DAG(s) dict_keys(['tutorial']) retrieved from /home/dante/DWBI/Apache/py_env/lib/python3.8/site-packages/airflow/example_dags/tutorial.py
[2021-11-24 13:32:55,845] {logging_mixin.py:109} INFO - [2021-11-24 13:32:55,845] {dag.py:2389} INFO - Sync 1 DAGs
[2021-11-24 13:32:55,857] {logging_mixin.py:109} INFO - [2021-11-24 13:32:55,857] {dag.py:2921} INFO - Setting next_dagrun for tutorial to 2021-11-23T12:32:55.857557+00:00
[2021-11-24 13:32:55,868] {processor.py:171} INFO - Processing /home/dante/DWBI/Apache/py_env/lib/python3.8/site-packages/airflow/example_dags/tutorial.py took 0.074 seconds
[2021-11-24 13:33:28,249] {processor.py:163} INFO - Started process (PID=48514) to work on /home/dante/DWBI/Apache/py_env/lib/python3.8/site-packages/airflow/example_dags/tutorial.py
[2021-11-24 13:33:28,253] {processor.py:620} INFO - Processing file /home/dante/DWBI/Apache/py_env/lib/python3.8/site-packages/airflow/example_dags/tutorial.py for tasks to queue
[2021-11-24 13:33:28,255] {logging_mixin.py:109} INFO - [2021-11-24 13:33:28,255] {dagbag.py:500} INFO - Filling up the DagBag from /home/dante/DWBI/Apache/py_env/lib/python3.8/site-packages/airflow/example_dags/tutorial.py
[2021-11-24 13:33:28,286] {processor.py:632} INFO - DAG(s) dict_keys(['tutorial']) retrieved from /home/dante/DWBI/Apache/py_env/lib/python3.8/site-packages/airflow/example_dags/tutorial.py
[2021-11-24 13:33:28,293] {logging_mixin.py:109} INFO - [2021-11-24 13:33:28,293] {dag.py:2389} INFO - Sync 1 DAGs
[2021-11-24 13:33:28,302] {logging_mixin.py:109} INFO - [2021-11-24 13:33:28,302] {dag.py:2921} INFO - Setting next_dagrun for tutorial to 2021-11-23T12:33:28.302607+00:00
[2021-11-24 13:33:28,311] {processor.py:171} INFO - Processing /home/dante/DWBI/Apache/py_env/lib/python3.8/site-packages/airflow/example_dags/tutorial.py took 0.069 seconds
[2021-11-24 13:34:05,804] {processor.py:163} INFO - Started process (PID=48646) to work on /home/dante/DWBI/Apache/py_env/lib/python3.8/site-packages/airflow/example_dags/tutorial.py
[2021-11-24 13:34:05,813] {processor.py:620} INFO - Processing file /home/dante/DWBI/Apache/py_env/lib/python3.8/site-packages/airflow/example_dags/tutorial.py for tasks to queue
[2021-11-24 13:34:05,814] {logging_mixin.py:109} INFO - [2021-11-24 13:34:05,814] {dagbag.py:500} INFO - Filling up the DagBag from /home/dante/DWBI/Apache/py_env/lib/python3.8/site-packages/airflow/example_dags/tutorial.py
[2021-11-24 13:34:05,828] {processor.py:632} INFO - DAG(s) dict_keys(['tutorial']) retrieved from /home/dante/DWBI/Apache/py_env/lib/python3.8/site-packages/airflow/example_dags/tutorial.py
[2021-11-24 13:34:05,834] {logging_mixin.py:109} INFO - [2021-11-24 13:34:05,834] {dag.py:2389} INFO - Sync 1 DAGs
[2021-11-24 13:34:05,843] {logging_mixin.py:109} INFO - [2021-11-24 13:34:05,843] {dag.py:2921} INFO - Setting next_dagrun for tutorial to 2021-11-23T12:34:05.843030+00:00
[2021-11-24 13:34:05,851] {processor.py:171} INFO - Processing /home/dante/DWBI/Apache/py_env/lib/python3.8/site-packages/airflow/example_dags/tutorial.py took 0.049 seconds
[2021-11-24 13:34:37,140] {processor.py:163} INFO - Started process (PID=48755) to work on /home/dante/DWBI/Apache/py_env/lib/python3.8/site-packages/airflow/example_dags/tutorial.py
[2021-11-24 13:34:37,144] {processor.py:620} INFO - Processing file /home/dante/DWBI/Apache/py_env/lib/python3.8/site-packages/airflow/example_dags/tutorial.py for tasks to queue
[2021-11-24 13:34:37,146] {logging_mixin.py:109} INFO - [2021-11-24 13:34:37,146] {dagbag.py:500} INFO - Filling up the DagBag from /home/dante/DWBI/Apache/py_env/lib/python3.8/site-packages/airflow/example_dags/tutorial.py
[2021-11-24 13:34:37,174] {processor.py:632} INFO - DAG(s) dict_keys(['tutorial']) retrieved from /home/dante/DWBI/Apache/py_env/lib/python3.8/site-packages/airflow/example_dags/tutorial.py
[2021-11-24 13:34:37,181] {logging_mixin.py:109} INFO - [2021-11-24 13:34:37,181] {dag.py:2389} INFO - Sync 1 DAGs
[2021-11-24 13:34:37,190] {logging_mixin.py:109} INFO - [2021-11-24 13:34:37,190] {dag.py:2921} INFO - Setting next_dagrun for tutorial to 2021-11-23T12:34:37.190289+00:00
[2021-11-24 13:34:37,199] {processor.py:171} INFO - Processing /home/dante/DWBI/Apache/py_env/lib/python3.8/site-packages/airflow/example_dags/tutorial.py took 0.066 seconds
[2021-11-24 13:35:10,317] {processor.py:163} INFO - Started process (PID=48851) to work on /home/dante/DWBI/Apache/py_env/lib/python3.8/site-packages/airflow/example_dags/tutorial.py
[2021-11-24 13:35:10,328] {processor.py:620} INFO - Processing file /home/dante/DWBI/Apache/py_env/lib/python3.8/site-packages/airflow/example_dags/tutorial.py for tasks to queue
[2021-11-24 13:35:10,329] {logging_mixin.py:109} INFO - [2021-11-24 13:35:10,329] {dagbag.py:500} INFO - Filling up the DagBag from /home/dante/DWBI/Apache/py_env/lib/python3.8/site-packages/airflow/example_dags/tutorial.py
[2021-11-24 13:35:10,353] {processor.py:632} INFO - DAG(s) dict_keys(['tutorial']) retrieved from /home/dante/DWBI/Apache/py_env/lib/python3.8/site-packages/airflow/example_dags/tutorial.py
[2021-11-24 13:35:10,361] {logging_mixin.py:109} INFO - [2021-11-24 13:35:10,361] {dag.py:2389} INFO - Sync 1 DAGs
[2021-11-24 13:35:10,372] {logging_mixin.py:109} INFO - [2021-11-24 13:35:10,372] {dag.py:2921} INFO - Setting next_dagrun for tutorial to 2021-11-23T12:35:10.371816+00:00
[2021-11-24 13:35:10,380] {processor.py:171} INFO - Processing /home/dante/DWBI/Apache/py_env/lib/python3.8/site-packages/airflow/example_dags/tutorial.py took 0.069 seconds
[2021-11-24 13:35:47,283] {processor.py:163} INFO - Started process (PID=48940) to work on /home/dante/DWBI/Apache/py_env/lib/python3.8/site-packages/airflow/example_dags/tutorial.py
[2021-11-24 13:35:47,285] {processor.py:620} INFO - Processing file /home/dante/DWBI/Apache/py_env/lib/python3.8/site-packages/airflow/example_dags/tutorial.py for tasks to queue
[2021-11-24 13:35:47,285] {logging_mixin.py:109} INFO - [2021-11-24 13:35:47,285] {dagbag.py:500} INFO - Filling up the DagBag from /home/dante/DWBI/Apache/py_env/lib/python3.8/site-packages/airflow/example_dags/tutorial.py
[2021-11-24 13:35:47,302] {processor.py:632} INFO - DAG(s) dict_keys(['tutorial']) retrieved from /home/dante/DWBI/Apache/py_env/lib/python3.8/site-packages/airflow/example_dags/tutorial.py
[2021-11-24 13:35:47,309] {logging_mixin.py:109} INFO - [2021-11-24 13:35:47,309] {dag.py:2389} INFO - Sync 1 DAGs
[2021-11-24 13:35:47,318] {logging_mixin.py:109} INFO - [2021-11-24 13:35:47,318] {dag.py:2921} INFO - Setting next_dagrun for tutorial to 2021-11-23T12:35:47.318426+00:00
[2021-11-24 13:35:47,327] {processor.py:171} INFO - Processing /home/dante/DWBI/Apache/py_env/lib/python3.8/site-packages/airflow/example_dags/tutorial.py took 0.046 seconds
[2021-11-24 13:36:18,756] {processor.py:163} INFO - Started process (PID=49029) to work on /home/dante/DWBI/Apache/py_env/lib/python3.8/site-packages/airflow/example_dags/tutorial.py
[2021-11-24 13:36:18,765] {processor.py:620} INFO - Processing file /home/dante/DWBI/Apache/py_env/lib/python3.8/site-packages/airflow/example_dags/tutorial.py for tasks to queue
[2021-11-24 13:36:18,766] {logging_mixin.py:109} INFO - [2021-11-24 13:36:18,766] {dagbag.py:500} INFO - Filling up the DagBag from /home/dante/DWBI/Apache/py_env/lib/python3.8/site-packages/airflow/example_dags/tutorial.py
[2021-11-24 13:36:18,782] {processor.py:632} INFO - DAG(s) dict_keys(['tutorial']) retrieved from /home/dante/DWBI/Apache/py_env/lib/python3.8/site-packages/airflow/example_dags/tutorial.py
[2021-11-24 13:36:18,789] {logging_mixin.py:109} INFO - [2021-11-24 13:36:18,789] {dag.py:2389} INFO - Sync 1 DAGs
[2021-11-24 13:36:18,797] {logging_mixin.py:109} INFO - [2021-11-24 13:36:18,797] {dag.py:2921} INFO - Setting next_dagrun for tutorial to 2021-11-23T12:36:18.797658+00:00
[2021-11-24 13:36:18,805] {processor.py:171} INFO - Processing /home/dante/DWBI/Apache/py_env/lib/python3.8/site-packages/airflow/example_dags/tutorial.py took 0.055 seconds
[2021-11-24 13:36:51,816] {processor.py:163} INFO - Started process (PID=49123) to work on /home/dante/DWBI/Apache/py_env/lib/python3.8/site-packages/airflow/example_dags/tutorial.py
[2021-11-24 13:36:51,825] {processor.py:620} INFO - Processing file /home/dante/DWBI/Apache/py_env/lib/python3.8/site-packages/airflow/example_dags/tutorial.py for tasks to queue
[2021-11-24 13:36:51,826] {logging_mixin.py:109} INFO - [2021-11-24 13:36:51,826] {dagbag.py:500} INFO - Filling up the DagBag from /home/dante/DWBI/Apache/py_env/lib/python3.8/site-packages/airflow/example_dags/tutorial.py
[2021-11-24 13:36:51,843] {processor.py:632} INFO - DAG(s) dict_keys(['tutorial']) retrieved from /home/dante/DWBI/Apache/py_env/lib/python3.8/site-packages/airflow/example_dags/tutorial.py
[2021-11-24 13:36:51,849] {logging_mixin.py:109} INFO - [2021-11-24 13:36:51,849] {dag.py:2389} INFO - Sync 1 DAGs
[2021-11-24 13:36:51,858] {logging_mixin.py:109} INFO - [2021-11-24 13:36:51,858] {dag.py:2921} INFO - Setting next_dagrun for tutorial to 2021-11-23T12:36:51.857816+00:00
[2021-11-24 13:36:51,879] {processor.py:171} INFO - Processing /home/dante/DWBI/Apache/py_env/lib/python3.8/site-packages/airflow/example_dags/tutorial.py took 0.066 seconds
[2021-11-24 13:37:25,161] {processor.py:163} INFO - Started process (PID=49267) to work on /home/dante/DWBI/Apache/py_env/lib/python3.8/site-packages/airflow/example_dags/tutorial.py
[2021-11-24 13:37:25,170] {processor.py:620} INFO - Processing file /home/dante/DWBI/Apache/py_env/lib/python3.8/site-packages/airflow/example_dags/tutorial.py for tasks to queue
[2021-11-24 13:37:25,170] {logging_mixin.py:109} INFO - [2021-11-24 13:37:25,170] {dagbag.py:500} INFO - Filling up the DagBag from /home/dante/DWBI/Apache/py_env/lib/python3.8/site-packages/airflow/example_dags/tutorial.py
[2021-11-24 13:37:25,187] {processor.py:632} INFO - DAG(s) dict_keys(['tutorial']) retrieved from /home/dante/DWBI/Apache/py_env/lib/python3.8/site-packages/airflow/example_dags/tutorial.py
[2021-11-24 13:37:25,194] {logging_mixin.py:109} INFO - [2021-11-24 13:37:25,193] {dag.py:2389} INFO - Sync 1 DAGs
[2021-11-24 13:37:25,203] {logging_mixin.py:109} INFO - [2021-11-24 13:37:25,203] {dag.py:2921} INFO - Setting next_dagrun for tutorial to 2021-11-23T12:37:25.202890+00:00
[2021-11-24 13:37:25,211] {processor.py:171} INFO - Processing /home/dante/DWBI/Apache/py_env/lib/python3.8/site-packages/airflow/example_dags/tutorial.py took 0.052 seconds
[2021-11-24 13:38:01,301] {processor.py:163} INFO - Started process (PID=49335) to work on /home/dante/DWBI/Apache/py_env/lib/python3.8/site-packages/airflow/example_dags/tutorial.py
[2021-11-24 13:38:01,311] {processor.py:620} INFO - Processing file /home/dante/DWBI/Apache/py_env/lib/python3.8/site-packages/airflow/example_dags/tutorial.py for tasks to queue
[2021-11-24 13:38:01,311] {logging_mixin.py:109} INFO - [2021-11-24 13:38:01,311] {dagbag.py:500} INFO - Filling up the DagBag from /home/dante/DWBI/Apache/py_env/lib/python3.8/site-packages/airflow/example_dags/tutorial.py
[2021-11-24 13:38:01,328] {processor.py:632} INFO - DAG(s) dict_keys(['tutorial']) retrieved from /home/dante/DWBI/Apache/py_env/lib/python3.8/site-packages/airflow/example_dags/tutorial.py
[2021-11-24 13:38:01,337] {logging_mixin.py:109} INFO - [2021-11-24 13:38:01,336] {dag.py:2389} INFO - Sync 1 DAGs
[2021-11-24 13:38:01,356] {logging_mixin.py:109} INFO - [2021-11-24 13:38:01,356] {dag.py:2921} INFO - Setting next_dagrun for tutorial to 2021-11-23T12:38:01.355854+00:00
[2021-11-24 13:38:01,385] {processor.py:171} INFO - Processing /home/dante/DWBI/Apache/py_env/lib/python3.8/site-packages/airflow/example_dags/tutorial.py took 0.086 seconds
[2021-11-24 13:38:35,935] {processor.py:163} INFO - Started process (PID=49415) to work on /home/dante/DWBI/Apache/py_env/lib/python3.8/site-packages/airflow/example_dags/tutorial.py
[2021-11-24 13:38:35,944] {processor.py:620} INFO - Processing file /home/dante/DWBI/Apache/py_env/lib/python3.8/site-packages/airflow/example_dags/tutorial.py for tasks to queue
[2021-11-24 13:38:35,944] {logging_mixin.py:109} INFO - [2021-11-24 13:38:35,944] {dagbag.py:500} INFO - Filling up the DagBag from /home/dante/DWBI/Apache/py_env/lib/python3.8/site-packages/airflow/example_dags/tutorial.py
[2021-11-24 13:38:35,959] {processor.py:632} INFO - DAG(s) dict_keys(['tutorial']) retrieved from /home/dante/DWBI/Apache/py_env/lib/python3.8/site-packages/airflow/example_dags/tutorial.py
[2021-11-24 13:38:35,965] {logging_mixin.py:109} INFO - [2021-11-24 13:38:35,965] {dag.py:2389} INFO - Sync 1 DAGs
[2021-11-24 13:38:35,974] {logging_mixin.py:109} INFO - [2021-11-24 13:38:35,974] {dag.py:2921} INFO - Setting next_dagrun for tutorial to 2021-11-23T12:38:35.974040+00:00
[2021-11-24 13:38:35,982] {processor.py:171} INFO - Processing /home/dante/DWBI/Apache/py_env/lib/python3.8/site-packages/airflow/example_dags/tutorial.py took 0.049 seconds
[2021-11-24 13:39:13,235] {processor.py:163} INFO - Started process (PID=49546) to work on /home/dante/DWBI/Apache/py_env/lib/python3.8/site-packages/airflow/example_dags/tutorial.py
[2021-11-24 13:39:13,237] {processor.py:620} INFO - Processing file /home/dante/DWBI/Apache/py_env/lib/python3.8/site-packages/airflow/example_dags/tutorial.py for tasks to queue
[2021-11-24 13:39:13,238] {logging_mixin.py:109} INFO - [2021-11-24 13:39:13,238] {dagbag.py:500} INFO - Filling up the DagBag from /home/dante/DWBI/Apache/py_env/lib/python3.8/site-packages/airflow/example_dags/tutorial.py
[2021-11-24 13:39:13,257] {processor.py:632} INFO - DAG(s) dict_keys(['tutorial']) retrieved from /home/dante/DWBI/Apache/py_env/lib/python3.8/site-packages/airflow/example_dags/tutorial.py
[2021-11-24 13:39:13,265] {logging_mixin.py:109} INFO - [2021-11-24 13:39:13,265] {dag.py:2389} INFO - Sync 1 DAGs
[2021-11-24 13:39:13,275] {logging_mixin.py:109} INFO - [2021-11-24 13:39:13,275] {dag.py:2921} INFO - Setting next_dagrun for tutorial to 2021-11-23T12:39:13.275077+00:00
[2021-11-24 13:39:13,283] {processor.py:171} INFO - Processing /home/dante/DWBI/Apache/py_env/lib/python3.8/site-packages/airflow/example_dags/tutorial.py took 0.050 seconds
[2021-11-24 13:39:49,535] {processor.py:163} INFO - Started process (PID=49622) to work on /home/dante/DWBI/Apache/py_env/lib/python3.8/site-packages/airflow/example_dags/tutorial.py
[2021-11-24 13:39:49,544] {processor.py:620} INFO - Processing file /home/dante/DWBI/Apache/py_env/lib/python3.8/site-packages/airflow/example_dags/tutorial.py for tasks to queue
[2021-11-24 13:39:49,544] {logging_mixin.py:109} INFO - [2021-11-24 13:39:49,544] {dagbag.py:500} INFO - Filling up the DagBag from /home/dante/DWBI/Apache/py_env/lib/python3.8/site-packages/airflow/example_dags/tutorial.py
[2021-11-24 13:39:49,561] {processor.py:632} INFO - DAG(s) dict_keys(['tutorial']) retrieved from /home/dante/DWBI/Apache/py_env/lib/python3.8/site-packages/airflow/example_dags/tutorial.py
[2021-11-24 13:39:49,570] {logging_mixin.py:109} INFO - [2021-11-24 13:39:49,570] {dag.py:2389} INFO - Sync 1 DAGs
[2021-11-24 13:39:49,590] {logging_mixin.py:109} INFO - [2021-11-24 13:39:49,590] {dag.py:2921} INFO - Setting next_dagrun for tutorial to 2021-11-23T12:39:49.590028+00:00
[2021-11-24 13:39:49,609] {processor.py:171} INFO - Processing /home/dante/DWBI/Apache/py_env/lib/python3.8/site-packages/airflow/example_dags/tutorial.py took 0.078 seconds
[2021-11-24 13:40:21,506] {processor.py:163} INFO - Started process (PID=49712) to work on /home/dante/DWBI/Apache/py_env/lib/python3.8/site-packages/airflow/example_dags/tutorial.py
[2021-11-24 13:40:21,512] {processor.py:620} INFO - Processing file /home/dante/DWBI/Apache/py_env/lib/python3.8/site-packages/airflow/example_dags/tutorial.py for tasks to queue
[2021-11-24 13:40:21,512] {logging_mixin.py:109} INFO - [2021-11-24 13:40:21,512] {dagbag.py:500} INFO - Filling up the DagBag from /home/dante/DWBI/Apache/py_env/lib/python3.8/site-packages/airflow/example_dags/tutorial.py
[2021-11-24 13:40:21,526] {processor.py:632} INFO - DAG(s) dict_keys(['tutorial']) retrieved from /home/dante/DWBI/Apache/py_env/lib/python3.8/site-packages/airflow/example_dags/tutorial.py
[2021-11-24 13:40:21,533] {logging_mixin.py:109} INFO - [2021-11-24 13:40:21,533] {dag.py:2389} INFO - Sync 1 DAGs
[2021-11-24 13:40:21,542] {logging_mixin.py:109} INFO - [2021-11-24 13:40:21,541] {dag.py:2921} INFO - Setting next_dagrun for tutorial to 2021-11-23T12:40:21.541718+00:00
[2021-11-24 13:40:21,549] {processor.py:171} INFO - Processing /home/dante/DWBI/Apache/py_env/lib/python3.8/site-packages/airflow/example_dags/tutorial.py took 0.045 seconds
[2021-11-24 13:40:53,381] {processor.py:163} INFO - Started process (PID=49767) to work on /home/dante/DWBI/Apache/py_env/lib/python3.8/site-packages/airflow/example_dags/tutorial.py
[2021-11-24 13:40:53,385] {processor.py:620} INFO - Processing file /home/dante/DWBI/Apache/py_env/lib/python3.8/site-packages/airflow/example_dags/tutorial.py for tasks to queue
[2021-11-24 13:40:53,386] {logging_mixin.py:109} INFO - [2021-11-24 13:40:53,386] {dagbag.py:500} INFO - Filling up the DagBag from /home/dante/DWBI/Apache/py_env/lib/python3.8/site-packages/airflow/example_dags/tutorial.py
[2021-11-24 13:40:53,417] {processor.py:632} INFO - DAG(s) dict_keys(['tutorial']) retrieved from /home/dante/DWBI/Apache/py_env/lib/python3.8/site-packages/airflow/example_dags/tutorial.py
[2021-11-24 13:40:53,424] {logging_mixin.py:109} INFO - [2021-11-24 13:40:53,424] {dag.py:2389} INFO - Sync 1 DAGs
[2021-11-24 13:40:53,433] {logging_mixin.py:109} INFO - [2021-11-24 13:40:53,433] {dag.py:2921} INFO - Setting next_dagrun for tutorial to 2021-11-23T12:40:53.433455+00:00
[2021-11-24 13:40:53,441] {processor.py:171} INFO - Processing /home/dante/DWBI/Apache/py_env/lib/python3.8/site-packages/airflow/example_dags/tutorial.py took 0.067 seconds
[2021-11-24 13:41:23,572] {processor.py:163} INFO - Started process (PID=49813) to work on /home/dante/DWBI/Apache/py_env/lib/python3.8/site-packages/airflow/example_dags/tutorial.py
[2021-11-24 13:41:23,582] {processor.py:620} INFO - Processing file /home/dante/DWBI/Apache/py_env/lib/python3.8/site-packages/airflow/example_dags/tutorial.py for tasks to queue
[2021-11-24 13:41:23,582] {logging_mixin.py:109} INFO - [2021-11-24 13:41:23,582] {dagbag.py:500} INFO - Filling up the DagBag from /home/dante/DWBI/Apache/py_env/lib/python3.8/site-packages/airflow/example_dags/tutorial.py
[2021-11-24 13:41:23,598] {processor.py:632} INFO - DAG(s) dict_keys(['tutorial']) retrieved from /home/dante/DWBI/Apache/py_env/lib/python3.8/site-packages/airflow/example_dags/tutorial.py
[2021-11-24 13:41:23,605] {logging_mixin.py:109} INFO - [2021-11-24 13:41:23,605] {dag.py:2389} INFO - Sync 1 DAGs
[2021-11-24 13:41:23,614] {logging_mixin.py:109} INFO - [2021-11-24 13:41:23,614] {dag.py:2921} INFO - Setting next_dagrun for tutorial to 2021-11-23T12:41:23.613853+00:00
[2021-11-24 13:41:23,645] {processor.py:171} INFO - Processing /home/dante/DWBI/Apache/py_env/lib/python3.8/site-packages/airflow/example_dags/tutorial.py took 0.075 seconds
[2021-11-24 13:41:55,719] {processor.py:163} INFO - Started process (PID=49936) to work on /home/dante/DWBI/Apache/py_env/lib/python3.8/site-packages/airflow/example_dags/tutorial.py
[2021-11-24 13:41:55,728] {processor.py:620} INFO - Processing file /home/dante/DWBI/Apache/py_env/lib/python3.8/site-packages/airflow/example_dags/tutorial.py for tasks to queue
[2021-11-24 13:41:55,728] {logging_mixin.py:109} INFO - [2021-11-24 13:41:55,728] {dagbag.py:500} INFO - Filling up the DagBag from /home/dante/DWBI/Apache/py_env/lib/python3.8/site-packages/airflow/example_dags/tutorial.py
[2021-11-24 13:41:55,749] {processor.py:632} INFO - DAG(s) dict_keys(['tutorial']) retrieved from /home/dante/DWBI/Apache/py_env/lib/python3.8/site-packages/airflow/example_dags/tutorial.py
[2021-11-24 13:41:55,757] {logging_mixin.py:109} INFO - [2021-11-24 13:41:55,757] {dag.py:2389} INFO - Sync 1 DAGs
[2021-11-24 13:41:55,766] {logging_mixin.py:109} INFO - [2021-11-24 13:41:55,766] {dag.py:2921} INFO - Setting next_dagrun for tutorial to 2021-11-23T12:41:55.766261+00:00
[2021-11-24 13:41:55,794] {processor.py:171} INFO - Processing /home/dante/DWBI/Apache/py_env/lib/python3.8/site-packages/airflow/example_dags/tutorial.py took 0.078 seconds
