[2021-11-24 13:01:36,294] {processor.py:163} INFO - Started process (PID=42579) to work on /home/dante/DWBI/Apache/py_env/lib/python3.8/site-packages/airflow/example_dags/tutorial_etl_dag.py
[2021-11-24 13:01:36,296] {processor.py:620} INFO - Processing file /home/dante/DWBI/Apache/py_env/lib/python3.8/site-packages/airflow/example_dags/tutorial_etl_dag.py for tasks to queue
[2021-11-24 13:01:36,297] {logging_mixin.py:109} INFO - [2021-11-24 13:01:36,297] {dagbag.py:500} INFO - Filling up the DagBag from /home/dante/DWBI/Apache/py_env/lib/python3.8/site-packages/airflow/example_dags/tutorial_etl_dag.py
[2021-11-24 13:01:36,335] {processor.py:632} INFO - DAG(s) dict_keys(['tutorial_etl_dag']) retrieved from /home/dante/DWBI/Apache/py_env/lib/python3.8/site-packages/airflow/example_dags/tutorial_etl_dag.py
[2021-11-24 13:01:36,354] {logging_mixin.py:109} INFO - [2021-11-24 13:01:36,354] {dag.py:2389} INFO - Sync 1 DAGs
[2021-11-24 13:01:36,405] {logging_mixin.py:109} INFO - [2021-11-24 13:01:36,404] {dag.py:2921} INFO - Setting next_dagrun for tutorial_etl_dag to None
[2021-11-24 13:01:36,453] {processor.py:171} INFO - Processing /home/dante/DWBI/Apache/py_env/lib/python3.8/site-packages/airflow/example_dags/tutorial_etl_dag.py took 0.163 seconds
[2021-11-24 13:02:14,382] {processor.py:163} INFO - Started process (PID=42725) to work on /home/dante/DWBI/Apache/py_env/lib/python3.8/site-packages/airflow/example_dags/tutorial_etl_dag.py
[2021-11-24 13:02:14,391] {processor.py:620} INFO - Processing file /home/dante/DWBI/Apache/py_env/lib/python3.8/site-packages/airflow/example_dags/tutorial_etl_dag.py for tasks to queue
[2021-11-24 13:02:14,392] {logging_mixin.py:109} INFO - [2021-11-24 13:02:14,392] {dagbag.py:500} INFO - Filling up the DagBag from /home/dante/DWBI/Apache/py_env/lib/python3.8/site-packages/airflow/example_dags/tutorial_etl_dag.py
[2021-11-24 13:02:14,412] {processor.py:632} INFO - DAG(s) dict_keys(['tutorial_etl_dag']) retrieved from /home/dante/DWBI/Apache/py_env/lib/python3.8/site-packages/airflow/example_dags/tutorial_etl_dag.py
[2021-11-24 13:02:14,421] {logging_mixin.py:109} INFO - [2021-11-24 13:02:14,421] {dag.py:2389} INFO - Sync 1 DAGs
[2021-11-24 13:02:14,431] {logging_mixin.py:109} INFO - [2021-11-24 13:02:14,431] {dag.py:2921} INFO - Setting next_dagrun for tutorial_etl_dag to None
[2021-11-24 13:02:14,440] {processor.py:171} INFO - Processing /home/dante/DWBI/Apache/py_env/lib/python3.8/site-packages/airflow/example_dags/tutorial_etl_dag.py took 0.060 seconds
[2021-11-24 13:02:52,212] {processor.py:163} INFO - Started process (PID=42777) to work on /home/dante/DWBI/Apache/py_env/lib/python3.8/site-packages/airflow/example_dags/tutorial_etl_dag.py
[2021-11-24 13:02:52,223] {processor.py:620} INFO - Processing file /home/dante/DWBI/Apache/py_env/lib/python3.8/site-packages/airflow/example_dags/tutorial_etl_dag.py for tasks to queue
[2021-11-24 13:02:52,225] {logging_mixin.py:109} INFO - [2021-11-24 13:02:52,225] {dagbag.py:500} INFO - Filling up the DagBag from /home/dante/DWBI/Apache/py_env/lib/python3.8/site-packages/airflow/example_dags/tutorial_etl_dag.py
[2021-11-24 13:02:52,263] {processor.py:632} INFO - DAG(s) dict_keys(['tutorial_etl_dag']) retrieved from /home/dante/DWBI/Apache/py_env/lib/python3.8/site-packages/airflow/example_dags/tutorial_etl_dag.py
[2021-11-24 13:02:52,271] {logging_mixin.py:109} INFO - [2021-11-24 13:02:52,271] {dag.py:2389} INFO - Sync 1 DAGs
[2021-11-24 13:02:52,283] {logging_mixin.py:109} INFO - [2021-11-24 13:02:52,282] {dag.py:2921} INFO - Setting next_dagrun for tutorial_etl_dag to None
[2021-11-24 13:02:52,307] {processor.py:171} INFO - Processing /home/dante/DWBI/Apache/py_env/lib/python3.8/site-packages/airflow/example_dags/tutorial_etl_dag.py took 0.102 seconds
[2021-11-24 13:03:28,898] {processor.py:163} INFO - Started process (PID=42891) to work on /home/dante/DWBI/Apache/py_env/lib/python3.8/site-packages/airflow/example_dags/tutorial_etl_dag.py
[2021-11-24 13:03:28,909] {processor.py:620} INFO - Processing file /home/dante/DWBI/Apache/py_env/lib/python3.8/site-packages/airflow/example_dags/tutorial_etl_dag.py for tasks to queue
[2021-11-24 13:03:28,911] {logging_mixin.py:109} INFO - [2021-11-24 13:03:28,911] {dagbag.py:500} INFO - Filling up the DagBag from /home/dante/DWBI/Apache/py_env/lib/python3.8/site-packages/airflow/example_dags/tutorial_etl_dag.py
[2021-11-24 13:03:28,941] {processor.py:632} INFO - DAG(s) dict_keys(['tutorial_etl_dag']) retrieved from /home/dante/DWBI/Apache/py_env/lib/python3.8/site-packages/airflow/example_dags/tutorial_etl_dag.py
[2021-11-24 13:03:28,950] {logging_mixin.py:109} INFO - [2021-11-24 13:03:28,950] {dag.py:2389} INFO - Sync 1 DAGs
[2021-11-24 13:03:28,959] {logging_mixin.py:109} INFO - [2021-11-24 13:03:28,959] {dag.py:2921} INFO - Setting next_dagrun for tutorial_etl_dag to None
[2021-11-24 13:03:28,968] {processor.py:171} INFO - Processing /home/dante/DWBI/Apache/py_env/lib/python3.8/site-packages/airflow/example_dags/tutorial_etl_dag.py took 0.076 seconds
[2021-11-24 13:04:05,751] {processor.py:163} INFO - Started process (PID=42950) to work on /home/dante/DWBI/Apache/py_env/lib/python3.8/site-packages/airflow/example_dags/tutorial_etl_dag.py
[2021-11-24 13:04:05,763] {processor.py:620} INFO - Processing file /home/dante/DWBI/Apache/py_env/lib/python3.8/site-packages/airflow/example_dags/tutorial_etl_dag.py for tasks to queue
[2021-11-24 13:04:05,765] {logging_mixin.py:109} INFO - [2021-11-24 13:04:05,764] {dagbag.py:500} INFO - Filling up the DagBag from /home/dante/DWBI/Apache/py_env/lib/python3.8/site-packages/airflow/example_dags/tutorial_etl_dag.py
[2021-11-24 13:04:05,795] {processor.py:632} INFO - DAG(s) dict_keys(['tutorial_etl_dag']) retrieved from /home/dante/DWBI/Apache/py_env/lib/python3.8/site-packages/airflow/example_dags/tutorial_etl_dag.py
[2021-11-24 13:04:05,801] {logging_mixin.py:109} INFO - [2021-11-24 13:04:05,801] {dag.py:2389} INFO - Sync 1 DAGs
[2021-11-24 13:04:05,810] {logging_mixin.py:109} INFO - [2021-11-24 13:04:05,810] {dag.py:2921} INFO - Setting next_dagrun for tutorial_etl_dag to None
[2021-11-24 13:04:05,819] {processor.py:171} INFO - Processing /home/dante/DWBI/Apache/py_env/lib/python3.8/site-packages/airflow/example_dags/tutorial_etl_dag.py took 0.074 seconds
[2021-11-24 13:04:41,751] {processor.py:163} INFO - Started process (PID=43113) to work on /home/dante/DWBI/Apache/py_env/lib/python3.8/site-packages/airflow/example_dags/tutorial_etl_dag.py
[2021-11-24 13:04:41,762] {processor.py:620} INFO - Processing file /home/dante/DWBI/Apache/py_env/lib/python3.8/site-packages/airflow/example_dags/tutorial_etl_dag.py for tasks to queue
[2021-11-24 13:04:41,764] {logging_mixin.py:109} INFO - [2021-11-24 13:04:41,764] {dagbag.py:500} INFO - Filling up the DagBag from /home/dante/DWBI/Apache/py_env/lib/python3.8/site-packages/airflow/example_dags/tutorial_etl_dag.py
[2021-11-24 13:04:41,801] {processor.py:632} INFO - DAG(s) dict_keys(['tutorial_etl_dag']) retrieved from /home/dante/DWBI/Apache/py_env/lib/python3.8/site-packages/airflow/example_dags/tutorial_etl_dag.py
[2021-11-24 13:04:41,809] {logging_mixin.py:109} INFO - [2021-11-24 13:04:41,809] {dag.py:2389} INFO - Sync 1 DAGs
[2021-11-24 13:04:41,819] {logging_mixin.py:109} INFO - [2021-11-24 13:04:41,819] {dag.py:2921} INFO - Setting next_dagrun for tutorial_etl_dag to None
[2021-11-24 13:04:41,842] {processor.py:171} INFO - Processing /home/dante/DWBI/Apache/py_env/lib/python3.8/site-packages/airflow/example_dags/tutorial_etl_dag.py took 0.093 seconds
[2021-11-24 13:05:17,606] {processor.py:163} INFO - Started process (PID=43213) to work on /home/dante/DWBI/Apache/py_env/lib/python3.8/site-packages/airflow/example_dags/tutorial_etl_dag.py
[2021-11-24 13:05:17,617] {processor.py:620} INFO - Processing file /home/dante/DWBI/Apache/py_env/lib/python3.8/site-packages/airflow/example_dags/tutorial_etl_dag.py for tasks to queue
[2021-11-24 13:05:17,618] {logging_mixin.py:109} INFO - [2021-11-24 13:05:17,618] {dagbag.py:500} INFO - Filling up the DagBag from /home/dante/DWBI/Apache/py_env/lib/python3.8/site-packages/airflow/example_dags/tutorial_etl_dag.py
[2021-11-24 13:05:17,649] {processor.py:632} INFO - DAG(s) dict_keys(['tutorial_etl_dag']) retrieved from /home/dante/DWBI/Apache/py_env/lib/python3.8/site-packages/airflow/example_dags/tutorial_etl_dag.py
[2021-11-24 13:05:17,656] {logging_mixin.py:109} INFO - [2021-11-24 13:05:17,656] {dag.py:2389} INFO - Sync 1 DAGs
[2021-11-24 13:05:17,665] {logging_mixin.py:109} INFO - [2021-11-24 13:05:17,665] {dag.py:2921} INFO - Setting next_dagrun for tutorial_etl_dag to None
[2021-11-24 13:05:17,672] {processor.py:171} INFO - Processing /home/dante/DWBI/Apache/py_env/lib/python3.8/site-packages/airflow/example_dags/tutorial_etl_dag.py took 0.073 seconds
[2021-11-24 13:05:51,410] {processor.py:163} INFO - Started process (PID=43269) to work on /home/dante/DWBI/Apache/py_env/lib/python3.8/site-packages/airflow/example_dags/tutorial_etl_dag.py
[2021-11-24 13:05:51,421] {processor.py:620} INFO - Processing file /home/dante/DWBI/Apache/py_env/lib/python3.8/site-packages/airflow/example_dags/tutorial_etl_dag.py for tasks to queue
[2021-11-24 13:05:51,423] {logging_mixin.py:109} INFO - [2021-11-24 13:05:51,423] {dagbag.py:500} INFO - Filling up the DagBag from /home/dante/DWBI/Apache/py_env/lib/python3.8/site-packages/airflow/example_dags/tutorial_etl_dag.py
[2021-11-24 13:05:51,459] {processor.py:632} INFO - DAG(s) dict_keys(['tutorial_etl_dag']) retrieved from /home/dante/DWBI/Apache/py_env/lib/python3.8/site-packages/airflow/example_dags/tutorial_etl_dag.py
[2021-11-24 13:05:51,466] {logging_mixin.py:109} INFO - [2021-11-24 13:05:51,465] {dag.py:2389} INFO - Sync 1 DAGs
[2021-11-24 13:05:51,475] {logging_mixin.py:109} INFO - [2021-11-24 13:05:51,474] {dag.py:2921} INFO - Setting next_dagrun for tutorial_etl_dag to None
[2021-11-24 13:05:51,485] {processor.py:171} INFO - Processing /home/dante/DWBI/Apache/py_env/lib/python3.8/site-packages/airflow/example_dags/tutorial_etl_dag.py took 0.077 seconds
[2021-11-24 13:06:30,645] {processor.py:163} INFO - Started process (PID=43327) to work on /home/dante/DWBI/Apache/py_env/lib/python3.8/site-packages/airflow/example_dags/tutorial_etl_dag.py
[2021-11-24 13:06:30,655] {processor.py:620} INFO - Processing file /home/dante/DWBI/Apache/py_env/lib/python3.8/site-packages/airflow/example_dags/tutorial_etl_dag.py for tasks to queue
[2021-11-24 13:06:30,656] {logging_mixin.py:109} INFO - [2021-11-24 13:06:30,655] {dagbag.py:500} INFO - Filling up the DagBag from /home/dante/DWBI/Apache/py_env/lib/python3.8/site-packages/airflow/example_dags/tutorial_etl_dag.py
[2021-11-24 13:06:30,677] {processor.py:632} INFO - DAG(s) dict_keys(['tutorial_etl_dag']) retrieved from /home/dante/DWBI/Apache/py_env/lib/python3.8/site-packages/airflow/example_dags/tutorial_etl_dag.py
[2021-11-24 13:06:30,686] {logging_mixin.py:109} INFO - [2021-11-24 13:06:30,686] {dag.py:2389} INFO - Sync 1 DAGs
[2021-11-24 13:06:30,695] {logging_mixin.py:109} INFO - [2021-11-24 13:06:30,695] {dag.py:2921} INFO - Setting next_dagrun for tutorial_etl_dag to None
[2021-11-24 13:06:30,713] {processor.py:171} INFO - Processing /home/dante/DWBI/Apache/py_env/lib/python3.8/site-packages/airflow/example_dags/tutorial_etl_dag.py took 0.070 seconds
[2021-11-24 13:07:03,912] {processor.py:163} INFO - Started process (PID=43402) to work on /home/dante/DWBI/Apache/py_env/lib/python3.8/site-packages/airflow/example_dags/tutorial_etl_dag.py
[2021-11-24 13:07:03,921] {processor.py:620} INFO - Processing file /home/dante/DWBI/Apache/py_env/lib/python3.8/site-packages/airflow/example_dags/tutorial_etl_dag.py for tasks to queue
[2021-11-24 13:07:03,922] {logging_mixin.py:109} INFO - [2021-11-24 13:07:03,922] {dagbag.py:500} INFO - Filling up the DagBag from /home/dante/DWBI/Apache/py_env/lib/python3.8/site-packages/airflow/example_dags/tutorial_etl_dag.py
[2021-11-24 13:07:03,941] {processor.py:632} INFO - DAG(s) dict_keys(['tutorial_etl_dag']) retrieved from /home/dante/DWBI/Apache/py_env/lib/python3.8/site-packages/airflow/example_dags/tutorial_etl_dag.py
[2021-11-24 13:07:03,948] {logging_mixin.py:109} INFO - [2021-11-24 13:07:03,948] {dag.py:2389} INFO - Sync 1 DAGs
[2021-11-24 13:07:03,958] {logging_mixin.py:109} INFO - [2021-11-24 13:07:03,958] {dag.py:2921} INFO - Setting next_dagrun for tutorial_etl_dag to None
[2021-11-24 13:07:03,966] {processor.py:171} INFO - Processing /home/dante/DWBI/Apache/py_env/lib/python3.8/site-packages/airflow/example_dags/tutorial_etl_dag.py took 0.057 seconds
[2021-11-24 13:07:41,348] {processor.py:163} INFO - Started process (PID=43451) to work on /home/dante/DWBI/Apache/py_env/lib/python3.8/site-packages/airflow/example_dags/tutorial_etl_dag.py
[2021-11-24 13:07:41,357] {processor.py:620} INFO - Processing file /home/dante/DWBI/Apache/py_env/lib/python3.8/site-packages/airflow/example_dags/tutorial_etl_dag.py for tasks to queue
[2021-11-24 13:07:41,357] {logging_mixin.py:109} INFO - [2021-11-24 13:07:41,357] {dagbag.py:500} INFO - Filling up the DagBag from /home/dante/DWBI/Apache/py_env/lib/python3.8/site-packages/airflow/example_dags/tutorial_etl_dag.py
[2021-11-24 13:07:41,371] {processor.py:632} INFO - DAG(s) dict_keys(['tutorial_etl_dag']) retrieved from /home/dante/DWBI/Apache/py_env/lib/python3.8/site-packages/airflow/example_dags/tutorial_etl_dag.py
[2021-11-24 13:07:41,378] {logging_mixin.py:109} INFO - [2021-11-24 13:07:41,378] {dag.py:2389} INFO - Sync 1 DAGs
[2021-11-24 13:07:41,389] {logging_mixin.py:109} INFO - [2021-11-24 13:07:41,389] {dag.py:2921} INFO - Setting next_dagrun for tutorial_etl_dag to None
[2021-11-24 13:07:41,400] {processor.py:171} INFO - Processing /home/dante/DWBI/Apache/py_env/lib/python3.8/site-packages/airflow/example_dags/tutorial_etl_dag.py took 0.054 seconds
[2021-11-24 13:08:18,155] {processor.py:163} INFO - Started process (PID=43520) to work on /home/dante/DWBI/Apache/py_env/lib/python3.8/site-packages/airflow/example_dags/tutorial_etl_dag.py
[2021-11-24 13:08:18,166] {processor.py:620} INFO - Processing file /home/dante/DWBI/Apache/py_env/lib/python3.8/site-packages/airflow/example_dags/tutorial_etl_dag.py for tasks to queue
[2021-11-24 13:08:18,167] {logging_mixin.py:109} INFO - [2021-11-24 13:08:18,167] {dagbag.py:500} INFO - Filling up the DagBag from /home/dante/DWBI/Apache/py_env/lib/python3.8/site-packages/airflow/example_dags/tutorial_etl_dag.py
[2021-11-24 13:08:18,190] {processor.py:632} INFO - DAG(s) dict_keys(['tutorial_etl_dag']) retrieved from /home/dante/DWBI/Apache/py_env/lib/python3.8/site-packages/airflow/example_dags/tutorial_etl_dag.py
[2021-11-24 13:08:18,199] {logging_mixin.py:109} INFO - [2021-11-24 13:08:18,199] {dag.py:2389} INFO - Sync 1 DAGs
[2021-11-24 13:08:18,208] {logging_mixin.py:109} INFO - [2021-11-24 13:08:18,208] {dag.py:2921} INFO - Setting next_dagrun for tutorial_etl_dag to None
[2021-11-24 13:08:18,216] {processor.py:171} INFO - Processing /home/dante/DWBI/Apache/py_env/lib/python3.8/site-packages/airflow/example_dags/tutorial_etl_dag.py took 0.063 seconds
[2021-11-24 13:08:52,860] {processor.py:163} INFO - Started process (PID=43579) to work on /home/dante/DWBI/Apache/py_env/lib/python3.8/site-packages/airflow/example_dags/tutorial_etl_dag.py
[2021-11-24 13:08:52,865] {processor.py:620} INFO - Processing file /home/dante/DWBI/Apache/py_env/lib/python3.8/site-packages/airflow/example_dags/tutorial_etl_dag.py for tasks to queue
[2021-11-24 13:08:52,867] {logging_mixin.py:109} INFO - [2021-11-24 13:08:52,866] {dagbag.py:500} INFO - Filling up the DagBag from /home/dante/DWBI/Apache/py_env/lib/python3.8/site-packages/airflow/example_dags/tutorial_etl_dag.py
[2021-11-24 13:08:52,898] {processor.py:632} INFO - DAG(s) dict_keys(['tutorial_etl_dag']) retrieved from /home/dante/DWBI/Apache/py_env/lib/python3.8/site-packages/airflow/example_dags/tutorial_etl_dag.py
[2021-11-24 13:08:52,906] {logging_mixin.py:109} INFO - [2021-11-24 13:08:52,906] {dag.py:2389} INFO - Sync 1 DAGs
[2021-11-24 13:08:52,917] {logging_mixin.py:109} INFO - [2021-11-24 13:08:52,916] {dag.py:2921} INFO - Setting next_dagrun for tutorial_etl_dag to None
[2021-11-24 13:08:52,925] {processor.py:171} INFO - Processing /home/dante/DWBI/Apache/py_env/lib/python3.8/site-packages/airflow/example_dags/tutorial_etl_dag.py took 0.072 seconds
[2021-11-24 13:09:24,627] {processor.py:163} INFO - Started process (PID=43628) to work on /home/dante/DWBI/Apache/py_env/lib/python3.8/site-packages/airflow/example_dags/tutorial_etl_dag.py
[2021-11-24 13:09:24,631] {processor.py:620} INFO - Processing file /home/dante/DWBI/Apache/py_env/lib/python3.8/site-packages/airflow/example_dags/tutorial_etl_dag.py for tasks to queue
[2021-11-24 13:09:24,633] {logging_mixin.py:109} INFO - [2021-11-24 13:09:24,633] {dagbag.py:500} INFO - Filling up the DagBag from /home/dante/DWBI/Apache/py_env/lib/python3.8/site-packages/airflow/example_dags/tutorial_etl_dag.py
[2021-11-24 13:09:24,672] {processor.py:632} INFO - DAG(s) dict_keys(['tutorial_etl_dag']) retrieved from /home/dante/DWBI/Apache/py_env/lib/python3.8/site-packages/airflow/example_dags/tutorial_etl_dag.py
[2021-11-24 13:09:24,682] {logging_mixin.py:109} INFO - [2021-11-24 13:09:24,681] {dag.py:2389} INFO - Sync 1 DAGs
[2021-11-24 13:09:24,695] {logging_mixin.py:109} INFO - [2021-11-24 13:09:24,695] {dag.py:2921} INFO - Setting next_dagrun for tutorial_etl_dag to None
[2021-11-24 13:09:24,706] {processor.py:171} INFO - Processing /home/dante/DWBI/Apache/py_env/lib/python3.8/site-packages/airflow/example_dags/tutorial_etl_dag.py took 0.086 seconds
[2021-11-24 13:10:00,402] {processor.py:163} INFO - Started process (PID=43813) to work on /home/dante/DWBI/Apache/py_env/lib/python3.8/site-packages/airflow/example_dags/tutorial_etl_dag.py
[2021-11-24 13:10:00,405] {processor.py:620} INFO - Processing file /home/dante/DWBI/Apache/py_env/lib/python3.8/site-packages/airflow/example_dags/tutorial_etl_dag.py for tasks to queue
[2021-11-24 13:10:00,407] {logging_mixin.py:109} INFO - [2021-11-24 13:10:00,407] {dagbag.py:500} INFO - Filling up the DagBag from /home/dante/DWBI/Apache/py_env/lib/python3.8/site-packages/airflow/example_dags/tutorial_etl_dag.py
[2021-11-24 13:10:00,434] {processor.py:632} INFO - DAG(s) dict_keys(['tutorial_etl_dag']) retrieved from /home/dante/DWBI/Apache/py_env/lib/python3.8/site-packages/airflow/example_dags/tutorial_etl_dag.py
[2021-11-24 13:10:00,440] {logging_mixin.py:109} INFO - [2021-11-24 13:10:00,440] {dag.py:2389} INFO - Sync 1 DAGs
[2021-11-24 13:10:00,449] {logging_mixin.py:109} INFO - [2021-11-24 13:10:00,449] {dag.py:2921} INFO - Setting next_dagrun for tutorial_etl_dag to None
[2021-11-24 13:10:00,456] {processor.py:171} INFO - Processing /home/dante/DWBI/Apache/py_env/lib/python3.8/site-packages/airflow/example_dags/tutorial_etl_dag.py took 0.061 seconds
[2021-11-24 13:10:34,846] {processor.py:163} INFO - Started process (PID=43998) to work on /home/dante/DWBI/Apache/py_env/lib/python3.8/site-packages/airflow/example_dags/tutorial_etl_dag.py
[2021-11-24 13:10:34,856] {processor.py:620} INFO - Processing file /home/dante/DWBI/Apache/py_env/lib/python3.8/site-packages/airflow/example_dags/tutorial_etl_dag.py for tasks to queue
[2021-11-24 13:10:34,857] {logging_mixin.py:109} INFO - [2021-11-24 13:10:34,857] {dagbag.py:500} INFO - Filling up the DagBag from /home/dante/DWBI/Apache/py_env/lib/python3.8/site-packages/airflow/example_dags/tutorial_etl_dag.py
[2021-11-24 13:10:34,884] {processor.py:632} INFO - DAG(s) dict_keys(['tutorial_etl_dag']) retrieved from /home/dante/DWBI/Apache/py_env/lib/python3.8/site-packages/airflow/example_dags/tutorial_etl_dag.py
[2021-11-24 13:10:34,898] {logging_mixin.py:109} INFO - [2021-11-24 13:10:34,898] {dag.py:2389} INFO - Sync 1 DAGs
[2021-11-24 13:10:34,916] {logging_mixin.py:109} INFO - [2021-11-24 13:10:34,916] {dag.py:2921} INFO - Setting next_dagrun for tutorial_etl_dag to None
[2021-11-24 13:10:34,931] {processor.py:171} INFO - Processing /home/dante/DWBI/Apache/py_env/lib/python3.8/site-packages/airflow/example_dags/tutorial_etl_dag.py took 0.088 seconds
[2021-11-24 13:11:07,310] {processor.py:163} INFO - Started process (PID=44131) to work on /home/dante/DWBI/Apache/py_env/lib/python3.8/site-packages/airflow/example_dags/tutorial_etl_dag.py
[2021-11-24 13:11:07,319] {processor.py:620} INFO - Processing file /home/dante/DWBI/Apache/py_env/lib/python3.8/site-packages/airflow/example_dags/tutorial_etl_dag.py for tasks to queue
[2021-11-24 13:11:07,319] {logging_mixin.py:109} INFO - [2021-11-24 13:11:07,319] {dagbag.py:500} INFO - Filling up the DagBag from /home/dante/DWBI/Apache/py_env/lib/python3.8/site-packages/airflow/example_dags/tutorial_etl_dag.py
[2021-11-24 13:11:07,339] {processor.py:632} INFO - DAG(s) dict_keys(['tutorial_etl_dag']) retrieved from /home/dante/DWBI/Apache/py_env/lib/python3.8/site-packages/airflow/example_dags/tutorial_etl_dag.py
[2021-11-24 13:11:07,345] {logging_mixin.py:109} INFO - [2021-11-24 13:11:07,345] {dag.py:2389} INFO - Sync 1 DAGs
[2021-11-24 13:11:07,354] {logging_mixin.py:109} INFO - [2021-11-24 13:11:07,354] {dag.py:2921} INFO - Setting next_dagrun for tutorial_etl_dag to None
[2021-11-24 13:11:07,384] {processor.py:171} INFO - Processing /home/dante/DWBI/Apache/py_env/lib/python3.8/site-packages/airflow/example_dags/tutorial_etl_dag.py took 0.077 seconds
[2021-11-24 13:11:38,742] {processor.py:163} INFO - Started process (PID=44237) to work on /home/dante/DWBI/Apache/py_env/lib/python3.8/site-packages/airflow/example_dags/tutorial_etl_dag.py
[2021-11-24 13:11:38,753] {processor.py:620} INFO - Processing file /home/dante/DWBI/Apache/py_env/lib/python3.8/site-packages/airflow/example_dags/tutorial_etl_dag.py for tasks to queue
[2021-11-24 13:11:38,754] {logging_mixin.py:109} INFO - [2021-11-24 13:11:38,754] {dagbag.py:500} INFO - Filling up the DagBag from /home/dante/DWBI/Apache/py_env/lib/python3.8/site-packages/airflow/example_dags/tutorial_etl_dag.py
[2021-11-24 13:11:38,790] {processor.py:632} INFO - DAG(s) dict_keys(['tutorial_etl_dag']) retrieved from /home/dante/DWBI/Apache/py_env/lib/python3.8/site-packages/airflow/example_dags/tutorial_etl_dag.py
[2021-11-24 13:11:38,798] {logging_mixin.py:109} INFO - [2021-11-24 13:11:38,798] {dag.py:2389} INFO - Sync 1 DAGs
[2021-11-24 13:11:38,807] {logging_mixin.py:109} INFO - [2021-11-24 13:11:38,807] {dag.py:2921} INFO - Setting next_dagrun for tutorial_etl_dag to None
[2021-11-24 13:11:38,822] {processor.py:171} INFO - Processing /home/dante/DWBI/Apache/py_env/lib/python3.8/site-packages/airflow/example_dags/tutorial_etl_dag.py took 0.082 seconds
[2021-11-24 13:12:10,295] {processor.py:163} INFO - Started process (PID=44294) to work on /home/dante/DWBI/Apache/py_env/lib/python3.8/site-packages/airflow/example_dags/tutorial_etl_dag.py
[2021-11-24 13:12:10,299] {processor.py:620} INFO - Processing file /home/dante/DWBI/Apache/py_env/lib/python3.8/site-packages/airflow/example_dags/tutorial_etl_dag.py for tasks to queue
[2021-11-24 13:12:10,299] {logging_mixin.py:109} INFO - [2021-11-24 13:12:10,299] {dagbag.py:500} INFO - Filling up the DagBag from /home/dante/DWBI/Apache/py_env/lib/python3.8/site-packages/airflow/example_dags/tutorial_etl_dag.py
[2021-11-24 13:12:10,324] {processor.py:632} INFO - DAG(s) dict_keys(['tutorial_etl_dag']) retrieved from /home/dante/DWBI/Apache/py_env/lib/python3.8/site-packages/airflow/example_dags/tutorial_etl_dag.py
[2021-11-24 13:12:10,332] {logging_mixin.py:109} INFO - [2021-11-24 13:12:10,332] {dag.py:2389} INFO - Sync 1 DAGs
[2021-11-24 13:12:10,342] {logging_mixin.py:109} INFO - [2021-11-24 13:12:10,342] {dag.py:2921} INFO - Setting next_dagrun for tutorial_etl_dag to None
[2021-11-24 13:12:10,351] {processor.py:171} INFO - Processing /home/dante/DWBI/Apache/py_env/lib/python3.8/site-packages/airflow/example_dags/tutorial_etl_dag.py took 0.059 seconds
[2021-11-24 13:12:42,587] {processor.py:163} INFO - Started process (PID=44336) to work on /home/dante/DWBI/Apache/py_env/lib/python3.8/site-packages/airflow/example_dags/tutorial_etl_dag.py
[2021-11-24 13:12:42,598] {processor.py:620} INFO - Processing file /home/dante/DWBI/Apache/py_env/lib/python3.8/site-packages/airflow/example_dags/tutorial_etl_dag.py for tasks to queue
[2021-11-24 13:12:42,600] {logging_mixin.py:109} INFO - [2021-11-24 13:12:42,599] {dagbag.py:500} INFO - Filling up the DagBag from /home/dante/DWBI/Apache/py_env/lib/python3.8/site-packages/airflow/example_dags/tutorial_etl_dag.py
[2021-11-24 13:12:42,630] {processor.py:632} INFO - DAG(s) dict_keys(['tutorial_etl_dag']) retrieved from /home/dante/DWBI/Apache/py_env/lib/python3.8/site-packages/airflow/example_dags/tutorial_etl_dag.py
[2021-11-24 13:12:42,638] {logging_mixin.py:109} INFO - [2021-11-24 13:12:42,638] {dag.py:2389} INFO - Sync 1 DAGs
[2021-11-24 13:12:42,646] {logging_mixin.py:109} INFO - [2021-11-24 13:12:42,646] {dag.py:2921} INFO - Setting next_dagrun for tutorial_etl_dag to None
[2021-11-24 13:12:42,668] {processor.py:171} INFO - Processing /home/dante/DWBI/Apache/py_env/lib/python3.8/site-packages/airflow/example_dags/tutorial_etl_dag.py took 0.088 seconds
[2021-11-24 13:13:20,488] {processor.py:163} INFO - Started process (PID=44485) to work on /home/dante/DWBI/Apache/py_env/lib/python3.8/site-packages/airflow/example_dags/tutorial_etl_dag.py
[2021-11-24 13:13:20,498] {processor.py:620} INFO - Processing file /home/dante/DWBI/Apache/py_env/lib/python3.8/site-packages/airflow/example_dags/tutorial_etl_dag.py for tasks to queue
[2021-11-24 13:13:20,498] {logging_mixin.py:109} INFO - [2021-11-24 13:13:20,498] {dagbag.py:500} INFO - Filling up the DagBag from /home/dante/DWBI/Apache/py_env/lib/python3.8/site-packages/airflow/example_dags/tutorial_etl_dag.py
[2021-11-24 13:13:20,515] {processor.py:632} INFO - DAG(s) dict_keys(['tutorial_etl_dag']) retrieved from /home/dante/DWBI/Apache/py_env/lib/python3.8/site-packages/airflow/example_dags/tutorial_etl_dag.py
[2021-11-24 13:13:20,522] {logging_mixin.py:109} INFO - [2021-11-24 13:13:20,522] {dag.py:2389} INFO - Sync 1 DAGs
[2021-11-24 13:13:20,532] {logging_mixin.py:109} INFO - [2021-11-24 13:13:20,532] {dag.py:2921} INFO - Setting next_dagrun for tutorial_etl_dag to None
[2021-11-24 13:13:20,541] {processor.py:171} INFO - Processing /home/dante/DWBI/Apache/py_env/lib/python3.8/site-packages/airflow/example_dags/tutorial_etl_dag.py took 0.056 seconds
[2021-11-24 13:13:52,691] {processor.py:163} INFO - Started process (PID=44547) to work on /home/dante/DWBI/Apache/py_env/lib/python3.8/site-packages/airflow/example_dags/tutorial_etl_dag.py
[2021-11-24 13:13:52,699] {processor.py:620} INFO - Processing file /home/dante/DWBI/Apache/py_env/lib/python3.8/site-packages/airflow/example_dags/tutorial_etl_dag.py for tasks to queue
[2021-11-24 13:13:52,700] {logging_mixin.py:109} INFO - [2021-11-24 13:13:52,700] {dagbag.py:500} INFO - Filling up the DagBag from /home/dante/DWBI/Apache/py_env/lib/python3.8/site-packages/airflow/example_dags/tutorial_etl_dag.py
[2021-11-24 13:13:52,735] {processor.py:632} INFO - DAG(s) dict_keys(['tutorial_etl_dag']) retrieved from /home/dante/DWBI/Apache/py_env/lib/python3.8/site-packages/airflow/example_dags/tutorial_etl_dag.py
[2021-11-24 13:13:52,743] {logging_mixin.py:109} INFO - [2021-11-24 13:13:52,743] {dag.py:2389} INFO - Sync 1 DAGs
[2021-11-24 13:13:52,752] {logging_mixin.py:109} INFO - [2021-11-24 13:13:52,752] {dag.py:2921} INFO - Setting next_dagrun for tutorial_etl_dag to None
[2021-11-24 13:13:52,762] {processor.py:171} INFO - Processing /home/dante/DWBI/Apache/py_env/lib/python3.8/site-packages/airflow/example_dags/tutorial_etl_dag.py took 0.073 seconds
[2021-11-24 13:14:24,650] {processor.py:163} INFO - Started process (PID=44596) to work on /home/dante/DWBI/Apache/py_env/lib/python3.8/site-packages/airflow/example_dags/tutorial_etl_dag.py
[2021-11-24 13:14:24,660] {processor.py:620} INFO - Processing file /home/dante/DWBI/Apache/py_env/lib/python3.8/site-packages/airflow/example_dags/tutorial_etl_dag.py for tasks to queue
[2021-11-24 13:14:24,662] {logging_mixin.py:109} INFO - [2021-11-24 13:14:24,661] {dagbag.py:500} INFO - Filling up the DagBag from /home/dante/DWBI/Apache/py_env/lib/python3.8/site-packages/airflow/example_dags/tutorial_etl_dag.py
[2021-11-24 13:14:24,697] {processor.py:632} INFO - DAG(s) dict_keys(['tutorial_etl_dag']) retrieved from /home/dante/DWBI/Apache/py_env/lib/python3.8/site-packages/airflow/example_dags/tutorial_etl_dag.py
[2021-11-24 13:14:24,715] {logging_mixin.py:109} INFO - [2021-11-24 13:14:24,715] {dag.py:2389} INFO - Sync 1 DAGs
[2021-11-24 13:14:24,741] {logging_mixin.py:109} INFO - [2021-11-24 13:14:24,741] {dag.py:2921} INFO - Setting next_dagrun for tutorial_etl_dag to None
[2021-11-24 13:14:24,763] {processor.py:171} INFO - Processing /home/dante/DWBI/Apache/py_env/lib/python3.8/site-packages/airflow/example_dags/tutorial_etl_dag.py took 0.121 seconds
[2021-11-24 13:15:02,850] {processor.py:163} INFO - Started process (PID=44747) to work on /home/dante/DWBI/Apache/py_env/lib/python3.8/site-packages/airflow/example_dags/tutorial_etl_dag.py
[2021-11-24 13:15:02,852] {processor.py:620} INFO - Processing file /home/dante/DWBI/Apache/py_env/lib/python3.8/site-packages/airflow/example_dags/tutorial_etl_dag.py for tasks to queue
[2021-11-24 13:15:02,853] {logging_mixin.py:109} INFO - [2021-11-24 13:15:02,853] {dagbag.py:500} INFO - Filling up the DagBag from /home/dante/DWBI/Apache/py_env/lib/python3.8/site-packages/airflow/example_dags/tutorial_etl_dag.py
[2021-11-24 13:15:02,870] {processor.py:632} INFO - DAG(s) dict_keys(['tutorial_etl_dag']) retrieved from /home/dante/DWBI/Apache/py_env/lib/python3.8/site-packages/airflow/example_dags/tutorial_etl_dag.py
[2021-11-24 13:15:02,877] {logging_mixin.py:109} INFO - [2021-11-24 13:15:02,877] {dag.py:2389} INFO - Sync 1 DAGs
[2021-11-24 13:15:02,886] {logging_mixin.py:109} INFO - [2021-11-24 13:15:02,886] {dag.py:2921} INFO - Setting next_dagrun for tutorial_etl_dag to None
[2021-11-24 13:15:02,895] {processor.py:171} INFO - Processing /home/dante/DWBI/Apache/py_env/lib/python3.8/site-packages/airflow/example_dags/tutorial_etl_dag.py took 0.047 seconds
[2021-11-24 13:15:34,558] {processor.py:163} INFO - Started process (PID=44813) to work on /home/dante/DWBI/Apache/py_env/lib/python3.8/site-packages/airflow/example_dags/tutorial_etl_dag.py
[2021-11-24 13:15:34,570] {processor.py:620} INFO - Processing file /home/dante/DWBI/Apache/py_env/lib/python3.8/site-packages/airflow/example_dags/tutorial_etl_dag.py for tasks to queue
[2021-11-24 13:15:34,571] {logging_mixin.py:109} INFO - [2021-11-24 13:15:34,571] {dagbag.py:500} INFO - Filling up the DagBag from /home/dante/DWBI/Apache/py_env/lib/python3.8/site-packages/airflow/example_dags/tutorial_etl_dag.py
[2021-11-24 13:15:34,603] {processor.py:632} INFO - DAG(s) dict_keys(['tutorial_etl_dag']) retrieved from /home/dante/DWBI/Apache/py_env/lib/python3.8/site-packages/airflow/example_dags/tutorial_etl_dag.py
[2021-11-24 13:15:34,610] {logging_mixin.py:109} INFO - [2021-11-24 13:15:34,610] {dag.py:2389} INFO - Sync 1 DAGs
[2021-11-24 13:15:34,619] {logging_mixin.py:109} INFO - [2021-11-24 13:15:34,619] {dag.py:2921} INFO - Setting next_dagrun for tutorial_etl_dag to None
[2021-11-24 13:15:34,628] {processor.py:171} INFO - Processing /home/dante/DWBI/Apache/py_env/lib/python3.8/site-packages/airflow/example_dags/tutorial_etl_dag.py took 0.077 seconds
[2021-11-24 13:16:08,054] {processor.py:163} INFO - Started process (PID=45316) to work on /home/dante/DWBI/Apache/py_env/lib/python3.8/site-packages/airflow/example_dags/tutorial_etl_dag.py
[2021-11-24 13:16:08,056] {processor.py:620} INFO - Processing file /home/dante/DWBI/Apache/py_env/lib/python3.8/site-packages/airflow/example_dags/tutorial_etl_dag.py for tasks to queue
[2021-11-24 13:16:08,056] {logging_mixin.py:109} INFO - [2021-11-24 13:16:08,056] {dagbag.py:500} INFO - Filling up the DagBag from /home/dante/DWBI/Apache/py_env/lib/python3.8/site-packages/airflow/example_dags/tutorial_etl_dag.py
[2021-11-24 13:16:08,071] {processor.py:632} INFO - DAG(s) dict_keys(['tutorial_etl_dag']) retrieved from /home/dante/DWBI/Apache/py_env/lib/python3.8/site-packages/airflow/example_dags/tutorial_etl_dag.py
[2021-11-24 13:16:08,077] {logging_mixin.py:109} INFO - [2021-11-24 13:16:08,077] {dag.py:2389} INFO - Sync 1 DAGs
[2021-11-24 13:16:08,087] {logging_mixin.py:109} INFO - [2021-11-24 13:16:08,087] {dag.py:2921} INFO - Setting next_dagrun for tutorial_etl_dag to None
[2021-11-24 13:16:08,096] {processor.py:171} INFO - Processing /home/dante/DWBI/Apache/py_env/lib/python3.8/site-packages/airflow/example_dags/tutorial_etl_dag.py took 0.044 seconds
[2021-11-24 13:16:39,641] {processor.py:163} INFO - Started process (PID=45408) to work on /home/dante/DWBI/Apache/py_env/lib/python3.8/site-packages/airflow/example_dags/tutorial_etl_dag.py
[2021-11-24 13:16:39,643] {processor.py:620} INFO - Processing file /home/dante/DWBI/Apache/py_env/lib/python3.8/site-packages/airflow/example_dags/tutorial_etl_dag.py for tasks to queue
[2021-11-24 13:16:39,645] {logging_mixin.py:109} INFO - [2021-11-24 13:16:39,645] {dagbag.py:500} INFO - Filling up the DagBag from /home/dante/DWBI/Apache/py_env/lib/python3.8/site-packages/airflow/example_dags/tutorial_etl_dag.py
[2021-11-24 13:16:39,673] {processor.py:632} INFO - DAG(s) dict_keys(['tutorial_etl_dag']) retrieved from /home/dante/DWBI/Apache/py_env/lib/python3.8/site-packages/airflow/example_dags/tutorial_etl_dag.py
[2021-11-24 13:16:39,680] {logging_mixin.py:109} INFO - [2021-11-24 13:16:39,680] {dag.py:2389} INFO - Sync 1 DAGs
[2021-11-24 13:16:39,689] {logging_mixin.py:109} INFO - [2021-11-24 13:16:39,689] {dag.py:2921} INFO - Setting next_dagrun for tutorial_etl_dag to None
[2021-11-24 13:16:39,706] {processor.py:171} INFO - Processing /home/dante/DWBI/Apache/py_env/lib/python3.8/site-packages/airflow/example_dags/tutorial_etl_dag.py took 0.072 seconds
[2021-11-24 13:17:15,012] {processor.py:163} INFO - Started process (PID=45547) to work on /home/dante/DWBI/Apache/py_env/lib/python3.8/site-packages/airflow/example_dags/tutorial_etl_dag.py
[2021-11-24 13:17:15,021] {processor.py:620} INFO - Processing file /home/dante/DWBI/Apache/py_env/lib/python3.8/site-packages/airflow/example_dags/tutorial_etl_dag.py for tasks to queue
[2021-11-24 13:17:15,021] {logging_mixin.py:109} INFO - [2021-11-24 13:17:15,021] {dagbag.py:500} INFO - Filling up the DagBag from /home/dante/DWBI/Apache/py_env/lib/python3.8/site-packages/airflow/example_dags/tutorial_etl_dag.py
[2021-11-24 13:17:15,035] {processor.py:632} INFO - DAG(s) dict_keys(['tutorial_etl_dag']) retrieved from /home/dante/DWBI/Apache/py_env/lib/python3.8/site-packages/airflow/example_dags/tutorial_etl_dag.py
[2021-11-24 13:17:15,041] {logging_mixin.py:109} INFO - [2021-11-24 13:17:15,041] {dag.py:2389} INFO - Sync 1 DAGs
[2021-11-24 13:17:15,050] {logging_mixin.py:109} INFO - [2021-11-24 13:17:15,050] {dag.py:2921} INFO - Setting next_dagrun for tutorial_etl_dag to None
[2021-11-24 13:17:15,063] {processor.py:171} INFO - Processing /home/dante/DWBI/Apache/py_env/lib/python3.8/site-packages/airflow/example_dags/tutorial_etl_dag.py took 0.053 seconds
[2021-11-24 13:17:52,251] {processor.py:163} INFO - Started process (PID=45595) to work on /home/dante/DWBI/Apache/py_env/lib/python3.8/site-packages/airflow/example_dags/tutorial_etl_dag.py
[2021-11-24 13:17:52,253] {processor.py:620} INFO - Processing file /home/dante/DWBI/Apache/py_env/lib/python3.8/site-packages/airflow/example_dags/tutorial_etl_dag.py for tasks to queue
[2021-11-24 13:17:52,254] {logging_mixin.py:109} INFO - [2021-11-24 13:17:52,254] {dagbag.py:500} INFO - Filling up the DagBag from /home/dante/DWBI/Apache/py_env/lib/python3.8/site-packages/airflow/example_dags/tutorial_etl_dag.py
[2021-11-24 13:17:52,278] {processor.py:632} INFO - DAG(s) dict_keys(['tutorial_etl_dag']) retrieved from /home/dante/DWBI/Apache/py_env/lib/python3.8/site-packages/airflow/example_dags/tutorial_etl_dag.py
[2021-11-24 13:17:52,287] {logging_mixin.py:109} INFO - [2021-11-24 13:17:52,287] {dag.py:2389} INFO - Sync 1 DAGs
[2021-11-24 13:17:52,296] {logging_mixin.py:109} INFO - [2021-11-24 13:17:52,296] {dag.py:2921} INFO - Setting next_dagrun for tutorial_etl_dag to None
[2021-11-24 13:17:52,303] {processor.py:171} INFO - Processing /home/dante/DWBI/Apache/py_env/lib/python3.8/site-packages/airflow/example_dags/tutorial_etl_dag.py took 0.055 seconds
[2021-11-24 13:18:24,319] {processor.py:163} INFO - Started process (PID=45645) to work on /home/dante/DWBI/Apache/py_env/lib/python3.8/site-packages/airflow/example_dags/tutorial_etl_dag.py
[2021-11-24 13:18:24,331] {processor.py:620} INFO - Processing file /home/dante/DWBI/Apache/py_env/lib/python3.8/site-packages/airflow/example_dags/tutorial_etl_dag.py for tasks to queue
[2021-11-24 13:18:24,332] {logging_mixin.py:109} INFO - [2021-11-24 13:18:24,332] {dagbag.py:500} INFO - Filling up the DagBag from /home/dante/DWBI/Apache/py_env/lib/python3.8/site-packages/airflow/example_dags/tutorial_etl_dag.py
[2021-11-24 13:18:24,368] {processor.py:632} INFO - DAG(s) dict_keys(['tutorial_etl_dag']) retrieved from /home/dante/DWBI/Apache/py_env/lib/python3.8/site-packages/airflow/example_dags/tutorial_etl_dag.py
[2021-11-24 13:18:24,375] {logging_mixin.py:109} INFO - [2021-11-24 13:18:24,375] {dag.py:2389} INFO - Sync 1 DAGs
[2021-11-24 13:18:24,384] {logging_mixin.py:109} INFO - [2021-11-24 13:18:24,384] {dag.py:2921} INFO - Setting next_dagrun for tutorial_etl_dag to None
[2021-11-24 13:18:24,392] {processor.py:171} INFO - Processing /home/dante/DWBI/Apache/py_env/lib/python3.8/site-packages/airflow/example_dags/tutorial_etl_dag.py took 0.075 seconds
[2021-11-24 13:18:56,362] {processor.py:163} INFO - Started process (PID=45707) to work on /home/dante/DWBI/Apache/py_env/lib/python3.8/site-packages/airflow/example_dags/tutorial_etl_dag.py
[2021-11-24 13:18:56,371] {processor.py:620} INFO - Processing file /home/dante/DWBI/Apache/py_env/lib/python3.8/site-packages/airflow/example_dags/tutorial_etl_dag.py for tasks to queue
[2021-11-24 13:18:56,371] {logging_mixin.py:109} INFO - [2021-11-24 13:18:56,371] {dagbag.py:500} INFO - Filling up the DagBag from /home/dante/DWBI/Apache/py_env/lib/python3.8/site-packages/airflow/example_dags/tutorial_etl_dag.py
[2021-11-24 13:18:56,395] {processor.py:632} INFO - DAG(s) dict_keys(['tutorial_etl_dag']) retrieved from /home/dante/DWBI/Apache/py_env/lib/python3.8/site-packages/airflow/example_dags/tutorial_etl_dag.py
[2021-11-24 13:18:56,405] {logging_mixin.py:109} INFO - [2021-11-24 13:18:56,405] {dag.py:2389} INFO - Sync 1 DAGs
[2021-11-24 13:18:56,415] {logging_mixin.py:109} INFO - [2021-11-24 13:18:56,415] {dag.py:2921} INFO - Setting next_dagrun for tutorial_etl_dag to None
[2021-11-24 13:18:56,442] {processor.py:171} INFO - Processing /home/dante/DWBI/Apache/py_env/lib/python3.8/site-packages/airflow/example_dags/tutorial_etl_dag.py took 0.083 seconds
[2021-11-24 13:19:34,305] {processor.py:163} INFO - Started process (PID=45761) to work on /home/dante/DWBI/Apache/py_env/lib/python3.8/site-packages/airflow/example_dags/tutorial_etl_dag.py
[2021-11-24 13:19:34,315] {processor.py:620} INFO - Processing file /home/dante/DWBI/Apache/py_env/lib/python3.8/site-packages/airflow/example_dags/tutorial_etl_dag.py for tasks to queue
[2021-11-24 13:19:34,315] {logging_mixin.py:109} INFO - [2021-11-24 13:19:34,315] {dagbag.py:500} INFO - Filling up the DagBag from /home/dante/DWBI/Apache/py_env/lib/python3.8/site-packages/airflow/example_dags/tutorial_etl_dag.py
[2021-11-24 13:19:34,337] {processor.py:632} INFO - DAG(s) dict_keys(['tutorial_etl_dag']) retrieved from /home/dante/DWBI/Apache/py_env/lib/python3.8/site-packages/airflow/example_dags/tutorial_etl_dag.py
[2021-11-24 13:19:34,346] {logging_mixin.py:109} INFO - [2021-11-24 13:19:34,346] {dag.py:2389} INFO - Sync 1 DAGs
[2021-11-24 13:19:34,355] {logging_mixin.py:109} INFO - [2021-11-24 13:19:34,355] {dag.py:2921} INFO - Setting next_dagrun for tutorial_etl_dag to None
[2021-11-24 13:19:34,373] {processor.py:171} INFO - Processing /home/dante/DWBI/Apache/py_env/lib/python3.8/site-packages/airflow/example_dags/tutorial_etl_dag.py took 0.070 seconds
[2021-11-24 13:20:08,534] {processor.py:163} INFO - Started process (PID=45808) to work on /home/dante/DWBI/Apache/py_env/lib/python3.8/site-packages/airflow/example_dags/tutorial_etl_dag.py
[2021-11-24 13:20:08,543] {processor.py:620} INFO - Processing file /home/dante/DWBI/Apache/py_env/lib/python3.8/site-packages/airflow/example_dags/tutorial_etl_dag.py for tasks to queue
[2021-11-24 13:20:08,544] {logging_mixin.py:109} INFO - [2021-11-24 13:20:08,544] {dagbag.py:500} INFO - Filling up the DagBag from /home/dante/DWBI/Apache/py_env/lib/python3.8/site-packages/airflow/example_dags/tutorial_etl_dag.py
[2021-11-24 13:20:08,570] {processor.py:632} INFO - DAG(s) dict_keys(['tutorial_etl_dag']) retrieved from /home/dante/DWBI/Apache/py_env/lib/python3.8/site-packages/airflow/example_dags/tutorial_etl_dag.py
[2021-11-24 13:20:08,580] {logging_mixin.py:109} INFO - [2021-11-24 13:20:08,579] {dag.py:2389} INFO - Sync 1 DAGs
[2021-11-24 13:20:08,589] {logging_mixin.py:109} INFO - [2021-11-24 13:20:08,589] {dag.py:2921} INFO - Setting next_dagrun for tutorial_etl_dag to None
[2021-11-24 13:20:08,596] {processor.py:171} INFO - Processing /home/dante/DWBI/Apache/py_env/lib/python3.8/site-packages/airflow/example_dags/tutorial_etl_dag.py took 0.065 seconds
[2021-11-24 13:20:41,374] {processor.py:163} INFO - Started process (PID=45853) to work on /home/dante/DWBI/Apache/py_env/lib/python3.8/site-packages/airflow/example_dags/tutorial_etl_dag.py
[2021-11-24 13:20:41,384] {processor.py:620} INFO - Processing file /home/dante/DWBI/Apache/py_env/lib/python3.8/site-packages/airflow/example_dags/tutorial_etl_dag.py for tasks to queue
[2021-11-24 13:20:41,386] {logging_mixin.py:109} INFO - [2021-11-24 13:20:41,385] {dagbag.py:500} INFO - Filling up the DagBag from /home/dante/DWBI/Apache/py_env/lib/python3.8/site-packages/airflow/example_dags/tutorial_etl_dag.py
[2021-11-24 13:20:41,421] {processor.py:632} INFO - DAG(s) dict_keys(['tutorial_etl_dag']) retrieved from /home/dante/DWBI/Apache/py_env/lib/python3.8/site-packages/airflow/example_dags/tutorial_etl_dag.py
[2021-11-24 13:20:41,429] {logging_mixin.py:109} INFO - [2021-11-24 13:20:41,429] {dag.py:2389} INFO - Sync 1 DAGs
[2021-11-24 13:20:41,438] {logging_mixin.py:109} INFO - [2021-11-24 13:20:41,438] {dag.py:2921} INFO - Setting next_dagrun for tutorial_etl_dag to None
[2021-11-24 13:20:41,466] {processor.py:171} INFO - Processing /home/dante/DWBI/Apache/py_env/lib/python3.8/site-packages/airflow/example_dags/tutorial_etl_dag.py took 0.094 seconds
[2021-11-24 13:21:14,879] {processor.py:163} INFO - Started process (PID=45909) to work on /home/dante/DWBI/Apache/py_env/lib/python3.8/site-packages/airflow/example_dags/tutorial_etl_dag.py
[2021-11-24 13:21:14,882] {processor.py:620} INFO - Processing file /home/dante/DWBI/Apache/py_env/lib/python3.8/site-packages/airflow/example_dags/tutorial_etl_dag.py for tasks to queue
[2021-11-24 13:21:14,882] {logging_mixin.py:109} INFO - [2021-11-24 13:21:14,882] {dagbag.py:500} INFO - Filling up the DagBag from /home/dante/DWBI/Apache/py_env/lib/python3.8/site-packages/airflow/example_dags/tutorial_etl_dag.py
[2021-11-24 13:21:14,904] {processor.py:632} INFO - DAG(s) dict_keys(['tutorial_etl_dag']) retrieved from /home/dante/DWBI/Apache/py_env/lib/python3.8/site-packages/airflow/example_dags/tutorial_etl_dag.py
[2021-11-24 13:21:14,913] {logging_mixin.py:109} INFO - [2021-11-24 13:21:14,913] {dag.py:2389} INFO - Sync 1 DAGs
[2021-11-24 13:21:14,922] {logging_mixin.py:109} INFO - [2021-11-24 13:21:14,922] {dag.py:2921} INFO - Setting next_dagrun for tutorial_etl_dag to None
[2021-11-24 13:21:14,929] {processor.py:171} INFO - Processing /home/dante/DWBI/Apache/py_env/lib/python3.8/site-packages/airflow/example_dags/tutorial_etl_dag.py took 0.052 seconds
[2021-11-24 13:21:49,053] {processor.py:163} INFO - Started process (PID=45996) to work on /home/dante/DWBI/Apache/py_env/lib/python3.8/site-packages/airflow/example_dags/tutorial_etl_dag.py
[2021-11-24 13:21:49,064] {processor.py:620} INFO - Processing file /home/dante/DWBI/Apache/py_env/lib/python3.8/site-packages/airflow/example_dags/tutorial_etl_dag.py for tasks to queue
[2021-11-24 13:21:49,065] {logging_mixin.py:109} INFO - [2021-11-24 13:21:49,065] {dagbag.py:500} INFO - Filling up the DagBag from /home/dante/DWBI/Apache/py_env/lib/python3.8/site-packages/airflow/example_dags/tutorial_etl_dag.py
[2021-11-24 13:21:49,101] {processor.py:632} INFO - DAG(s) dict_keys(['tutorial_etl_dag']) retrieved from /home/dante/DWBI/Apache/py_env/lib/python3.8/site-packages/airflow/example_dags/tutorial_etl_dag.py
[2021-11-24 13:21:49,109] {logging_mixin.py:109} INFO - [2021-11-24 13:21:49,109] {dag.py:2389} INFO - Sync 1 DAGs
[2021-11-24 13:21:49,118] {logging_mixin.py:109} INFO - [2021-11-24 13:21:49,118] {dag.py:2921} INFO - Setting next_dagrun for tutorial_etl_dag to None
[2021-11-24 13:21:49,131] {processor.py:171} INFO - Processing /home/dante/DWBI/Apache/py_env/lib/python3.8/site-packages/airflow/example_dags/tutorial_etl_dag.py took 0.081 seconds
[2021-11-24 13:22:26,669] {processor.py:163} INFO - Started process (PID=46062) to work on /home/dante/DWBI/Apache/py_env/lib/python3.8/site-packages/airflow/example_dags/tutorial_etl_dag.py
[2021-11-24 13:22:26,679] {processor.py:620} INFO - Processing file /home/dante/DWBI/Apache/py_env/lib/python3.8/site-packages/airflow/example_dags/tutorial_etl_dag.py for tasks to queue
[2021-11-24 13:22:26,681] {logging_mixin.py:109} INFO - [2021-11-24 13:22:26,680] {dagbag.py:500} INFO - Filling up the DagBag from /home/dante/DWBI/Apache/py_env/lib/python3.8/site-packages/airflow/example_dags/tutorial_etl_dag.py
[2021-11-24 13:22:26,704] {processor.py:632} INFO - DAG(s) dict_keys(['tutorial_etl_dag']) retrieved from /home/dante/DWBI/Apache/py_env/lib/python3.8/site-packages/airflow/example_dags/tutorial_etl_dag.py
[2021-11-24 13:22:26,711] {logging_mixin.py:109} INFO - [2021-11-24 13:22:26,711] {dag.py:2389} INFO - Sync 1 DAGs
[2021-11-24 13:22:26,720] {logging_mixin.py:109} INFO - [2021-11-24 13:22:26,720] {dag.py:2921} INFO - Setting next_dagrun for tutorial_etl_dag to None
[2021-11-24 13:22:26,733] {processor.py:171} INFO - Processing /home/dante/DWBI/Apache/py_env/lib/python3.8/site-packages/airflow/example_dags/tutorial_etl_dag.py took 0.071 seconds
[2021-11-24 13:23:00,168] {processor.py:163} INFO - Started process (PID=46433) to work on /home/dante/DWBI/Apache/py_env/lib/python3.8/site-packages/airflow/example_dags/tutorial_etl_dag.py
[2021-11-24 13:23:00,177] {processor.py:620} INFO - Processing file /home/dante/DWBI/Apache/py_env/lib/python3.8/site-packages/airflow/example_dags/tutorial_etl_dag.py for tasks to queue
[2021-11-24 13:23:00,178] {logging_mixin.py:109} INFO - [2021-11-24 13:23:00,178] {dagbag.py:500} INFO - Filling up the DagBag from /home/dante/DWBI/Apache/py_env/lib/python3.8/site-packages/airflow/example_dags/tutorial_etl_dag.py
[2021-11-24 13:23:00,194] {processor.py:632} INFO - DAG(s) dict_keys(['tutorial_etl_dag']) retrieved from /home/dante/DWBI/Apache/py_env/lib/python3.8/site-packages/airflow/example_dags/tutorial_etl_dag.py
[2021-11-24 13:23:00,202] {logging_mixin.py:109} INFO - [2021-11-24 13:23:00,202] {dag.py:2389} INFO - Sync 1 DAGs
[2021-11-24 13:23:00,212] {logging_mixin.py:109} INFO - [2021-11-24 13:23:00,212] {dag.py:2921} INFO - Setting next_dagrun for tutorial_etl_dag to None
[2021-11-24 13:23:00,231] {processor.py:171} INFO - Processing /home/dante/DWBI/Apache/py_env/lib/python3.8/site-packages/airflow/example_dags/tutorial_etl_dag.py took 0.064 seconds
[2021-11-24 13:23:33,056] {processor.py:163} INFO - Started process (PID=46493) to work on /home/dante/DWBI/Apache/py_env/lib/python3.8/site-packages/airflow/example_dags/tutorial_etl_dag.py
[2021-11-24 13:23:33,066] {processor.py:620} INFO - Processing file /home/dante/DWBI/Apache/py_env/lib/python3.8/site-packages/airflow/example_dags/tutorial_etl_dag.py for tasks to queue
[2021-11-24 13:23:33,067] {logging_mixin.py:109} INFO - [2021-11-24 13:23:33,067] {dagbag.py:500} INFO - Filling up the DagBag from /home/dante/DWBI/Apache/py_env/lib/python3.8/site-packages/airflow/example_dags/tutorial_etl_dag.py
[2021-11-24 13:23:33,089] {processor.py:632} INFO - DAG(s) dict_keys(['tutorial_etl_dag']) retrieved from /home/dante/DWBI/Apache/py_env/lib/python3.8/site-packages/airflow/example_dags/tutorial_etl_dag.py
[2021-11-24 13:23:33,097] {logging_mixin.py:109} INFO - [2021-11-24 13:23:33,097] {dag.py:2389} INFO - Sync 1 DAGs
[2021-11-24 13:23:33,107] {logging_mixin.py:109} INFO - [2021-11-24 13:23:33,106] {dag.py:2921} INFO - Setting next_dagrun for tutorial_etl_dag to None
[2021-11-24 13:23:33,114] {processor.py:171} INFO - Processing /home/dante/DWBI/Apache/py_env/lib/python3.8/site-packages/airflow/example_dags/tutorial_etl_dag.py took 0.061 seconds
[2021-11-24 13:24:03,998] {processor.py:163} INFO - Started process (PID=46552) to work on /home/dante/DWBI/Apache/py_env/lib/python3.8/site-packages/airflow/example_dags/tutorial_etl_dag.py
[2021-11-24 13:24:04,007] {processor.py:620} INFO - Processing file /home/dante/DWBI/Apache/py_env/lib/python3.8/site-packages/airflow/example_dags/tutorial_etl_dag.py for tasks to queue
[2021-11-24 13:24:04,007] {logging_mixin.py:109} INFO - [2021-11-24 13:24:04,007] {dagbag.py:500} INFO - Filling up the DagBag from /home/dante/DWBI/Apache/py_env/lib/python3.8/site-packages/airflow/example_dags/tutorial_etl_dag.py
[2021-11-24 13:24:04,020] {processor.py:632} INFO - DAG(s) dict_keys(['tutorial_etl_dag']) retrieved from /home/dante/DWBI/Apache/py_env/lib/python3.8/site-packages/airflow/example_dags/tutorial_etl_dag.py
[2021-11-24 13:24:04,026] {logging_mixin.py:109} INFO - [2021-11-24 13:24:04,026] {dag.py:2389} INFO - Sync 1 DAGs
[2021-11-24 13:24:04,034] {logging_mixin.py:109} INFO - [2021-11-24 13:24:04,034] {dag.py:2921} INFO - Setting next_dagrun for tutorial_etl_dag to None
[2021-11-24 13:24:04,052] {processor.py:171} INFO - Processing /home/dante/DWBI/Apache/py_env/lib/python3.8/site-packages/airflow/example_dags/tutorial_etl_dag.py took 0.056 seconds
[2021-11-24 13:24:38,318] {processor.py:163} INFO - Started process (PID=46714) to work on /home/dante/DWBI/Apache/py_env/lib/python3.8/site-packages/airflow/example_dags/tutorial_etl_dag.py
[2021-11-24 13:24:38,321] {processor.py:620} INFO - Processing file /home/dante/DWBI/Apache/py_env/lib/python3.8/site-packages/airflow/example_dags/tutorial_etl_dag.py for tasks to queue
[2021-11-24 13:24:38,321] {logging_mixin.py:109} INFO - [2021-11-24 13:24:38,321] {dagbag.py:500} INFO - Filling up the DagBag from /home/dante/DWBI/Apache/py_env/lib/python3.8/site-packages/airflow/example_dags/tutorial_etl_dag.py
[2021-11-24 13:24:38,338] {processor.py:632} INFO - DAG(s) dict_keys(['tutorial_etl_dag']) retrieved from /home/dante/DWBI/Apache/py_env/lib/python3.8/site-packages/airflow/example_dags/tutorial_etl_dag.py
[2021-11-24 13:24:38,346] {logging_mixin.py:109} INFO - [2021-11-24 13:24:38,346] {dag.py:2389} INFO - Sync 1 DAGs
[2021-11-24 13:24:38,357] {logging_mixin.py:109} INFO - [2021-11-24 13:24:38,357] {dag.py:2921} INFO - Setting next_dagrun for tutorial_etl_dag to None
[2021-11-24 13:24:38,365] {processor.py:171} INFO - Processing /home/dante/DWBI/Apache/py_env/lib/python3.8/site-packages/airflow/example_dags/tutorial_etl_dag.py took 0.050 seconds
[2021-11-24 13:25:14,472] {processor.py:163} INFO - Started process (PID=46795) to work on /home/dante/DWBI/Apache/py_env/lib/python3.8/site-packages/airflow/example_dags/tutorial_etl_dag.py
[2021-11-24 13:25:14,484] {processor.py:620} INFO - Processing file /home/dante/DWBI/Apache/py_env/lib/python3.8/site-packages/airflow/example_dags/tutorial_etl_dag.py for tasks to queue
[2021-11-24 13:25:14,485] {logging_mixin.py:109} INFO - [2021-11-24 13:25:14,485] {dagbag.py:500} INFO - Filling up the DagBag from /home/dante/DWBI/Apache/py_env/lib/python3.8/site-packages/airflow/example_dags/tutorial_etl_dag.py
[2021-11-24 13:25:14,517] {processor.py:632} INFO - DAG(s) dict_keys(['tutorial_etl_dag']) retrieved from /home/dante/DWBI/Apache/py_env/lib/python3.8/site-packages/airflow/example_dags/tutorial_etl_dag.py
[2021-11-24 13:25:14,524] {logging_mixin.py:109} INFO - [2021-11-24 13:25:14,524] {dag.py:2389} INFO - Sync 1 DAGs
[2021-11-24 13:25:14,534] {logging_mixin.py:109} INFO - [2021-11-24 13:25:14,534] {dag.py:2921} INFO - Setting next_dagrun for tutorial_etl_dag to None
[2021-11-24 13:25:14,541] {processor.py:171} INFO - Processing /home/dante/DWBI/Apache/py_env/lib/python3.8/site-packages/airflow/example_dags/tutorial_etl_dag.py took 0.077 seconds
[2021-11-24 13:25:51,056] {processor.py:163} INFO - Started process (PID=46849) to work on /home/dante/DWBI/Apache/py_env/lib/python3.8/site-packages/airflow/example_dags/tutorial_etl_dag.py
[2021-11-24 13:25:51,066] {processor.py:620} INFO - Processing file /home/dante/DWBI/Apache/py_env/lib/python3.8/site-packages/airflow/example_dags/tutorial_etl_dag.py for tasks to queue
[2021-11-24 13:25:51,066] {logging_mixin.py:109} INFO - [2021-11-24 13:25:51,066] {dagbag.py:500} INFO - Filling up the DagBag from /home/dante/DWBI/Apache/py_env/lib/python3.8/site-packages/airflow/example_dags/tutorial_etl_dag.py
[2021-11-24 13:25:51,083] {processor.py:632} INFO - DAG(s) dict_keys(['tutorial_etl_dag']) retrieved from /home/dante/DWBI/Apache/py_env/lib/python3.8/site-packages/airflow/example_dags/tutorial_etl_dag.py
[2021-11-24 13:25:51,091] {logging_mixin.py:109} INFO - [2021-11-24 13:25:51,091] {dag.py:2389} INFO - Sync 1 DAGs
[2021-11-24 13:25:51,101] {logging_mixin.py:109} INFO - [2021-11-24 13:25:51,101] {dag.py:2921} INFO - Setting next_dagrun for tutorial_etl_dag to None
[2021-11-24 13:25:51,114] {processor.py:171} INFO - Processing /home/dante/DWBI/Apache/py_env/lib/python3.8/site-packages/airflow/example_dags/tutorial_etl_dag.py took 0.060 seconds
[2021-11-24 13:26:26,394] {processor.py:163} INFO - Started process (PID=46925) to work on /home/dante/DWBI/Apache/py_env/lib/python3.8/site-packages/airflow/example_dags/tutorial_etl_dag.py
[2021-11-24 13:26:26,399] {processor.py:620} INFO - Processing file /home/dante/DWBI/Apache/py_env/lib/python3.8/site-packages/airflow/example_dags/tutorial_etl_dag.py for tasks to queue
[2021-11-24 13:26:26,399] {logging_mixin.py:109} INFO - [2021-11-24 13:26:26,399] {dagbag.py:500} INFO - Filling up the DagBag from /home/dante/DWBI/Apache/py_env/lib/python3.8/site-packages/airflow/example_dags/tutorial_etl_dag.py
[2021-11-24 13:26:26,413] {processor.py:632} INFO - DAG(s) dict_keys(['tutorial_etl_dag']) retrieved from /home/dante/DWBI/Apache/py_env/lib/python3.8/site-packages/airflow/example_dags/tutorial_etl_dag.py
[2021-11-24 13:26:26,420] {logging_mixin.py:109} INFO - [2021-11-24 13:26:26,420] {dag.py:2389} INFO - Sync 1 DAGs
[2021-11-24 13:26:26,429] {logging_mixin.py:109} INFO - [2021-11-24 13:26:26,429] {dag.py:2921} INFO - Setting next_dagrun for tutorial_etl_dag to None
[2021-11-24 13:26:26,436] {processor.py:171} INFO - Processing /home/dante/DWBI/Apache/py_env/lib/python3.8/site-packages/airflow/example_dags/tutorial_etl_dag.py took 0.045 seconds
[2021-11-24 13:26:57,820] {processor.py:163} INFO - Started process (PID=47049) to work on /home/dante/DWBI/Apache/py_env/lib/python3.8/site-packages/airflow/example_dags/tutorial_etl_dag.py
[2021-11-24 13:26:57,821] {processor.py:620} INFO - Processing file /home/dante/DWBI/Apache/py_env/lib/python3.8/site-packages/airflow/example_dags/tutorial_etl_dag.py for tasks to queue
[2021-11-24 13:26:57,822] {logging_mixin.py:109} INFO - [2021-11-24 13:26:57,822] {dagbag.py:500} INFO - Filling up the DagBag from /home/dante/DWBI/Apache/py_env/lib/python3.8/site-packages/airflow/example_dags/tutorial_etl_dag.py
[2021-11-24 13:26:57,837] {processor.py:632} INFO - DAG(s) dict_keys(['tutorial_etl_dag']) retrieved from /home/dante/DWBI/Apache/py_env/lib/python3.8/site-packages/airflow/example_dags/tutorial_etl_dag.py
[2021-11-24 13:26:57,844] {logging_mixin.py:109} INFO - [2021-11-24 13:26:57,844] {dag.py:2389} INFO - Sync 1 DAGs
[2021-11-24 13:26:57,854] {logging_mixin.py:109} INFO - [2021-11-24 13:26:57,854] {dag.py:2921} INFO - Setting next_dagrun for tutorial_etl_dag to None
[2021-11-24 13:26:57,874] {processor.py:171} INFO - Processing /home/dante/DWBI/Apache/py_env/lib/python3.8/site-packages/airflow/example_dags/tutorial_etl_dag.py took 0.056 seconds
[2021-11-24 13:27:30,476] {processor.py:163} INFO - Started process (PID=47098) to work on /home/dante/DWBI/Apache/py_env/lib/python3.8/site-packages/airflow/example_dags/tutorial_etl_dag.py
[2021-11-24 13:27:30,487] {processor.py:620} INFO - Processing file /home/dante/DWBI/Apache/py_env/lib/python3.8/site-packages/airflow/example_dags/tutorial_etl_dag.py for tasks to queue
[2021-11-24 13:27:30,488] {logging_mixin.py:109} INFO - [2021-11-24 13:27:30,487] {dagbag.py:500} INFO - Filling up the DagBag from /home/dante/DWBI/Apache/py_env/lib/python3.8/site-packages/airflow/example_dags/tutorial_etl_dag.py
[2021-11-24 13:27:30,509] {processor.py:632} INFO - DAG(s) dict_keys(['tutorial_etl_dag']) retrieved from /home/dante/DWBI/Apache/py_env/lib/python3.8/site-packages/airflow/example_dags/tutorial_etl_dag.py
[2021-11-24 13:27:30,517] {logging_mixin.py:109} INFO - [2021-11-24 13:27:30,517] {dag.py:2389} INFO - Sync 1 DAGs
[2021-11-24 13:27:30,526] {logging_mixin.py:109} INFO - [2021-11-24 13:27:30,526] {dag.py:2921} INFO - Setting next_dagrun for tutorial_etl_dag to None
[2021-11-24 13:27:30,557] {processor.py:171} INFO - Processing /home/dante/DWBI/Apache/py_env/lib/python3.8/site-packages/airflow/example_dags/tutorial_etl_dag.py took 0.083 seconds
[2021-11-24 13:28:08,216] {processor.py:163} INFO - Started process (PID=47231) to work on /home/dante/DWBI/Apache/py_env/lib/python3.8/site-packages/airflow/example_dags/tutorial_etl_dag.py
[2021-11-24 13:28:08,226] {processor.py:620} INFO - Processing file /home/dante/DWBI/Apache/py_env/lib/python3.8/site-packages/airflow/example_dags/tutorial_etl_dag.py for tasks to queue
[2021-11-24 13:28:08,227] {logging_mixin.py:109} INFO - [2021-11-24 13:28:08,227] {dagbag.py:500} INFO - Filling up the DagBag from /home/dante/DWBI/Apache/py_env/lib/python3.8/site-packages/airflow/example_dags/tutorial_etl_dag.py
[2021-11-24 13:28:08,256] {processor.py:632} INFO - DAG(s) dict_keys(['tutorial_etl_dag']) retrieved from /home/dante/DWBI/Apache/py_env/lib/python3.8/site-packages/airflow/example_dags/tutorial_etl_dag.py
[2021-11-24 13:28:08,264] {logging_mixin.py:109} INFO - [2021-11-24 13:28:08,264] {dag.py:2389} INFO - Sync 1 DAGs
[2021-11-24 13:28:08,273] {logging_mixin.py:109} INFO - [2021-11-24 13:28:08,273] {dag.py:2921} INFO - Setting next_dagrun for tutorial_etl_dag to None
[2021-11-24 13:28:08,295] {processor.py:171} INFO - Processing /home/dante/DWBI/Apache/py_env/lib/python3.8/site-packages/airflow/example_dags/tutorial_etl_dag.py took 0.083 seconds
[2021-11-24 13:28:40,047] {processor.py:163} INFO - Started process (PID=47322) to work on /home/dante/DWBI/Apache/py_env/lib/python3.8/site-packages/airflow/example_dags/tutorial_etl_dag.py
[2021-11-24 13:28:40,049] {processor.py:620} INFO - Processing file /home/dante/DWBI/Apache/py_env/lib/python3.8/site-packages/airflow/example_dags/tutorial_etl_dag.py for tasks to queue
[2021-11-24 13:28:40,050] {logging_mixin.py:109} INFO - [2021-11-24 13:28:40,050] {dagbag.py:500} INFO - Filling up the DagBag from /home/dante/DWBI/Apache/py_env/lib/python3.8/site-packages/airflow/example_dags/tutorial_etl_dag.py
[2021-11-24 13:28:40,070] {processor.py:632} INFO - DAG(s) dict_keys(['tutorial_etl_dag']) retrieved from /home/dante/DWBI/Apache/py_env/lib/python3.8/site-packages/airflow/example_dags/tutorial_etl_dag.py
[2021-11-24 13:28:40,077] {logging_mixin.py:109} INFO - [2021-11-24 13:28:40,077] {dag.py:2389} INFO - Sync 1 DAGs
[2021-11-24 13:28:40,087] {logging_mixin.py:109} INFO - [2021-11-24 13:28:40,087] {dag.py:2921} INFO - Setting next_dagrun for tutorial_etl_dag to None
[2021-11-24 13:28:40,095] {processor.py:171} INFO - Processing /home/dante/DWBI/Apache/py_env/lib/python3.8/site-packages/airflow/example_dags/tutorial_etl_dag.py took 0.051 seconds
[2021-11-24 13:29:16,676] {processor.py:163} INFO - Started process (PID=47419) to work on /home/dante/DWBI/Apache/py_env/lib/python3.8/site-packages/airflow/example_dags/tutorial_etl_dag.py
[2021-11-24 13:29:16,688] {processor.py:620} INFO - Processing file /home/dante/DWBI/Apache/py_env/lib/python3.8/site-packages/airflow/example_dags/tutorial_etl_dag.py for tasks to queue
[2021-11-24 13:29:16,689] {logging_mixin.py:109} INFO - [2021-11-24 13:29:16,689] {dagbag.py:500} INFO - Filling up the DagBag from /home/dante/DWBI/Apache/py_env/lib/python3.8/site-packages/airflow/example_dags/tutorial_etl_dag.py
[2021-11-24 13:29:16,706] {processor.py:632} INFO - DAG(s) dict_keys(['tutorial_etl_dag']) retrieved from /home/dante/DWBI/Apache/py_env/lib/python3.8/site-packages/airflow/example_dags/tutorial_etl_dag.py
[2021-11-24 13:29:16,713] {logging_mixin.py:109} INFO - [2021-11-24 13:29:16,713] {dag.py:2389} INFO - Sync 1 DAGs
[2021-11-24 13:29:16,722] {logging_mixin.py:109} INFO - [2021-11-24 13:29:16,722] {dag.py:2921} INFO - Setting next_dagrun for tutorial_etl_dag to None
[2021-11-24 13:29:16,737] {processor.py:171} INFO - Processing /home/dante/DWBI/Apache/py_env/lib/python3.8/site-packages/airflow/example_dags/tutorial_etl_dag.py took 0.064 seconds
[2021-11-24 13:29:52,611] {processor.py:163} INFO - Started process (PID=47476) to work on /home/dante/DWBI/Apache/py_env/lib/python3.8/site-packages/airflow/example_dags/tutorial_etl_dag.py
[2021-11-24 13:29:52,614] {processor.py:620} INFO - Processing file /home/dante/DWBI/Apache/py_env/lib/python3.8/site-packages/airflow/example_dags/tutorial_etl_dag.py for tasks to queue
[2021-11-24 13:29:52,616] {logging_mixin.py:109} INFO - [2021-11-24 13:29:52,615] {dagbag.py:500} INFO - Filling up the DagBag from /home/dante/DWBI/Apache/py_env/lib/python3.8/site-packages/airflow/example_dags/tutorial_etl_dag.py
[2021-11-24 13:29:52,644] {processor.py:632} INFO - DAG(s) dict_keys(['tutorial_etl_dag']) retrieved from /home/dante/DWBI/Apache/py_env/lib/python3.8/site-packages/airflow/example_dags/tutorial_etl_dag.py
[2021-11-24 13:29:52,650] {logging_mixin.py:109} INFO - [2021-11-24 13:29:52,650] {dag.py:2389} INFO - Sync 1 DAGs
[2021-11-24 13:29:52,659] {logging_mixin.py:109} INFO - [2021-11-24 13:29:52,659] {dag.py:2921} INFO - Setting next_dagrun for tutorial_etl_dag to None
[2021-11-24 13:29:52,667] {processor.py:171} INFO - Processing /home/dante/DWBI/Apache/py_env/lib/python3.8/site-packages/airflow/example_dags/tutorial_etl_dag.py took 0.063 seconds
[2021-11-24 13:30:28,881] {processor.py:163} INFO - Started process (PID=47556) to work on /home/dante/DWBI/Apache/py_env/lib/python3.8/site-packages/airflow/example_dags/tutorial_etl_dag.py
[2021-11-24 13:30:28,883] {processor.py:620} INFO - Processing file /home/dante/DWBI/Apache/py_env/lib/python3.8/site-packages/airflow/example_dags/tutorial_etl_dag.py for tasks to queue
[2021-11-24 13:30:28,883] {logging_mixin.py:109} INFO - [2021-11-24 13:30:28,883] {dagbag.py:500} INFO - Filling up the DagBag from /home/dante/DWBI/Apache/py_env/lib/python3.8/site-packages/airflow/example_dags/tutorial_etl_dag.py
[2021-11-24 13:30:28,900] {processor.py:632} INFO - DAG(s) dict_keys(['tutorial_etl_dag']) retrieved from /home/dante/DWBI/Apache/py_env/lib/python3.8/site-packages/airflow/example_dags/tutorial_etl_dag.py
[2021-11-24 13:30:28,908] {logging_mixin.py:109} INFO - [2021-11-24 13:30:28,907] {dag.py:2389} INFO - Sync 1 DAGs
[2021-11-24 13:30:28,918] {logging_mixin.py:109} INFO - [2021-11-24 13:30:28,918] {dag.py:2921} INFO - Setting next_dagrun for tutorial_etl_dag to None
[2021-11-24 13:30:28,926] {processor.py:171} INFO - Processing /home/dante/DWBI/Apache/py_env/lib/python3.8/site-packages/airflow/example_dags/tutorial_etl_dag.py took 0.048 seconds
[2021-11-24 13:31:05,330] {processor.py:163} INFO - Started process (PID=47608) to work on /home/dante/DWBI/Apache/py_env/lib/python3.8/site-packages/airflow/example_dags/tutorial_etl_dag.py
[2021-11-24 13:31:05,340] {processor.py:620} INFO - Processing file /home/dante/DWBI/Apache/py_env/lib/python3.8/site-packages/airflow/example_dags/tutorial_etl_dag.py for tasks to queue
[2021-11-24 13:31:05,340] {logging_mixin.py:109} INFO - [2021-11-24 13:31:05,340] {dagbag.py:500} INFO - Filling up the DagBag from /home/dante/DWBI/Apache/py_env/lib/python3.8/site-packages/airflow/example_dags/tutorial_etl_dag.py
[2021-11-24 13:31:05,362] {processor.py:632} INFO - DAG(s) dict_keys(['tutorial_etl_dag']) retrieved from /home/dante/DWBI/Apache/py_env/lib/python3.8/site-packages/airflow/example_dags/tutorial_etl_dag.py
[2021-11-24 13:31:05,370] {logging_mixin.py:109} INFO - [2021-11-24 13:31:05,370] {dag.py:2389} INFO - Sync 1 DAGs
[2021-11-24 13:31:05,379] {logging_mixin.py:109} INFO - [2021-11-24 13:31:05,379] {dag.py:2921} INFO - Setting next_dagrun for tutorial_etl_dag to None
[2021-11-24 13:31:05,396] {processor.py:171} INFO - Processing /home/dante/DWBI/Apache/py_env/lib/python3.8/site-packages/airflow/example_dags/tutorial_etl_dag.py took 0.068 seconds
[2021-11-24 13:31:38,045] {processor.py:163} INFO - Started process (PID=47707) to work on /home/dante/DWBI/Apache/py_env/lib/python3.8/site-packages/airflow/example_dags/tutorial_etl_dag.py
[2021-11-24 13:31:38,055] {processor.py:620} INFO - Processing file /home/dante/DWBI/Apache/py_env/lib/python3.8/site-packages/airflow/example_dags/tutorial_etl_dag.py for tasks to queue
[2021-11-24 13:31:38,056] {logging_mixin.py:109} INFO - [2021-11-24 13:31:38,056] {dagbag.py:500} INFO - Filling up the DagBag from /home/dante/DWBI/Apache/py_env/lib/python3.8/site-packages/airflow/example_dags/tutorial_etl_dag.py
[2021-11-24 13:31:38,089] {processor.py:632} INFO - DAG(s) dict_keys(['tutorial_etl_dag']) retrieved from /home/dante/DWBI/Apache/py_env/lib/python3.8/site-packages/airflow/example_dags/tutorial_etl_dag.py
[2021-11-24 13:31:38,097] {logging_mixin.py:109} INFO - [2021-11-24 13:31:38,097] {dag.py:2389} INFO - Sync 1 DAGs
[2021-11-24 13:31:38,106] {logging_mixin.py:109} INFO - [2021-11-24 13:31:38,106] {dag.py:2921} INFO - Setting next_dagrun for tutorial_etl_dag to None
[2021-11-24 13:31:38,119] {processor.py:171} INFO - Processing /home/dante/DWBI/Apache/py_env/lib/python3.8/site-packages/airflow/example_dags/tutorial_etl_dag.py took 0.076 seconds
[2021-11-24 13:32:14,220] {processor.py:163} INFO - Started process (PID=47999) to work on /home/dante/DWBI/Apache/py_env/lib/python3.8/site-packages/airflow/example_dags/tutorial_etl_dag.py
[2021-11-24 13:32:14,222] {processor.py:620} INFO - Processing file /home/dante/DWBI/Apache/py_env/lib/python3.8/site-packages/airflow/example_dags/tutorial_etl_dag.py for tasks to queue
[2021-11-24 13:32:14,222] {logging_mixin.py:109} INFO - [2021-11-24 13:32:14,222] {dagbag.py:500} INFO - Filling up the DagBag from /home/dante/DWBI/Apache/py_env/lib/python3.8/site-packages/airflow/example_dags/tutorial_etl_dag.py
[2021-11-24 13:32:14,241] {processor.py:632} INFO - DAG(s) dict_keys(['tutorial_etl_dag']) retrieved from /home/dante/DWBI/Apache/py_env/lib/python3.8/site-packages/airflow/example_dags/tutorial_etl_dag.py
[2021-11-24 13:32:14,249] {logging_mixin.py:109} INFO - [2021-11-24 13:32:14,249] {dag.py:2389} INFO - Sync 1 DAGs
[2021-11-24 13:32:14,259] {logging_mixin.py:109} INFO - [2021-11-24 13:32:14,259] {dag.py:2921} INFO - Setting next_dagrun for tutorial_etl_dag to None
[2021-11-24 13:32:14,267] {processor.py:171} INFO - Processing /home/dante/DWBI/Apache/py_env/lib/python3.8/site-packages/airflow/example_dags/tutorial_etl_dag.py took 0.049 seconds
[2021-11-24 13:32:44,849] {processor.py:163} INFO - Started process (PID=48289) to work on /home/dante/DWBI/Apache/py_env/lib/python3.8/site-packages/airflow/example_dags/tutorial_etl_dag.py
[2021-11-24 13:32:44,850] {processor.py:620} INFO - Processing file /home/dante/DWBI/Apache/py_env/lib/python3.8/site-packages/airflow/example_dags/tutorial_etl_dag.py for tasks to queue
[2021-11-24 13:32:44,851] {logging_mixin.py:109} INFO - [2021-11-24 13:32:44,851] {dagbag.py:500} INFO - Filling up the DagBag from /home/dante/DWBI/Apache/py_env/lib/python3.8/site-packages/airflow/example_dags/tutorial_etl_dag.py
[2021-11-24 13:32:44,866] {processor.py:632} INFO - DAG(s) dict_keys(['tutorial_etl_dag']) retrieved from /home/dante/DWBI/Apache/py_env/lib/python3.8/site-packages/airflow/example_dags/tutorial_etl_dag.py
[2021-11-24 13:32:44,874] {logging_mixin.py:109} INFO - [2021-11-24 13:32:44,873] {dag.py:2389} INFO - Sync 1 DAGs
[2021-11-24 13:32:44,883] {logging_mixin.py:109} INFO - [2021-11-24 13:32:44,883] {dag.py:2921} INFO - Setting next_dagrun for tutorial_etl_dag to None
[2021-11-24 13:32:44,893] {processor.py:171} INFO - Processing /home/dante/DWBI/Apache/py_env/lib/python3.8/site-packages/airflow/example_dags/tutorial_etl_dag.py took 0.046 seconds
[2021-11-24 13:33:20,082] {processor.py:163} INFO - Started process (PID=48504) to work on /home/dante/DWBI/Apache/py_env/lib/python3.8/site-packages/airflow/example_dags/tutorial_etl_dag.py
[2021-11-24 13:33:20,084] {processor.py:620} INFO - Processing file /home/dante/DWBI/Apache/py_env/lib/python3.8/site-packages/airflow/example_dags/tutorial_etl_dag.py for tasks to queue
[2021-11-24 13:33:20,085] {logging_mixin.py:109} INFO - [2021-11-24 13:33:20,085] {dagbag.py:500} INFO - Filling up the DagBag from /home/dante/DWBI/Apache/py_env/lib/python3.8/site-packages/airflow/example_dags/tutorial_etl_dag.py
[2021-11-24 13:33:20,100] {processor.py:632} INFO - DAG(s) dict_keys(['tutorial_etl_dag']) retrieved from /home/dante/DWBI/Apache/py_env/lib/python3.8/site-packages/airflow/example_dags/tutorial_etl_dag.py
[2021-11-24 13:33:20,107] {logging_mixin.py:109} INFO - [2021-11-24 13:33:20,107] {dag.py:2389} INFO - Sync 1 DAGs
[2021-11-24 13:33:20,116] {logging_mixin.py:109} INFO - [2021-11-24 13:33:20,116] {dag.py:2921} INFO - Setting next_dagrun for tutorial_etl_dag to None
[2021-11-24 13:33:20,123] {processor.py:171} INFO - Processing /home/dante/DWBI/Apache/py_env/lib/python3.8/site-packages/airflow/example_dags/tutorial_etl_dag.py took 0.043 seconds
[2021-11-24 13:33:57,610] {processor.py:163} INFO - Started process (PID=48638) to work on /home/dante/DWBI/Apache/py_env/lib/python3.8/site-packages/airflow/example_dags/tutorial_etl_dag.py
[2021-11-24 13:33:57,619] {processor.py:620} INFO - Processing file /home/dante/DWBI/Apache/py_env/lib/python3.8/site-packages/airflow/example_dags/tutorial_etl_dag.py for tasks to queue
[2021-11-24 13:33:57,620] {logging_mixin.py:109} INFO - [2021-11-24 13:33:57,619] {dagbag.py:500} INFO - Filling up the DagBag from /home/dante/DWBI/Apache/py_env/lib/python3.8/site-packages/airflow/example_dags/tutorial_etl_dag.py
[2021-11-24 13:33:57,635] {processor.py:632} INFO - DAG(s) dict_keys(['tutorial_etl_dag']) retrieved from /home/dante/DWBI/Apache/py_env/lib/python3.8/site-packages/airflow/example_dags/tutorial_etl_dag.py
[2021-11-24 13:33:57,642] {logging_mixin.py:109} INFO - [2021-11-24 13:33:57,642] {dag.py:2389} INFO - Sync 1 DAGs
[2021-11-24 13:33:57,651] {logging_mixin.py:109} INFO - [2021-11-24 13:33:57,651] {dag.py:2921} INFO - Setting next_dagrun for tutorial_etl_dag to None
[2021-11-24 13:33:57,671] {processor.py:171} INFO - Processing /home/dante/DWBI/Apache/py_env/lib/python3.8/site-packages/airflow/example_dags/tutorial_etl_dag.py took 0.063 seconds
[2021-11-24 13:34:29,019] {processor.py:163} INFO - Started process (PID=48737) to work on /home/dante/DWBI/Apache/py_env/lib/python3.8/site-packages/airflow/example_dags/tutorial_etl_dag.py
[2021-11-24 13:34:29,029] {processor.py:620} INFO - Processing file /home/dante/DWBI/Apache/py_env/lib/python3.8/site-packages/airflow/example_dags/tutorial_etl_dag.py for tasks to queue
[2021-11-24 13:34:29,030] {logging_mixin.py:109} INFO - [2021-11-24 13:34:29,030] {dagbag.py:500} INFO - Filling up the DagBag from /home/dante/DWBI/Apache/py_env/lib/python3.8/site-packages/airflow/example_dags/tutorial_etl_dag.py
[2021-11-24 13:34:29,066] {processor.py:632} INFO - DAG(s) dict_keys(['tutorial_etl_dag']) retrieved from /home/dante/DWBI/Apache/py_env/lib/python3.8/site-packages/airflow/example_dags/tutorial_etl_dag.py
[2021-11-24 13:34:29,074] {logging_mixin.py:109} INFO - [2021-11-24 13:34:29,074] {dag.py:2389} INFO - Sync 1 DAGs
[2021-11-24 13:34:29,086] {logging_mixin.py:109} INFO - [2021-11-24 13:34:29,086] {dag.py:2921} INFO - Setting next_dagrun for tutorial_etl_dag to None
[2021-11-24 13:34:29,106] {processor.py:171} INFO - Processing /home/dante/DWBI/Apache/py_env/lib/python3.8/site-packages/airflow/example_dags/tutorial_etl_dag.py took 0.090 seconds
[2021-11-24 13:35:01,508] {processor.py:163} INFO - Started process (PID=48834) to work on /home/dante/DWBI/Apache/py_env/lib/python3.8/site-packages/airflow/example_dags/tutorial_etl_dag.py
[2021-11-24 13:35:01,510] {processor.py:620} INFO - Processing file /home/dante/DWBI/Apache/py_env/lib/python3.8/site-packages/airflow/example_dags/tutorial_etl_dag.py for tasks to queue
[2021-11-24 13:35:01,510] {logging_mixin.py:109} INFO - [2021-11-24 13:35:01,510] {dagbag.py:500} INFO - Filling up the DagBag from /home/dante/DWBI/Apache/py_env/lib/python3.8/site-packages/airflow/example_dags/tutorial_etl_dag.py
[2021-11-24 13:35:01,524] {processor.py:632} INFO - DAG(s) dict_keys(['tutorial_etl_dag']) retrieved from /home/dante/DWBI/Apache/py_env/lib/python3.8/site-packages/airflow/example_dags/tutorial_etl_dag.py
[2021-11-24 13:35:01,530] {logging_mixin.py:109} INFO - [2021-11-24 13:35:01,530] {dag.py:2389} INFO - Sync 1 DAGs
[2021-11-24 13:35:01,539] {logging_mixin.py:109} INFO - [2021-11-24 13:35:01,539] {dag.py:2921} INFO - Setting next_dagrun for tutorial_etl_dag to None
[2021-11-24 13:35:01,547] {processor.py:171} INFO - Processing /home/dante/DWBI/Apache/py_env/lib/python3.8/site-packages/airflow/example_dags/tutorial_etl_dag.py took 0.042 seconds
[2021-11-24 13:35:31,881] {processor.py:163} INFO - Started process (PID=48921) to work on /home/dante/DWBI/Apache/py_env/lib/python3.8/site-packages/airflow/example_dags/tutorial_etl_dag.py
[2021-11-24 13:35:31,885] {processor.py:620} INFO - Processing file /home/dante/DWBI/Apache/py_env/lib/python3.8/site-packages/airflow/example_dags/tutorial_etl_dag.py for tasks to queue
[2021-11-24 13:35:31,886] {logging_mixin.py:109} INFO - [2021-11-24 13:35:31,886] {dagbag.py:500} INFO - Filling up the DagBag from /home/dante/DWBI/Apache/py_env/lib/python3.8/site-packages/airflow/example_dags/tutorial_etl_dag.py
[2021-11-24 13:35:31,918] {processor.py:632} INFO - DAG(s) dict_keys(['tutorial_etl_dag']) retrieved from /home/dante/DWBI/Apache/py_env/lib/python3.8/site-packages/airflow/example_dags/tutorial_etl_dag.py
[2021-11-24 13:35:31,928] {logging_mixin.py:109} INFO - [2021-11-24 13:35:31,927] {dag.py:2389} INFO - Sync 1 DAGs
[2021-11-24 13:35:31,940] {logging_mixin.py:109} INFO - [2021-11-24 13:35:31,940] {dag.py:2921} INFO - Setting next_dagrun for tutorial_etl_dag to None
[2021-11-24 13:35:31,947] {processor.py:171} INFO - Processing /home/dante/DWBI/Apache/py_env/lib/python3.8/site-packages/airflow/example_dags/tutorial_etl_dag.py took 0.072 seconds
[2021-11-24 13:36:04,129] {processor.py:163} INFO - Started process (PID=48972) to work on /home/dante/DWBI/Apache/py_env/lib/python3.8/site-packages/airflow/example_dags/tutorial_etl_dag.py
[2021-11-24 13:36:04,130] {processor.py:620} INFO - Processing file /home/dante/DWBI/Apache/py_env/lib/python3.8/site-packages/airflow/example_dags/tutorial_etl_dag.py for tasks to queue
[2021-11-24 13:36:04,131] {logging_mixin.py:109} INFO - [2021-11-24 13:36:04,131] {dagbag.py:500} INFO - Filling up the DagBag from /home/dante/DWBI/Apache/py_env/lib/python3.8/site-packages/airflow/example_dags/tutorial_etl_dag.py
[2021-11-24 13:36:04,144] {processor.py:632} INFO - DAG(s) dict_keys(['tutorial_etl_dag']) retrieved from /home/dante/DWBI/Apache/py_env/lib/python3.8/site-packages/airflow/example_dags/tutorial_etl_dag.py
[2021-11-24 13:36:04,150] {logging_mixin.py:109} INFO - [2021-11-24 13:36:04,150] {dag.py:2389} INFO - Sync 1 DAGs
[2021-11-24 13:36:04,158] {logging_mixin.py:109} INFO - [2021-11-24 13:36:04,158] {dag.py:2921} INFO - Setting next_dagrun for tutorial_etl_dag to None
[2021-11-24 13:36:04,167] {processor.py:171} INFO - Processing /home/dante/DWBI/Apache/py_env/lib/python3.8/site-packages/airflow/example_dags/tutorial_etl_dag.py took 0.040 seconds
[2021-11-24 13:36:36,437] {processor.py:163} INFO - Started process (PID=49063) to work on /home/dante/DWBI/Apache/py_env/lib/python3.8/site-packages/airflow/example_dags/tutorial_etl_dag.py
[2021-11-24 13:36:36,447] {processor.py:620} INFO - Processing file /home/dante/DWBI/Apache/py_env/lib/python3.8/site-packages/airflow/example_dags/tutorial_etl_dag.py for tasks to queue
[2021-11-24 13:36:36,447] {logging_mixin.py:109} INFO - [2021-11-24 13:36:36,447] {dagbag.py:500} INFO - Filling up the DagBag from /home/dante/DWBI/Apache/py_env/lib/python3.8/site-packages/airflow/example_dags/tutorial_etl_dag.py
[2021-11-24 13:36:36,465] {processor.py:632} INFO - DAG(s) dict_keys(['tutorial_etl_dag']) retrieved from /home/dante/DWBI/Apache/py_env/lib/python3.8/site-packages/airflow/example_dags/tutorial_etl_dag.py
[2021-11-24 13:36:36,473] {logging_mixin.py:109} INFO - [2021-11-24 13:36:36,472] {dag.py:2389} INFO - Sync 1 DAGs
[2021-11-24 13:36:36,482] {logging_mixin.py:109} INFO - [2021-11-24 13:36:36,481] {dag.py:2921} INFO - Setting next_dagrun for tutorial_etl_dag to None
[2021-11-24 13:36:36,489] {processor.py:171} INFO - Processing /home/dante/DWBI/Apache/py_env/lib/python3.8/site-packages/airflow/example_dags/tutorial_etl_dag.py took 0.060 seconds
[2021-11-24 13:37:11,014] {processor.py:163} INFO - Started process (PID=49179) to work on /home/dante/DWBI/Apache/py_env/lib/python3.8/site-packages/airflow/example_dags/tutorial_etl_dag.py
[2021-11-24 13:37:11,016] {processor.py:620} INFO - Processing file /home/dante/DWBI/Apache/py_env/lib/python3.8/site-packages/airflow/example_dags/tutorial_etl_dag.py for tasks to queue
[2021-11-24 13:37:11,016] {logging_mixin.py:109} INFO - [2021-11-24 13:37:11,016] {dagbag.py:500} INFO - Filling up the DagBag from /home/dante/DWBI/Apache/py_env/lib/python3.8/site-packages/airflow/example_dags/tutorial_etl_dag.py
[2021-11-24 13:37:11,031] {processor.py:632} INFO - DAG(s) dict_keys(['tutorial_etl_dag']) retrieved from /home/dante/DWBI/Apache/py_env/lib/python3.8/site-packages/airflow/example_dags/tutorial_etl_dag.py
[2021-11-24 13:37:11,038] {logging_mixin.py:109} INFO - [2021-11-24 13:37:11,038] {dag.py:2389} INFO - Sync 1 DAGs
[2021-11-24 13:37:11,046] {logging_mixin.py:109} INFO - [2021-11-24 13:37:11,046] {dag.py:2921} INFO - Setting next_dagrun for tutorial_etl_dag to None
[2021-11-24 13:37:11,053] {processor.py:171} INFO - Processing /home/dante/DWBI/Apache/py_env/lib/python3.8/site-packages/airflow/example_dags/tutorial_etl_dag.py took 0.042 seconds
[2021-11-24 13:37:47,738] {processor.py:163} INFO - Started process (PID=49319) to work on /home/dante/DWBI/Apache/py_env/lib/python3.8/site-packages/airflow/example_dags/tutorial_etl_dag.py
[2021-11-24 13:37:47,749] {processor.py:620} INFO - Processing file /home/dante/DWBI/Apache/py_env/lib/python3.8/site-packages/airflow/example_dags/tutorial_etl_dag.py for tasks to queue
[2021-11-24 13:37:47,750] {logging_mixin.py:109} INFO - [2021-11-24 13:37:47,750] {dagbag.py:500} INFO - Filling up the DagBag from /home/dante/DWBI/Apache/py_env/lib/python3.8/site-packages/airflow/example_dags/tutorial_etl_dag.py
[2021-11-24 13:37:47,788] {processor.py:632} INFO - DAG(s) dict_keys(['tutorial_etl_dag']) retrieved from /home/dante/DWBI/Apache/py_env/lib/python3.8/site-packages/airflow/example_dags/tutorial_etl_dag.py
[2021-11-24 13:37:47,796] {logging_mixin.py:109} INFO - [2021-11-24 13:37:47,796] {dag.py:2389} INFO - Sync 1 DAGs
[2021-11-24 13:37:47,805] {logging_mixin.py:109} INFO - [2021-11-24 13:37:47,804] {dag.py:2921} INFO - Setting next_dagrun for tutorial_etl_dag to None
[2021-11-24 13:37:47,826] {processor.py:171} INFO - Processing /home/dante/DWBI/Apache/py_env/lib/python3.8/site-packages/airflow/example_dags/tutorial_etl_dag.py took 0.091 seconds
[2021-11-24 13:38:20,021] {processor.py:163} INFO - Started process (PID=49396) to work on /home/dante/DWBI/Apache/py_env/lib/python3.8/site-packages/airflow/example_dags/tutorial_etl_dag.py
[2021-11-24 13:38:20,023] {processor.py:620} INFO - Processing file /home/dante/DWBI/Apache/py_env/lib/python3.8/site-packages/airflow/example_dags/tutorial_etl_dag.py for tasks to queue
[2021-11-24 13:38:20,023] {logging_mixin.py:109} INFO - [2021-11-24 13:38:20,023] {dagbag.py:500} INFO - Filling up the DagBag from /home/dante/DWBI/Apache/py_env/lib/python3.8/site-packages/airflow/example_dags/tutorial_etl_dag.py
[2021-11-24 13:38:20,042] {processor.py:632} INFO - DAG(s) dict_keys(['tutorial_etl_dag']) retrieved from /home/dante/DWBI/Apache/py_env/lib/python3.8/site-packages/airflow/example_dags/tutorial_etl_dag.py
[2021-11-24 13:38:20,050] {logging_mixin.py:109} INFO - [2021-11-24 13:38:20,050] {dag.py:2389} INFO - Sync 1 DAGs
[2021-11-24 13:38:20,059] {logging_mixin.py:109} INFO - [2021-11-24 13:38:20,059] {dag.py:2921} INFO - Setting next_dagrun for tutorial_etl_dag to None
[2021-11-24 13:38:20,067] {processor.py:171} INFO - Processing /home/dante/DWBI/Apache/py_env/lib/python3.8/site-packages/airflow/example_dags/tutorial_etl_dag.py took 0.048 seconds
[2021-11-24 13:38:56,595] {processor.py:163} INFO - Started process (PID=49453) to work on /home/dante/DWBI/Apache/py_env/lib/python3.8/site-packages/airflow/example_dags/tutorial_etl_dag.py
[2021-11-24 13:38:56,606] {processor.py:620} INFO - Processing file /home/dante/DWBI/Apache/py_env/lib/python3.8/site-packages/airflow/example_dags/tutorial_etl_dag.py for tasks to queue
[2021-11-24 13:38:56,608] {logging_mixin.py:109} INFO - [2021-11-24 13:38:56,607] {dagbag.py:500} INFO - Filling up the DagBag from /home/dante/DWBI/Apache/py_env/lib/python3.8/site-packages/airflow/example_dags/tutorial_etl_dag.py
[2021-11-24 13:38:56,639] {processor.py:632} INFO - DAG(s) dict_keys(['tutorial_etl_dag']) retrieved from /home/dante/DWBI/Apache/py_env/lib/python3.8/site-packages/airflow/example_dags/tutorial_etl_dag.py
[2021-11-24 13:38:56,645] {logging_mixin.py:109} INFO - [2021-11-24 13:38:56,645] {dag.py:2389} INFO - Sync 1 DAGs
[2021-11-24 13:38:56,654] {logging_mixin.py:109} INFO - [2021-11-24 13:38:56,654] {dag.py:2921} INFO - Setting next_dagrun for tutorial_etl_dag to None
[2021-11-24 13:38:56,670] {processor.py:171} INFO - Processing /home/dante/DWBI/Apache/py_env/lib/python3.8/site-packages/airflow/example_dags/tutorial_etl_dag.py took 0.082 seconds
[2021-11-24 13:39:31,437] {processor.py:163} INFO - Started process (PID=49591) to work on /home/dante/DWBI/Apache/py_env/lib/python3.8/site-packages/airflow/example_dags/tutorial_etl_dag.py
[2021-11-24 13:39:31,448] {processor.py:620} INFO - Processing file /home/dante/DWBI/Apache/py_env/lib/python3.8/site-packages/airflow/example_dags/tutorial_etl_dag.py for tasks to queue
[2021-11-24 13:39:31,449] {logging_mixin.py:109} INFO - [2021-11-24 13:39:31,449] {dagbag.py:500} INFO - Filling up the DagBag from /home/dante/DWBI/Apache/py_env/lib/python3.8/site-packages/airflow/example_dags/tutorial_etl_dag.py
[2021-11-24 13:39:31,485] {processor.py:632} INFO - DAG(s) dict_keys(['tutorial_etl_dag']) retrieved from /home/dante/DWBI/Apache/py_env/lib/python3.8/site-packages/airflow/example_dags/tutorial_etl_dag.py
[2021-11-24 13:39:31,492] {logging_mixin.py:109} INFO - [2021-11-24 13:39:31,492] {dag.py:2389} INFO - Sync 1 DAGs
[2021-11-24 13:39:31,501] {logging_mixin.py:109} INFO - [2021-11-24 13:39:31,501] {dag.py:2921} INFO - Setting next_dagrun for tutorial_etl_dag to None
[2021-11-24 13:39:31,508] {processor.py:171} INFO - Processing /home/dante/DWBI/Apache/py_env/lib/python3.8/site-packages/airflow/example_dags/tutorial_etl_dag.py took 0.075 seconds
[2021-11-24 13:40:06,352] {processor.py:163} INFO - Started process (PID=49660) to work on /home/dante/DWBI/Apache/py_env/lib/python3.8/site-packages/airflow/example_dags/tutorial_etl_dag.py
[2021-11-24 13:40:06,361] {processor.py:620} INFO - Processing file /home/dante/DWBI/Apache/py_env/lib/python3.8/site-packages/airflow/example_dags/tutorial_etl_dag.py for tasks to queue
[2021-11-24 13:40:06,362] {logging_mixin.py:109} INFO - [2021-11-24 13:40:06,362] {dagbag.py:500} INFO - Filling up the DagBag from /home/dante/DWBI/Apache/py_env/lib/python3.8/site-packages/airflow/example_dags/tutorial_etl_dag.py
[2021-11-24 13:40:06,378] {processor.py:632} INFO - DAG(s) dict_keys(['tutorial_etl_dag']) retrieved from /home/dante/DWBI/Apache/py_env/lib/python3.8/site-packages/airflow/example_dags/tutorial_etl_dag.py
[2021-11-24 13:40:06,385] {logging_mixin.py:109} INFO - [2021-11-24 13:40:06,385] {dag.py:2389} INFO - Sync 1 DAGs
[2021-11-24 13:40:06,394] {logging_mixin.py:109} INFO - [2021-11-24 13:40:06,394] {dag.py:2921} INFO - Setting next_dagrun for tutorial_etl_dag to None
[2021-11-24 13:40:06,403] {processor.py:171} INFO - Processing /home/dante/DWBI/Apache/py_env/lib/python3.8/site-packages/airflow/example_dags/tutorial_etl_dag.py took 0.053 seconds
[2021-11-24 13:40:38,025] {processor.py:163} INFO - Started process (PID=49742) to work on /home/dante/DWBI/Apache/py_env/lib/python3.8/site-packages/airflow/example_dags/tutorial_etl_dag.py
[2021-11-24 13:40:38,027] {processor.py:620} INFO - Processing file /home/dante/DWBI/Apache/py_env/lib/python3.8/site-packages/airflow/example_dags/tutorial_etl_dag.py for tasks to queue
[2021-11-24 13:40:38,028] {logging_mixin.py:109} INFO - [2021-11-24 13:40:38,028] {dagbag.py:500} INFO - Filling up the DagBag from /home/dante/DWBI/Apache/py_env/lib/python3.8/site-packages/airflow/example_dags/tutorial_etl_dag.py
[2021-11-24 13:40:38,044] {processor.py:632} INFO - DAG(s) dict_keys(['tutorial_etl_dag']) retrieved from /home/dante/DWBI/Apache/py_env/lib/python3.8/site-packages/airflow/example_dags/tutorial_etl_dag.py
[2021-11-24 13:40:38,052] {logging_mixin.py:109} INFO - [2021-11-24 13:40:38,052] {dag.py:2389} INFO - Sync 1 DAGs
[2021-11-24 13:40:38,062] {logging_mixin.py:109} INFO - [2021-11-24 13:40:38,062] {dag.py:2921} INFO - Setting next_dagrun for tutorial_etl_dag to None
[2021-11-24 13:40:38,069] {processor.py:171} INFO - Processing /home/dante/DWBI/Apache/py_env/lib/python3.8/site-packages/airflow/example_dags/tutorial_etl_dag.py took 0.046 seconds
[2021-11-24 13:41:10,656] {processor.py:163} INFO - Started process (PID=49796) to work on /home/dante/DWBI/Apache/py_env/lib/python3.8/site-packages/airflow/example_dags/tutorial_etl_dag.py
[2021-11-24 13:41:10,665] {processor.py:620} INFO - Processing file /home/dante/DWBI/Apache/py_env/lib/python3.8/site-packages/airflow/example_dags/tutorial_etl_dag.py for tasks to queue
[2021-11-24 13:41:10,666] {logging_mixin.py:109} INFO - [2021-11-24 13:41:10,666] {dagbag.py:500} INFO - Filling up the DagBag from /home/dante/DWBI/Apache/py_env/lib/python3.8/site-packages/airflow/example_dags/tutorial_etl_dag.py
[2021-11-24 13:41:10,687] {processor.py:632} INFO - DAG(s) dict_keys(['tutorial_etl_dag']) retrieved from /home/dante/DWBI/Apache/py_env/lib/python3.8/site-packages/airflow/example_dags/tutorial_etl_dag.py
[2021-11-24 13:41:10,695] {logging_mixin.py:109} INFO - [2021-11-24 13:41:10,695] {dag.py:2389} INFO - Sync 1 DAGs
[2021-11-24 13:41:10,704] {logging_mixin.py:109} INFO - [2021-11-24 13:41:10,704] {dag.py:2921} INFO - Setting next_dagrun for tutorial_etl_dag to None
[2021-11-24 13:41:10,722] {processor.py:171} INFO - Processing /home/dante/DWBI/Apache/py_env/lib/python3.8/site-packages/airflow/example_dags/tutorial_etl_dag.py took 0.069 seconds
[2021-11-24 13:41:45,454] {processor.py:163} INFO - Started process (PID=49905) to work on /home/dante/DWBI/Apache/py_env/lib/python3.8/site-packages/airflow/example_dags/tutorial_etl_dag.py
[2021-11-24 13:41:45,465] {processor.py:620} INFO - Processing file /home/dante/DWBI/Apache/py_env/lib/python3.8/site-packages/airflow/example_dags/tutorial_etl_dag.py for tasks to queue
[2021-11-24 13:41:45,467] {logging_mixin.py:109} INFO - [2021-11-24 13:41:45,466] {dagbag.py:500} INFO - Filling up the DagBag from /home/dante/DWBI/Apache/py_env/lib/python3.8/site-packages/airflow/example_dags/tutorial_etl_dag.py
[2021-11-24 13:41:45,501] {processor.py:632} INFO - DAG(s) dict_keys(['tutorial_etl_dag']) retrieved from /home/dante/DWBI/Apache/py_env/lib/python3.8/site-packages/airflow/example_dags/tutorial_etl_dag.py
[2021-11-24 13:41:45,508] {logging_mixin.py:109} INFO - [2021-11-24 13:41:45,508] {dag.py:2389} INFO - Sync 1 DAGs
[2021-11-24 13:41:45,517] {logging_mixin.py:109} INFO - [2021-11-24 13:41:45,517] {dag.py:2921} INFO - Setting next_dagrun for tutorial_etl_dag to None
[2021-11-24 13:41:45,525] {processor.py:171} INFO - Processing /home/dante/DWBI/Apache/py_env/lib/python3.8/site-packages/airflow/example_dags/tutorial_etl_dag.py took 0.078 seconds
[2021-11-24 13:42:21,721] {processor.py:163} INFO - Started process (PID=49997) to work on /home/dante/DWBI/Apache/py_env/lib/python3.8/site-packages/airflow/example_dags/tutorial_etl_dag.py
[2021-11-24 13:42:21,732] {processor.py:620} INFO - Processing file /home/dante/DWBI/Apache/py_env/lib/python3.8/site-packages/airflow/example_dags/tutorial_etl_dag.py for tasks to queue
[2021-11-24 13:42:21,734] {logging_mixin.py:109} INFO - [2021-11-24 13:42:21,734] {dagbag.py:500} INFO - Filling up the DagBag from /home/dante/DWBI/Apache/py_env/lib/python3.8/site-packages/airflow/example_dags/tutorial_etl_dag.py
[2021-11-24 13:42:21,765] {processor.py:632} INFO - DAG(s) dict_keys(['tutorial_etl_dag']) retrieved from /home/dante/DWBI/Apache/py_env/lib/python3.8/site-packages/airflow/example_dags/tutorial_etl_dag.py
[2021-11-24 13:42:21,772] {logging_mixin.py:109} INFO - [2021-11-24 13:42:21,772] {dag.py:2389} INFO - Sync 1 DAGs
[2021-11-24 13:42:21,780] {logging_mixin.py:109} INFO - [2021-11-24 13:42:21,780] {dag.py:2921} INFO - Setting next_dagrun for tutorial_etl_dag to None
[2021-11-24 13:42:21,805] {processor.py:171} INFO - Processing /home/dante/DWBI/Apache/py_env/lib/python3.8/site-packages/airflow/example_dags/tutorial_etl_dag.py took 0.091 seconds
