[2021-11-24 13:01:37,609] {processor.py:163} INFO - Started process (PID=42596) to work on /home/dante/DWBI/Apache/py_env/lib/python3.8/site-packages/airflow/example_dags/tutorial_taskflow_api_etl_virtualenv.py
[2021-11-24 13:01:37,613] {processor.py:620} INFO - Processing file /home/dante/DWBI/Apache/py_env/lib/python3.8/site-packages/airflow/example_dags/tutorial_taskflow_api_etl_virtualenv.py for tasks to queue
[2021-11-24 13:01:37,615] {logging_mixin.py:109} INFO - [2021-11-24 13:01:37,615] {dagbag.py:500} INFO - Filling up the DagBag from /home/dante/DWBI/Apache/py_env/lib/python3.8/site-packages/airflow/example_dags/tutorial_taskflow_api_etl_virtualenv.py
[2021-11-24 13:01:37,684] {processor.py:632} INFO - DAG(s) dict_keys(['tutorial_taskflow_api_etl_virtualenv']) retrieved from /home/dante/DWBI/Apache/py_env/lib/python3.8/site-packages/airflow/example_dags/tutorial_taskflow_api_etl_virtualenv.py
[2021-11-24 13:01:38,096] {logging_mixin.py:109} INFO - [2021-11-24 13:01:38,096] {dag.py:2389} INFO - Sync 1 DAGs
[2021-11-24 13:01:38,115] {logging_mixin.py:109} INFO - [2021-11-24 13:01:38,115] {dag.py:2921} INFO - Setting next_dagrun for tutorial_taskflow_api_etl_virtualenv to None
[2021-11-24 13:01:38,127] {processor.py:171} INFO - Processing /home/dante/DWBI/Apache/py_env/lib/python3.8/site-packages/airflow/example_dags/tutorial_taskflow_api_etl_virtualenv.py took 0.525 seconds
[2021-11-24 13:02:15,565] {processor.py:163} INFO - Started process (PID=42726) to work on /home/dante/DWBI/Apache/py_env/lib/python3.8/site-packages/airflow/example_dags/tutorial_taskflow_api_etl_virtualenv.py
[2021-11-24 13:02:15,576] {processor.py:620} INFO - Processing file /home/dante/DWBI/Apache/py_env/lib/python3.8/site-packages/airflow/example_dags/tutorial_taskflow_api_etl_virtualenv.py for tasks to queue
[2021-11-24 13:02:15,578] {logging_mixin.py:109} INFO - [2021-11-24 13:02:15,577] {dagbag.py:500} INFO - Filling up the DagBag from /home/dante/DWBI/Apache/py_env/lib/python3.8/site-packages/airflow/example_dags/tutorial_taskflow_api_etl_virtualenv.py
[2021-11-24 13:02:15,611] {processor.py:632} INFO - DAG(s) dict_keys(['tutorial_taskflow_api_etl_virtualenv']) retrieved from /home/dante/DWBI/Apache/py_env/lib/python3.8/site-packages/airflow/example_dags/tutorial_taskflow_api_etl_virtualenv.py
[2021-11-24 13:02:15,751] {logging_mixin.py:109} INFO - [2021-11-24 13:02:15,751] {dag.py:2389} INFO - Sync 1 DAGs
[2021-11-24 13:02:15,758] {logging_mixin.py:109} INFO - [2021-11-24 13:02:15,758] {dag.py:2921} INFO - Setting next_dagrun for tutorial_taskflow_api_etl_virtualenv to None
[2021-11-24 13:02:15,769] {processor.py:171} INFO - Processing /home/dante/DWBI/Apache/py_env/lib/python3.8/site-packages/airflow/example_dags/tutorial_taskflow_api_etl_virtualenv.py took 0.210 seconds
[2021-11-24 13:02:53,442] {processor.py:163} INFO - Started process (PID=42778) to work on /home/dante/DWBI/Apache/py_env/lib/python3.8/site-packages/airflow/example_dags/tutorial_taskflow_api_etl_virtualenv.py
[2021-11-24 13:02:53,444] {processor.py:620} INFO - Processing file /home/dante/DWBI/Apache/py_env/lib/python3.8/site-packages/airflow/example_dags/tutorial_taskflow_api_etl_virtualenv.py for tasks to queue
[2021-11-24 13:02:53,445] {logging_mixin.py:109} INFO - [2021-11-24 13:02:53,445] {dagbag.py:500} INFO - Filling up the DagBag from /home/dante/DWBI/Apache/py_env/lib/python3.8/site-packages/airflow/example_dags/tutorial_taskflow_api_etl_virtualenv.py
[2021-11-24 13:02:53,470] {processor.py:632} INFO - DAG(s) dict_keys(['tutorial_taskflow_api_etl_virtualenv']) retrieved from /home/dante/DWBI/Apache/py_env/lib/python3.8/site-packages/airflow/example_dags/tutorial_taskflow_api_etl_virtualenv.py
[2021-11-24 13:02:53,835] {logging_mixin.py:109} INFO - [2021-11-24 13:02:53,835] {dag.py:2389} INFO - Sync 1 DAGs
[2021-11-24 13:02:53,863] {logging_mixin.py:109} INFO - [2021-11-24 13:02:53,863] {dag.py:2921} INFO - Setting next_dagrun for tutorial_taskflow_api_etl_virtualenv to None
[2021-11-24 13:02:53,892] {processor.py:171} INFO - Processing /home/dante/DWBI/Apache/py_env/lib/python3.8/site-packages/airflow/example_dags/tutorial_taskflow_api_etl_virtualenv.py took 0.453 seconds
[2021-11-24 13:03:30,037] {processor.py:163} INFO - Started process (PID=42892) to work on /home/dante/DWBI/Apache/py_env/lib/python3.8/site-packages/airflow/example_dags/tutorial_taskflow_api_etl_virtualenv.py
[2021-11-24 13:03:30,047] {processor.py:620} INFO - Processing file /home/dante/DWBI/Apache/py_env/lib/python3.8/site-packages/airflow/example_dags/tutorial_taskflow_api_etl_virtualenv.py for tasks to queue
[2021-11-24 13:03:30,049] {logging_mixin.py:109} INFO - [2021-11-24 13:03:30,048] {dagbag.py:500} INFO - Filling up the DagBag from /home/dante/DWBI/Apache/py_env/lib/python3.8/site-packages/airflow/example_dags/tutorial_taskflow_api_etl_virtualenv.py
[2021-11-24 13:03:30,091] {processor.py:632} INFO - DAG(s) dict_keys(['tutorial_taskflow_api_etl_virtualenv']) retrieved from /home/dante/DWBI/Apache/py_env/lib/python3.8/site-packages/airflow/example_dags/tutorial_taskflow_api_etl_virtualenv.py
[2021-11-24 13:03:30,224] {logging_mixin.py:109} INFO - [2021-11-24 13:03:30,224] {dag.py:2389} INFO - Sync 1 DAGs
[2021-11-24 13:03:30,231] {logging_mixin.py:109} INFO - [2021-11-24 13:03:30,231] {dag.py:2921} INFO - Setting next_dagrun for tutorial_taskflow_api_etl_virtualenv to None
[2021-11-24 13:03:30,258] {processor.py:171} INFO - Processing /home/dante/DWBI/Apache/py_env/lib/python3.8/site-packages/airflow/example_dags/tutorial_taskflow_api_etl_virtualenv.py took 0.227 seconds
[2021-11-24 13:04:06,878] {processor.py:163} INFO - Started process (PID=42951) to work on /home/dante/DWBI/Apache/py_env/lib/python3.8/site-packages/airflow/example_dags/tutorial_taskflow_api_etl_virtualenv.py
[2021-11-24 13:04:06,880] {processor.py:620} INFO - Processing file /home/dante/DWBI/Apache/py_env/lib/python3.8/site-packages/airflow/example_dags/tutorial_taskflow_api_etl_virtualenv.py for tasks to queue
[2021-11-24 13:04:06,881] {logging_mixin.py:109} INFO - [2021-11-24 13:04:06,881] {dagbag.py:500} INFO - Filling up the DagBag from /home/dante/DWBI/Apache/py_env/lib/python3.8/site-packages/airflow/example_dags/tutorial_taskflow_api_etl_virtualenv.py
[2021-11-24 13:04:06,900] {processor.py:632} INFO - DAG(s) dict_keys(['tutorial_taskflow_api_etl_virtualenv']) retrieved from /home/dante/DWBI/Apache/py_env/lib/python3.8/site-packages/airflow/example_dags/tutorial_taskflow_api_etl_virtualenv.py
[2021-11-24 13:04:07,053] {logging_mixin.py:109} INFO - [2021-11-24 13:04:07,053] {dag.py:2389} INFO - Sync 1 DAGs
[2021-11-24 13:04:07,061] {logging_mixin.py:109} INFO - [2021-11-24 13:04:07,061] {dag.py:2921} INFO - Setting next_dagrun for tutorial_taskflow_api_etl_virtualenv to None
[2021-11-24 13:04:07,071] {processor.py:171} INFO - Processing /home/dante/DWBI/Apache/py_env/lib/python3.8/site-packages/airflow/example_dags/tutorial_taskflow_api_etl_virtualenv.py took 0.195 seconds
[2021-11-24 13:04:42,901] {processor.py:163} INFO - Started process (PID=43142) to work on /home/dante/DWBI/Apache/py_env/lib/python3.8/site-packages/airflow/example_dags/tutorial_taskflow_api_etl_virtualenv.py
[2021-11-24 13:04:42,912] {processor.py:620} INFO - Processing file /home/dante/DWBI/Apache/py_env/lib/python3.8/site-packages/airflow/example_dags/tutorial_taskflow_api_etl_virtualenv.py for tasks to queue
[2021-11-24 13:04:42,914] {logging_mixin.py:109} INFO - [2021-11-24 13:04:42,914] {dagbag.py:500} INFO - Filling up the DagBag from /home/dante/DWBI/Apache/py_env/lib/python3.8/site-packages/airflow/example_dags/tutorial_taskflow_api_etl_virtualenv.py
[2021-11-24 13:04:42,947] {processor.py:632} INFO - DAG(s) dict_keys(['tutorial_taskflow_api_etl_virtualenv']) retrieved from /home/dante/DWBI/Apache/py_env/lib/python3.8/site-packages/airflow/example_dags/tutorial_taskflow_api_etl_virtualenv.py
[2021-11-24 13:04:43,084] {logging_mixin.py:109} INFO - [2021-11-24 13:04:43,084] {dag.py:2389} INFO - Sync 1 DAGs
[2021-11-24 13:04:43,091] {logging_mixin.py:109} INFO - [2021-11-24 13:04:43,090] {dag.py:2921} INFO - Setting next_dagrun for tutorial_taskflow_api_etl_virtualenv to None
[2021-11-24 13:04:43,099] {processor.py:171} INFO - Processing /home/dante/DWBI/Apache/py_env/lib/python3.8/site-packages/airflow/example_dags/tutorial_taskflow_api_etl_virtualenv.py took 0.204 seconds
[2021-11-24 13:05:18,737] {processor.py:163} INFO - Started process (PID=43215) to work on /home/dante/DWBI/Apache/py_env/lib/python3.8/site-packages/airflow/example_dags/tutorial_taskflow_api_etl_virtualenv.py
[2021-11-24 13:05:18,739] {processor.py:620} INFO - Processing file /home/dante/DWBI/Apache/py_env/lib/python3.8/site-packages/airflow/example_dags/tutorial_taskflow_api_etl_virtualenv.py for tasks to queue
[2021-11-24 13:05:18,739] {logging_mixin.py:109} INFO - [2021-11-24 13:05:18,739] {dagbag.py:500} INFO - Filling up the DagBag from /home/dante/DWBI/Apache/py_env/lib/python3.8/site-packages/airflow/example_dags/tutorial_taskflow_api_etl_virtualenv.py
[2021-11-24 13:05:18,760] {processor.py:632} INFO - DAG(s) dict_keys(['tutorial_taskflow_api_etl_virtualenv']) retrieved from /home/dante/DWBI/Apache/py_env/lib/python3.8/site-packages/airflow/example_dags/tutorial_taskflow_api_etl_virtualenv.py
[2021-11-24 13:05:18,905] {logging_mixin.py:109} INFO - [2021-11-24 13:05:18,905] {dag.py:2389} INFO - Sync 1 DAGs
[2021-11-24 13:05:18,913] {logging_mixin.py:109} INFO - [2021-11-24 13:05:18,913] {dag.py:2921} INFO - Setting next_dagrun for tutorial_taskflow_api_etl_virtualenv to None
[2021-11-24 13:05:18,921] {processor.py:171} INFO - Processing /home/dante/DWBI/Apache/py_env/lib/python3.8/site-packages/airflow/example_dags/tutorial_taskflow_api_etl_virtualenv.py took 0.187 seconds
[2021-11-24 13:05:51,776] {processor.py:163} INFO - Started process (PID=43270) to work on /home/dante/DWBI/Apache/py_env/lib/python3.8/site-packages/airflow/example_dags/tutorial_taskflow_api_etl_virtualenv.py
[2021-11-24 13:05:51,778] {processor.py:620} INFO - Processing file /home/dante/DWBI/Apache/py_env/lib/python3.8/site-packages/airflow/example_dags/tutorial_taskflow_api_etl_virtualenv.py for tasks to queue
[2021-11-24 13:05:51,779] {logging_mixin.py:109} INFO - [2021-11-24 13:05:51,779] {dagbag.py:500} INFO - Filling up the DagBag from /home/dante/DWBI/Apache/py_env/lib/python3.8/site-packages/airflow/example_dags/tutorial_taskflow_api_etl_virtualenv.py
[2021-11-24 13:05:51,801] {processor.py:632} INFO - DAG(s) dict_keys(['tutorial_taskflow_api_etl_virtualenv']) retrieved from /home/dante/DWBI/Apache/py_env/lib/python3.8/site-packages/airflow/example_dags/tutorial_taskflow_api_etl_virtualenv.py
[2021-11-24 13:05:51,948] {logging_mixin.py:109} INFO - [2021-11-24 13:05:51,948] {dag.py:2389} INFO - Sync 1 DAGs
[2021-11-24 13:05:51,955] {logging_mixin.py:109} INFO - [2021-11-24 13:05:51,955] {dag.py:2921} INFO - Setting next_dagrun for tutorial_taskflow_api_etl_virtualenv to None
[2021-11-24 13:05:51,963] {processor.py:171} INFO - Processing /home/dante/DWBI/Apache/py_env/lib/python3.8/site-packages/airflow/example_dags/tutorial_taskflow_api_etl_virtualenv.py took 0.189 seconds
[2021-11-24 13:06:31,814] {processor.py:163} INFO - Started process (PID=43329) to work on /home/dante/DWBI/Apache/py_env/lib/python3.8/site-packages/airflow/example_dags/tutorial_taskflow_api_etl_virtualenv.py
[2021-11-24 13:06:31,817] {processor.py:620} INFO - Processing file /home/dante/DWBI/Apache/py_env/lib/python3.8/site-packages/airflow/example_dags/tutorial_taskflow_api_etl_virtualenv.py for tasks to queue
[2021-11-24 13:06:31,819] {logging_mixin.py:109} INFO - [2021-11-24 13:06:31,818] {dagbag.py:500} INFO - Filling up the DagBag from /home/dante/DWBI/Apache/py_env/lib/python3.8/site-packages/airflow/example_dags/tutorial_taskflow_api_etl_virtualenv.py
[2021-11-24 13:06:31,852] {processor.py:632} INFO - DAG(s) dict_keys(['tutorial_taskflow_api_etl_virtualenv']) retrieved from /home/dante/DWBI/Apache/py_env/lib/python3.8/site-packages/airflow/example_dags/tutorial_taskflow_api_etl_virtualenv.py
[2021-11-24 13:06:31,993] {logging_mixin.py:109} INFO - [2021-11-24 13:06:31,993] {dag.py:2389} INFO - Sync 1 DAGs
[2021-11-24 13:06:32,001] {logging_mixin.py:109} INFO - [2021-11-24 13:06:32,001] {dag.py:2921} INFO - Setting next_dagrun for tutorial_taskflow_api_etl_virtualenv to None
[2021-11-24 13:06:32,009] {processor.py:171} INFO - Processing /home/dante/DWBI/Apache/py_env/lib/python3.8/site-packages/airflow/example_dags/tutorial_taskflow_api_etl_virtualenv.py took 0.202 seconds
[2021-11-24 13:07:05,076] {processor.py:163} INFO - Started process (PID=43403) to work on /home/dante/DWBI/Apache/py_env/lib/python3.8/site-packages/airflow/example_dags/tutorial_taskflow_api_etl_virtualenv.py
[2021-11-24 13:07:05,079] {processor.py:620} INFO - Processing file /home/dante/DWBI/Apache/py_env/lib/python3.8/site-packages/airflow/example_dags/tutorial_taskflow_api_etl_virtualenv.py for tasks to queue
[2021-11-24 13:07:05,079] {logging_mixin.py:109} INFO - [2021-11-24 13:07:05,079] {dagbag.py:500} INFO - Filling up the DagBag from /home/dante/DWBI/Apache/py_env/lib/python3.8/site-packages/airflow/example_dags/tutorial_taskflow_api_etl_virtualenv.py
[2021-11-24 13:07:05,100] {processor.py:632} INFO - DAG(s) dict_keys(['tutorial_taskflow_api_etl_virtualenv']) retrieved from /home/dante/DWBI/Apache/py_env/lib/python3.8/site-packages/airflow/example_dags/tutorial_taskflow_api_etl_virtualenv.py
[2021-11-24 13:07:05,237] {logging_mixin.py:109} INFO - [2021-11-24 13:07:05,237] {dag.py:2389} INFO - Sync 1 DAGs
[2021-11-24 13:07:05,245] {logging_mixin.py:109} INFO - [2021-11-24 13:07:05,245] {dag.py:2921} INFO - Setting next_dagrun for tutorial_taskflow_api_etl_virtualenv to None
[2021-11-24 13:07:05,255] {processor.py:171} INFO - Processing /home/dante/DWBI/Apache/py_env/lib/python3.8/site-packages/airflow/example_dags/tutorial_taskflow_api_etl_virtualenv.py took 0.180 seconds
[2021-11-24 13:07:41,890] {processor.py:163} INFO - Started process (PID=43452) to work on /home/dante/DWBI/Apache/py_env/lib/python3.8/site-packages/airflow/example_dags/tutorial_taskflow_api_etl_virtualenv.py
[2021-11-24 13:07:41,892] {processor.py:620} INFO - Processing file /home/dante/DWBI/Apache/py_env/lib/python3.8/site-packages/airflow/example_dags/tutorial_taskflow_api_etl_virtualenv.py for tasks to queue
[2021-11-24 13:07:41,892] {logging_mixin.py:109} INFO - [2021-11-24 13:07:41,892] {dagbag.py:500} INFO - Filling up the DagBag from /home/dante/DWBI/Apache/py_env/lib/python3.8/site-packages/airflow/example_dags/tutorial_taskflow_api_etl_virtualenv.py
[2021-11-24 13:07:41,909] {processor.py:632} INFO - DAG(s) dict_keys(['tutorial_taskflow_api_etl_virtualenv']) retrieved from /home/dante/DWBI/Apache/py_env/lib/python3.8/site-packages/airflow/example_dags/tutorial_taskflow_api_etl_virtualenv.py
[2021-11-24 13:07:42,064] {logging_mixin.py:109} INFO - [2021-11-24 13:07:42,064] {dag.py:2389} INFO - Sync 1 DAGs
[2021-11-24 13:07:42,073] {logging_mixin.py:109} INFO - [2021-11-24 13:07:42,073] {dag.py:2921} INFO - Setting next_dagrun for tutorial_taskflow_api_etl_virtualenv to None
[2021-11-24 13:07:42,082] {processor.py:171} INFO - Processing /home/dante/DWBI/Apache/py_env/lib/python3.8/site-packages/airflow/example_dags/tutorial_taskflow_api_etl_virtualenv.py took 0.195 seconds
[2021-11-24 13:08:19,321] {processor.py:163} INFO - Started process (PID=43521) to work on /home/dante/DWBI/Apache/py_env/lib/python3.8/site-packages/airflow/example_dags/tutorial_taskflow_api_etl_virtualenv.py
[2021-11-24 13:08:19,331] {processor.py:620} INFO - Processing file /home/dante/DWBI/Apache/py_env/lib/python3.8/site-packages/airflow/example_dags/tutorial_taskflow_api_etl_virtualenv.py for tasks to queue
[2021-11-24 13:08:19,332] {logging_mixin.py:109} INFO - [2021-11-24 13:08:19,332] {dagbag.py:500} INFO - Filling up the DagBag from /home/dante/DWBI/Apache/py_env/lib/python3.8/site-packages/airflow/example_dags/tutorial_taskflow_api_etl_virtualenv.py
[2021-11-24 13:08:19,351] {processor.py:632} INFO - DAG(s) dict_keys(['tutorial_taskflow_api_etl_virtualenv']) retrieved from /home/dante/DWBI/Apache/py_env/lib/python3.8/site-packages/airflow/example_dags/tutorial_taskflow_api_etl_virtualenv.py
[2021-11-24 13:08:19,487] {logging_mixin.py:109} INFO - [2021-11-24 13:08:19,487] {dag.py:2389} INFO - Sync 1 DAGs
[2021-11-24 13:08:19,493] {logging_mixin.py:109} INFO - [2021-11-24 13:08:19,493] {dag.py:2921} INFO - Setting next_dagrun for tutorial_taskflow_api_etl_virtualenv to None
[2021-11-24 13:08:19,512] {processor.py:171} INFO - Processing /home/dante/DWBI/Apache/py_env/lib/python3.8/site-packages/airflow/example_dags/tutorial_taskflow_api_etl_virtualenv.py took 0.193 seconds
[2021-11-24 13:08:53,354] {processor.py:163} INFO - Started process (PID=43580) to work on /home/dante/DWBI/Apache/py_env/lib/python3.8/site-packages/airflow/example_dags/tutorial_taskflow_api_etl_virtualenv.py
[2021-11-24 13:08:53,356] {processor.py:620} INFO - Processing file /home/dante/DWBI/Apache/py_env/lib/python3.8/site-packages/airflow/example_dags/tutorial_taskflow_api_etl_virtualenv.py for tasks to queue
[2021-11-24 13:08:53,356] {logging_mixin.py:109} INFO - [2021-11-24 13:08:53,356] {dagbag.py:500} INFO - Filling up the DagBag from /home/dante/DWBI/Apache/py_env/lib/python3.8/site-packages/airflow/example_dags/tutorial_taskflow_api_etl_virtualenv.py
[2021-11-24 13:08:53,376] {processor.py:632} INFO - DAG(s) dict_keys(['tutorial_taskflow_api_etl_virtualenv']) retrieved from /home/dante/DWBI/Apache/py_env/lib/python3.8/site-packages/airflow/example_dags/tutorial_taskflow_api_etl_virtualenv.py
[2021-11-24 13:08:53,535] {logging_mixin.py:109} INFO - [2021-11-24 13:08:53,535] {dag.py:2389} INFO - Sync 1 DAGs
[2021-11-24 13:08:53,543] {logging_mixin.py:109} INFO - [2021-11-24 13:08:53,543] {dag.py:2921} INFO - Setting next_dagrun for tutorial_taskflow_api_etl_virtualenv to None
[2021-11-24 13:08:53,552] {processor.py:171} INFO - Processing /home/dante/DWBI/Apache/py_env/lib/python3.8/site-packages/airflow/example_dags/tutorial_taskflow_api_etl_virtualenv.py took 0.200 seconds
[2021-11-24 13:09:25,794] {processor.py:163} INFO - Started process (PID=43630) to work on /home/dante/DWBI/Apache/py_env/lib/python3.8/site-packages/airflow/example_dags/tutorial_taskflow_api_etl_virtualenv.py
[2021-11-24 13:09:25,797] {processor.py:620} INFO - Processing file /home/dante/DWBI/Apache/py_env/lib/python3.8/site-packages/airflow/example_dags/tutorial_taskflow_api_etl_virtualenv.py for tasks to queue
[2021-11-24 13:09:25,798] {logging_mixin.py:109} INFO - [2021-11-24 13:09:25,797] {dagbag.py:500} INFO - Filling up the DagBag from /home/dante/DWBI/Apache/py_env/lib/python3.8/site-packages/airflow/example_dags/tutorial_taskflow_api_etl_virtualenv.py
[2021-11-24 13:09:25,829] {processor.py:632} INFO - DAG(s) dict_keys(['tutorial_taskflow_api_etl_virtualenv']) retrieved from /home/dante/DWBI/Apache/py_env/lib/python3.8/site-packages/airflow/example_dags/tutorial_taskflow_api_etl_virtualenv.py
[2021-11-24 13:09:26,065] {logging_mixin.py:109} INFO - [2021-11-24 13:09:26,064] {dag.py:2389} INFO - Sync 1 DAGs
[2021-11-24 13:09:26,074] {logging_mixin.py:109} INFO - [2021-11-24 13:09:26,074] {dag.py:2921} INFO - Setting next_dagrun for tutorial_taskflow_api_etl_virtualenv to None
[2021-11-24 13:09:26,084] {processor.py:171} INFO - Processing /home/dante/DWBI/Apache/py_env/lib/python3.8/site-packages/airflow/example_dags/tutorial_taskflow_api_etl_virtualenv.py took 0.293 seconds
[2021-11-24 13:10:01,573] {processor.py:163} INFO - Started process (PID=43814) to work on /home/dante/DWBI/Apache/py_env/lib/python3.8/site-packages/airflow/example_dags/tutorial_taskflow_api_etl_virtualenv.py
[2021-11-24 13:10:01,584] {processor.py:620} INFO - Processing file /home/dante/DWBI/Apache/py_env/lib/python3.8/site-packages/airflow/example_dags/tutorial_taskflow_api_etl_virtualenv.py for tasks to queue
[2021-11-24 13:10:01,585] {logging_mixin.py:109} INFO - [2021-11-24 13:10:01,585] {dagbag.py:500} INFO - Filling up the DagBag from /home/dante/DWBI/Apache/py_env/lib/python3.8/site-packages/airflow/example_dags/tutorial_taskflow_api_etl_virtualenv.py
[2021-11-24 13:10:01,620] {processor.py:632} INFO - DAG(s) dict_keys(['tutorial_taskflow_api_etl_virtualenv']) retrieved from /home/dante/DWBI/Apache/py_env/lib/python3.8/site-packages/airflow/example_dags/tutorial_taskflow_api_etl_virtualenv.py
[2021-11-24 13:10:01,753] {logging_mixin.py:109} INFO - [2021-11-24 13:10:01,753] {dag.py:2389} INFO - Sync 1 DAGs
[2021-11-24 13:10:01,760] {logging_mixin.py:109} INFO - [2021-11-24 13:10:01,760] {dag.py:2921} INFO - Setting next_dagrun for tutorial_taskflow_api_etl_virtualenv to None
[2021-11-24 13:10:01,768] {processor.py:171} INFO - Processing /home/dante/DWBI/Apache/py_env/lib/python3.8/site-packages/airflow/example_dags/tutorial_taskflow_api_etl_virtualenv.py took 0.202 seconds
[2021-11-24 13:10:35,993] {processor.py:163} INFO - Started process (PID=43999) to work on /home/dante/DWBI/Apache/py_env/lib/python3.8/site-packages/airflow/example_dags/tutorial_taskflow_api_etl_virtualenv.py
[2021-11-24 13:10:35,995] {processor.py:620} INFO - Processing file /home/dante/DWBI/Apache/py_env/lib/python3.8/site-packages/airflow/example_dags/tutorial_taskflow_api_etl_virtualenv.py for tasks to queue
[2021-11-24 13:10:35,996] {logging_mixin.py:109} INFO - [2021-11-24 13:10:35,996] {dagbag.py:500} INFO - Filling up the DagBag from /home/dante/DWBI/Apache/py_env/lib/python3.8/site-packages/airflow/example_dags/tutorial_taskflow_api_etl_virtualenv.py
[2021-11-24 13:10:36,016] {processor.py:632} INFO - DAG(s) dict_keys(['tutorial_taskflow_api_etl_virtualenv']) retrieved from /home/dante/DWBI/Apache/py_env/lib/python3.8/site-packages/airflow/example_dags/tutorial_taskflow_api_etl_virtualenv.py
[2021-11-24 13:10:36,161] {logging_mixin.py:109} INFO - [2021-11-24 13:10:36,161] {dag.py:2389} INFO - Sync 1 DAGs
[2021-11-24 13:10:36,169] {logging_mixin.py:109} INFO - [2021-11-24 13:10:36,169] {dag.py:2921} INFO - Setting next_dagrun for tutorial_taskflow_api_etl_virtualenv to None
[2021-11-24 13:10:36,179] {processor.py:171} INFO - Processing /home/dante/DWBI/Apache/py_env/lib/python3.8/site-packages/airflow/example_dags/tutorial_taskflow_api_etl_virtualenv.py took 0.188 seconds
[2021-11-24 13:11:07,630] {processor.py:163} INFO - Started process (PID=44132) to work on /home/dante/DWBI/Apache/py_env/lib/python3.8/site-packages/airflow/example_dags/tutorial_taskflow_api_etl_virtualenv.py
[2021-11-24 13:11:07,635] {processor.py:620} INFO - Processing file /home/dante/DWBI/Apache/py_env/lib/python3.8/site-packages/airflow/example_dags/tutorial_taskflow_api_etl_virtualenv.py for tasks to queue
[2021-11-24 13:11:07,636] {logging_mixin.py:109} INFO - [2021-11-24 13:11:07,636] {dagbag.py:500} INFO - Filling up the DagBag from /home/dante/DWBI/Apache/py_env/lib/python3.8/site-packages/airflow/example_dags/tutorial_taskflow_api_etl_virtualenv.py
[2021-11-24 13:11:07,665] {processor.py:632} INFO - DAG(s) dict_keys(['tutorial_taskflow_api_etl_virtualenv']) retrieved from /home/dante/DWBI/Apache/py_env/lib/python3.8/site-packages/airflow/example_dags/tutorial_taskflow_api_etl_virtualenv.py
[2021-11-24 13:11:07,812] {logging_mixin.py:109} INFO - [2021-11-24 13:11:07,812] {dag.py:2389} INFO - Sync 1 DAGs
[2021-11-24 13:11:07,820] {logging_mixin.py:109} INFO - [2021-11-24 13:11:07,820] {dag.py:2921} INFO - Setting next_dagrun for tutorial_taskflow_api_etl_virtualenv to None
[2021-11-24 13:11:07,830] {processor.py:171} INFO - Processing /home/dante/DWBI/Apache/py_env/lib/python3.8/site-packages/airflow/example_dags/tutorial_taskflow_api_etl_virtualenv.py took 0.206 seconds
[2021-11-24 13:11:39,203] {processor.py:163} INFO - Started process (PID=44238) to work on /home/dante/DWBI/Apache/py_env/lib/python3.8/site-packages/airflow/example_dags/tutorial_taskflow_api_etl_virtualenv.py
[2021-11-24 13:11:39,207] {processor.py:620} INFO - Processing file /home/dante/DWBI/Apache/py_env/lib/python3.8/site-packages/airflow/example_dags/tutorial_taskflow_api_etl_virtualenv.py for tasks to queue
[2021-11-24 13:11:39,208] {logging_mixin.py:109} INFO - [2021-11-24 13:11:39,208] {dagbag.py:500} INFO - Filling up the DagBag from /home/dante/DWBI/Apache/py_env/lib/python3.8/site-packages/airflow/example_dags/tutorial_taskflow_api_etl_virtualenv.py
[2021-11-24 13:11:39,229] {processor.py:632} INFO - DAG(s) dict_keys(['tutorial_taskflow_api_etl_virtualenv']) retrieved from /home/dante/DWBI/Apache/py_env/lib/python3.8/site-packages/airflow/example_dags/tutorial_taskflow_api_etl_virtualenv.py
[2021-11-24 13:11:39,404] {logging_mixin.py:109} INFO - [2021-11-24 13:11:39,404] {dag.py:2389} INFO - Sync 1 DAGs
[2021-11-24 13:11:39,418] {logging_mixin.py:109} INFO - [2021-11-24 13:11:39,418] {dag.py:2921} INFO - Setting next_dagrun for tutorial_taskflow_api_etl_virtualenv to None
[2021-11-24 13:11:39,432] {processor.py:171} INFO - Processing /home/dante/DWBI/Apache/py_env/lib/python3.8/site-packages/airflow/example_dags/tutorial_taskflow_api_etl_virtualenv.py took 0.235 seconds
[2021-11-24 13:12:11,458] {processor.py:163} INFO - Started process (PID=44297) to work on /home/dante/DWBI/Apache/py_env/lib/python3.8/site-packages/airflow/example_dags/tutorial_taskflow_api_etl_virtualenv.py
[2021-11-24 13:12:11,467] {processor.py:620} INFO - Processing file /home/dante/DWBI/Apache/py_env/lib/python3.8/site-packages/airflow/example_dags/tutorial_taskflow_api_etl_virtualenv.py for tasks to queue
[2021-11-24 13:12:11,468] {logging_mixin.py:109} INFO - [2021-11-24 13:12:11,467] {dagbag.py:500} INFO - Filling up the DagBag from /home/dante/DWBI/Apache/py_env/lib/python3.8/site-packages/airflow/example_dags/tutorial_taskflow_api_etl_virtualenv.py
[2021-11-24 13:12:11,488] {processor.py:632} INFO - DAG(s) dict_keys(['tutorial_taskflow_api_etl_virtualenv']) retrieved from /home/dante/DWBI/Apache/py_env/lib/python3.8/site-packages/airflow/example_dags/tutorial_taskflow_api_etl_virtualenv.py
[2021-11-24 13:12:11,625] {logging_mixin.py:109} INFO - [2021-11-24 13:12:11,625] {dag.py:2389} INFO - Sync 1 DAGs
[2021-11-24 13:12:11,632] {logging_mixin.py:109} INFO - [2021-11-24 13:12:11,632] {dag.py:2921} INFO - Setting next_dagrun for tutorial_taskflow_api_etl_virtualenv to None
[2021-11-24 13:12:11,667] {processor.py:171} INFO - Processing /home/dante/DWBI/Apache/py_env/lib/python3.8/site-packages/airflow/example_dags/tutorial_taskflow_api_etl_virtualenv.py took 0.212 seconds
[2021-11-24 13:12:43,749] {processor.py:163} INFO - Started process (PID=44337) to work on /home/dante/DWBI/Apache/py_env/lib/python3.8/site-packages/airflow/example_dags/tutorial_taskflow_api_etl_virtualenv.py
[2021-11-24 13:12:43,752] {processor.py:620} INFO - Processing file /home/dante/DWBI/Apache/py_env/lib/python3.8/site-packages/airflow/example_dags/tutorial_taskflow_api_etl_virtualenv.py for tasks to queue
[2021-11-24 13:12:43,753] {logging_mixin.py:109} INFO - [2021-11-24 13:12:43,753] {dagbag.py:500} INFO - Filling up the DagBag from /home/dante/DWBI/Apache/py_env/lib/python3.8/site-packages/airflow/example_dags/tutorial_taskflow_api_etl_virtualenv.py
[2021-11-24 13:12:43,786] {processor.py:632} INFO - DAG(s) dict_keys(['tutorial_taskflow_api_etl_virtualenv']) retrieved from /home/dante/DWBI/Apache/py_env/lib/python3.8/site-packages/airflow/example_dags/tutorial_taskflow_api_etl_virtualenv.py
[2021-11-24 13:12:43,920] {logging_mixin.py:109} INFO - [2021-11-24 13:12:43,920] {dag.py:2389} INFO - Sync 1 DAGs
[2021-11-24 13:12:43,927] {logging_mixin.py:109} INFO - [2021-11-24 13:12:43,927] {dag.py:2921} INFO - Setting next_dagrun for tutorial_taskflow_api_etl_virtualenv to None
[2021-11-24 13:12:43,935] {processor.py:171} INFO - Processing /home/dante/DWBI/Apache/py_env/lib/python3.8/site-packages/airflow/example_dags/tutorial_taskflow_api_etl_virtualenv.py took 0.193 seconds
[2021-11-24 13:13:21,637] {processor.py:163} INFO - Started process (PID=44486) to work on /home/dante/DWBI/Apache/py_env/lib/python3.8/site-packages/airflow/example_dags/tutorial_taskflow_api_etl_virtualenv.py
[2021-11-24 13:13:21,641] {processor.py:620} INFO - Processing file /home/dante/DWBI/Apache/py_env/lib/python3.8/site-packages/airflow/example_dags/tutorial_taskflow_api_etl_virtualenv.py for tasks to queue
[2021-11-24 13:13:21,642] {logging_mixin.py:109} INFO - [2021-11-24 13:13:21,642] {dagbag.py:500} INFO - Filling up the DagBag from /home/dante/DWBI/Apache/py_env/lib/python3.8/site-packages/airflow/example_dags/tutorial_taskflow_api_etl_virtualenv.py
[2021-11-24 13:13:21,667] {processor.py:632} INFO - DAG(s) dict_keys(['tutorial_taskflow_api_etl_virtualenv']) retrieved from /home/dante/DWBI/Apache/py_env/lib/python3.8/site-packages/airflow/example_dags/tutorial_taskflow_api_etl_virtualenv.py
[2021-11-24 13:13:21,808] {logging_mixin.py:109} INFO - [2021-11-24 13:13:21,808] {dag.py:2389} INFO - Sync 1 DAGs
[2021-11-24 13:13:21,815] {logging_mixin.py:109} INFO - [2021-11-24 13:13:21,815] {dag.py:2921} INFO - Setting next_dagrun for tutorial_taskflow_api_etl_virtualenv to None
[2021-11-24 13:13:21,827] {processor.py:171} INFO - Processing /home/dante/DWBI/Apache/py_env/lib/python3.8/site-packages/airflow/example_dags/tutorial_taskflow_api_etl_virtualenv.py took 0.198 seconds
[2021-11-24 13:13:53,850] {processor.py:163} INFO - Started process (PID=44548) to work on /home/dante/DWBI/Apache/py_env/lib/python3.8/site-packages/airflow/example_dags/tutorial_taskflow_api_etl_virtualenv.py
[2021-11-24 13:13:53,860] {processor.py:620} INFO - Processing file /home/dante/DWBI/Apache/py_env/lib/python3.8/site-packages/airflow/example_dags/tutorial_taskflow_api_etl_virtualenv.py for tasks to queue
[2021-11-24 13:13:53,861] {logging_mixin.py:109} INFO - [2021-11-24 13:13:53,861] {dagbag.py:500} INFO - Filling up the DagBag from /home/dante/DWBI/Apache/py_env/lib/python3.8/site-packages/airflow/example_dags/tutorial_taskflow_api_etl_virtualenv.py
[2021-11-24 13:13:53,896] {processor.py:632} INFO - DAG(s) dict_keys(['tutorial_taskflow_api_etl_virtualenv']) retrieved from /home/dante/DWBI/Apache/py_env/lib/python3.8/site-packages/airflow/example_dags/tutorial_taskflow_api_etl_virtualenv.py
[2021-11-24 13:13:54,035] {logging_mixin.py:109} INFO - [2021-11-24 13:13:54,035] {dag.py:2389} INFO - Sync 1 DAGs
[2021-11-24 13:13:54,042] {logging_mixin.py:109} INFO - [2021-11-24 13:13:54,042] {dag.py:2921} INFO - Setting next_dagrun for tutorial_taskflow_api_etl_virtualenv to None
[2021-11-24 13:13:54,050] {processor.py:171} INFO - Processing /home/dante/DWBI/Apache/py_env/lib/python3.8/site-packages/airflow/example_dags/tutorial_taskflow_api_etl_virtualenv.py took 0.203 seconds
[2021-11-24 13:14:32,341] {processor.py:163} INFO - Started process (PID=44682) to work on /home/dante/DWBI/Apache/py_env/lib/python3.8/site-packages/airflow/example_dags/tutorial_taskflow_api_etl_virtualenv.py
[2021-11-24 13:14:32,352] {processor.py:620} INFO - Processing file /home/dante/DWBI/Apache/py_env/lib/python3.8/site-packages/airflow/example_dags/tutorial_taskflow_api_etl_virtualenv.py for tasks to queue
[2021-11-24 13:14:32,353] {logging_mixin.py:109} INFO - [2021-11-24 13:14:32,353] {dagbag.py:500} INFO - Filling up the DagBag from /home/dante/DWBI/Apache/py_env/lib/python3.8/site-packages/airflow/example_dags/tutorial_taskflow_api_etl_virtualenv.py
[2021-11-24 13:14:32,390] {processor.py:632} INFO - DAG(s) dict_keys(['tutorial_taskflow_api_etl_virtualenv']) retrieved from /home/dante/DWBI/Apache/py_env/lib/python3.8/site-packages/airflow/example_dags/tutorial_taskflow_api_etl_virtualenv.py
[2021-11-24 13:14:32,537] {logging_mixin.py:109} INFO - [2021-11-24 13:14:32,537] {dag.py:2389} INFO - Sync 1 DAGs
[2021-11-24 13:14:32,544] {logging_mixin.py:109} INFO - [2021-11-24 13:14:32,544] {dag.py:2921} INFO - Setting next_dagrun for tutorial_taskflow_api_etl_virtualenv to None
[2021-11-24 13:14:32,552] {processor.py:171} INFO - Processing /home/dante/DWBI/Apache/py_env/lib/python3.8/site-packages/airflow/example_dags/tutorial_taskflow_api_etl_virtualenv.py took 0.218 seconds
[2021-11-24 13:15:09,965] {processor.py:163} INFO - Started process (PID=44770) to work on /home/dante/DWBI/Apache/py_env/lib/python3.8/site-packages/airflow/example_dags/tutorial_taskflow_api_etl_virtualenv.py
[2021-11-24 13:15:09,974] {processor.py:620} INFO - Processing file /home/dante/DWBI/Apache/py_env/lib/python3.8/site-packages/airflow/example_dags/tutorial_taskflow_api_etl_virtualenv.py for tasks to queue
[2021-11-24 13:15:09,975] {logging_mixin.py:109} INFO - [2021-11-24 13:15:09,975] {dagbag.py:500} INFO - Filling up the DagBag from /home/dante/DWBI/Apache/py_env/lib/python3.8/site-packages/airflow/example_dags/tutorial_taskflow_api_etl_virtualenv.py
[2021-11-24 13:15:10,001] {processor.py:632} INFO - DAG(s) dict_keys(['tutorial_taskflow_api_etl_virtualenv']) retrieved from /home/dante/DWBI/Apache/py_env/lib/python3.8/site-packages/airflow/example_dags/tutorial_taskflow_api_etl_virtualenv.py
[2021-11-24 13:15:10,137] {logging_mixin.py:109} INFO - [2021-11-24 13:15:10,137] {dag.py:2389} INFO - Sync 1 DAGs
[2021-11-24 13:15:10,143] {logging_mixin.py:109} INFO - [2021-11-24 13:15:10,143] {dag.py:2921} INFO - Setting next_dagrun for tutorial_taskflow_api_etl_virtualenv to None
[2021-11-24 13:15:10,151] {processor.py:171} INFO - Processing /home/dante/DWBI/Apache/py_env/lib/python3.8/site-packages/airflow/example_dags/tutorial_taskflow_api_etl_virtualenv.py took 0.188 seconds
[2021-11-24 13:15:42,293] {processor.py:163} INFO - Started process (PID=44823) to work on /home/dante/DWBI/Apache/py_env/lib/python3.8/site-packages/airflow/example_dags/tutorial_taskflow_api_etl_virtualenv.py
[2021-11-24 13:15:42,303] {processor.py:620} INFO - Processing file /home/dante/DWBI/Apache/py_env/lib/python3.8/site-packages/airflow/example_dags/tutorial_taskflow_api_etl_virtualenv.py for tasks to queue
[2021-11-24 13:15:42,304] {logging_mixin.py:109} INFO - [2021-11-24 13:15:42,304] {dagbag.py:500} INFO - Filling up the DagBag from /home/dante/DWBI/Apache/py_env/lib/python3.8/site-packages/airflow/example_dags/tutorial_taskflow_api_etl_virtualenv.py
[2021-11-24 13:15:42,321] {processor.py:632} INFO - DAG(s) dict_keys(['tutorial_taskflow_api_etl_virtualenv']) retrieved from /home/dante/DWBI/Apache/py_env/lib/python3.8/site-packages/airflow/example_dags/tutorial_taskflow_api_etl_virtualenv.py
[2021-11-24 13:15:42,462] {logging_mixin.py:109} INFO - [2021-11-24 13:15:42,462] {dag.py:2389} INFO - Sync 1 DAGs
[2021-11-24 13:15:42,469] {logging_mixin.py:109} INFO - [2021-11-24 13:15:42,469] {dag.py:2921} INFO - Setting next_dagrun for tutorial_taskflow_api_etl_virtualenv to None
[2021-11-24 13:15:42,478] {processor.py:171} INFO - Processing /home/dante/DWBI/Apache/py_env/lib/python3.8/site-packages/airflow/example_dags/tutorial_taskflow_api_etl_virtualenv.py took 0.187 seconds
[2021-11-24 13:16:14,865] {processor.py:163} INFO - Started process (PID=45339) to work on /home/dante/DWBI/Apache/py_env/lib/python3.8/site-packages/airflow/example_dags/tutorial_taskflow_api_etl_virtualenv.py
[2021-11-24 13:16:14,867] {processor.py:620} INFO - Processing file /home/dante/DWBI/Apache/py_env/lib/python3.8/site-packages/airflow/example_dags/tutorial_taskflow_api_etl_virtualenv.py for tasks to queue
[2021-11-24 13:16:14,868] {logging_mixin.py:109} INFO - [2021-11-24 13:16:14,868] {dagbag.py:500} INFO - Filling up the DagBag from /home/dante/DWBI/Apache/py_env/lib/python3.8/site-packages/airflow/example_dags/tutorial_taskflow_api_etl_virtualenv.py
[2021-11-24 13:16:14,895] {processor.py:632} INFO - DAG(s) dict_keys(['tutorial_taskflow_api_etl_virtualenv']) retrieved from /home/dante/DWBI/Apache/py_env/lib/python3.8/site-packages/airflow/example_dags/tutorial_taskflow_api_etl_virtualenv.py
[2021-11-24 13:16:15,054] {logging_mixin.py:109} INFO - [2021-11-24 13:16:15,054] {dag.py:2389} INFO - Sync 1 DAGs
[2021-11-24 13:16:15,062] {logging_mixin.py:109} INFO - [2021-11-24 13:16:15,062] {dag.py:2921} INFO - Setting next_dagrun for tutorial_taskflow_api_etl_virtualenv to None
[2021-11-24 13:16:15,072] {processor.py:171} INFO - Processing /home/dante/DWBI/Apache/py_env/lib/python3.8/site-packages/airflow/example_dags/tutorial_taskflow_api_etl_virtualenv.py took 0.210 seconds
[2021-11-24 13:16:50,464] {processor.py:163} INFO - Started process (PID=45425) to work on /home/dante/DWBI/Apache/py_env/lib/python3.8/site-packages/airflow/example_dags/tutorial_taskflow_api_etl_virtualenv.py
[2021-11-24 13:16:50,468] {processor.py:620} INFO - Processing file /home/dante/DWBI/Apache/py_env/lib/python3.8/site-packages/airflow/example_dags/tutorial_taskflow_api_etl_virtualenv.py for tasks to queue
[2021-11-24 13:16:50,469] {logging_mixin.py:109} INFO - [2021-11-24 13:16:50,469] {dagbag.py:500} INFO - Filling up the DagBag from /home/dante/DWBI/Apache/py_env/lib/python3.8/site-packages/airflow/example_dags/tutorial_taskflow_api_etl_virtualenv.py
[2021-11-24 13:16:50,503] {processor.py:632} INFO - DAG(s) dict_keys(['tutorial_taskflow_api_etl_virtualenv']) retrieved from /home/dante/DWBI/Apache/py_env/lib/python3.8/site-packages/airflow/example_dags/tutorial_taskflow_api_etl_virtualenv.py
[2021-11-24 13:16:50,710] {logging_mixin.py:109} INFO - [2021-11-24 13:16:50,709] {dag.py:2389} INFO - Sync 1 DAGs
[2021-11-24 13:16:50,719] {logging_mixin.py:109} INFO - [2021-11-24 13:16:50,719] {dag.py:2921} INFO - Setting next_dagrun for tutorial_taskflow_api_etl_virtualenv to None
[2021-11-24 13:16:50,732] {processor.py:171} INFO - Processing /home/dante/DWBI/Apache/py_env/lib/python3.8/site-packages/airflow/example_dags/tutorial_taskflow_api_etl_virtualenv.py took 0.276 seconds
[2021-11-24 13:17:27,537] {processor.py:163} INFO - Started process (PID=45562) to work on /home/dante/DWBI/Apache/py_env/lib/python3.8/site-packages/airflow/example_dags/tutorial_taskflow_api_etl_virtualenv.py
[2021-11-24 13:17:27,546] {processor.py:620} INFO - Processing file /home/dante/DWBI/Apache/py_env/lib/python3.8/site-packages/airflow/example_dags/tutorial_taskflow_api_etl_virtualenv.py for tasks to queue
[2021-11-24 13:17:27,547] {logging_mixin.py:109} INFO - [2021-11-24 13:17:27,547] {dagbag.py:500} INFO - Filling up the DagBag from /home/dante/DWBI/Apache/py_env/lib/python3.8/site-packages/airflow/example_dags/tutorial_taskflow_api_etl_virtualenv.py
[2021-11-24 13:17:27,570] {processor.py:632} INFO - DAG(s) dict_keys(['tutorial_taskflow_api_etl_virtualenv']) retrieved from /home/dante/DWBI/Apache/py_env/lib/python3.8/site-packages/airflow/example_dags/tutorial_taskflow_api_etl_virtualenv.py
[2021-11-24 13:17:27,702] {logging_mixin.py:109} INFO - [2021-11-24 13:17:27,702] {dag.py:2389} INFO - Sync 1 DAGs
[2021-11-24 13:17:27,709] {logging_mixin.py:109} INFO - [2021-11-24 13:17:27,709] {dag.py:2921} INFO - Setting next_dagrun for tutorial_taskflow_api_etl_virtualenv to None
[2021-11-24 13:17:27,719] {processor.py:171} INFO - Processing /home/dante/DWBI/Apache/py_env/lib/python3.8/site-packages/airflow/example_dags/tutorial_taskflow_api_etl_virtualenv.py took 0.184 seconds
[2021-11-24 13:17:59,280] {processor.py:163} INFO - Started process (PID=45602) to work on /home/dante/DWBI/Apache/py_env/lib/python3.8/site-packages/airflow/example_dags/tutorial_taskflow_api_etl_virtualenv.py
[2021-11-24 13:17:59,282] {processor.py:620} INFO - Processing file /home/dante/DWBI/Apache/py_env/lib/python3.8/site-packages/airflow/example_dags/tutorial_taskflow_api_etl_virtualenv.py for tasks to queue
[2021-11-24 13:17:59,282] {logging_mixin.py:109} INFO - [2021-11-24 13:17:59,282] {dagbag.py:500} INFO - Filling up the DagBag from /home/dante/DWBI/Apache/py_env/lib/python3.8/site-packages/airflow/example_dags/tutorial_taskflow_api_etl_virtualenv.py
[2021-11-24 13:17:59,301] {processor.py:632} INFO - DAG(s) dict_keys(['tutorial_taskflow_api_etl_virtualenv']) retrieved from /home/dante/DWBI/Apache/py_env/lib/python3.8/site-packages/airflow/example_dags/tutorial_taskflow_api_etl_virtualenv.py
[2021-11-24 13:17:59,439] {logging_mixin.py:109} INFO - [2021-11-24 13:17:59,439] {dag.py:2389} INFO - Sync 1 DAGs
[2021-11-24 13:17:59,445] {logging_mixin.py:109} INFO - [2021-11-24 13:17:59,445] {dag.py:2921} INFO - Setting next_dagrun for tutorial_taskflow_api_etl_virtualenv to None
[2021-11-24 13:17:59,453] {processor.py:171} INFO - Processing /home/dante/DWBI/Apache/py_env/lib/python3.8/site-packages/airflow/example_dags/tutorial_taskflow_api_etl_virtualenv.py took 0.176 seconds
[2021-11-24 13:18:31,021] {processor.py:163} INFO - Started process (PID=45669) to work on /home/dante/DWBI/Apache/py_env/lib/python3.8/site-packages/airflow/example_dags/tutorial_taskflow_api_etl_virtualenv.py
[2021-11-24 13:18:31,024] {processor.py:620} INFO - Processing file /home/dante/DWBI/Apache/py_env/lib/python3.8/site-packages/airflow/example_dags/tutorial_taskflow_api_etl_virtualenv.py for tasks to queue
[2021-11-24 13:18:31,026] {logging_mixin.py:109} INFO - [2021-11-24 13:18:31,026] {dagbag.py:500} INFO - Filling up the DagBag from /home/dante/DWBI/Apache/py_env/lib/python3.8/site-packages/airflow/example_dags/tutorial_taskflow_api_etl_virtualenv.py
[2021-11-24 13:18:31,046] {processor.py:632} INFO - DAG(s) dict_keys(['tutorial_taskflow_api_etl_virtualenv']) retrieved from /home/dante/DWBI/Apache/py_env/lib/python3.8/site-packages/airflow/example_dags/tutorial_taskflow_api_etl_virtualenv.py
[2021-11-24 13:18:31,180] {logging_mixin.py:109} INFO - [2021-11-24 13:18:31,180] {dag.py:2389} INFO - Sync 1 DAGs
[2021-11-24 13:18:31,186] {logging_mixin.py:109} INFO - [2021-11-24 13:18:31,186] {dag.py:2921} INFO - Setting next_dagrun for tutorial_taskflow_api_etl_virtualenv to None
[2021-11-24 13:18:31,194] {processor.py:171} INFO - Processing /home/dante/DWBI/Apache/py_env/lib/python3.8/site-packages/airflow/example_dags/tutorial_taskflow_api_etl_virtualenv.py took 0.180 seconds
[2021-11-24 13:19:02,087] {processor.py:163} INFO - Started process (PID=45716) to work on /home/dante/DWBI/Apache/py_env/lib/python3.8/site-packages/airflow/example_dags/tutorial_taskflow_api_etl_virtualenv.py
[2021-11-24 13:19:02,090] {processor.py:620} INFO - Processing file /home/dante/DWBI/Apache/py_env/lib/python3.8/site-packages/airflow/example_dags/tutorial_taskflow_api_etl_virtualenv.py for tasks to queue
[2021-11-24 13:19:02,090] {logging_mixin.py:109} INFO - [2021-11-24 13:19:02,090] {dagbag.py:500} INFO - Filling up the DagBag from /home/dante/DWBI/Apache/py_env/lib/python3.8/site-packages/airflow/example_dags/tutorial_taskflow_api_etl_virtualenv.py
[2021-11-24 13:19:02,107] {processor.py:632} INFO - DAG(s) dict_keys(['tutorial_taskflow_api_etl_virtualenv']) retrieved from /home/dante/DWBI/Apache/py_env/lib/python3.8/site-packages/airflow/example_dags/tutorial_taskflow_api_etl_virtualenv.py
[2021-11-24 13:19:02,257] {logging_mixin.py:109} INFO - [2021-11-24 13:19:02,257] {dag.py:2389} INFO - Sync 1 DAGs
[2021-11-24 13:19:02,265] {logging_mixin.py:109} INFO - [2021-11-24 13:19:02,265] {dag.py:2921} INFO - Setting next_dagrun for tutorial_taskflow_api_etl_virtualenv to None
[2021-11-24 13:19:02,276] {processor.py:171} INFO - Processing /home/dante/DWBI/Apache/py_env/lib/python3.8/site-packages/airflow/example_dags/tutorial_taskflow_api_etl_virtualenv.py took 0.191 seconds
[2021-11-24 13:19:35,447] {processor.py:163} INFO - Started process (PID=45762) to work on /home/dante/DWBI/Apache/py_env/lib/python3.8/site-packages/airflow/example_dags/tutorial_taskflow_api_etl_virtualenv.py
[2021-11-24 13:19:35,458] {processor.py:620} INFO - Processing file /home/dante/DWBI/Apache/py_env/lib/python3.8/site-packages/airflow/example_dags/tutorial_taskflow_api_etl_virtualenv.py for tasks to queue
[2021-11-24 13:19:35,459] {logging_mixin.py:109} INFO - [2021-11-24 13:19:35,458] {dagbag.py:500} INFO - Filling up the DagBag from /home/dante/DWBI/Apache/py_env/lib/python3.8/site-packages/airflow/example_dags/tutorial_taskflow_api_etl_virtualenv.py
[2021-11-24 13:19:35,484] {processor.py:632} INFO - DAG(s) dict_keys(['tutorial_taskflow_api_etl_virtualenv']) retrieved from /home/dante/DWBI/Apache/py_env/lib/python3.8/site-packages/airflow/example_dags/tutorial_taskflow_api_etl_virtualenv.py
[2021-11-24 13:19:35,617] {logging_mixin.py:109} INFO - [2021-11-24 13:19:35,617] {dag.py:2389} INFO - Sync 1 DAGs
[2021-11-24 13:19:35,624] {logging_mixin.py:109} INFO - [2021-11-24 13:19:35,624] {dag.py:2921} INFO - Setting next_dagrun for tutorial_taskflow_api_etl_virtualenv to None
[2021-11-24 13:19:35,636] {processor.py:171} INFO - Processing /home/dante/DWBI/Apache/py_env/lib/python3.8/site-packages/airflow/example_dags/tutorial_taskflow_api_etl_virtualenv.py took 0.191 seconds
[2021-11-24 13:20:09,079] {processor.py:163} INFO - Started process (PID=45810) to work on /home/dante/DWBI/Apache/py_env/lib/python3.8/site-packages/airflow/example_dags/tutorial_taskflow_api_etl_virtualenv.py
[2021-11-24 13:20:09,081] {processor.py:620} INFO - Processing file /home/dante/DWBI/Apache/py_env/lib/python3.8/site-packages/airflow/example_dags/tutorial_taskflow_api_etl_virtualenv.py for tasks to queue
[2021-11-24 13:20:09,081] {logging_mixin.py:109} INFO - [2021-11-24 13:20:09,081] {dagbag.py:500} INFO - Filling up the DagBag from /home/dante/DWBI/Apache/py_env/lib/python3.8/site-packages/airflow/example_dags/tutorial_taskflow_api_etl_virtualenv.py
[2021-11-24 13:20:09,099] {processor.py:632} INFO - DAG(s) dict_keys(['tutorial_taskflow_api_etl_virtualenv']) retrieved from /home/dante/DWBI/Apache/py_env/lib/python3.8/site-packages/airflow/example_dags/tutorial_taskflow_api_etl_virtualenv.py
[2021-11-24 13:20:09,246] {logging_mixin.py:109} INFO - [2021-11-24 13:20:09,246] {dag.py:2389} INFO - Sync 1 DAGs
[2021-11-24 13:20:09,254] {logging_mixin.py:109} INFO - [2021-11-24 13:20:09,254] {dag.py:2921} INFO - Setting next_dagrun for tutorial_taskflow_api_etl_virtualenv to None
[2021-11-24 13:20:09,264] {processor.py:171} INFO - Processing /home/dante/DWBI/Apache/py_env/lib/python3.8/site-packages/airflow/example_dags/tutorial_taskflow_api_etl_virtualenv.py took 0.187 seconds
[2021-11-24 13:20:42,508] {processor.py:163} INFO - Started process (PID=45854) to work on /home/dante/DWBI/Apache/py_env/lib/python3.8/site-packages/airflow/example_dags/tutorial_taskflow_api_etl_virtualenv.py
[2021-11-24 13:20:42,520] {processor.py:620} INFO - Processing file /home/dante/DWBI/Apache/py_env/lib/python3.8/site-packages/airflow/example_dags/tutorial_taskflow_api_etl_virtualenv.py for tasks to queue
[2021-11-24 13:20:42,521] {logging_mixin.py:109} INFO - [2021-11-24 13:20:42,521] {dagbag.py:500} INFO - Filling up the DagBag from /home/dante/DWBI/Apache/py_env/lib/python3.8/site-packages/airflow/example_dags/tutorial_taskflow_api_etl_virtualenv.py
[2021-11-24 13:20:42,562] {processor.py:632} INFO - DAG(s) dict_keys(['tutorial_taskflow_api_etl_virtualenv']) retrieved from /home/dante/DWBI/Apache/py_env/lib/python3.8/site-packages/airflow/example_dags/tutorial_taskflow_api_etl_virtualenv.py
[2021-11-24 13:20:42,692] {logging_mixin.py:109} INFO - [2021-11-24 13:20:42,692] {dag.py:2389} INFO - Sync 1 DAGs
[2021-11-24 13:20:42,699] {logging_mixin.py:109} INFO - [2021-11-24 13:20:42,699] {dag.py:2921} INFO - Setting next_dagrun for tutorial_taskflow_api_etl_virtualenv to None
[2021-11-24 13:20:42,708] {processor.py:171} INFO - Processing /home/dante/DWBI/Apache/py_env/lib/python3.8/site-packages/airflow/example_dags/tutorial_taskflow_api_etl_virtualenv.py took 0.203 seconds
[2021-11-24 13:21:16,030] {processor.py:163} INFO - Started process (PID=45910) to work on /home/dante/DWBI/Apache/py_env/lib/python3.8/site-packages/airflow/example_dags/tutorial_taskflow_api_etl_virtualenv.py
[2021-11-24 13:21:16,039] {processor.py:620} INFO - Processing file /home/dante/DWBI/Apache/py_env/lib/python3.8/site-packages/airflow/example_dags/tutorial_taskflow_api_etl_virtualenv.py for tasks to queue
[2021-11-24 13:21:16,040] {logging_mixin.py:109} INFO - [2021-11-24 13:21:16,040] {dagbag.py:500} INFO - Filling up the DagBag from /home/dante/DWBI/Apache/py_env/lib/python3.8/site-packages/airflow/example_dags/tutorial_taskflow_api_etl_virtualenv.py
[2021-11-24 13:21:16,058] {processor.py:632} INFO - DAG(s) dict_keys(['tutorial_taskflow_api_etl_virtualenv']) retrieved from /home/dante/DWBI/Apache/py_env/lib/python3.8/site-packages/airflow/example_dags/tutorial_taskflow_api_etl_virtualenv.py
[2021-11-24 13:21:16,192] {logging_mixin.py:109} INFO - [2021-11-24 13:21:16,192] {dag.py:2389} INFO - Sync 1 DAGs
[2021-11-24 13:21:16,200] {logging_mixin.py:109} INFO - [2021-11-24 13:21:16,200] {dag.py:2921} INFO - Setting next_dagrun for tutorial_taskflow_api_etl_virtualenv to None
[2021-11-24 13:21:16,217] {processor.py:171} INFO - Processing /home/dante/DWBI/Apache/py_env/lib/python3.8/site-packages/airflow/example_dags/tutorial_taskflow_api_etl_virtualenv.py took 0.189 seconds
[2021-11-24 13:21:50,213] {processor.py:163} INFO - Started process (PID=45997) to work on /home/dante/DWBI/Apache/py_env/lib/python3.8/site-packages/airflow/example_dags/tutorial_taskflow_api_etl_virtualenv.py
[2021-11-24 13:21:50,214] {processor.py:620} INFO - Processing file /home/dante/DWBI/Apache/py_env/lib/python3.8/site-packages/airflow/example_dags/tutorial_taskflow_api_etl_virtualenv.py for tasks to queue
[2021-11-24 13:21:50,215] {logging_mixin.py:109} INFO - [2021-11-24 13:21:50,215] {dagbag.py:500} INFO - Filling up the DagBag from /home/dante/DWBI/Apache/py_env/lib/python3.8/site-packages/airflow/example_dags/tutorial_taskflow_api_etl_virtualenv.py
[2021-11-24 13:21:50,241] {processor.py:632} INFO - DAG(s) dict_keys(['tutorial_taskflow_api_etl_virtualenv']) retrieved from /home/dante/DWBI/Apache/py_env/lib/python3.8/site-packages/airflow/example_dags/tutorial_taskflow_api_etl_virtualenv.py
[2021-11-24 13:21:50,407] {logging_mixin.py:109} INFO - [2021-11-24 13:21:50,406] {dag.py:2389} INFO - Sync 1 DAGs
[2021-11-24 13:21:50,416] {logging_mixin.py:109} INFO - [2021-11-24 13:21:50,416] {dag.py:2921} INFO - Setting next_dagrun for tutorial_taskflow_api_etl_virtualenv to None
[2021-11-24 13:21:50,425] {processor.py:171} INFO - Processing /home/dante/DWBI/Apache/py_env/lib/python3.8/site-packages/airflow/example_dags/tutorial_taskflow_api_etl_virtualenv.py took 0.215 seconds
[2021-11-24 13:22:27,845] {processor.py:163} INFO - Started process (PID=46064) to work on /home/dante/DWBI/Apache/py_env/lib/python3.8/site-packages/airflow/example_dags/tutorial_taskflow_api_etl_virtualenv.py
[2021-11-24 13:22:27,855] {processor.py:620} INFO - Processing file /home/dante/DWBI/Apache/py_env/lib/python3.8/site-packages/airflow/example_dags/tutorial_taskflow_api_etl_virtualenv.py for tasks to queue
[2021-11-24 13:22:27,856] {logging_mixin.py:109} INFO - [2021-11-24 13:22:27,855] {dagbag.py:500} INFO - Filling up the DagBag from /home/dante/DWBI/Apache/py_env/lib/python3.8/site-packages/airflow/example_dags/tutorial_taskflow_api_etl_virtualenv.py
[2021-11-24 13:22:27,875] {processor.py:632} INFO - DAG(s) dict_keys(['tutorial_taskflow_api_etl_virtualenv']) retrieved from /home/dante/DWBI/Apache/py_env/lib/python3.8/site-packages/airflow/example_dags/tutorial_taskflow_api_etl_virtualenv.py
[2021-11-24 13:22:28,021] {logging_mixin.py:109} INFO - [2021-11-24 13:22:28,021] {dag.py:2389} INFO - Sync 1 DAGs
[2021-11-24 13:22:28,030] {logging_mixin.py:109} INFO - [2021-11-24 13:22:28,030] {dag.py:2921} INFO - Setting next_dagrun for tutorial_taskflow_api_etl_virtualenv to None
[2021-11-24 13:22:28,039] {processor.py:171} INFO - Processing /home/dante/DWBI/Apache/py_env/lib/python3.8/site-packages/airflow/example_dags/tutorial_taskflow_api_etl_virtualenv.py took 0.200 seconds
[2021-11-24 13:23:00,619] {processor.py:163} INFO - Started process (PID=46437) to work on /home/dante/DWBI/Apache/py_env/lib/python3.8/site-packages/airflow/example_dags/tutorial_taskflow_api_etl_virtualenv.py
[2021-11-24 13:23:00,623] {processor.py:620} INFO - Processing file /home/dante/DWBI/Apache/py_env/lib/python3.8/site-packages/airflow/example_dags/tutorial_taskflow_api_etl_virtualenv.py for tasks to queue
[2021-11-24 13:23:00,624] {logging_mixin.py:109} INFO - [2021-11-24 13:23:00,624] {dagbag.py:500} INFO - Filling up the DagBag from /home/dante/DWBI/Apache/py_env/lib/python3.8/site-packages/airflow/example_dags/tutorial_taskflow_api_etl_virtualenv.py
[2021-11-24 13:23:00,659] {processor.py:632} INFO - DAG(s) dict_keys(['tutorial_taskflow_api_etl_virtualenv']) retrieved from /home/dante/DWBI/Apache/py_env/lib/python3.8/site-packages/airflow/example_dags/tutorial_taskflow_api_etl_virtualenv.py
[2021-11-24 13:23:00,819] {logging_mixin.py:109} INFO - [2021-11-24 13:23:00,819] {dag.py:2389} INFO - Sync 1 DAGs
[2021-11-24 13:23:00,831] {logging_mixin.py:109} INFO - [2021-11-24 13:23:00,831] {dag.py:2921} INFO - Setting next_dagrun for tutorial_taskflow_api_etl_virtualenv to None
[2021-11-24 13:23:00,844] {processor.py:171} INFO - Processing /home/dante/DWBI/Apache/py_env/lib/python3.8/site-packages/airflow/example_dags/tutorial_taskflow_api_etl_virtualenv.py took 0.231 seconds
[2021-11-24 13:23:34,198] {processor.py:163} INFO - Started process (PID=46494) to work on /home/dante/DWBI/Apache/py_env/lib/python3.8/site-packages/airflow/example_dags/tutorial_taskflow_api_etl_virtualenv.py
[2021-11-24 13:23:34,207] {processor.py:620} INFO - Processing file /home/dante/DWBI/Apache/py_env/lib/python3.8/site-packages/airflow/example_dags/tutorial_taskflow_api_etl_virtualenv.py for tasks to queue
[2021-11-24 13:23:34,208] {logging_mixin.py:109} INFO - [2021-11-24 13:23:34,208] {dagbag.py:500} INFO - Filling up the DagBag from /home/dante/DWBI/Apache/py_env/lib/python3.8/site-packages/airflow/example_dags/tutorial_taskflow_api_etl_virtualenv.py
[2021-11-24 13:23:34,240] {processor.py:632} INFO - DAG(s) dict_keys(['tutorial_taskflow_api_etl_virtualenv']) retrieved from /home/dante/DWBI/Apache/py_env/lib/python3.8/site-packages/airflow/example_dags/tutorial_taskflow_api_etl_virtualenv.py
[2021-11-24 13:23:34,386] {logging_mixin.py:109} INFO - [2021-11-24 13:23:34,386] {dag.py:2389} INFO - Sync 1 DAGs
[2021-11-24 13:23:34,392] {logging_mixin.py:109} INFO - [2021-11-24 13:23:34,392] {dag.py:2921} INFO - Setting next_dagrun for tutorial_taskflow_api_etl_virtualenv to None
[2021-11-24 13:23:34,417] {processor.py:171} INFO - Processing /home/dante/DWBI/Apache/py_env/lib/python3.8/site-packages/airflow/example_dags/tutorial_taskflow_api_etl_virtualenv.py took 0.222 seconds
[2021-11-24 13:24:10,668] {processor.py:163} INFO - Started process (PID=46561) to work on /home/dante/DWBI/Apache/py_env/lib/python3.8/site-packages/airflow/example_dags/tutorial_taskflow_api_etl_virtualenv.py
[2021-11-24 13:24:10,670] {processor.py:620} INFO - Processing file /home/dante/DWBI/Apache/py_env/lib/python3.8/site-packages/airflow/example_dags/tutorial_taskflow_api_etl_virtualenv.py for tasks to queue
[2021-11-24 13:24:10,671] {logging_mixin.py:109} INFO - [2021-11-24 13:24:10,671] {dagbag.py:500} INFO - Filling up the DagBag from /home/dante/DWBI/Apache/py_env/lib/python3.8/site-packages/airflow/example_dags/tutorial_taskflow_api_etl_virtualenv.py
[2021-11-24 13:24:10,692] {processor.py:632} INFO - DAG(s) dict_keys(['tutorial_taskflow_api_etl_virtualenv']) retrieved from /home/dante/DWBI/Apache/py_env/lib/python3.8/site-packages/airflow/example_dags/tutorial_taskflow_api_etl_virtualenv.py
[2021-11-24 13:24:10,827] {logging_mixin.py:109} INFO - [2021-11-24 13:24:10,826] {dag.py:2389} INFO - Sync 1 DAGs
[2021-11-24 13:24:10,833] {logging_mixin.py:109} INFO - [2021-11-24 13:24:10,833] {dag.py:2921} INFO - Setting next_dagrun for tutorial_taskflow_api_etl_virtualenv to None
[2021-11-24 13:24:10,841] {processor.py:171} INFO - Processing /home/dante/DWBI/Apache/py_env/lib/python3.8/site-packages/airflow/example_dags/tutorial_taskflow_api_etl_virtualenv.py took 0.175 seconds
[2021-11-24 13:24:45,414] {processor.py:163} INFO - Started process (PID=46728) to work on /home/dante/DWBI/Apache/py_env/lib/python3.8/site-packages/airflow/example_dags/tutorial_taskflow_api_etl_virtualenv.py
[2021-11-24 13:24:45,416] {processor.py:620} INFO - Processing file /home/dante/DWBI/Apache/py_env/lib/python3.8/site-packages/airflow/example_dags/tutorial_taskflow_api_etl_virtualenv.py for tasks to queue
[2021-11-24 13:24:45,416] {logging_mixin.py:109} INFO - [2021-11-24 13:24:45,416] {dagbag.py:500} INFO - Filling up the DagBag from /home/dante/DWBI/Apache/py_env/lib/python3.8/site-packages/airflow/example_dags/tutorial_taskflow_api_etl_virtualenv.py
[2021-11-24 13:24:45,434] {processor.py:632} INFO - DAG(s) dict_keys(['tutorial_taskflow_api_etl_virtualenv']) retrieved from /home/dante/DWBI/Apache/py_env/lib/python3.8/site-packages/airflow/example_dags/tutorial_taskflow_api_etl_virtualenv.py
[2021-11-24 13:24:45,602] {logging_mixin.py:109} INFO - [2021-11-24 13:24:45,602] {dag.py:2389} INFO - Sync 1 DAGs
[2021-11-24 13:24:45,611] {logging_mixin.py:109} INFO - [2021-11-24 13:24:45,611] {dag.py:2921} INFO - Setting next_dagrun for tutorial_taskflow_api_etl_virtualenv to None
[2021-11-24 13:24:45,622] {processor.py:171} INFO - Processing /home/dante/DWBI/Apache/py_env/lib/python3.8/site-packages/airflow/example_dags/tutorial_taskflow_api_etl_virtualenv.py took 0.211 seconds
[2021-11-24 13:25:22,390] {processor.py:163} INFO - Started process (PID=46807) to work on /home/dante/DWBI/Apache/py_env/lib/python3.8/site-packages/airflow/example_dags/tutorial_taskflow_api_etl_virtualenv.py
[2021-11-24 13:25:22,392] {processor.py:620} INFO - Processing file /home/dante/DWBI/Apache/py_env/lib/python3.8/site-packages/airflow/example_dags/tutorial_taskflow_api_etl_virtualenv.py for tasks to queue
[2021-11-24 13:25:22,393] {logging_mixin.py:109} INFO - [2021-11-24 13:25:22,393] {dagbag.py:500} INFO - Filling up the DagBag from /home/dante/DWBI/Apache/py_env/lib/python3.8/site-packages/airflow/example_dags/tutorial_taskflow_api_etl_virtualenv.py
[2021-11-24 13:25:22,410] {processor.py:632} INFO - DAG(s) dict_keys(['tutorial_taskflow_api_etl_virtualenv']) retrieved from /home/dante/DWBI/Apache/py_env/lib/python3.8/site-packages/airflow/example_dags/tutorial_taskflow_api_etl_virtualenv.py
[2021-11-24 13:25:22,564] {logging_mixin.py:109} INFO - [2021-11-24 13:25:22,564] {dag.py:2389} INFO - Sync 1 DAGs
[2021-11-24 13:25:22,572] {logging_mixin.py:109} INFO - [2021-11-24 13:25:22,572] {dag.py:2921} INFO - Setting next_dagrun for tutorial_taskflow_api_etl_virtualenv to None
[2021-11-24 13:25:22,581] {processor.py:171} INFO - Processing /home/dante/DWBI/Apache/py_env/lib/python3.8/site-packages/airflow/example_dags/tutorial_taskflow_api_etl_virtualenv.py took 0.192 seconds
[2021-11-24 13:25:57,929] {processor.py:163} INFO - Started process (PID=46857) to work on /home/dante/DWBI/Apache/py_env/lib/python3.8/site-packages/airflow/example_dags/tutorial_taskflow_api_etl_virtualenv.py
[2021-11-24 13:25:57,939] {processor.py:620} INFO - Processing file /home/dante/DWBI/Apache/py_env/lib/python3.8/site-packages/airflow/example_dags/tutorial_taskflow_api_etl_virtualenv.py for tasks to queue
[2021-11-24 13:25:57,939] {logging_mixin.py:109} INFO - [2021-11-24 13:25:57,939] {dagbag.py:500} INFO - Filling up the DagBag from /home/dante/DWBI/Apache/py_env/lib/python3.8/site-packages/airflow/example_dags/tutorial_taskflow_api_etl_virtualenv.py
[2021-11-24 13:25:57,957] {processor.py:632} INFO - DAG(s) dict_keys(['tutorial_taskflow_api_etl_virtualenv']) retrieved from /home/dante/DWBI/Apache/py_env/lib/python3.8/site-packages/airflow/example_dags/tutorial_taskflow_api_etl_virtualenv.py
[2021-11-24 13:25:58,118] {logging_mixin.py:109} INFO - [2021-11-24 13:25:58,118] {dag.py:2389} INFO - Sync 1 DAGs
[2021-11-24 13:25:58,128] {logging_mixin.py:109} INFO - [2021-11-24 13:25:58,128] {dag.py:2921} INFO - Setting next_dagrun for tutorial_taskflow_api_etl_virtualenv to None
[2021-11-24 13:25:58,138] {processor.py:171} INFO - Processing /home/dante/DWBI/Apache/py_env/lib/python3.8/site-packages/airflow/example_dags/tutorial_taskflow_api_etl_virtualenv.py took 0.211 seconds
[2021-11-24 13:26:34,249] {processor.py:163} INFO - Started process (PID=46935) to work on /home/dante/DWBI/Apache/py_env/lib/python3.8/site-packages/airflow/example_dags/tutorial_taskflow_api_etl_virtualenv.py
[2021-11-24 13:26:34,258] {processor.py:620} INFO - Processing file /home/dante/DWBI/Apache/py_env/lib/python3.8/site-packages/airflow/example_dags/tutorial_taskflow_api_etl_virtualenv.py for tasks to queue
[2021-11-24 13:26:34,258] {logging_mixin.py:109} INFO - [2021-11-24 13:26:34,258] {dagbag.py:500} INFO - Filling up the DagBag from /home/dante/DWBI/Apache/py_env/lib/python3.8/site-packages/airflow/example_dags/tutorial_taskflow_api_etl_virtualenv.py
[2021-11-24 13:26:34,275] {processor.py:632} INFO - DAG(s) dict_keys(['tutorial_taskflow_api_etl_virtualenv']) retrieved from /home/dante/DWBI/Apache/py_env/lib/python3.8/site-packages/airflow/example_dags/tutorial_taskflow_api_etl_virtualenv.py
[2021-11-24 13:26:34,413] {logging_mixin.py:109} INFO - [2021-11-24 13:26:34,413] {dag.py:2389} INFO - Sync 1 DAGs
[2021-11-24 13:26:34,420] {logging_mixin.py:109} INFO - [2021-11-24 13:26:34,420] {dag.py:2921} INFO - Setting next_dagrun for tutorial_taskflow_api_etl_virtualenv to None
[2021-11-24 13:26:34,431] {processor.py:171} INFO - Processing /home/dante/DWBI/Apache/py_env/lib/python3.8/site-packages/airflow/example_dags/tutorial_taskflow_api_etl_virtualenv.py took 0.183 seconds
[2021-11-24 13:27:05,602] {processor.py:163} INFO - Started process (PID=47057) to work on /home/dante/DWBI/Apache/py_env/lib/python3.8/site-packages/airflow/example_dags/tutorial_taskflow_api_etl_virtualenv.py
[2021-11-24 13:27:05,610] {processor.py:620} INFO - Processing file /home/dante/DWBI/Apache/py_env/lib/python3.8/site-packages/airflow/example_dags/tutorial_taskflow_api_etl_virtualenv.py for tasks to queue
[2021-11-24 13:27:05,611] {logging_mixin.py:109} INFO - [2021-11-24 13:27:05,611] {dagbag.py:500} INFO - Filling up the DagBag from /home/dante/DWBI/Apache/py_env/lib/python3.8/site-packages/airflow/example_dags/tutorial_taskflow_api_etl_virtualenv.py
[2021-11-24 13:27:05,637] {processor.py:632} INFO - DAG(s) dict_keys(['tutorial_taskflow_api_etl_virtualenv']) retrieved from /home/dante/DWBI/Apache/py_env/lib/python3.8/site-packages/airflow/example_dags/tutorial_taskflow_api_etl_virtualenv.py
[2021-11-24 13:27:05,774] {logging_mixin.py:109} INFO - [2021-11-24 13:27:05,774] {dag.py:2389} INFO - Sync 1 DAGs
[2021-11-24 13:27:05,781] {logging_mixin.py:109} INFO - [2021-11-24 13:27:05,781] {dag.py:2921} INFO - Setting next_dagrun for tutorial_taskflow_api_etl_virtualenv to None
[2021-11-24 13:27:05,788] {processor.py:171} INFO - Processing /home/dante/DWBI/Apache/py_env/lib/python3.8/site-packages/airflow/example_dags/tutorial_taskflow_api_etl_virtualenv.py took 0.189 seconds
[2021-11-24 13:27:37,228] {processor.py:163} INFO - Started process (PID=47106) to work on /home/dante/DWBI/Apache/py_env/lib/python3.8/site-packages/airflow/example_dags/tutorial_taskflow_api_etl_virtualenv.py
[2021-11-24 13:27:37,232] {processor.py:620} INFO - Processing file /home/dante/DWBI/Apache/py_env/lib/python3.8/site-packages/airflow/example_dags/tutorial_taskflow_api_etl_virtualenv.py for tasks to queue
[2021-11-24 13:27:37,233] {logging_mixin.py:109} INFO - [2021-11-24 13:27:37,233] {dagbag.py:500} INFO - Filling up the DagBag from /home/dante/DWBI/Apache/py_env/lib/python3.8/site-packages/airflow/example_dags/tutorial_taskflow_api_etl_virtualenv.py
[2021-11-24 13:27:37,253] {processor.py:632} INFO - DAG(s) dict_keys(['tutorial_taskflow_api_etl_virtualenv']) retrieved from /home/dante/DWBI/Apache/py_env/lib/python3.8/site-packages/airflow/example_dags/tutorial_taskflow_api_etl_virtualenv.py
[2021-11-24 13:27:37,400] {logging_mixin.py:109} INFO - [2021-11-24 13:27:37,400] {dag.py:2389} INFO - Sync 1 DAGs
[2021-11-24 13:27:37,408] {logging_mixin.py:109} INFO - [2021-11-24 13:27:37,408] {dag.py:2921} INFO - Setting next_dagrun for tutorial_taskflow_api_etl_virtualenv to None
[2021-11-24 13:27:37,418] {processor.py:171} INFO - Processing /home/dante/DWBI/Apache/py_env/lib/python3.8/site-packages/airflow/example_dags/tutorial_taskflow_api_etl_virtualenv.py took 0.195 seconds
[2021-11-24 13:28:08,726] {processor.py:163} INFO - Started process (PID=47232) to work on /home/dante/DWBI/Apache/py_env/lib/python3.8/site-packages/airflow/example_dags/tutorial_taskflow_api_etl_virtualenv.py
[2021-11-24 13:28:08,729] {processor.py:620} INFO - Processing file /home/dante/DWBI/Apache/py_env/lib/python3.8/site-packages/airflow/example_dags/tutorial_taskflow_api_etl_virtualenv.py for tasks to queue
[2021-11-24 13:28:08,730] {logging_mixin.py:109} INFO - [2021-11-24 13:28:08,730] {dagbag.py:500} INFO - Filling up the DagBag from /home/dante/DWBI/Apache/py_env/lib/python3.8/site-packages/airflow/example_dags/tutorial_taskflow_api_etl_virtualenv.py
[2021-11-24 13:28:08,760] {processor.py:632} INFO - DAG(s) dict_keys(['tutorial_taskflow_api_etl_virtualenv']) retrieved from /home/dante/DWBI/Apache/py_env/lib/python3.8/site-packages/airflow/example_dags/tutorial_taskflow_api_etl_virtualenv.py
[2021-11-24 13:28:08,932] {logging_mixin.py:109} INFO - [2021-11-24 13:28:08,932] {dag.py:2389} INFO - Sync 1 DAGs
[2021-11-24 13:28:08,941] {logging_mixin.py:109} INFO - [2021-11-24 13:28:08,941] {dag.py:2921} INFO - Setting next_dagrun for tutorial_taskflow_api_etl_virtualenv to None
[2021-11-24 13:28:08,950] {processor.py:171} INFO - Processing /home/dante/DWBI/Apache/py_env/lib/python3.8/site-packages/airflow/example_dags/tutorial_taskflow_api_etl_virtualenv.py took 0.233 seconds
[2021-11-24 13:28:40,379] {processor.py:163} INFO - Started process (PID=47323) to work on /home/dante/DWBI/Apache/py_env/lib/python3.8/site-packages/airflow/example_dags/tutorial_taskflow_api_etl_virtualenv.py
[2021-11-24 13:28:40,381] {processor.py:620} INFO - Processing file /home/dante/DWBI/Apache/py_env/lib/python3.8/site-packages/airflow/example_dags/tutorial_taskflow_api_etl_virtualenv.py for tasks to queue
[2021-11-24 13:28:40,381] {logging_mixin.py:109} INFO - [2021-11-24 13:28:40,381] {dagbag.py:500} INFO - Filling up the DagBag from /home/dante/DWBI/Apache/py_env/lib/python3.8/site-packages/airflow/example_dags/tutorial_taskflow_api_etl_virtualenv.py
[2021-11-24 13:28:40,401] {processor.py:632} INFO - DAG(s) dict_keys(['tutorial_taskflow_api_etl_virtualenv']) retrieved from /home/dante/DWBI/Apache/py_env/lib/python3.8/site-packages/airflow/example_dags/tutorial_taskflow_api_etl_virtualenv.py
[2021-11-24 13:28:40,554] {logging_mixin.py:109} INFO - [2021-11-24 13:28:40,554] {dag.py:2389} INFO - Sync 1 DAGs
[2021-11-24 13:28:40,566] {logging_mixin.py:109} INFO - [2021-11-24 13:28:40,566] {dag.py:2921} INFO - Setting next_dagrun for tutorial_taskflow_api_etl_virtualenv to None
[2021-11-24 13:28:40,579] {processor.py:171} INFO - Processing /home/dante/DWBI/Apache/py_env/lib/python3.8/site-packages/airflow/example_dags/tutorial_taskflow_api_etl_virtualenv.py took 0.202 seconds
[2021-11-24 13:29:17,231] {processor.py:163} INFO - Started process (PID=47420) to work on /home/dante/DWBI/Apache/py_env/lib/python3.8/site-packages/airflow/example_dags/tutorial_taskflow_api_etl_virtualenv.py
[2021-11-24 13:29:17,233] {processor.py:620} INFO - Processing file /home/dante/DWBI/Apache/py_env/lib/python3.8/site-packages/airflow/example_dags/tutorial_taskflow_api_etl_virtualenv.py for tasks to queue
[2021-11-24 13:29:17,233] {logging_mixin.py:109} INFO - [2021-11-24 13:29:17,233] {dagbag.py:500} INFO - Filling up the DagBag from /home/dante/DWBI/Apache/py_env/lib/python3.8/site-packages/airflow/example_dags/tutorial_taskflow_api_etl_virtualenv.py
[2021-11-24 13:29:17,249] {processor.py:632} INFO - DAG(s) dict_keys(['tutorial_taskflow_api_etl_virtualenv']) retrieved from /home/dante/DWBI/Apache/py_env/lib/python3.8/site-packages/airflow/example_dags/tutorial_taskflow_api_etl_virtualenv.py
[2021-11-24 13:29:17,417] {logging_mixin.py:109} INFO - [2021-11-24 13:29:17,416] {dag.py:2389} INFO - Sync 1 DAGs
[2021-11-24 13:29:17,425] {logging_mixin.py:109} INFO - [2021-11-24 13:29:17,425] {dag.py:2921} INFO - Setting next_dagrun for tutorial_taskflow_api_etl_virtualenv to None
[2021-11-24 13:29:17,433] {processor.py:171} INFO - Processing /home/dante/DWBI/Apache/py_env/lib/python3.8/site-packages/airflow/example_dags/tutorial_taskflow_api_etl_virtualenv.py took 0.204 seconds
[2021-11-24 13:29:53,748] {processor.py:163} INFO - Started process (PID=47477) to work on /home/dante/DWBI/Apache/py_env/lib/python3.8/site-packages/airflow/example_dags/tutorial_taskflow_api_etl_virtualenv.py
[2021-11-24 13:29:53,759] {processor.py:620} INFO - Processing file /home/dante/DWBI/Apache/py_env/lib/python3.8/site-packages/airflow/example_dags/tutorial_taskflow_api_etl_virtualenv.py for tasks to queue
[2021-11-24 13:29:53,761] {logging_mixin.py:109} INFO - [2021-11-24 13:29:53,761] {dagbag.py:500} INFO - Filling up the DagBag from /home/dante/DWBI/Apache/py_env/lib/python3.8/site-packages/airflow/example_dags/tutorial_taskflow_api_etl_virtualenv.py
[2021-11-24 13:29:53,795] {processor.py:632} INFO - DAG(s) dict_keys(['tutorial_taskflow_api_etl_virtualenv']) retrieved from /home/dante/DWBI/Apache/py_env/lib/python3.8/site-packages/airflow/example_dags/tutorial_taskflow_api_etl_virtualenv.py
[2021-11-24 13:29:53,932] {logging_mixin.py:109} INFO - [2021-11-24 13:29:53,932] {dag.py:2389} INFO - Sync 1 DAGs
[2021-11-24 13:29:53,939] {logging_mixin.py:109} INFO - [2021-11-24 13:29:53,939] {dag.py:2921} INFO - Setting next_dagrun for tutorial_taskflow_api_etl_virtualenv to None
[2021-11-24 13:29:53,954] {processor.py:171} INFO - Processing /home/dante/DWBI/Apache/py_env/lib/python3.8/site-packages/airflow/example_dags/tutorial_taskflow_api_etl_virtualenv.py took 0.212 seconds
[2021-11-24 13:30:30,028] {processor.py:163} INFO - Started process (PID=47557) to work on /home/dante/DWBI/Apache/py_env/lib/python3.8/site-packages/airflow/example_dags/tutorial_taskflow_api_etl_virtualenv.py
[2021-11-24 13:30:30,038] {processor.py:620} INFO - Processing file /home/dante/DWBI/Apache/py_env/lib/python3.8/site-packages/airflow/example_dags/tutorial_taskflow_api_etl_virtualenv.py for tasks to queue
[2021-11-24 13:30:30,039] {logging_mixin.py:109} INFO - [2021-11-24 13:30:30,039] {dagbag.py:500} INFO - Filling up the DagBag from /home/dante/DWBI/Apache/py_env/lib/python3.8/site-packages/airflow/example_dags/tutorial_taskflow_api_etl_virtualenv.py
[2021-11-24 13:30:30,059] {processor.py:632} INFO - DAG(s) dict_keys(['tutorial_taskflow_api_etl_virtualenv']) retrieved from /home/dante/DWBI/Apache/py_env/lib/python3.8/site-packages/airflow/example_dags/tutorial_taskflow_api_etl_virtualenv.py
[2021-11-24 13:30:30,201] {logging_mixin.py:109} INFO - [2021-11-24 13:30:30,201] {dag.py:2389} INFO - Sync 1 DAGs
[2021-11-24 13:30:30,207] {logging_mixin.py:109} INFO - [2021-11-24 13:30:30,207] {dag.py:2921} INFO - Setting next_dagrun for tutorial_taskflow_api_etl_virtualenv to None
[2021-11-24 13:30:30,215] {processor.py:171} INFO - Processing /home/dante/DWBI/Apache/py_env/lib/python3.8/site-packages/airflow/example_dags/tutorial_taskflow_api_etl_virtualenv.py took 0.190 seconds
[2021-11-24 13:31:06,480] {processor.py:163} INFO - Started process (PID=47609) to work on /home/dante/DWBI/Apache/py_env/lib/python3.8/site-packages/airflow/example_dags/tutorial_taskflow_api_etl_virtualenv.py
[2021-11-24 13:31:06,492] {processor.py:620} INFO - Processing file /home/dante/DWBI/Apache/py_env/lib/python3.8/site-packages/airflow/example_dags/tutorial_taskflow_api_etl_virtualenv.py for tasks to queue
[2021-11-24 13:31:06,493] {logging_mixin.py:109} INFO - [2021-11-24 13:31:06,493] {dagbag.py:500} INFO - Filling up the DagBag from /home/dante/DWBI/Apache/py_env/lib/python3.8/site-packages/airflow/example_dags/tutorial_taskflow_api_etl_virtualenv.py
[2021-11-24 13:31:06,527] {processor.py:632} INFO - DAG(s) dict_keys(['tutorial_taskflow_api_etl_virtualenv']) retrieved from /home/dante/DWBI/Apache/py_env/lib/python3.8/site-packages/airflow/example_dags/tutorial_taskflow_api_etl_virtualenv.py
[2021-11-24 13:31:06,660] {logging_mixin.py:109} INFO - [2021-11-24 13:31:06,660] {dag.py:2389} INFO - Sync 1 DAGs
[2021-11-24 13:31:06,667] {logging_mixin.py:109} INFO - [2021-11-24 13:31:06,667] {dag.py:2921} INFO - Setting next_dagrun for tutorial_taskflow_api_etl_virtualenv to None
[2021-11-24 13:31:06,683] {processor.py:171} INFO - Processing /home/dante/DWBI/Apache/py_env/lib/python3.8/site-packages/airflow/example_dags/tutorial_taskflow_api_etl_virtualenv.py took 0.208 seconds
[2021-11-24 13:31:39,217] {processor.py:163} INFO - Started process (PID=47708) to work on /home/dante/DWBI/Apache/py_env/lib/python3.8/site-packages/airflow/example_dags/tutorial_taskflow_api_etl_virtualenv.py
[2021-11-24 13:31:39,227] {processor.py:620} INFO - Processing file /home/dante/DWBI/Apache/py_env/lib/python3.8/site-packages/airflow/example_dags/tutorial_taskflow_api_etl_virtualenv.py for tasks to queue
[2021-11-24 13:31:39,228] {logging_mixin.py:109} INFO - [2021-11-24 13:31:39,227] {dagbag.py:500} INFO - Filling up the DagBag from /home/dante/DWBI/Apache/py_env/lib/python3.8/site-packages/airflow/example_dags/tutorial_taskflow_api_etl_virtualenv.py
[2021-11-24 13:31:39,258] {processor.py:632} INFO - DAG(s) dict_keys(['tutorial_taskflow_api_etl_virtualenv']) retrieved from /home/dante/DWBI/Apache/py_env/lib/python3.8/site-packages/airflow/example_dags/tutorial_taskflow_api_etl_virtualenv.py
[2021-11-24 13:31:39,405] {logging_mixin.py:109} INFO - [2021-11-24 13:31:39,405] {dag.py:2389} INFO - Sync 1 DAGs
[2021-11-24 13:31:39,412] {logging_mixin.py:109} INFO - [2021-11-24 13:31:39,412] {dag.py:2921} INFO - Setting next_dagrun for tutorial_taskflow_api_etl_virtualenv to None
[2021-11-24 13:31:39,421] {processor.py:171} INFO - Processing /home/dante/DWBI/Apache/py_env/lib/python3.8/site-packages/airflow/example_dags/tutorial_taskflow_api_etl_virtualenv.py took 0.206 seconds
[2021-11-24 13:32:14,791] {processor.py:163} INFO - Started process (PID=48000) to work on /home/dante/DWBI/Apache/py_env/lib/python3.8/site-packages/airflow/example_dags/tutorial_taskflow_api_etl_virtualenv.py
[2021-11-24 13:32:14,793] {processor.py:620} INFO - Processing file /home/dante/DWBI/Apache/py_env/lib/python3.8/site-packages/airflow/example_dags/tutorial_taskflow_api_etl_virtualenv.py for tasks to queue
[2021-11-24 13:32:14,794] {logging_mixin.py:109} INFO - [2021-11-24 13:32:14,793] {dagbag.py:500} INFO - Filling up the DagBag from /home/dante/DWBI/Apache/py_env/lib/python3.8/site-packages/airflow/example_dags/tutorial_taskflow_api_etl_virtualenv.py
[2021-11-24 13:32:14,818] {processor.py:632} INFO - DAG(s) dict_keys(['tutorial_taskflow_api_etl_virtualenv']) retrieved from /home/dante/DWBI/Apache/py_env/lib/python3.8/site-packages/airflow/example_dags/tutorial_taskflow_api_etl_virtualenv.py
[2021-11-24 13:32:14,969] {logging_mixin.py:109} INFO - [2021-11-24 13:32:14,969] {dag.py:2389} INFO - Sync 1 DAGs
[2021-11-24 13:32:14,977] {logging_mixin.py:109} INFO - [2021-11-24 13:32:14,977] {dag.py:2921} INFO - Setting next_dagrun for tutorial_taskflow_api_etl_virtualenv to None
[2021-11-24 13:32:14,985] {processor.py:171} INFO - Processing /home/dante/DWBI/Apache/py_env/lib/python3.8/site-packages/airflow/example_dags/tutorial_taskflow_api_etl_virtualenv.py took 0.198 seconds
[2021-11-24 13:32:50,544] {processor.py:163} INFO - Started process (PID=48397) to work on /home/dante/DWBI/Apache/py_env/lib/python3.8/site-packages/airflow/example_dags/tutorial_taskflow_api_etl_virtualenv.py
[2021-11-24 13:32:50,546] {processor.py:620} INFO - Processing file /home/dante/DWBI/Apache/py_env/lib/python3.8/site-packages/airflow/example_dags/tutorial_taskflow_api_etl_virtualenv.py for tasks to queue
[2021-11-24 13:32:50,546] {logging_mixin.py:109} INFO - [2021-11-24 13:32:50,546] {dagbag.py:500} INFO - Filling up the DagBag from /home/dante/DWBI/Apache/py_env/lib/python3.8/site-packages/airflow/example_dags/tutorial_taskflow_api_etl_virtualenv.py
[2021-11-24 13:32:50,563] {processor.py:632} INFO - DAG(s) dict_keys(['tutorial_taskflow_api_etl_virtualenv']) retrieved from /home/dante/DWBI/Apache/py_env/lib/python3.8/site-packages/airflow/example_dags/tutorial_taskflow_api_etl_virtualenv.py
[2021-11-24 13:32:50,714] {logging_mixin.py:109} INFO - [2021-11-24 13:32:50,714] {dag.py:2389} INFO - Sync 1 DAGs
[2021-11-24 13:32:50,721] {logging_mixin.py:109} INFO - [2021-11-24 13:32:50,721] {dag.py:2921} INFO - Setting next_dagrun for tutorial_taskflow_api_etl_virtualenv to None
[2021-11-24 13:32:50,729] {processor.py:171} INFO - Processing /home/dante/DWBI/Apache/py_env/lib/python3.8/site-packages/airflow/example_dags/tutorial_taskflow_api_etl_virtualenv.py took 0.187 seconds
[2021-11-24 13:33:26,893] {processor.py:163} INFO - Started process (PID=48513) to work on /home/dante/DWBI/Apache/py_env/lib/python3.8/site-packages/airflow/example_dags/tutorial_taskflow_api_etl_virtualenv.py
[2021-11-24 13:33:26,895] {processor.py:620} INFO - Processing file /home/dante/DWBI/Apache/py_env/lib/python3.8/site-packages/airflow/example_dags/tutorial_taskflow_api_etl_virtualenv.py for tasks to queue
[2021-11-24 13:33:26,896] {logging_mixin.py:109} INFO - [2021-11-24 13:33:26,895] {dagbag.py:500} INFO - Filling up the DagBag from /home/dante/DWBI/Apache/py_env/lib/python3.8/site-packages/airflow/example_dags/tutorial_taskflow_api_etl_virtualenv.py
[2021-11-24 13:33:26,914] {processor.py:632} INFO - DAG(s) dict_keys(['tutorial_taskflow_api_etl_virtualenv']) retrieved from /home/dante/DWBI/Apache/py_env/lib/python3.8/site-packages/airflow/example_dags/tutorial_taskflow_api_etl_virtualenv.py
[2021-11-24 13:33:27,077] {logging_mixin.py:109} INFO - [2021-11-24 13:33:27,077] {dag.py:2389} INFO - Sync 1 DAGs
[2021-11-24 13:33:27,085] {logging_mixin.py:109} INFO - [2021-11-24 13:33:27,085] {dag.py:2921} INFO - Setting next_dagrun for tutorial_taskflow_api_etl_virtualenv to None
[2021-11-24 13:33:27,095] {processor.py:171} INFO - Processing /home/dante/DWBI/Apache/py_env/lib/python3.8/site-packages/airflow/example_dags/tutorial_taskflow_api_etl_virtualenv.py took 0.204 seconds
[2021-11-24 13:33:58,172] {processor.py:163} INFO - Started process (PID=48639) to work on /home/dante/DWBI/Apache/py_env/lib/python3.8/site-packages/airflow/example_dags/tutorial_taskflow_api_etl_virtualenv.py
[2021-11-24 13:33:58,174] {processor.py:620} INFO - Processing file /home/dante/DWBI/Apache/py_env/lib/python3.8/site-packages/airflow/example_dags/tutorial_taskflow_api_etl_virtualenv.py for tasks to queue
[2021-11-24 13:33:58,174] {logging_mixin.py:109} INFO - [2021-11-24 13:33:58,174] {dagbag.py:500} INFO - Filling up the DagBag from /home/dante/DWBI/Apache/py_env/lib/python3.8/site-packages/airflow/example_dags/tutorial_taskflow_api_etl_virtualenv.py
[2021-11-24 13:33:58,192] {processor.py:632} INFO - DAG(s) dict_keys(['tutorial_taskflow_api_etl_virtualenv']) retrieved from /home/dante/DWBI/Apache/py_env/lib/python3.8/site-packages/airflow/example_dags/tutorial_taskflow_api_etl_virtualenv.py
[2021-11-24 13:33:58,356] {logging_mixin.py:109} INFO - [2021-11-24 13:33:58,356] {dag.py:2389} INFO - Sync 1 DAGs
[2021-11-24 13:33:58,365] {logging_mixin.py:109} INFO - [2021-11-24 13:33:58,365] {dag.py:2921} INFO - Setting next_dagrun for tutorial_taskflow_api_etl_virtualenv to None
[2021-11-24 13:33:58,374] {processor.py:171} INFO - Processing /home/dante/DWBI/Apache/py_env/lib/python3.8/site-packages/airflow/example_dags/tutorial_taskflow_api_etl_virtualenv.py took 0.204 seconds
[2021-11-24 13:34:29,504] {processor.py:163} INFO - Started process (PID=48738) to work on /home/dante/DWBI/Apache/py_env/lib/python3.8/site-packages/airflow/example_dags/tutorial_taskflow_api_etl_virtualenv.py
[2021-11-24 13:34:29,507] {processor.py:620} INFO - Processing file /home/dante/DWBI/Apache/py_env/lib/python3.8/site-packages/airflow/example_dags/tutorial_taskflow_api_etl_virtualenv.py for tasks to queue
[2021-11-24 13:34:29,509] {logging_mixin.py:109} INFO - [2021-11-24 13:34:29,508] {dagbag.py:500} INFO - Filling up the DagBag from /home/dante/DWBI/Apache/py_env/lib/python3.8/site-packages/airflow/example_dags/tutorial_taskflow_api_etl_virtualenv.py
[2021-11-24 13:34:29,542] {processor.py:632} INFO - DAG(s) dict_keys(['tutorial_taskflow_api_etl_virtualenv']) retrieved from /home/dante/DWBI/Apache/py_env/lib/python3.8/site-packages/airflow/example_dags/tutorial_taskflow_api_etl_virtualenv.py
[2021-11-24 13:34:29,723] {logging_mixin.py:109} INFO - [2021-11-24 13:34:29,723] {dag.py:2389} INFO - Sync 1 DAGs
[2021-11-24 13:34:29,733] {logging_mixin.py:109} INFO - [2021-11-24 13:34:29,733] {dag.py:2921} INFO - Setting next_dagrun for tutorial_taskflow_api_etl_virtualenv to None
[2021-11-24 13:34:29,744] {processor.py:171} INFO - Processing /home/dante/DWBI/Apache/py_env/lib/python3.8/site-packages/airflow/example_dags/tutorial_taskflow_api_etl_virtualenv.py took 0.247 seconds
[2021-11-24 13:35:01,774] {processor.py:163} INFO - Started process (PID=48835) to work on /home/dante/DWBI/Apache/py_env/lib/python3.8/site-packages/airflow/example_dags/tutorial_taskflow_api_etl_virtualenv.py
[2021-11-24 13:35:01,776] {processor.py:620} INFO - Processing file /home/dante/DWBI/Apache/py_env/lib/python3.8/site-packages/airflow/example_dags/tutorial_taskflow_api_etl_virtualenv.py for tasks to queue
[2021-11-24 13:35:01,777] {logging_mixin.py:109} INFO - [2021-11-24 13:35:01,777] {dagbag.py:500} INFO - Filling up the DagBag from /home/dante/DWBI/Apache/py_env/lib/python3.8/site-packages/airflow/example_dags/tutorial_taskflow_api_etl_virtualenv.py
[2021-11-24 13:35:01,793] {processor.py:632} INFO - DAG(s) dict_keys(['tutorial_taskflow_api_etl_virtualenv']) retrieved from /home/dante/DWBI/Apache/py_env/lib/python3.8/site-packages/airflow/example_dags/tutorial_taskflow_api_etl_virtualenv.py
[2021-11-24 13:35:01,948] {logging_mixin.py:109} INFO - [2021-11-24 13:35:01,948] {dag.py:2389} INFO - Sync 1 DAGs
[2021-11-24 13:35:01,955] {logging_mixin.py:109} INFO - [2021-11-24 13:35:01,955] {dag.py:2921} INFO - Setting next_dagrun for tutorial_taskflow_api_etl_virtualenv to None
[2021-11-24 13:35:01,965] {processor.py:171} INFO - Processing /home/dante/DWBI/Apache/py_env/lib/python3.8/site-packages/airflow/example_dags/tutorial_taskflow_api_etl_virtualenv.py took 0.193 seconds
[2021-11-24 13:35:39,335] {processor.py:163} INFO - Started process (PID=48930) to work on /home/dante/DWBI/Apache/py_env/lib/python3.8/site-packages/airflow/example_dags/tutorial_taskflow_api_etl_virtualenv.py
[2021-11-24 13:35:39,346] {processor.py:620} INFO - Processing file /home/dante/DWBI/Apache/py_env/lib/python3.8/site-packages/airflow/example_dags/tutorial_taskflow_api_etl_virtualenv.py for tasks to queue
[2021-11-24 13:35:39,347] {logging_mixin.py:109} INFO - [2021-11-24 13:35:39,347] {dagbag.py:500} INFO - Filling up the DagBag from /home/dante/DWBI/Apache/py_env/lib/python3.8/site-packages/airflow/example_dags/tutorial_taskflow_api_etl_virtualenv.py
[2021-11-24 13:35:39,381] {processor.py:632} INFO - DAG(s) dict_keys(['tutorial_taskflow_api_etl_virtualenv']) retrieved from /home/dante/DWBI/Apache/py_env/lib/python3.8/site-packages/airflow/example_dags/tutorial_taskflow_api_etl_virtualenv.py
[2021-11-24 13:35:39,512] {logging_mixin.py:109} INFO - [2021-11-24 13:35:39,512] {dag.py:2389} INFO - Sync 1 DAGs
[2021-11-24 13:35:39,519] {logging_mixin.py:109} INFO - [2021-11-24 13:35:39,519] {dag.py:2921} INFO - Setting next_dagrun for tutorial_taskflow_api_etl_virtualenv to None
[2021-11-24 13:35:39,527] {processor.py:171} INFO - Processing /home/dante/DWBI/Apache/py_env/lib/python3.8/site-packages/airflow/example_dags/tutorial_taskflow_api_etl_virtualenv.py took 0.199 seconds
[2021-11-24 13:36:11,771] {processor.py:163} INFO - Started process (PID=48984) to work on /home/dante/DWBI/Apache/py_env/lib/python3.8/site-packages/airflow/example_dags/tutorial_taskflow_api_etl_virtualenv.py
[2021-11-24 13:36:11,782] {processor.py:620} INFO - Processing file /home/dante/DWBI/Apache/py_env/lib/python3.8/site-packages/airflow/example_dags/tutorial_taskflow_api_etl_virtualenv.py for tasks to queue
[2021-11-24 13:36:11,784] {logging_mixin.py:109} INFO - [2021-11-24 13:36:11,784] {dagbag.py:500} INFO - Filling up the DagBag from /home/dante/DWBI/Apache/py_env/lib/python3.8/site-packages/airflow/example_dags/tutorial_taskflow_api_etl_virtualenv.py
[2021-11-24 13:36:11,819] {processor.py:632} INFO - DAG(s) dict_keys(['tutorial_taskflow_api_etl_virtualenv']) retrieved from /home/dante/DWBI/Apache/py_env/lib/python3.8/site-packages/airflow/example_dags/tutorial_taskflow_api_etl_virtualenv.py
[2021-11-24 13:36:11,970] {logging_mixin.py:109} INFO - [2021-11-24 13:36:11,970] {dag.py:2389} INFO - Sync 1 DAGs
[2021-11-24 13:36:11,979] {logging_mixin.py:109} INFO - [2021-11-24 13:36:11,979] {dag.py:2921} INFO - Setting next_dagrun for tutorial_taskflow_api_etl_virtualenv to None
[2021-11-24 13:36:12,003] {processor.py:171} INFO - Processing /home/dante/DWBI/Apache/py_env/lib/python3.8/site-packages/airflow/example_dags/tutorial_taskflow_api_etl_virtualenv.py took 0.238 seconds
[2021-11-24 13:36:43,763] {processor.py:163} INFO - Started process (PID=49099) to work on /home/dante/DWBI/Apache/py_env/lib/python3.8/site-packages/airflow/example_dags/tutorial_taskflow_api_etl_virtualenv.py
[2021-11-24 13:36:43,774] {processor.py:620} INFO - Processing file /home/dante/DWBI/Apache/py_env/lib/python3.8/site-packages/airflow/example_dags/tutorial_taskflow_api_etl_virtualenv.py for tasks to queue
[2021-11-24 13:36:43,774] {logging_mixin.py:109} INFO - [2021-11-24 13:36:43,774] {dagbag.py:500} INFO - Filling up the DagBag from /home/dante/DWBI/Apache/py_env/lib/python3.8/site-packages/airflow/example_dags/tutorial_taskflow_api_etl_virtualenv.py
[2021-11-24 13:36:43,805] {processor.py:632} INFO - DAG(s) dict_keys(['tutorial_taskflow_api_etl_virtualenv']) retrieved from /home/dante/DWBI/Apache/py_env/lib/python3.8/site-packages/airflow/example_dags/tutorial_taskflow_api_etl_virtualenv.py
[2021-11-24 13:36:43,952] {logging_mixin.py:109} INFO - [2021-11-24 13:36:43,952] {dag.py:2389} INFO - Sync 1 DAGs
[2021-11-24 13:36:43,960] {logging_mixin.py:109} INFO - [2021-11-24 13:36:43,960] {dag.py:2921} INFO - Setting next_dagrun for tutorial_taskflow_api_etl_virtualenv to None
[2021-11-24 13:36:43,989] {processor.py:171} INFO - Processing /home/dante/DWBI/Apache/py_env/lib/python3.8/site-packages/airflow/example_dags/tutorial_taskflow_api_etl_virtualenv.py took 0.229 seconds
[2021-11-24 13:37:17,767] {processor.py:163} INFO - Started process (PID=49259) to work on /home/dante/DWBI/Apache/py_env/lib/python3.8/site-packages/airflow/example_dags/tutorial_taskflow_api_etl_virtualenv.py
[2021-11-24 13:37:17,769] {processor.py:620} INFO - Processing file /home/dante/DWBI/Apache/py_env/lib/python3.8/site-packages/airflow/example_dags/tutorial_taskflow_api_etl_virtualenv.py for tasks to queue
[2021-11-24 13:37:17,769] {logging_mixin.py:109} INFO - [2021-11-24 13:37:17,769] {dagbag.py:500} INFO - Filling up the DagBag from /home/dante/DWBI/Apache/py_env/lib/python3.8/site-packages/airflow/example_dags/tutorial_taskflow_api_etl_virtualenv.py
[2021-11-24 13:37:17,790] {processor.py:632} INFO - DAG(s) dict_keys(['tutorial_taskflow_api_etl_virtualenv']) retrieved from /home/dante/DWBI/Apache/py_env/lib/python3.8/site-packages/airflow/example_dags/tutorial_taskflow_api_etl_virtualenv.py
[2021-11-24 13:37:17,930] {logging_mixin.py:109} INFO - [2021-11-24 13:37:17,930] {dag.py:2389} INFO - Sync 1 DAGs
[2021-11-24 13:37:17,938] {logging_mixin.py:109} INFO - [2021-11-24 13:37:17,938] {dag.py:2921} INFO - Setting next_dagrun for tutorial_taskflow_api_etl_virtualenv to None
[2021-11-24 13:37:17,946] {processor.py:171} INFO - Processing /home/dante/DWBI/Apache/py_env/lib/python3.8/site-packages/airflow/example_dags/tutorial_taskflow_api_etl_virtualenv.py took 0.181 seconds
[2021-11-24 13:37:53,534] {processor.py:163} INFO - Started process (PID=49325) to work on /home/dante/DWBI/Apache/py_env/lib/python3.8/site-packages/airflow/example_dags/tutorial_taskflow_api_etl_virtualenv.py
[2021-11-24 13:37:53,537] {processor.py:620} INFO - Processing file /home/dante/DWBI/Apache/py_env/lib/python3.8/site-packages/airflow/example_dags/tutorial_taskflow_api_etl_virtualenv.py for tasks to queue
[2021-11-24 13:37:53,538] {logging_mixin.py:109} INFO - [2021-11-24 13:37:53,538] {dagbag.py:500} INFO - Filling up the DagBag from /home/dante/DWBI/Apache/py_env/lib/python3.8/site-packages/airflow/example_dags/tutorial_taskflow_api_etl_virtualenv.py
[2021-11-24 13:37:53,568] {processor.py:632} INFO - DAG(s) dict_keys(['tutorial_taskflow_api_etl_virtualenv']) retrieved from /home/dante/DWBI/Apache/py_env/lib/python3.8/site-packages/airflow/example_dags/tutorial_taskflow_api_etl_virtualenv.py
[2021-11-24 13:37:53,764] {logging_mixin.py:109} INFO - [2021-11-24 13:37:53,764] {dag.py:2389} INFO - Sync 1 DAGs
[2021-11-24 13:37:53,773] {logging_mixin.py:109} INFO - [2021-11-24 13:37:53,773] {dag.py:2921} INFO - Setting next_dagrun for tutorial_taskflow_api_etl_virtualenv to None
[2021-11-24 13:37:53,783] {processor.py:171} INFO - Processing /home/dante/DWBI/Apache/py_env/lib/python3.8/site-packages/airflow/example_dags/tutorial_taskflow_api_etl_virtualenv.py took 0.254 seconds
[2021-11-24 13:38:27,950] {processor.py:163} INFO - Started process (PID=49406) to work on /home/dante/DWBI/Apache/py_env/lib/python3.8/site-packages/airflow/example_dags/tutorial_taskflow_api_etl_virtualenv.py
[2021-11-24 13:38:27,959] {processor.py:620} INFO - Processing file /home/dante/DWBI/Apache/py_env/lib/python3.8/site-packages/airflow/example_dags/tutorial_taskflow_api_etl_virtualenv.py for tasks to queue
[2021-11-24 13:38:27,960] {logging_mixin.py:109} INFO - [2021-11-24 13:38:27,960] {dagbag.py:500} INFO - Filling up the DagBag from /home/dante/DWBI/Apache/py_env/lib/python3.8/site-packages/airflow/example_dags/tutorial_taskflow_api_etl_virtualenv.py
[2021-11-24 13:38:27,983] {processor.py:632} INFO - DAG(s) dict_keys(['tutorial_taskflow_api_etl_virtualenv']) retrieved from /home/dante/DWBI/Apache/py_env/lib/python3.8/site-packages/airflow/example_dags/tutorial_taskflow_api_etl_virtualenv.py
[2021-11-24 13:38:28,119] {logging_mixin.py:109} INFO - [2021-11-24 13:38:28,119] {dag.py:2389} INFO - Sync 1 DAGs
[2021-11-24 13:38:28,126] {logging_mixin.py:109} INFO - [2021-11-24 13:38:28,126] {dag.py:2921} INFO - Setting next_dagrun for tutorial_taskflow_api_etl_virtualenv to None
[2021-11-24 13:38:28,136] {processor.py:171} INFO - Processing /home/dante/DWBI/Apache/py_env/lib/python3.8/site-packages/airflow/example_dags/tutorial_taskflow_api_etl_virtualenv.py took 0.189 seconds
[2021-11-24 13:39:04,097] {processor.py:163} INFO - Started process (PID=49461) to work on /home/dante/DWBI/Apache/py_env/lib/python3.8/site-packages/airflow/example_dags/tutorial_taskflow_api_etl_virtualenv.py
[2021-11-24 13:39:04,108] {processor.py:620} INFO - Processing file /home/dante/DWBI/Apache/py_env/lib/python3.8/site-packages/airflow/example_dags/tutorial_taskflow_api_etl_virtualenv.py for tasks to queue
[2021-11-24 13:39:04,110] {logging_mixin.py:109} INFO - [2021-11-24 13:39:04,109] {dagbag.py:500} INFO - Filling up the DagBag from /home/dante/DWBI/Apache/py_env/lib/python3.8/site-packages/airflow/example_dags/tutorial_taskflow_api_etl_virtualenv.py
[2021-11-24 13:39:04,148] {processor.py:632} INFO - DAG(s) dict_keys(['tutorial_taskflow_api_etl_virtualenv']) retrieved from /home/dante/DWBI/Apache/py_env/lib/python3.8/site-packages/airflow/example_dags/tutorial_taskflow_api_etl_virtualenv.py
[2021-11-24 13:39:04,314] {logging_mixin.py:109} INFO - [2021-11-24 13:39:04,314] {dag.py:2389} INFO - Sync 1 DAGs
[2021-11-24 13:39:04,323] {logging_mixin.py:109} INFO - [2021-11-24 13:39:04,323] {dag.py:2921} INFO - Setting next_dagrun for tutorial_taskflow_api_etl_virtualenv to None
[2021-11-24 13:39:04,355] {processor.py:171} INFO - Processing /home/dante/DWBI/Apache/py_env/lib/python3.8/site-packages/airflow/example_dags/tutorial_taskflow_api_etl_virtualenv.py took 0.265 seconds
[2021-11-24 13:39:35,730] {processor.py:163} INFO - Started process (PID=49603) to work on /home/dante/DWBI/Apache/py_env/lib/python3.8/site-packages/airflow/example_dags/tutorial_taskflow_api_etl_virtualenv.py
[2021-11-24 13:39:35,732] {processor.py:620} INFO - Processing file /home/dante/DWBI/Apache/py_env/lib/python3.8/site-packages/airflow/example_dags/tutorial_taskflow_api_etl_virtualenv.py for tasks to queue
[2021-11-24 13:39:35,733] {logging_mixin.py:109} INFO - [2021-11-24 13:39:35,733] {dagbag.py:500} INFO - Filling up the DagBag from /home/dante/DWBI/Apache/py_env/lib/python3.8/site-packages/airflow/example_dags/tutorial_taskflow_api_etl_virtualenv.py
[2021-11-24 13:39:35,753] {processor.py:632} INFO - DAG(s) dict_keys(['tutorial_taskflow_api_etl_virtualenv']) retrieved from /home/dante/DWBI/Apache/py_env/lib/python3.8/site-packages/airflow/example_dags/tutorial_taskflow_api_etl_virtualenv.py
[2021-11-24 13:39:35,884] {logging_mixin.py:109} INFO - [2021-11-24 13:39:35,884] {dag.py:2389} INFO - Sync 1 DAGs
[2021-11-24 13:39:35,891] {logging_mixin.py:109} INFO - [2021-11-24 13:39:35,891] {dag.py:2921} INFO - Setting next_dagrun for tutorial_taskflow_api_etl_virtualenv to None
[2021-11-24 13:39:35,919] {processor.py:171} INFO - Processing /home/dante/DWBI/Apache/py_env/lib/python3.8/site-packages/airflow/example_dags/tutorial_taskflow_api_etl_virtualenv.py took 0.195 seconds
[2021-11-24 13:40:14,321] {processor.py:163} INFO - Started process (PID=49671) to work on /home/dante/DWBI/Apache/py_env/lib/python3.8/site-packages/airflow/example_dags/tutorial_taskflow_api_etl_virtualenv.py
[2021-11-24 13:40:14,330] {processor.py:620} INFO - Processing file /home/dante/DWBI/Apache/py_env/lib/python3.8/site-packages/airflow/example_dags/tutorial_taskflow_api_etl_virtualenv.py for tasks to queue
[2021-11-24 13:40:14,330] {logging_mixin.py:109} INFO - [2021-11-24 13:40:14,330] {dagbag.py:500} INFO - Filling up the DagBag from /home/dante/DWBI/Apache/py_env/lib/python3.8/site-packages/airflow/example_dags/tutorial_taskflow_api_etl_virtualenv.py
[2021-11-24 13:40:14,352] {processor.py:632} INFO - DAG(s) dict_keys(['tutorial_taskflow_api_etl_virtualenv']) retrieved from /home/dante/DWBI/Apache/py_env/lib/python3.8/site-packages/airflow/example_dags/tutorial_taskflow_api_etl_virtualenv.py
[2021-11-24 13:40:14,499] {logging_mixin.py:109} INFO - [2021-11-24 13:40:14,499] {dag.py:2389} INFO - Sync 1 DAGs
[2021-11-24 13:40:14,506] {logging_mixin.py:109} INFO - [2021-11-24 13:40:14,506] {dag.py:2921} INFO - Setting next_dagrun for tutorial_taskflow_api_etl_virtualenv to None
[2021-11-24 13:40:14,515] {processor.py:171} INFO - Processing /home/dante/DWBI/Apache/py_env/lib/python3.8/site-packages/airflow/example_dags/tutorial_taskflow_api_etl_virtualenv.py took 0.196 seconds
[2021-11-24 13:40:45,167] {processor.py:163} INFO - Started process (PID=49757) to work on /home/dante/DWBI/Apache/py_env/lib/python3.8/site-packages/airflow/example_dags/tutorial_taskflow_api_etl_virtualenv.py
[2021-11-24 13:40:45,170] {processor.py:620} INFO - Processing file /home/dante/DWBI/Apache/py_env/lib/python3.8/site-packages/airflow/example_dags/tutorial_taskflow_api_etl_virtualenv.py for tasks to queue
[2021-11-24 13:40:45,172] {logging_mixin.py:109} INFO - [2021-11-24 13:40:45,171] {dagbag.py:500} INFO - Filling up the DagBag from /home/dante/DWBI/Apache/py_env/lib/python3.8/site-packages/airflow/example_dags/tutorial_taskflow_api_etl_virtualenv.py
[2021-11-24 13:40:45,199] {processor.py:632} INFO - DAG(s) dict_keys(['tutorial_taskflow_api_etl_virtualenv']) retrieved from /home/dante/DWBI/Apache/py_env/lib/python3.8/site-packages/airflow/example_dags/tutorial_taskflow_api_etl_virtualenv.py
[2021-11-24 13:40:45,340] {logging_mixin.py:109} INFO - [2021-11-24 13:40:45,340] {dag.py:2389} INFO - Sync 1 DAGs
[2021-11-24 13:40:45,347] {logging_mixin.py:109} INFO - [2021-11-24 13:40:45,347] {dag.py:2921} INFO - Setting next_dagrun for tutorial_taskflow_api_etl_virtualenv to None
[2021-11-24 13:40:45,356] {processor.py:171} INFO - Processing /home/dante/DWBI/Apache/py_env/lib/python3.8/site-packages/airflow/example_dags/tutorial_taskflow_api_etl_virtualenv.py took 0.195 seconds
[2021-11-24 13:41:17,057] {processor.py:163} INFO - Started process (PID=49806) to work on /home/dante/DWBI/Apache/py_env/lib/python3.8/site-packages/airflow/example_dags/tutorial_taskflow_api_etl_virtualenv.py
[2021-11-24 13:41:17,061] {processor.py:620} INFO - Processing file /home/dante/DWBI/Apache/py_env/lib/python3.8/site-packages/airflow/example_dags/tutorial_taskflow_api_etl_virtualenv.py for tasks to queue
[2021-11-24 13:41:17,063] {logging_mixin.py:109} INFO - [2021-11-24 13:41:17,063] {dagbag.py:500} INFO - Filling up the DagBag from /home/dante/DWBI/Apache/py_env/lib/python3.8/site-packages/airflow/example_dags/tutorial_taskflow_api_etl_virtualenv.py
[2021-11-24 13:41:17,098] {processor.py:632} INFO - DAG(s) dict_keys(['tutorial_taskflow_api_etl_virtualenv']) retrieved from /home/dante/DWBI/Apache/py_env/lib/python3.8/site-packages/airflow/example_dags/tutorial_taskflow_api_etl_virtualenv.py
[2021-11-24 13:41:17,240] {logging_mixin.py:109} INFO - [2021-11-24 13:41:17,240] {dag.py:2389} INFO - Sync 1 DAGs
[2021-11-24 13:41:17,247] {logging_mixin.py:109} INFO - [2021-11-24 13:41:17,247] {dag.py:2921} INFO - Setting next_dagrun for tutorial_taskflow_api_etl_virtualenv to None
[2021-11-24 13:41:17,256] {processor.py:171} INFO - Processing /home/dante/DWBI/Apache/py_env/lib/python3.8/site-packages/airflow/example_dags/tutorial_taskflow_api_etl_virtualenv.py took 0.205 seconds
[2021-11-24 13:41:50,608] {processor.py:163} INFO - Started process (PID=49929) to work on /home/dante/DWBI/Apache/py_env/lib/python3.8/site-packages/airflow/example_dags/tutorial_taskflow_api_etl_virtualenv.py
[2021-11-24 13:41:50,619] {processor.py:620} INFO - Processing file /home/dante/DWBI/Apache/py_env/lib/python3.8/site-packages/airflow/example_dags/tutorial_taskflow_api_etl_virtualenv.py for tasks to queue
[2021-11-24 13:41:50,620] {logging_mixin.py:109} INFO - [2021-11-24 13:41:50,620] {dagbag.py:500} INFO - Filling up the DagBag from /home/dante/DWBI/Apache/py_env/lib/python3.8/site-packages/airflow/example_dags/tutorial_taskflow_api_etl_virtualenv.py
[2021-11-24 13:41:50,656] {processor.py:632} INFO - DAG(s) dict_keys(['tutorial_taskflow_api_etl_virtualenv']) retrieved from /home/dante/DWBI/Apache/py_env/lib/python3.8/site-packages/airflow/example_dags/tutorial_taskflow_api_etl_virtualenv.py
[2021-11-24 13:41:50,796] {logging_mixin.py:109} INFO - [2021-11-24 13:41:50,796] {dag.py:2389} INFO - Sync 1 DAGs
[2021-11-24 13:41:50,804] {logging_mixin.py:109} INFO - [2021-11-24 13:41:50,804] {dag.py:2921} INFO - Setting next_dagrun for tutorial_taskflow_api_etl_virtualenv to None
[2021-11-24 13:41:50,813] {processor.py:171} INFO - Processing /home/dante/DWBI/Apache/py_env/lib/python3.8/site-packages/airflow/example_dags/tutorial_taskflow_api_etl_virtualenv.py took 0.211 seconds
