[2021-11-24 13:01:43,316] {processor.py:163} INFO - Started process (PID=42667) to work on /home/dante/DWBI/Apache/py_env/lib/python3.8/site-packages/airflow/example_dags/subdags/subdag.py
[2021-11-24 13:01:43,318] {processor.py:620} INFO - Processing file /home/dante/DWBI/Apache/py_env/lib/python3.8/site-packages/airflow/example_dags/subdags/subdag.py for tasks to queue
[2021-11-24 13:01:43,319] {logging_mixin.py:109} INFO - [2021-11-24 13:01:43,319] {dagbag.py:500} INFO - Filling up the DagBag from /home/dante/DWBI/Apache/py_env/lib/python3.8/site-packages/airflow/example_dags/subdags/subdag.py
[2021-11-24 13:01:43,342] {processor.py:634} WARNING - No viable dags retrieved from /home/dante/DWBI/Apache/py_env/lib/python3.8/site-packages/airflow/example_dags/subdags/subdag.py
[2021-11-24 13:01:43,345] {processor.py:171} INFO - Processing /home/dante/DWBI/Apache/py_env/lib/python3.8/site-packages/airflow/example_dags/subdags/subdag.py took 0.036 seconds
[2021-11-24 13:02:20,736] {processor.py:163} INFO - Started process (PID=42732) to work on /home/dante/DWBI/Apache/py_env/lib/python3.8/site-packages/airflow/example_dags/subdags/subdag.py
[2021-11-24 13:02:20,746] {processor.py:620} INFO - Processing file /home/dante/DWBI/Apache/py_env/lib/python3.8/site-packages/airflow/example_dags/subdags/subdag.py for tasks to queue
[2021-11-24 13:02:20,747] {logging_mixin.py:109} INFO - [2021-11-24 13:02:20,747] {dagbag.py:500} INFO - Filling up the DagBag from /home/dante/DWBI/Apache/py_env/lib/python3.8/site-packages/airflow/example_dags/subdags/subdag.py
[2021-11-24 13:02:20,758] {processor.py:634} WARNING - No viable dags retrieved from /home/dante/DWBI/Apache/py_env/lib/python3.8/site-packages/airflow/example_dags/subdags/subdag.py
[2021-11-24 13:02:20,761] {processor.py:171} INFO - Processing /home/dante/DWBI/Apache/py_env/lib/python3.8/site-packages/airflow/example_dags/subdags/subdag.py took 0.027 seconds
[2021-11-24 13:02:59,901] {processor.py:163} INFO - Started process (PID=42814) to work on /home/dante/DWBI/Apache/py_env/lib/python3.8/site-packages/airflow/example_dags/subdags/subdag.py
[2021-11-24 13:02:59,903] {processor.py:620} INFO - Processing file /home/dante/DWBI/Apache/py_env/lib/python3.8/site-packages/airflow/example_dags/subdags/subdag.py for tasks to queue
[2021-11-24 13:02:59,903] {logging_mixin.py:109} INFO - [2021-11-24 13:02:59,903] {dagbag.py:500} INFO - Filling up the DagBag from /home/dante/DWBI/Apache/py_env/lib/python3.8/site-packages/airflow/example_dags/subdags/subdag.py
[2021-11-24 13:02:59,913] {processor.py:634} WARNING - No viable dags retrieved from /home/dante/DWBI/Apache/py_env/lib/python3.8/site-packages/airflow/example_dags/subdags/subdag.py
[2021-11-24 13:02:59,915] {processor.py:171} INFO - Processing /home/dante/DWBI/Apache/py_env/lib/python3.8/site-packages/airflow/example_dags/subdags/subdag.py took 0.016 seconds
[2021-11-24 13:03:37,642] {processor.py:163} INFO - Started process (PID=42903) to work on /home/dante/DWBI/Apache/py_env/lib/python3.8/site-packages/airflow/example_dags/subdags/subdag.py
[2021-11-24 13:03:37,651] {processor.py:620} INFO - Processing file /home/dante/DWBI/Apache/py_env/lib/python3.8/site-packages/airflow/example_dags/subdags/subdag.py for tasks to queue
[2021-11-24 13:03:37,651] {logging_mixin.py:109} INFO - [2021-11-24 13:03:37,651] {dagbag.py:500} INFO - Filling up the DagBag from /home/dante/DWBI/Apache/py_env/lib/python3.8/site-packages/airflow/example_dags/subdags/subdag.py
[2021-11-24 13:03:37,661] {processor.py:634} WARNING - No viable dags retrieved from /home/dante/DWBI/Apache/py_env/lib/python3.8/site-packages/airflow/example_dags/subdags/subdag.py
[2021-11-24 13:03:37,664] {processor.py:171} INFO - Processing /home/dante/DWBI/Apache/py_env/lib/python3.8/site-packages/airflow/example_dags/subdags/subdag.py took 0.025 seconds
[2021-11-24 13:04:14,519] {processor.py:163} INFO - Started process (PID=42959) to work on /home/dante/DWBI/Apache/py_env/lib/python3.8/site-packages/airflow/example_dags/subdags/subdag.py
[2021-11-24 13:04:14,521] {processor.py:620} INFO - Processing file /home/dante/DWBI/Apache/py_env/lib/python3.8/site-packages/airflow/example_dags/subdags/subdag.py for tasks to queue
[2021-11-24 13:04:14,522] {logging_mixin.py:109} INFO - [2021-11-24 13:04:14,522] {dagbag.py:500} INFO - Filling up the DagBag from /home/dante/DWBI/Apache/py_env/lib/python3.8/site-packages/airflow/example_dags/subdags/subdag.py
[2021-11-24 13:04:14,535] {processor.py:634} WARNING - No viable dags retrieved from /home/dante/DWBI/Apache/py_env/lib/python3.8/site-packages/airflow/example_dags/subdags/subdag.py
[2021-11-24 13:04:14,537] {processor.py:171} INFO - Processing /home/dante/DWBI/Apache/py_env/lib/python3.8/site-packages/airflow/example_dags/subdags/subdag.py took 0.020 seconds
[2021-11-24 13:04:56,973] {processor.py:163} INFO - Started process (PID=43169) to work on /home/dante/DWBI/Apache/py_env/lib/python3.8/site-packages/airflow/example_dags/subdags/subdag.py
[2021-11-24 13:04:56,977] {processor.py:620} INFO - Processing file /home/dante/DWBI/Apache/py_env/lib/python3.8/site-packages/airflow/example_dags/subdags/subdag.py for tasks to queue
[2021-11-24 13:04:56,978] {logging_mixin.py:109} INFO - [2021-11-24 13:04:56,978] {dagbag.py:500} INFO - Filling up the DagBag from /home/dante/DWBI/Apache/py_env/lib/python3.8/site-packages/airflow/example_dags/subdags/subdag.py
[2021-11-24 13:04:56,998] {processor.py:634} WARNING - No viable dags retrieved from /home/dante/DWBI/Apache/py_env/lib/python3.8/site-packages/airflow/example_dags/subdags/subdag.py
[2021-11-24 13:04:57,000] {processor.py:171} INFO - Processing /home/dante/DWBI/Apache/py_env/lib/python3.8/site-packages/airflow/example_dags/subdags/subdag.py took 0.033 seconds
[2021-11-24 13:05:33,279] {processor.py:163} INFO - Started process (PID=43239) to work on /home/dante/DWBI/Apache/py_env/lib/python3.8/site-packages/airflow/example_dags/subdags/subdag.py
[2021-11-24 13:05:33,289] {processor.py:620} INFO - Processing file /home/dante/DWBI/Apache/py_env/lib/python3.8/site-packages/airflow/example_dags/subdags/subdag.py for tasks to queue
[2021-11-24 13:05:33,290] {logging_mixin.py:109} INFO - [2021-11-24 13:05:33,290] {dagbag.py:500} INFO - Filling up the DagBag from /home/dante/DWBI/Apache/py_env/lib/python3.8/site-packages/airflow/example_dags/subdags/subdag.py
[2021-11-24 13:05:33,302] {processor.py:634} WARNING - No viable dags retrieved from /home/dante/DWBI/Apache/py_env/lib/python3.8/site-packages/airflow/example_dags/subdags/subdag.py
[2021-11-24 13:05:33,304] {processor.py:171} INFO - Processing /home/dante/DWBI/Apache/py_env/lib/python3.8/site-packages/airflow/example_dags/subdags/subdag.py took 0.028 seconds
[2021-11-24 13:06:06,895] {processor.py:163} INFO - Started process (PID=43293) to work on /home/dante/DWBI/Apache/py_env/lib/python3.8/site-packages/airflow/example_dags/subdags/subdag.py
[2021-11-24 13:06:06,904] {processor.py:620} INFO - Processing file /home/dante/DWBI/Apache/py_env/lib/python3.8/site-packages/airflow/example_dags/subdags/subdag.py for tasks to queue
[2021-11-24 13:06:06,905] {logging_mixin.py:109} INFO - [2021-11-24 13:06:06,905] {dagbag.py:500} INFO - Filling up the DagBag from /home/dante/DWBI/Apache/py_env/lib/python3.8/site-packages/airflow/example_dags/subdags/subdag.py
[2021-11-24 13:06:06,923] {processor.py:634} WARNING - No viable dags retrieved from /home/dante/DWBI/Apache/py_env/lib/python3.8/site-packages/airflow/example_dags/subdags/subdag.py
[2021-11-24 13:06:06,927] {processor.py:171} INFO - Processing /home/dante/DWBI/Apache/py_env/lib/python3.8/site-packages/airflow/example_dags/subdags/subdag.py took 0.034 seconds
[2021-11-24 13:06:40,440] {processor.py:163} INFO - Started process (PID=43365) to work on /home/dante/DWBI/Apache/py_env/lib/python3.8/site-packages/airflow/example_dags/subdags/subdag.py
[2021-11-24 13:06:40,451] {processor.py:620} INFO - Processing file /home/dante/DWBI/Apache/py_env/lib/python3.8/site-packages/airflow/example_dags/subdags/subdag.py for tasks to queue
[2021-11-24 13:06:40,452] {logging_mixin.py:109} INFO - [2021-11-24 13:06:40,452] {dagbag.py:500} INFO - Filling up the DagBag from /home/dante/DWBI/Apache/py_env/lib/python3.8/site-packages/airflow/example_dags/subdags/subdag.py
[2021-11-24 13:06:40,474] {processor.py:634} WARNING - No viable dags retrieved from /home/dante/DWBI/Apache/py_env/lib/python3.8/site-packages/airflow/example_dags/subdags/subdag.py
[2021-11-24 13:06:40,478] {processor.py:171} INFO - Processing /home/dante/DWBI/Apache/py_env/lib/python3.8/site-packages/airflow/example_dags/subdags/subdag.py took 0.044 seconds
[2021-11-24 13:07:19,088] {processor.py:163} INFO - Started process (PID=43421) to work on /home/dante/DWBI/Apache/py_env/lib/python3.8/site-packages/airflow/example_dags/subdags/subdag.py
[2021-11-24 13:07:19,098] {processor.py:620} INFO - Processing file /home/dante/DWBI/Apache/py_env/lib/python3.8/site-packages/airflow/example_dags/subdags/subdag.py for tasks to queue
[2021-11-24 13:07:19,099] {logging_mixin.py:109} INFO - [2021-11-24 13:07:19,099] {dagbag.py:500} INFO - Filling up the DagBag from /home/dante/DWBI/Apache/py_env/lib/python3.8/site-packages/airflow/example_dags/subdags/subdag.py
[2021-11-24 13:07:19,107] {processor.py:634} WARNING - No viable dags retrieved from /home/dante/DWBI/Apache/py_env/lib/python3.8/site-packages/airflow/example_dags/subdags/subdag.py
[2021-11-24 13:07:19,108] {processor.py:171} INFO - Processing /home/dante/DWBI/Apache/py_env/lib/python3.8/site-packages/airflow/example_dags/subdags/subdag.py took 0.022 seconds
[2021-11-24 13:07:55,872] {processor.py:163} INFO - Started process (PID=43469) to work on /home/dante/DWBI/Apache/py_env/lib/python3.8/site-packages/airflow/example_dags/subdags/subdag.py
[2021-11-24 13:07:55,875] {processor.py:620} INFO - Processing file /home/dante/DWBI/Apache/py_env/lib/python3.8/site-packages/airflow/example_dags/subdags/subdag.py for tasks to queue
[2021-11-24 13:07:55,877] {logging_mixin.py:109} INFO - [2021-11-24 13:07:55,877] {dagbag.py:500} INFO - Filling up the DagBag from /home/dante/DWBI/Apache/py_env/lib/python3.8/site-packages/airflow/example_dags/subdags/subdag.py
[2021-11-24 13:07:55,898] {processor.py:634} WARNING - No viable dags retrieved from /home/dante/DWBI/Apache/py_env/lib/python3.8/site-packages/airflow/example_dags/subdags/subdag.py
[2021-11-24 13:07:55,901] {processor.py:171} INFO - Processing /home/dante/DWBI/Apache/py_env/lib/python3.8/site-packages/airflow/example_dags/subdags/subdag.py took 0.035 seconds
[2021-11-24 13:08:33,703] {processor.py:163} INFO - Started process (PID=43535) to work on /home/dante/DWBI/Apache/py_env/lib/python3.8/site-packages/airflow/example_dags/subdags/subdag.py
[2021-11-24 13:08:33,714] {processor.py:620} INFO - Processing file /home/dante/DWBI/Apache/py_env/lib/python3.8/site-packages/airflow/example_dags/subdags/subdag.py for tasks to queue
[2021-11-24 13:08:33,716] {logging_mixin.py:109} INFO - [2021-11-24 13:08:33,715] {dagbag.py:500} INFO - Filling up the DagBag from /home/dante/DWBI/Apache/py_env/lib/python3.8/site-packages/airflow/example_dags/subdags/subdag.py
[2021-11-24 13:08:33,740] {processor.py:634} WARNING - No viable dags retrieved from /home/dante/DWBI/Apache/py_env/lib/python3.8/site-packages/airflow/example_dags/subdags/subdag.py
[2021-11-24 13:08:33,742] {processor.py:171} INFO - Processing /home/dante/DWBI/Apache/py_env/lib/python3.8/site-packages/airflow/example_dags/subdags/subdag.py took 0.041 seconds
[2021-11-24 13:09:10,196] {processor.py:163} INFO - Started process (PID=43602) to work on /home/dante/DWBI/Apache/py_env/lib/python3.8/site-packages/airflow/example_dags/subdags/subdag.py
[2021-11-24 13:09:10,208] {processor.py:620} INFO - Processing file /home/dante/DWBI/Apache/py_env/lib/python3.8/site-packages/airflow/example_dags/subdags/subdag.py for tasks to queue
[2021-11-24 13:09:10,209] {logging_mixin.py:109} INFO - [2021-11-24 13:09:10,209] {dagbag.py:500} INFO - Filling up the DagBag from /home/dante/DWBI/Apache/py_env/lib/python3.8/site-packages/airflow/example_dags/subdags/subdag.py
[2021-11-24 13:09:10,231] {processor.py:634} WARNING - No viable dags retrieved from /home/dante/DWBI/Apache/py_env/lib/python3.8/site-packages/airflow/example_dags/subdags/subdag.py
[2021-11-24 13:09:10,234] {processor.py:171} INFO - Processing /home/dante/DWBI/Apache/py_env/lib/python3.8/site-packages/airflow/example_dags/subdags/subdag.py took 0.045 seconds
[2021-11-24 13:09:45,005] {processor.py:163} INFO - Started process (PID=43725) to work on /home/dante/DWBI/Apache/py_env/lib/python3.8/site-packages/airflow/example_dags/subdags/subdag.py
[2021-11-24 13:09:45,007] {processor.py:620} INFO - Processing file /home/dante/DWBI/Apache/py_env/lib/python3.8/site-packages/airflow/example_dags/subdags/subdag.py for tasks to queue
[2021-11-24 13:09:45,008] {logging_mixin.py:109} INFO - [2021-11-24 13:09:45,008] {dagbag.py:500} INFO - Filling up the DagBag from /home/dante/DWBI/Apache/py_env/lib/python3.8/site-packages/airflow/example_dags/subdags/subdag.py
[2021-11-24 13:09:45,015] {processor.py:634} WARNING - No viable dags retrieved from /home/dante/DWBI/Apache/py_env/lib/python3.8/site-packages/airflow/example_dags/subdags/subdag.py
[2021-11-24 13:09:45,017] {processor.py:171} INFO - Processing /home/dante/DWBI/Apache/py_env/lib/python3.8/site-packages/airflow/example_dags/subdags/subdag.py took 0.014 seconds
[2021-11-24 13:10:22,116] {processor.py:163} INFO - Started process (PID=43945) to work on /home/dante/DWBI/Apache/py_env/lib/python3.8/site-packages/airflow/example_dags/subdags/subdag.py
[2021-11-24 13:10:22,125] {processor.py:620} INFO - Processing file /home/dante/DWBI/Apache/py_env/lib/python3.8/site-packages/airflow/example_dags/subdags/subdag.py for tasks to queue
[2021-11-24 13:10:22,126] {logging_mixin.py:109} INFO - [2021-11-24 13:10:22,126] {dagbag.py:500} INFO - Filling up the DagBag from /home/dante/DWBI/Apache/py_env/lib/python3.8/site-packages/airflow/example_dags/subdags/subdag.py
[2021-11-24 13:10:22,138] {processor.py:634} WARNING - No viable dags retrieved from /home/dante/DWBI/Apache/py_env/lib/python3.8/site-packages/airflow/example_dags/subdags/subdag.py
[2021-11-24 13:10:22,140] {processor.py:171} INFO - Processing /home/dante/DWBI/Apache/py_env/lib/python3.8/site-packages/airflow/example_dags/subdags/subdag.py took 0.028 seconds
[2021-11-24 13:11:01,792] {processor.py:163} INFO - Started process (PID=44125) to work on /home/dante/DWBI/Apache/py_env/lib/python3.8/site-packages/airflow/example_dags/subdags/subdag.py
[2021-11-24 13:11:01,801] {processor.py:620} INFO - Processing file /home/dante/DWBI/Apache/py_env/lib/python3.8/site-packages/airflow/example_dags/subdags/subdag.py for tasks to queue
[2021-11-24 13:11:01,801] {logging_mixin.py:109} INFO - [2021-11-24 13:11:01,801] {dagbag.py:500} INFO - Filling up the DagBag from /home/dante/DWBI/Apache/py_env/lib/python3.8/site-packages/airflow/example_dags/subdags/subdag.py
[2021-11-24 13:11:01,812] {processor.py:634} WARNING - No viable dags retrieved from /home/dante/DWBI/Apache/py_env/lib/python3.8/site-packages/airflow/example_dags/subdags/subdag.py
[2021-11-24 13:11:01,814] {processor.py:171} INFO - Processing /home/dante/DWBI/Apache/py_env/lib/python3.8/site-packages/airflow/example_dags/subdags/subdag.py took 0.025 seconds
[2021-11-24 13:11:40,551] {processor.py:163} INFO - Started process (PID=44240) to work on /home/dante/DWBI/Apache/py_env/lib/python3.8/site-packages/airflow/example_dags/subdags/subdag.py
[2021-11-24 13:11:40,555] {processor.py:620} INFO - Processing file /home/dante/DWBI/Apache/py_env/lib/python3.8/site-packages/airflow/example_dags/subdags/subdag.py for tasks to queue
[2021-11-24 13:11:40,556] {logging_mixin.py:109} INFO - [2021-11-24 13:11:40,556] {dagbag.py:500} INFO - Filling up the DagBag from /home/dante/DWBI/Apache/py_env/lib/python3.8/site-packages/airflow/example_dags/subdags/subdag.py
[2021-11-24 13:11:40,575] {processor.py:634} WARNING - No viable dags retrieved from /home/dante/DWBI/Apache/py_env/lib/python3.8/site-packages/airflow/example_dags/subdags/subdag.py
[2021-11-24 13:11:40,578] {processor.py:171} INFO - Processing /home/dante/DWBI/Apache/py_env/lib/python3.8/site-packages/airflow/example_dags/subdags/subdag.py took 0.033 seconds
[2021-11-24 13:12:17,799] {processor.py:163} INFO - Started process (PID=44303) to work on /home/dante/DWBI/Apache/py_env/lib/python3.8/site-packages/airflow/example_dags/subdags/subdag.py
[2021-11-24 13:12:17,801] {processor.py:620} INFO - Processing file /home/dante/DWBI/Apache/py_env/lib/python3.8/site-packages/airflow/example_dags/subdags/subdag.py for tasks to queue
[2021-11-24 13:12:17,802] {logging_mixin.py:109} INFO - [2021-11-24 13:12:17,802] {dagbag.py:500} INFO - Filling up the DagBag from /home/dante/DWBI/Apache/py_env/lib/python3.8/site-packages/airflow/example_dags/subdags/subdag.py
[2021-11-24 13:12:17,811] {processor.py:634} WARNING - No viable dags retrieved from /home/dante/DWBI/Apache/py_env/lib/python3.8/site-packages/airflow/example_dags/subdags/subdag.py
[2021-11-24 13:12:17,812] {processor.py:171} INFO - Processing /home/dante/DWBI/Apache/py_env/lib/python3.8/site-packages/airflow/example_dags/subdags/subdag.py took 0.016 seconds
[2021-11-24 13:12:51,293] {processor.py:163} INFO - Started process (PID=44347) to work on /home/dante/DWBI/Apache/py_env/lib/python3.8/site-packages/airflow/example_dags/subdags/subdag.py
[2021-11-24 13:12:51,295] {processor.py:620} INFO - Processing file /home/dante/DWBI/Apache/py_env/lib/python3.8/site-packages/airflow/example_dags/subdags/subdag.py for tasks to queue
[2021-11-24 13:12:51,296] {logging_mixin.py:109} INFO - [2021-11-24 13:12:51,296] {dagbag.py:500} INFO - Filling up the DagBag from /home/dante/DWBI/Apache/py_env/lib/python3.8/site-packages/airflow/example_dags/subdags/subdag.py
[2021-11-24 13:12:51,304] {processor.py:634} WARNING - No viable dags retrieved from /home/dante/DWBI/Apache/py_env/lib/python3.8/site-packages/airflow/example_dags/subdags/subdag.py
[2021-11-24 13:12:51,306] {processor.py:171} INFO - Processing /home/dante/DWBI/Apache/py_env/lib/python3.8/site-packages/airflow/example_dags/subdags/subdag.py took 0.015 seconds
[2021-11-24 13:13:29,744] {processor.py:163} INFO - Started process (PID=44507) to work on /home/dante/DWBI/Apache/py_env/lib/python3.8/site-packages/airflow/example_dags/subdags/subdag.py
[2021-11-24 13:13:29,748] {processor.py:620} INFO - Processing file /home/dante/DWBI/Apache/py_env/lib/python3.8/site-packages/airflow/example_dags/subdags/subdag.py for tasks to queue
[2021-11-24 13:13:29,749] {logging_mixin.py:109} INFO - [2021-11-24 13:13:29,749] {dagbag.py:500} INFO - Filling up the DagBag from /home/dante/DWBI/Apache/py_env/lib/python3.8/site-packages/airflow/example_dags/subdags/subdag.py
[2021-11-24 13:13:29,769] {processor.py:634} WARNING - No viable dags retrieved from /home/dante/DWBI/Apache/py_env/lib/python3.8/site-packages/airflow/example_dags/subdags/subdag.py
[2021-11-24 13:13:29,772] {processor.py:171} INFO - Processing /home/dante/DWBI/Apache/py_env/lib/python3.8/site-packages/airflow/example_dags/subdags/subdag.py took 0.034 seconds
[2021-11-24 13:14:08,617] {processor.py:163} INFO - Started process (PID=44565) to work on /home/dante/DWBI/Apache/py_env/lib/python3.8/site-packages/airflow/example_dags/subdags/subdag.py
[2021-11-24 13:14:08,626] {processor.py:620} INFO - Processing file /home/dante/DWBI/Apache/py_env/lib/python3.8/site-packages/airflow/example_dags/subdags/subdag.py for tasks to queue
[2021-11-24 13:14:08,627] {logging_mixin.py:109} INFO - [2021-11-24 13:14:08,627] {dagbag.py:500} INFO - Filling up the DagBag from /home/dante/DWBI/Apache/py_env/lib/python3.8/site-packages/airflow/example_dags/subdags/subdag.py
[2021-11-24 13:14:08,639] {processor.py:634} WARNING - No viable dags retrieved from /home/dante/DWBI/Apache/py_env/lib/python3.8/site-packages/airflow/example_dags/subdags/subdag.py
[2021-11-24 13:14:08,641] {processor.py:171} INFO - Processing /home/dante/DWBI/Apache/py_env/lib/python3.8/site-packages/airflow/example_dags/subdags/subdag.py took 0.028 seconds
[2021-11-24 13:14:41,605] {processor.py:163} INFO - Started process (PID=44696) to work on /home/dante/DWBI/Apache/py_env/lib/python3.8/site-packages/airflow/example_dags/subdags/subdag.py
[2021-11-24 13:14:41,608] {processor.py:620} INFO - Processing file /home/dante/DWBI/Apache/py_env/lib/python3.8/site-packages/airflow/example_dags/subdags/subdag.py for tasks to queue
[2021-11-24 13:14:41,610] {logging_mixin.py:109} INFO - [2021-11-24 13:14:41,610] {dagbag.py:500} INFO - Filling up the DagBag from /home/dante/DWBI/Apache/py_env/lib/python3.8/site-packages/airflow/example_dags/subdags/subdag.py
[2021-11-24 13:14:41,631] {processor.py:634} WARNING - No viable dags retrieved from /home/dante/DWBI/Apache/py_env/lib/python3.8/site-packages/airflow/example_dags/subdags/subdag.py
[2021-11-24 13:14:41,633] {processor.py:171} INFO - Processing /home/dante/DWBI/Apache/py_env/lib/python3.8/site-packages/airflow/example_dags/subdags/subdag.py took 0.035 seconds
[2021-11-24 13:15:19,173] {processor.py:163} INFO - Started process (PID=44785) to work on /home/dante/DWBI/Apache/py_env/lib/python3.8/site-packages/airflow/example_dags/subdags/subdag.py
[2021-11-24 13:15:19,183] {processor.py:620} INFO - Processing file /home/dante/DWBI/Apache/py_env/lib/python3.8/site-packages/airflow/example_dags/subdags/subdag.py for tasks to queue
[2021-11-24 13:15:19,185] {logging_mixin.py:109} INFO - [2021-11-24 13:15:19,185] {dagbag.py:500} INFO - Filling up the DagBag from /home/dante/DWBI/Apache/py_env/lib/python3.8/site-packages/airflow/example_dags/subdags/subdag.py
[2021-11-24 13:15:19,207] {processor.py:634} WARNING - No viable dags retrieved from /home/dante/DWBI/Apache/py_env/lib/python3.8/site-packages/airflow/example_dags/subdags/subdag.py
[2021-11-24 13:15:19,209] {processor.py:171} INFO - Processing /home/dante/DWBI/Apache/py_env/lib/python3.8/site-packages/airflow/example_dags/subdags/subdag.py took 0.043 seconds
[2021-11-24 13:15:59,335] {processor.py:163} INFO - Started process (PID=45257) to work on /home/dante/DWBI/Apache/py_env/lib/python3.8/site-packages/airflow/example_dags/subdags/subdag.py
[2021-11-24 13:15:59,346] {processor.py:620} INFO - Processing file /home/dante/DWBI/Apache/py_env/lib/python3.8/site-packages/airflow/example_dags/subdags/subdag.py for tasks to queue
[2021-11-24 13:15:59,348] {logging_mixin.py:109} INFO - [2021-11-24 13:15:59,347] {dagbag.py:500} INFO - Filling up the DagBag from /home/dante/DWBI/Apache/py_env/lib/python3.8/site-packages/airflow/example_dags/subdags/subdag.py
[2021-11-24 13:15:59,371] {processor.py:634} WARNING - No viable dags retrieved from /home/dante/DWBI/Apache/py_env/lib/python3.8/site-packages/airflow/example_dags/subdags/subdag.py
[2021-11-24 13:15:59,373] {processor.py:171} INFO - Processing /home/dante/DWBI/Apache/py_env/lib/python3.8/site-packages/airflow/example_dags/subdags/subdag.py took 0.041 seconds
[2021-11-24 13:16:33,322] {processor.py:163} INFO - Started process (PID=45369) to work on /home/dante/DWBI/Apache/py_env/lib/python3.8/site-packages/airflow/example_dags/subdags/subdag.py
[2021-11-24 13:16:33,331] {processor.py:620} INFO - Processing file /home/dante/DWBI/Apache/py_env/lib/python3.8/site-packages/airflow/example_dags/subdags/subdag.py for tasks to queue
[2021-11-24 13:16:33,332] {logging_mixin.py:109} INFO - [2021-11-24 13:16:33,332] {dagbag.py:500} INFO - Filling up the DagBag from /home/dante/DWBI/Apache/py_env/lib/python3.8/site-packages/airflow/example_dags/subdags/subdag.py
[2021-11-24 13:16:33,339] {processor.py:634} WARNING - No viable dags retrieved from /home/dante/DWBI/Apache/py_env/lib/python3.8/site-packages/airflow/example_dags/subdags/subdag.py
[2021-11-24 13:16:33,341] {processor.py:171} INFO - Processing /home/dante/DWBI/Apache/py_env/lib/python3.8/site-packages/airflow/example_dags/subdags/subdag.py took 0.020 seconds
[2021-11-24 13:17:08,429] {processor.py:163} INFO - Started process (PID=45514) to work on /home/dante/DWBI/Apache/py_env/lib/python3.8/site-packages/airflow/example_dags/subdags/subdag.py
[2021-11-24 13:17:08,431] {processor.py:620} INFO - Processing file /home/dante/DWBI/Apache/py_env/lib/python3.8/site-packages/airflow/example_dags/subdags/subdag.py for tasks to queue
[2021-11-24 13:17:08,432] {logging_mixin.py:109} INFO - [2021-11-24 13:17:08,432] {dagbag.py:500} INFO - Filling up the DagBag from /home/dante/DWBI/Apache/py_env/lib/python3.8/site-packages/airflow/example_dags/subdags/subdag.py
[2021-11-24 13:17:08,443] {processor.py:634} WARNING - No viable dags retrieved from /home/dante/DWBI/Apache/py_env/lib/python3.8/site-packages/airflow/example_dags/subdags/subdag.py
[2021-11-24 13:17:08,445] {processor.py:171} INFO - Processing /home/dante/DWBI/Apache/py_env/lib/python3.8/site-packages/airflow/example_dags/subdags/subdag.py took 0.019 seconds
[2021-11-24 13:17:45,291] {processor.py:163} INFO - Started process (PID=45587) to work on /home/dante/DWBI/Apache/py_env/lib/python3.8/site-packages/airflow/example_dags/subdags/subdag.py
[2021-11-24 13:17:45,303] {processor.py:620} INFO - Processing file /home/dante/DWBI/Apache/py_env/lib/python3.8/site-packages/airflow/example_dags/subdags/subdag.py for tasks to queue
[2021-11-24 13:17:45,305] {logging_mixin.py:109} INFO - [2021-11-24 13:17:45,304] {dagbag.py:500} INFO - Filling up the DagBag from /home/dante/DWBI/Apache/py_env/lib/python3.8/site-packages/airflow/example_dags/subdags/subdag.py
[2021-11-24 13:17:45,327] {processor.py:634} WARNING - No viable dags retrieved from /home/dante/DWBI/Apache/py_env/lib/python3.8/site-packages/airflow/example_dags/subdags/subdag.py
[2021-11-24 13:17:45,330] {processor.py:171} INFO - Processing /home/dante/DWBI/Apache/py_env/lib/python3.8/site-packages/airflow/example_dags/subdags/subdag.py took 0.045 seconds
[2021-11-24 13:18:25,454] {processor.py:163} INFO - Started process (PID=45646) to work on /home/dante/DWBI/Apache/py_env/lib/python3.8/site-packages/airflow/example_dags/subdags/subdag.py
[2021-11-24 13:18:25,463] {processor.py:620} INFO - Processing file /home/dante/DWBI/Apache/py_env/lib/python3.8/site-packages/airflow/example_dags/subdags/subdag.py for tasks to queue
[2021-11-24 13:18:25,464] {logging_mixin.py:109} INFO - [2021-11-24 13:18:25,464] {dagbag.py:500} INFO - Filling up the DagBag from /home/dante/DWBI/Apache/py_env/lib/python3.8/site-packages/airflow/example_dags/subdags/subdag.py
[2021-11-24 13:18:25,479] {processor.py:634} WARNING - No viable dags retrieved from /home/dante/DWBI/Apache/py_env/lib/python3.8/site-packages/airflow/example_dags/subdags/subdag.py
[2021-11-24 13:18:25,482] {processor.py:171} INFO - Processing /home/dante/DWBI/Apache/py_env/lib/python3.8/site-packages/airflow/example_dags/subdags/subdag.py took 0.030 seconds
[2021-11-24 13:19:03,331] {processor.py:163} INFO - Started process (PID=45717) to work on /home/dante/DWBI/Apache/py_env/lib/python3.8/site-packages/airflow/example_dags/subdags/subdag.py
[2021-11-24 13:19:03,342] {processor.py:620} INFO - Processing file /home/dante/DWBI/Apache/py_env/lib/python3.8/site-packages/airflow/example_dags/subdags/subdag.py for tasks to queue
[2021-11-24 13:19:03,343] {logging_mixin.py:109} INFO - [2021-11-24 13:19:03,343] {dagbag.py:500} INFO - Filling up the DagBag from /home/dante/DWBI/Apache/py_env/lib/python3.8/site-packages/airflow/example_dags/subdags/subdag.py
[2021-11-24 13:19:03,356] {processor.py:634} WARNING - No viable dags retrieved from /home/dante/DWBI/Apache/py_env/lib/python3.8/site-packages/airflow/example_dags/subdags/subdag.py
[2021-11-24 13:19:03,359] {processor.py:171} INFO - Processing /home/dante/DWBI/Apache/py_env/lib/python3.8/site-packages/airflow/example_dags/subdags/subdag.py took 0.030 seconds
[2021-11-24 13:19:42,797] {processor.py:163} INFO - Started process (PID=45770) to work on /home/dante/DWBI/Apache/py_env/lib/python3.8/site-packages/airflow/example_dags/subdags/subdag.py
[2021-11-24 13:19:42,807] {processor.py:620} INFO - Processing file /home/dante/DWBI/Apache/py_env/lib/python3.8/site-packages/airflow/example_dags/subdags/subdag.py for tasks to queue
[2021-11-24 13:19:42,808] {logging_mixin.py:109} INFO - [2021-11-24 13:19:42,808] {dagbag.py:500} INFO - Filling up the DagBag from /home/dante/DWBI/Apache/py_env/lib/python3.8/site-packages/airflow/example_dags/subdags/subdag.py
[2021-11-24 13:19:42,819] {processor.py:634} WARNING - No viable dags retrieved from /home/dante/DWBI/Apache/py_env/lib/python3.8/site-packages/airflow/example_dags/subdags/subdag.py
[2021-11-24 13:19:42,821] {processor.py:171} INFO - Processing /home/dante/DWBI/Apache/py_env/lib/python3.8/site-packages/airflow/example_dags/subdags/subdag.py took 0.027 seconds
[2021-11-24 13:20:17,904] {processor.py:163} INFO - Started process (PID=45819) to work on /home/dante/DWBI/Apache/py_env/lib/python3.8/site-packages/airflow/example_dags/subdags/subdag.py
[2021-11-24 13:20:17,916] {processor.py:620} INFO - Processing file /home/dante/DWBI/Apache/py_env/lib/python3.8/site-packages/airflow/example_dags/subdags/subdag.py for tasks to queue
[2021-11-24 13:20:17,917] {logging_mixin.py:109} INFO - [2021-11-24 13:20:17,917] {dagbag.py:500} INFO - Filling up the DagBag from /home/dante/DWBI/Apache/py_env/lib/python3.8/site-packages/airflow/example_dags/subdags/subdag.py
[2021-11-24 13:20:17,941] {processor.py:634} WARNING - No viable dags retrieved from /home/dante/DWBI/Apache/py_env/lib/python3.8/site-packages/airflow/example_dags/subdags/subdag.py
[2021-11-24 13:20:17,945] {processor.py:171} INFO - Processing /home/dante/DWBI/Apache/py_env/lib/python3.8/site-packages/airflow/example_dags/subdags/subdag.py took 0.043 seconds
[2021-11-24 13:20:54,094] {processor.py:163} INFO - Started process (PID=45871) to work on /home/dante/DWBI/Apache/py_env/lib/python3.8/site-packages/airflow/example_dags/subdags/subdag.py
[2021-11-24 13:20:54,104] {processor.py:620} INFO - Processing file /home/dante/DWBI/Apache/py_env/lib/python3.8/site-packages/airflow/example_dags/subdags/subdag.py for tasks to queue
[2021-11-24 13:20:54,105] {logging_mixin.py:109} INFO - [2021-11-24 13:20:54,105] {dagbag.py:500} INFO - Filling up the DagBag from /home/dante/DWBI/Apache/py_env/lib/python3.8/site-packages/airflow/example_dags/subdags/subdag.py
[2021-11-24 13:20:54,118] {processor.py:634} WARNING - No viable dags retrieved from /home/dante/DWBI/Apache/py_env/lib/python3.8/site-packages/airflow/example_dags/subdags/subdag.py
[2021-11-24 13:20:54,121] {processor.py:171} INFO - Processing /home/dante/DWBI/Apache/py_env/lib/python3.8/site-packages/airflow/example_dags/subdags/subdag.py took 0.029 seconds
[2021-11-24 13:21:25,937] {processor.py:163} INFO - Started process (PID=45928) to work on /home/dante/DWBI/Apache/py_env/lib/python3.8/site-packages/airflow/example_dags/subdags/subdag.py
[2021-11-24 13:21:25,948] {processor.py:620} INFO - Processing file /home/dante/DWBI/Apache/py_env/lib/python3.8/site-packages/airflow/example_dags/subdags/subdag.py for tasks to queue
[2021-11-24 13:21:25,949] {logging_mixin.py:109} INFO - [2021-11-24 13:21:25,949] {dagbag.py:500} INFO - Filling up the DagBag from /home/dante/DWBI/Apache/py_env/lib/python3.8/site-packages/airflow/example_dags/subdags/subdag.py
[2021-11-24 13:21:25,975] {processor.py:634} WARNING - No viable dags retrieved from /home/dante/DWBI/Apache/py_env/lib/python3.8/site-packages/airflow/example_dags/subdags/subdag.py
[2021-11-24 13:21:25,979] {processor.py:171} INFO - Processing /home/dante/DWBI/Apache/py_env/lib/python3.8/site-packages/airflow/example_dags/subdags/subdag.py took 0.044 seconds
[2021-11-24 13:22:03,372] {processor.py:163} INFO - Started process (PID=46019) to work on /home/dante/DWBI/Apache/py_env/lib/python3.8/site-packages/airflow/example_dags/subdags/subdag.py
[2021-11-24 13:22:03,374] {processor.py:620} INFO - Processing file /home/dante/DWBI/Apache/py_env/lib/python3.8/site-packages/airflow/example_dags/subdags/subdag.py for tasks to queue
[2021-11-24 13:22:03,374] {logging_mixin.py:109} INFO - [2021-11-24 13:22:03,374] {dagbag.py:500} INFO - Filling up the DagBag from /home/dante/DWBI/Apache/py_env/lib/python3.8/site-packages/airflow/example_dags/subdags/subdag.py
[2021-11-24 13:22:03,386] {processor.py:634} WARNING - No viable dags retrieved from /home/dante/DWBI/Apache/py_env/lib/python3.8/site-packages/airflow/example_dags/subdags/subdag.py
[2021-11-24 13:22:03,388] {processor.py:171} INFO - Processing /home/dante/DWBI/Apache/py_env/lib/python3.8/site-packages/airflow/example_dags/subdags/subdag.py took 0.019 seconds
[2021-11-24 13:22:34,154] {processor.py:163} INFO - Started process (PID=46072) to work on /home/dante/DWBI/Apache/py_env/lib/python3.8/site-packages/airflow/example_dags/subdags/subdag.py
[2021-11-24 13:22:34,165] {processor.py:620} INFO - Processing file /home/dante/DWBI/Apache/py_env/lib/python3.8/site-packages/airflow/example_dags/subdags/subdag.py for tasks to queue
[2021-11-24 13:22:34,167] {logging_mixin.py:109} INFO - [2021-11-24 13:22:34,166] {dagbag.py:500} INFO - Filling up the DagBag from /home/dante/DWBI/Apache/py_env/lib/python3.8/site-packages/airflow/example_dags/subdags/subdag.py
[2021-11-24 13:22:34,189] {processor.py:634} WARNING - No viable dags retrieved from /home/dante/DWBI/Apache/py_env/lib/python3.8/site-packages/airflow/example_dags/subdags/subdag.py
[2021-11-24 13:22:34,192] {processor.py:171} INFO - Processing /home/dante/DWBI/Apache/py_env/lib/python3.8/site-packages/airflow/example_dags/subdags/subdag.py took 0.044 seconds
[2021-11-24 13:23:08,796] {processor.py:163} INFO - Started process (PID=46445) to work on /home/dante/DWBI/Apache/py_env/lib/python3.8/site-packages/airflow/example_dags/subdags/subdag.py
[2021-11-24 13:23:08,798] {processor.py:620} INFO - Processing file /home/dante/DWBI/Apache/py_env/lib/python3.8/site-packages/airflow/example_dags/subdags/subdag.py for tasks to queue
[2021-11-24 13:23:08,798] {logging_mixin.py:109} INFO - [2021-11-24 13:23:08,798] {dagbag.py:500} INFO - Filling up the DagBag from /home/dante/DWBI/Apache/py_env/lib/python3.8/site-packages/airflow/example_dags/subdags/subdag.py
[2021-11-24 13:23:08,807] {processor.py:634} WARNING - No viable dags retrieved from /home/dante/DWBI/Apache/py_env/lib/python3.8/site-packages/airflow/example_dags/subdags/subdag.py
[2021-11-24 13:23:08,808] {processor.py:171} INFO - Processing /home/dante/DWBI/Apache/py_env/lib/python3.8/site-packages/airflow/example_dags/subdags/subdag.py took 0.015 seconds
[2021-11-24 13:23:40,283] {processor.py:163} INFO - Started process (PID=46500) to work on /home/dante/DWBI/Apache/py_env/lib/python3.8/site-packages/airflow/example_dags/subdags/subdag.py
[2021-11-24 13:23:40,293] {processor.py:620} INFO - Processing file /home/dante/DWBI/Apache/py_env/lib/python3.8/site-packages/airflow/example_dags/subdags/subdag.py for tasks to queue
[2021-11-24 13:23:40,295] {logging_mixin.py:109} INFO - [2021-11-24 13:23:40,294] {dagbag.py:500} INFO - Filling up the DagBag from /home/dante/DWBI/Apache/py_env/lib/python3.8/site-packages/airflow/example_dags/subdags/subdag.py
[2021-11-24 13:23:40,317] {processor.py:634} WARNING - No viable dags retrieved from /home/dante/DWBI/Apache/py_env/lib/python3.8/site-packages/airflow/example_dags/subdags/subdag.py
[2021-11-24 13:23:40,319] {processor.py:171} INFO - Processing /home/dante/DWBI/Apache/py_env/lib/python3.8/site-packages/airflow/example_dags/subdags/subdag.py took 0.043 seconds
[2021-11-24 13:24:13,094] {processor.py:163} INFO - Started process (PID=46564) to work on /home/dante/DWBI/Apache/py_env/lib/python3.8/site-packages/airflow/example_dags/subdags/subdag.py
[2021-11-24 13:24:13,103] {processor.py:620} INFO - Processing file /home/dante/DWBI/Apache/py_env/lib/python3.8/site-packages/airflow/example_dags/subdags/subdag.py for tasks to queue
[2021-11-24 13:24:13,104] {logging_mixin.py:109} INFO - [2021-11-24 13:24:13,104] {dagbag.py:500} INFO - Filling up the DagBag from /home/dante/DWBI/Apache/py_env/lib/python3.8/site-packages/airflow/example_dags/subdags/subdag.py
[2021-11-24 13:24:13,111] {processor.py:634} WARNING - No viable dags retrieved from /home/dante/DWBI/Apache/py_env/lib/python3.8/site-packages/airflow/example_dags/subdags/subdag.py
[2021-11-24 13:24:13,113] {processor.py:171} INFO - Processing /home/dante/DWBI/Apache/py_env/lib/python3.8/site-packages/airflow/example_dags/subdags/subdag.py took 0.021 seconds
[2021-11-24 13:24:47,907] {processor.py:163} INFO - Started process (PID=46730) to work on /home/dante/DWBI/Apache/py_env/lib/python3.8/site-packages/airflow/example_dags/subdags/subdag.py
[2021-11-24 13:24:47,918] {processor.py:620} INFO - Processing file /home/dante/DWBI/Apache/py_env/lib/python3.8/site-packages/airflow/example_dags/subdags/subdag.py for tasks to queue
[2021-11-24 13:24:47,920] {logging_mixin.py:109} INFO - [2021-11-24 13:24:47,919] {dagbag.py:500} INFO - Filling up the DagBag from /home/dante/DWBI/Apache/py_env/lib/python3.8/site-packages/airflow/example_dags/subdags/subdag.py
[2021-11-24 13:24:47,943] {processor.py:634} WARNING - No viable dags retrieved from /home/dante/DWBI/Apache/py_env/lib/python3.8/site-packages/airflow/example_dags/subdags/subdag.py
[2021-11-24 13:24:47,946] {processor.py:171} INFO - Processing /home/dante/DWBI/Apache/py_env/lib/python3.8/site-packages/airflow/example_dags/subdags/subdag.py took 0.045 seconds
[2021-11-24 13:25:24,782] {processor.py:163} INFO - Started process (PID=46809) to work on /home/dante/DWBI/Apache/py_env/lib/python3.8/site-packages/airflow/example_dags/subdags/subdag.py
[2021-11-24 13:25:24,785] {processor.py:620} INFO - Processing file /home/dante/DWBI/Apache/py_env/lib/python3.8/site-packages/airflow/example_dags/subdags/subdag.py for tasks to queue
[2021-11-24 13:25:24,787] {logging_mixin.py:109} INFO - [2021-11-24 13:25:24,787] {dagbag.py:500} INFO - Filling up the DagBag from /home/dante/DWBI/Apache/py_env/lib/python3.8/site-packages/airflow/example_dags/subdags/subdag.py
[2021-11-24 13:25:24,801] {processor.py:634} WARNING - No viable dags retrieved from /home/dante/DWBI/Apache/py_env/lib/python3.8/site-packages/airflow/example_dags/subdags/subdag.py
[2021-11-24 13:25:24,803] {processor.py:171} INFO - Processing /home/dante/DWBI/Apache/py_env/lib/python3.8/site-packages/airflow/example_dags/subdags/subdag.py took 0.030 seconds
[2021-11-24 13:26:00,553] {processor.py:163} INFO - Started process (PID=46859) to work on /home/dante/DWBI/Apache/py_env/lib/python3.8/site-packages/airflow/example_dags/subdags/subdag.py
[2021-11-24 13:26:00,556] {processor.py:620} INFO - Processing file /home/dante/DWBI/Apache/py_env/lib/python3.8/site-packages/airflow/example_dags/subdags/subdag.py for tasks to queue
[2021-11-24 13:26:00,558] {logging_mixin.py:109} INFO - [2021-11-24 13:26:00,557] {dagbag.py:500} INFO - Filling up the DagBag from /home/dante/DWBI/Apache/py_env/lib/python3.8/site-packages/airflow/example_dags/subdags/subdag.py
[2021-11-24 13:26:00,578] {processor.py:634} WARNING - No viable dags retrieved from /home/dante/DWBI/Apache/py_env/lib/python3.8/site-packages/airflow/example_dags/subdags/subdag.py
[2021-11-24 13:26:00,580] {processor.py:171} INFO - Processing /home/dante/DWBI/Apache/py_env/lib/python3.8/site-packages/airflow/example_dags/subdags/subdag.py took 0.034 seconds
[2021-11-24 13:26:35,933] {processor.py:163} INFO - Started process (PID=46951) to work on /home/dante/DWBI/Apache/py_env/lib/python3.8/site-packages/airflow/example_dags/subdags/subdag.py
[2021-11-24 13:26:35,943] {processor.py:620} INFO - Processing file /home/dante/DWBI/Apache/py_env/lib/python3.8/site-packages/airflow/example_dags/subdags/subdag.py for tasks to queue
[2021-11-24 13:26:35,944] {logging_mixin.py:109} INFO - [2021-11-24 13:26:35,943] {dagbag.py:500} INFO - Filling up the DagBag from /home/dante/DWBI/Apache/py_env/lib/python3.8/site-packages/airflow/example_dags/subdags/subdag.py
[2021-11-24 13:26:35,955] {processor.py:634} WARNING - No viable dags retrieved from /home/dante/DWBI/Apache/py_env/lib/python3.8/site-packages/airflow/example_dags/subdags/subdag.py
[2021-11-24 13:26:35,957] {processor.py:171} INFO - Processing /home/dante/DWBI/Apache/py_env/lib/python3.8/site-packages/airflow/example_dags/subdags/subdag.py took 0.026 seconds
[2021-11-24 13:27:12,954] {processor.py:163} INFO - Started process (PID=47072) to work on /home/dante/DWBI/Apache/py_env/lib/python3.8/site-packages/airflow/example_dags/subdags/subdag.py
[2021-11-24 13:27:12,964] {processor.py:620} INFO - Processing file /home/dante/DWBI/Apache/py_env/lib/python3.8/site-packages/airflow/example_dags/subdags/subdag.py for tasks to queue
[2021-11-24 13:27:12,966] {logging_mixin.py:109} INFO - [2021-11-24 13:27:12,966] {dagbag.py:500} INFO - Filling up the DagBag from /home/dante/DWBI/Apache/py_env/lib/python3.8/site-packages/airflow/example_dags/subdags/subdag.py
[2021-11-24 13:27:12,992] {processor.py:634} WARNING - No viable dags retrieved from /home/dante/DWBI/Apache/py_env/lib/python3.8/site-packages/airflow/example_dags/subdags/subdag.py
[2021-11-24 13:27:12,995] {processor.py:171} INFO - Processing /home/dante/DWBI/Apache/py_env/lib/python3.8/site-packages/airflow/example_dags/subdags/subdag.py took 0.044 seconds
[2021-11-24 13:27:47,707] {processor.py:163} INFO - Started process (PID=47123) to work on /home/dante/DWBI/Apache/py_env/lib/python3.8/site-packages/airflow/example_dags/subdags/subdag.py
[2021-11-24 13:27:47,709] {processor.py:620} INFO - Processing file /home/dante/DWBI/Apache/py_env/lib/python3.8/site-packages/airflow/example_dags/subdags/subdag.py for tasks to queue
[2021-11-24 13:27:47,710] {logging_mixin.py:109} INFO - [2021-11-24 13:27:47,710] {dagbag.py:500} INFO - Filling up the DagBag from /home/dante/DWBI/Apache/py_env/lib/python3.8/site-packages/airflow/example_dags/subdags/subdag.py
[2021-11-24 13:27:47,723] {processor.py:634} WARNING - No viable dags retrieved from /home/dante/DWBI/Apache/py_env/lib/python3.8/site-packages/airflow/example_dags/subdags/subdag.py
[2021-11-24 13:27:47,725] {processor.py:171} INFO - Processing /home/dante/DWBI/Apache/py_env/lib/python3.8/site-packages/airflow/example_dags/subdags/subdag.py took 0.021 seconds
[2021-11-24 13:28:27,184] {processor.py:163} INFO - Started process (PID=47301) to work on /home/dante/DWBI/Apache/py_env/lib/python3.8/site-packages/airflow/example_dags/subdags/subdag.py
[2021-11-24 13:28:27,193] {processor.py:620} INFO - Processing file /home/dante/DWBI/Apache/py_env/lib/python3.8/site-packages/airflow/example_dags/subdags/subdag.py for tasks to queue
[2021-11-24 13:28:27,193] {logging_mixin.py:109} INFO - [2021-11-24 13:28:27,193] {dagbag.py:500} INFO - Filling up the DagBag from /home/dante/DWBI/Apache/py_env/lib/python3.8/site-packages/airflow/example_dags/subdags/subdag.py
[2021-11-24 13:28:27,203] {processor.py:634} WARNING - No viable dags retrieved from /home/dante/DWBI/Apache/py_env/lib/python3.8/site-packages/airflow/example_dags/subdags/subdag.py
[2021-11-24 13:28:27,205] {processor.py:171} INFO - Processing /home/dante/DWBI/Apache/py_env/lib/python3.8/site-packages/airflow/example_dags/subdags/subdag.py took 0.024 seconds
[2021-11-24 13:29:04,090] {processor.py:163} INFO - Started process (PID=47391) to work on /home/dante/DWBI/Apache/py_env/lib/python3.8/site-packages/airflow/example_dags/subdags/subdag.py
[2021-11-24 13:29:04,100] {processor.py:620} INFO - Processing file /home/dante/DWBI/Apache/py_env/lib/python3.8/site-packages/airflow/example_dags/subdags/subdag.py for tasks to queue
[2021-11-24 13:29:04,102] {logging_mixin.py:109} INFO - [2021-11-24 13:29:04,101] {dagbag.py:500} INFO - Filling up the DagBag from /home/dante/DWBI/Apache/py_env/lib/python3.8/site-packages/airflow/example_dags/subdags/subdag.py
[2021-11-24 13:29:04,126] {processor.py:634} WARNING - No viable dags retrieved from /home/dante/DWBI/Apache/py_env/lib/python3.8/site-packages/airflow/example_dags/subdags/subdag.py
[2021-11-24 13:29:04,129] {processor.py:171} INFO - Processing /home/dante/DWBI/Apache/py_env/lib/python3.8/site-packages/airflow/example_dags/subdags/subdag.py took 0.042 seconds
[2021-11-24 13:29:40,955] {processor.py:163} INFO - Started process (PID=47452) to work on /home/dante/DWBI/Apache/py_env/lib/python3.8/site-packages/airflow/example_dags/subdags/subdag.py
[2021-11-24 13:29:40,959] {processor.py:620} INFO - Processing file /home/dante/DWBI/Apache/py_env/lib/python3.8/site-packages/airflow/example_dags/subdags/subdag.py for tasks to queue
[2021-11-24 13:29:40,959] {logging_mixin.py:109} INFO - [2021-11-24 13:29:40,959] {dagbag.py:500} INFO - Filling up the DagBag from /home/dante/DWBI/Apache/py_env/lib/python3.8/site-packages/airflow/example_dags/subdags/subdag.py
[2021-11-24 13:29:40,969] {processor.py:634} WARNING - No viable dags retrieved from /home/dante/DWBI/Apache/py_env/lib/python3.8/site-packages/airflow/example_dags/subdags/subdag.py
[2021-11-24 13:29:40,971] {processor.py:171} INFO - Processing /home/dante/DWBI/Apache/py_env/lib/python3.8/site-packages/airflow/example_dags/subdags/subdag.py took 0.020 seconds
[2021-11-24 13:30:17,728] {processor.py:163} INFO - Started process (PID=47539) to work on /home/dante/DWBI/Apache/py_env/lib/python3.8/site-packages/airflow/example_dags/subdags/subdag.py
[2021-11-24 13:30:17,737] {processor.py:620} INFO - Processing file /home/dante/DWBI/Apache/py_env/lib/python3.8/site-packages/airflow/example_dags/subdags/subdag.py for tasks to queue
[2021-11-24 13:30:17,737] {logging_mixin.py:109} INFO - [2021-11-24 13:30:17,737] {dagbag.py:500} INFO - Filling up the DagBag from /home/dante/DWBI/Apache/py_env/lib/python3.8/site-packages/airflow/example_dags/subdags/subdag.py
[2021-11-24 13:30:17,751] {processor.py:634} WARNING - No viable dags retrieved from /home/dante/DWBI/Apache/py_env/lib/python3.8/site-packages/airflow/example_dags/subdags/subdag.py
[2021-11-24 13:30:17,754] {processor.py:171} INFO - Processing /home/dante/DWBI/Apache/py_env/lib/python3.8/site-packages/airflow/example_dags/subdags/subdag.py took 0.029 seconds
[2021-11-24 13:30:53,748] {processor.py:163} INFO - Started process (PID=47590) to work on /home/dante/DWBI/Apache/py_env/lib/python3.8/site-packages/airflow/example_dags/subdags/subdag.py
[2021-11-24 13:30:53,750] {processor.py:620} INFO - Processing file /home/dante/DWBI/Apache/py_env/lib/python3.8/site-packages/airflow/example_dags/subdags/subdag.py for tasks to queue
[2021-11-24 13:30:53,751] {logging_mixin.py:109} INFO - [2021-11-24 13:30:53,751] {dagbag.py:500} INFO - Filling up the DagBag from /home/dante/DWBI/Apache/py_env/lib/python3.8/site-packages/airflow/example_dags/subdags/subdag.py
[2021-11-24 13:30:53,760] {processor.py:634} WARNING - No viable dags retrieved from /home/dante/DWBI/Apache/py_env/lib/python3.8/site-packages/airflow/example_dags/subdags/subdag.py
[2021-11-24 13:30:53,762] {processor.py:171} INFO - Processing /home/dante/DWBI/Apache/py_env/lib/python3.8/site-packages/airflow/example_dags/subdags/subdag.py took 0.016 seconds
[2021-11-24 13:31:27,694] {processor.py:163} INFO - Started process (PID=47644) to work on /home/dante/DWBI/Apache/py_env/lib/python3.8/site-packages/airflow/example_dags/subdags/subdag.py
[2021-11-24 13:31:27,703] {processor.py:620} INFO - Processing file /home/dante/DWBI/Apache/py_env/lib/python3.8/site-packages/airflow/example_dags/subdags/subdag.py for tasks to queue
[2021-11-24 13:31:27,703] {logging_mixin.py:109} INFO - [2021-11-24 13:31:27,703] {dagbag.py:500} INFO - Filling up the DagBag from /home/dante/DWBI/Apache/py_env/lib/python3.8/site-packages/airflow/example_dags/subdags/subdag.py
[2021-11-24 13:31:27,712] {processor.py:634} WARNING - No viable dags retrieved from /home/dante/DWBI/Apache/py_env/lib/python3.8/site-packages/airflow/example_dags/subdags/subdag.py
[2021-11-24 13:31:27,713] {processor.py:171} INFO - Processing /home/dante/DWBI/Apache/py_env/lib/python3.8/site-packages/airflow/example_dags/subdags/subdag.py took 0.022 seconds
[2021-11-24 13:32:03,717] {processor.py:163} INFO - Started process (PID=47787) to work on /home/dante/DWBI/Apache/py_env/lib/python3.8/site-packages/airflow/example_dags/subdags/subdag.py
[2021-11-24 13:32:03,719] {processor.py:620} INFO - Processing file /home/dante/DWBI/Apache/py_env/lib/python3.8/site-packages/airflow/example_dags/subdags/subdag.py for tasks to queue
[2021-11-24 13:32:03,720] {logging_mixin.py:109} INFO - [2021-11-24 13:32:03,720] {dagbag.py:500} INFO - Filling up the DagBag from /home/dante/DWBI/Apache/py_env/lib/python3.8/site-packages/airflow/example_dags/subdags/subdag.py
[2021-11-24 13:32:03,729] {processor.py:634} WARNING - No viable dags retrieved from /home/dante/DWBI/Apache/py_env/lib/python3.8/site-packages/airflow/example_dags/subdags/subdag.py
[2021-11-24 13:32:03,731] {processor.py:171} INFO - Processing /home/dante/DWBI/Apache/py_env/lib/python3.8/site-packages/airflow/example_dags/subdags/subdag.py took 0.016 seconds
[2021-11-24 13:32:40,226] {processor.py:163} INFO - Started process (PID=48284) to work on /home/dante/DWBI/Apache/py_env/lib/python3.8/site-packages/airflow/example_dags/subdags/subdag.py
[2021-11-24 13:32:40,231] {processor.py:620} INFO - Processing file /home/dante/DWBI/Apache/py_env/lib/python3.8/site-packages/airflow/example_dags/subdags/subdag.py for tasks to queue
[2021-11-24 13:32:40,232] {logging_mixin.py:109} INFO - [2021-11-24 13:32:40,232] {dagbag.py:500} INFO - Filling up the DagBag from /home/dante/DWBI/Apache/py_env/lib/python3.8/site-packages/airflow/example_dags/subdags/subdag.py
[2021-11-24 13:32:40,242] {processor.py:634} WARNING - No viable dags retrieved from /home/dante/DWBI/Apache/py_env/lib/python3.8/site-packages/airflow/example_dags/subdags/subdag.py
[2021-11-24 13:32:40,244] {processor.py:171} INFO - Processing /home/dante/DWBI/Apache/py_env/lib/python3.8/site-packages/airflow/example_dags/subdags/subdag.py took 0.020 seconds
[2021-11-24 13:33:15,529] {processor.py:163} INFO - Started process (PID=48499) to work on /home/dante/DWBI/Apache/py_env/lib/python3.8/site-packages/airflow/example_dags/subdags/subdag.py
[2021-11-24 13:33:15,533] {processor.py:620} INFO - Processing file /home/dante/DWBI/Apache/py_env/lib/python3.8/site-packages/airflow/example_dags/subdags/subdag.py for tasks to queue
[2021-11-24 13:33:15,534] {logging_mixin.py:109} INFO - [2021-11-24 13:33:15,534] {dagbag.py:500} INFO - Filling up the DagBag from /home/dante/DWBI/Apache/py_env/lib/python3.8/site-packages/airflow/example_dags/subdags/subdag.py
[2021-11-24 13:33:15,543] {processor.py:634} WARNING - No viable dags retrieved from /home/dante/DWBI/Apache/py_env/lib/python3.8/site-packages/airflow/example_dags/subdags/subdag.py
[2021-11-24 13:33:15,545] {processor.py:171} INFO - Processing /home/dante/DWBI/Apache/py_env/lib/python3.8/site-packages/airflow/example_dags/subdags/subdag.py took 0.019 seconds
[2021-11-24 13:33:52,571] {processor.py:163} INFO - Started process (PID=48632) to work on /home/dante/DWBI/Apache/py_env/lib/python3.8/site-packages/airflow/example_dags/subdags/subdag.py
[2021-11-24 13:33:52,582] {processor.py:620} INFO - Processing file /home/dante/DWBI/Apache/py_env/lib/python3.8/site-packages/airflow/example_dags/subdags/subdag.py for tasks to queue
[2021-11-24 13:33:52,583] {logging_mixin.py:109} INFO - [2021-11-24 13:33:52,583] {dagbag.py:500} INFO - Filling up the DagBag from /home/dante/DWBI/Apache/py_env/lib/python3.8/site-packages/airflow/example_dags/subdags/subdag.py
[2021-11-24 13:33:52,597] {processor.py:634} WARNING - No viable dags retrieved from /home/dante/DWBI/Apache/py_env/lib/python3.8/site-packages/airflow/example_dags/subdags/subdag.py
[2021-11-24 13:33:52,599] {processor.py:171} INFO - Processing /home/dante/DWBI/Apache/py_env/lib/python3.8/site-packages/airflow/example_dags/subdags/subdag.py took 0.030 seconds
[2021-11-24 13:34:31,289] {processor.py:163} INFO - Started process (PID=48740) to work on /home/dante/DWBI/Apache/py_env/lib/python3.8/site-packages/airflow/example_dags/subdags/subdag.py
[2021-11-24 13:34:31,291] {processor.py:620} INFO - Processing file /home/dante/DWBI/Apache/py_env/lib/python3.8/site-packages/airflow/example_dags/subdags/subdag.py for tasks to queue
[2021-11-24 13:34:31,292] {logging_mixin.py:109} INFO - [2021-11-24 13:34:31,292] {dagbag.py:500} INFO - Filling up the DagBag from /home/dante/DWBI/Apache/py_env/lib/python3.8/site-packages/airflow/example_dags/subdags/subdag.py
[2021-11-24 13:34:31,304] {processor.py:634} WARNING - No viable dags retrieved from /home/dante/DWBI/Apache/py_env/lib/python3.8/site-packages/airflow/example_dags/subdags/subdag.py
[2021-11-24 13:34:31,307] {processor.py:171} INFO - Processing /home/dante/DWBI/Apache/py_env/lib/python3.8/site-packages/airflow/example_dags/subdags/subdag.py took 0.021 seconds
[2021-11-24 13:35:04,157] {processor.py:163} INFO - Started process (PID=48837) to work on /home/dante/DWBI/Apache/py_env/lib/python3.8/site-packages/airflow/example_dags/subdags/subdag.py
[2021-11-24 13:35:04,166] {processor.py:620} INFO - Processing file /home/dante/DWBI/Apache/py_env/lib/python3.8/site-packages/airflow/example_dags/subdags/subdag.py for tasks to queue
[2021-11-24 13:35:04,167] {logging_mixin.py:109} INFO - [2021-11-24 13:35:04,167] {dagbag.py:500} INFO - Filling up the DagBag from /home/dante/DWBI/Apache/py_env/lib/python3.8/site-packages/airflow/example_dags/subdags/subdag.py
[2021-11-24 13:35:04,182] {processor.py:634} WARNING - No viable dags retrieved from /home/dante/DWBI/Apache/py_env/lib/python3.8/site-packages/airflow/example_dags/subdags/subdag.py
[2021-11-24 13:35:04,185] {processor.py:171} INFO - Processing /home/dante/DWBI/Apache/py_env/lib/python3.8/site-packages/airflow/example_dags/subdags/subdag.py took 0.030 seconds
[2021-11-24 13:35:41,857] {processor.py:163} INFO - Started process (PID=48933) to work on /home/dante/DWBI/Apache/py_env/lib/python3.8/site-packages/airflow/example_dags/subdags/subdag.py
[2021-11-24 13:35:41,866] {processor.py:620} INFO - Processing file /home/dante/DWBI/Apache/py_env/lib/python3.8/site-packages/airflow/example_dags/subdags/subdag.py for tasks to queue
[2021-11-24 13:35:41,867] {logging_mixin.py:109} INFO - [2021-11-24 13:35:41,867] {dagbag.py:500} INFO - Filling up the DagBag from /home/dante/DWBI/Apache/py_env/lib/python3.8/site-packages/airflow/example_dags/subdags/subdag.py
[2021-11-24 13:35:41,875] {processor.py:634} WARNING - No viable dags retrieved from /home/dante/DWBI/Apache/py_env/lib/python3.8/site-packages/airflow/example_dags/subdags/subdag.py
[2021-11-24 13:35:41,877] {processor.py:171} INFO - Processing /home/dante/DWBI/Apache/py_env/lib/python3.8/site-packages/airflow/example_dags/subdags/subdag.py took 0.021 seconds
[2021-11-24 13:36:19,806] {processor.py:163} INFO - Started process (PID=49030) to work on /home/dante/DWBI/Apache/py_env/lib/python3.8/site-packages/airflow/example_dags/subdags/subdag.py
[2021-11-24 13:36:19,816] {processor.py:620} INFO - Processing file /home/dante/DWBI/Apache/py_env/lib/python3.8/site-packages/airflow/example_dags/subdags/subdag.py for tasks to queue
[2021-11-24 13:36:19,817] {logging_mixin.py:109} INFO - [2021-11-24 13:36:19,817] {dagbag.py:500} INFO - Filling up the DagBag from /home/dante/DWBI/Apache/py_env/lib/python3.8/site-packages/airflow/example_dags/subdags/subdag.py
[2021-11-24 13:36:19,833] {processor.py:634} WARNING - No viable dags retrieved from /home/dante/DWBI/Apache/py_env/lib/python3.8/site-packages/airflow/example_dags/subdags/subdag.py
[2021-11-24 13:36:19,836] {processor.py:171} INFO - Processing /home/dante/DWBI/Apache/py_env/lib/python3.8/site-packages/airflow/example_dags/subdags/subdag.py took 0.035 seconds
[2021-11-24 13:36:52,965] {processor.py:163} INFO - Started process (PID=49133) to work on /home/dante/DWBI/Apache/py_env/lib/python3.8/site-packages/airflow/example_dags/subdags/subdag.py
[2021-11-24 13:36:52,967] {processor.py:620} INFO - Processing file /home/dante/DWBI/Apache/py_env/lib/python3.8/site-packages/airflow/example_dags/subdags/subdag.py for tasks to queue
[2021-11-24 13:36:52,967] {logging_mixin.py:109} INFO - [2021-11-24 13:36:52,967] {dagbag.py:500} INFO - Filling up the DagBag from /home/dante/DWBI/Apache/py_env/lib/python3.8/site-packages/airflow/example_dags/subdags/subdag.py
[2021-11-24 13:36:52,976] {processor.py:634} WARNING - No viable dags retrieved from /home/dante/DWBI/Apache/py_env/lib/python3.8/site-packages/airflow/example_dags/subdags/subdag.py
[2021-11-24 13:36:52,977] {processor.py:171} INFO - Processing /home/dante/DWBI/Apache/py_env/lib/python3.8/site-packages/airflow/example_dags/subdags/subdag.py took 0.017 seconds
[2021-11-24 13:37:26,313] {processor.py:163} INFO - Started process (PID=49268) to work on /home/dante/DWBI/Apache/py_env/lib/python3.8/site-packages/airflow/example_dags/subdags/subdag.py
[2021-11-24 13:37:26,322] {processor.py:620} INFO - Processing file /home/dante/DWBI/Apache/py_env/lib/python3.8/site-packages/airflow/example_dags/subdags/subdag.py for tasks to queue
[2021-11-24 13:37:26,322] {logging_mixin.py:109} INFO - [2021-11-24 13:37:26,322] {dagbag.py:500} INFO - Filling up the DagBag from /home/dante/DWBI/Apache/py_env/lib/python3.8/site-packages/airflow/example_dags/subdags/subdag.py
[2021-11-24 13:37:26,332] {processor.py:634} WARNING - No viable dags retrieved from /home/dante/DWBI/Apache/py_env/lib/python3.8/site-packages/airflow/example_dags/subdags/subdag.py
[2021-11-24 13:37:26,334] {processor.py:171} INFO - Processing /home/dante/DWBI/Apache/py_env/lib/python3.8/site-packages/airflow/example_dags/subdags/subdag.py took 0.023 seconds
[2021-11-24 13:38:02,443] {processor.py:163} INFO - Started process (PID=49336) to work on /home/dante/DWBI/Apache/py_env/lib/python3.8/site-packages/airflow/example_dags/subdags/subdag.py
[2021-11-24 13:38:02,453] {processor.py:620} INFO - Processing file /home/dante/DWBI/Apache/py_env/lib/python3.8/site-packages/airflow/example_dags/subdags/subdag.py for tasks to queue
[2021-11-24 13:38:02,454] {logging_mixin.py:109} INFO - [2021-11-24 13:38:02,453] {dagbag.py:500} INFO - Filling up the DagBag from /home/dante/DWBI/Apache/py_env/lib/python3.8/site-packages/airflow/example_dags/subdags/subdag.py
[2021-11-24 13:38:02,463] {processor.py:634} WARNING - No viable dags retrieved from /home/dante/DWBI/Apache/py_env/lib/python3.8/site-packages/airflow/example_dags/subdags/subdag.py
[2021-11-24 13:38:02,464] {processor.py:171} INFO - Processing /home/dante/DWBI/Apache/py_env/lib/python3.8/site-packages/airflow/example_dags/subdags/subdag.py took 0.024 seconds
[2021-11-24 13:38:37,089] {processor.py:163} INFO - Started process (PID=49417) to work on /home/dante/DWBI/Apache/py_env/lib/python3.8/site-packages/airflow/example_dags/subdags/subdag.py
[2021-11-24 13:38:37,098] {processor.py:620} INFO - Processing file /home/dante/DWBI/Apache/py_env/lib/python3.8/site-packages/airflow/example_dags/subdags/subdag.py for tasks to queue
[2021-11-24 13:38:37,099] {logging_mixin.py:109} INFO - [2021-11-24 13:38:37,099] {dagbag.py:500} INFO - Filling up the DagBag from /home/dante/DWBI/Apache/py_env/lib/python3.8/site-packages/airflow/example_dags/subdags/subdag.py
[2021-11-24 13:38:37,108] {processor.py:634} WARNING - No viable dags retrieved from /home/dante/DWBI/Apache/py_env/lib/python3.8/site-packages/airflow/example_dags/subdags/subdag.py
[2021-11-24 13:38:37,110] {processor.py:171} INFO - Processing /home/dante/DWBI/Apache/py_env/lib/python3.8/site-packages/airflow/example_dags/subdags/subdag.py took 0.023 seconds
[2021-11-24 13:39:14,405] {processor.py:163} INFO - Started process (PID=49549) to work on /home/dante/DWBI/Apache/py_env/lib/python3.8/site-packages/airflow/example_dags/subdags/subdag.py
[2021-11-24 13:39:14,407] {processor.py:620} INFO - Processing file /home/dante/DWBI/Apache/py_env/lib/python3.8/site-packages/airflow/example_dags/subdags/subdag.py for tasks to queue
[2021-11-24 13:39:14,408] {logging_mixin.py:109} INFO - [2021-11-24 13:39:14,408] {dagbag.py:500} INFO - Filling up the DagBag from /home/dante/DWBI/Apache/py_env/lib/python3.8/site-packages/airflow/example_dags/subdags/subdag.py
[2021-11-24 13:39:14,419] {processor.py:634} WARNING - No viable dags retrieved from /home/dante/DWBI/Apache/py_env/lib/python3.8/site-packages/airflow/example_dags/subdags/subdag.py
[2021-11-24 13:39:14,421] {processor.py:171} INFO - Processing /home/dante/DWBI/Apache/py_env/lib/python3.8/site-packages/airflow/example_dags/subdags/subdag.py took 0.022 seconds
[2021-11-24 13:39:49,722] {processor.py:163} INFO - Started process (PID=49623) to work on /home/dante/DWBI/Apache/py_env/lib/python3.8/site-packages/airflow/example_dags/subdags/subdag.py
[2021-11-24 13:39:49,723] {processor.py:620} INFO - Processing file /home/dante/DWBI/Apache/py_env/lib/python3.8/site-packages/airflow/example_dags/subdags/subdag.py for tasks to queue
[2021-11-24 13:39:49,724] {logging_mixin.py:109} INFO - [2021-11-24 13:39:49,724] {dagbag.py:500} INFO - Filling up the DagBag from /home/dante/DWBI/Apache/py_env/lib/python3.8/site-packages/airflow/example_dags/subdags/subdag.py
[2021-11-24 13:39:49,734] {processor.py:634} WARNING - No viable dags retrieved from /home/dante/DWBI/Apache/py_env/lib/python3.8/site-packages/airflow/example_dags/subdags/subdag.py
[2021-11-24 13:39:49,736] {processor.py:171} INFO - Processing /home/dante/DWBI/Apache/py_env/lib/python3.8/site-packages/airflow/example_dags/subdags/subdag.py took 0.017 seconds
[2021-11-24 13:40:22,643] {processor.py:163} INFO - Started process (PID=49713) to work on /home/dante/DWBI/Apache/py_env/lib/python3.8/site-packages/airflow/example_dags/subdags/subdag.py
[2021-11-24 13:40:22,654] {processor.py:620} INFO - Processing file /home/dante/DWBI/Apache/py_env/lib/python3.8/site-packages/airflow/example_dags/subdags/subdag.py for tasks to queue
[2021-11-24 13:40:22,655] {logging_mixin.py:109} INFO - [2021-11-24 13:40:22,655] {dagbag.py:500} INFO - Filling up the DagBag from /home/dante/DWBI/Apache/py_env/lib/python3.8/site-packages/airflow/example_dags/subdags/subdag.py
[2021-11-24 13:40:22,680] {processor.py:634} WARNING - No viable dags retrieved from /home/dante/DWBI/Apache/py_env/lib/python3.8/site-packages/airflow/example_dags/subdags/subdag.py
[2021-11-24 13:40:22,684] {processor.py:171} INFO - Processing /home/dante/DWBI/Apache/py_env/lib/python3.8/site-packages/airflow/example_dags/subdags/subdag.py took 0.043 seconds
[2021-11-24 13:40:55,669] {processor.py:163} INFO - Started process (PID=49769) to work on /home/dante/DWBI/Apache/py_env/lib/python3.8/site-packages/airflow/example_dags/subdags/subdag.py
[2021-11-24 13:40:55,678] {processor.py:620} INFO - Processing file /home/dante/DWBI/Apache/py_env/lib/python3.8/site-packages/airflow/example_dags/subdags/subdag.py for tasks to queue
[2021-11-24 13:40:55,679] {logging_mixin.py:109} INFO - [2021-11-24 13:40:55,679] {dagbag.py:500} INFO - Filling up the DagBag from /home/dante/DWBI/Apache/py_env/lib/python3.8/site-packages/airflow/example_dags/subdags/subdag.py
[2021-11-24 13:40:55,701] {processor.py:634} WARNING - No viable dags retrieved from /home/dante/DWBI/Apache/py_env/lib/python3.8/site-packages/airflow/example_dags/subdags/subdag.py
[2021-11-24 13:40:55,704] {processor.py:171} INFO - Processing /home/dante/DWBI/Apache/py_env/lib/python3.8/site-packages/airflow/example_dags/subdags/subdag.py took 0.038 seconds
[2021-11-24 13:41:32,282] {processor.py:163} INFO - Started process (PID=49834) to work on /home/dante/DWBI/Apache/py_env/lib/python3.8/site-packages/airflow/example_dags/subdags/subdag.py
[2021-11-24 13:41:32,291] {processor.py:620} INFO - Processing file /home/dante/DWBI/Apache/py_env/lib/python3.8/site-packages/airflow/example_dags/subdags/subdag.py for tasks to queue
[2021-11-24 13:41:32,291] {logging_mixin.py:109} INFO - [2021-11-24 13:41:32,291] {dagbag.py:500} INFO - Filling up the DagBag from /home/dante/DWBI/Apache/py_env/lib/python3.8/site-packages/airflow/example_dags/subdags/subdag.py
[2021-11-24 13:41:32,302] {processor.py:634} WARNING - No viable dags retrieved from /home/dante/DWBI/Apache/py_env/lib/python3.8/site-packages/airflow/example_dags/subdags/subdag.py
[2021-11-24 13:41:32,304] {processor.py:171} INFO - Processing /home/dante/DWBI/Apache/py_env/lib/python3.8/site-packages/airflow/example_dags/subdags/subdag.py took 0.024 seconds
[2021-11-24 13:42:07,709] {processor.py:163} INFO - Started process (PID=49962) to work on /home/dante/DWBI/Apache/py_env/lib/python3.8/site-packages/airflow/example_dags/subdags/subdag.py
[2021-11-24 13:42:07,716] {processor.py:620} INFO - Processing file /home/dante/DWBI/Apache/py_env/lib/python3.8/site-packages/airflow/example_dags/subdags/subdag.py for tasks to queue
[2021-11-24 13:42:07,717] {logging_mixin.py:109} INFO - [2021-11-24 13:42:07,717] {dagbag.py:500} INFO - Filling up the DagBag from /home/dante/DWBI/Apache/py_env/lib/python3.8/site-packages/airflow/example_dags/subdags/subdag.py
[2021-11-24 13:42:07,727] {processor.py:634} WARNING - No viable dags retrieved from /home/dante/DWBI/Apache/py_env/lib/python3.8/site-packages/airflow/example_dags/subdags/subdag.py
[2021-11-24 13:42:07,728] {processor.py:171} INFO - Processing /home/dante/DWBI/Apache/py_env/lib/python3.8/site-packages/airflow/example_dags/subdags/subdag.py took 0.021 seconds
